1647876873: Warning: Unable to drop privileges to 'mosquitto' because this user does not exist. Trying 'nobody' instead.
1647876873: mosquitto version 2.0.14 starting
1647876873: Config loaded from /etc/mosquitto/mosquitto.conf.
1647876873: Opening ipv4 listen socket on port 1883.
1647876873: Opening ipv6 listen socket on port 1883.
1647876873: mosquitto version 2.0.14 running
1647876889: New connection from 130.188.160.11:50262 on port 1883.
1647876889: New client connected from 130.188.160.11:50262 as iotaul_5d5567fb (p2, c1, k60, u'px4').
1647876977: New connection from 130.188.160.13:39249 on port 1883.
1647876977: New client connected from 130.188.160.13:39249 as tester-pub (p2, c1, k60, u'px4').
TS2.1,1647876889.285191
/54321/drone001/attrs,TS2,1647876977.391964
/54321/drone001/attrs,TS2,1647876977.397858
/54321/drone001/attrs,TS2,1647876977.404345
/54321/drone001/attrs,TS2,1647876977.410825
/54321/drone001/attrs,TS2,1647876977.417274
/54321/drone001/attrs,TS2,1647876977.423687
/54321/drone001/attrs,TS2,1647876977.430218
/54321/drone001/attrs,TS2,1647876977.436742
/54321/drone001/attrs,TS2,1647876977.443246
/54321/drone001/attrs,TS2,1647876977.449819
/54321/drone001/attrs,TS2,1647876977.456322
/54321/drone001/attrs,TS2,1647876977.462882
/54321/drone001/attrs,TS2,1647876977.469434
/54321/drone001/attrs,TS2,1647876977.476001
/54321/drone001/attrs,TS2,1647876977.482420
/54321/drone001/attrs,TS2,1647876977.489054
/54321/drone001/attrs,TS2,1647876977.495578
/54321/drone001/attrs,TS2,1647876977.502146
/54321/drone001/attrs,TS2,1647876977.508718
/54321/drone001/attrs,TS2,1647876977.515271
/54321/drone001/attrs,TS2,1647876977.521800
/54321/drone001/attrs,TS2,1647876977.528204
/54321/drone001/attrs,TS2,1647876977.534785
/54321/drone001/attrs,TS2,1647876977.541573
/54321/drone001/attrs,TS2,1647876977.548063
/54321/drone001/attrs,TS2,1647876977.554670
/54321/drone001/attrs,TS2,1647876977.561186
/54321/drone001/attrs,TS2,1647876977.567811
/54321/drone001/attrs,TS2,1647876977.574305
/54321/drone001/attrs,TS2,1647876977.580986
/54321/drone001/attrs,TS2,1647876977.587398
/54321/drone001/attrs,TS2,1647876977.603493
/54321/drone001/attrs,TS2,1647876977.605813
/54321/drone001/attrs,TS2,1647876977.606856
/54321/drone001/attrs,TS2,1647876977.613513
/54321/drone001/attrs,TS2,1647876977.619966
/54321/drone001/attrs,TS2,1647876977.626590
/54321/drone001/attrs,TS2,1647876977.633132
/54321/drone001/attrs,TS2,1647876977.639699
/54321/drone001/attrs,TS2,1647876977.646238
/54321/drone001/attrs,TS2,1647876977.652793
/54321/drone001/attrs,TS2,1647876977.659337
/54321/drone001/attrs,TS2,1647876977.665833
/54321/drone001/attrs,TS2,1647876977.672483
/54321/drone001/attrs,TS2,1647876977.679036
/54321/drone001/attrs,TS2,1647876977.685613
/54321/drone001/attrs,TS2,1647876977.692160
/54321/drone001/attrs,TS2,1647876977.698684
/54321/drone001/attrs,TS2,1647876977.705332
/54321/drone001/attrs,TS2,1647876977.711834
/54321/drone001/attrs,TS2,1647876977.718399
/54321/drone001/attrs,TS2,1647876977.725030
/54321/drone001/attrs,TS2,1647876977.731437
/54321/drone001/attrs,TS2,1647876977.738093
/54321/drone001/attrs,TS2,1647876977.744608
/54321/drone001/attrs,TS2,1647876977.751089
/54321/drone001/attrs,TS2,1647876977.757685
/54321/drone001/attrs,TS2,1647876977.764197
/54321/drone001/attrs,TS2,1647876977.770712
/54321/drone001/attrs,TS2,1647876977.777284
/54321/drone001/attrs,TS2,1647876977.783887
/54321/drone001/attrs,TS2,1647876977.790442
/54321/drone001/attrs,TS2,1647876977.797038
/54321/drone001/attrs,TS2,1647876977.803563
/54321/drone001/attrs,TS2,1647876977.810037
/54321/drone001/attrs,TS2,1647876977.816662
/54321/drone001/attrs,TS2,1647876977.823128
/54321/drone001/attrs,TS2,1647876977.829737
/54321/drone001/attrs,TS2,1647876977.836350
/54321/drone001/attrs,TS2,1647876977.842854
/54321/drone001/attrs,TS2,1647876977.849341
/54321/drone001/attrs,TS2,1647876977.856046
/54321/drone001/attrs,TS2,1647876977.862615
/54321/drone001/attrs,TS2,1647876977.869145
/54321/drone001/attrs,TS2,1647876977.875610
/54321/drone001/attrs,TS2,1647876977.882052
/54321/drone001/attrs,TS2,1647876977.888723
/54321/drone001/attrs,TS2,1647876977.895257
/54321/drone001/attrs,TS2,1647876977.901789
/54321/drone001/attrs,TS2,1647876977.908408
/54321/drone001/attrs,TS2,1647876977.914805
/54321/drone001/attrs,TS2,1647876977.921497
/54321/drone001/attrs,TS2,1647876977.928002
/54321/drone001/attrs,TS2,1647876977.934573
/54321/drone001/attrs,TS2,1647876977.941205
/54321/drone001/attrs,TS2,1647876977.948247
/54321/drone001/attrs,TS2,1647876977.954178
/54321/drone001/attrs,TS2,1647876977.960957
/54321/drone001/attrs,TS2,1647876977.967157
/54321/drone001/attrs,TS2,1647876977.973958
/54321/drone001/attrs,TS2,1647876977.980539
/54321/drone001/attrs,TS2,1647876977.987048
/54321/drone001/attrs,TS2,1647876977.993631
/54321/drone001/attrs,TS2,1647876978.170
/54321/drone001/attrs,TS2,1647876978.6733
/54321/drone001/attrs,TS2,1647876978.14067
/54321/drone001/attrs,TS2,1647876978.20421
/54321/drone001/attrs,TS2,1647876978.26912
/54321/drone001/attrs,TS2,1647876978.33518
/54321/drone001/attrs,TS2,1647876978.40112
/54321/drone001/attrs,TS2,1647876978.50410
/54321/drone001/attrs,TS2,1647876978.57104
/54321/drone001/attrs,TS2,1647876978.63655
/54321/drone001/attrs,TS2,1647876978.70288
/54321/drone001/attrs,TS2,1647876978.76781
/54321/drone001/attrs,TS2,1647876978.83312
/54321/drone001/attrs,TS2,1647876978.89823
/54321/drone001/attrs,TS2,1647876978.96447
/54321/drone001/attrs,TS2,1647876978.103049
/54321/drone001/attrs,TS2,1647876978.109599
/54321/drone001/attrs,TS2,1647876978.116061
/54321/drone001/attrs,TS2,1647876978.122568
/54321/drone001/attrs,TS2,1647876978.129229
/54321/drone001/attrs,TS2,1647876978.135765
/54321/drone001/attrs,TS2,1647876978.142354
/54321/drone001/attrs,TS2,1647876978.148950
/54321/drone001/attrs,TS2,1647876978.155427
/54321/drone001/attrs,TS2,1647876978.162001
/54321/drone001/attrs,TS2,1647876978.168739
/54321/drone001/attrs,TS2,1647876978.175124
/54321/drone001/attrs,TS2,1647876978.181691
/54321/drone001/attrs,TS2,1647876978.188411
/54321/drone001/attrs,TS2,1647876978.194912
/54321/drone001/attrs,TS2,1647876978.201485
/54321/drone001/attrs,TS2,1647876978.208034
/54321/drone001/attrs,TS2,1647876978.214551
/54321/drone001/attrs,TS2,1647876978.221049
/54321/drone001/attrs,TS2,1647876978.227628
/54321/drone001/attrs,TS2,1647876978.233996
/54321/drone001/attrs,TS2,1647876978.240709
/54321/drone001/attrs,TS2,1647876978.247240
/54321/drone001/attrs,TS2,1647876978.253758
/54321/drone001/attrs,TS2,1647876978.260327
/54321/drone001/attrs,TS2,1647876978.266944
/54321/drone001/attrs,TS2,1647876978.274190
/54321/drone001/attrs,TS2,1647876978.280065
/54321/drone001/attrs,TS2,1647876978.286570
/54321/drone001/attrs,TS2,1647876978.293171
/54321/drone001/attrs,TS2,1647876978.299677
/54321/drone001/attrs,TS2,1647876978.306223
/54321/drone001/attrs,TS2,1647876978.312849
/54321/drone001/attrs,TS2,1647876978.319333
/54321/drone001/attrs,TS2,1647876978.325930
/54321/drone001/attrs,TS2,1647876978.332441
/54321/drone001/attrs,TS2,1647876978.339658
/54321/drone001/attrs,TS2,1647876978.346038
/54321/drone001/attrs,TS2,1647876978.352600
/54321/drone001/attrs,TS2,1647876978.359173
/54321/drone001/attrs,TS2,1647876978.374600
/54321/drone001/attrs,TS2,1647876978.375515
/54321/drone001/attrs,TS2,1647876978.378637
/54321/drone001/attrs,TS2,1647876978.385324
/54321/drone001/attrs,TS2,1647876978.391765
/54321/drone001/attrs,TS2,1647876978.398367
/54321/drone001/attrs,TS2,1647876978.404782
/54321/drone001/attrs,TS2,1647876978.411506
/54321/drone001/attrs,TS2,1647876978.418123
/54321/drone001/attrs,TS2,1647876978.424562
/54321/drone001/attrs,TS2,1647876978.431096
/54321/drone001/attrs,TS2,1647876978.437649
/54321/drone001/attrs,TS2,1647876978.444156
/54321/drone001/attrs,TS2,1647876978.450710
/54321/drone001/attrs,TS2,1647876978.457064
/54321/drone001/attrs,TS2,1647876978.463726
/54321/drone001/attrs,TS2,1647876978.470204
/54321/drone001/attrs,TS2,1647876978.476816
/54321/drone001/attrs,TS2,1647876978.483325
/54321/drone001/attrs,TS2,1647876978.489871
/54321/drone001/attrs,TS2,1647876978.496490
/54321/drone001/attrs,TS2,1647876978.503012
/54321/drone001/attrs,TS2,1647876978.509578
/54321/drone001/attrs,TS2,1647876978.515919
/54321/drone001/attrs,TS2,1647876978.522701
/54321/drone001/attrs,TS2,1647876978.529241
/54321/drone001/attrs,TS2,1647876978.535756
/54321/drone001/attrs,TS2,1647876978.542307
/54321/drone001/attrs,TS2,1647876978.548886
/54321/drone001/attrs,TS2,1647876978.555521
/54321/drone001/attrs,TS2,1647876978.562043
/54321/drone001/attrs,TS2,1647876978.568643
/54321/drone001/attrs,TS2,1647876978.575187
/54321/drone001/attrs,TS2,1647876978.581774
/54321/drone001/attrs,TS2,1647876978.588314
/54321/drone001/attrs,TS2,1647876978.594922
/54321/drone001/attrs,TS2,1647876978.601390
/54321/drone001/attrs,TS2,1647876978.608005
/54321/drone001/attrs,TS2,1647876978.614434
/54321/drone001/attrs,TS2,1647876978.621118
/54321/drone001/attrs,TS2,1647876978.627442
/54321/drone001/attrs,TS2,1647876978.634147
/54321/drone001/attrs,TS2,1647876978.640668
/54321/drone001/attrs,TS2,1647876978.647242
/54321/drone001/attrs,TS2,1647876978.653866
/54321/drone001/attrs,TS2,1647876978.660445
/54321/drone001/attrs,TS2,1647876978.667051
/54321/drone001/attrs,TS2,1647876978.673552
/54321/drone001/attrs,TS2,1647876978.680214
/54321/drone001/attrs,TS2,1647876978.686618
/54321/drone001/attrs,TS2,1647876978.693193
/54321/drone001/attrs,TS2,1647876978.699741
/54321/drone001/attrs,TS2,1647876978.706298
/54321/drone001/attrs,TS2,1647876978.712873
/54321/drone001/attrs,TS2,1647876978.719433
/54321/drone001/attrs,TS2,1647876978.725927
/54321/drone001/attrs,TS2,1647876978.732551
/54321/drone001/attrs,TS2,1647876978.738948
/54321/drone001/attrs,TS2,1647876978.745652
/54321/drone001/attrs,TS2,1647876978.752084
/54321/drone001/attrs,TS2,1647876978.758709
/54321/drone001/attrs,TS2,1647876978.765335
/54321/drone001/attrs,TS2,1647876978.771851
/54321/drone001/attrs,TS2,1647876978.778433
/54321/drone001/attrs,TS2,1647876978.784924
/54321/drone001/attrs,TS2,1647876978.791442
/54321/drone001/attrs,TS2,1647876978.798006
/54321/drone001/attrs,TS2,1647876978.804565
/54321/drone001/attrs,TS2,1647876978.811016
/54321/drone001/attrs,TS2,1647876978.817712
/54321/drone001/attrs,TS2,1647876978.824309
/54321/drone001/attrs,TS2,1647876978.830844
/54321/drone001/attrs,TS2,1647876978.837431
/54321/drone001/attrs,TS2,1647876978.843959
/54321/drone001/attrs,TS2,1647876978.850260
/54321/drone001/attrs,TS2,1647876978.857027
/54321/drone001/attrs,TS2,1647876978.863555
/54321/drone001/attrs,TS2,1647876978.870033
/54321/drone001/attrs,TS2,1647876978.876678
/54321/drone001/attrs,TS2,1647876978.883121
/54321/drone001/attrs,TS2,1647876978.889709
/54321/drone001/attrs,TS2,1647876978.896294
/54321/drone001/attrs,TS2,1647876978.902714
/54321/drone001/attrs,TS2,1647876978.909375
/54321/drone001/attrs,TS2,1647876978.916003
/54321/drone001/attrs,TS2,1647876978.922525
/54321/drone001/attrs,TS2,1647876978.929091
/54321/drone001/attrs,TS2,1647876978.935627
/54321/drone001/attrs,TS2,1647876978.942176
/54321/drone001/attrs,TS2,1647876978.948657
/54321/drone001/attrs,TS2,1647876978.955215
/54321/drone001/attrs,TS2,1647876978.961827
/54321/drone001/attrs,TS2,1647876978.968391
/54321/drone001/attrs,TS2,1647876978.974902
/54321/drone001/attrs,TS2,1647876978.981542
/54321/drone001/attrs,TS2,1647876978.988090
/54321/drone001/attrs,TS2,1647876978.994628
/54321/drone001/attrs,TS2,1647876979.1178
/54321/drone001/attrs,TS2,1647876979.7422
/54321/drone001/attrs,TS2,1647876979.14345
/54321/drone001/attrs,TS2,1647876979.20993
/54321/drone001/attrs,TS2,1647876979.27426
/54321/drone001/attrs,TS2,1647876979.33980
/54321/drone001/attrs,TS2,1647876979.40555
/54321/drone001/attrs,TS2,1647876979.47091
/54321/drone001/attrs,TS2,1647876979.53707
/54321/drone001/attrs,TS2,1647876979.60247
/54321/drone001/attrs,TS2,1647876979.66798
/54321/drone001/attrs,TS2,1647876979.73383
/54321/drone001/attrs,TS2,1647876979.79923
/54321/drone001/attrs,TS2,1647876979.86521
/54321/drone001/attrs,TS2,1647876979.93087
/54321/drone001/attrs,TS2,1647876979.99637
/54321/drone001/attrs,TS2,1647876979.106151
/54321/drone001/attrs,TS2,1647876979.112731
/54321/drone001/attrs,TS2,1647876979.119297
/54321/drone001/attrs,TS2,1647876979.125942
/54321/drone001/attrs,TS2,1647876979.132602
/54321/drone001/attrs,TS2,1647876979.139104
/54321/drone001/attrs,TS2,1647876979.145653
/54321/drone001/attrs,TS2,1647876979.152207
/54321/drone001/attrs,TS2,1647876979.158696
/54321/drone001/attrs,TS2,1647876979.165381
/54321/drone001/attrs,TS2,1647876979.171880
/54321/drone001/attrs,TS2,1647876979.178490
/54321/drone001/attrs,TS2,1647876979.185056
/54321/drone001/attrs,TS2,1647876979.191617
/54321/drone001/attrs,TS2,1647876979.198185
/54321/drone001/attrs,TS2,1647876979.204746
/54321/drone001/attrs,TS2,1647876979.211296
/54321/drone001/attrs,TS2,1647876979.217857
/54321/drone001/attrs,TS2,1647876979.224430
/54321/drone001/attrs,TS2,1647876979.231041
/54321/drone001/attrs,TS2,1647876979.237526
/54321/drone001/attrs,TS2,1647876979.244006
/54321/drone001/attrs,TS2,1647876979.251480
/54321/drone001/attrs,TS2,1647876979.257702
/54321/drone001/attrs,TS2,1647876979.264035
/54321/drone001/attrs,TS2,1647876979.270701
/54321/drone001/attrs,TS2,1647876979.277280
/54321/drone001/attrs,TS2,1647876979.283842
/54321/drone001/attrs,TS2,1647876979.290427
/54321/drone001/attrs,TS2,1647876979.297037
/54321/drone001/attrs,TS2,1647876979.303587
/54321/drone001/attrs,TS2,1647876979.310051
/54321/drone001/attrs,TS2,1647876979.316725
/54321/drone001/attrs,TS2,1647876979.323221
/54321/drone001/attrs,TS2,1647876979.329818
/54321/drone001/attrs,TS2,1647876979.336380
/54321/drone001/attrs,TS2,1647876979.342999
/54321/drone001/attrs,TS2,1647876979.349539
/54321/drone001/attrs,TS2,1647876979.356021
/54321/drone001/attrs,TS2,1647876979.362618
/54321/drone001/attrs,TS2,1647876979.369164
/54321/drone001/attrs,TS2,1647876979.375733
/54321/drone001/attrs,TS2,1647876979.382247
/54321/drone001/attrs,TS2,1647876979.388858
/54321/drone001/attrs,TS2,1647876979.395409
/54321/drone001/attrs,TS2,1647876979.402011
/54321/drone001/attrs,TS2,1647876979.408559
/54321/drone001/attrs,TS2,1647876979.415073
/54321/drone001/attrs,TS2,1647876979.421629
/54321/drone001/attrs,TS2,1647876979.428175
/54321/drone001/attrs,TS2,1647876979.434736
/54321/drone001/attrs,TS2,1647876979.441093
/54321/drone001/attrs,TS2,1647876979.447793
/54321/drone001/attrs,TS2,1647876979.454428
/54321/drone001/attrs,TS2,1647876979.460977
/54321/drone001/attrs,TS2,1647876979.467562
/54321/drone001/attrs,TS2,1647876979.474128
/54321/drone001/attrs,TS2,1647876979.480691
/54321/drone001/attrs,TS2,1647876979.487168
/54321/drone001/attrs,TS2,1647876979.493754
/54321/drone001/attrs,TS2,1647876979.500367
/54321/drone001/attrs,TS2,1647876979.506873
/54321/drone001/attrs,TS2,1647876979.513379
/54321/drone001/attrs,TS2,1647876979.519974
/54321/drone001/attrs,TS2,1647876979.526582
/54321/drone001/attrs,TS2,1647876979.533131
/54321/drone001/attrs,TS2,1647876979.539555
/54321/drone001/attrs,TS2,1647876979.546179
/54321/drone001/attrs,TS2,1647876979.552732
/54321/drone001/attrs,TS2,1647876979.559252
/54321/drone001/attrs,TS2,1647876979.565858
/54321/drone001/attrs,TS2,1647876979.572312
/54321/drone001/attrs,TS2,1647876979.578923
/54321/drone001/attrs,TS2,1647876979.585484
/54321/drone001/attrs,TS2,1647876979.591935
/54321/drone001/attrs,TS2,1647876979.598595
/54321/drone001/attrs,TS2,1647876979.605109
/54321/drone001/attrs,TS2,1647876979.611714
/54321/drone001/attrs,TS2,1647876979.618210
/54321/drone001/attrs,TS2,1647876979.624832
/54321/drone001/attrs,TS2,1647876979.631360
/54321/drone001/attrs,TS2,1647876979.637930
/54321/drone001/attrs,TS2,1647876979.644495
/54321/drone001/attrs,TS2,1647876979.651145
/54321/drone001/attrs,TS2,1647876979.657560
/54321/drone001/attrs,TS2,1647876979.664163
/54321/drone001/attrs,TS2,1647876979.670757
/54321/drone001/attrs,TS2,1647876979.677344
/54321/drone001/attrs,TS2,1647876979.683915
/54321/drone001/attrs,TS2,1647876979.690451
/54321/drone001/attrs,TS2,1647876979.697035
/54321/drone001/attrs,TS2,1647876979.703551
/54321/drone001/attrs,TS2,1647876979.710056
/54321/drone001/attrs,TS2,1647876979.716652
/54321/drone001/attrs,TS2,1647876979.723172
/54321/drone001/attrs,TS2,1647876979.729750
/54321/drone001/attrs,TS2,1647876979.736389
/54321/drone001/attrs,TS2,1647876979.742954
/54321/drone001/attrs,TS2,1647876979.749609
/54321/drone001/attrs,TS2,1647876979.756075
/54321/drone001/attrs,TS2,1647876979.762618
/54321/drone001/attrs,TS2,1647876979.769189
/54321/drone001/attrs,TS2,1647876979.775749
/54321/drone001/attrs,TS2,1647876979.782327
/54321/drone001/attrs,TS2,1647876979.788887
/54321/drone001/attrs,TS2,1647876979.795382
/54321/drone001/attrs,TS2,1647876979.801971
/54321/drone001/attrs,TS2,1647876979.808570
/54321/drone001/attrs,TS2,1647876979.815050
/54321/drone001/attrs,TS2,1647876979.821616
/54321/drone001/attrs,TS2,1647876979.828140
/54321/drone001/attrs,TS2,1647876979.834713
/54321/drone001/attrs,TS2,1647876979.841280
/54321/drone001/attrs,TS2,1647876979.847662
/54321/drone001/attrs,TS2,1647876979.854413
/54321/drone001/attrs,TS2,1647876979.861075
/54321/drone001/attrs,TS2,1647876979.867543
/54321/drone001/attrs,TS2,1647876979.874094
/54321/drone001/attrs,TS2,1647876979.880350
/54321/drone001/attrs,TS2,1647876979.887152
/54321/drone001/attrs,TS2,1647876979.893703
/54321/drone001/attrs,TS2,1647876979.900275
/54321/drone001/attrs,TS2,1647876979.906846
/54321/drone001/attrs,TS2,1647876979.913385
/54321/drone001/attrs,TS2,1647876979.919948
/54321/drone001/attrs,TS2,1647876979.926492
/54321/drone001/attrs,TS2,1647876979.933039
/54321/drone001/attrs,TS2,1647876979.939626
/54321/drone001/attrs,TS2,1647876979.946158
/54321/drone001/attrs,TS2,1647876979.952710
/54321/drone001/attrs,TS2,1647876979.959243
/54321/drone001/attrs,TS2,1647876979.965811
/54321/drone001/attrs,TS2,1647876979.972360
/54321/drone001/attrs,TS2,1647876979.978901
/54321/drone001/attrs,TS2,1647876979.985526
/54321/drone001/attrs,TS2,1647876979.991988
/54321/drone001/attrs,TS2,1647876979.998535
/54321/drone001/attrs,TS2,1647876980.5157
/54321/drone001/attrs,TS2,1647876980.11574
/54321/drone001/attrs,TS2,1647876980.18177
/54321/drone001/attrs,TS2,1647876980.24827
/54321/drone001/attrs,TS2,1647876980.31305
/54321/drone001/attrs,TS2,1647876980.37714
/54321/drone001/attrs,TS2,1647876980.44505
/54321/drone001/attrs,TS2,1647876980.51013
/54321/drone001/attrs,TS2,1647876980.57567
/54321/drone001/attrs,TS2,1647876980.64121
/54321/drone001/attrs,TS2,1647876980.70646
/54321/drone001/attrs,TS2,1647876980.77193
/54321/drone001/attrs,TS2,1647876980.83618
/54321/drone001/attrs,TS2,1647876980.90271
/54321/drone001/attrs,TS2,1647876980.96703
/54321/drone001/attrs,TS2,1647876980.103352
/54321/drone001/attrs,TS2,1647876980.109835
/54321/drone001/attrs,TS2,1647876980.116508
/54321/drone001/attrs,TS2,1647876980.123054
/54321/drone001/attrs,TS2,1647876980.129538
/54321/drone001/attrs,TS2,1647876980.136090
/54321/drone001/attrs,TS2,1647876980.142643
/54321/drone001/attrs,TS2,1647876980.149181
/54321/drone001/attrs,TS2,1647876980.155730
/54321/drone001/attrs,TS2,1647876980.163095
/54321/drone001/attrs,TS2,1647876980.169426
/54321/drone001/attrs,TS2,1647876980.175914
/54321/drone001/attrs,TS2,1647876980.182583
/54321/drone001/attrs,TS2,1647876980.189153
/54321/drone001/attrs,TS2,1647876980.195683
/54321/drone001/attrs,TS2,1647876980.202215
/54321/drone001/attrs,TS2,1647876980.208626
/54321/drone001/attrs,TS2,1647876980.215380
/54321/drone001/attrs,TS2,1647876980.221906
/54321/drone001/attrs,TS2,1647876980.228411
/54321/drone001/attrs,TS2,1647876980.234985
/54321/drone001/attrs,TS2,1647876980.241560
/54321/drone001/attrs,TS2,1647876980.248137
/54321/drone001/attrs,TS2,1647876980.254681
/54321/drone001/attrs,TS2,1647876980.261174
/54321/drone001/attrs,TS2,1647876980.267732
/54321/drone001/attrs,TS2,1647876980.274273
/54321/drone001/attrs,TS2,1647876980.280784
/54321/drone001/attrs,TS2,1647876980.287424
/54321/drone001/attrs,TS2,1647876980.293862
/54321/drone001/attrs,TS2,1647876980.300559
/54321/drone001/attrs,TS2,1647876980.307089
/54321/drone001/attrs,TS2,1647876980.313633
/54321/drone001/attrs,TS2,1647876980.320229
/54321/drone001/attrs,TS2,1647876980.326732
/54321/drone001/attrs,TS2,1647876980.333103
/54321/drone001/attrs,TS2,1647876980.339826
/54321/drone001/attrs,TS2,1647876980.346367
/54321/drone001/attrs,TS2,1647876980.352966
/54321/drone001/attrs,TS2,1647876980.359504
/54321/drone001/attrs,TS2,1647876980.366085
/54321/drone001/attrs,TS2,1647876980.372709
/54321/drone001/attrs,TS2,1647876980.379296
/54321/drone001/attrs,TS2,1647876980.385798
/54321/drone001/attrs,TS2,1647876980.392431
/54321/drone001/attrs,TS2,1647876980.399011
/54321/drone001/attrs,TS2,1647876980.405596
/54321/drone001/attrs,TS2,1647876980.411889
/54321/drone001/attrs,TS2,1647876980.418720
/54321/drone001/attrs,TS2,1647876980.425280
/54321/drone001/attrs,TS2,1647876980.431715
/54321/drone001/attrs,TS2,1647876980.438440
/54321/drone001/attrs,TS2,1647876980.445055
/54321/drone001/attrs,TS2,1647876980.451404
/54321/drone001/attrs,TS2,1647876980.458125
/54321/drone001/attrs,TS2,1647876980.464684
/54321/drone001/attrs,TS2,1647876980.471293
/54321/drone001/attrs,TS2,1647876980.477691
/54321/drone001/attrs,TS2,1647876980.484310
/54321/drone001/attrs,TS2,1647876980.491073
/54321/drone001/attrs,TS2,1647876980.497438
/54321/drone001/attrs,TS2,1647876980.504075
/54321/drone001/attrs,TS2,1647876980.510572
/54321/drone001/attrs,TS2,1647876980.517164
/54321/drone001/attrs,TS2,1647876980.523895
/54321/drone001/attrs,TS2,1647876980.530444
/54321/drone001/attrs,TS2,1647876980.537035
/54321/drone001/attrs,TS2,1647876980.543562
/54321/drone001/attrs,TS2,1647876980.549897
/54321/drone001/attrs,TS2,1647876980.556708
/54321/drone001/attrs,TS2,1647876980.563276
/54321/drone001/attrs,TS2,1647876980.569898
/54321/drone001/attrs,TS2,1647876980.576452
/54321/drone001/attrs,TS2,1647876980.583010
/54321/drone001/attrs,TS2,1647876980.589605
/54321/drone001/attrs,TS2,1647876980.596119
/54321/drone001/attrs,TS2,1647876980.602662
/54321/drone001/attrs,TS2,1647876980.609247
/54321/drone001/attrs,TS2,1647876980.615775
/54321/drone001/attrs,TS2,1647876980.622303
/54321/drone001/attrs,TS2,1647876980.628874
/54321/drone001/attrs,TS2,1647876980.635406
/54321/drone001/attrs,TS2,1647876980.641984
/54321/drone001/attrs,TS2,1647876980.648588
/54321/drone001/attrs,TS2,1647876980.654901
/54321/drone001/attrs,TS2,1647876980.661616
/54321/drone001/attrs,TS2,1647876980.668185
/54321/drone001/attrs,TS2,1647876980.674817
/54321/drone001/attrs,TS2,1647876980.681386
/54321/drone001/attrs,TS2,1647876980.687972
/54321/drone001/attrs,TS2,1647876980.694553
/54321/drone001/attrs,TS2,1647876980.701183
/54321/drone001/attrs,TS2,1647876980.707684
/54321/drone001/attrs,TS2,1647876980.714165
/54321/drone001/attrs,TS2,1647876980.720822
/54321/drone001/attrs,TS2,1647876980.727355
/54321/drone001/attrs,TS2,1647876980.733961
/54321/drone001/attrs,TS2,1647876980.740608
/54321/drone001/attrs,TS2,1647876980.747135
/54321/drone001/attrs,TS2,1647876980.753666
/54321/drone001/attrs,TS2,1647876980.760149
/54321/drone001/attrs,TS2,1647876980.766739
/54321/drone001/attrs,TS2,1647876980.773276
/54321/drone001/attrs,TS2,1647876980.779803
/54321/drone001/attrs,TS2,1647876980.786334
/54321/drone001/attrs,TS2,1647876980.792957
/54321/drone001/attrs,TS2,1647876980.799413
/54321/drone001/attrs,TS2,1647876980.805976
/54321/drone001/attrs,TS2,1647876980.812498
/54321/drone001/attrs,TS2,1647876980.819034
/54321/drone001/attrs,TS2,1647876980.825605
/54321/drone001/attrs,TS2,1647876980.832109
/54321/drone001/attrs,TS2,1647876980.838728
/54321/drone001/attrs,TS2,1647876980.845273
/54321/drone001/attrs,TS2,1647876980.851756
/54321/drone001/attrs,TS2,1647876980.858364
/54321/drone001/attrs,TS2,1647876980.864955
/54321/drone001/attrs,TS2,1647876980.871416
/54321/drone001/attrs,TS2,1647876980.878032
/54321/drone001/attrs,TS2,1647876980.884589
/54321/drone001/attrs,TS2,1647876980.891139
/54321/drone001/attrs,TS2,1647876980.897755
/54321/drone001/attrs,TS2,1647876980.904345
/54321/drone001/attrs,TS2,1647876980.910975
/54321/drone001/attrs,TS2,1647876980.917502
/54321/drone001/attrs,TS2,1647876980.923968
/54321/drone001/attrs,TS2,1647876980.930568
/54321/drone001/attrs,TS2,1647876980.937103
/54321/drone001/attrs,TS2,1647876980.944207
/54321/drone001/attrs,TS2,1647876980.950229
/54321/drone001/attrs,TS2,1647876980.956748
/54321/drone001/attrs,TS2,1647876980.963277
/54321/drone001/attrs,TS2,1647876980.969846
/54321/drone001/attrs,TS2,1647876980.976535
/54321/drone001/attrs,TS2,1647876980.983063
/54321/drone001/attrs,TS2,1647876980.989736
/54321/drone001/attrs,TS2,1647876980.996435
/54321/drone001/attrs,TS2,1647876981.2972
/54321/drone001/attrs,TS2,1647876981.9430
/54321/drone001/attrs,TS2,1647876981.16046
/54321/drone001/attrs,TS2,1647876981.22671
/54321/drone001/attrs,TS2,1647876981.29227
/54321/drone001/attrs,TS2,1647876981.35791
/54321/drone001/attrs,TS2,1647876981.42282
/54321/drone001/attrs,TS2,1647876981.48941
/54321/drone001/attrs,TS2,1647876981.55411
/54321/drone001/attrs,TS2,1647876981.61947
/54321/drone001/attrs,TS2,1647876981.68591
/54321/drone001/attrs,TS2,1647876981.75096
/54321/drone001/attrs,TS2,1647876981.81713
/54321/drone001/attrs,TS2,1647876981.88370
/54321/drone001/attrs,TS2,1647876981.94884
/54321/drone001/attrs,TS2,1647876981.101491
/54321/drone001/attrs,TS2,1647876981.108136
/54321/drone001/attrs,TS2,1647876981.114630
/54321/drone001/attrs,TS2,1647876981.121119
/54321/drone001/attrs,TS2,1647876981.127849
/54321/drone001/attrs,TS2,1647876981.134388
/54321/drone001/attrs,TS2,1647876981.140926
/54321/drone001/attrs,TS2,1647876981.147530
/54321/drone001/attrs,TS2,1647876981.154166
/54321/drone001/attrs,TS2,1647876981.160691
/54321/drone001/attrs,TS2,1647876981.167243
/54321/drone001/attrs,TS2,1647876981.173808
/54321/drone001/attrs,TS2,1647876981.180437
/54321/drone001/attrs,TS2,1647876981.186921
/54321/drone001/attrs,TS2,1647876981.193449
/54321/drone001/attrs,TS2,1647876981.200060
/54321/drone001/attrs,TS2,1647876981.206566
/54321/drone001/attrs,TS2,1647876981.213132
/54321/drone001/attrs,TS2,1647876981.219657
/54321/drone001/attrs,TS2,1647876981.226125
/54321/drone001/attrs,TS2,1647876981.232805
/54321/drone001/attrs,TS2,1647876981.239484
/54321/drone001/attrs,TS2,1647876981.245712
/54321/drone001/attrs,TS2,1647876981.252634
/54321/drone001/attrs,TS2,1647876981.259131
/54321/drone001/attrs,TS2,1647876981.265719
/54321/drone001/attrs,TS2,1647876981.272174
/54321/drone001/attrs,TS2,1647876981.278881
/54321/drone001/attrs,TS2,1647876981.285435
/54321/drone001/attrs,TS2,1647876981.291951
/54321/drone001/attrs,TS2,1647876981.298553
/54321/drone001/attrs,TS2,1647876981.305137
/54321/drone001/attrs,TS2,1647876981.311707
/54321/drone001/attrs,TS2,1647876981.318040
/54321/drone001/attrs,TS2,1647876981.324794
/54321/drone001/attrs,TS2,1647876981.331387
/54321/drone001/attrs,TS2,1647876981.337716
/54321/drone001/attrs,TS2,1647876981.344575
/54321/drone001/attrs,TS2,1647876981.351093
/54321/drone001/attrs,TS2,1647876981.357675
/54321/drone001/attrs,TS2,1647876981.364179
/54321/drone001/attrs,TS2,1647876981.370679
/54321/drone001/attrs,TS2,1647876981.377237
/54321/drone001/attrs,TS2,1647876981.383595
/54321/drone001/attrs,TS2,1647876981.390408
/54321/drone001/attrs,TS2,1647876981.396806
/54321/drone001/attrs,TS2,1647876981.403340
/54321/drone001/attrs,TS2,1647876981.409860
/54321/drone001/attrs,TS2,1647876981.416586
/54321/drone001/attrs,TS2,1647876981.423021
/54321/drone001/attrs,TS2,1647876981.429694
/54321/drone001/attrs,TS2,1647876981.436050
/54321/drone001/attrs,TS2,1647876981.442860
/54321/drone001/attrs,TS2,1647876981.449431
/54321/drone001/attrs,TS2,1647876981.456053
/54321/drone001/attrs,TS2,1647876981.462550
/54321/drone001/attrs,TS2,1647876981.469120
/54321/drone001/attrs,TS2,1647876981.475682
/54321/drone001/attrs,TS2,1647876981.482104
/54321/drone001/attrs,TS2,1647876981.488748
/54321/drone001/attrs,TS2,1647876981.495684
/54321/drone001/attrs,TS2,1647876981.501894
/54321/drone001/attrs,TS2,1647876981.508518
/54321/drone001/attrs,TS2,1647876981.515077
/54321/drone001/attrs,TS2,1647876981.521603
/54321/drone001/attrs,TS2,1647876981.528146
/54321/drone001/attrs,TS2,1647876981.534852
/54321/drone001/attrs,TS2,1647876981.541299
/54321/drone001/attrs,TS2,1647876981.547943
/54321/drone001/attrs,TS2,1647876981.554496
/54321/drone001/attrs,TS2,1647876981.561005
/54321/drone001/attrs,TS2,1647876981.567381
/54321/drone001/attrs,TS2,1647876981.574187
/54321/drone001/attrs,TS2,1647876981.580806
/54321/drone001/attrs,TS2,1647876981.587345
/54321/drone001/attrs,TS2,1647876981.593876
/54321/drone001/attrs,TS2,1647876981.600387
/54321/drone001/attrs,TS2,1647876981.606851
/54321/drone001/attrs,TS2,1647876981.613627
/54321/drone001/attrs,TS2,1647876981.620136
/54321/drone001/attrs,TS2,1647876981.626721
/54321/drone001/attrs,TS2,1647876981.633124
/54321/drone001/attrs,TS2,1647876981.639598
/54321/drone001/attrs,TS2,1647876981.646586
/54321/drone001/attrs,TS2,1647876981.653104
/54321/drone001/attrs,TS2,1647876981.659324
/54321/drone001/attrs,TS2,1647876981.666158
/54321/drone001/attrs,TS2,1647876981.672740
/54321/drone001/attrs,TS2,1647876981.679222
/54321/drone001/attrs,TS2,1647876981.685716
/54321/drone001/attrs,TS2,1647876981.692410
/54321/drone001/attrs,TS2,1647876981.698685
/54321/drone001/attrs,TS2,1647876981.705610
/54321/drone001/attrs,TS2,1647876981.711851
/54321/drone001/attrs,TS2,1647876981.718601
/54321/drone001/attrs,TS2,1647876981.725777
/54321/drone001/attrs,TS2,1647876981.731649
/54321/drone001/attrs,TS2,1647876981.738061
/54321/drone001/attrs,TS2,1647876981.744685
/54321/drone001/attrs,TS2,1647876981.751353
/54321/drone001/attrs,TS2,1647876981.757960
/54321/drone001/attrs,TS2,1647876981.764507
/54321/drone001/attrs,TS2,1647876981.771110
/54321/drone001/attrs,TS2,1647876981.777682
/54321/drone001/attrs,TS2,1647876981.784005
/54321/drone001/attrs,TS2,1647876981.791217
/54321/drone001/attrs,TS2,1647876981.797845
/54321/drone001/attrs,TS2,1647876981.804357
/54321/drone001/attrs,TS2,1647876981.810878
/54321/drone001/attrs,TS2,1647876981.817452
/54321/drone001/attrs,TS2,1647876981.823972
/54321/drone001/attrs,TS2,1647876981.830622
/54321/drone001/attrs,TS2,1647876981.837177
/54321/drone001/attrs,TS2,1647876981.843554
/54321/drone001/attrs,TS2,1647876981.849994
/54321/drone001/attrs,TS2,1647876981.856664
/54321/drone001/attrs,TS2,1647876981.863306
/54321/drone001/attrs,TS2,1647876981.869798
/54321/drone001/attrs,TS2,1647876981.876409
/54321/drone001/attrs,TS2,1647876981.882831
/54321/drone001/attrs,TS2,1647876981.889505
/54321/drone001/attrs,TS2,1647876981.896033
/54321/drone001/attrs,TS2,1647876981.902442
/54321/drone001/attrs,TS2,1647876981.909124
/54321/drone001/attrs,TS2,1647876981.915450
/54321/drone001/attrs,TS2,1647876981.922167
/54321/drone001/attrs,TS2,1647876981.928612
/54321/drone001/attrs,TS2,1647876981.935306
/54321/drone001/attrs,TS2,1647876981.941831
/54321/drone001/attrs,TS2,1647876981.948405
/54321/drone001/attrs,TS2,1647876981.955002
/54321/drone001/attrs,TS2,1647876981.961493
/54321/drone001/attrs,TS2,1647876981.968060
/54321/drone001/attrs,TS2,1647876981.974818
/54321/drone001/attrs,TS2,1647876981.981194
/54321/drone001/attrs,TS2,1647876981.987693
/54321/drone001/attrs,TS2,1647876981.994231
/54321/drone001/attrs,TS2,1647876982.1036
/54321/drone001/attrs,TS2,1647876982.7566
/54321/drone001/attrs,TS2,1647876982.14054
/54321/drone001/attrs,TS2,1647876982.20705
/54321/drone001/attrs,TS2,1647876982.27220
/54321/drone001/attrs,TS2,1647876982.33764
/54321/drone001/attrs,TS2,1647876982.40437
/54321/drone001/attrs,TS2,1647876982.46979
/54321/drone001/attrs,TS2,1647876982.53415
/54321/drone001/attrs,TS2,1647876982.59978
/54321/drone001/attrs,TS2,1647876982.66525
/54321/drone001/attrs,TS2,1647876982.73109
/54321/drone001/attrs,TS2,1647876982.79652
/54321/drone001/attrs,TS2,1647876982.86296
/54321/drone001/attrs,TS2,1647876982.93040
/54321/drone001/attrs,TS2,1647876982.99513
/54321/drone001/attrs,TS2,1647876982.106174
/54321/drone001/attrs,TS2,1647876982.112628
/54321/drone001/attrs,TS2,1647876982.119175
/54321/drone001/attrs,TS2,1647876982.125749
/54321/drone001/attrs,TS2,1647876982.132414
/54321/drone001/attrs,TS2,1647876982.139039
/54321/drone001/attrs,TS2,1647876982.145405
/54321/drone001/attrs,TS2,1647876982.152034
/54321/drone001/attrs,TS2,1647876982.158612
/54321/drone001/attrs,TS2,1647876982.165122
/54321/drone001/attrs,TS2,1647876982.171597
/54321/drone001/attrs,TS2,1647876982.178359
/54321/drone001/attrs,TS2,1647876982.184855
/54321/drone001/attrs,TS2,1647876982.191393
/54321/drone001/attrs,TS2,1647876982.197920
/54321/drone001/attrs,TS2,1647876982.204638
/54321/drone001/attrs,TS2,1647876982.211104
/54321/drone001/attrs,TS2,1647876982.217741
/54321/drone001/attrs,TS2,1647876982.224188
/54321/drone001/attrs,TS2,1647876982.230755
/54321/drone001/attrs,TS2,1647876982.237453
/54321/drone001/attrs,TS2,1647876982.243828
/54321/drone001/attrs,TS2,1647876982.250439
/54321/drone001/attrs,TS2,1647876982.257135
/54321/drone001/attrs,TS2,1647876982.263659
/54321/drone001/attrs,TS2,1647876982.270071
/54321/drone001/attrs,TS2,1647876982.276782
/54321/drone001/attrs,TS2,1647876982.283244
/54321/drone001/attrs,TS2,1647876982.289759
/54321/drone001/attrs,TS2,1647876982.296406
/54321/drone001/attrs,TS2,1647876982.303092
/54321/drone001/attrs,TS2,1647876982.316720
/54321/drone001/attrs,TS2,1647876982.317933
/54321/drone001/attrs,TS2,1647876982.322649
/54321/drone001/attrs,TS2,1647876982.329175
/54321/drone001/attrs,TS2,1647876982.335853
/54321/drone001/attrs,TS2,1647876982.342369
/54321/drone001/attrs,TS2,1647876982.348975
/54321/drone001/attrs,TS2,1647876982.355499
/54321/drone001/attrs,TS2,1647876982.362124
/54321/drone001/attrs,TS2,1647876982.368577
/54321/drone001/attrs,TS2,1647876982.375106
/54321/drone001/attrs,TS2,1647876982.381613
/54321/drone001/attrs,TS2,1647876982.388171
/54321/drone001/attrs,TS2,1647876982.394733
/54321/drone001/attrs,TS2,1647876982.401356
/54321/drone001/attrs,TS2,1647876982.407815
/54321/drone001/attrs,TS2,1647876982.414393
/54321/drone001/attrs,TS2,1647876982.421070
/54321/drone001/attrs,TS2,1647876982.427432
/54321/drone001/attrs,TS2,1647876982.434100
/54321/drone001/attrs,TS2,1647876982.440729
/54321/drone001/attrs,TS2,1647876982.448007
/54321/drone001/attrs,TS2,1647876982.453753
/54321/drone001/attrs,TS2,1647876982.460624
/54321/drone001/attrs,TS2,1647876982.467315
/54321/drone001/attrs,TS2,1647876982.473692
/54321/drone001/attrs,TS2,1647876982.480253
/54321/drone001/attrs,TS2,1647876982.486732
/54321/drone001/attrs,TS2,1647876982.493169
/54321/drone001/attrs,TS2,1647876982.500293
/54321/drone001/attrs,TS2,1647876982.506890
/54321/drone001/attrs,TS2,1647876982.513153
/54321/drone001/attrs,TS2,1647876982.519816
/54321/drone001/attrs,TS2,1647876982.526643
/54321/drone001/attrs,TS2,1647876982.533128
/54321/drone001/attrs,TS2,1647876982.539767
/54321/drone001/attrs,TS2,1647876982.546106
/54321/drone001/attrs,TS2,1647876982.552866
/54321/drone001/attrs,TS2,1647876982.559373
/54321/drone001/attrs,TS2,1647876982.565741
/54321/drone001/attrs,TS2,1647876982.572647
/54321/drone001/attrs,TS2,1647876982.579241
/54321/drone001/attrs,TS2,1647876982.586044
/54321/drone001/attrs,TS2,1647876982.592535
/54321/drone001/attrs,TS2,1647876982.599028
/54321/drone001/attrs,TS2,1647876982.605750
/54321/drone001/attrs,TS2,1647876982.612217
/54321/drone001/attrs,TS2,1647876982.618595
/54321/drone001/attrs,TS2,1647876982.625382
/54321/drone001/attrs,TS2,1647876982.631811
/54321/drone001/attrs,TS2,1647876982.638404
/54321/drone001/attrs,TS2,1647876982.645354
/54321/drone001/attrs,TS2,1647876982.652052
/54321/drone001/attrs,TS2,1647876982.658543
/54321/drone001/attrs,TS2,1647876982.665088
/54321/drone001/attrs,TS2,1647876982.671840
/54321/drone001/attrs,TS2,1647876982.678329
/54321/drone001/attrs,TS2,1647876982.684987
/54321/drone001/attrs,TS2,1647876982.691381
/54321/drone001/attrs,TS2,1647876982.698031
/54321/drone001/attrs,TS2,1647876982.704655
/54321/drone001/attrs,TS2,1647876982.711189
/54321/drone001/attrs,TS2,1647876982.717757
/54321/drone001/attrs,TS2,1647876982.724288
/54321/drone001/attrs,TS2,1647876982.730839
/54321/drone001/attrs,TS2,1647876982.737290
/54321/drone001/attrs,TS2,1647876982.743909
/54321/drone001/attrs,TS2,1647876982.750454
/54321/drone001/attrs,TS2,1647876982.757119
/54321/drone001/attrs,TS2,1647876982.763655
/54321/drone001/attrs,TS2,1647876982.769982
/54321/drone001/attrs,TS2,1647876982.776724
/54321/drone001/attrs,TS2,1647876982.783209
/54321/drone001/attrs,TS2,1647876982.789728
/54321/drone001/attrs,TS2,1647876982.796377
/54321/drone001/attrs,TS2,1647876982.802887
/54321/drone001/attrs,TS2,1647876982.809438
/54321/drone001/attrs,TS2,1647876982.816036
/54321/drone001/attrs,TS2,1647876982.822644
/54321/drone001/attrs,TS2,1647876982.829132
/54321/drone001/attrs,TS2,1647876982.835685
/54321/drone001/attrs,TS2,1647876982.842329
/54321/drone001/attrs,TS2,1647876982.848717
/54321/drone001/attrs,TS2,1647876982.855315
/54321/drone001/attrs,TS2,1647876982.861743
/54321/drone001/attrs,TS2,1647876982.868536
/54321/drone001/attrs,TS2,1647876982.875064
/54321/drone001/attrs,TS2,1647876982.881567
/54321/drone001/attrs,TS2,1647876982.888003
/54321/drone001/attrs,TS2,1647876982.894724
/54321/drone001/attrs,TS2,1647876982.901280
/54321/drone001/attrs,TS2,1647876982.907823
/54321/drone001/attrs,TS2,1647876982.914420
/54321/drone001/attrs,TS2,1647876982.921129
/54321/drone001/attrs,TS2,1647876982.927708
/54321/drone001/attrs,TS2,1647876982.933850
/54321/drone001/attrs,TS2,1647876982.940609
/54321/drone001/attrs,TS2,1647876982.947122
/54321/drone001/attrs,TS2,1647876982.953765
/54321/drone001/attrs,TS2,1647876982.960359
/54321/drone001/attrs,TS2,1647876982.966944
/54321/drone001/attrs,TS2,1647876982.973370
/54321/drone001/attrs,TS2,1647876982.980074
/54321/drone001/attrs,TS2,1647876982.986526
/54321/drone001/attrs,TS2,1647876982.993090
/54321/drone001/attrs,TS2,1647876982.999670
/54321/drone001/attrs,TS2,1647876983.6253
/54321/drone001/attrs,TS2,1647876983.12684
/54321/drone001/attrs,TS2,1647876983.19288
/54321/drone001/attrs,TS2,1647876983.26047
/54321/drone001/attrs,TS2,1647876983.32425
/54321/drone001/attrs,TS2,1647876983.39069
/54321/drone001/attrs,TS2,1647876983.45616
/54321/drone001/attrs,TS2,1647876983.52142
/54321/drone001/attrs,TS2,1647876983.58694
/54321/drone001/attrs,TS2,1647876983.65356
/54321/drone001/attrs,TS2,1647876983.71752
/54321/drone001/attrs,TS2,1647876983.78248
/54321/drone001/attrs,TS2,1647876983.84880
/54321/drone001/attrs,TS2,1647876983.91604
/54321/drone001/attrs,TS2,1647876983.98080
/54321/drone001/attrs,TS2,1647876983.104686
/54321/drone001/attrs,TS2,1647876983.111211
/54321/drone001/attrs,TS2,1647876983.117753
/54321/drone001/attrs,TS2,1647876983.124342
/54321/drone001/attrs,TS2,1647876983.130919
/54321/drone001/attrs,TS2,1647876983.137415
/54321/drone001/attrs,TS2,1647876983.143949
/54321/drone001/attrs,TS2,1647876983.150606
/54321/drone001/attrs,TS2,1647876983.157088
/54321/drone001/attrs,TS2,1647876983.164240
/54321/drone001/attrs,TS2,1647876983.170052
/54321/drone001/attrs,TS2,1647876983.176677
/54321/drone001/attrs,TS2,1647876983.183169
/54321/drone001/attrs,TS2,1647876983.189791
/54321/drone001/attrs,TS2,1647876983.196371
/54321/drone001/attrs,TS2,1647876983.202911
/54321/drone001/attrs,TS2,1647876983.209562
/54321/drone001/attrs,TS2,1647876983.216130
/54321/drone001/attrs,TS2,1647876983.222678
/54321/drone001/attrs,TS2,1647876983.229580
/54321/drone001/attrs,TS2,1647876983.235739
/54321/drone001/attrs,TS2,1647876983.242417
/54321/drone001/attrs,TS2,1647876983.249134
/54321/drone001/attrs,TS2,1647876983.255612
/54321/drone001/attrs,TS2,1647876983.262166
/54321/drone001/attrs,TS2,1647876983.268684
/54321/drone001/attrs,TS2,1647876983.275187
/54321/drone001/attrs,TS2,1647876983.281861
/54321/drone001/attrs,TS2,1647876983.288384
/54321/drone001/attrs,TS2,1647876983.295016
/54321/drone001/attrs,TS2,1647876983.301684
/54321/drone001/attrs,TS2,1647876983.308066
/54321/drone001/attrs,TS2,1647876983.314777
/54321/drone001/attrs,TS2,1647876983.321238
/54321/drone001/attrs,TS2,1647876983.327841
/54321/drone001/attrs,TS2,1647876983.334397
/54321/drone001/attrs,TS2,1647876983.341039
/54321/drone001/attrs,TS2,1647876983.347341
/54321/drone001/attrs,TS2,1647876983.354249
/54321/drone001/attrs,TS2,1647876983.360709
/54321/drone001/attrs,TS2,1647876983.367495
/54321/drone001/attrs,TS2,1647876983.374007
/54321/drone001/attrs,TS2,1647876983.380503
/54321/drone001/attrs,TS2,1647876983.386996
/54321/drone001/attrs,TS2,1647876983.393576
/54321/drone001/attrs,TS2,1647876983.400353
/54321/drone001/attrs,TS2,1647876983.406945
/54321/drone001/attrs,TS2,1647876983.413534
/54321/drone001/attrs,TS2,1647876983.420071
/54321/drone001/attrs,TS2,1647876983.426648
/54321/drone001/attrs,TS2,1647876983.433170
/54321/drone001/attrs,TS2,1647876983.439764
/54321/drone001/attrs,TS2,1647876983.446286
/54321/drone001/attrs,TS2,1647876983.452931
/54321/drone001/attrs,TS2,1647876983.459434
/54321/drone001/attrs,TS2,1647876983.466019
/54321/drone001/attrs,TS2,1647876983.472507
/54321/drone001/attrs,TS2,1647876983.479127
/54321/drone001/attrs,TS2,1647876983.485660
/54321/drone001/attrs,TS2,1647876983.492099
/54321/drone001/attrs,TS2,1647876983.498789
/54321/drone001/attrs,TS2,1647876983.505173
/54321/drone001/attrs,TS2,164781647876983: Client tester-pub closed its connection.
1647877065: Client iotaul_5d5567fb closed its connection.
1647877069: mosquitto version 2.0.14 terminating
76983.511785
/54321/drone001/attrs,TS2,1647876983.518490
/54321/drone001/attrs,TS2,1647876983.525077
/54321/drone001/attrs,TS2,1647876983.531604
/54321/drone001/attrs,TS2,1647876983.538153
/54321/drone001/attrs,TS2,1647876983.544708
/54321/drone001/attrs,TS2,1647876983.551319
/54321/drone001/attrs,TS2,1647876983.557842
/54321/drone001/attrs,TS2,1647876983.564406
/54321/drone001/attrs,TS2,1647876983.570958
/54321/drone001/attrs,TS2,1647876983.577507
/54321/drone001/attrs,TS2,1647876983.584033
/54321/drone001/attrs,TS2,1647876983.590603
/54321/drone001/attrs,TS2,1647876983.597175
/54321/drone001/attrs,TS2,1647876983.603640
/54321/drone001/attrs,TS2,1647876983.610072
/54321/drone001/attrs,TS2,1647876983.616588
/54321/drone001/attrs,TS2,1647876983.623387
/54321/drone001/attrs,TS2,1647876983.629914
/54321/drone001/attrs,TS2,1647876983.636495
/54321/drone001/attrs,TS2,1647876983.643043
/54321/drone001/attrs,TS2,1647876983.649639
/54321/drone001/attrs,TS2,1647876983.656070
/54321/drone001/attrs,TS2,1647876983.662811
/54321/drone001/attrs,TS2,1647876983.669131
/54321/drone001/attrs,TS2,1647876983.675880
/54321/drone001/attrs,TS2,1647876983.682400
/54321/drone001/attrs,TS2,1647876983.688787
/54321/drone001/attrs,TS2,1647876983.695510
/54321/drone001/attrs,TS2,1647876983.702082
/54321/drone001/attrs,TS2,1647876983.708382
/54321/drone001/attrs,TS2,1647876983.715270
/54321/drone001/attrs,TS2,1647876983.721828
/54321/drone001/attrs,TS2,1647876983.728439
/54321/drone001/attrs,TS2,1647876983.735019
/54321/drone001/attrs,TS2,1647876983.741543
/54321/drone001/attrs,TS2,1647876983.748090
/54321/drone001/attrs,TS2,1647876983.754676
/54321/drone001/attrs,TS2,1647876983.761276
/54321/drone001/attrs,TS2,1647876983.767821
/54321/drone001/attrs,TS2,1647876983.774348
/54321/drone001/attrs,TS2,1647876983.780886
/54321/drone001/attrs,TS2,1647876983.787255
/54321/drone001/attrs,TS2,1647876983.793849
/54321/drone001/attrs,TS2,1647876983.800635
/54321/drone001/attrs,TS2,1647876983.806947
/54321/drone001/attrs,TS2,1647876983.813647
/54321/drone001/attrs,TS2,1647876983.820230
/54321/drone001/attrs,TS2,1647876983.826656
/54321/drone001/attrs,TS2,1647876983.833233
/54321/drone001/attrs,TS2,1647876983.839800
/54321/drone001/attrs,TS2,1647876983.846361
/54321/drone001/attrs,TS2,1647876983.852929
/54321/drone001/attrs,TS2,1647876983.859330
/54321/drone001/attrs,TS2,1647876983.866026
/54321/drone001/attrs,TS2,1647876983.872548
/54321/drone001/attrs,TS2,1647876983.878856
/54321/drone001/attrs,TS2,1647876983.885498
/54321/drone001/attrs,TS2,1647876983.892126
/54321/drone001/attrs,TS2,1647876983.898687
/54321/drone001/attrs,TS2,1647876983.905131
/54321/drone001/attrs,TS2,1647876983.911684
/54321/drone001/attrs,TS2,1647876983.918751
/54321/drone001/attrs,TS2,1647876983.924974
/54321/drone001/attrs,TS2,1647876983.931452
/54321/drone001/attrs,TS2,1647876983.938043
/54321/drone001/attrs,TS2,1647876983.945129
/54321/drone001/attrs,TS2,1647876983.950857
