TS1:/54321/drone001/attrs:lat|0|lon|0|z|0|h|1|v|1647876252.863472
TS1:/54321/drone001/attrs:lat|0|lon|0|z|0|h|2|v|1647876252.867764
TS1:/54321/drone001/attrs:lat|0|lon|0|z|0|h|3|v|1647876252.872239
TS1:/54321/drone001/attrs:lat|0|lon|0|z|0|h|4|v|1647876252.876901
TS1:/54321/drone001/attrs:lat|0|lon|0|z|0|h|5|v|1647876252.881489
TS1:/54321/drone001/attrs:lat|0|lon|0|z|0|h|6|v|1647876252.8859358
TS1:/54321/drone001/attrs:lat|0|lon|0|z|0|h|7|v|1647876252.8903828
TS1:/54321/drone001/attrs:lat|0|lon|0|z|0|h|8|v|1647876252.8948257
TS1:/54321/drone001/attrs:lat|0|lon|0|z|0|h|9|v|1647876252.8991868
TS1:/54321/drone001/attrs:lat|0|lon|0|z|0|h|10|v|1647876252.9035246
TS1:/54321/drone001/attrs:lat|0|lon|0|z|0|h|11|v|1647876252.907964
TS1:/54321/drone001/attrs:lat|0|lon|0|z|0|h|12|v|1647876252.9124746
TS1:/54321/drone001/attrs:lat|0|lon|0|z|0|h|13|v|1647876252.917005
TS1:/54321/drone001/attrs:lat|0|lon|0|z|0|h|14|v|1647876252.9215655
TS1:/54321/drone001/attrs:lat|0|lon|0|z|0|h|15|v|1647876252.926112
TS1:/54321/drone001/attrs:lat|0|lon|0|z|0|h|16|v|1647876252.930665
TS1:/54321/drone001/attrs:lat|0|lon|0|z|0|h|17|v|1647876252.9351437
TS1:/54321/drone001/attrs:lat|0|lon|0|z|0|h|18|v|1647876252.9395833
TS1:/54321/drone001/attrs:lat|0|lon|0|z|0|h|19|v|1647876252.944225
TS1:/54321/drone001/attrs:lat|0|lon|0|z|0|h|20|v|1647876252.948953
TS1:/54321/drone001/attrs:lat|0|lon|0|z|0|h|21|v|1647876252.9536364
TS1:/54321/drone001/attrs:lat|0|lon|0|z|0|h|22|v|1647876252.9583213
TS1:/54321/drone001/attrs:lat|0|lon|0|z|0|h|23|v|1647876252.963013
TS1:/54321/drone001/attrs:lat|0|lon|0|z|0|h|24|v|1647876252.9677217
TS1:/54321/drone001/attrs:lat|0|lon|0|z|0|h|25|v|1647876252.9723415
TS1:/54321/drone001/attrs:lat|0|lon|0|z|0|h|26|v|1647876252.977001
TS1:/54321/drone001/attrs:lat|0|lon|0|z|0|h|27|v|1647876252.9817786
TS1:/54321/drone001/attrs:lat|0|lon|0|z|0|h|28|v|1647876252.9864776
TS1:/54321/drone001/attrs:lat|0|lon|0|z|0|h|29|v|1647876252.9911485
TS1:/54321/drone001/attrs:lat|0|lon|0|z|0|h|30|v|1647876252.9957957
TS1:/54321/drone001/attrs:lat|0|lon|0|z|0|h|31|v|1647876253.0004838
TS1:/54321/drone001/attrs:lat|0|lon|0|z|0|h|32|v|1647876253.0051224
TS1:/54321/drone001/attrs:lat|0|lon|0|z|0|h|33|v|1647876253.0097718
TS1:/54321/drone001/attrs:lat|0|lon|0|z|0|h|34|v|1647876253.0144823
TS1:/54321/drone001/attrs:lat|0|lon|0|z|0|h|35|v|1647876253.019167
TS1:/54321/drone001/attrs:lat|0|lon|0|z|0|h|36|v|1647876253.0238721
TS1:/54321/drone001/attrs:lat|0|lon|0|z|0|h|37|v|1647876253.0285604
TS1:/54321/drone001/attrs:lat|0|lon|0|z|0|h|38|v|1647876253.0332458
TS1:/54321/drone001/attrs:lat|0|lon|0|z|0|h|39|v|1647876253.0379443
TS1:/54321/drone001/attrs:lat|0|lon|0|z|0|h|40|v|1647876253.0426445
TS1:/54321/drone001/attrs:lat|0|lon|0|z|0|h|41|v|1647876253.04733
TS1:/54321/drone001/attrs:lat|0|lon|0|z|0|h|42|v|1647876253.0519795
TS1:/54321/drone001/attrs:lat|0|lon|0|z|0|h|43|v|1647876253.0565555
TS1:/54321/drone001/attrs:lat|0|lon|0|z|0|h|44|v|1647876253.0611126
TS1:/54321/drone001/attrs:lat|0|lon|0|z|0|h|45|v|1647876253.0657668
TS1:/54321/drone001/attrs:lat|0|lon|0|z|0|h|46|v|1647876253.0703256
TS1:/54321/drone001/attrs:lat|0|lon|0|z|0|h|47|v|1647876253.074914
TS1:/54321/drone001/attrs:lat|0|lon|0|z|0|h|48|v|1647876253.079599
TS1:/54321/drone001/attrs:lat|0|lon|0|z|0|h|49|v|1647876253.0842814
TS1:/54321/drone001/attrs:lat|0|lon|0|z|0|h|50|v|1647876253.0889802
TS1:/54321/drone001/attrs:lat|0|lon|0|z|0|h|51|v|1647876253.0937142
TS1:/54321/drone001/attrs:lat|0|lon|0|z|0|h|52|v|1647876253.098408
TS1:/54321/drone001/attrs:lat|0|lon|0|z|0|h|53|v|1647876253.103067
TS1:/54321/drone001/attrs:lat|0|lon|0|z|0|h|54|v|1647876253.107772
TS1:/54321/drone001/attrs:lat|0|lon|0|z|0|h|55|v|1647876253.1124496
TS1:/54321/drone001/attrs:lat|0|lon|0|z|0|h|56|v|1647876253.1171556
TS1:/54321/drone001/attrs:lat|0|lon|0|z|0|h|57|v|1647876253.1218038
TS1:/54321/drone001/attrs:lat|0|lon|0|z|0|h|58|v|1647876253.1264482
TS1:/54321/drone001/attrs:lat|0|lon|0|z|0|h|59|v|1647876253.131153
TS1:/54321/drone001/attrs:lat|0|lon|0|z|0|h|60|v|1647876253.1357846
TS1:/54321/drone001/attrs:lat|0|lon|0|z|0|h|61|v|1647876253.140419
TS1:/54321/drone001/attrs:lat|0|lon|0|z|0|h|62|v|1647876253.1451037
TS1:/54321/drone001/attrs:lat|0|lon|0|z|0|h|63|v|1647876253.1496115
TS1:/54321/drone001/attrs:lat|0|lon|0|z|0|h|64|v|1647876253.1541135
TS1:/54321/drone001/attrs:lat|0|lon|0|z|0|h|65|v|1647876253.1587634
TS1:/54321/drone001/attrs:lat|0|lon|0|z|0|h|66|v|1647876253.1634445
TS1:/54321/drone001/attrs:lat|0|lon|0|z|0|h|67|v|1647876253.1681128
TS1:/54321/drone001/attrs:lat|0|lon|0|z|0|h|68|v|1647876253.1727233
TS1:/54321/drone001/attrs:lat|0|lon|0|z|0|h|69|v|1647876253.1773431
TS1:/54321/drone001/attrs:lat|0|lon|0|z|0|h|70|v|1647876253.1820428
TS1:/54321/drone001/attrs:lat|0|lon|0|z|0|h|71|v|1647876253.1866841
TS1:/54321/drone001/attrs:lat|0|lon|0|z|0|h|72|v|1647876253.1913571
TS1:/54321/drone001/attrs:lat|0|lon|0|z|0|h|73|v|1647876253.1960263
TS1:/54321/drone001/attrs:lat|0|lon|0|z|0|h|74|v|1647876253.2006478
TS1:/54321/drone001/attrs:lat|0|lon|0|z|0|h|75|v|1647876253.205133
TS1:/54321/drone001/attrs:lat|0|lon|0|z|0|h|76|v|1647876253.209661
TS1:/54321/drone001/attrs:lat|0|lon|0|z|0|h|77|v|1647876253.2142477
TS1:/54321/drone001/attrs:lat|0|lon|0|z|0|h|78|v|1647876253.2189422
TS1:/54321/drone001/attrs:lat|0|lon|0|z|0|h|79|v|1647876253.2235842
TS1:/54321/drone001/attrs:lat|0|lon|0|z|0|h|80|v|1647876253.2282069
TS1:/54321/drone001/attrs:lat|0|lon|0|z|0|h|81|v|1647876253.232804
TS1:/54321/drone001/attrs:lat|0|lon|0|z|0|h|82|v|1647876253.2373192
TS1:/54321/drone001/attrs:lat|0|lon|0|z|0|h|83|v|1647876253.2421627
TS1:/54321/drone001/attrs:lat|0|lon|0|z|0|h|84|v|1647876253.2467673
TS1:/54321/drone001/attrs:lat|0|lon|0|z|0|h|85|v|1647876253.2514148
TS1:/54321/drone001/attrs:lat|0|lon|0|z|0|h|86|v|1647876253.2561007
TS1:/54321/drone001/attrs:lat|0|lon|0|z|0|h|87|v|1647876253.2607303
TS1:/54321/drone001/attrs:lat|0|lon|0|z|0|h|88|v|1647876253.2653558
TS1:/54321/drone001/attrs:lat|0|lon|0|z|0|h|89|v|1647876253.2698164
TS1:/54321/drone001/attrs:lat|0|lon|0|z|0|h|90|v|1647876253.2742457
TS1:/54321/drone001/attrs:lat|0|lon|0|z|0|h|91|v|1647876253.278766
TS1:/54321/drone001/attrs:lat|0|lon|0|z|0|h|92|v|1647876253.2833126
TS1:/54321/drone001/attrs:lat|0|lon|0|z|0|h|93|v|1647876253.287853
TS1:/54321/drone001/attrs:lat|0|lon|0|z|0|h|94|v|1647876253.2924283
TS1:/54321/drone001/attrs:lat|0|lon|0|z|0|h|95|v|1647876253.2971148
TS1:/54321/drone001/attrs:lat|0|lon|0|z|0|h|96|v|1647876253.3017719
TS1:/54321/drone001/attrs:lat|0|lon|0|z|0|h|97|v|1647876253.3063862
TS1:/54321/drone001/attrs:lat|0|lon|0|z|0|h|98|v|1647876253.3109484
TS1:/54321/drone001/attrs:lat|0|lon|0|z|0|h|99|v|1647876253.3154244
TS1:/54321/drone001/attrs:lat|0|lon|0|z|0|h|100|v|1647876253.3200316
TS1:/54321/drone001/attrs:lat|0|lon|0|z|0|h|101|v|1647876253.3246613
TS1:/54321/drone001/attrs:lat|0|lon|0|z|0|h|102|v|1647876253.3292935
TS1:/54321/drone001/attrs:lat|0|lon|0|z|0|h|103|v|1647876253.3338895
TS1:/54321/drone001/attrs:lat|0|lon|0|z|0|h|104|v|1647876253.338538
TS1:/54321/drone001/attrs:lat|0|lon|0|z|0|h|105|v|1647876253.3431027
TS1:/54321/drone001/attrs:lat|0|lon|0|z|0|h|106|v|1647876253.3475876
TS1:/54321/drone001/attrs:lat|0|lon|0|z|0|h|107|v|1647876253.3521268
TS1:/54321/drone001/attrs:lat|0|lon|0|z|0|h|108|v|1647876253.3565993
TS1:/54321/drone001/attrs:lat|0|lon|0|z|0|h|109|v|1647876253.3611705
TS1:/54321/drone001/attrs:lat|0|lon|0|z|0|h|110|v|1647876253.3657117
TS1:/54321/drone001/attrs:lat|0|lon|0|z|0|h|111|v|1647876253.370238
TS1:/54321/drone001/attrs:lat|0|lon|0|z|0|h|112|v|1647876253.3748488
TS1:/54321/drone001/attrs:lat|0|lon|0|z|0|h|113|v|1647876253.3795092
TS1:/54321/drone001/attrs:lat|0|lon|0|z|0|h|114|v|1647876253.3840628
TS1:/54321/drone001/attrs:lat|0|lon|0|z|0|h|115|v|1647876253.3885896
TS1:/54321/drone001/attrs:lat|0|lon|0|z|0|h|116|v|1647876253.3931167
TS1:/54321/drone001/attrs:lat|0|lon|0|z|0|h|117|v|1647876253.3976867
TS1:/54321/drone001/attrs:lat|0|lon|0|z|0|h|118|v|1647876253.4022365
TS1:/54321/drone001/attrs:lat|0|lon|0|z|0|h|119|v|1647876253.4067538
TS1:/54321/drone001/attrs:lat|0|lon|0|z|0|h|120|v|1647876253.4111567
TS1:/54321/drone001/attrs:lat|0|lon|0|z|0|h|121|v|1647876253.415619
TS1:/54321/drone001/attrs:lat|0|lon|0|z|0|h|122|v|1647876253.4202602
TS1:/54321/drone001/attrs:lat|0|lon|0|z|0|h|123|v|1647876253.4247754
TS1:/54321/drone001/attrs:lat|0|lon|0|z|0|h|124|v|1647876253.4293096
TS1:/54321/drone001/attrs:lat|0|lon|0|z|0|h|125|v|1647876253.433821
TS1:/54321/drone001/attrs:lat|0|lon|0|z|0|h|126|v|1647876253.4383135
TS1:/54321/drone001/attrs:lat|0|lon|0|z|0|h|127|v|1647876253.4428813
TS1:/54321/drone001/attrs:lat|0|lon|0|z|0|h|128|v|1647876253.4474485
TS1:/54321/drone001/attrs:lat|0|lon|0|z|0|h|129|v|1647876253.4521446
TS1:/54321/drone001/attrs:lat|0|lon|0|z|0|h|130|v|1647876253.456683
TS1:/54321/drone001/attrs:lat|0|lon|0|z|0|h|131|v|1647876253.4612737
TS1:/54321/drone001/attrs:lat|0|lon|0|z|0|h|132|v|1647876253.4659278
TS1:/54321/drone001/attrs:lat|0|lon|0|z|0|h|133|v|1647876253.4705353
TS1:/54321/drone001/attrs:lat|0|lon|0|z|0|h|134|v|1647876253.4750366
TS1:/54321/drone001/attrs:lat|0|lon|0|z|0|h|135|v|1647876253.4795604
TS1:/54321/drone001/attrs:lat|0|lon|0|z|0|h|136|v|1647876253.4841704
TS1:/54321/drone001/attrs:lat|0|lon|0|z|0|h|137|v|1647876253.4887545
TS1:/54321/drone001/attrs:lat|0|lon|0|z|0|h|138|v|1647876253.4933782
TS1:/54321/drone001/attrs:lat|0|lon|0|z|0|h|139|v|1647876253.4979243
TS1:/54321/drone001/attrs:lat|0|lon|0|z|0|h|140|v|1647876253.502573
TS1:/54321/drone001/attrs:lat|0|lon|0|z|0|h|141|v|1647876253.5070674
TS1:/54321/drone001/attrs:lat|0|lon|0|z|0|h|142|v|1647876253.5115736
TS1:/54321/drone001/attrs:lat|0|lon|0|z|0|h|143|v|1647876253.5161448
TS1:/54321/drone001/attrs:lat|0|lon|0|z|0|h|144|v|1647876253.5207493
TS1:/54321/drone001/attrs:lat|0|lon|0|z|0|h|145|v|1647876253.5254436
TS1:/54321/drone001/attrs:lat|0|lon|0|z|0|h|146|v|1647876253.5300806
TS1:/54321/drone001/attrs:lat|0|lon|0|z|0|h|147|v|1647876253.534735
TS1:/54321/drone001/attrs:lat|0|lon|0|z|0|h|148|v|1647876253.5394132
TS1:/54321/drone001/attrs:lat|0|lon|0|z|0|h|149|v|1647876253.544095
TS1:/54321/drone001/attrs:lat|0|lon|0|z|0|h|150|v|1647876253.5487936
TS1:/54321/drone001/attrs:lat|0|lon|0|z|0|h|151|v|1647876253.553505
TS1:/54321/drone001/attrs:lat|0|lon|0|z|0|h|152|v|1647876253.558192
TS1:/54321/drone001/attrs:lat|0|lon|0|z|0|h|153|v|1647876253.562838
TS1:/54321/drone001/attrs:lat|0|lon|0|z|0|h|154|v|1647876253.5678627
TS1:/54321/drone001/attrs:lat|0|lon|0|z|0|h|155|v|1647876253.5724862
TS1:/54321/drone001/attrs:lat|0|lon|0|z|0|h|156|v|1647876253.577123
TS1:/54321/drone001/attrs:lat|0|lon|0|z|0|h|157|v|1647876253.581784
TS1:/54321/drone001/attrs:lat|0|lon|0|z|0|h|158|v|1647876253.5864093
TS1:/54321/drone001/attrs:lat|0|lon|0|z|0|h|159|v|1647876253.5910327
TS1:/54321/drone001/attrs:lat|0|lon|0|z|0|h|160|v|1647876253.5956933
TS1:/54321/drone001/attrs:lat|0|lon|0|z|0|h|161|v|1647876253.600273
TS1:/54321/drone001/attrs:lat|0|lon|0|z|0|h|162|v|1647876253.6048617
TS1:/54321/drone001/attrs:lat|0|lon|0|z|0|h|163|v|1647876253.6095076
TS1:/54321/drone001/attrs:lat|0|lon|0|z|0|h|164|v|1647876253.6141531
TS1:/54321/drone001/attrs:lat|0|lon|0|z|0|h|165|v|1647876253.6188304
TS1:/54321/drone001/attrs:lat|0|lon|0|z|0|h|166|v|1647876253.6235154
TS1:/54321/drone001/attrs:lat|0|lon|0|z|0|h|167|v|1647876253.628158
TS1:/54321/drone001/attrs:lat|0|lon|0|z|0|h|168|v|1647876253.6330442
TS1:/54321/drone001/attrs:lat|0|lon|0|z|0|h|169|v|1647876253.6377053
TS1:/54321/drone001/attrs:lat|0|lon|0|z|0|h|170|v|1647876253.64233
TS1:/54321/drone001/attrs:lat|0|lon|0|z|0|h|171|v|1647876253.6469827
TS1:/54321/drone001/attrs:lat|0|lon|0|z|0|h|172|v|1647876253.65163
TS1:/54321/drone001/attrs:lat|0|lon|0|z|0|h|173|v|1647876253.6563432
TS1:/54321/drone001/attrs:lat|0|lon|0|z|0|h|174|v|1647876253.6609318
TS1:/54321/drone001/attrs:lat|0|lon|0|z|0|h|175|v|1647876253.6655223
TS1:/54321/drone001/attrs:lat|0|lon|0|z|0|h|176|v|1647876253.6701324
TS1:/54321/drone001/attrs:lat|0|lon|0|z|0|h|177|v|1647876253.6747482
TS1:/54321/drone001/attrs:lat|0|lon|0|z|0|h|178|v|1647876253.6794062
TS1:/54321/drone001/attrs:lat|0|lon|0|z|0|h|179|v|1647876253.6840487
TS1:/54321/drone001/attrs:lat|0|lon|0|z|0|h|180|v|1647876253.6886182
TS1:/54321/drone001/attrs:lat|0|lon|0|z|0|h|181|v|1647876253.6932151
TS1:/54321/drone001/attrs:lat|0|lon|0|z|0|h|182|v|1647876253.6979966
TS1:/54321/drone001/attrs:lat|0|lon|0|z|0|h|183|v|1647876253.702569
TS1:/54321/drone001/attrs:lat|0|lon|0|z|0|h|184|v|1647876253.7071602
TS1:/54321/drone001/attrs:lat|0|lon|0|z|0|h|185|v|1647876253.7118082
TS1:/54321/drone001/attrs:lat|0|lon|0|z|0|h|186|v|1647876253.7164245
TS1:/54321/drone001/attrs:lat|0|lon|0|z|0|h|187|v|1647876253.7208855
TS1:/54321/drone001/attrs:lat|0|lon|0|z|0|h|188|v|1647876253.725313
TS1:/54321/drone001/attrs:lat|0|lon|0|z|0|h|189|v|1647876253.7298043
TS1:/54321/drone001/attrs:lat|0|lon|0|z|0|h|190|v|1647876253.7347069
TS1:/54321/drone001/attrs:lat|0|lon|0|z|0|h|191|v|1647876253.7393506
TS1:/54321/drone001/attrs:lat|0|lon|0|z|0|h|192|v|1647876253.744032
TS1:/54321/drone001/attrs:lat|0|lon|0|z|0|h|193|v|1647876253.7486594
TS1:/54321/drone001/attrs:lat|0|lon|0|z|0|h|194|v|1647876253.7533622
TS1:/54321/drone001/attrs:lat|0|lon|0|z|0|h|195|v|1647876253.758068
TS1:/54321/drone001/attrs:lat|0|lon|0|z|0|h|196|v|1647876253.7631655
TS1:/54321/drone001/attrs:lat|0|lon|0|z|0|h|197|v|1647876253.767863
TS1:/54321/drone001/attrs:lat|0|lon|0|z|0|h|198|v|1647876253.772526
TS1:/54321/drone001/attrs:lat|0|lon|0|z|0|h|199|v|1647876253.7771502
TS1:/54321/drone001/attrs:lat|0|lon|0|z|0|h|200|v|1647876253.7818182
TS1:/54321/drone001/attrs:lat|0|lon|0|z|0|h|201|v|1647876253.7864957
TS1:/54321/drone001/attrs:lat|0|lon|0|z|0|h|202|v|1647876253.7911184
TS1:/54321/drone001/attrs:lat|0|lon|0|z|0|h|203|v|1647876253.7957764
TS1:/54321/drone001/attrs:lat|0|lon|0|z|0|h|204|v|1647876253.8004532
TS1:/54321/drone001/attrs:lat|0|lon|0|z|0|h|205|v|1647876253.8051991
TS1:/54321/drone001/attrs:lat|0|lon|0|z|0|h|206|v|1647876253.8099115
TS1:/54321/drone001/attrs:lat|0|lon|0|z|0|h|207|v|1647876253.8145838
TS1:/54321/drone001/attrs:lat|0|lon|0|z|0|h|208|v|1647876253.819222
TS1:/54321/drone001/attrs:lat|0|lon|0|z|0|h|209|v|1647876253.8239183
TS1:/54321/drone001/attrs:lat|0|lon|0|z|0|h|210|v|1647876253.8285604
TS1:/54321/drone001/attrs:lat|0|lon|0|z|0|h|211|v|1647876253.833247
TS1:/54321/drone001/attrs:lat|0|lon|0|z|0|h|212|v|1647876253.8378732
TS1:/54321/drone001/attrs:lat|0|lon|0|z|0|h|213|v|1647876253.8425636
TS1:/54321/drone001/attrs:lat|0|lon|0|z|0|h|214|v|1647876253.8472092
TS1:/54321/drone001/attrs:lat|0|lon|0|z|0|h|215|v|1647876253.8518827
TS1:/54321/drone001/attrs:lat|0|lon|0|z|0|h|216|v|1647876253.856543
TS1:/54321/drone001/attrs:lat|0|lon|0|z|0|h|217|v|1647876253.8612075
TS1:/54321/drone001/attrs:lat|0|lon|0|z|0|h|218|v|1647876253.865925
TS1:/54321/drone001/attrs:lat|0|lon|0|z|0|h|219|v|1647876253.8705764
TS1:/54321/drone001/attrs:lat|0|lon|0|z|0|h|220|v|1647876253.8752422
TS1:/54321/drone001/attrs:lat|0|lon|0|z|0|h|221|v|1647876253.879909
TS1:/54321/drone001/attrs:lat|0|lon|0|z|0|h|222|v|1647876253.8845718
TS1:/54321/drone001/attrs:lat|0|lon|0|z|0|h|223|v|1647876253.8891551
TS1:/54321/drone001/attrs:lat|0|lon|0|z|0|h|224|v|1647876253.8938248
TS1:/54321/drone001/attrs:lat|0|lon|0|z|0|h|225|v|1647876253.898481
TS1:/54321/drone001/attrs:lat|0|lon|0|z|0|h|226|v|1647876253.9030812
TS1:/54321/drone001/attrs:lat|0|lon|0|z|0|h|227|v|1647876253.907748
TS1:/54321/drone001/attrs:lat|0|lon|0|z|0|h|228|v|1647876253.9123714
TS1:/54321/drone001/attrs:lat|0|lon|0|z|0|h|229|v|1647876253.9170396
TS1:/54321/drone001/attrs:lat|0|lon|0|z|0|h|230|v|1647876253.9217985
TS1:/54321/drone001/attrs:lat|0|lon|0|z|0|h|231|v|1647876253.9264405
TS1:/54321/drone001/attrs:lat|0|lon|0|z|0|h|232|v|1647876253.9311495
TS1:/54321/drone001/attrs:lat|0|lon|0|z|0|h|233|v|1647876253.9358222
TS1:/54321/drone001/attrs:lat|0|lon|0|z|0|h|234|v|1647876253.9405332
TS1:/54321/drone001/attrs:lat|0|lon|0|z|0|h|235|v|1647876253.9452286
TS1:/54321/drone001/attrs:lat|0|lon|0|z|0|h|236|v|1647876253.949923
TS1:/54321/drone001/attrs:lat|0|lon|0|z|0|h|237|v|1647876253.9545634
TS1:/54321/drone001/attrs:lat|0|lon|0|z|0|h|238|v|1647876253.9592106
TS1:/54321/drone001/attrs:lat|0|lon|0|z|0|h|239|v|1647876253.963863
TS1:/54321/drone001/attrs:lat|0|lon|0|z|0|h|240|v|1647876253.9685106
TS1:/54321/drone001/attrs:lat|0|lon|0|z|0|h|241|v|1647876253.9732518
TS1:/54321/drone001/attrs:lat|0|lon|0|z|0|h|242|v|1647876253.9779527
TS1:/54321/drone001/attrs:lat|0|lon|0|z|0|h|243|v|1647876253.982587
TS1:/54321/drone001/attrs:lat|0|lon|0|z|0|h|244|v|1647876253.9872322
TS1:/54321/drone001/attrs:lat|0|lon|0|z|0|h|245|v|1647876253.9918773
TS1:/54321/drone001/attrs:lat|0|lon|0|z|0|h|246|v|1647876253.996539
TS1:/54321/drone001/attrs:lat|0|lon|0|z|0|h|247|v|1647876254.0011892
TS1:/54321/drone001/attrs:lat|0|lon|0|z|0|h|248|v|1647876254.0058665
TS1:/54321/drone001/attrs:lat|0|lon|0|z|0|h|249|v|1647876254.010538
TS1:/54321/drone001/attrs:lat|0|lon|0|z|0|h|250|v|1647876254.0151956
TS1:/54321/drone001/attrs:lat|0|lon|0|z|0|h|251|v|1647876254.0198805
TS1:/54321/drone001/attrs:lat|0|lon|0|z|0|h|252|v|1647876254.024539
TS1:/54321/drone001/attrs:lat|0|lon|0|z|0|h|253|v|1647876254.0291805
TS1:/54321/drone001/attrs:lat|0|lon|0|z|0|h|254|v|1647876254.0338497
TS1:/54321/drone001/attrs:lat|0|lon|0|z|0|h|255|v|1647876254.0385587
TS1:/54321/drone001/attrs:lat|0|lon|0|z|0|h|256|v|1647876254.0432327
TS1:/54321/drone001/attrs:lat|0|lon|0|z|0|h|257|v|1647876254.047911
TS1:/54321/drone001/attrs:lat|0|lon|0|z|0|h|258|v|1647876254.052588
TS1:/54321/drone001/attrs:lat|0|lon|0|z|0|h|259|v|1647876254.0572243
TS1:/54321/drone001/attrs:lat|0|lon|0|z|0|h|260|v|1647876254.0618901
TS1:/54321/drone001/attrs:lat|0|lon|0|z|0|h|261|v|1647876254.0665512
TS1:/54321/drone001/attrs:lat|0|lon|0|z|0|h|262|v|1647876254.0712006
TS1:/54321/drone001/attrs:lat|0|lon|0|z|0|h|263|v|1647876254.0758598
TS1:/54321/drone001/attrs:lat|0|lon|0|z|0|h|264|v|1647876254.080519
TS1:/54321/drone001/attrs:lat|0|lon|0|z|0|h|265|v|1647876254.0851822
TS1:/54321/drone001/attrs:lat|0|lon|0|z|0|h|266|v|1647876254.0898619
TS1:/54321/drone001/attrs:lat|0|lon|0|z|0|h|267|v|1647876254.0945163
TS1:/54321/drone001/attrs:lat|0|lon|0|z|0|h|268|v|1647876254.0991862
TS1:/54321/drone001/attrs:lat|0|lon|0|z|0|h|269|v|1647876254.1038494
TS1:/54321/drone001/attrs:lat|0|lon|0|z|0|h|270|v|1647876254.1085093
TS1:/54321/drone001/attrs:lat|0|lon|0|z|0|h|271|v|1647876254.1131475
TS1:/54321/drone001/attrs:lat|0|lon|0|z|0|h|272|v|1647876254.1178389
TS1:/54321/drone001/attrs:lat|0|lon|0|z|0|h|273|v|1647876254.1224985
TS1:/54321/drone001/attrs:lat|0|lon|0|z|0|h|274|v|1647876254.1271436
TS1:/54321/drone001/attrs:lat|0|lon|0|z|0|h|275|v|1647876254.1318324
TS1:/54321/drone001/attrs:lat|0|lon|0|z|0|h|276|v|1647876254.1365445
TS1:/54321/drone001/attrs:lat|0|lon|0|z|0|h|277|v|1647876254.1411982
TS1:/54321/drone001/attrs:lat|0|lon|0|z|0|h|278|v|1647876254.1458619
TS1:/54321/drone001/attrs:lat|0|lon|0|z|0|h|279|v|1647876254.1505198
TS1:/54321/drone001/attrs:lat|0|lon|0|z|0|h|280|v|1647876254.1551642
TS1:/54321/drone001/attrs:lat|0|lon|0|z|0|h|281|v|1647876254.15982
TS1:/54321/drone001/attrs:lat|0|lon|0|z|0|h|282|v|1647876254.164489
TS1:/54321/drone001/attrs:lat|0|lon|0|z|0|h|283|v|1647876254.1691232
TS1:/54321/drone001/attrs:lat|0|lon|0|z|0|h|284|v|1647876254.1738338
TS1:/54321/drone001/attrs:lat|0|lon|0|z|0|h|285|v|1647876254.1784952
TS1:/54321/drone001/attrs:lat|0|lon|0|z|0|h|286|v|1647876254.1831286
TS1:/54321/drone001/attrs:lat|0|lon|0|z|0|h|287|v|1647876254.1878066
TS1:/54321/drone001/attrs:lat|0|lon|0|z|0|h|288|v|1647876254.1924295
TS1:/54321/drone001/attrs:lat|0|lon|0|z|0|h|289|v|1647876254.1970217
TS1:/54321/drone001/attrs:lat|0|lon|0|z|0|h|290|v|1647876254.2016797
TS1:/54321/drone001/attrs:lat|0|lon|0|z|0|h|291|v|1647876254.2062762
TS1:/54321/drone001/attrs:lat|0|lon|0|z|0|h|292|v|1647876254.2109764
TS1:/54321/drone001/attrs:lat|0|lon|0|z|0|h|293|v|1647876254.2155976
TS1:/54321/drone001/attrs:lat|0|lon|0|z|0|h|294|v|1647876254.2202132
TS1:/54321/drone001/attrs:lat|0|lon|0|z|0|h|295|v|1647876254.224887
TS1:/54321/drone001/attrs:lat|0|lon|0|z|0|h|296|v|1647876254.229589
TS1:/54321/drone001/attrs:lat|0|lon|0|z|0|h|297|v|1647876254.2341876
TS1:/54321/drone001/attrs:lat|0|lon|0|z|0|h|298|v|1647876254.238805
TS1:/54321/drone001/attrs:lat|0|lon|0|z|0|h|299|v|1647876254.2434313
TS1:/54321/drone001/attrs:lat|0|lon|0|z|0|h|300|v|1647876254.2481375
TS1:/54321/drone001/attrs:lat|0|lon|0|z|0|h|301|v|1647876254.2527492
TS1:/54321/drone001/attrs:lat|0|lon|0|z|0|h|302|v|1647876254.2574475
TS1:/54321/drone001/attrs:lat|0|lon|0|z|0|h|303|v|1647876254.2621412
TS1:/54321/drone001/attrs:lat|0|lon|0|z|0|h|304|v|1647876254.266816
TS1:/54321/drone001/attrs:lat|0|lon|0|z|0|h|305|v|1647876254.27149
TS1:/54321/drone001/attrs:lat|0|lon|0|z|0|h|306|v|1647876254.2761767
TS1:/54321/drone001/attrs:lat|0|lon|0|z|0|h|307|v|1647876254.2808578
TS1:/54321/drone001/attrs:lat|0|lon|0|z|0|h|308|v|1647876254.285573
TS1:/54321/drone001/attrs:lat|0|lon|0|z|0|h|309|v|1647876254.2902107
TS1:/54321/drone001/attrs:lat|0|lon|0|z|0|h|310|v|1647876254.2949169
TS1:/54321/drone001/attrs:lat|0|lon|0|z|0|h|311|v|1647876254.2995281
TS1:/54321/drone001/attrs:lat|0|lon|0|z|0|h|312|v|1647876254.3041527
TS1:/54321/drone001/attrs:lat|0|lon|0|z|0|h|313|v|1647876254.3088043
TS1:/54321/drone001/attrs:lat|0|lon|0|z|0|h|314|v|1647876254.3135126
TS1:/54321/drone001/attrs:lat|0|lon|0|z|0|h|315|v|1647876254.3181803
TS1:/54321/drone001/attrs:lat|0|lon|0|z|0|h|316|v|1647876254.322856
TS1:/54321/drone001/attrs:lat|0|lon|0|z|0|h|317|v|1647876254.3275077
TS1:/54321/drone001/attrs:lat|0|lon|0|z|0|h|318|v|1647876254.3321676
TS1:/54321/drone001/attrs:lat|0|lon|0|z|0|h|319|v|1647876254.3368516
TS1:/54321/drone001/attrs:lat|0|lon|0|z|0|h|320|v|1647876254.3415492
TS1:/54321/drone001/attrs:lat|0|lon|0|z|0|h|321|v|1647876254.3461847
TS1:/54321/drone001/attrs:lat|0|lon|0|z|0|h|322|v|1647876254.3508813
TS1:/54321/drone001/attrs:lat|0|lon|0|z|0|h|323|v|1647876254.3555472
TS1:/54321/drone001/attrs:lat|0|lon|0|z|0|h|324|v|1647876254.3602164
TS1:/54321/drone001/attrs:lat|0|lon|0|z|0|h|325|v|1647876254.3649185
TS1:/54321/drone001/attrs:lat|0|lon|0|z|0|h|326|v|1647876254.3696122
TS1:/54321/drone001/attrs:lat|0|lon|0|z|0|h|327|v|1647876254.374292
TS1:/54321/drone001/attrs:lat|0|lon|0|z|0|h|328|v|1647876254.3789349
TS1:/54321/drone001/attrs:lat|0|lon|0|z|0|h|329|v|1647876254.3835754
TS1:/54321/drone001/attrs:lat|0|lon|0|z|0|h|330|v|1647876254.3882527
TS1:/54321/drone001/attrs:lat|0|lon|0|z|0|h|331|v|1647876254.3929167
TS1:/54321/drone001/attrs:lat|0|lon|0|z|0|h|332|v|1647876254.3976214
TS1:/54321/drone001/attrs:lat|0|lon|0|z|0|h|333|v|1647876254.4022996
TS1:/54321/drone001/attrs:lat|0|lon|0|z|0|h|334|v|1647876254.4069858
TS1:/54321/drone001/attrs:lat|0|lon|0|z|0|h|335|v|1647876254.4116945
TS1:/54321/drone001/attrs:lat|0|lon|0|z|0|h|336|v|1647876254.416288
TS1:/54321/drone001/attrs:lat|0|lon|0|z|0|h|337|v|1647876254.4208243
TS1:/54321/drone001/attrs:lat|0|lon|0|z|0|h|338|v|1647876254.4253993
TS1:/54321/drone001/attrs:lat|0|lon|0|z|0|h|339|v|1647876254.4298754
TS1:/54321/drone001/attrs:lat|0|lon|0|z|0|h|340|v|1647876254.4343028
TS1:/54321/drone001/attrs:lat|0|lon|0|z|0|h|341|v|1647876254.438741
TS1:/54321/drone001/attrs:lat|0|lon|0|z|0|h|342|v|1647876254.4431536
TS1:/54321/drone001/attrs:lat|0|lon|0|z|0|h|343|v|1647876254.4475605
TS1:/54321/drone001/attrs:lat|0|lon|0|z|0|h|344|v|1647876254.4519384
TS1:/54321/drone001/attrs:lat|0|lon|0|z|0|h|345|v|1647876254.4563138
TS1:/54321/drone001/attrs:lat|0|lon|0|z|0|h|346|v|1647876254.460719
TS1:/54321/drone001/attrs:lat|0|lon|0|z|0|h|347|v|1647876254.4650745
TS1:/54321/drone001/attrs:lat|0|lon|0|z|0|h|348|v|1647876254.4695415
TS1:/54321/drone001/attrs:lat|0|lon|0|z|0|h|349|v|1647876254.4740913
TS1:/54321/drone001/attrs:lat|0|lon|0|z|0|h|350|v|1647876254.4791474
TS1:/54321/drone001/attrs:lat|0|lon|0|z|0|h|351|v|1647876254.4836469
TS1:/54321/drone001/attrs:lat|0|lon|0|z|0|h|352|v|1647876254.4880743
TS1:/54321/drone001/attrs:lat|0|lon|0|z|0|h|353|v|1647876254.4924383
TS1:/54321/drone001/attrs:lat|0|lon|0|z|0|h|354|v|1647876254.4967563
TS1:/54321/drone001/attrs:lat|0|lon|0|z|0|h|355|v|1647876254.501161
TS1:/54321/drone001/attrs:lat|0|lon|0|z|0|h|356|v|1647876254.5055766
TS1:/54321/drone001/attrs:lat|0|lon|0|z|0|h|357|v|1647876254.510047
TS1:/54321/drone001/attrs:lat|0|lon|0|z|0|h|358|v|1647876254.514435
TS1:/54321/drone001/attrs:lat|0|lon|0|z|0|h|359|v|1647876254.5189013
TS1:/54321/drone001/attrs:lat|0|lon|0|z|0|h|360|v|1647876254.5235338
TS1:/54321/drone001/attrs:lat|0|lon|0|z|0|h|361|v|1647876254.527994
TS1:/54321/drone001/attrs:lat|0|lon|0|z|0|h|362|v|1647876254.5324945
TS1:/54321/drone001/attrs:lat|0|lon|0|z|0|h|363|v|1647876254.5367477
TS1:/54321/drone001/attrs:lat|0|lon|0|z|0|h|364|v|1647876254.5410628
TS1:/54321/drone001/attrs:lat|0|lon|0|z|0|h|365|v|1647876254.5454998
TS1:/54321/drone001/attrs:lat|0|lon|0|z|0|h|366|v|1647876254.5500355
TS1:/54321/drone001/attrs:lat|0|lon|0|z|0|h|367|v|1647876254.55465
TS1:/54321/drone001/attrs:lat|0|lon|0|z|0|h|368|v|1647876254.5591
TS1:/54321/drone001/attrs:lat|0|lon|0|z|0|h|369|v|1647876254.5635931
TS1:/54321/drone001/attrs:lat|0|lon|0|z|0|h|370|v|1647876254.568195
TS1:/54321/drone001/attrs:lat|0|lon|0|z|0|h|371|v|1647876254.5728774
TS1:/54321/drone001/attrs:lat|0|lon|0|z|0|h|372|v|1647876254.5775223
TS1:/54321/drone001/attrs:lat|0|lon|0|z|0|h|373|v|1647876254.5822046
TS1:/54321/drone001/attrs:lat|0|lon|0|z|0|h|374|v|1647876254.586904
TS1:/54321/drone001/attrs:lat|0|lon|0|z|0|h|375|v|1647876254.5915601
TS1:/54321/drone001/attrs:lat|0|lon|0|z|0|h|376|v|1647876254.5962512
TS1:/54321/drone001/attrs:lat|0|lon|0|z|0|h|377|v|1647876254.6009328
TS1:/54321/drone001/attrs:lat|0|lon|0|z|0|h|378|v|1647876254.605653
TS1:/54321/drone001/attrs:lat|0|lon|0|z|0|h|379|v|1647876254.6103263
TS1:/54321/drone001/attrs:lat|0|lon|0|z|0|h|380|v|1647876254.6150239
TS1:/54321/drone001/attrs:lat|0|lon|0|z|0|h|381|v|1647876254.6197283
TS1:/54321/drone001/attrs:lat|0|lon|0|z|0|h|382|v|1647876254.6243782
TS1:/54321/drone001/attrs:lat|0|lon|0|z|0|h|383|v|1647876254.6291158
TS1:/54321/drone001/attrs:lat|0|lon|0|z|0|h|384|v|1647876254.633795
TS1:/54321/drone001/attrs:lat|0|lon|0|z|0|h|385|v|1647876254.638497
TS1:/54321/drone001/attrs:lat|0|lon|0|z|0|h|386|v|1647876254.643163
TS1:/54321/drone001/attrs:lat|0|lon|0|z|0|h|387|v|1647876254.6478295
TS1:/54321/drone001/attrs:lat|0|lon|0|z|0|h|388|v|1647876254.6524816
TS1:/54321/drone001/attrs:lat|0|lon|0|z|0|h|389|v|1647876254.6571658
TS1:/54321/drone001/attrs:lat|0|lon|0|z|0|h|390|v|1647876254.6618848
TS1:/54321/drone001/attrs:lat|0|lon|0|z|0|h|391|v|1647876254.6665382
TS1:/54321/drone001/attrs:lat|0|lon|0|z|0|h|392|v|1647876254.6712167
TS1:/54321/drone001/attrs:lat|0|lon|0|z|0|h|393|v|1647876254.675878
TS1:/54321/drone001/attrs:lat|0|lon|0|z|0|h|394|v|1647876254.6805344
TS1:/54321/drone001/attrs:lat|0|lon|0|z|0|h|395|v|1647876254.6852016
TS1:/54321/drone001/attrs:lat|0|lon|0|z|0|h|396|v|1647876254.6899297
TS1:/54321/drone001/attrs:lat|0|lon|0|z|0|h|397|v|1647876254.6945672
TS1:/54321/drone001/attrs:lat|0|lon|0|z|0|h|398|v|1647876254.6992562
TS1:/54321/drone001/attrs:lat|0|lon|0|z|0|h|399|v|1647876254.7038682
TS1:/54321/drone001/attrs:lat|0|lon|0|z|0|h|400|v|1647876254.7085507
TS1:/54321/drone001/attrs:lat|0|lon|0|z|0|h|401|v|1647876254.713229
TS1:/54321/drone001/attrs:lat|0|lon|0|z|0|h|402|v|1647876254.7179306
TS1:/54321/drone001/attrs:lat|0|lon|0|z|0|h|403|v|1647876254.7225783
TS1:/54321/drone001/attrs:lat|0|lon|0|z|0|h|404|v|1647876254.727273
TS1:/54321/drone001/attrs:lat|0|lon|0|z|0|h|405|v|1647876254.7319295
TS1:/54321/drone001/attrs:lat|0|lon|0|z|0|h|406|v|1647876254.7366152
TS1:/54321/drone001/attrs:lat|0|lon|0|z|0|h|407|v|1647876254.7412522
TS1:/54321/drone001/attrs:lat|0|lon|0|z|0|h|408|v|1647876254.7459445
TS1:/54321/drone001/attrs:lat|0|lon|0|z|0|h|409|v|1647876254.7505777
TS1:/54321/drone001/attrs:lat|0|lon|0|z|0|h|410|v|1647876254.75526
TS1:/54321/drone001/attrs:lat|0|lon|0|z|0|h|411|v|1647876254.7599437
TS1:/54321/drone001/attrs:lat|0|lon|0|z|0|h|412|v|1647876254.7645836
TS1:/54321/drone001/attrs:lat|0|lon|0|z|0|h|413|v|1647876254.7692204
TS1:/54321/drone001/attrs:lat|0|lon|0|z|0|h|414|v|1647876254.7739115
TS1:/54321/drone001/attrs:lat|0|lon|0|z|0|h|415|v|1647876254.7785306
TS1:/54321/drone001/attrs:lat|0|lon|0|z|0|h|416|v|1647876254.783161
TS1:/54321/drone001/attrs:lat|0|lon|0|z|0|h|417|v|1647876254.7878702
TS1:/54321/drone001/attrs:lat|0|lon|0|z|0|h|418|v|1647876254.7925394
TS1:/54321/drone001/attrs:lat|0|lon|0|z|0|h|419|v|1647876254.7972288
TS1:/54321/drone001/attrs:lat|0|lon|0|z|0|h|420|v|1647876254.8018486
TS1:/54321/drone001/attrs:lat|0|lon|0|z|0|h|421|v|1647876254.8064847
TS1:/54321/drone001/attrs:lat|0|lon|0|z|0|h|422|v|1647876254.8111272
TS1:/54321/drone001/attrs:lat|0|lon|0|z|0|h|423|v|1647876254.8157978
TS1:/54321/drone001/attrs:lat|0|lon|0|z|0|h|424|v|1647876254.8204782
TS1:/54321/drone001/attrs:lat|0|lon|0|z|0|h|425|v|1647876254.825139
TS1:/54321/drone001/attrs:lat|0|lon|0|z|0|h|426|v|1647876254.8298118
TS1:/54321/drone001/attrs:lat|0|lon|0|z|0|h|427|v|1647876254.834496
TS1:/54321/drone001/attrs:lat|0|lon|0|z|0|h|428|v|1647876254.8391829
TS1:/54321/drone001/attrs:lat|0|lon|0|z|0|h|429|v|1647876254.843836
TS1:/54321/drone001/attrs:lat|0|lon|0|z|0|h|430|v|1647876254.8484945
TS1:/54321/drone001/attrs:lat|0|lon|0|z|0|h|431|v|1647876254.85313
TS1:/54321/drone001/attrs:lat|0|lon|0|z|0|h|432|v|1647876254.857838
TS1:/54321/drone001/attrs:lat|0|lon|0|z|0|h|433|v|1647876254.8624952
TS1:/54321/drone001/attrs:lat|0|lon|0|z|0|h|434|v|1647876254.8671658
TS1:/54321/drone001/attrs:lat|0|lon|0|z|0|h|435|v|1647876254.871836
TS1:/54321/drone001/attrs:lat|0|lon|0|z|0|h|436|v|1647876254.8765306
TS1:/54321/drone001/attrs:lat|0|lon|0|z|0|h|437|v|1647876254.8811994
TS1:/54321/drone001/attrs:lat|0|lon|0|z|0|h|438|v|1647876254.8858457
TS1:/54321/drone001/attrs:lat|0|lon|0|z|0|h|439|v|1647876254.8905008
TS1:/54321/drone001/attrs:lat|0|lon|0|z|0|h|440|v|1647876254.8951924
TS1:/54321/drone001/attrs:lat|0|lon|0|z|0|h|441|v|1647876254.8998456
TS1:/54321/drone001/attrs:lat|0|lon|0|z|0|h|442|v|1647876254.9045348
TS1:/54321/drone001/attrs:lat|0|lon|0|z|0|h|443|v|1647876254.9091885
TS1:/54321/drone001/attrs:lat|0|lon|0|z|0|h|444|v|1647876254.913837
TS1:/54321/drone001/attrs:lat|0|lon|0|z|0|h|445|v|1647876254.918493
TS1:/54321/drone001/attrs:lat|0|lon|0|z|0|h|446|v|1647876254.9231274
TS1:/54321/drone001/attrs:lat|0|lon|0|z|0|h|447|v|1647876254.927829
TS1:/54321/drone001/attrs:lat|0|lon|0|z|0|h|448|v|1647876254.9324954
TS1:/54321/drone001/attrs:lat|0|lon|0|z|0|h|449|v|1647876254.9371257
TS1:/54321/drone001/attrs:lat|0|lon|0|z|0|h|450|v|1647876254.9418123
TS1:/54321/drone001/attrs:lat|0|lon|0|z|0|h|451|v|1647876254.946452
TS1:/54321/drone001/attrs:lat|0|lon|0|z|0|h|452|v|1647876254.9511073
TS1:/54321/drone001/attrs:lat|0|lon|0|z|0|h|453|v|1647876254.9557986
TS1:/54321/drone001/attrs:lat|0|lon|0|z|0|h|454|v|1647876254.9604313
TS1:/54321/drone001/attrs:lat|0|lon|0|z|0|h|455|v|1647876254.9651806
TS1:/54321/drone001/attrs:lat|0|lon|0|z|0|h|456|v|1647876254.9698727
TS1:/54321/drone001/attrs:lat|0|lon|0|z|0|h|457|v|1647876254.974551
TS1:/54321/drone001/attrs:lat|0|lon|0|z|0|h|458|v|1647876254.9792023
TS1:/54321/drone001/attrs:lat|0|lon|0|z|0|h|459|v|1647876254.9838824
TS1:/54321/drone001/attrs:lat|0|lon|0|z|0|h|460|v|1647876254.9885604
TS1:/54321/drone001/attrs:lat|0|lon|0|z|0|h|461|v|1647876254.9931943
TS1:/54321/drone001/attrs:lat|0|lon|0|z|0|h|462|v|1647876254.997886
TS1:/54321/drone001/attrs:lat|0|lon|0|z|0|h|463|v|1647876255.002548
TS1:/54321/drone001/attrs:lat|0|lon|0|z|0|h|464|v|1647876255.0071838
TS1:/54321/drone001/attrs:lat|0|lon|0|z|0|h|465|v|1647876255.0118926
TS1:/54321/drone001/attrs:lat|0|lon|0|z|0|h|466|v|1647876255.01659
TS1:/54321/drone001/attrs:lat|0|lon|0|z|0|h|467|v|1647876255.0212424
TS1:/54321/drone001/attrs:lat|0|lon|0|z|0|h|468|v|1647876255.0259404
TS1:/54321/drone001/attrs:lat|0|lon|0|z|0|h|469|v|1647876255.0305767
TS1:/54321/drone001/attrs:lat|0|lon|0|z|0|h|470|v|1647876255.0352638
TS1:/54321/drone001/attrs:lat|0|lon|0|z|0|h|471|v|1647876255.0399199
TS1:/54321/drone001/attrs:lat|0|lon|0|z|0|h|472|v|1647876255.0446038
TS1:/54321/drone001/attrs:lat|0|lon|0|z|0|h|473|v|1647876255.049241
TS1:/54321/drone001/attrs:lat|0|lon|0|z|0|h|474|v|1647876255.0539289
TS1:/54321/drone001/attrs:lat|0|lon|0|z|0|h|475|v|1647876255.0586035
TS1:/54321/drone001/attrs:lat|0|lon|0|z|0|h|476|v|1647876255.0632923
TS1:/54321/drone001/attrs:lat|0|lon|0|z|0|h|477|v|1647876255.067984
TS1:/54321/drone001/attrs:lat|0|lon|0|z|0|h|478|v|1647876255.072666
TS1:/54321/drone001/attrs:lat|0|lon|0|z|0|h|479|v|1647876255.0775151
TS1:/54321/drone001/attrs:lat|0|lon|0|z|0|h|480|v|1647876255.0822008
TS1:/54321/drone001/attrs:lat|0|lon|0|z|0|h|481|v|1647876255.0868762
TS1:/54321/drone001/attrs:lat|0|lon|0|z|0|h|482|v|1647876255.0915463
TS1:/54321/drone001/attrs:lat|0|lon|0|z|0|h|483|v|1647876255.0962307
TS1:/54321/drone001/attrs:lat|0|lon|0|z|0|h|484|v|1647876255.100938
TS1:/54321/drone001/attrs:lat|0|lon|0|z|0|h|485|v|1647876255.1056507
TS1:/54321/drone001/attrs:lat|0|lon|0|z|0|h|486|v|1647876255.1103342
TS1:/54321/drone001/attrs:lat|0|lon|0|z|0|h|487|v|1647876255.1150444
TS1:/54321/drone001/attrs:lat|0|lon|0|z|0|h|488|v|1647876255.119731
TS1:/54321/drone001/attrs:lat|0|lon|0|z|0|h|489|v|1647876255.1244144
TS1:/54321/drone001/attrs:lat|0|lon|0|z|0|h|490|v|1647876255.1291258
TS1:/54321/drone001/attrs:lat|0|lon|0|z|0|h|491|v|1647876255.13384
TS1:/54321/drone001/attrs:lat|0|lon|0|z|0|h|492|v|1647876255.1384933
TS1:/54321/drone001/attrs:lat|0|lon|0|z|0|h|493|v|1647876255.143161
TS1:/54321/drone001/attrs:lat|0|lon|0|z|0|h|494|v|1647876255.1478436
TS1:/54321/drone001/attrs:lat|0|lon|0|z|0|h|495|v|1647876255.1525328
TS1:/54321/drone001/attrs:lat|0|lon|0|z|0|h|496|v|1647876255.157167
TS1:/54321/drone001/attrs:lat|0|lon|0|z|0|h|497|v|1647876255.161867
TS1:/54321/drone001/attrs:lat|0|lon|0|z|0|h|498|v|1647876255.1665654
TS1:/54321/drone001/attrs:lat|0|lon|0|z|0|h|499|v|1647876255.1712272
TS1:/54321/drone001/attrs:lat|0|lon|0|z|0|h|500|v|1647876255.1759372
TS1:/54321/drone001/attrs:lat|0|lon|0|z|0|h|501|v|1647876255.1806192
TS1:/54321/drone001/attrs:lat|0|lon|0|z|0|h|502|v|1647876255.1853404
TS1:/54321/drone001/attrs:lat|0|lon|0|z|0|h|503|v|1647876255.190031
TS1:/54321/drone001/attrs:lat|0|lon|0|z|0|h|504|v|1647876255.1951616
TS1:/54321/drone001/attrs:lat|0|lon|0|z|0|h|505|v|1647876255.1998377
TS1:/54321/drone001/attrs:lat|0|lon|0|z|0|h|506|v|1647876255.2045295
TS1:/54321/drone001/attrs:lat|0|lon|0|z|0|h|507|v|1647876255.2091641
TS1:/54321/drone001/attrs:lat|0|lon|0|z|0|h|508|v|1647876255.2137935
TS1:/54321/drone001/attrs:lat|0|lon|0|z|0|h|509|v|1647876255.2184262
TS1:/54321/drone001/attrs:lat|0|lon|0|z|0|h|510|v|1647876255.2231054
TS1:/54321/drone001/attrs:lat|0|lon|0|z|0|h|511|v|1647876255.2277634
TS1:/54321/drone001/attrs:lat|0|lon|0|z|0|h|512|v|1647876255.232444
TS1:/54321/drone001/attrs:lat|0|lon|0|z|0|h|513|v|1647876255.237154
TS1:/54321/drone001/attrs:lat|0|lon|0|z|0|h|514|v|1647876255.2418466
TS1:/54321/drone001/attrs:lat|0|lon|0|z|0|h|515|v|1647876255.24656
TS1:/54321/drone001/attrs:lat|0|lon|0|z|0|h|516|v|1647876255.251197
TS1:/54321/drone001/attrs:lat|0|lon|0|z|0|h|517|v|1647876255.255895
TS1:/54321/drone001/attrs:lat|0|lon|0|z|0|h|518|v|1647876255.2605498
TS1:/54321/drone001/attrs:lat|0|lon|0|z|0|h|519|v|1647876255.2651973
TS1:/54321/drone001/attrs:lat|0|lon|0|z|0|h|520|v|1647876255.2699077
TS1:/54321/drone001/attrs:lat|0|lon|0|z|0|h|521|v|1647876255.2745652
TS1:/54321/drone001/attrs:lat|0|lon|0|z|0|h|522|v|1647876255.279199
TS1:/54321/drone001/attrs:lat|0|lon|0|z|0|h|523|v|1647876255.283893
TS1:/54321/drone001/attrs:lat|0|lon|0|z|0|h|524|v|1647876255.288557
TS1:/54321/drone001/attrs:lat|0|lon|0|z|0|h|525|v|1647876255.2932146
TS1:/54321/drone001/attrs:lat|0|lon|0|z|0|h|526|v|1647876255.2978737
TS1:/54321/drone001/attrs:lat|0|lon|0|z|0|h|527|v|1647876255.302545
TS1:/54321/drone001/attrs:lat|0|lon|0|z|0|h|528|v|1647876255.307218
TS1:/54321/drone001/attrs:lat|0|lon|0|z|0|h|529|v|1647876255.3119245
TS1:/54321/drone001/attrs:lat|0|lon|0|z|0|h|530|v|1647876255.3165493
TS1:/54321/drone001/attrs:lat|0|lon|0|z|0|h|531|v|1647876255.3212125
TS1:/54321/drone001/attrs:lat|0|lon|0|z|0|h|532|v|1647876255.3258731
TS1:/54321/drone001/attrs:lat|0|lon|0|z|0|h|533|v|1647876255.330534
TS1:/54321/drone001/attrs:lat|0|lon|0|z|0|h|534|v|1647876255.335213
TS1:/54321/drone001/attrs:lat|0|lon|0|z|0|h|535|v|1647876255.339905
TS1:/54321/drone001/attrs:lat|0|lon|0|z|0|h|536|v|1647876255.3445525
TS1:/54321/drone001/attrs:lat|0|lon|0|z|0|h|537|v|1647876255.349186
TS1:/54321/drone001/attrs:lat|0|lon|0|z|0|h|538|v|1647876255.353861
TS1:/54321/drone001/attrs:lat|0|lon|0|z|0|h|539|v|1647876255.358515
TS1:/54321/drone001/attrs:lat|0|lon|0|z|0|h|540|v|1647876255.3631718
TS1:/54321/drone001/attrs:lat|0|lon|0|z|0|h|541|v|1647876255.3678734
TS1:/54321/drone001/attrs:lat|0|lon|0|z|0|h|542|v|1647876255.372547
TS1:/54321/drone001/attrs:lat|0|lon|0|z|0|h|543|v|1647876255.3772278
TS1:/54321/drone001/attrs:lat|0|lon|0|z|0|h|544|v|1647876255.3818805
TS1:/54321/drone001/attrs:lat|0|lon|0|z|0|h|545|v|1647876255.386558
TS1:/54321/drone001/attrs:lat|0|lon|0|z|0|h|546|v|1647876255.3912416
TS1:/54321/drone001/attrs:lat|0|lon|0|z|0|h|547|v|1647876255.395933
TS1:/54321/drone001/attrs:lat|0|lon|0|z|0|h|548|v|1647876255.400581
TS1:/54321/drone001/attrs:lat|0|lon|0|z|0|h|549|v|1647876255.4052665
TS1:/54321/drone001/attrs:lat|0|lon|0|z|0|h|550|v|1647876255.4099538
TS1:/54321/drone001/attrs:lat|0|lon|0|z|0|h|551|v|1647876255.4146526
TS1:/54321/drone001/attrs:lat|0|lon|0|z|0|h|552|v|1647876255.4192889
TS1:/54321/drone001/attrs:lat|0|lon|0|z|0|h|553|v|1647876255.4239502
TS1:/54321/drone001/attrs:lat|0|lon|0|z|0|h|554|v|1647876255.4285717
TS1:/54321/drone001/attrs:lat|0|lon|0|z|0|h|555|v|1647876255.4332235
TS1:/54321/drone001/attrs:lat|0|lon|0|z|0|h|556|v|1647876255.4378765
TS1:/54321/drone001/attrs:lat|0|lon|0|z|0|h|557|v|1647876255.442566
TS1:/54321/drone001/attrs:lat|0|lon|0|z|0|h|558|v|1647876255.447193
TS1:/54321/drone001/attrs:lat|0|lon|0|z|0|h|559|v|1647876255.451896
TS1:/54321/drone001/attrs:lat|0|lon|0|z|0|h|560|v|1647876255.4565656
TS1:/54321/drone001/attrs:lat|0|lon|0|z|0|h|561|v|1647876255.461257
TS1:/54321/drone001/attrs:lat|0|lon|0|z|0|h|562|v|1647876255.4659083
TS1:/54321/drone001/attrs:lat|0|lon|0|z|0|h|563|v|1647876255.470581
TS1:/54321/drone001/attrs:lat|0|lon|0|z|0|h|564|v|1647876255.47523
TS1:/54321/drone001/attrs:lat|0|lon|0|z|0|h|565|v|1647876255.4798813
TS1:/54321/drone001/attrs:lat|0|lon|0|z|0|h|566|v|1647876255.4845736
TS1:/54321/drone001/attrs:lat|0|lon|0|z|0|h|567|v|1647876255.489229
TS1:/54321/drone001/attrs:lat|0|lon|0|z|0|h|568|v|1647876255.4939368
TS1:/54321/drone001/attrs:lat|0|lon|0|z|0|h|569|v|1647876255.498601
TS1:/54321/drone001/attrs:lat|0|lon|0|z|0|h|570|v|1647876255.5032353
TS1:/54321/drone001/attrs:lat|0|lon|0|z|0|h|571|v|1647876255.5079165
TS1:/54321/drone001/attrs:lat|0|lon|0|z|0|h|572|v|1647876255.5125952
TS1:/54321/drone001/attrs:lat|0|lon|0|z|0|h|573|v|1647876255.5172334
TS1:/54321/drone001/attrs:lat|0|lon|0|z|0|h|574|v|1647876255.5218933
TS1:/54321/drone001/attrs:lat|0|lon|0|z|0|h|575|v|1647876255.5265496
TS1:/54321/drone001/attrs:lat|0|lon|0|z|0|h|576|v|1647876255.5312188
TS1:/54321/drone001/attrs:lat|0|lon|0|z|0|h|577|v|1647876255.5358946
TS1:/54321/drone001/attrs:lat|0|lon|0|z|0|h|578|v|1647876255.540548
TS1:/54321/drone001/attrs:lat|0|lon|0|z|0|h|579|v|1647876255.5452437
TS1:/54321/drone001/attrs:lat|0|lon|0|z|0|h|580|v|1647876255.5498955
TS1:/54321/drone001/attrs:lat|0|lon|0|z|0|h|581|v|1647876255.5545788
TS1:/54321/drone001/attrs:lat|0|lon|0|z|0|h|582|v|1647876255.559267
TS1:/54321/drone001/attrs:lat|0|lon|0|z|0|h|583|v|1647876255.5639327
TS1:/54321/drone001/attrs:lat|0|lon|0|z|0|h|584|v|1647876255.568574
TS1:/54321/drone001/attrs:lat|0|lon|0|z|0|h|585|v|1647876255.5732532
TS1:/54321/drone001/attrs:lat|0|lon|0|z|0|h|586|v|1647876255.5779347
TS1:/54321/drone001/attrs:lat|0|lon|0|z|0|h|587|v|1647876255.5825784
TS1:/54321/drone001/attrs:lat|0|lon|0|z|0|h|588|v|1647876255.587217
TS1:/54321/drone001/attrs:lat|0|lon|0|z|0|h|589|v|1647876255.5919094
TS1:/54321/drone001/attrs:lat|0|lon|0|z|0|h|590|v|1647876255.5965593
TS1:/54321/drone001/attrs:lat|0|lon|0|z|0|h|591|v|1647876255.601211
TS1:/54321/drone001/attrs:lat|0|lon|0|z|0|h|592|v|1647876255.6059172
TS1:/54321/drone001/attrs:lat|0|lon|0|z|0|h|593|v|1647876255.6105733
TS1:/54321/drone001/attrs:lat|0|lon|0|z|0|h|594|v|1647876255.6152608
TS1:/54321/drone001/attrs:lat|0|lon|0|z|0|h|595|v|1647876255.6199415
TS1:/54321/drone001/attrs:lat|0|lon|0|z|0|h|596|v|1647876255.6246347
TS1:/54321/drone001/attrs:lat|0|lon|0|z|0|h|597|v|1647876255.629263
TS1:/54321/drone001/attrs:lat|0|lon|0|z|0|h|598|v|1647876255.6340437
TS1:/54321/drone001/attrs:lat|0|lon|0|z|0|h|599|v|1647876255.6387162
TS1:/54321/drone001/attrs:lat|0|lon|0|z|0|h|600|v|1647876255.6433837
TS1:/54321/drone001/attrs:lat|0|lon|0|z|0|h|601|v|1647876255.6480565
TS1:/54321/drone001/attrs:lat|0|lon|0|z|0|h|602|v|1647876255.6527693
TS1:/54321/drone001/attrs:lat|0|lon|0|z|0|h|603|v|1647876255.657435
TS1:/54321/drone001/attrs:lat|0|lon|0|z|0|h|604|v|1647876255.662152
TS1:/54321/drone001/attrs:lat|0|lon|0|z|0|h|605|v|1647876255.6668017
TS1:/54321/drone001/attrs:lat|0|lon|0|z|0|h|606|v|1647876255.6715062
TS1:/54321/drone001/attrs:lat|0|lon|0|z|0|h|607|v|1647876255.676156
TS1:/54321/drone001/attrs:lat|0|lon|0|z|0|h|608|v|1647876255.6808078
TS1:/54321/drone001/attrs:lat|0|lon|0|z|0|h|609|v|1647876255.685453
TS1:/54321/drone001/attrs:lat|0|lon|0|z|0|h|610|v|1647876255.6901097
TS1:/54321/drone001/attrs:lat|0|lon|0|z|0|h|611|v|1647876255.6948044
TS1:/54321/drone001/attrs:lat|0|lon|0|z|0|h|612|v|1647876255.6994233
TS1:/54321/drone001/attrs:lat|0|lon|0|z|0|h|613|v|1647876255.7041144
TS1:/54321/drone001/attrs:lat|0|lon|0|z|0|h|614|v|1647876255.7088275
TS1:/54321/drone001/attrs:lat|0|lon|0|z|0|h|615|v|1647876255.7135057
TS1:/54321/drone001/attrs:lat|0|lon|0|z|0|h|616|v|1647876255.7181737
TS1:/54321/drone001/attrs:lat|0|lon|0|z|0|h|617|v|1647876255.7228267
TS1:/54321/drone001/attrs:lat|0|lon|0|z|0|h|618|v|1647876255.7274947
TS1:/54321/drone001/attrs:lat|0|lon|0|z|0|h|619|v|1647876255.7320917
TS1:/54321/drone001/attrs:lat|0|lon|0|z|0|h|620|v|1647876255.736688
TS1:/54321/drone001/attrs:lat|0|lon|0|z|0|h|621|v|1647876255.7413464
TS1:/54321/drone001/attrs:lat|0|lon|0|z|0|h|622|v|1647876255.7459776
TS1:/54321/drone001/attrs:lat|0|lon|0|z|0|h|623|v|1647876255.7505946
TS1:/54321/drone001/attrs:lat|0|lon|0|z|0|h|624|v|1647876255.7552583
TS1:/54321/drone001/attrs:lat|0|lon|0|z|0|h|625|v|1647876255.7598543
TS1:/54321/drone001/attrs:lat|0|lon|0|z|0|h|626|v|1647876255.7644303
TS1:/54321/drone001/attrs:lat|0|lon|0|z|0|h|627|v|1647876255.7691176
TS1:/54321/drone001/attrs:lat|0|lon|0|z|0|h|628|v|1647876255.77375
TS1:/54321/drone001/attrs:lat|0|lon|0|z|0|h|629|v|1647876255.7783844
TS1:/54321/drone001/attrs:lat|0|lon|0|z|0|h|630|v|1647876255.7830913
TS1:/54321/drone001/attrs:lat|0|lon|0|z|0|h|631|v|1647876255.7877462
TS1:/54321/drone001/attrs:lat|0|lon|0|z|0|h|632|v|1647876255.7923956
TS1:/54321/drone001/attrs:lat|0|lon|0|z|0|h|633|v|1647876255.7970421
TS1:/54321/drone001/attrs:lat|0|lon|0|z|0|h|634|v|1647876255.8017702
TS1:/54321/drone001/attrs:lat|0|lon|0|z|0|h|635|v|1647876255.806431
TS1:/54321/drone001/attrs:lat|0|lon|0|z|0|h|636|v|1647876255.8110814
TS1:/54321/drone001/attrs:lat|0|lon|0|z|0|h|637|v|1647876255.815775
TS1:/54321/drone001/attrs:lat|0|lon|0|z|0|h|638|v|1647876255.8204818
TS1:/54321/drone001/attrs:lat|0|lon|0|z|0|h|639|v|1647876255.8251293
TS1:/54321/drone001/attrs:lat|0|lon|0|z|0|h|640|v|1647876255.830109
TS1:/54321/drone001/attrs:lat|0|lon|0|z|0|h|641|v|1647876255.8348286
TS1:/54321/drone001/attrs:lat|0|lon|0|z|0|h|642|v|1647876255.8395467
TS1:/54321/drone001/attrs:lat|0|lon|0|z|0|h|643|v|1647876255.8442261
TS1:/54321/drone001/attrs:lat|0|lon|0|z|0|h|644|v|1647876255.8489265
TS1:/54321/drone001/attrs:lat|0|lon|0|z|0|h|645|v|1647876255.8536994
TS1:/54321/drone001/attrs:lat|0|lon|0|z|0|h|646|v|1647876255.858273
TS1:/54321/drone001/attrs:lat|0|lon|0|z|0|h|647|v|1647876255.8629398
TS1:/54321/drone001/attrs:lat|0|lon|0|z|0|h|648|v|1647876255.8676004
TS1:/54321/drone001/attrs:lat|0|lon|0|z|0|h|649|v|1647876255.8722315
TS1:/54321/drone001/attrs:lat|0|lon|0|z|0|h|650|v|1647876255.876885
TS1:/54321/drone001/attrs:lat|0|lon|0|z|0|h|651|v|1647876255.8815901
TS1:/54321/drone001/attrs:lat|0|lon|0|z|0|h|652|v|1647876255.8862252
TS1:/54321/drone001/attrs:lat|0|lon|0|z|0|h|653|v|1647876255.8909202
TS1:/54321/drone001/attrs:lat|0|lon|0|z|0|h|654|v|1647876255.8956108
TS1:/54321/drone001/attrs:lat|0|lon|0|z|0|h|655|v|1647876255.9002593
TS1:/54321/drone001/attrs:lat|0|lon|0|z|0|h|656|v|1647876255.9050314
TS1:/54321/drone001/attrs:lat|0|lon|0|z|0|h|657|v|1647876255.9097295
TS1:/54321/drone001/attrs:lat|0|lon|0|z|0|h|658|v|1647876255.914362
TS1:/54321/drone001/attrs:lat|0|lon|0|z|0|h|659|v|1647876255.9190814
TS1:/54321/drone001/attrs:lat|0|lon|0|z|0|h|660|v|1647876255.9237702
TS1:/54321/drone001/attrs:lat|0|lon|0|z|0|h|661|v|1647876255.9284234
TS1:/54321/drone001/attrs:lat|0|lon|0|z|0|h|662|v|1647876255.9331415
TS1:/54321/drone001/attrs:lat|0|lon|0|z|0|h|663|v|1647876255.9378104
TS1:/54321/drone001/attrs:lat|0|lon|0|z|0|h|664|v|1647876255.9425251
TS1:/54321/drone001/attrs:lat|0|lon|0|z|0|h|665|v|1647876255.9471831
TS1:/54321/drone001/attrs:lat|0|lon|0|z|0|h|666|v|1647876255.95187
TS1:/54321/drone001/attrs:lat|0|lon|0|z|0|h|667|v|1647876255.956534
TS1:/54321/drone001/attrs:lat|0|lon|0|z|0|h|668|v|1647876255.9611957
TS1:/54321/drone001/attrs:lat|0|lon|0|z|0|h|669|v|1647876255.9659119
TS1:/54321/drone001/attrs:lat|0|lon|0|z|0|h|670|v|1647876255.9705646
TS1:/54321/drone001/attrs:lat|0|lon|0|z|0|h|671|v|1647876255.9761696
TS1:/54321/drone001/attrs:lat|0|lon|0|z|0|h|672|v|1647876255.9808476
TS1:/54321/drone001/attrs:lat|0|lon|0|z|0|h|673|v|1647876255.9855387
TS1:/54321/drone001/attrs:lat|0|lon|0|z|0|h|674|v|1647876255.9902003
TS1:/54321/drone001/attrs:lat|0|lon|0|z|0|h|675|v|1647876255.9949684
TS1:/54321/drone001/attrs:lat|0|lon|0|z|0|h|676|v|1647876255.9996445
TS1:/54321/drone001/attrs:lat|0|lon|0|z|0|h|677|v|1647876256.0043252
TS1:/54321/drone001/attrs:lat|0|lon|0|z|0|h|678|v|1647876256.009004
TS1:/54321/drone001/attrs:lat|0|lon|0|z|0|h|679|v|1647876256.0137172
TS1:/54321/drone001/attrs:lat|0|lon|0|z|0|h|680|v|1647876256.0183818
TS1:/54321/drone001/attrs:lat|0|lon|0|z|0|h|681|v|1647876256.0230558
TS1:/54321/drone001/attrs:lat|0|lon|0|z|0|h|682|v|1647876256.0277138
TS1:/54321/drone001/attrs:lat|0|lon|0|z|0|h|683|v|1647876256.0323703
TS1:/54321/drone001/attrs:lat|0|lon|0|z|0|h|684|v|1647876256.0371137
TS1:/54321/drone001/attrs:lat|0|lon|0|z|0|h|685|v|1647876256.041761
TS1:/54321/drone001/attrs:lat|0|lon|0|z|0|h|686|v|1647876256.0464451
TS1:/54321/drone001/attrs:lat|0|lon|0|z|0|h|687|v|1647876256.051122
TS1:/54321/drone001/attrs:lat|0|lon|0|z|0|h|688|v|1647876256.0558064
TS1:/54321/drone001/attrs:lat|0|lon|0|z|0|h|689|v|1647876256.0605133
TS1:/54321/drone001/attrs:lat|0|lon|0|z|0|h|690|v|1647876256.0651567
TS1:/54321/drone001/attrs:lat|0|lon|0|z|0|h|691|v|1647876256.069809
TS1:/54321/drone001/attrs:lat|0|lon|0|z|0|h|692|v|1647876256.0744858
TS1:/54321/drone001/attrs:lat|0|lon|0|z|0|h|693|v|1647876256.0791676
TS1:/54321/drone001/attrs:lat|0|lon|0|z|0|h|694|v|1647876256.0838294
TS1:/54321/drone001/attrs:lat|0|lon|0|z|0|h|695|v|1647876256.0885327
TS1:/54321/drone001/attrs:lat|0|lon|0|z|0|h|696|v|1647876256.0931814
TS1:/54321/drone001/attrs:lat|0|lon|0|z|0|h|697|v|1647876256.0978875
TS1:/54321/drone001/attrs:lat|0|lon|0|z|0|h|698|v|1647876256.102563
TS1:/54321/drone001/attrs:lat|0|lon|0|z|0|h|699|v|1647876256.1072018
TS1:/54321/drone001/attrs:lat|0|lon|0|z|0|h|700|v|1647876256.1119072
TS1:/54321/drone001/attrs:lat|0|lon|0|z|0|h|701|v|1647876256.1165657
TS1:/54321/drone001/attrs:lat|0|lon|0|z|0|h|702|v|1647876256.1212492
TS1:/54321/drone001/attrs:lat|0|lon|0|z|0|h|703|v|1647876256.125957
TS1:/54321/drone001/attrs:lat|0|lon|0|z|0|h|704|v|1647876256.1306398
TS1:/54321/drone001/attrs:lat|0|lon|0|z|0|h|705|v|1647876256.135294
TS1:/54321/drone001/attrs:lat|0|lon|0|z|0|h|706|v|1647876256.1400023
TS1:/54321/drone001/attrs:lat|0|lon|0|z|0|h|707|v|1647876256.1446664
TS1:/54321/drone001/attrs:lat|0|lon|0|z|0|h|708|v|1647876256.1493347
TS1:/54321/drone001/attrs:lat|0|lon|0|z|0|h|709|v|1647876256.1539984
TS1:/54321/drone001/attrs:lat|0|lon|0|z|0|h|710|v|1647876256.1587007
TS1:/54321/drone001/attrs:lat|0|lon|0|z|0|h|711|v|1647876256.1633866
TS1:/54321/drone001/attrs:lat|0|lon|0|z|0|h|712|v|1647876256.1680572
TS1:/54321/drone001/attrs:lat|0|lon|0|z|0|h|713|v|1647876256.1727762
TS1:/54321/drone001/attrs:lat|0|lon|0|z|0|h|714|v|1647876256.177508
TS1:/54321/drone001/attrs:lat|0|lon|0|z|0|h|715|v|1647876256.182191
TS1:/54321/drone001/attrs:lat|0|lon|0|z|0|h|716|v|1647876256.1868703
TS1:/54321/drone001/attrs:lat|0|lon|0|z|0|h|717|v|1647876256.1916397
TS1:/54321/drone001/attrs:lat|0|lon|0|z|0|h|718|v|1647876256.1963232
TS1:/54321/drone001/attrs:lat|0|lon|0|z|0|h|719|v|1647876256.201
TS1:/54321/drone001/attrs:lat|0|lon|0|z|0|h|720|v|1647876256.2056994
TS1:/54321/drone001/attrs:lat|0|lon|0|z|0|h|721|v|1647876256.2103887
TS1:/54321/drone001/attrs:lat|0|lon|0|z|0|h|722|v|1647876256.2150593
TS1:/54321/drone001/attrs:lat|0|lon|0|z|0|h|723|v|1647876256.219755
TS1:/54321/drone001/attrs:lat|0|lon|0|z|0|h|724|v|1647876256.2244244
TS1:/54321/drone001/attrs:lat|0|lon|0|z|0|h|725|v|1647876256.2291317
TS1:/54321/drone001/attrs:lat|0|lon|0|z|0|h|726|v|1647876256.2338336
TS1:/54321/drone001/attrs:lat|0|lon|0|z|0|h|727|v|1647876256.2385337
TS1:/54321/drone001/attrs:lat|0|lon|0|z|0|h|728|v|1647876256.243215
TS1:/54321/drone001/attrs:lat|0|lon|0|z|0|h|729|v|1647876256.247882
TS1:/54321/drone001/attrs:lat|0|lon|0|z|0|h|730|v|1647876256.2525673
TS1:/54321/drone001/attrs:lat|0|lon|0|z|0|h|731|v|1647876256.2572467
TS1:/54321/drone001/attrs:lat|0|lon|0|z|0|h|732|v|1647876256.261926
TS1:/54321/drone001/attrs:lat|0|lon|0|z|0|h|733|v|1647876256.2666104
TS1:/54321/drone001/attrs:lat|0|lon|0|z|0|h|734|v|1647876256.2712657
TS1:/54321/drone001/attrs:lat|0|lon|0|z|0|h|735|v|1647876256.2759693
TS1:/54321/drone001/attrs:lat|0|lon|0|z|0|h|736|v|1647876256.280627
TS1:/54321/drone001/attrs:lat|0|lon|0|z|0|h|737|v|1647876256.2852762
TS1:/54321/drone001/attrs:lat|0|lon|0|z|0|h|738|v|1647876256.2899585
TS1:/54321/drone001/attrs:lat|0|lon|0|z|0|h|739|v|1647876256.2946334
TS1:/54321/drone001/attrs:lat|0|lon|0|z|0|h|740|v|1647876256.2993274
TS1:/54321/drone001/attrs:lat|0|lon|0|z|0|h|741|v|1647876256.3040116
TS1:/54321/drone001/attrs:lat|0|lon|0|z|0|h|742|v|1647876256.3087
TS1:/54321/drone001/attrs:lat|0|lon|0|z|0|h|743|v|1647876256.31338
TS1:/54321/drone001/attrs:lat|0|lon|0|z|0|h|744|v|1647876256.3180318
TS1:/54321/drone001/attrs:lat|0|lon|0|z|0|h|745|v|1647876256.3227365
TS1:/54321/drone001/attrs:lat|0|lon|0|z|0|h|746|v|1647876256.3273654
TS1:/54321/drone001/attrs:lat|0|lon|0|z|0|h|747|v|1647876256.3320625
TS1:/54321/drone001/attrs:lat|0|lon|0|z|0|h|748|v|1647876256.3367167
TS1:/54321/drone001/attrs:lat|0|lon|0|z|0|h|749|v|1647876256.3414438
TS1:/54321/drone001/attrs:lat|0|lon|0|z|0|h|750|v|1647876256.3460898
TS1:/54321/drone001/attrs:lat|0|lon|0|z|0|h|751|v|1647876256.350774
TS1:/54321/drone001/attrs:lat|0|lon|0|z|0|h|752|v|1647876256.355407
TS1:/54321/drone001/attrs:lat|0|lon|0|z|0|h|753|v|1647876256.3600855
TS1:/54321/drone001/attrs:lat|0|lon|0|z|0|h|754|v|1647876256.3647776
TS1:/54321/drone001/attrs:lat|0|lon|0|z|0|h|755|v|1647876256.3695097
TS1:/54321/drone001/attrs:lat|0|lon|0|z|0|h|756|v|1647876256.3741937
TS1:/54321/drone001/attrs:lat|0|lon|0|z|0|h|757|v|1647876256.3788905
TS1:/54321/drone001/attrs:lat|0|lon|0|z|0|h|758|v|1647876256.383543
TS1:/54321/drone001/attrs:lat|0|lon|0|z|0|h|759|v|1647876256.388208
TS1:/54321/drone001/attrs:lat|0|lon|0|z|0|h|760|v|1647876256.392909
TS1:/54321/drone001/attrs:lat|0|lon|0|z|0|h|761|v|1647876256.3972616
TS1:/54321/drone001/attrs:lat|0|lon|0|z|0|h|762|v|1647876256.4020762
TS1:/54321/drone001/attrs:lat|0|lon|0|z|0|h|763|v|1647876256.4067793
TS1:/54321/drone001/attrs:lat|0|lon|0|z|0|h|764|v|1647876256.4114347
TS1:/54321/drone001/attrs:lat|0|lon|0|z|0|h|765|v|1647876256.4160774
TS1:/54321/drone001/attrs:lat|0|lon|0|z|0|h|766|v|1647876256.420732
TS1:/54321/drone001/attrs:lat|0|lon|0|z|0|h|767|v|1647876256.425414
TS1:/54321/drone001/attrs:lat|0|lon|0|z|0|h|768|v|1647876256.4300966
TS1:/54321/drone001/attrs:lat|0|lon|0|z|0|h|769|v|1647876256.4347978
TS1:/54321/drone001/attrs:lat|0|lon|0|z|0|h|770|v|1647876256.4394805
TS1:/54321/drone001/attrs:lat|0|lon|0|z|0|h|771|v|1647876256.444162
TS1:/54321/drone001/attrs:lat|0|lon|0|z|0|h|772|v|1647876256.4488108
TS1:/54321/drone001/attrs:lat|0|lon|0|z|0|h|773|v|1647876256.453517
TS1:/54321/drone001/attrs:lat|0|lon|0|z|0|h|774|v|1647876256.4581995
TS1:/54321/drone001/attrs:lat|0|lon|0|z|0|h|775|v|1647876256.4629107
TS1:/54321/drone001/attrs:lat|0|lon|0|z|0|h|776|v|1647876256.4675763
TS1:/54321/drone001/attrs:lat|0|lon|0|z|0|h|777|v|1647876256.4722097
TS1:/54321/drone001/attrs:lat|0|lon|0|z|0|h|778|v|1647876256.4768903
TS1:/54321/drone001/attrs:lat|0|lon|0|z|0|h|779|v|1647876256.4816072
TS1:/54321/drone001/attrs:lat|0|lon|0|z|0|h|780|v|1647876256.4862401
TS1:/54321/drone001/attrs:lat|0|lon|0|z|0|h|781|v|1647876256.4909134
TS1:/54321/drone001/attrs:lat|0|lon|0|z|0|h|782|v|1647876256.495566
TS1:/54321/drone001/attrs:lat|0|lon|0|z|0|h|783|v|1647876256.500257
TS1:/54321/drone001/attrs:lat|0|lon|0|z|0|h|784|v|1647876256.5049746
TS1:/54321/drone001/attrs:lat|0|lon|0|z|0|h|785|v|1647876256.5096674
TS1:/54321/drone001/attrs:lat|0|lon|0|z|0|h|786|v|1647876256.5143292
TS1:/54321/drone001/attrs:lat|0|lon|0|z|0|h|787|v|1647876256.5189855
TS1:/54321/drone001/attrs:lat|0|lon|0|z|0|h|788|v|1647876256.5236554
TS1:/54321/drone001/attrs:lat|0|lon|0|z|0|h|789|v|1647876256.5282867
TS1:/54321/drone001/attrs:lat|0|lon|0|z|0|h|790|v|1647876256.533001
TS1:/54321/drone001/attrs:lat|0|lon|0|z|0|h|791|v|1647876256.5377076
TS1:/54321/drone001/attrs:lat|0|lon|0|z|0|h|792|v|1647876256.5423403
TS1:/54321/drone001/attrs:lat|0|lon|0|z|0|h|793|v|1647876256.5470347
TS1:/54321/drone001/attrs:lat|0|lon|0|z|0|h|794|v|1647876256.5517323
TS1:/54321/drone001/attrs:lat|0|lon|0|z|0|h|795|v|1647876256.5563817
TS1:/54321/drone001/attrs:lat|0|lon|0|z|0|h|796|v|1647876256.5616884
TS1:/54321/drone001/attrs:lat|0|lon|0|z|0|h|797|v|1647876256.5663576
TS1:/54321/drone001/attrs:lat|0|lon|0|z|0|h|798|v|1647876256.5710323
TS1:/54321/drone001/attrs:lat|0|lon|0|z|0|h|799|v|1647876256.575739
TS1:/54321/drone001/attrs:lat|0|lon|0|z|0|h|800|v|1647876256.580413
TS1:/54321/drone001/attrs:lat|0|lon|0|z|0|h|801|v|1647876256.5850654
TS1:/54321/drone001/attrs:lat|0|lon|0|z|0|h|802|v|1647876256.589806
TS1:/54321/drone001/attrs:lat|0|lon|0|z|0|h|803|v|1647876256.5944393
TS1:/54321/drone001/attrs:lat|0|lon|0|z|0|h|804|v|1647876256.5990949
TS1:/54321/drone001/attrs:lat|0|lon|0|z|0|h|805|v|1647876256.6037476
TS1:/54321/drone001/attrs:lat|0|lon|0|z|0|h|806|v|1647876256.6084094
TS1:/54321/drone001/attrs:lat|0|lon|0|z|0|h|807|v|1647876256.6130412
TS1:/54321/drone001/attrs:lat|0|lon|0|z|0|h|808|v|1647876256.617751
TS1:/54321/drone001/attrs:lat|0|lon|0|z|0|h|809|v|1647876256.622424
TS1:/54321/drone001/attrs:lat|0|lon|0|z|0|h|810|v|1647876256.6270983
TS1:/54321/drone001/attrs:lat|0|lon|0|z|0|h|811|v|1647876256.6317914
TS1:/54321/drone001/attrs:lat|0|lon|0|z|0|h|812|v|1647876256.6364827
TS1:/54321/drone001/attrs:lat|0|lon|0|z|0|h|813|v|1647876256.6411328
TS1:/54321/drone001/attrs:lat|0|lon|0|z|0|h|814|v|1647876256.6458054
TS1:/54321/drone001/attrs:lat|0|lon|0|z|0|h|815|v|1647876256.6504817
TS1:/54321/drone001/attrs:lat|0|lon|0|z|0|h|816|v|1647876256.6551852
TS1:/54321/drone001/attrs:lat|0|lon|0|z|0|h|817|v|1647876256.6598735
TS1:/54321/drone001/attrs:lat|0|lon|0|z|0|h|818|v|1647876256.664566
TS1:/54321/drone001/attrs:lat|0|lon|0|z|0|h|819|v|1647876256.66925
TS1:/54321/drone001/attrs:lat|0|lon|0|z|0|h|820|v|1647876256.6738474
TS1:/54321/drone001/attrs:lat|0|lon|0|z|0|h|821|v|1647876256.6785312
TS1:/54321/drone001/attrs:lat|0|lon|0|z|0|h|822|v|1647876256.6831622
TS1:/54321/drone001/attrs:lat|0|lon|0|z|0|h|823|v|1647876256.6878502
TS1:/54321/drone001/attrs:lat|0|lon|0|z|0|h|824|v|1647876256.69255
TS1:/54321/drone001/attrs:lat|0|lon|0|z|0|h|825|v|1647876256.6972036
TS1:/54321/drone001/attrs:lat|0|lon|0|z|0|h|826|v|1647876256.701866
TS1:/54321/drone001/attrs:lat|0|lon|0|z|0|h|827|v|1647876256.7065597
TS1:/54321/drone001/attrs:lat|0|lon|0|z|0|h|828|v|1647876256.7112062
TS1:/54321/drone001/attrs:lat|0|lon|0|z|0|h|829|v|1647876256.7159019
TS1:/54321/drone001/attrs:lat|0|lon|0|z|0|h|830|v|1647876256.7205613
TS1:/54321/drone001/attrs:lat|0|lon|0|z|0|h|831|v|1647876256.7252378
TS1:/54321/drone001/attrs:lat|0|lon|0|z|0|h|832|v|1647876256.7299423
TS1:/54321/drone001/attrs:lat|0|lon|0|z|0|h|833|v|1647876256.7345748
TS1:/54321/drone001/attrs:lat|0|lon|0|z|0|h|834|v|1647876256.7392292
TS1:/54321/drone001/attrs:lat|0|lon|0|z|0|h|835|v|1647876256.74388
TS1:/54321/drone001/attrs:lat|0|lon|0|z|0|h|836|v|1647876256.7486556
TS1:/54321/drone001/attrs:lat|0|lon|0|z|0|h|837|v|1647876256.7533405
TS1:/54321/drone001/attrs:lat|0|lon|0|z|0|h|838|v|1647876256.7579913
TS1:/54321/drone001/attrs:lat|0|lon|0|z|0|h|839|v|1647876256.7626786
TS1:/54321/drone001/attrs:lat|0|lon|0|z|0|h|840|v|1647876256.767311
TS1:/54321/drone001/attrs:lat|0|lon|0|z|0|h|841|v|1647876256.7720075
TS1:/54321/drone001/attrs:lat|0|lon|0|z|0|h|842|v|1647876256.7767005
TS1:/54321/drone001/attrs:lat|0|lon|0|z|0|h|843|v|1647876256.7814116
TS1:/54321/drone001/attrs:lat|0|lon|0|z|0|h|844|v|1647876256.786064
TS1:/54321/drone001/attrs:lat|0|lon|0|z|0|h|845|v|1647876256.7907417
TS1:/54321/drone001/attrs:lat|0|lon|0|z|0|h|846|v|1647876256.7954264
TS1:/54321/drone001/attrs:lat|0|lon|0|z|0|h|847|v|1647876256.8001335
TS1:/54321/drone001/attrs:lat|0|lon|0|z|0|h|848|v|1647876256.8048375
TS1:/54321/drone001/attrs:lat|0|lon|0|z|0|h|849|v|1647876256.8095388
TS1:/54321/drone001/attrs:lat|0|lon|0|z|0|h|850|v|1647876256.814219
TS1:/54321/drone001/attrs:lat|0|lon|0|z|0|h|851|v|1647876256.8188736
TS1:/54321/drone001/attrs:lat|0|lon|0|z|0|h|852|v|1647876256.8235264
TS1:/54321/drone001/attrs:lat|0|lon|0|z|0|h|853|v|1647876256.8282113
TS1:/54321/drone001/attrs:lat|0|lon|0|z|0|h|854|v|1647876256.8328862
TS1:/54321/drone001/attrs:lat|0|lon|0|z|0|h|855|v|1647876256.8375876
TS1:/54321/drone001/attrs:lat|0|lon|0|z|0|h|856|v|1647876256.842268
TS1:/54321/drone001/attrs:lat|0|lon|0|z|0|h|857|v|1647876256.8469455
TS1:/54321/drone001/attrs:lat|0|lon|0|z|0|h|858|v|1647876256.8515754
TS1:/54321/drone001/attrs:lat|0|lon|0|z|0|h|859|v|1647876256.8562548
TS1:/54321/drone001/attrs:lat|0|lon|0|z|0|h|860|v|1647876256.860931
TS1:/54321/drone001/attrs:lat|0|lon|0|z|0|h|861|v|1647876256.8656046
TS1:/54321/drone001/attrs:lat|0|lon|0|z|0|h|862|v|1647876256.870295
TS1:/54321/drone001/attrs:lat|0|lon|0|z|0|h|863|v|1647876256.8749423
TS1:/54321/drone001/attrs:lat|0|lon|0|z|0|h|864|v|1647876256.8796246
TS1:/54321/drone001/attrs:lat|0|lon|0|z|0|h|865|v|1647876256.884266
TS1:/54321/drone001/attrs:lat|0|lon|0|z|0|h|866|v|1647876256.8889396
TS1:/54321/drone001/attrs:lat|0|lon|0|z|0|h|867|v|1647876256.8936665
TS1:/54321/drone001/attrs:lat|0|lon|0|z|0|h|868|v|1647876256.898297
TS1:/54321/drone001/attrs:lat|0|lon|0|z|0|h|869|v|1647876256.902982
TS1:/54321/drone001/attrs:lat|0|lon|0|z|0|h|870|v|1647876256.9076676
TS1:/54321/drone001/attrs:lat|0|lon|0|z|0|h|871|v|1647876256.9122992
TS1:/54321/drone001/attrs:lat|0|lon|0|z|0|h|872|v|1647876256.9169655
TS1:/54321/drone001/attrs:lat|0|lon|0|z|0|h|873|v|1647876256.92166
TS1:/54321/drone001/attrs:lat|0|lon|0|z|0|h|874|v|1647876256.926305
TS1:/54321/drone001/attrs:lat|0|lon|0|z|0|h|875|v|1647876256.9310095
TS1:/54321/drone001/attrs:lat|0|lon|0|z|0|h|876|v|1647876256.9356558
TS1:/54321/drone001/attrs:lat|0|lon|0|z|0|h|877|v|1647876256.9402862
TS1:/54321/drone001/attrs:lat|0|lon|0|z|0|h|878|v|1647876256.9449542
TS1:/54321/drone001/attrs:lat|0|lon|0|z|0|h|879|v|1647876256.9496624
TS1:/54321/drone001/attrs:lat|0|lon|0|z|0|h|880|v|1647876256.9543266
TS1:/54321/drone001/attrs:lat|0|lon|0|z|0|h|881|v|1647876256.9590266
TS1:/54321/drone001/attrs:lat|0|lon|0|z|0|h|882|v|1647876256.963658
TS1:/54321/drone001/attrs:lat|0|lon|0|z|0|h|883|v|1647876256.9683185
TS1:/54321/drone001/attrs:lat|0|lon|0|z|0|h|884|v|1647876256.9729702
TS1:/54321/drone001/attrs:lat|0|lon|0|z|0|h|885|v|1647876256.977702
TS1:/54321/drone001/attrs:lat|0|lon|0|z|0|h|886|v|1647876256.9823601
TS1:/54321/drone001/attrs:lat|0|lon|0|z|0|h|887|v|1647876256.9870603
TS1:/54321/drone001/attrs:lat|0|lon|0|z|0|h|888|v|1647876256.99174
TS1:/54321/drone001/attrs:lat|0|lon|0|z|0|h|889|v|1647876256.9963555
TS1:/54321/drone001/attrs:lat|0|lon|0|z|0|h|890|v|1647876257.0010092
TS1:/54321/drone001/attrs:lat|0|lon|0|z|0|h|891|v|1647876257.0056918
TS1:/54321/drone001/attrs:lat|0|lon|0|z|0|h|892|v|1647876257.0103397
TS1:/54321/drone001/attrs:lat|0|lon|0|z|0|h|893|v|1647876257.0151696
TS1:/54321/drone001/attrs:lat|0|lon|0|z|0|h|894|v|1647876257.0198197
TS1:/54321/drone001/attrs:lat|0|lon|0|z|0|h|895|v|1647876257.0245004
TS1:/54321/drone001/attrs:lat|0|lon|0|z|0|h|896|v|1647876257.0291572
TS1:/54321/drone001/attrs:lat|0|lon|0|z|0|h|897|v|1647876257.0338542
TS1:/54321/drone001/attrs:lat|0|lon|0|z|0|h|898|v|1647876257.038533
TS1:/54321/drone001/attrs:lat|0|lon|0|z|0|h|899|v|1647876257.0431614
TS1:/54321/drone001/attrs:lat|0|lon|0|z|0|h|900|v|1647876257.0478594
TS1:/54321/drone001/attrs:lat|0|lon|0|z|0|h|901|v|1647876257.0525436
TS1:/54321/drone001/attrs:lat|0|lon|0|z|0|h|902|v|1647876257.057179
TS1:/54321/drone001/attrs:lat|0|lon|0|z|0|h|903|v|1647876257.0618799
TS1:/54321/drone001/attrs:lat|0|lon|0|z|0|h|904|v|1647876257.0665329
TS1:/54321/drone001/attrs:lat|0|lon|0|z|0|h|905|v|1647876257.071218
TS1:/54321/drone001/attrs:lat|0|lon|0|z|0|h|906|v|1647876257.075909
TS1:/54321/drone001/attrs:lat|0|lon|0|z|0|h|907|v|1647876257.08056
TS1:/54321/drone001/attrs:lat|0|lon|0|z|0|h|908|v|1647876257.0851917
TS1:/54321/drone001/attrs:lat|0|lon|0|z|0|h|909|v|1647876257.089876
TS1:/54321/drone001/attrs:lat|0|lon|0|z|0|h|910|v|1647876257.0945594
TS1:/54321/drone001/attrs:lat|0|lon|0|z|0|h|911|v|1647876257.0991716
TS1:/54321/drone001/attrs:lat|0|lon|0|z|0|h|912|v|1647876257.103864
TS1:/54321/drone001/attrs:lat|0|lon|0|z|0|h|913|v|1647876257.1085436
TS1:/54321/drone001/attrs:lat|0|lon|0|z|0|h|914|v|1647876257.1131754
TS1:/54321/drone001/attrs:lat|0|lon|0|z|0|h|915|v|1647876257.1178768
TS1:/54321/drone001/attrs:lat|0|lon|0|z|0|h|916|v|1647876257.122545
TS1:/54321/drone001/attrs:lat|0|lon|0|z|0|h|917|v|1647876257.1272206
TS1:/54321/drone001/attrs:lat|0|lon|0|z|0|h|918|v|1647876257.1319072
TS1:/54321/drone001/attrs:lat|0|lon|0|z|0|h|919|v|1647876257.1365921
TS1:/54321/drone001/attrs:lat|0|lon|0|z|0|h|920|v|1647876257.141255
TS1:/54321/drone001/attrs:lat|0|lon|0|z|0|h|921|v|1647876257.1459045
TS1:/54321/drone001/attrs:lat|0|lon|0|z|0|h|922|v|1647876257.1505518
TS1:/54321/drone001/attrs:lat|0|lon|0|z|0|h|923|v|1647876257.1551895
TS1:/54321/drone001/attrs:lat|0|lon|0|z|0|h|924|v|1647876257.1598592
TS1:/54321/drone001/attrs:lat|0|lon|0|z|0|h|925|v|1647876257.16456
TS1:/54321/drone001/attrs:lat|0|lon|0|z|0|h|926|v|1647876257.1692035
TS1:/54321/drone001/attrs:lat|0|lon|0|z|0|h|927|v|1647876257.1738603
TS1:/54321/drone001/attrs:lat|0|lon|0|z|0|h|928|v|1647876257.1785607
TS1:/54321/drone001/attrs:lat|0|lon|0|z|0|h|929|v|1647876257.1832268
TS1:/54321/drone001/attrs:lat|0|lon|0|z|0|h|930|v|1647876257.187867
TS1:/54321/drone001/attrs:lat|0|lon|0|z|0|h|931|v|1647876257.1925159
TS1:/54321/drone001/attrs:lat|0|lon|0|z|0|h|932|v|1647876257.1972027
TS1:/54321/drone001/attrs:lat|0|lon|0|z|0|h|933|v|1647876257.2018745
TS1:/54321/drone001/attrs:lat|0|lon|0|z|0|h|934|v|1647876257.2065625
TS1:/54321/drone001/attrs:lat|0|lon|0|z|0|h|935|v|1647876257.2111943
TS1:/54321/drone001/attrs:lat|0|lon|0|z|0|h|936|v|1647876257.2158856
TS1:/54321/drone001/attrs:lat|0|lon|0|z|0|h|937|v|1647876257.2205293
TS1:/54321/drone001/attrs:lat|0|lon|0|z|0|h|938|v|1647876257.2251682
TS1:/54321/drone001/attrs:lat|0|lon|0|z|0|h|939|v|1647876257.2298667
TS1:/54321/drone001/attrs:lat|0|lon|0|z|0|h|940|v|1647876257.2345362
TS1:/54321/drone001/attrs:lat|0|lon|0|z|0|h|941|v|1647876257.239158
TS1:/54321/drone001/attrs:lat|0|lon|0|z|0|h|942|v|1647876257.2437994
TS1:/54321/drone001/attrs:lat|0|lon|0|z|0|h|943|v|1647876257.248434
TS1:/54321/drone001/attrs:lat|0|lon|0|z|0|h|944|v|1647876257.253142
TS1:/54321/drone001/attrs:lat|0|lon|0|z|0|h|945|v|1647876257.2577496
TS1:/54321/drone001/attrs:lat|0|lon|0|z|0|h|946|v|1647876257.2624252
TS1:/54321/drone001/attrs:lat|0|lon|0|z|0|h|947|v|1647876257.2670834
TS1:/54321/drone001/attrs:lat|0|lon|0|z|0|h|948|v|1647876257.2717538
TS1:/54321/drone001/attrs:lat|0|lon|0|z|0|h|949|v|1647876257.2764015
TS1:/54321/drone001/attrs:lat|0|lon|0|z|0|h|950|v|1647876257.2811155
TS1:/54321/drone001/attrs:lat|0|lon|0|z|0|h|951|v|1647876257.285769
TS1:/54321/drone001/attrs:lat|0|lon|0|z|0|h|952|v|1647876257.2905016
TS1:/54321/drone001/attrs:lat|0|lon|0|z|0|h|953|v|1647876257.2951343
TS1:/54321/drone001/attrs:lat|0|lon|0|z|0|h|954|v|1647876257.2998335
TS1:/54321/drone001/attrs:lat|0|lon|0|z|0|h|955|v|1647876257.3045852
TS1:/54321/drone001/attrs:lat|0|lon|0|z|0|h|956|v|1647876257.3092172
TS1:/54321/drone001/attrs:lat|0|lon|0|z|0|h|957|v|1647876257.3139133
TS1:/54321/drone001/attrs:lat|0|lon|0|z|0|h|958|v|1647876257.318547
TS1:/54321/drone001/attrs:lat|0|lon|0|z|0|h|959|v|1647876257.3231747
TS1:/54321/drone001/attrs:lat|0|lon|0|z|0|h|960|v|1647876257.3278294
TS1:/54321/drone001/attrs:lat|0|lon|0|z|0|h|961|v|1647876257.332517
TS1:/54321/drone001/attrs:lat|0|lon|0|z|0|h|962|v|1647876257.3371618
TS1:/54321/drone001/attrs:lat|0|lon|0|z|0|h|963|v|1647876257.341842
TS1:/54321/drone001/attrs:lat|0|lon|0|z|0|h|964|v|1647876257.346555
TS1:/54321/drone001/attrs:lat|0|lon|0|z|0|h|965|v|1647876257.3512127
TS1:/54321/drone001/attrs:lat|0|lon|0|z|0|h|966|v|1647876257.355927
TS1:/54321/drone001/attrs:lat|0|lon|0|z|0|h|967|v|1647876257.360564
TS1:/54321/drone001/attrs:lat|0|lon|0|z|0|h|968|v|1647876257.365252
TS1:/54321/drone001/attrs:lat|0|lon|0|z|0|h|969|v|1647876257.3698866
TS1:/54321/drone001/attrs:lat|0|lon|0|z|0|h|970|v|1647876257.3745465
TS1:/54321/drone001/attrs:lat|0|lon|0|z|0|h|971|v|1647876257.3792253
TS1:/54321/drone001/attrs:lat|0|lon|0|z|0|h|972|v|1647876257.3838997
TS1:/54321/drone001/attrs:lat|0|lon|0|z|0|h|973|v|1647876257.3885934
TS1:/54321/drone001/attrs:lat|0|lon|0|z|0|h|974|v|1647876257.3932307
TS1:/54321/drone001/attrs:lat|0|lon|0|z|0|h|975|v|1647876257.3979332
TS1:/54321/drone001/attrs:lat|0|lon|0|z|0|h|976|v|1647876257.4025757
TS1:/54321/drone001/attrs:lat|0|lon|0|z|0|h|977|v|1647876257.4082346
TS1:/54321/drone001/attrs:lat|0|lon|0|z|0|h|978|v|1647876257.4129493
TS1:/54321/drone001/attrs:lat|0|lon|0|z|0|h|979|v|1647876257.4177065
TS1:/54321/drone001/attrs:lat|0|lon|0|z|0|h|980|v|1647876257.422391
TS1:/54321/drone001/attrs:lat|0|lon|0|z|0|h|981|v|1647876257.42709
TS1:/54321/drone001/attrs:lat|0|lon|0|z|0|h|982|v|1647876257.4317856
TS1:/54321/drone001/attrs:lat|0|lon|0|z|0|h|983|v|1647876257.436504
TS1:/54321/drone001/attrs:lat|0|lon|0|z|0|h|984|v|1647876257.4411986
TS1:/54321/drone001/attrs:lat|0|lon|0|z|0|h|985|v|1647876257.4459178
TS1:/54321/drone001/attrs:lat|0|lon|0|z|0|h|986|v|1647876257.450553
TS1:/54321/drone001/attrs:lat|0|lon|0|z|0|h|987|v|1647876257.4551876
TS1:/54321/drone001/attrs:lat|0|lon|0|z|0|h|988|v|1647876257.45986
TS1:/54321/drone001/attrs:lat|0|lon|0|z|0|h|989|v|1647876257.4645333
TS1:/54321/drone001/attrs:lat|0|lon|0|z|0|h|990|v|1647876257.46922
TS1:/54321/drone001/attrs:lat|0|lon|0|z|0|h|991|v|1647876257.473881
TS1:/54321/drone001/attrs:lat|0|lon|0|z|0|h|992|v|1647876257.4785464
TS1:/54321/drone001/attrs:lat|0|lon|0|z|0|h|993|v|1647876257.483179
TS1:/54321/drone001/attrs:lat|0|lon|0|z|0|h|994|v|1647876257.4878883
TS1:/54321/drone001/attrs:lat|0|lon|0|z|0|h|995|v|1647876257.4925709
TS1:/54321/drone001/attrs:lat|0|lon|0|z|0|h|996|v|1647876257.4972284
TS1:/54321/drone001/attrs:lat|0|lon|0|z|0|h|997|v|1647876257.501884
TS1:/54321/drone001/attrs:lat|0|lon|0|z|0|h|998|v|1647876257.5065749
TS1:/54321/drone001/attrs:lat|0|lon|0|z|0|h|999|v|1647876257.5112047
TS1:/54321/drone001/attrs:lat|0|lon|0|z|0|h|1000|v|1647876257.5158885
