1647876138: Warning: Unable to drop privileges to 'mosquitto' because this user does not exist. Trying 'nobody' instead.
1647876138: mosquitto version 2.0.14 starting
1647876138: Config loaded from /etc/mosquitto/mosquitto.conf.
1647876138: Opening ipv4 listen socket on port 1883.
1647876138: Opening ipv6 listen socket on port 1883.
1647876138: mosquitto version 2.0.14 running
1647876185: New connection from 130.188.160.11:50258 on port 1883.
1647876185: New client connected from 130.188.160.11:50258 as iotaul_fb49a7fa (p2, c1, k60, u'px4').
1647876252: New connection from 130.188.160.13:54807 on port 1883.
1647876252: New client connected from 130.188.160.13:54807 as tester-pub (p2, c1, k60, u'px4').
TS2.1,1647876185.833728
/54321/drone001/attrs,TS2,1647876252.865553
/54321/drone001/attrs,TS2,1647876252.868796
/54321/drone001/attrs,TS2,1647876252.873289
/54321/drone001/attrs,TS2,1647876252.877939
/54321/drone001/attrs,TS2,1647876252.882379
/54321/drone001/attrs,TS2,1647876252.886864
/54321/drone001/attrs,TS2,1647876252.891941
/54321/drone001/attrs,TS2,1647876252.895788
/54321/drone001/attrs,TS2,1647876252.900104
/54321/drone001/attrs,TS2,1647876252.904486
/54321/drone001/attrs,TS2,1647876252.908967
/54321/drone001/attrs,TS2,1647876252.913452
/54321/drone001/attrs,TS2,1647876252.917993
/54321/drone001/attrs,TS2,1647876252.922572
/54321/drone001/attrs,TS2,1647876252.927130
/54321/drone001/attrs,TS2,1647876252.931594
/54321/drone001/attrs,TS2,1647876252.936004
/54321/drone001/attrs,TS2,1647876252.940332
/54321/drone001/attrs,TS2,1647876252.945241
/54321/drone001/attrs,TS2,1647876252.949979
/54321/drone001/attrs,TS2,1647876252.954446
/54321/drone001/attrs,TS2,1647876252.959229
/54321/drone001/attrs,TS2,1647876252.964034
/54321/drone001/attrs,TS2,1647876252.968715
/54321/drone001/attrs,TS2,1647876252.973165
/54321/drone001/attrs,TS2,1647876252.978080
/54321/drone001/attrs,TS2,1647876252.982749
/54321/drone001/attrs,TS2,1647876252.987518
/54321/drone001/attrs,TS2,1647876252.992109
/54321/drone001/attrs,TS2,1647876252.996871
/54321/drone001/attrs,TS2,1647876253.1524
/54321/drone001/attrs,TS2,1647876253.6132
/54321/drone001/attrs,TS2,1647876253.10616
/54321/drone001/attrs,TS2,1647876253.15487
/54321/drone001/attrs,TS2,1647876253.20203
/54321/drone001/attrs,TS2,1647876253.24869
/54321/drone001/attrs,TS2,1647876253.29597
/54321/drone001/attrs,TS2,1647876253.34262
/54321/drone001/attrs,TS2,1647876253.38738
/54321/drone001/attrs,TS2,1647876253.43585
/54321/drone001/attrs,TS2,1647876253.48330
/54321/drone001/attrs,TS2,1647876253.53048
/54321/drone001/attrs,TS2,1647876253.57493
/54321/drone001/attrs,TS2,1647876253.62116
/54321/drone001/attrs,TS2,1647876253.66772
/54321/drone001/attrs,TS2,1647876253.71254
/54321/drone001/attrs,TS2,1647876253.75919
/54321/drone001/attrs,TS2,1647876253.80401
/54321/drone001/attrs,TS2,1647876253.85264
/54321/drone001/attrs,TS2,1647876253.90054
/54321/drone001/attrs,TS2,1647876253.94711
/54321/drone001/attrs,TS2,1647876253.99370
/54321/drone001/attrs,TS2,1647876253.104004
/54321/drone001/attrs,TS2,1647876253.108738
/54321/drone001/attrs,TS2,1647876253.113488
/54321/drone001/attrs,TS2,1647876253.118142
/54321/drone001/attrs,TS2,1647876253.122776
/54321/drone001/attrs,TS2,1647876253.127504
/54321/drone001/attrs,TS2,1647876253.132169
/54321/drone001/attrs,TS2,1647876253.136797
/54321/drone001/attrs,TS2,1647876253.141488
/54321/drone001/attrs,TS2,1647876253.146072
/54321/drone001/attrs,TS2,1647876253.150561
/54321/drone001/attrs,TS2,1647876253.154915
/54321/drone001/attrs,TS2,1647876253.159736
/54321/drone001/attrs,TS2,1647876253.164404
/54321/drone001/attrs,TS2,1647876253.169145
/54321/drone001/attrs,TS2,1647876253.173691
/54321/drone001/attrs,TS2,1647876253.178372
/54321/drone001/attrs,TS2,1647876253.183051
/54321/drone001/attrs,TS2,1647876253.187672
/54321/drone001/attrs,TS2,1647876253.192405
/54321/drone001/attrs,TS2,1647876253.196994
/54321/drone001/attrs,TS2,1647876253.201563
/54321/drone001/attrs,TS2,1647876253.206015
/54321/drone001/attrs,TS2,1647876253.210612
/54321/drone001/attrs,TS2,1647876253.215292
/54321/drone001/attrs,TS2,1647876253.219977
/54321/drone001/attrs,TS2,1647876253.224547
/54321/drone001/attrs,TS2,1647876253.229211
/54321/drone001/attrs,TS2,1647876253.233714
/54321/drone001/attrs,TS2,1647876253.238551
/54321/drone001/attrs,TS2,1647876253.243151
/54321/drone001/attrs,TS2,1647876253.247778
/54321/drone001/attrs,TS2,1647876253.252443
/54321/drone001/attrs,TS2,1647876253.257110
/54321/drone001/attrs,TS2,1647876253.261713
/54321/drone001/attrs,TS2,1647876253.266211
/54321/drone001/attrs,TS2,1647876253.270729
/54321/drone001/attrs,TS2,1647876253.275188
/54321/drone001/attrs,TS2,1647876253.279778
/54321/drone001/attrs,TS2,1647876253.284359
/54321/drone001/attrs,TS2,1647876253.288846
/54321/drone001/attrs,TS2,1647876253.293399
/54321/drone001/attrs,TS2,1647876253.298023
/54321/drone001/attrs,TS2,1647876253.302778
/54321/drone001/attrs,TS2,1647876253.307353
/54321/drone001/attrs,TS2,1647876253.311828
/54321/drone001/attrs,TS2,1647876253.316369
/54321/drone001/attrs,TS2,1647876253.321018
/54321/drone001/attrs,TS2,1647876253.325684
/54321/drone001/attrs,TS2,1647876253.330221
/54321/drone001/attrs,TS2,1647876253.334885
/54321/drone001/attrs,TS2,1647876253.339485
/54321/drone001/attrs,TS2,1647876253.343930
/54321/drone001/attrs,TS2,1647876253.348505
/54321/drone001/attrs,TS2,1647876253.353031
/54321/drone001/attrs,TS2,1647876253.357551
/54321/drone001/attrs,TS2,1647876253.361958
/54321/drone001/attrs,TS2,1647876253.366653
/54321/drone001/attrs,TS2,1647876253.371079
/54321/drone001/attrs,TS2,1647876253.375872
/54321/drone001/attrs,TS2,1647876253.380452
/54321/drone001/attrs,TS2,1647876253.385055
/54321/drone001/attrs,TS2,1647876253.389536
/54321/drone001/attrs,TS2,1647876253.394038
/54321/drone001/attrs,TS2,1647876253.398643
/54321/drone001/attrs,TS2,1647876253.403216
/54321/drone001/attrs,TS2,1647876253.407670
/54321/drone001/attrs,TS2,1647876253.412573
/54321/drone001/attrs,TS2,1647876253.416702
/54321/drone001/attrs,TS2,1647876253.421082
/54321/drone001/attrs,TS2,1647876253.425767
/54321/drone001/attrs,TS2,1647876253.430263
/54321/drone001/attrs,TS2,1647876253.434779
/54321/drone001/attrs,TS2,1647876253.439253
/54321/drone001/attrs,TS2,1647876253.443819
/54321/drone001/attrs,TS2,1647876253.448448
/54321/drone001/attrs,TS2,1647876253.453114
/54321/drone001/attrs,TS2,1647876253.457637
/54321/drone001/attrs,TS2,1647876253.462285
/54321/drone001/attrs,TS2,1647876253.466941
/54321/drone001/attrs,TS2,1647876253.471418
/54321/drone001/attrs,TS2,1647876253.475930
/54321/drone001/attrs,TS2,1647876253.480537
/54321/drone001/attrs,TS2,1647876253.485117
/54321/drone001/attrs,TS2,1647876253.489687
/54321/drone001/attrs,TS2,1647876253.494236
/54321/drone001/attrs,TS2,1647876253.498873
/54321/drone001/attrs,TS2,1647876253.503437
/54321/drone001/attrs,TS2,1647876253.507971
/54321/drone001/attrs,TS2,1647876253.512528
/54321/drone001/attrs,TS2,1647876253.517086
/54321/drone001/attrs,TS2,1647876253.521770
/54321/drone001/attrs,TS2,1647876253.526482
/54321/drone001/attrs,TS2,1647876253.531044
/54321/drone001/attrs,TS2,1647876253.535736
/54321/drone001/attrs,TS2,1647876253.540429
/54321/drone001/attrs,TS2,1647876253.545106
/54321/drone001/attrs,TS2,1647876253.549587
/54321/drone001/attrs,TS2,1647876253.554423
/54321/drone001/attrs,TS2,1647876253.559172
/54321/drone001/attrs,TS2,1647876253.564136
/54321/drone001/attrs,TS2,1647876253.568934
/54321/drone001/attrs,TS2,1647876253.573455
/54321/drone001/attrs,TS2,1647876253.578126
/54321/drone001/attrs,TS2,1647876253.582721
/54321/drone001/attrs,TS2,1647876253.587344
/54321/drone001/attrs,TS2,1647876253.592036
/54321/drone001/attrs,TS2,1647876253.596656
/54321/drone001/attrs,TS2,1647876253.601265
/54321/drone001/attrs,TS2,1647876253.605873
/54321/drone001/attrs,TS2,1647876253.610516
/54321/drone001/attrs,TS2,1647876253.615125
/54321/drone001/attrs,TS2,1647876253.619865
/54321/drone001/attrs,TS2,1647876253.624502
/54321/drone001/attrs,TS2,1647876253.629218
/54321/drone001/attrs,TS2,1647876253.634081
/54321/drone001/attrs,TS2,1647876253.638708
/54321/drone001/attrs,TS2,1647876253.643318
/54321/drone001/attrs,TS2,1647876253.647959
/54321/drone001/attrs,TS2,1647876253.652679
/54321/drone001/attrs,TS2,1647876253.657320
/54321/drone001/attrs,TS2,1647876253.661870
/54321/drone001/attrs,TS2,1647876253.666492
/54321/drone001/attrs,TS2,1647876253.671080
/54321/drone001/attrs,TS2,1647876253.675737
/54321/drone001/attrs,TS2,1647876253.680284
/54321/drone001/attrs,TS2,1647876253.685074
/54321/drone001/attrs,TS2,1647876253.689491
/54321/drone001/attrs,TS2,1647876253.694341
/54321/drone001/attrs,TS2,1647876253.698937
/54321/drone001/attrs,TS2,1647876253.703400
/54321/drone001/attrs,TS2,1647876253.708172
/54321/drone001/attrs,TS2,1647876253.727158
/54321/drone001/attrs,TS2,1647876253.729100
/54321/drone001/attrs,TS2,1647876253.729171
/54321/drone001/attrs,TS2,1647876253.729757
/54321/drone001/attrs,TS2,1647876253.730685
/54321/drone001/attrs,TS2,1647876253.735486
/54321/drone001/attrs,TS2,1647876253.740113
/54321/drone001/attrs,TS2,1647876253.746081
/54321/drone001/attrs,TS2,1647876253.749391
/54321/drone001/attrs,TS2,1647876253.754382
/54321/drone001/attrs,TS2,1647876253.759429
/54321/drone001/attrs,TS2,1647876253.764000
/54321/drone001/attrs,TS2,1647876253.768848
/54321/drone001/attrs,TS2,1647876253.773430
/54321/drone001/attrs,TS2,1647876253.778048
/54321/drone001/attrs,TS2,1647876253.782828
/54321/drone001/attrs,TS2,1647876253.787427
/54321/drone001/attrs,TS2,1647876253.792035
/54321/drone001/attrs,TS2,1647876253.796786
/54321/drone001/attrs,TS2,1647876253.801413
/54321/drone001/attrs,TS2,1647876253.806210
/54321/drone001/attrs,TS2,1647876253.810875
/54321/drone001/attrs,TS2,1647876253.815577
/54321/drone001/attrs,TS2,1647876253.820200
/54321/drone001/attrs,TS2,1647876253.824944
/54321/drone001/attrs,TS2,1647876253.829569
/54321/drone001/attrs,TS2,1647876253.834200
/54321/drone001/attrs,TS2,1647876253.838893
/54321/drone001/attrs,TS2,1647876253.843528
/54321/drone001/attrs,TS2,1647876253.848215
/54321/drone001/attrs,TS2,1647876253.852884
/54321/drone001/attrs,TS2,1647876253.857570
/54321/drone001/attrs,TS2,1647876253.862181
/54321/drone001/attrs,TS2,1647876253.866931
/54321/drone001/attrs,TS2,1647876253.871595
/54321/drone001/attrs,TS2,1647876253.876140
/54321/drone001/attrs,TS2,1647876253.880943
/54321/drone001/attrs,TS2,1647876253.885563
/54321/drone001/attrs,TS2,1647876253.890119
/54321/drone001/attrs,TS2,1647876253.894823
/54321/drone001/attrs,TS2,1647876253.899395
/54321/drone001/attrs,TS2,1647876253.904034
/54321/drone001/attrs,TS2,1647876253.908676
/54321/drone001/attrs,TS2,1647876253.913280
/54321/drone001/attrs,TS2,1647876253.918044
/54321/drone001/attrs,TS2,1647876253.922771
/54321/drone001/attrs,TS2,1647876253.927389
/54321/drone001/attrs,TS2,1647876253.932132
/54321/drone001/attrs,TS2,1647876253.936828
/54321/drone001/attrs,TS2,1647876253.941563
/54321/drone001/attrs,TS2,1647876253.946210
/54321/drone001/attrs,TS2,1647876253.950894
/54321/drone001/attrs,TS2,1647876253.955559
/54321/drone001/attrs,TS2,1647876253.960174
/54321/drone001/attrs,TS2,1647876253.964848
/54321/drone001/attrs,TS2,1647876253.969569
/54321/drone001/attrs,TS2,1647876253.974081
/54321/drone001/attrs,TS2,1647876253.978981
/54321/drone001/attrs,TS2,1647876253.983567
/54321/drone001/attrs,TS2,1647876253.988181
/54321/drone001/attrs,TS2,1647876253.992855
/54321/drone001/attrs,TS2,1647876253.998244
/54321/drone001/attrs,TS2,1647876254.2137
/54321/drone001/attrs,TS2,1647876254.6848
/54321/drone001/attrs,TS2,1647876254.11524
/54321/drone001/attrs,TS2,1647876254.16121
/54321/drone001/attrs,TS2,1647876254.20854
/54321/drone001/attrs,TS2,1647876254.25496
/54321/drone001/attrs,TS2,1647876254.30148
/54321/drone001/attrs,TS2,1647876254.34867
/54321/drone001/attrs,TS2,1647876254.39532
/54321/drone001/attrs,TS2,1647876254.44229
/54321/drone001/attrs,TS2,1647876254.48883
/54321/drone001/attrs,TS2,1647876254.53537
/54321/drone001/attrs,TS2,1647876254.58215
/54321/drone001/attrs,TS2,1647876254.63502
/54321/drone001/attrs,TS2,1647876254.67549
/54321/drone001/attrs,TS2,1647876254.72099
/54321/drone001/attrs,TS2,1647876254.76791
/54321/drone001/attrs,TS2,1647876254.81547
/54321/drone001/attrs,TS2,1647876254.86172
/54321/drone001/attrs,TS2,1647876254.90828
/54321/drone001/attrs,TS2,1647876254.95520
/54321/drone001/attrs,TS2,1647876254.100144
/54321/drone001/attrs,TS2,1647876254.104797
/54321/drone001/attrs,TS2,1647876254.109440
/54321/drone001/attrs,TS2,1647876254.114139
/54321/drone001/attrs,TS2,1647876254.118786
/54321/drone001/attrs,TS2,1647876254.123370
/54321/drone001/attrs,TS2,1647876254.128676
/54321/drone001/attrs,TS2,1647876254.132834
/54321/drone001/attrs,TS2,1647876254.137550
/54321/drone001/attrs,TS2,1647876254.142190
/54321/drone001/attrs,TS2,1647876254.146837
/54321/drone001/attrs,TS2,1647876254.151490
/54321/drone001/attrs,TS2,1647876254.156086
/54321/drone001/attrs,TS2,1647876254.160810
/54321/drone001/attrs,TS2,1647876254.165363
/54321/drone001/attrs,TS2,1647876254.170082
/54321/drone001/attrs,TS2,1647876254.174793
/54321/drone001/attrs,TS2,1647876254.179412
/54321/drone001/attrs,TS2,1647876254.184041
/54321/drone001/attrs,TS2,1647876254.188783
/54321/drone001/attrs,TS2,1647876254.193786
/54321/drone001/attrs,TS2,1647876254.197924
/54321/drone001/attrs,TS2,1647876254.202572
/54321/drone001/attrs,TS2,1647876254.207162
/54321/drone001/attrs,TS2,1647876254.211966
/54321/drone001/attrs,TS2,1647876254.216543
/54321/drone001/attrs,TS2,1647876254.220886
/54321/drone001/attrs,TS2,1647876254.225915
/54321/drone001/attrs,TS2,1647876254.230537
/54321/drone001/attrs,TS2,1647876254.235106
/54321/drone001/attrs,TS2,1647876254.239748
/54321/drone001/attrs,TS2,1647876254.244389
/54321/drone001/attrs,TS2,1647876254.249072
/54321/drone001/attrs,TS2,1647876254.253711
/54321/drone001/attrs,TS2,1647876254.259055
/54321/drone001/attrs,TS2,1647876254.263104
/54321/drone001/attrs,TS2,1647876254.267828
/54321/drone001/attrs,TS2,1647876254.272506
/54321/drone001/attrs,TS2,1647876254.277174
/54321/drone001/attrs,TS2,1647876254.281867
/54321/drone001/attrs,TS2,1647876254.286442
/54321/drone001/attrs,TS2,1647876254.291232
/54321/drone001/attrs,TS2,1647876254.295935
/54321/drone001/attrs,TS2,1647876254.300348
/54321/drone001/attrs,TS2,1647876254.304995
/54321/drone001/attrs,TS2,1647876254.309599
/54321/drone001/attrs,TS2,1647876254.314447
/54321/drone001/attrs,TS2,1647876254.319083
/54321/drone001/attrs,TS2,1647876254.324019
/54321/drone001/attrs,TS2,1647876254.328429
/54321/drone001/attrs,TS2,1647876254.333244
/54321/drone001/attrs,TS2,1647876254.337709
/54321/drone001/attrs,TS2,1647876254.342485
/54321/drone001/attrs,TS2,1647876254.347185
/54321/drone001/attrs,TS2,1647876254.351877
/54321/drone001/attrs,TS2,1647876254.356511
/54321/drone001/attrs,TS2,1647876254.361244
/54321/drone001/attrs,TS2,1647876254.365924
/54321/drone001/attrs,TS2,1647876254.370643
/54321/drone001/attrs,TS2,1647876254.375397
/54321/drone001/attrs,TS2,1647876254.379943
/54321/drone001/attrs,TS2,1647876254.384596
/54321/drone001/attrs,TS2,1647876254.389270
/54321/drone001/attrs,TS2,1647876254.393862
/54321/drone001/attrs,TS2,1647876254.398603
/54321/drone001/attrs,TS2,1647876254.403297
/54321/drone001/attrs,TS2,1647876254.407979
/54321/drone001/attrs,TS2,1647876254.412678
/54321/drone001/attrs,TS2,1647876254.417202
/54321/drone001/attrs,TS2,1647876254.421798
/54321/drone001/attrs,TS2,1647876254.426291
/54321/drone001/attrs,TS2,1647876254.430690
/54321/drone001/attrs,TS2,1647876254.435080
/54321/drone001/attrs,TS2,1647876254.439415
/54321/drone001/attrs,TS2,1647876254.443903
/54321/drone001/attrs,TS2,1647876254.448260
/54321/drone001/attrs,TS2,1647876254.452629
/54321/drone001/attrs,TS2,1647876254.457029
/54321/drone001/attrs,TS2,1647876254.461337
/54321/drone001/attrs,TS2,1647876254.465878
/54321/drone001/attrs,TS2,1647876254.470389
/54321/drone001/attrs,TS2,1647876254.475276
/54321/drone001/attrs,TS2,1647876254.480014
/54321/drone001/attrs,TS2,1647876254.484287
/54321/drone001/attrs,TS2,1647876254.488700
/54321/drone001/attrs,TS2,1647876254.493068
/54321/drone001/attrs,TS2,1647876254.497502
/54321/drone001/attrs,TS2,1647876254.501951
/54321/drone001/attrs,TS2,1647876254.506368
/54321/drone001/attrs,TS2,1647876254.510802
/54321/drone001/attrs,TS2,1647876254.515216
/54321/drone001/attrs,TS2,1647876254.519829
/54321/drone001/attrs,TS2,1647876254.524201
/54321/drone001/attrs,TS2,1647876254.528654
/54321/drone001/attrs,TS2,1647876254.532947
/54321/drone001/attrs,TS2,1647876254.537227
/54321/drone001/attrs,TS2,1647876254.541638
/54321/drone001/attrs,TS2,1647876254.546049
/54321/drone001/attrs,TS2,1647876254.550893
/54321/drone001/attrs,TS2,1647876254.555536
/54321/drone001/attrs,TS2,1647876254.560004
/54321/drone001/attrs,TS2,1647876254.564608
/54321/drone001/attrs,TS2,1647876254.569178
/54321/drone001/attrs,TS2,1647876254.573750
/54321/drone001/attrs,TS2,1647876254.578511
/54321/drone001/attrs,TS2,1647876254.583188
/54321/drone001/attrs,TS2,1647876254.587891
/54321/drone001/attrs,TS2,1647876254.592532
/54321/drone001/attrs,TS2,1647876254.597270
/54321/drone001/attrs,TS2,1647876254.601956
/54321/drone001/attrs,TS2,1647876254.606675
/54321/drone001/attrs,TS2,1647876254.611269
/54321/drone001/attrs,TS2,1647876254.616013
/54321/drone001/attrs,TS2,1647876254.620671
/54321/drone001/attrs,TS2,1647876254.625202
/54321/drone001/attrs,TS2,1647876254.630144
/54321/drone001/attrs,TS2,1647876254.634793
/54321/drone001/attrs,TS2,1647876254.639530
/54321/drone001/attrs,TS2,1647876254.644148
/54321/drone001/attrs,TS2,1647876254.649563
/54321/drone001/attrs,TS2,1647876254.653448
/54321/drone001/attrs,TS2,1647876254.658127
/54321/drone001/attrs,TS2,1647876254.662884
/54321/drone001/attrs,TS2,1647876254.667543
/54321/drone001/attrs,TS2,1647876254.672153
/54321/drone001/attrs,TS2,1647876254.676847
/54321/drone001/attrs,TS2,1647876254.681535
/54321/drone001/attrs,TS2,1647876254.686101
/54321/drone001/attrs,TS2,1647876254.690890
/54321/drone001/attrs,TS2,1647876254.695577
/54321/drone001/attrs,TS2,1647876254.700206
/54321/drone001/attrs,TS2,1647876254.704960
/54321/drone001/attrs,TS2,1647876254.709565
/54321/drone001/attrs,TS2,1647876254.714709
/54321/drone001/attrs,TS2,1647876254.718921
/54321/drone001/attrs,TS2,1647876254.723506
/54321/drone001/attrs,TS2,1647876254.728228
/54321/drone001/attrs,TS2,1647876254.732983
/54321/drone001/attrs,TS2,1647876254.737587
/54321/drone001/attrs,TS2,1647876254.742228
/54321/drone001/attrs,TS2,1647876254.746913
/54321/drone001/attrs,TS2,1647876254.751533
/54321/drone001/attrs,TS2,1647876254.756257
/54321/drone001/attrs,TS2,1647876254.760780
/54321/drone001/attrs,TS2,1647876254.765541
/54321/drone001/attrs,TS2,1647876254.770217
/54321/drone001/attrs,TS2,1647876254.774838
/54321/drone001/attrs,TS2,1647876254.779833
/54321/drone001/attrs,TS2,1647876254.784096
/54321/drone001/attrs,TS2,1647876254.788855
/54321/drone001/attrs,TS2,1647876254.793519
/54321/drone001/attrs,TS2,1647876254.798249
/54321/drone001/attrs,TS2,1647876254.802798
/54321/drone001/attrs,TS2,1647876254.807362
/54321/drone001/attrs,TS2,1647876254.812126
/54321/drone001/attrs,TS2,1647876254.816812
/54321/drone001/attrs,TS2,1647876254.821430
/54321/drone001/attrs,TS2,1647876254.826156
/54321/drone001/attrs,TS2,1647876254.830800
/54321/drone001/attrs,TS2,1647876254.835402
/54321/drone001/attrs,TS2,1647876254.840135
/54321/drone001/attrs,TS2,1647876254.844949
/54321/drone001/attrs,TS2,1647876254.849447
/54321/drone001/attrs,TS2,1647876254.854002
/54321/drone001/attrs,TS2,1647876254.858730
/54321/drone001/attrs,TS2,1647876254.863518
/54321/drone001/attrs,TS2,1647876254.868164
/54321/drone001/attrs,TS2,1647876254.872821
/54321/drone001/attrs,TS2,1647876254.877552
/54321/drone001/attrs,TS2,1647876254.882131
/54321/drone001/attrs,TS2,1647876254.886837
/54321/drone001/attrs,TS2,1647876254.891436
/54321/drone001/attrs,TS2,1647876254.896151
/54321/drone001/attrs,TS2,1647876254.900865
/54321/drone001/attrs,TS2,1647876254.905553
/54321/drone001/attrs,TS2,1647876254.910056
/54321/drone001/attrs,TS2,1647876254.914813
/54321/drone001/attrs,TS2,1647876254.919455
/54321/drone001/attrs,TS2,1647876254.924134
/54321/drone001/attrs,TS2,1647876254.928801
/54321/drone001/attrs,TS2,1647876254.933379
/54321/drone001/attrs,TS2,1647876254.938121
/54321/drone001/attrs,TS2,1647876254.942762
/54321/drone001/attrs,TS2,1647876254.947425
/54321/drone001/attrs,TS2,1647876254.952116
/54321/drone001/attrs,TS2,1647876254.956727
/54321/drone001/attrs,TS2,1647876254.961435
/54321/drone001/attrs,TS2,1647876254.966167
/54321/drone001/attrs,TS2,1647876254.970897
/54321/drone001/attrs,TS2,1647876254.975429
/54321/drone001/attrs,TS2,1647876254.980159
/54321/drone001/attrs,TS2,1647876254.984880
/54321/drone001/attrs,TS2,1647876254.989514
/54321/drone001/attrs,TS2,1647876254.994144
/54321/drone001/attrs,TS2,1647876254.998893
/54321/drone001/attrs,TS2,1647876255.3493
/54321/drone001/attrs,TS2,1647876255.8153
/54321/drone001/attrs,TS2,1647876255.12881
/54321/drone001/attrs,TS2,1647876255.17578
/54321/drone001/attrs,TS2,1647876255.22263
/54321/drone001/attrs,TS2,1647876255.26910
/54321/drone001/attrs,TS2,1647876255.31598
/54321/drone001/attrs,TS2,1647876255.36210
/54321/drone001/attrs,TS2,1647876255.40838
/54321/drone001/attrs,TS2,1647876255.45556
/54321/drone001/attrs,TS2,1647876255.50197
/54321/drone001/attrs,TS2,1647876255.54938
/54321/drone001/attrs,TS2,1647876255.59623
/54321/drone001/attrs,TS2,1647876255.64318
/54321/drone001/attrs,TS2,1647876255.69041
/54321/drone001/attrs,TS2,1647876255.73781
/54321/drone001/attrs,TS2,1647876255.78496
/54321/drone001/attrs,TS2,1647876255.83209
/54321/drone001/attrs,TS2,1647876255.87872
/54321/drone001/attrs,TS2,1647876255.92525
/54321/drone001/attrs,TS2,1647876255.97253
/54321/drone001/attrs,TS2,1647876255.101848
/54321/drone001/attrs,TS2,1647876255.106584
/54321/drone001/attrs,TS2,1647876255.111303
/54321/drone001/attrs,TS2,1647876255.116001
/54321/drone001/attrs,TS2,1647876255.120725
/54321/drone001/attrs,TS2,1647876255.125432
/54321/drone001/attrs,TS2,1647876255.130136
/54321/drone001/attrs,TS2,1647876255.134817
/54321/drone001/attrs,TS2,1647876255.139488
/54321/drone001/attrs,TS2,1647876255.144252
/54321/drone001/attrs,TS2,1647876255.148829
/54321/drone001/attrs,TS2,1647876255.153513
/54321/drone001/attrs,TS2,1647876255.158135
/54321/drone001/attrs,TS2,1647876255.162863
/54321/drone001/attrs,TS2,1647876255.167547
/54321/drone001/attrs,TS2,1647876255.172218
/54321/drone001/attrs,TS2,1647876255.176959
/54321/drone001/attrs,TS2,1647876255.181640
/54321/drone001/attrs,TS2,1647876255.186373
/54321/drone001/attrs,TS2,1647876255.191393
/54321/drone001/attrs,TS2,1647876255.196113
/54321/drone001/attrs,TS2,1647876255.200824
/54321/drone001/attrs,TS2,1647876255.205499
/54321/drone001/attrs,TS2,1647876255.210165
/54321/drone001/attrs,TS2,1647876255.214783
/54321/drone001/attrs,TS2,1647876255.219422
/54321/drone001/attrs,TS2,1647876255.224059
/54321/drone001/attrs,TS2,1647876255.228778
/54321/drone001/attrs,TS2,1647876255.233385
/54321/drone001/attrs,TS2,1647876255.238156
/54321/drone001/attrs,TS2,1647876255.242717
/54321/drone001/attrs,TS2,1647876255.247511
/54321/drone001/attrs,TS2,1647876255.252171
/54321/drone001/attrs,TS2,1647876255.256844
/54321/drone001/attrs,TS2,1647876255.261553
/54321/drone001/attrs,TS2,1647876255.266189
/54321/drone001/attrs,TS2,1647876255.270904
/54321/drone001/attrs,TS2,1647876255.275508
/54321/drone001/attrs,TS2,1647876255.280190
/54321/drone001/attrs,TS2,1647876255.284798
/54321/drone001/attrs,TS2,1647876255.289323
/54321/drone001/attrs,TS2,1647876255.294117
/54321/drone001/attrs,TS2,1647876255.298967
/54321/drone001/attrs,TS2,1647876255.303557
/54321/drone001/attrs,TS2,1647876255.308207
/54321/drone001/attrs,TS2,1647876255.312932
/54321/drone001/attrs,TS2,1647876255.317540
/54321/drone001/attrs,TS2,1647876255.322121
/54321/drone001/attrs,TS2,1647876255.326815
/54321/drone001/attrs,TS2,1647876255.331489
/54321/drone001/attrs,TS2,1647876255.336176
/54321/drone001/attrs,TS2,1647876255.341048
/54321/drone001/attrs,TS2,1647876255.345506
/54321/drone001/attrs,TS2,1647876255.350148
/54321/drone001/attrs,TS2,1647876255.354814
/54321/drone001/attrs,TS2,1647876255.359415
/54321/drone001/attrs,TS2,1647876255.364093
/54321/drone001/attrs,TS2,1647876255.368842
/54321/drone001/attrs,TS2,1647876255.373500
/54321/drone001/attrs,TS2,1647876255.378071
/54321/drone001/attrs,TS2,1647876255.382914
/54321/drone001/attrs,TS2,1647876255.387516
/54321/drone001/attrs,TS2,1647876255.392227
/54321/drone001/attrs,TS2,1647876255.396923
/54321/drone001/attrs,TS2,1647876255.401562
/54321/drone001/attrs,TS2,1647876255.406241
/54321/drone001/attrs,TS2,1647876255.410944
/54321/drone001/attrs,TS2,1647876255.415607
/54321/drone001/attrs,TS2,1647876255.420285
/54321/drone001/attrs,TS2,1647876255.424889
/54321/drone001/attrs,TS2,1647876255.429310
/54321/drone001/attrs,TS2,1647876255.434142
/54321/drone001/attrs,TS2,1647876255.438849
/54321/drone001/attrs,TS2,1647876255.443413
/54321/drone001/attrs,TS2,1647876255.448119
/54321/drone001/attrs,TS2,1647876255.452874
/54321/drone001/attrs,TS2,1647876255.457668
/54321/drone001/attrs,TS2,1647876255.462150
/54321/drone001/attrs,TS2,1647876255.466939
/54321/drone001/attrs,TS2,1647876255.471520
/54321/drone001/attrs,TS2,1647876255.476223
/54321/drone001/attrs,TS2,1647876255.480946
/54321/drone001/attrs,TS2,1647876255.485582
/54321/drone001/attrs,TS2,1647876255.490245
/54321/drone001/attrs,TS2,1647876255.495452
/54321/drone001/attrs,TS2,1647876255.499590
/54321/drone001/attrs,TS2,1647876255.504177
/54321/drone001/attrs,TS2,1647876255.508963
/54321/drone001/attrs,TS2,1647876255.513601
/54321/drone001/attrs,TS2,1647876255.518135
/54321/drone001/attrs,TS2,1647876255.522836
/54321/drone001/attrs,TS2,1647876255.527569
/54321/drone001/attrs,TS2,1647876255.532207
/54321/drone001/attrs,TS2,1647876255.536843
/54321/drone001/attrs,TS2,1647876255.541533
/54321/drone001/attrs,TS2,1647876255.546173
/54321/drone001/attrs,TS2,1647876255.550913
/54321/drone001/attrs,TS2,1647876255.555587
/54321/drone001/attrs,TS2,1647876255.560858
/54321/drone001/attrs,TS2,1647876255.564755
/54321/drone001/attrs,TS2,1647876255.569581
/54321/drone001/attrs,TS2,1647876255.574250
/54321/drone001/attrs,TS2,1647876255.578859
/54321/drone001/attrs,TS2,1647876255.583518
/54321/drone001/attrs,TS2,1647876255.588193
/54321/drone001/attrs,TS2,1647876255.592943
/54321/drone001/attrs,TS2,1647876255.597561
/54321/drone001/attrs,TS2,1647876255.602128
/54321/drone001/attrs,TS2,1647876255.606889
/54321/drone001/attrs,TS2,1647876255.611592
/54321/drone001/attrs,TS2,1647876255.616277
/54321/drone001/attrs,TS2,1647876255.620832
/54321/drone001/attrs,TS2,1647876255.626125
/54321/drone001/attrs,TS2,1647876255.630380
/54321/drone001/attrs,TS2,1647876255.634882
/54321/drone001/attrs,TS2,1647876255.639560
/54321/drone001/attrs,TS2,1647876255.644196
/54321/drone001/attrs,TS2,1647876255.648822
/54321/drone001/attrs,TS2,1647876255.653500
/54321/drone001/attrs,TS2,1647876255.658192
/54321/drone001/attrs,TS2,1647876255.662994
/54321/drone001/attrs,TS2,1647876255.667700
/54321/drone001/attrs,TS2,1647876255.672417
/54321/drone001/attrs,TS2,1647876255.677099
/54321/drone001/attrs,TS2,1647876255.681719
/54321/drone001/attrs,TS2,1647876255.686340
/54321/drone001/attrs,TS2,1647876255.691391
/54321/drone001/attrs,TS2,1647876255.695697
/54321/drone001/attrs,TS2,1647876255.700209
/54321/drone001/attrs,TS2,1647876255.705067
/54321/drone001/attrs,TS2,1647876255.709709
/54321/drone001/attrs,TS2,1647876255.714433
/54321/drone001/attrs,TS2,1647876255.719055
/54321/drone001/attrs,TS2,1647876255.723792
/54321/drone001/attrs,TS2,1647876255.728530
/54321/drone001/attrs,TS2,1647876255.733299
/54321/drone001/attrs,TS2,1647876255.737761
/54321/drone001/attrs,TS2,1647876255.742448
/54321/drone001/attrs,TS2,1647876255.746672
/54321/drone001/attrs,TS2,1647876255.751622
/54321/drone001/attrs,TS2,1647876255.756533
/54321/drone001/attrs,TS2,1647876255.760822
/54321/drone001/attrs,TS2,1647876255.765423
/54321/drone001/attrs,TS2,1647876255.770108
/54321/drone001/attrs,TS2,1647876255.774783
/54321/drone001/attrs,TS2,1647876255.779362
/54321/drone001/attrs,TS2,1647876255.784019
/54321/drone001/attrs,TS2,1647876255.788734
/54321/drone001/attrs,TS2,1647876255.793347
/54321/drone001/attrs,TS2,1647876255.798046
/54321/drone001/attrs,TS2,1647876255.802727
/54321/drone001/attrs,TS2,1647876255.807379
/54321/drone001/attrs,TS2,1647876255.812013
/54321/drone001/attrs,TS2,1647876255.816703
/54321/drone001/attrs,TS2,1647876255.821810
/54321/drone001/attrs,TS2,1647876255.826054
/54321/drone001/attrs,TS2,1647876255.831091
/54321/drone001/attrs,TS2,1647876255.836042
/54321/drone001/attrs,TS2,1647876255.840752
/54321/drone001/attrs,TS2,1647876255.845242
/54321/drone001/attrs,TS2,1647876255.849730
/54321/drone001/attrs,TS2,1647876255.854528
/54321/drone001/attrs,TS2,1647876255.859174
/54321/drone001/attrs,TS2,1647876255.863871
/54321/drone001/attrs,TS2,1647876255.868538
/54321/drone001/attrs,TS2,1647876255.873216
/54321/drone001/attrs,TS2,1647876255.877616
/54321/drone001/attrs,TS2,1647876255.882588
/54321/drone001/attrs,TS2,1647876255.887100
/54321/drone001/attrs,TS2,1647876255.891910
/54321/drone001/attrs,TS2,1647876255.896579
/54321/drone001/attrs,TS2,1647876255.901223
/54321/drone001/attrs,TS2,1647876255.905916
/54321/drone001/attrs,TS2,1647876255.910700
/54321/drone001/attrs,TS2,1647876255.915353
/54321/drone001/attrs,TS2,1647876255.920035
/54321/drone001/attrs,TS2,1647876255.924661
/54321/drone001/attrs,TS2,1647876255.929336
/54321/drone001/attrs,TS2,1647876255.934106
/54321/drone001/attrs,TS2,1647876255.938832
/54321/drone001/attrs,TS2,1647876255.943495
/54321/drone001/attrs,TS2,1647876255.948169
/54321/drone001/attrs,TS2,1647876255.952793
/54321/drone001/attrs,TS2,1647876255.957527
/54321/drone001/attrs,TS2,1647876255.962196
/54321/drone001/attrs,TS2,1647876255.966861
/54321/drone001/attrs,TS2,1647876255.971484
/54321/drone001/attrs,TS2,1647876255.977172
/54321/drone001/attrs,TS2,1647876255.981777
/54321/drone001/attrs,TS2,1647876255.986545
/54321/drone001/attrs,TS2,1647876255.991179
/54321/drone001/attrs,TS2,1647876255.995895
/54321/drone001/attrs,TS2,1647876256.599
/54321/drone001/attrs,TS2,1647876256.5304
/54321/drone001/attrs,TS2,1647876256.9879
/54321/drone001/attrs,TS2,1647876256.14529
/54321/drone001/attrs,TS2,1647876256.19384
/54321/drone001/attrs,TS2,1647876256.23997
/54321/drone001/attrs,TS2,1647876256.28680
/54321/drone001/attrs,TS2,1647876256.33363
/54321/drone001/attrs,TS2,1647876256.38064
/54321/drone001/attrs,TS2,1647876256.42685
/54321/drone001/attrs,TS2,1647876256.47438
/54321/drone001/attrs,TS2,1647876256.52136
/54321/drone001/attrs,TS2,1647876256.56791
/54321/drone001/attrs,TS2,1647876256.61441
/54321/drone001/attrs,TS2,1647876256.66005
/54321/drone001/attrs,TS2,1647876256.70808
/54321/drone001/attrs,TS2,1647876256.75500
/54321/drone001/attrs,TS2,1647876256.80160
/54321/drone001/attrs,TS2,1647876256.84841
/54321/drone001/attrs,TS2,1647876256.89535
/54321/drone001/attrs,TS2,1647876256.94181
/54321/drone001/attrs,TS2,1647876256.98854
/54321/drone001/attrs,TS2,1647876256.103452
/54321/drone001/attrs,TS2,1647876256.108131
/54321/drone001/attrs,TS2,1647876256.112965
/54321/drone001/attrs,TS2,1647876256.117577
/54321/drone001/attrs,TS2,1647876256.122212
/54321/drone001/attrs,TS2,1647876256.126947
/54321/drone001/attrs,TS2,1647876256.131652
/54321/drone001/attrs,TS2,1647876256.136315
/54321/drone001/attrs,TS2,1647876256.141022
/54321/drone001/attrs,TS2,1647876256.145554
/54321/drone001/attrs,TS2,1647876256.150326
/54321/drone001/attrs,TS2,1647876256.155130
/54321/drone001/attrs,TS2,1647876256.159700
/54321/drone001/attrs,TS2,1647876256.164285
/54321/drone001/attrs,TS2,1647876256.169068
/54321/drone001/attrs,TS2,1647876256.173774
/54321/drone001/attrs,TS2,1647876256.178483
/54321/drone001/attrs,TS2,1647876256.183182
/54321/drone001/attrs,TS2,1647876256.188003
/54321/drone001/attrs,TS2,1647876256.192648
/54321/drone001/attrs,TS2,1647876256.197123
/54321/drone001/attrs,TS2,1647876256.201998
/54321/drone001/attrs,TS2,1647876256.206699
/54321/drone001/attrs,TS2,1647876256.211861
/54321/drone001/attrs,TS2,1647876256.215988
/54321/drone001/attrs,TS2,1647876256.220700
/54321/drone001/attrs,TS2,1647876256.225402
/54321/drone001/attrs,TS2,1647876256.230091
/54321/drone001/attrs,TS2,1647876256.234795
/54321/drone001/attrs,TS2,1647876256.239443
/54321/drone001/attrs,TS2,1647876256.244183
/54321/drone001/attrs,TS2,1647876256.248848
/54321/drone001/attrs,TS2,1647876256.253432
/54321/drone001/attrs,TS2,1647876256.258197
/54321/drone001/attrs,TS2,1647876256.262937
/54321/drone001/attrs,TS2,1647876256.267543
/54321/drone001/attrs,TS2,1647876256.272218
/54321/drone001/attrs,TS2,1647876256.277630
/54321/drone001/attrs,TS2,1647876256.281597
/54321/drone001/attrs,TS2,1647876256.286086
/54321/drone001/attrs,TS2,1647876256.290982
/54321/drone001/attrs,TS2,1647876256.295627
/54321/drone001/attrs,TS2,1647876256.300312
/54321/drone001/attrs,TS2,1647876256.305044
/54321/drone001/attrs,TS2,1647876256.309674
/54321/drone001/attrs,TS2,1647876256.314298
/54321/drone001/attrs,TS2,1647876256.319040
/54321/drone001/attrs,TS2,1647876256.323697
/54321/drone001/attrs,TS2,1647876256.328356
/54321/drone001/attrs,TS2,1647876256.333062
/54321/drone001/attrs,TS2,1647876256.337655
/54321/drone001/attrs,TS2,1647876256.342729
/54321/drone001/attrs,TS2,1647876256.347075
/54321/drone001/attrs,TS2,1647876256.351699
/54321/drone001/attrs,TS2,1647876256.356329
/54321/drone001/attrs,TS2,1647876256.361031
/54321/drone001/attrs,TS2,1647876256.365696
/54321/drone001/attrs,TS2,1647876256.370337
/54321/drone001/attrs,TS2,1647876256.375101
/54321/drone001/attrs,TS2,1647876256.379763
/54321/drone001/attrs,TS2,1647876256.384430
/54321/drone001/attrs,TS2,1647876256.396499
/54321/drone001/attrs,TS2,1647876256.397258
/54321/drone001/attrs,TS2,1647876256.398016
/54321/drone001/attrs,TS2,1647876256.403062
/54321/drone001/attrs,TS2,1647876256.407823
/54321/drone001/attrs,TS2,1647876256.412276
/54321/drone001/attrs,TS2,1647876256.416777
/54321/drone001/attrs,TS2,1647876256.421653
/54321/drone001/attrs,TS2,1647876256.426328
/54321/drone001/attrs,TS2,1647876256.430983
/54321/drone001/attrs,TS2,1647876256.435753
/54321/drone001/attrs,TS2,1647876256.440399
/54321/drone001/attrs,TS2,1647876256.445082
/54321/drone001/attrs,TS2,1647876256.449678
/54321/drone001/attrs,TS2,1647876256.454529
/54321/drone001/attrs,TS2,1647876256.459101
/54321/drone001/attrs,TS2,1647876256.463732
/54321/drone001/attrs,TS2,1647876256.468497
/54321/drone001/attrs,TS2,1647876256.473165
/54321/drone001/attrs,TS2,1647876256.477817
/54321/drone001/attrs,TS2,1647876256.482497
/54321/drone001/attrs,TS2,1647876256.487155
/54321/drone001/attrs,TS2,1647876256.491811
/54321/drone001/attrs,TS2,1647876256.496485
/54321/drone001/attrs,TS2,1647876256.501105
/54321/drone001/attrs,TS2,1647876256.505894
/54321/drone001/attrs,TS2,1647876256.510654
/54321/drone001/attrs,TS2,1647876256.515294
/54321/drone001/attrs,TS2,1647876256.519913
/54321/drone001/attrs,TS2,1647876256.524516
/54321/drone001/attrs,TS2,1647876256.529246
/54321/drone001/attrs,TS2,1647876256.533987
/54321/drone001/attrs,TS2,1647876256.538538
/54321/drone001/attrs,TS2,1647876256.543379
/54321/drone001/attrs,TS2,1647876256.548013
/54321/drone001/attrs,TS2,1647876256.552705
/54321/drone001/attrs,TS2,1647876256.557927
/54321/drone001/attrs,TS2,1647876256.562699
/54321/drone001/attrs,TS2,1647876256.567376
/54321/drone001/attrs,TS2,1647876256.572221
/54321/drone001/attrs,TS2,1647876256.576694
/54321/drone001/attrs,TS2,1647876256.581365
/54321/drone001/attrs,TS2,1647876256.586055
/54321/drone001/attrs,TS2,1647876256.590780
/54321/drone001/attrs,TS2,1647876256.595388
/54321/drone001/attrs,TS2,1647876256.600017
/54321/drone001/attrs,TS2,1647876256.604753
/54321/drone001/attrs,TS2,1647876256.609396
/54321/drone001/attrs,TS2,1647876256.614023
/54321/drone001/attrs,TS2,1647876256.618708
/54321/drone001/attrs,TS2,1647876256.623412
/54321/drone001/attrs,TS2,1647876256.628081
/54321/drone001/attrs,TS2,1647876256.632770
/54321/drone001/attrs,TS2,1647876256.637369
/54321/drone001/attrs,TS2,1647876256.641987
/54321/drone001/attrs,TS2,1647876256.646674
/54321/drone001/attrs,TS2,1647876256.651271
/54321/drone001/attrs,TS2,1647876256.655982
/54321/drone001/attrs,TS2,1647876256.660625
/54321/drone001/attrs,TS2,1647876256.665400
/54321/drone001/attrs,TS2,1647876256.672386
/54321/drone001/attrs,TS2,1647876256.674680
/54321/drone001/attrs,TS2,1647876256.679308
/54321/drone001/attrs,TS2,1647876256.683978
/54321/drone001/attrs,TS2,1647876256.688685
/54321/drone001/attrs,TS2,1647876256.693348
/54321/drone001/attrs,TS2,1647876256.697947
/54321/drone001/attrs,TS2,1647876256.702698
/54321/drone001/attrs,TS2,1647876256.707238
/54321/drone001/attrs,TS2,1647876256.712001
/54321/drone001/attrs,TS2,1647876256.716694
/54321/drone001/attrs,TS2,1647876256.721334
/54321/drone001/attrs,TS2,1647876256.726036
/54321/drone001/attrs,TS2,1647876256.730698
/54321/drone001/attrs,TS2,1647876256.735342
/54321/drone001/attrs,TS2,1647876256.739946
/54321/drone001/attrs,TS2,1647876256.744857
/54321/drone001/attrs,TS2,1647876256.749323
/54321/drone001/attrs,TS2,1647876256.754137
/54321/drone001/attrs,TS2,1647876256.758836
/54321/drone001/attrs,TS2,1647876256.763576
/54321/drone001/attrs,TS2,1647876256.768329
/54321/drone001/attrs,TS2,1647876256.773067
/54321/drone001/attrs,TS2,1647876256.777691
/54321/drone001/attrs,TS2,1647876256.782361
/54321/drone001/attrs,TS2,1647876256.786985
/54321/drone001/attrs,TS2,1647876256.791762
/54321/drone001/attrs,TS2,1647876256.796405
/54321/drone001/attrs,TS2,1647876256.801110
/54321/drone001/attrs,TS2,1647876256.805809
/54321/drone001/attrs,TS2,1647876256.810514
/54321/drone001/attrs,TS2,1647876256.815148
/54321/drone001/attrs,TS2,1647876256.819830
/54321/drone001/attrs,TS2,1647876256.824410
/54321/drone001/attrs,TS2,1647876256.829200
/54321/drone001/attrs,TS2,1647876256.833872
/54321/drone001/attrs,TS2,1647876256.838415
/54321/drone001/attrs,TS2,1647876256.843197
/54321/drone001/attrs,TS2,1647876256.847909
/54321/drone001/attrs,TS2,1647876256.852562
/54321/drone001/attrs,TS2,1647876256.857258
/54321/drone001/attrs,TS2,1647876256.861871
/54321/drone001/attrs,TS2,1647876256.866613
/54321/drone001/attrs,TS2,1647876256.871235
/54321/drone001/attrs,TS2,1647876256.875904
/54321/drone001/attrs,TS2,1647876256.880582
/54321/drone001/attrs,TS2,1647876256.885186
/54321/drone001/attrs,TS2,1647876256.889942
/54321/drone001/attrs,TS2,1647876256.894632
/54321/drone001/attrs,TS2,1647876256.899314
/54321/drone001/attrs,TS2,1647876256.904002
/54321/drone001/attrs,TS2,1647876256.908624
/54321/drone001/attrs,TS2,1647876256.913301
/54321/drone001/attrs,TS2,1647876256.918009
/54321/drone001/attrs,TS2,1647876256.922659
/54321/drone001/attrs,TS2,1647876256.927316
/54321/drone001/attrs,TS2,1647876256.931968
/54321/drone001/attrs,TS2,1647876256.936591
/54321/drone001/attrs,TS2,1647876256.941264
/54321/drone001/attrs,TS2,1647876256.945990
/54321/drone001/attrs,TS2,1647876256.950637
/54321/drone001/attrs,TS2,1647876256.955319
/54321/drone001/attrs,TS2,1647876256.959965
/54321/drone001/attrs,TS2,1647876256.964667
/54321/drone001/attrs,TS2,1647876256.969300
/54321/drone001/attrs,TS2,1647876256.973956
/54321/drone001/attrs,TS2,1647876256.978696
/54321/drone001/attrs,TS2,1647876256.983378
/54321/drone001/attrs,TS2,1647876256.988000
/54321/drone001/attrs,TS2,1647876256.993333
/54321/drone001/attrs,TS2,1647876256.997117
/54321/drone001/attrs,TS2,1647876257.2002
/54321/drone001/attrs,TS2,1647876257.6654
/54321/drone001/attrs,TS2,1647876257.11369
/54321/drone001/attrs,TS2,1647876257.16144
/54321/drone001/attrs,TS2,1647876257.20796
/54321/drone001/attrs,TS2,1647876257.25454
/54321/drone001/attrs,TS2,1647876257.30132
/54321/drone001/attrs,TS2,1647876257.34786
/54321/drone001/attrs,TS2,1647876257.39433
/54321/drone001/attrs,TS2,1647876257.43956
/54321/drone001/attrs,TS2,1647876257.48851
/54321/drone001/attrs,TS2,1647876257.53441
/54321/drone001/attrs,TS2,1647876257.58797
/54321/drone001/attrs,TS2,1647876257.62699
/54321/drone001/attrs,TS2,1647876257.67349
/54321/drone001/attrs,TS2,1647876257.72244
/54321/drone001/attrs,TS2,1647876257.76788
/54321/drone001/attrs,TS2,1647876257.81444
/54321/drone001/attrs,TS2,1647876257.86017
/54321/drone001/attrs,TS2,1647876257.90736
/54321/drone001/attrs,TS2,1647876257.95401
/54321/drone001/attrs,TS2,1647876257.100052
/54321/drone001/attrs,TS2,1647876257.104713
/54321/drone001/attrs,TS2,1647876257.109391
/54321/drone001/attrs,TS2,1647876257.114035
/54321/drone001/attrs,TS2,1647876257.118729
/54321/drone001/attrs,TS2,1647876257.123915
/54321/drone001/attrs,TS2,1647876257.128154
/54321/drone001/attrs,TS2,1647876257.132759
/54321/drone001/attrs,TS2,1647876257.137444
/54321/drone001/attrs,TS2,1647876257.142083
/54321/drone001/attrs,TS2,1647876257.146755
/54321/drone001/attrs,TS2,1647876257.151362
/54321/drone001/attrs,TS2,1647876257.156016
/54321/drone001/attrs,TS2,1647876257.160662
/54321/drone001/attrs,TS2,1647876257.165380
/54321/drone001/attrs,TS2,1647876257.170007
/54321/drone001/attrs,TS2,1647876257.174655
/54321/drone001/attrs,TS2,1647876257.179392
/54321/drone001/attrs,TS2,1647876257.184000
/54321/drone001/attrs,TS2,1647876257.189158
/54321/drone001/attrs,TS2,1647876257.193292
/54321/drone001/attrs,TS2,1647876257.197976
/54321/drone001/attrs,TS2,1647876257.202696
/541647876257: Client tester-pub closed its connection.
1647876344: Client iotaul_fb49a7fa closed its connection.
1647876414: mosquitto version 2.0.14 terminating
321/drone001/attrs,TS2,1647876257.207350
/54321/drone001/attrs,TS2,1647876257.212005
/54321/drone001/attrs,TS2,1647876257.216689
/54321/drone001/attrs,TS2,1647876257.221161
/54321/drone001/attrs,TS2,1647876257.225988
/54321/drone001/attrs,TS2,1647876257.230687
/54321/drone001/attrs,TS2,1647876257.235315
/54321/drone001/attrs,TS2,1647876257.239953
/54321/drone001/attrs,TS2,1647876257.244603
/54321/drone001/attrs,TS2,1647876257.249284
/54321/drone001/attrs,TS2,1647876257.254264
/54321/drone001/attrs,TS2,1647876257.258565
/54321/drone001/attrs,TS2,1647876257.263308
/54321/drone001/attrs,TS2,1647876257.267868
/54321/drone001/attrs,TS2,1647876257.272632
/54321/drone001/attrs,TS2,1647876257.277236
/54321/drone001/attrs,TS2,1647876257.281928
/54321/drone001/attrs,TS2,1647876257.286609
/54321/drone001/attrs,TS2,1647876257.291271
/54321/drone001/attrs,TS2,1647876257.295929
/54321/drone001/attrs,TS2,1647876257.300722
/54321/drone001/attrs,TS2,1647876257.305360
/54321/drone001/attrs,TS2,1647876257.310040
/54321/drone001/attrs,TS2,1647876257.314684
/54321/drone001/attrs,TS2,1647876257.319409
/54321/drone001/attrs,TS2,1647876257.323974
/54321/drone001/attrs,TS2,1647876257.328685
/54321/drone001/attrs,TS2,1647876257.333234
/54321/drone001/attrs,TS2,1647876257.337981
/54321/drone001/attrs,TS2,1647876257.342673
/54321/drone001/attrs,TS2,1647876257.347352
/54321/drone001/attrs,TS2,1647876257.352029
/54321/drone001/attrs,TS2,1647876257.356834
/54321/drone001/attrs,TS2,1647876257.361351
/54321/drone001/attrs,TS2,1647876257.366061
/54321/drone001/attrs,TS2,1647876257.370700
/54321/drone001/attrs,TS2,1647876257.375549
/54321/drone001/attrs,TS2,1647876257.380148
/54321/drone001/attrs,TS2,1647876257.384843
/54321/drone001/attrs,TS2,1647876257.389428
/54321/drone001/attrs,TS2,1647876257.394178
/54321/drone001/attrs,TS2,1647876257.398894
/54321/drone001/attrs,TS2,1647876257.403603
/54321/drone001/attrs,TS2,1647876257.409105
/54321/drone001/attrs,TS2,1647876257.413971
/54321/drone001/attrs,TS2,1647876257.418684
/54321/drone001/attrs,TS2,1647876257.423395
/54321/drone001/attrs,TS2,1647876257.428033
/54321/drone001/attrs,TS2,1647876257.432790
/54321/drone001/attrs,TS2,1647876257.437355
/54321/drone001/attrs,TS2,1647876257.442180
/54321/drone001/attrs,TS2,1647876257.446892
/54321/drone001/attrs,TS2,1647876257.451507
/54321/drone001/attrs,TS2,1647876257.456152
/54321/drone001/attrs,TS2,1647876257.460677
/54321/drone001/attrs,TS2,1647876257.465537
/54321/drone001/attrs,TS2,1647876257.470175
/54321/drone001/attrs,TS2,1647876257.474829
/54321/drone001/attrs,TS2,1647876257.479526
/54321/drone001/attrs,TS2,1647876257.484140
/54321/drone001/attrs,TS2,1647876257.488940
/54321/drone001/attrs,TS2,1647876257.493520
/54321/drone001/attrs,TS2,1647876257.498154
/54321/drone001/attrs,TS2,1647876257.502893
/54321/drone001/attrs,TS2,1647876257.507521
/54321/drone001/attrs,TS2,1647876257.512089
/54321/drone001/attrs,TS2,1647876257.516920
