TS1:/54321/drone001/attrs:lat|0|lon|0|z|0|h|1|v|1647877239.4872015
TS1:/54321/drone001/attrs:lat|0|lon|0|z|0|h|2|v|1647877239.4944491
TS1:/54321/drone001/attrs:lat|0|lon|0|z|0|h|3|v|1647877239.501764
TS1:/54321/drone001/attrs:lat|0|lon|0|z|0|h|4|v|1647877239.5091796
TS1:/54321/drone001/attrs:lat|0|lon|0|z|0|h|5|v|1647877239.516735
TS1:/54321/drone001/attrs:lat|0|lon|0|z|0|h|6|v|1647877239.5242546
TS1:/54321/drone001/attrs:lat|0|lon|0|z|0|h|7|v|1647877239.531833
TS1:/54321/drone001/attrs:lat|0|lon|0|z|0|h|8|v|1647877239.5393586
TS1:/54321/drone001/attrs:lat|0|lon|0|z|0|h|9|v|1647877239.5469286
TS1:/54321/drone001/attrs:lat|0|lon|0|z|0|h|10|v|1647877239.554513
TS1:/54321/drone001/attrs:lat|0|lon|0|z|0|h|11|v|1647877239.5620732
TS1:/54321/drone001/attrs:lat|0|lon|0|z|0|h|12|v|1647877239.569627
TS1:/54321/drone001/attrs:lat|0|lon|0|z|0|h|13|v|1647877239.5771847
TS1:/54321/drone001/attrs:lat|0|lon|0|z|0|h|14|v|1647877239.584674
TS1:/54321/drone001/attrs:lat|0|lon|0|z|0|h|15|v|1647877239.5922565
TS1:/54321/drone001/attrs:lat|0|lon|0|z|0|h|16|v|1647877239.5998247
TS1:/54321/drone001/attrs:lat|0|lon|0|z|0|h|17|v|1647877239.607358
TS1:/54321/drone001/attrs:lat|0|lon|0|z|0|h|18|v|1647877239.614962
TS1:/54321/drone001/attrs:lat|0|lon|0|z|0|h|19|v|1647877239.6225097
TS1:/54321/drone001/attrs:lat|0|lon|0|z|0|h|20|v|1647877239.6300716
TS1:/54321/drone001/attrs:lat|0|lon|0|z|0|h|21|v|1647877239.6375582
TS1:/54321/drone001/attrs:lat|0|lon|0|z|0|h|22|v|1647877239.6450229
TS1:/54321/drone001/attrs:lat|0|lon|0|z|0|h|23|v|1647877239.6524448
TS1:/54321/drone001/attrs:lat|0|lon|0|z|0|h|24|v|1647877239.6637223
TS1:/54321/drone001/attrs:lat|0|lon|0|z|0|h|25|v|1647877239.6713767
TS1:/54321/drone001/attrs:lat|0|lon|0|z|0|h|26|v|1647877239.678929
TS1:/54321/drone001/attrs:lat|0|lon|0|z|0|h|27|v|1647877239.686442
TS1:/54321/drone001/attrs:lat|0|lon|0|z|0|h|28|v|1647877239.6940298
TS1:/54321/drone001/attrs:lat|0|lon|0|z|0|h|29|v|1647877239.7015822
TS1:/54321/drone001/attrs:lat|0|lon|0|z|0|h|30|v|1647877239.7091386
TS1:/54321/drone001/attrs:lat|0|lon|0|z|0|h|31|v|1647877239.7167087
TS1:/54321/drone001/attrs:lat|0|lon|0|z|0|h|32|v|1647877239.724243
TS1:/54321/drone001/attrs:lat|0|lon|0|z|0|h|33|v|1647877239.7317877
TS1:/54321/drone001/attrs:lat|0|lon|0|z|0|h|34|v|1647877239.7393513
TS1:/54321/drone001/attrs:lat|0|lon|0|z|0|h|35|v|1647877239.7469358
TS1:/54321/drone001/attrs:lat|0|lon|0|z|0|h|36|v|1647877239.754531
TS1:/54321/drone001/attrs:lat|0|lon|0|z|0|h|37|v|1647877239.7620544
TS1:/54321/drone001/attrs:lat|0|lon|0|z|0|h|38|v|1647877239.769617
TS1:/54321/drone001/attrs:lat|0|lon|0|z|0|h|39|v|1647877239.7771552
TS1:/54321/drone001/attrs:lat|0|lon|0|z|0|h|40|v|1647877239.7847304
TS1:/54321/drone001/attrs:lat|0|lon|0|z|0|h|41|v|1647877239.7922864
TS1:/54321/drone001/attrs:lat|0|lon|0|z|0|h|42|v|1647877239.7998862
TS1:/54321/drone001/attrs:lat|0|lon|0|z|0|h|43|v|1647877239.8074358
TS1:/54321/drone001/attrs:lat|0|lon|0|z|0|h|44|v|1647877239.8150063
TS1:/54321/drone001/attrs:lat|0|lon|0|z|0|h|45|v|1647877239.8225462
TS1:/54321/drone001/attrs:lat|0|lon|0|z|0|h|46|v|1647877239.830053
TS1:/54321/drone001/attrs:lat|0|lon|0|z|0|h|47|v|1647877239.8375742
TS1:/54321/drone001/attrs:lat|0|lon|0|z|0|h|48|v|1647877239.845119
TS1:/54321/drone001/attrs:lat|0|lon|0|z|0|h|49|v|1647877239.8526309
TS1:/54321/drone001/attrs:lat|0|lon|0|z|0|h|50|v|1647877239.8601258
TS1:/54321/drone001/attrs:lat|0|lon|0|z|0|h|51|v|1647877239.8676186
TS1:/54321/drone001/attrs:lat|0|lon|0|z|0|h|52|v|1647877239.875138
TS1:/54321/drone001/attrs:lat|0|lon|0|z|0|h|53|v|1647877239.8827252
TS1:/54321/drone001/attrs:lat|0|lon|0|z|0|h|54|v|1647877239.890275
TS1:/54321/drone001/attrs:lat|0|lon|0|z|0|h|55|v|1647877239.8978631
TS1:/54321/drone001/attrs:lat|0|lon|0|z|0|h|56|v|1647877239.905394
TS1:/54321/drone001/attrs:lat|0|lon|0|z|0|h|57|v|1647877239.9128973
TS1:/54321/drone001/attrs:lat|0|lon|0|z|0|h|58|v|1647877239.9204886
TS1:/54321/drone001/attrs:lat|0|lon|0|z|0|h|59|v|1647877239.9279318
TS1:/54321/drone001/attrs:lat|0|lon|0|z|0|h|60|v|1647877239.9353764
TS1:/54321/drone001/attrs:lat|0|lon|0|z|0|h|61|v|1647877239.942836
TS1:/54321/drone001/attrs:lat|0|lon|0|z|0|h|62|v|1647877239.950435
TS1:/54321/drone001/attrs:lat|0|lon|0|z|0|h|63|v|1647877239.9578843
TS1:/54321/drone001/attrs:lat|0|lon|0|z|0|h|64|v|1647877239.96533
TS1:/54321/drone001/attrs:lat|0|lon|0|z|0|h|65|v|1647877239.9728107
TS1:/54321/drone001/attrs:lat|0|lon|0|z|0|h|66|v|1647877239.9802501
TS1:/54321/drone001/attrs:lat|0|lon|0|z|0|h|67|v|1647877239.9877248
TS1:/54321/drone001/attrs:lat|0|lon|0|z|0|h|68|v|1647877239.9952712
TS1:/54321/drone001/attrs:lat|0|lon|0|z|0|h|69|v|1647877240.002817
TS1:/54321/drone001/attrs:lat|0|lon|0|z|0|h|70|v|1647877240.0103595
TS1:/54321/drone001/attrs:lat|0|lon|0|z|0|h|71|v|1647877240.017925
TS1:/54321/drone001/attrs:lat|0|lon|0|z|0|h|72|v|1647877240.025442
TS1:/54321/drone001/attrs:lat|0|lon|0|z|0|h|73|v|1647877240.0329893
TS1:/54321/drone001/attrs:lat|0|lon|0|z|0|h|74|v|1647877240.0405908
TS1:/54321/drone001/attrs:lat|0|lon|0|z|0|h|75|v|1647877240.0481665
TS1:/54321/drone001/attrs:lat|0|lon|0|z|0|h|76|v|1647877240.0557652
TS1:/54321/drone001/attrs:lat|0|lon|0|z|0|h|77|v|1647877240.0633326
TS1:/54321/drone001/attrs:lat|0|lon|0|z|0|h|78|v|1647877240.0709088
TS1:/54321/drone001/attrs:lat|0|lon|0|z|0|h|79|v|1647877240.07849
TS1:/54321/drone001/attrs:lat|0|lon|0|z|0|h|80|v|1647877240.0860248
TS1:/54321/drone001/attrs:lat|0|lon|0|z|0|h|81|v|1647877240.0935755
TS1:/54321/drone001/attrs:lat|0|lon|0|z|0|h|82|v|1647877240.1011398
TS1:/54321/drone001/attrs:lat|0|lon|0|z|0|h|83|v|1647877240.1087294
TS1:/54321/drone001/attrs:lat|0|lon|0|z|0|h|84|v|1647877240.1167693
TS1:/54321/drone001/attrs:lat|0|lon|0|z|0|h|85|v|1647877240.124369
TS1:/54321/drone001/attrs:lat|0|lon|0|z|0|h|86|v|1647877240.1319547
TS1:/54321/drone001/attrs:lat|0|lon|0|z|0|h|87|v|1647877240.1395428
TS1:/54321/drone001/attrs:lat|0|lon|0|z|0|h|88|v|1647877240.1470885
TS1:/54321/drone001/attrs:lat|0|lon|0|z|0|h|89|v|1647877240.1546192
TS1:/54321/drone001/attrs:lat|0|lon|0|z|0|h|90|v|1647877240.1621819
TS1:/54321/drone001/attrs:lat|0|lon|0|z|0|h|91|v|1647877240.1697257
TS1:/54321/drone001/attrs:lat|0|lon|0|z|0|h|92|v|1647877240.1772091
TS1:/54321/drone001/attrs:lat|0|lon|0|z|0|h|93|v|1647877240.1848304
TS1:/54321/drone001/attrs:lat|0|lon|0|z|0|h|94|v|1647877240.1924355
TS1:/54321/drone001/attrs:lat|0|lon|0|z|0|h|95|v|1647877240.2000432
TS1:/54321/drone001/attrs:lat|0|lon|0|z|0|h|96|v|1647877240.207578
TS1:/54321/drone001/attrs:lat|0|lon|0|z|0|h|97|v|1647877240.2151425
TS1:/54321/drone001/attrs:lat|0|lon|0|z|0|h|98|v|1647877240.2227323
TS1:/54321/drone001/attrs:lat|0|lon|0|z|0|h|99|v|1647877240.2302911
TS1:/54321/drone001/attrs:lat|0|lon|0|z|0|h|100|v|1647877240.2378535
TS1:/54321/drone001/attrs:lat|0|lon|0|z|0|h|101|v|1647877240.2454154
TS1:/54321/drone001/attrs:lat|0|lon|0|z|0|h|102|v|1647877240.253008
TS1:/54321/drone001/attrs:lat|0|lon|0|z|0|h|103|v|1647877240.2606144
TS1:/54321/drone001/attrs:lat|0|lon|0|z|0|h|104|v|1647877240.268174
TS1:/54321/drone001/attrs:lat|0|lon|0|z|0|h|105|v|1647877240.2756345
TS1:/54321/drone001/attrs:lat|0|lon|0|z|0|h|106|v|1647877240.2831457
TS1:/54321/drone001/attrs:lat|0|lon|0|z|0|h|107|v|1647877240.2906785
TS1:/54321/drone001/attrs:lat|0|lon|0|z|0|h|108|v|1647877240.298252
TS1:/54321/drone001/attrs:lat|0|lon|0|z|0|h|109|v|1647877240.3058448
TS1:/54321/drone001/attrs:lat|0|lon|0|z|0|h|110|v|1647877240.313412
TS1:/54321/drone001/attrs:lat|0|lon|0|z|0|h|111|v|1647877240.3209856
TS1:/54321/drone001/attrs:lat|0|lon|0|z|0|h|112|v|1647877240.32856
TS1:/54321/drone001/attrs:lat|0|lon|0|z|0|h|113|v|1647877240.3361065
TS1:/54321/drone001/attrs:lat|0|lon|0|z|0|h|114|v|1647877240.343643
TS1:/54321/drone001/attrs:lat|0|lon|0|z|0|h|115|v|1647877240.351196
TS1:/54321/drone001/attrs:lat|0|lon|0|z|0|h|116|v|1647877240.3587706
TS1:/54321/drone001/attrs:lat|0|lon|0|z|0|h|117|v|1647877240.3663342
TS1:/54321/drone001/attrs:lat|0|lon|0|z|0|h|118|v|1647877240.3738787
TS1:/54321/drone001/attrs:lat|0|lon|0|z|0|h|119|v|1647877240.38141
TS1:/54321/drone001/attrs:lat|0|lon|0|z|0|h|120|v|1647877240.3888857
TS1:/54321/drone001/attrs:lat|0|lon|0|z|0|h|121|v|1647877240.3964298
TS1:/54321/drone001/attrs:lat|0|lon|0|z|0|h|122|v|1647877240.4045775
TS1:/54321/drone001/attrs:lat|0|lon|0|z|0|h|123|v|1647877240.412139
TS1:/54321/drone001/attrs:lat|0|lon|0|z|0|h|124|v|1647877240.4196339
TS1:/54321/drone001/attrs:lat|0|lon|0|z|0|h|125|v|1647877240.4271955
TS1:/54321/drone001/attrs:lat|0|lon|0|z|0|h|126|v|1647877240.4347405
TS1:/54321/drone001/attrs:lat|0|lon|0|z|0|h|127|v|1647877240.4425554
TS1:/54321/drone001/attrs:lat|0|lon|0|z|0|h|128|v|1647877240.450094
TS1:/54321/drone001/attrs:lat|0|lon|0|z|0|h|129|v|1647877240.4576564
TS1:/54321/drone001/attrs:lat|0|lon|0|z|0|h|130|v|1647877240.4652143
TS1:/54321/drone001/attrs:lat|0|lon|0|z|0|h|131|v|1647877240.4727907
TS1:/54321/drone001/attrs:lat|0|lon|0|z|0|h|132|v|1647877240.4803877
TS1:/54321/drone001/attrs:lat|0|lon|0|z|0|h|133|v|1647877240.4879313
TS1:/54321/drone001/attrs:lat|0|lon|0|z|0|h|134|v|1647877240.4954534
TS1:/54321/drone001/attrs:lat|0|lon|0|z|0|h|135|v|1647877240.5030417
TS1:/54321/drone001/attrs:lat|0|lon|0|z|0|h|136|v|1647877240.5106053
TS1:/54321/drone001/attrs:lat|0|lon|0|z|0|h|137|v|1647877240.5181606
TS1:/54321/drone001/attrs:lat|0|lon|0|z|0|h|138|v|1647877240.525711
TS1:/54321/drone001/attrs:lat|0|lon|0|z|0|h|139|v|1647877240.5332284
TS1:/54321/drone001/attrs:lat|0|lon|0|z|0|h|140|v|1647877240.5407681
TS1:/54321/drone001/attrs:lat|0|lon|0|z|0|h|141|v|1647877240.5483775
TS1:/54321/drone001/attrs:lat|0|lon|0|z|0|h|142|v|1647877240.5559618
TS1:/54321/drone001/attrs:lat|0|lon|0|z|0|h|143|v|1647877240.5635402
TS1:/54321/drone001/attrs:lat|0|lon|0|z|0|h|144|v|1647877240.571058
TS1:/54321/drone001/attrs:lat|0|lon|0|z|0|h|145|v|1647877240.578622
TS1:/54321/drone001/attrs:lat|0|lon|0|z|0|h|146|v|1647877240.5861185
TS1:/54321/drone001/attrs:lat|0|lon|0|z|0|h|147|v|1647877240.5936692
TS1:/54321/drone001/attrs:lat|0|lon|0|z|0|h|148|v|1647877240.6012237
TS1:/54321/drone001/attrs:lat|0|lon|0|z|0|h|149|v|1647877240.6087997
TS1:/54321/drone001/attrs:lat|0|lon|0|z|0|h|150|v|1647877240.616367
TS1:/54321/drone001/attrs:lat|0|lon|0|z|0|h|151|v|1647877240.6239529
TS1:/54321/drone001/attrs:lat|0|lon|0|z|0|h|152|v|1647877240.6315377
TS1:/54321/drone001/attrs:lat|0|lon|0|z|0|h|153|v|1647877240.639107
TS1:/54321/drone001/attrs:lat|0|lon|0|z|0|h|154|v|1647877240.6465313
TS1:/54321/drone001/attrs:lat|0|lon|0|z|0|h|155|v|1647877240.6539829
TS1:/54321/drone001/attrs:lat|0|lon|0|z|0|h|156|v|1647877240.6614273
TS1:/54321/drone001/attrs:lat|0|lon|0|z|0|h|157|v|1647877240.6689577
TS1:/54321/drone001/attrs:lat|0|lon|0|z|0|h|158|v|1647877240.6765704
TS1:/54321/drone001/attrs:lat|0|lon|0|z|0|h|159|v|1647877240.6841292
TS1:/54321/drone001/attrs:lat|0|lon|0|z|0|h|160|v|1647877240.69164
TS1:/54321/drone001/attrs:lat|0|lon|0|z|0|h|161|v|1647877240.6991603
TS1:/54321/drone001/attrs:lat|0|lon|0|z|0|h|162|v|1647877240.7067356
TS1:/54321/drone001/attrs:lat|0|lon|0|z|0|h|163|v|1647877240.7142992
TS1:/54321/drone001/attrs:lat|0|lon|0|z|0|h|164|v|1647877240.7217815
TS1:/54321/drone001/attrs:lat|0|lon|0|z|0|h|165|v|1647877240.729319
TS1:/54321/drone001/attrs:lat|0|lon|0|z|0|h|166|v|1647877240.736887
TS1:/54321/drone001/attrs:lat|0|lon|0|z|0|h|167|v|1647877240.7445033
TS1:/54321/drone001/attrs:lat|0|lon|0|z|0|h|168|v|1647877240.752058
TS1:/54321/drone001/attrs:lat|0|lon|0|z|0|h|169|v|1647877240.7596118
TS1:/54321/drone001/attrs:lat|0|lon|0|z|0|h|170|v|1647877240.767168
TS1:/54321/drone001/attrs:lat|0|lon|0|z|0|h|171|v|1647877240.7747514
TS1:/54321/drone001/attrs:lat|0|lon|0|z|0|h|172|v|1647877240.7822278
TS1:/54321/drone001/attrs:lat|0|lon|0|z|0|h|173|v|1647877240.7897792
TS1:/54321/drone001/attrs:lat|0|lon|0|z|0|h|174|v|1647877240.7973292
TS1:/54321/drone001/attrs:lat|0|lon|0|z|0|h|175|v|1647877240.8049192
TS1:/54321/drone001/attrs:lat|0|lon|0|z|0|h|176|v|1647877240.812533
TS1:/54321/drone001/attrs:lat|0|lon|0|z|0|h|177|v|1647877240.8201005
TS1:/54321/drone001/attrs:lat|0|lon|0|z|0|h|178|v|1647877240.8276536
TS1:/54321/drone001/attrs:lat|0|lon|0|z|0|h|179|v|1647877240.835209
TS1:/54321/drone001/attrs:lat|0|lon|0|z|0|h|180|v|1647877240.842801
TS1:/54321/drone001/attrs:lat|0|lon|0|z|0|h|181|v|1647877240.850276
TS1:/54321/drone001/attrs:lat|0|lon|0|z|0|h|182|v|1647877240.8578389
TS1:/54321/drone001/attrs:lat|0|lon|0|z|0|h|183|v|1647877240.8653903
TS1:/54321/drone001/attrs:lat|0|lon|0|z|0|h|184|v|1647877240.8729408
TS1:/54321/drone001/attrs:lat|0|lon|0|z|0|h|185|v|1647877240.8805604
TS1:/54321/drone001/attrs:lat|0|lon|0|z|0|h|186|v|1647877240.8881211
TS1:/54321/drone001/attrs:lat|0|lon|0|z|0|h|187|v|1647877240.8957074
TS1:/54321/drone001/attrs:lat|0|lon|0|z|0|h|188|v|1647877240.903267
TS1:/54321/drone001/attrs:lat|0|lon|0|z|0|h|189|v|1647877240.9108646
TS1:/54321/drone001/attrs:lat|0|lon|0|z|0|h|190|v|1647877240.9184148
TS1:/54321/drone001/attrs:lat|0|lon|0|z|0|h|191|v|1647877240.925993
TS1:/54321/drone001/attrs:lat|0|lon|0|z|0|h|192|v|1647877240.9335613
TS1:/54321/drone001/attrs:lat|0|lon|0|z|0|h|193|v|1647877240.9411125
TS1:/54321/drone001/attrs:lat|0|lon|0|z|0|h|194|v|1647877240.94863
TS1:/54321/drone001/attrs:lat|0|lon|0|z|0|h|195|v|1647877240.9561918
TS1:/54321/drone001/attrs:lat|0|lon|0|z|0|h|196|v|1647877240.963778
TS1:/54321/drone001/attrs:lat|0|lon|0|z|0|h|197|v|1647877240.9713314
TS1:/54321/drone001/attrs:lat|0|lon|0|z|0|h|198|v|1647877240.9789078
TS1:/54321/drone001/attrs:lat|0|lon|0|z|0|h|199|v|1647877240.9864528
TS1:/54321/drone001/attrs:lat|0|lon|0|z|0|h|200|v|1647877240.9940221
TS1:/54321/drone001/attrs:lat|0|lon|0|z|0|h|201|v|1647877241.0015628
TS1:/54321/drone001/attrs:lat|0|lon|0|z|0|h|202|v|1647877241.009134
TS1:/54321/drone001/attrs:lat|0|lon|0|z|0|h|203|v|1647877241.0166552
TS1:/54321/drone001/attrs:lat|0|lon|0|z|0|h|204|v|1647877241.0242128
TS1:/54321/drone001/attrs:lat|0|lon|0|z|0|h|205|v|1647877241.031693
TS1:/54321/drone001/attrs:lat|0|lon|0|z|0|h|206|v|1647877241.0392485
TS1:/54321/drone001/attrs:lat|0|lon|0|z|0|h|207|v|1647877241.04684
TS1:/54321/drone001/attrs:lat|0|lon|0|z|0|h|208|v|1647877241.054394
TS1:/54321/drone001/attrs:lat|0|lon|0|z|0|h|209|v|1647877241.0619423
TS1:/54321/drone001/attrs:lat|0|lon|0|z|0|h|210|v|1647877241.069505
TS1:/54321/drone001/attrs:lat|0|lon|0|z|0|h|211|v|1647877241.0770757
TS1:/54321/drone001/attrs:lat|0|lon|0|z|0|h|212|v|1647877241.0846653
TS1:/54321/drone001/attrs:lat|0|lon|0|z|0|h|213|v|1647877241.0922203
TS1:/54321/drone001/attrs:lat|0|lon|0|z|0|h|214|v|1647877241.099802
TS1:/54321/drone001/attrs:lat|0|lon|0|z|0|h|215|v|1647877241.1073685
TS1:/54321/drone001/attrs:lat|0|lon|0|z|0|h|216|v|1647877241.1149518
TS1:/54321/drone001/attrs:lat|0|lon|0|z|0|h|217|v|1647877241.122522
TS1:/54321/drone001/attrs:lat|0|lon|0|z|0|h|218|v|1647877241.13008
TS1:/54321/drone001/attrs:lat|0|lon|0|z|0|h|219|v|1647877241.1375685
TS1:/54321/drone001/attrs:lat|0|lon|0|z|0|h|220|v|1647877241.14512
TS1:/54321/drone001/attrs:lat|0|lon|0|z|0|h|221|v|1647877241.1526594
TS1:/54321/drone001/attrs:lat|0|lon|0|z|0|h|222|v|1647877241.1602192
TS1:/54321/drone001/attrs:lat|0|lon|0|z|0|h|223|v|1647877241.1677992
TS1:/54321/drone001/attrs:lat|0|lon|0|z|0|h|224|v|1647877241.1753561
TS1:/54321/drone001/attrs:lat|0|lon|0|z|0|h|225|v|1647877241.1829429
TS1:/54321/drone001/attrs:lat|0|lon|0|z|0|h|226|v|1647877241.1905298
TS1:/54321/drone001/attrs:lat|0|lon|0|z|0|h|227|v|1647877241.1980581
TS1:/54321/drone001/attrs:lat|0|lon|0|z|0|h|228|v|1647877241.2056146
TS1:/54321/drone001/attrs:lat|0|lon|0|z|0|h|229|v|1647877241.2131863
TS1:/54321/drone001/attrs:lat|0|lon|0|z|0|h|230|v|1647877241.2207043
TS1:/54321/drone001/attrs:lat|0|lon|0|z|0|h|231|v|1647877241.2282643
TS1:/54321/drone001/attrs:lat|0|lon|0|z|0|h|232|v|1647877241.2358303
TS1:/54321/drone001/attrs:lat|0|lon|0|z|0|h|233|v|1647877241.2433956
TS1:/54321/drone001/attrs:lat|0|lon|0|z|0|h|234|v|1647877241.2509773
TS1:/54321/drone001/attrs:lat|0|lon|0|z|0|h|235|v|1647877241.2585564
TS1:/54321/drone001/attrs:lat|0|lon|0|z|0|h|236|v|1647877241.2660909
TS1:/54321/drone001/attrs:lat|0|lon|0|z|0|h|237|v|1647877241.2736316
TS1:/54321/drone001/attrs:lat|0|lon|0|z|0|h|238|v|1647877241.2811496
TS1:/54321/drone001/attrs:lat|0|lon|0|z|0|h|239|v|1647877241.2887437
TS1:/54321/drone001/attrs:lat|0|lon|0|z|0|h|240|v|1647877241.2962775
TS1:/54321/drone001/attrs:lat|0|lon|0|z|0|h|241|v|1647877241.3039439
TS1:/54321/drone001/attrs:lat|0|lon|0|z|0|h|242|v|1647877241.3115318
TS1:/54321/drone001/attrs:lat|0|lon|0|z|0|h|243|v|1647877241.3190715
TS1:/54321/drone001/attrs:lat|0|lon|0|z|0|h|244|v|1647877241.3266382
TS1:/54321/drone001/attrs:lat|0|lon|0|z|0|h|245|v|1647877241.3342044
TS1:/54321/drone001/attrs:lat|0|lon|0|z|0|h|246|v|1647877241.3417735
TS1:/54321/drone001/attrs:lat|0|lon|0|z|0|h|247|v|1647877241.3492994
TS1:/54321/drone001/attrs:lat|0|lon|0|z|0|h|248|v|1647877241.356892
TS1:/54321/drone001/attrs:lat|0|lon|0|z|0|h|249|v|1647877241.3644516
TS1:/54321/drone001/attrs:lat|0|lon|0|z|0|h|250|v|1647877241.372037
TS1:/54321/drone001/attrs:lat|0|lon|0|z|0|h|251|v|1647877241.3795986
TS1:/54321/drone001/attrs:lat|0|lon|0|z|0|h|252|v|1647877241.3871691
TS1:/54321/drone001/attrs:lat|0|lon|0|z|0|h|253|v|1647877241.394722
TS1:/54321/drone001/attrs:lat|0|lon|0|z|0|h|254|v|1647877241.4022825
TS1:/54321/drone001/attrs:lat|0|lon|0|z|0|h|255|v|1647877241.4098651
TS1:/54321/drone001/attrs:lat|0|lon|0|z|0|h|256|v|1647877241.4174275
TS1:/54321/drone001/attrs:lat|0|lon|0|z|0|h|257|v|1647877241.4250767
TS1:/54321/drone001/attrs:lat|0|lon|0|z|0|h|258|v|1647877241.4326646
TS1:/54321/drone001/attrs:lat|0|lon|0|z|0|h|259|v|1647877241.440233
TS1:/54321/drone001/attrs:lat|0|lon|0|z|0|h|260|v|1647877241.4477787
TS1:/54321/drone001/attrs:lat|0|lon|0|z|0|h|261|v|1647877241.4553478
TS1:/54321/drone001/attrs:lat|0|lon|0|z|0|h|262|v|1647877241.462936
TS1:/54321/drone001/attrs:lat|0|lon|0|z|0|h|263|v|1647877241.4705172
TS1:/54321/drone001/attrs:lat|0|lon|0|z|0|h|264|v|1647877241.4780428
TS1:/54321/drone001/attrs:lat|0|lon|0|z|0|h|265|v|1647877241.4856095
TS1:/54321/drone001/attrs:lat|0|lon|0|z|0|h|266|v|1647877241.4931705
TS1:/54321/drone001/attrs:lat|0|lon|0|z|0|h|267|v|1647877241.5007627
TS1:/54321/drone001/attrs:lat|0|lon|0|z|0|h|268|v|1647877241.5083714
TS1:/54321/drone001/attrs:lat|0|lon|0|z|0|h|269|v|1647877241.5159187
TS1:/54321/drone001/attrs:lat|0|lon|0|z|0|h|270|v|1647877241.5234816
TS1:/54321/drone001/attrs:lat|0|lon|0|z|0|h|271|v|1647877241.530996
TS1:/54321/drone001/attrs:lat|0|lon|0|z|0|h|272|v|1647877241.5385199
TS1:/54321/drone001/attrs:lat|0|lon|0|z|0|h|273|v|1647877241.5460474
TS1:/54321/drone001/attrs:lat|0|lon|0|z|0|h|274|v|1647877241.553506
TS1:/54321/drone001/attrs:lat|0|lon|0|z|0|h|275|v|1647877241.5610616
TS1:/54321/drone001/attrs:lat|0|lon|0|z|0|h|276|v|1647877241.568611
TS1:/54321/drone001/attrs:lat|0|lon|0|z|0|h|277|v|1647877241.5761495
TS1:/54321/drone001/attrs:lat|0|lon|0|z|0|h|278|v|1647877241.5838346
TS1:/54321/drone001/attrs:lat|0|lon|0|z|0|h|279|v|1647877241.591395
TS1:/54321/drone001/attrs:lat|0|lon|0|z|0|h|280|v|1647877241.5989826
TS1:/54321/drone001/attrs:lat|0|lon|0|z|0|h|281|v|1647877241.6065469
TS1:/54321/drone001/attrs:lat|0|lon|0|z|0|h|282|v|1647877241.6140635
TS1:/54321/drone001/attrs:lat|0|lon|0|z|0|h|283|v|1647877241.6216147
TS1:/54321/drone001/attrs:lat|0|lon|0|z|0|h|284|v|1647877241.629174
TS1:/54321/drone001/attrs:lat|0|lon|0|z|0|h|285|v|1647877241.636758
TS1:/54321/drone001/attrs:lat|0|lon|0|z|0|h|286|v|1647877241.6443536
TS1:/54321/drone001/attrs:lat|0|lon|0|z|0|h|287|v|1647877241.6519434
TS1:/54321/drone001/attrs:lat|0|lon|0|z|0|h|288|v|1647877241.6594932
TS1:/54321/drone001/attrs:lat|0|lon|0|z|0|h|289|v|1647877241.6670494
TS1:/54321/drone001/attrs:lat|0|lon|0|z|0|h|290|v|1647877241.6746109
TS1:/54321/drone001/attrs:lat|0|lon|0|z|0|h|291|v|1647877241.682177
TS1:/54321/drone001/attrs:lat|0|lon|0|z|0|h|292|v|1647877241.689722
TS1:/54321/drone001/attrs:lat|0|lon|0|z|0|h|293|v|1647877241.697247
TS1:/54321/drone001/attrs:lat|0|lon|0|z|0|h|294|v|1647877241.7048059
TS1:/54321/drone001/attrs:lat|0|lon|0|z|0|h|295|v|1647877241.7123814
TS1:/54321/drone001/attrs:lat|0|lon|0|z|0|h|296|v|1647877241.7199638
TS1:/54321/drone001/attrs:lat|0|lon|0|z|0|h|297|v|1647877241.7275074
TS1:/54321/drone001/attrs:lat|0|lon|0|z|0|h|298|v|1647877241.7350469
TS1:/54321/drone001/attrs:lat|0|lon|0|z|0|h|299|v|1647877241.7426336
TS1:/54321/drone001/attrs:lat|0|lon|0|z|0|h|300|v|1647877241.7501822
TS1:/54321/drone001/attrs:lat|0|lon|0|z|0|h|301|v|1647877241.7577686
TS1:/54321/drone001/attrs:lat|0|lon|0|z|0|h|302|v|1647877241.7653172
TS1:/54321/drone001/attrs:lat|0|lon|0|z|0|h|303|v|1647877241.7728817
TS1:/54321/drone001/attrs:lat|0|lon|0|z|0|h|304|v|1647877241.7804894
TS1:/54321/drone001/attrs:lat|0|lon|0|z|0|h|305|v|1647877241.7880163
TS1:/54321/drone001/attrs:lat|0|lon|0|z|0|h|306|v|1647877241.795573
TS1:/54321/drone001/attrs:lat|0|lon|0|z|0|h|307|v|1647877241.803003
TS1:/54321/drone001/attrs:lat|0|lon|0|z|0|h|308|v|1647877241.810573
TS1:/54321/drone001/attrs:lat|0|lon|0|z|0|h|309|v|1647877241.8181322
TS1:/54321/drone001/attrs:lat|0|lon|0|z|0|h|310|v|1647877241.8256607
TS1:/54321/drone001/attrs:lat|0|lon|0|z|0|h|311|v|1647877241.833205
TS1:/54321/drone001/attrs:lat|0|lon|0|z|0|h|312|v|1647877241.8407586
TS1:/54321/drone001/attrs:lat|0|lon|0|z|0|h|313|v|1647877241.8483315
TS1:/54321/drone001/attrs:lat|0|lon|0|z|0|h|314|v|1647877241.8559191
TS1:/54321/drone001/attrs:lat|0|lon|0|z|0|h|315|v|1647877241.8635015
TS1:/54321/drone001/attrs:lat|0|lon|0|z|0|h|316|v|1647877241.8710582
TS1:/54321/drone001/attrs:lat|0|lon|0|z|0|h|317|v|1647877241.8786132
TS1:/54321/drone001/attrs:lat|0|lon|0|z|0|h|318|v|1647877241.8861737
TS1:/54321/drone001/attrs:lat|0|lon|0|z|0|h|319|v|1647877241.8937552
TS1:/54321/drone001/attrs:lat|0|lon|0|z|0|h|320|v|1647877241.9013104
TS1:/54321/drone001/attrs:lat|0|lon|0|z|0|h|321|v|1647877241.9088924
TS1:/54321/drone001/attrs:lat|0|lon|0|z|0|h|322|v|1647877241.9164953
TS1:/54321/drone001/attrs:lat|0|lon|0|z|0|h|323|v|1647877241.9240515
TS1:/54321/drone001/attrs:lat|0|lon|0|z|0|h|324|v|1647877241.9316044
TS1:/54321/drone001/attrs:lat|0|lon|0|z|0|h|325|v|1647877241.9391572
TS1:/54321/drone001/attrs:lat|0|lon|0|z|0|h|326|v|1647877241.9467404
TS1:/54321/drone001/attrs:lat|0|lon|0|z|0|h|327|v|1647877241.9542925
TS1:/54321/drone001/attrs:lat|0|lon|0|z|0|h|328|v|1647877241.9618676
TS1:/54321/drone001/attrs:lat|0|lon|0|z|0|h|329|v|1647877241.9694257
TS1:/54321/drone001/attrs:lat|0|lon|0|z|0|h|330|v|1647877241.9769948
TS1:/54321/drone001/attrs:lat|0|lon|0|z|0|h|331|v|1647877241.9845908
TS1:/54321/drone001/attrs:lat|0|lon|0|z|0|h|332|v|1647877241.9921453
TS1:/54321/drone001/attrs:lat|0|lon|0|z|0|h|333|v|1647877241.9997253
TS1:/54321/drone001/attrs:lat|0|lon|0|z|0|h|334|v|1647877242.0072763
TS1:/54321/drone001/attrs:lat|0|lon|0|z|0|h|335|v|1647877242.0148644
TS1:/54321/drone001/attrs:lat|0|lon|0|z|0|h|336|v|1647877242.0224216
TS1:/54321/drone001/attrs:lat|0|lon|0|z|0|h|337|v|1647877242.0299947
TS1:/54321/drone001/attrs:lat|0|lon|0|z|0|h|338|v|1647877242.0375612
TS1:/54321/drone001/attrs:lat|0|lon|0|z|0|h|339|v|1647877242.0451245
TS1:/54321/drone001/attrs:lat|0|lon|0|z|0|h|340|v|1647877242.0527108
TS1:/54321/drone001/attrs:lat|0|lon|0|z|0|h|341|v|1647877242.060257
TS1:/54321/drone001/attrs:lat|0|lon|0|z|0|h|342|v|1647877242.067816
TS1:/54321/drone001/attrs:lat|0|lon|0|z|0|h|343|v|1647877242.0753746
TS1:/54321/drone001/attrs:lat|0|lon|0|z|0|h|344|v|1647877242.082968
TS1:/54321/drone001/attrs:lat|0|lon|0|z|0|h|345|v|1647877242.0905535
TS1:/54321/drone001/attrs:lat|0|lon|0|z|0|h|346|v|1647877242.0981138
TS1:/54321/drone001/attrs:lat|0|lon|0|z|0|h|347|v|1647877242.1056752
TS1:/54321/drone001/attrs:lat|0|lon|0|z|0|h|348|v|1647877242.1132355
TS1:/54321/drone001/attrs:lat|0|lon|0|z|0|h|349|v|1647877242.120806
TS1:/54321/drone001/attrs:lat|0|lon|0|z|0|h|350|v|1647877242.128393
TS1:/54321/drone001/attrs:lat|0|lon|0|z|0|h|351|v|1647877242.136394
TS1:/54321/drone001/attrs:lat|0|lon|0|z|0|h|352|v|1647877242.143964
TS1:/54321/drone001/attrs:lat|0|lon|0|z|0|h|353|v|1647877242.1515193
TS1:/54321/drone001/attrs:lat|0|lon|0|z|0|h|354|v|1647877242.159078
TS1:/54321/drone001/attrs:lat|0|lon|0|z|0|h|355|v|1647877242.1666431
TS1:/54321/drone001/attrs:lat|0|lon|0|z|0|h|356|v|1647877242.174169
TS1:/54321/drone001/attrs:lat|0|lon|0|z|0|h|357|v|1647877242.1817517
TS1:/54321/drone001/attrs:lat|0|lon|0|z|0|h|358|v|1647877242.1893137
TS1:/54321/drone001/attrs:lat|0|lon|0|z|0|h|359|v|1647877242.1969085
TS1:/54321/drone001/attrs:lat|0|lon|0|z|0|h|360|v|1647877242.2046316
TS1:/54321/drone001/attrs:lat|0|lon|0|z|0|h|361|v|1647877242.2121909
TS1:/54321/drone001/attrs:lat|0|lon|0|z|0|h|362|v|1647877242.219775
TS1:/54321/drone001/attrs:lat|0|lon|0|z|0|h|363|v|1647877242.2273436
TS1:/54321/drone001/attrs:lat|0|lon|0|z|0|h|364|v|1647877242.2349374
TS1:/54321/drone001/attrs:lat|0|lon|0|z|0|h|365|v|1647877242.242522
TS1:/54321/drone001/attrs:lat|0|lon|0|z|0|h|366|v|1647877242.2500648
TS1:/54321/drone001/attrs:lat|0|lon|0|z|0|h|367|v|1647877242.2575293
TS1:/54321/drone001/attrs:lat|0|lon|0|z|0|h|368|v|1647877242.2651114
TS1:/54321/drone001/attrs:lat|0|lon|0|z|0|h|369|v|1647877242.2726645
TS1:/54321/drone001/attrs:lat|0|lon|0|z|0|h|370|v|1647877242.2802074
TS1:/54321/drone001/attrs:lat|0|lon|0|z|0|h|371|v|1647877242.2877836
TS1:/54321/drone001/attrs:lat|0|lon|0|z|0|h|372|v|1647877242.2953396
TS1:/54321/drone001/attrs:lat|0|lon|0|z|0|h|373|v|1647877242.3029273
TS1:/54321/drone001/attrs:lat|0|lon|0|z|0|h|374|v|1647877242.3105106
TS1:/54321/drone001/attrs:lat|0|lon|0|z|0|h|375|v|1647877242.3180683
TS1:/54321/drone001/attrs:lat|0|lon|0|z|0|h|376|v|1647877242.3256342
TS1:/54321/drone001/attrs:lat|0|lon|0|z|0|h|377|v|1647877242.3331964
TS1:/54321/drone001/attrs:lat|0|lon|0|z|0|h|378|v|1647877242.3407729
TS1:/54321/drone001/attrs:lat|0|lon|0|z|0|h|379|v|1647877242.3483446
TS1:/54321/drone001/attrs:lat|0|lon|0|z|0|h|380|v|1647877242.355926
TS1:/54321/drone001/attrs:lat|0|lon|0|z|0|h|381|v|1647877242.3635113
TS1:/54321/drone001/attrs:lat|0|lon|0|z|0|h|382|v|1647877242.3710332
TS1:/54321/drone001/attrs:lat|0|lon|0|z|0|h|383|v|1647877242.378582
TS1:/54321/drone001/attrs:lat|0|lon|0|z|0|h|384|v|1647877242.3861554
TS1:/54321/drone001/attrs:lat|0|lon|0|z|0|h|385|v|1647877242.3937488
TS1:/54321/drone001/attrs:lat|0|lon|0|z|0|h|386|v|1647877242.401308
TS1:/54321/drone001/attrs:lat|0|lon|0|z|0|h|387|v|1647877242.4088945
TS1:/54321/drone001/attrs:lat|0|lon|0|z|0|h|388|v|1647877242.4165006
TS1:/54321/drone001/attrs:lat|0|lon|0|z|0|h|389|v|1647877242.4240544
TS1:/54321/drone001/attrs:lat|0|lon|0|z|0|h|390|v|1647877242.431617
TS1:/54321/drone001/attrs:lat|0|lon|0|z|0|h|391|v|1647877242.4391756
TS1:/54321/drone001/attrs:lat|0|lon|0|z|0|h|392|v|1647877242.4467404
TS1:/54321/drone001/attrs:lat|0|lon|0|z|0|h|393|v|1647877242.4542994
TS1:/54321/drone001/attrs:lat|0|lon|0|z|0|h|394|v|1647877242.4621143
TS1:/54321/drone001/attrs:lat|0|lon|0|z|0|h|395|v|1647877242.4696674
TS1:/54321/drone001/attrs:lat|0|lon|0|z|0|h|396|v|1647877242.4772158
TS1:/54321/drone001/attrs:lat|0|lon|0|z|0|h|397|v|1647877242.4847913
TS1:/54321/drone001/attrs:lat|0|lon|0|z|0|h|398|v|1647877242.4923866
TS1:/54321/drone001/attrs:lat|0|lon|0|z|0|h|399|v|1647877242.4999688
TS1:/54321/drone001/attrs:lat|0|lon|0|z|0|h|400|v|1647877242.5075402
TS1:/54321/drone001/attrs:lat|0|lon|0|z|0|h|401|v|1647877242.5150611
TS1:/54321/drone001/attrs:lat|0|lon|0|z|0|h|402|v|1647877242.5226197
TS1:/54321/drone001/attrs:lat|0|lon|0|z|0|h|403|v|1647877242.5301769
TS1:/54321/drone001/attrs:lat|0|lon|0|z|0|h|404|v|1647877242.5377357
TS1:/54321/drone001/attrs:lat|0|lon|0|z|0|h|405|v|1647877242.5452993
TS1:/54321/drone001/attrs:lat|0|lon|0|z|0|h|406|v|1647877242.5528717
TS1:/54321/drone001/attrs:lat|0|lon|0|z|0|h|407|v|1647877242.5604925
TS1:/54321/drone001/attrs:lat|0|lon|0|z|0|h|408|v|1647877242.5680616
TS1:/54321/drone001/attrs:lat|0|lon|0|z|0|h|409|v|1647877242.5756242
TS1:/54321/drone001/attrs:lat|0|lon|0|z|0|h|410|v|1647877242.5831914
TS1:/54321/drone001/attrs:lat|0|lon|0|z|0|h|411|v|1647877242.5907693
TS1:/54321/drone001/attrs:lat|0|lon|0|z|0|h|412|v|1647877242.6051316
TS1:/54321/drone001/attrs:lat|0|lon|0|z|0|h|413|v|1647877242.612723
TS1:/54321/drone001/attrs:lat|0|lon|0|z|0|h|414|v|1647877242.620251
TS1:/54321/drone001/attrs:lat|0|lon|0|z|0|h|415|v|1647877242.6278229
TS1:/54321/drone001/attrs:lat|0|lon|0|z|0|h|416|v|1647877242.6353464
TS1:/54321/drone001/attrs:lat|0|lon|0|z|0|h|417|v|1647877242.6429274
TS1:/54321/drone001/attrs:lat|0|lon|0|z|0|h|418|v|1647877242.6505246
TS1:/54321/drone001/attrs:lat|0|lon|0|z|0|h|419|v|1647877242.6580584
TS1:/54321/drone001/attrs:lat|0|lon|0|z|0|h|420|v|1647877242.6655815
TS1:/54321/drone001/attrs:lat|0|lon|0|z|0|h|421|v|1647877242.673174
TS1:/54321/drone001/attrs:lat|0|lon|0|z|0|h|422|v|1647877242.6807225
TS1:/54321/drone001/attrs:lat|0|lon|0|z|0|h|423|v|1647877242.688286
TS1:/54321/drone001/attrs:lat|0|lon|0|z|0|h|424|v|1647877242.6958673
TS1:/54321/drone001/attrs:lat|0|lon|0|z|0|h|425|v|1647877242.7034316
TS1:/54321/drone001/attrs:lat|0|lon|0|z|0|h|426|v|1647877242.7110195
TS1:/54321/drone001/attrs:lat|0|lon|0|z|0|h|427|v|1647877242.7185793
TS1:/54321/drone001/attrs:lat|0|lon|0|z|0|h|428|v|1647877242.726138
TS1:/54321/drone001/attrs:lat|0|lon|0|z|0|h|429|v|1647877242.73371
TS1:/54321/drone001/attrs:lat|0|lon|0|z|0|h|430|v|1647877242.741263
TS1:/54321/drone001/attrs:lat|0|lon|0|z|0|h|431|v|1647877242.7488496
TS1:/54321/drone001/attrs:lat|0|lon|0|z|0|h|432|v|1647877242.756441
TS1:/54321/drone001/attrs:lat|0|lon|0|z|0|h|433|v|1647877242.7640347
TS1:/54321/drone001/attrs:lat|0|lon|0|z|0|h|434|v|1647877242.7715604
TS1:/54321/drone001/attrs:lat|0|lon|0|z|0|h|435|v|1647877242.779116
TS1:/54321/drone001/attrs:lat|0|lon|0|z|0|h|436|v|1647877242.7867005
TS1:/54321/drone001/attrs:lat|0|lon|0|z|0|h|437|v|1647877242.7942224
TS1:/54321/drone001/attrs:lat|0|lon|0|z|0|h|438|v|1647877242.8018193
TS1:/54321/drone001/attrs:lat|0|lon|0|z|0|h|439|v|1647877242.8094091
TS1:/54321/drone001/attrs:lat|0|lon|0|z|0|h|440|v|1647877242.816999
TS1:/54321/drone001/attrs:lat|0|lon|0|z|0|h|441|v|1647877242.8245888
TS1:/54321/drone001/attrs:lat|0|lon|0|z|0|h|442|v|1647877242.8321474
TS1:/54321/drone001/attrs:lat|0|lon|0|z|0|h|443|v|1647877242.83972
TS1:/54321/drone001/attrs:lat|0|lon|0|z|0|h|444|v|1647877242.8472552
TS1:/54321/drone001/attrs:lat|0|lon|0|z|0|h|445|v|1647877242.8547857
TS1:/54321/drone001/attrs:lat|0|lon|0|z|0|h|446|v|1647877242.8623133
TS1:/54321/drone001/attrs:lat|0|lon|0|z|0|h|447|v|1647877242.8698626
TS1:/54321/drone001/attrs:lat|0|lon|0|z|0|h|448|v|1647877242.8774273
TS1:/54321/drone001/attrs:lat|0|lon|0|z|0|h|449|v|1647877242.8849497
TS1:/54321/drone001/attrs:lat|0|lon|0|z|0|h|450|v|1647877242.8925662
TS1:/54321/drone001/attrs:lat|0|lon|0|z|0|h|451|v|1647877242.9000654
TS1:/54321/drone001/attrs:lat|0|lon|0|z|0|h|452|v|1647877242.9076095
TS1:/54321/drone001/attrs:lat|0|lon|0|z|0|h|453|v|1647877242.9151616
TS1:/54321/drone001/attrs:lat|0|lon|0|z|0|h|454|v|1647877242.9227433
TS1:/54321/drone001/attrs:lat|0|lon|0|z|0|h|455|v|1647877242.9301836
TS1:/54321/drone001/attrs:lat|0|lon|0|z|0|h|456|v|1647877242.937759
TS1:/54321/drone001/attrs:lat|0|lon|0|z|0|h|457|v|1647877242.945303
TS1:/54321/drone001/attrs:lat|0|lon|0|z|0|h|458|v|1647877242.9528997
TS1:/54321/drone001/attrs:lat|0|lon|0|z|0|h|459|v|1647877242.9604547
TS1:/54321/drone001/attrs:lat|0|lon|0|z|0|h|460|v|1647877242.968035
TS1:/54321/drone001/attrs:lat|0|lon|0|z|0|h|461|v|1647877242.9755983
TS1:/54321/drone001/attrs:lat|0|lon|0|z|0|h|462|v|1647877242.983184
TS1:/54321/drone001/attrs:lat|0|lon|0|z|0|h|463|v|1647877242.9907649
TS1:/54321/drone001/attrs:lat|0|lon|0|z|0|h|464|v|1647877242.998319
TS1:/54321/drone001/attrs:lat|0|lon|0|z|0|h|465|v|1647877243.0059006
TS1:/54321/drone001/attrs:lat|0|lon|0|z|0|h|466|v|1647877243.013494
TS1:/54321/drone001/attrs:lat|0|lon|0|z|0|h|467|v|1647877243.021038
TS1:/54321/drone001/attrs:lat|0|lon|0|z|0|h|468|v|1647877243.028577
TS1:/54321/drone001/attrs:lat|0|lon|0|z|0|h|469|v|1647877243.0360515
TS1:/54321/drone001/attrs:lat|0|lon|0|z|0|h|470|v|1647877243.0435836
TS1:/54321/drone001/attrs:lat|0|lon|0|z|0|h|471|v|1647877243.0511124
TS1:/54321/drone001/attrs:lat|0|lon|0|z|0|h|472|v|1647877243.0586457
TS1:/54321/drone001/attrs:lat|0|lon|0|z|0|h|473|v|1647877243.0661707
TS1:/54321/drone001/attrs:lat|0|lon|0|z|0|h|474|v|1647877243.0737605
TS1:/54321/drone001/attrs:lat|0|lon|0|z|0|h|475|v|1647877243.0813017
TS1:/54321/drone001/attrs:lat|0|lon|0|z|0|h|476|v|1647877243.0889182
TS1:/54321/drone001/attrs:lat|0|lon|0|z|0|h|477|v|1647877243.0965385
TS1:/54321/drone001/attrs:lat|0|lon|0|z|0|h|478|v|1647877243.1040986
TS1:/54321/drone001/attrs:lat|0|lon|0|z|0|h|479|v|1647877243.1118531
TS1:/54321/drone001/attrs:lat|0|lon|0|z|0|h|480|v|1647877243.1194162
TS1:/54321/drone001/attrs:lat|0|lon|0|z|0|h|481|v|1647877243.1270149
TS1:/54321/drone001/attrs:lat|0|lon|0|z|0|h|482|v|1647877243.1345713
TS1:/54321/drone001/attrs:lat|0|lon|0|z|0|h|483|v|1647877243.142136
TS1:/54321/drone001/attrs:lat|0|lon|0|z|0|h|484|v|1647877243.1497233
TS1:/54321/drone001/attrs:lat|0|lon|0|z|0|h|485|v|1647877243.1573052
TS1:/54321/drone001/attrs:lat|0|lon|0|z|0|h|486|v|1647877243.16486
TS1:/54321/drone001/attrs:lat|0|lon|0|z|0|h|487|v|1647877243.1724534
TS1:/54321/drone001/attrs:lat|0|lon|0|z|0|h|488|v|1647877243.1800466
TS1:/54321/drone001/attrs:lat|0|lon|0|z|0|h|489|v|1647877243.1876125
TS1:/54321/drone001/attrs:lat|0|lon|0|z|0|h|490|v|1647877243.195146
TS1:/54321/drone001/attrs:lat|0|lon|0|z|0|h|491|v|1647877243.2027016
TS1:/54321/drone001/attrs:lat|0|lon|0|z|0|h|492|v|1647877243.2102277
TS1:/54321/drone001/attrs:lat|0|lon|0|z|0|h|493|v|1647877243.217798
TS1:/54321/drone001/attrs:lat|0|lon|0|z|0|h|494|v|1647877243.225347
TS1:/54321/drone001/attrs:lat|0|lon|0|z|0|h|495|v|1647877243.2329261
TS1:/54321/drone001/attrs:lat|0|lon|0|z|0|h|496|v|1647877243.2405217
TS1:/54321/drone001/attrs:lat|0|lon|0|z|0|h|497|v|1647877243.2480824
TS1:/54321/drone001/attrs:lat|0|lon|0|z|0|h|498|v|1647877243.255649
TS1:/54321/drone001/attrs:lat|0|lon|0|z|0|h|499|v|1647877243.2631724
TS1:/54321/drone001/attrs:lat|0|lon|0|z|0|h|500|v|1647877243.270742
TS1:/54321/drone001/attrs:lat|0|lon|0|z|0|h|501|v|1647877243.2782977
TS1:/54321/drone001/attrs:lat|0|lon|0|z|0|h|502|v|1647877243.2858257
TS1:/54321/drone001/attrs:lat|0|lon|0|z|0|h|503|v|1647877243.2933848
TS1:/54321/drone001/attrs:lat|0|lon|0|z|0|h|504|v|1647877243.3009698
TS1:/54321/drone001/attrs:lat|0|lon|0|z|0|h|505|v|1647877243.3088887
TS1:/54321/drone001/attrs:lat|0|lon|0|z|0|h|506|v|1647877243.316506
TS1:/54321/drone001/attrs:lat|0|lon|0|z|0|h|507|v|1647877243.324064
TS1:/54321/drone001/attrs:lat|0|lon|0|z|0|h|508|v|1647877243.331636
TS1:/54321/drone001/attrs:lat|0|lon|0|z|0|h|509|v|1647877243.339196
TS1:/54321/drone001/attrs:lat|0|lon|0|z|0|h|510|v|1647877243.346765
TS1:/54321/drone001/attrs:lat|0|lon|0|z|0|h|511|v|1647877243.3543181
TS1:/54321/drone001/attrs:lat|0|lon|0|z|0|h|512|v|1647877243.3619003
TS1:/54321/drone001/attrs:lat|0|lon|0|z|0|h|513|v|1647877243.369447
TS1:/54321/drone001/attrs:lat|0|lon|0|z|0|h|514|v|1647877243.3769908
TS1:/54321/drone001/attrs:lat|0|lon|0|z|0|h|515|v|1647877243.3845794
TS1:/54321/drone001/attrs:lat|0|lon|0|z|0|h|516|v|1647877243.3921354
TS1:/54321/drone001/attrs:lat|0|lon|0|z|0|h|517|v|1647877243.3997269
TS1:/54321/drone001/attrs:lat|0|lon|0|z|0|h|518|v|1647877243.407287
TS1:/54321/drone001/attrs:lat|0|lon|0|z|0|h|519|v|1647877243.41474
TS1:/54321/drone001/attrs:lat|0|lon|0|z|0|h|520|v|1647877243.422294
TS1:/54321/drone001/attrs:lat|0|lon|0|z|0|h|521|v|1647877243.4298491
TS1:/54321/drone001/attrs:lat|0|lon|0|z|0|h|522|v|1647877243.4373977
TS1:/54321/drone001/attrs:lat|0|lon|0|z|0|h|523|v|1647877243.4449716
TS1:/54321/drone001/attrs:lat|0|lon|0|z|0|h|524|v|1647877243.4525723
TS1:/54321/drone001/attrs:lat|0|lon|0|z|0|h|525|v|1647877243.460128
TS1:/54321/drone001/attrs:lat|0|lon|0|z|0|h|526|v|1647877243.4677181
TS1:/54321/drone001/attrs:lat|0|lon|0|z|0|h|527|v|1647877243.4752555
TS1:/54321/drone001/attrs:lat|0|lon|0|z|0|h|528|v|1647877243.4828281
TS1:/54321/drone001/attrs:lat|0|lon|0|z|0|h|529|v|1647877243.4903846
TS1:/54321/drone001/attrs:lat|0|lon|0|z|0|h|530|v|1647877243.4979484
TS1:/54321/drone001/attrs:lat|0|lon|0|z|0|h|531|v|1647877243.50549
TS1:/54321/drone001/attrs:lat|0|lon|0|z|0|h|532|v|1647877243.512999
TS1:/54321/drone001/attrs:lat|0|lon|0|z|0|h|533|v|1647877243.5205545
TS1:/54321/drone001/attrs:lat|0|lon|0|z|0|h|534|v|1647877243.5280724
TS1:/54321/drone001/attrs:lat|0|lon|0|z|0|h|535|v|1647877243.535656
TS1:/54321/drone001/attrs:lat|0|lon|0|z|0|h|536|v|1647877243.5432045
TS1:/54321/drone001/attrs:lat|0|lon|0|z|0|h|537|v|1647877243.5507567
TS1:/54321/drone001/attrs:lat|0|lon|0|z|0|h|538|v|1647877243.5583057
TS1:/54321/drone001/attrs:lat|0|lon|0|z|0|h|539|v|1647877243.5658517
TS1:/54321/drone001/attrs:lat|0|lon|0|z|0|h|540|v|1647877243.5733829
TS1:/54321/drone001/attrs:lat|0|lon|0|z|0|h|541|v|1647877243.5811105
TS1:/54321/drone001/attrs:lat|0|lon|0|z|0|h|542|v|1647877243.588634
TS1:/54321/drone001/attrs:lat|0|lon|0|z|0|h|543|v|1647877243.5962057
TS1:/54321/drone001/attrs:lat|0|lon|0|z|0|h|544|v|1647877243.6037676
TS1:/54321/drone001/attrs:lat|0|lon|0|z|0|h|545|v|1647877243.611323
TS1:/54321/drone001/attrs:lat|0|lon|0|z|0|h|546|v|1647877243.618912
TS1:/54321/drone001/attrs:lat|0|lon|0|z|0|h|547|v|1647877243.6264904
TS1:/54321/drone001/attrs:lat|0|lon|0|z|0|h|548|v|1647877243.6345835
TS1:/54321/drone001/attrs:lat|0|lon|0|z|0|h|549|v|1647877243.6421316
TS1:/54321/drone001/attrs:lat|0|lon|0|z|0|h|550|v|1647877243.6497235
TS1:/54321/drone001/attrs:lat|0|lon|0|z|0|h|551|v|1647877243.6572459
TS1:/54321/drone001/attrs:lat|0|lon|0|z|0|h|552|v|1647877243.6648235
TS1:/54321/drone001/attrs:lat|0|lon|0|z|0|h|553|v|1647877243.6724143
TS1:/54321/drone001/attrs:lat|0|lon|0|z|0|h|554|v|1647877243.679999
TS1:/54321/drone001/attrs:lat|0|lon|0|z|0|h|555|v|1647877243.6875646
TS1:/54321/drone001/attrs:lat|0|lon|0|z|0|h|556|v|1647877243.6951115
TS1:/54321/drone001/attrs:lat|0|lon|0|z|0|h|557|v|1647877243.7026799
TS1:/54321/drone001/attrs:lat|0|lon|0|z|0|h|558|v|1647877243.7102346
TS1:/54321/drone001/attrs:lat|0|lon|0|z|0|h|559|v|1647877243.7177954
TS1:/54321/drone001/attrs:lat|0|lon|0|z|0|h|560|v|1647877243.7253342
TS1:/54321/drone001/attrs:lat|0|lon|0|z|0|h|561|v|1647877243.7329032
TS1:/54321/drone001/attrs:lat|0|lon|0|z|0|h|562|v|1647877243.7405143
TS1:/54321/drone001/attrs:lat|0|lon|0|z|0|h|563|v|1647877243.7480695
TS1:/54321/drone001/attrs:lat|0|lon|0|z|0|h|564|v|1647877243.7556264
TS1:/54321/drone001/attrs:lat|0|lon|0|z|0|h|565|v|1647877243.7631805
TS1:/54321/drone001/attrs:lat|0|lon|0|z|0|h|566|v|1647877243.7707765
TS1:/54321/drone001/attrs:lat|0|lon|0|z|0|h|567|v|1647877243.778333
TS1:/54321/drone001/attrs:lat|0|lon|0|z|0|h|568|v|1647877243.785986
TS1:/54321/drone001/attrs:lat|0|lon|0|z|0|h|569|v|1647877243.7934132
TS1:/54321/drone001/attrs:lat|0|lon|0|z|0|h|570|v|1647877243.8009892
TS1:/54321/drone001/attrs:lat|0|lon|0|z|0|h|571|v|1647877243.8085594
TS1:/54321/drone001/attrs:lat|0|lon|0|z|0|h|572|v|1647877243.8161156
TS1:/54321/drone001/attrs:lat|0|lon|0|z|0|h|573|v|1647877243.8236756
TS1:/54321/drone001/attrs:lat|0|lon|0|z|0|h|574|v|1647877243.83123
TS1:/54321/drone001/attrs:lat|0|lon|0|z|0|h|575|v|1647877243.8387897
TS1:/54321/drone001/attrs:lat|0|lon|0|z|0|h|576|v|1647877243.846339
TS1:/54321/drone001/attrs:lat|0|lon|0|z|0|h|577|v|1647877243.853919
TS1:/54321/drone001/attrs:lat|0|lon|0|z|0|h|578|v|1647877243.8614967
TS1:/54321/drone001/attrs:lat|0|lon|0|z|0|h|579|v|1647877243.869049
TS1:/54321/drone001/attrs:lat|0|lon|0|z|0|h|580|v|1647877243.8766391
TS1:/54321/drone001/attrs:lat|0|lon|0|z|0|h|581|v|1647877243.8842053
TS1:/54321/drone001/attrs:lat|0|lon|0|z|0|h|582|v|1647877243.8917549
TS1:/54321/drone001/attrs:lat|0|lon|0|z|0|h|583|v|1647877243.8993025
TS1:/54321/drone001/attrs:lat|0|lon|0|z|0|h|584|v|1647877243.906847
TS1:/54321/drone001/attrs:lat|0|lon|0|z|0|h|585|v|1647877243.9143672
TS1:/54321/drone001/attrs:lat|0|lon|0|z|0|h|586|v|1647877243.921943
TS1:/54321/drone001/attrs:lat|0|lon|0|z|0|h|587|v|1647877243.9295194
TS1:/54321/drone001/attrs:lat|0|lon|0|z|0|h|588|v|1647877243.9371152
TS1:/54321/drone001/attrs:lat|0|lon|0|z|0|h|589|v|1647877243.944675
TS1:/54321/drone001/attrs:lat|0|lon|0|z|0|h|590|v|1647877243.9522095
TS1:/54321/drone001/attrs:lat|0|lon|0|z|0|h|591|v|1647877243.9602942
TS1:/54321/drone001/attrs:lat|0|lon|0|z|0|h|592|v|1647877243.967871
TS1:/54321/drone001/attrs:lat|0|lon|0|z|0|h|593|v|1647877243.9754362
TS1:/54321/drone001/attrs:lat|0|lon|0|z|0|h|594|v|1647877243.9830127
TS1:/54321/drone001/attrs:lat|0|lon|0|z|0|h|595|v|1647877243.9905767
TS1:/54321/drone001/attrs:lat|0|lon|0|z|0|h|596|v|1647877243.9980986
TS1:/54321/drone001/attrs:lat|0|lon|0|z|0|h|597|v|1647877244.0056531
TS1:/54321/drone001/attrs:lat|0|lon|0|z|0|h|598|v|1647877244.013346
TS1:/54321/drone001/attrs:lat|0|lon|0|z|0|h|599|v|1647877244.0209365
TS1:/54321/drone001/attrs:lat|0|lon|0|z|0|h|600|v|1647877244.0285413
TS1:/54321/drone001/attrs:lat|0|lon|0|z|0|h|601|v|1647877244.0361366
TS1:/54321/drone001/attrs:lat|0|lon|0|z|0|h|602|v|1647877244.0436778
TS1:/54321/drone001/attrs:lat|0|lon|0|z|0|h|603|v|1647877244.0512416
TS1:/54321/drone001/attrs:lat|0|lon|0|z|0|h|604|v|1647877244.0587854
TS1:/54321/drone001/attrs:lat|0|lon|0|z|0|h|605|v|1647877244.0663476
TS1:/54321/drone001/attrs:lat|0|lon|0|z|0|h|606|v|1647877244.0739236
TS1:/54321/drone001/attrs:lat|0|lon|0|z|0|h|607|v|1647877244.0815368
TS1:/54321/drone001/attrs:lat|0|lon|0|z|0|h|608|v|1647877244.0891244
TS1:/54321/drone001/attrs:lat|0|lon|0|z|0|h|609|v|1647877244.0966673
TS1:/54321/drone001/attrs:lat|0|lon|0|z|0|h|610|v|1647877244.1042213
TS1:/54321/drone001/attrs:lat|0|lon|0|z|0|h|611|v|1647877244.1117964
TS1:/54321/drone001/attrs:lat|0|lon|0|z|0|h|612|v|1647877244.1193492
TS1:/54321/drone001/attrs:lat|0|lon|0|z|0|h|613|v|1647877244.1269107
TS1:/54321/drone001/attrs:lat|0|lon|0|z|0|h|614|v|1647877244.134492
TS1:/54321/drone001/attrs:lat|0|lon|0|z|0|h|615|v|1647877244.142046
TS1:/54321/drone001/attrs:lat|0|lon|0|z|0|h|616|v|1647877244.1495967
TS1:/54321/drone001/attrs:lat|0|lon|0|z|0|h|617|v|1647877244.157159
TS1:/54321/drone001/attrs:lat|0|lon|0|z|0|h|618|v|1647877244.1647372
TS1:/54321/drone001/attrs:lat|0|lon|0|z|0|h|619|v|1647877244.1722367
TS1:/54321/drone001/attrs:lat|0|lon|0|z|0|h|620|v|1647877244.1797853
TS1:/54321/drone001/attrs:lat|0|lon|0|z|0|h|621|v|1647877244.1873236
TS1:/54321/drone001/attrs:lat|0|lon|0|z|0|h|622|v|1647877244.1949115
TS1:/54321/drone001/attrs:lat|0|lon|0|z|0|h|623|v|1647877244.2024431
TS1:/54321/drone001/attrs:lat|0|lon|0|z|0|h|624|v|1647877244.210024
TS1:/54321/drone001/attrs:lat|0|lon|0|z|0|h|625|v|1647877244.2175832
TS1:/54321/drone001/attrs:lat|0|lon|0|z|0|h|626|v|1647877244.2251139
TS1:/54321/drone001/attrs:lat|0|lon|0|z|0|h|627|v|1647877244.2326646
TS1:/54321/drone001/attrs:lat|0|lon|0|z|0|h|628|v|1647877244.2402203
TS1:/54321/drone001/attrs:lat|0|lon|0|z|0|h|629|v|1647877244.2477965
TS1:/54321/drone001/attrs:lat|0|lon|0|z|0|h|630|v|1647877244.255331
TS1:/54321/drone001/attrs:lat|0|lon|0|z|0|h|631|v|1647877244.2629025
TS1:/54321/drone001/attrs:lat|0|lon|0|z|0|h|632|v|1647877244.270481
TS1:/54321/drone001/attrs:lat|0|lon|0|z|0|h|633|v|1647877244.2780282
TS1:/54321/drone001/attrs:lat|0|lon|0|z|0|h|634|v|1647877244.2859173
TS1:/54321/drone001/attrs:lat|0|lon|0|z|0|h|635|v|1647877244.2934904
TS1:/54321/drone001/attrs:lat|0|lon|0|z|0|h|636|v|1647877244.301045
TS1:/54321/drone001/attrs:lat|0|lon|0|z|0|h|637|v|1647877244.308625
TS1:/54321/drone001/attrs:lat|0|lon|0|z|0|h|638|v|1647877244.316185
TS1:/54321/drone001/attrs:lat|0|lon|0|z|0|h|639|v|1647877244.3237684
TS1:/54321/drone001/attrs:lat|0|lon|0|z|0|h|640|v|1647877244.3312922
TS1:/54321/drone001/attrs:lat|0|lon|0|z|0|h|641|v|1647877244.3388786
TS1:/54321/drone001/attrs:lat|0|lon|0|z|0|h|642|v|1647877244.346385
TS1:/54321/drone001/attrs:lat|0|lon|0|z|0|h|643|v|1647877244.353933
TS1:/54321/drone001/attrs:lat|0|lon|0|z|0|h|644|v|1647877244.3615055
TS1:/54321/drone001/attrs:lat|0|lon|0|z|0|h|645|v|1647877244.369013
TS1:/54321/drone001/attrs:lat|0|lon|0|z|0|h|646|v|1647877244.3765807
TS1:/54321/drone001/attrs:lat|0|lon|0|z|0|h|647|v|1647877244.3841305
TS1:/54321/drone001/attrs:lat|0|lon|0|z|0|h|648|v|1647877244.3916547
TS1:/54321/drone001/attrs:lat|0|lon|0|z|0|h|649|v|1647877244.399214
TS1:/54321/drone001/attrs:lat|0|lon|0|z|0|h|650|v|1647877244.4068048
TS1:/54321/drone001/attrs:lat|0|lon|0|z|0|h|651|v|1647877244.414331
TS1:/54321/drone001/attrs:lat|0|lon|0|z|0|h|652|v|1647877244.4219193
TS1:/54321/drone001/attrs:lat|0|lon|0|z|0|h|653|v|1647877244.4295032
TS1:/54321/drone001/attrs:lat|0|lon|0|z|0|h|654|v|1647877244.4370635
TS1:/54321/drone001/attrs:lat|0|lon|0|z|0|h|655|v|1647877244.444669
TS1:/54321/drone001/attrs:lat|0|lon|0|z|0|h|656|v|1647877244.4522262
TS1:/54321/drone001/attrs:lat|0|lon|0|z|0|h|657|v|1647877244.4598105
TS1:/54321/drone001/attrs:lat|0|lon|0|z|0|h|658|v|1647877244.467382
TS1:/54321/drone001/attrs:lat|0|lon|0|z|0|h|659|v|1647877244.4749334
TS1:/54321/drone001/attrs:lat|0|lon|0|z|0|h|660|v|1647877244.4824853
TS1:/54321/drone001/attrs:lat|0|lon|0|z|0|h|661|v|1647877244.4900126
TS1:/54321/drone001/attrs:lat|0|lon|0|z|0|h|662|v|1647877244.4974463
TS1:/54321/drone001/attrs:lat|0|lon|0|z|0|h|663|v|1647877244.505059
TS1:/54321/drone001/attrs:lat|0|lon|0|z|0|h|664|v|1647877244.5126286
TS1:/54321/drone001/attrs:lat|0|lon|0|z|0|h|665|v|1647877244.5201836
TS1:/54321/drone001/attrs:lat|0|lon|0|z|0|h|666|v|1647877244.5277488
TS1:/54321/drone001/attrs:lat|0|lon|0|z|0|h|667|v|1647877244.5352616
TS1:/54321/drone001/attrs:lat|0|lon|0|z|0|h|668|v|1647877244.5428348
TS1:/54321/drone001/attrs:lat|0|lon|0|z|0|h|669|v|1647877244.5503893
TS1:/54321/drone001/attrs:lat|0|lon|0|z|0|h|670|v|1647877244.5579681
TS1:/54321/drone001/attrs:lat|0|lon|0|z|0|h|671|v|1647877244.5655546
TS1:/54321/drone001/attrs:lat|0|lon|0|z|0|h|672|v|1647877244.5730743
TS1:/54321/drone001/attrs:lat|0|lon|0|z|0|h|673|v|1647877244.5806699
TS1:/54321/drone001/attrs:lat|0|lon|0|z|0|h|674|v|1647877244.588221
TS1:/54321/drone001/attrs:lat|0|lon|0|z|0|h|675|v|1647877244.5957968
TS1:/54321/drone001/attrs:lat|0|lon|0|z|0|h|676|v|1647877244.60332
TS1:/54321/drone001/attrs:lat|0|lon|0|z|0|h|677|v|1647877244.611439
TS1:/54321/drone001/attrs:lat|0|lon|0|z|0|h|678|v|1647877244.619006
TS1:/54321/drone001/attrs:lat|0|lon|0|z|0|h|679|v|1647877244.6265419
TS1:/54321/drone001/attrs:lat|0|lon|0|z|0|h|680|v|1647877244.6340983
TS1:/54321/drone001/attrs:lat|0|lon|0|z|0|h|681|v|1647877244.6418083
TS1:/54321/drone001/attrs:lat|0|lon|0|z|0|h|682|v|1647877244.649231
TS1:/54321/drone001/attrs:lat|0|lon|0|z|0|h|683|v|1647877244.6567926
TS1:/54321/drone001/attrs:lat|0|lon|0|z|0|h|684|v|1647877244.6643586
TS1:/54321/drone001/attrs:lat|0|lon|0|z|0|h|685|v|1647877244.6719022
TS1:/54321/drone001/attrs:lat|0|lon|0|z|0|h|686|v|1647877244.6794412
TS1:/54321/drone001/attrs:lat|0|lon|0|z|0|h|687|v|1647877244.6870306
TS1:/54321/drone001/attrs:lat|0|lon|0|z|0|h|688|v|1647877244.694574
TS1:/54321/drone001/attrs:lat|0|lon|0|z|0|h|689|v|1647877244.7020977
TS1:/54321/drone001/attrs:lat|0|lon|0|z|0|h|690|v|1647877244.70963
TS1:/54321/drone001/attrs:lat|0|lon|0|z|0|h|691|v|1647877244.7171726
TS1:/54321/drone001/attrs:lat|0|lon|0|z|0|h|692|v|1647877244.7247298
TS1:/54321/drone001/attrs:lat|0|lon|0|z|0|h|693|v|1647877244.732278
TS1:/54321/drone001/attrs:lat|0|lon|0|z|0|h|694|v|1647877244.73982
TS1:/54321/drone001/attrs:lat|0|lon|0|z|0|h|695|v|1647877244.7473881
TS1:/54321/drone001/attrs:lat|0|lon|0|z|0|h|696|v|1647877244.755025
TS1:/54321/drone001/attrs:lat|0|lon|0|z|0|h|697|v|1647877244.762645
TS1:/54321/drone001/attrs:lat|0|lon|0|z|0|h|698|v|1647877244.7702005
TS1:/54321/drone001/attrs:lat|0|lon|0|z|0|h|699|v|1647877244.777771
TS1:/54321/drone001/attrs:lat|0|lon|0|z|0|h|700|v|1647877244.7853115
TS1:/54321/drone001/attrs:lat|0|lon|0|z|0|h|701|v|1647877244.7928941
TS1:/54321/drone001/attrs:lat|0|lon|0|z|0|h|702|v|1647877244.800537
TS1:/54321/drone001/attrs:lat|0|lon|0|z|0|h|703|v|1647877244.8080623
TS1:/54321/drone001/attrs:lat|0|lon|0|z|0|h|704|v|1647877244.8156345
TS1:/54321/drone001/attrs:lat|0|lon|0|z|0|h|705|v|1647877244.8231924
TS1:/54321/drone001/attrs:lat|0|lon|0|z|0|h|706|v|1647877244.8307426
TS1:/54321/drone001/attrs:lat|0|lon|0|z|0|h|707|v|1647877244.838287
TS1:/54321/drone001/attrs:lat|0|lon|0|z|0|h|708|v|1647877244.8458693
TS1:/54321/drone001/attrs:lat|0|lon|0|z|0|h|709|v|1647877244.8533883
TS1:/54321/drone001/attrs:lat|0|lon|0|z|0|h|710|v|1647877244.8609345
TS1:/54321/drone001/attrs:lat|0|lon|0|z|0|h|711|v|1647877244.8685248
TS1:/54321/drone001/attrs:lat|0|lon|0|z|0|h|712|v|1647877244.87604
TS1:/54321/drone001/attrs:lat|0|lon|0|z|0|h|713|v|1647877244.883582
TS1:/54321/drone001/attrs:lat|0|lon|0|z|0|h|714|v|1647877244.8910387
TS1:/54321/drone001/attrs:lat|0|lon|0|z|0|h|715|v|1647877244.8985703
TS1:/54321/drone001/attrs:lat|0|lon|0|z|0|h|716|v|1647877244.9061356
TS1:/54321/drone001/attrs:lat|0|lon|0|z|0|h|717|v|1647877244.9137008
TS1:/54321/drone001/attrs:lat|0|lon|0|z|0|h|718|v|1647877244.9212658
TS1:/54321/drone001/attrs:lat|0|lon|0|z|0|h|719|v|1647877244.928808
TS1:/54321/drone001/attrs:lat|0|lon|0|z|0|h|720|v|1647877244.9363985
TS1:/54321/drone001/attrs:lat|0|lon|0|z|0|h|721|v|1647877244.9439888
TS1:/54321/drone001/attrs:lat|0|lon|0|z|0|h|722|v|1647877244.9515615
TS1:/54321/drone001/attrs:lat|0|lon|0|z|0|h|723|v|1647877244.9591174
TS1:/54321/drone001/attrs:lat|0|lon|0|z|0|h|724|v|1647877244.966655
TS1:/54321/drone001/attrs:lat|0|lon|0|z|0|h|725|v|1647877244.974219
TS1:/54321/drone001/attrs:lat|0|lon|0|z|0|h|726|v|1647877244.981761
TS1:/54321/drone001/attrs:lat|0|lon|0|z|0|h|727|v|1647877244.989294
TS1:/54321/drone001/attrs:lat|0|lon|0|z|0|h|728|v|1647877244.996878
TS1:/54321/drone001/attrs:lat|0|lon|0|z|0|h|729|v|1647877245.0044277
TS1:/54321/drone001/attrs:lat|0|lon|0|z|0|h|730|v|1647877245.011997
TS1:/54321/drone001/attrs:lat|0|lon|0|z|0|h|731|v|1647877245.019546
TS1:/54321/drone001/attrs:lat|0|lon|0|z|0|h|732|v|1647877245.027084
TS1:/54321/drone001/attrs:lat|0|lon|0|z|0|h|733|v|1647877245.0346406
TS1:/54321/drone001/attrs:lat|0|lon|0|z|0|h|734|v|1647877245.0421937
TS1:/54321/drone001/attrs:lat|0|lon|0|z|0|h|735|v|1647877245.0497863
TS1:/54321/drone001/attrs:lat|0|lon|0|z|0|h|736|v|1647877245.0573328
TS1:/54321/drone001/attrs:lat|0|lon|0|z|0|h|737|v|1647877245.0649116
TS1:/54321/drone001/attrs:lat|0|lon|0|z|0|h|738|v|1647877245.0725102
TS1:/54321/drone001/attrs:lat|0|lon|0|z|0|h|739|v|1647877245.0800583
TS1:/54321/drone001/attrs:lat|0|lon|0|z|0|h|740|v|1647877245.0876176
TS1:/54321/drone001/attrs:lat|0|lon|0|z|0|h|741|v|1647877245.0951302
TS1:/54321/drone001/attrs:lat|0|lon|0|z|0|h|742|v|1647877245.1027164
TS1:/54321/drone001/attrs:lat|0|lon|0|z|0|h|743|v|1647877245.110237
TS1:/54321/drone001/attrs:lat|0|lon|0|z|0|h|744|v|1647877245.1178112
TS1:/54321/drone001/attrs:lat|0|lon|0|z|0|h|745|v|1647877245.1253753
TS1:/54321/drone001/attrs:lat|0|lon|0|z|0|h|746|v|1647877245.1329741
TS1:/54321/drone001/attrs:lat|0|lon|0|z|0|h|747|v|1647877245.1405609
TS1:/54321/drone001/attrs:lat|0|lon|0|z|0|h|748|v|1647877245.1481135
TS1:/54321/drone001/attrs:lat|0|lon|0|z|0|h|749|v|1647877245.1556733
TS1:/54321/drone001/attrs:lat|0|lon|0|z|0|h|750|v|1647877245.163223
TS1:/54321/drone001/attrs:lat|0|lon|0|z|0|h|751|v|1647877245.170777
TS1:/54321/drone001/attrs:lat|0|lon|0|z|0|h|752|v|1647877245.1782212
TS1:/54321/drone001/attrs:lat|0|lon|0|z|0|h|753|v|1647877245.185757
TS1:/54321/drone001/attrs:lat|0|lon|0|z|0|h|754|v|1647877245.1933148
TS1:/54321/drone001/attrs:lat|0|lon|0|z|0|h|755|v|1647877245.2008471
TS1:/54321/drone001/attrs:lat|0|lon|0|z|0|h|756|v|1647877245.2084162
TS1:/54321/drone001/attrs:lat|0|lon|0|z|0|h|757|v|1647877245.2160013
TS1:/54321/drone001/attrs:lat|0|lon|0|z|0|h|758|v|1647877245.223593
TS1:/54321/drone001/attrs:lat|0|lon|0|z|0|h|759|v|1647877245.2311468
TS1:/54321/drone001/attrs:lat|0|lon|0|z|0|h|760|v|1647877245.23873
TS1:/54321/drone001/attrs:lat|0|lon|0|z|0|h|761|v|1647877245.2463043
TS1:/54321/drone001/attrs:lat|0|lon|0|z|0|h|762|v|1647877245.2538965
TS1:/54321/drone001/attrs:lat|0|lon|0|z|0|h|763|v|1647877245.261512
TS1:/54321/drone001/attrs:lat|0|lon|0|z|0|h|764|v|1647877245.2691169
TS1:/54321/drone001/attrs:lat|0|lon|0|z|0|h|765|v|1647877245.2767024
TS1:/54321/drone001/attrs:lat|0|lon|0|z|0|h|766|v|1647877245.2842493
TS1:/54321/drone001/attrs:lat|0|lon|0|z|0|h|767|v|1647877245.2918434
TS1:/54321/drone001/attrs:lat|0|lon|0|z|0|h|768|v|1647877245.2994394
TS1:/54321/drone001/attrs:lat|0|lon|0|z|0|h|769|v|1647877245.3070264
TS1:/54321/drone001/attrs:lat|0|lon|0|z|0|h|770|v|1647877245.314619
TS1:/54321/drone001/attrs:lat|0|lon|0|z|0|h|771|v|1647877245.322119
TS1:/54321/drone001/attrs:lat|0|lon|0|z|0|h|772|v|1647877245.329571
TS1:/54321/drone001/attrs:lat|0|lon|0|z|0|h|773|v|1647877245.3371284
TS1:/54321/drone001/attrs:lat|0|lon|0|z|0|h|774|v|1647877245.3447301
TS1:/54321/drone001/attrs:lat|0|lon|0|z|0|h|775|v|1647877245.3523533
TS1:/54321/drone001/attrs:lat|0|lon|0|z|0|h|776|v|1647877245.3599184
TS1:/54321/drone001/attrs:lat|0|lon|0|z|0|h|777|v|1647877245.3674498
TS1:/54321/drone001/attrs:lat|0|lon|0|z|0|h|778|v|1647877245.375023
TS1:/54321/drone001/attrs:lat|0|lon|0|z|0|h|779|v|1647877245.3825984
TS1:/54321/drone001/attrs:lat|0|lon|0|z|0|h|780|v|1647877245.3901591
TS1:/54321/drone001/attrs:lat|0|lon|0|z|0|h|781|v|1647877245.397726
TS1:/54321/drone001/attrs:lat|0|lon|0|z|0|h|782|v|1647877245.4052122
TS1:/54321/drone001/attrs:lat|0|lon|0|z|0|h|783|v|1647877245.412771
TS1:/54321/drone001/attrs:lat|0|lon|0|z|0|h|784|v|1647877245.4203818
TS1:/54321/drone001/attrs:lat|0|lon|0|z|0|h|785|v|1647877245.4279869
TS1:/54321/drone001/attrs:lat|0|lon|0|z|0|h|786|v|1647877245.4355862
TS1:/54321/drone001/attrs:lat|0|lon|0|z|0|h|787|v|1647877245.443119
TS1:/54321/drone001/attrs:lat|0|lon|0|z|0|h|788|v|1647877245.4505599
TS1:/54321/drone001/attrs:lat|0|lon|0|z|0|h|789|v|1647877245.4580865
TS1:/54321/drone001/attrs:lat|0|lon|0|z|0|h|790|v|1647877245.465639
TS1:/54321/drone001/attrs:lat|0|lon|0|z|0|h|791|v|1647877245.473191
TS1:/54321/drone001/attrs:lat|0|lon|0|z|0|h|792|v|1647877245.4807546
TS1:/54321/drone001/attrs:lat|0|lon|0|z|0|h|793|v|1647877245.4883623
TS1:/54321/drone001/attrs:lat|0|lon|0|z|0|h|794|v|1647877245.495936
TS1:/54321/drone001/attrs:lat|0|lon|0|z|0|h|795|v|1647877245.5035143
TS1:/54321/drone001/attrs:lat|0|lon|0|z|0|h|796|v|1647877245.5110712
TS1:/54321/drone001/attrs:lat|0|lon|0|z|0|h|797|v|1647877245.518683
TS1:/54321/drone001/attrs:lat|0|lon|0|z|0|h|798|v|1647877245.5262651
TS1:/54321/drone001/attrs:lat|0|lon|0|z|0|h|799|v|1647877245.5338247
TS1:/54321/drone001/attrs:lat|0|lon|0|z|0|h|800|v|1647877245.5414035
TS1:/54321/drone001/attrs:lat|0|lon|0|z|0|h|801|v|1647877245.5490372
TS1:/54321/drone001/attrs:lat|0|lon|0|z|0|h|802|v|1647877245.556584
TS1:/54321/drone001/attrs:lat|0|lon|0|z|0|h|803|v|1647877245.5641813
TS1:/54321/drone001/attrs:lat|0|lon|0|z|0|h|804|v|1647877245.5717063
TS1:/54321/drone001/attrs:lat|0|lon|0|z|0|h|805|v|1647877245.5792758
TS1:/54321/drone001/attrs:lat|0|lon|0|z|0|h|806|v|1647877245.5868824
TS1:/54321/drone001/attrs:lat|0|lon|0|z|0|h|807|v|1647877245.594512
TS1:/54321/drone001/attrs:lat|0|lon|0|z|0|h|808|v|1647877245.6021066
TS1:/54321/drone001/attrs:lat|0|lon|0|z|0|h|809|v|1647877245.6097233
TS1:/54321/drone001/attrs:lat|0|lon|0|z|0|h|810|v|1647877245.6173244
TS1:/54321/drone001/attrs:lat|0|lon|0|z|0|h|811|v|1647877245.6249495
TS1:/54321/drone001/attrs:lat|0|lon|0|z|0|h|812|v|1647877245.6325886
TS1:/54321/drone001/attrs:lat|0|lon|0|z|0|h|813|v|1647877245.640169
TS1:/54321/drone001/attrs:lat|0|lon|0|z|0|h|814|v|1647877245.6477778
TS1:/54321/drone001/attrs:lat|0|lon|0|z|0|h|815|v|1647877245.6553524
TS1:/54321/drone001/attrs:lat|0|lon|0|z|0|h|816|v|1647877245.6629262
TS1:/54321/drone001/attrs:lat|0|lon|0|z|0|h|817|v|1647877245.6705308
TS1:/54321/drone001/attrs:lat|0|lon|0|z|0|h|818|v|1647877245.6781158
TS1:/54321/drone001/attrs:lat|0|lon|0|z|0|h|819|v|1647877245.685677
TS1:/54321/drone001/attrs:lat|0|lon|0|z|0|h|820|v|1647877245.6932163
TS1:/54321/drone001/attrs:lat|0|lon|0|z|0|h|821|v|1647877245.7007847
TS1:/54321/drone001/attrs:lat|0|lon|0|z|0|h|822|v|1647877245.708406
TS1:/54321/drone001/attrs:lat|0|lon|0|z|0|h|823|v|1647877245.7160373
TS1:/54321/drone001/attrs:lat|0|lon|0|z|0|h|824|v|1647877245.7236178
TS1:/54321/drone001/attrs:lat|0|lon|0|z|0|h|825|v|1647877245.731192
TS1:/54321/drone001/attrs:lat|0|lon|0|z|0|h|826|v|1647877245.738767
TS1:/54321/drone001/attrs:lat|0|lon|0|z|0|h|827|v|1647877245.7463415
TS1:/54321/drone001/attrs:lat|0|lon|0|z|0|h|828|v|1647877245.7539492
TS1:/54321/drone001/attrs:lat|0|lon|0|z|0|h|829|v|1647877245.7615302
TS1:/54321/drone001/attrs:lat|0|lon|0|z|0|h|830|v|1647877245.7691329
TS1:/54321/drone001/attrs:lat|0|lon|0|z|0|h|831|v|1647877245.7767313
TS1:/54321/drone001/attrs:lat|0|lon|0|z|0|h|832|v|1647877245.7843475
TS1:/54321/drone001/attrs:lat|0|lon|0|z|0|h|833|v|1647877245.7919147
TS1:/54321/drone001/attrs:lat|0|lon|0|z|0|h|834|v|1647877245.799447
TS1:/54321/drone001/attrs:lat|0|lon|0|z|0|h|835|v|1647877245.807106
TS1:/54321/drone001/attrs:lat|0|lon|0|z|0|h|836|v|1647877245.8148253
TS1:/54321/drone001/attrs:lat|0|lon|0|z|0|h|837|v|1647877245.8224213
TS1:/54321/drone001/attrs:lat|0|lon|0|z|0|h|838|v|1647877245.8300464
TS1:/54321/drone001/attrs:lat|0|lon|0|z|0|h|839|v|1647877245.8375955
TS1:/54321/drone001/attrs:lat|0|lon|0|z|0|h|840|v|1647877245.845178
TS1:/54321/drone001/attrs:lat|0|lon|0|z|0|h|841|v|1647877245.8528194
TS1:/54321/drone001/attrs:lat|0|lon|0|z|0|h|842|v|1647877245.8603969
TS1:/54321/drone001/attrs:lat|0|lon|0|z|0|h|843|v|1647877245.8679934
TS1:/54321/drone001/attrs:lat|0|lon|0|z|0|h|844|v|1647877245.8755999
TS1:/54321/drone001/attrs:lat|0|lon|0|z|0|h|845|v|1647877245.8831873
TS1:/54321/drone001/attrs:lat|0|lon|0|z|0|h|846|v|1647877245.8908103
TS1:/54321/drone001/attrs:lat|0|lon|0|z|0|h|847|v|1647877245.8984058
TS1:/54321/drone001/attrs:lat|0|lon|0|z|0|h|848|v|1647877245.9060662
TS1:/54321/drone001/attrs:lat|0|lon|0|z|0|h|849|v|1647877245.9142563
TS1:/54321/drone001/attrs:lat|0|lon|0|z|0|h|850|v|1647877245.9218483
TS1:/54321/drone001/attrs:lat|0|lon|0|z|0|h|851|v|1647877245.929521
TS1:/54321/drone001/attrs:lat|0|lon|0|z|0|h|852|v|1647877245.9371197
TS1:/54321/drone001/attrs:lat|0|lon|0|z|0|h|853|v|1647877245.9447532
TS1:/54321/drone001/attrs:lat|0|lon|0|z|0|h|854|v|1647877245.9523997
TS1:/54321/drone001/attrs:lat|0|lon|0|z|0|h|855|v|1647877245.9600222
TS1:/54321/drone001/attrs:lat|0|lon|0|z|0|h|856|v|1647877245.9676237
TS1:/54321/drone001/attrs:lat|0|lon|0|z|0|h|857|v|1647877245.9752257
TS1:/54321/drone001/attrs:lat|0|lon|0|z|0|h|858|v|1647877245.9828413
TS1:/54321/drone001/attrs:lat|0|lon|0|z|0|h|859|v|1647877245.9904406
TS1:/54321/drone001/attrs:lat|0|lon|0|z|0|h|860|v|1647877245.9980466
TS1:/54321/drone001/attrs:lat|0|lon|0|z|0|h|861|v|1647877246.00563
TS1:/54321/drone001/attrs:lat|0|lon|0|z|0|h|862|v|1647877246.013237
TS1:/54321/drone001/attrs:lat|0|lon|0|z|0|h|863|v|1647877246.020855
TS1:/54321/drone001/attrs:lat|0|lon|0|z|0|h|864|v|1647877246.028555
TS1:/54321/drone001/attrs:lat|0|lon|0|z|0|h|865|v|1647877246.036185
TS1:/54321/drone001/attrs:lat|0|lon|0|z|0|h|866|v|1647877246.0438285
TS1:/54321/drone001/attrs:lat|0|lon|0|z|0|h|867|v|1647877246.0514545
TS1:/54321/drone001/attrs:lat|0|lon|0|z|0|h|868|v|1647877246.0590553
TS1:/54321/drone001/attrs:lat|0|lon|0|z|0|h|869|v|1647877246.0666673
TS1:/54321/drone001/attrs:lat|0|lon|0|z|0|h|870|v|1647877246.0742736
TS1:/54321/drone001/attrs:lat|0|lon|0|z|0|h|871|v|1647877246.0818918
TS1:/54321/drone001/attrs:lat|0|lon|0|z|0|h|872|v|1647877246.0895176
TS1:/54321/drone001/attrs:lat|0|lon|0|z|0|h|873|v|1647877246.0971272
TS1:/54321/drone001/attrs:lat|0|lon|0|z|0|h|874|v|1647877246.104743
TS1:/54321/drone001/attrs:lat|0|lon|0|z|0|h|875|v|1647877246.1123815
TS1:/54321/drone001/attrs:lat|0|lon|0|z|0|h|876|v|1647877246.1200128
TS1:/54321/drone001/attrs:lat|0|lon|0|z|0|h|877|v|1647877246.1276054
TS1:/54321/drone001/attrs:lat|0|lon|0|z|0|h|878|v|1647877246.1352046
TS1:/54321/drone001/attrs:lat|0|lon|0|z|0|h|879|v|1647877246.142822
TS1:/54321/drone001/attrs:lat|0|lon|0|z|0|h|880|v|1647877246.1504285
TS1:/54321/drone001/attrs:lat|0|lon|0|z|0|h|881|v|1647877246.158046
TS1:/54321/drone001/attrs:lat|0|lon|0|z|0|h|882|v|1647877246.1656394
TS1:/54321/drone001/attrs:lat|0|lon|0|z|0|h|883|v|1647877246.1732006
TS1:/54321/drone001/attrs:lat|0|lon|0|z|0|h|884|v|1647877246.1807783
TS1:/54321/drone001/attrs:lat|0|lon|0|z|0|h|885|v|1647877246.1883905
TS1:/54321/drone001/attrs:lat|0|lon|0|z|0|h|886|v|1647877246.1959794
TS1:/54321/drone001/attrs:lat|0|lon|0|z|0|h|887|v|1647877246.20356
TS1:/54321/drone001/attrs:lat|0|lon|0|z|0|h|888|v|1647877246.2111278
TS1:/54321/drone001/attrs:lat|0|lon|0|z|0|h|889|v|1647877246.2186706
TS1:/54321/drone001/attrs:lat|0|lon|0|z|0|h|890|v|1647877246.226224
TS1:/54321/drone001/attrs:lat|0|lon|0|z|0|h|891|v|1647877246.233799
TS1:/54321/drone001/attrs:lat|0|lon|0|z|0|h|892|v|1647877246.241359
TS1:/54321/drone001/attrs:lat|0|lon|0|z|0|h|893|v|1647877246.248949
TS1:/54321/drone001/attrs:lat|0|lon|0|z|0|h|894|v|1647877246.256566
TS1:/54321/drone001/attrs:lat|0|lon|0|z|0|h|895|v|1647877246.264094
TS1:/54321/drone001/attrs:lat|0|lon|0|z|0|h|896|v|1647877246.2716596
TS1:/54321/drone001/attrs:lat|0|lon|0|z|0|h|897|v|1647877246.279228
TS1:/54321/drone001/attrs:lat|0|lon|0|z|0|h|898|v|1647877246.2868028
TS1:/54321/drone001/attrs:lat|0|lon|0|z|0|h|899|v|1647877246.2943676
TS1:/54321/drone001/attrs:lat|0|lon|0|z|0|h|900|v|1647877246.3019614
TS1:/54321/drone001/attrs:lat|0|lon|0|z|0|h|901|v|1647877246.3095453
TS1:/54321/drone001/attrs:lat|0|lon|0|z|0|h|902|v|1647877246.3171284
TS1:/54321/drone001/attrs:lat|0|lon|0|z|0|h|903|v|1647877246.324702
TS1:/54321/drone001/attrs:lat|0|lon|0|z|0|h|904|v|1647877246.3322775
TS1:/54321/drone001/attrs:lat|0|lon|0|z|0|h|905|v|1647877246.3398862
TS1:/54321/drone001/attrs:lat|0|lon|0|z|0|h|906|v|1647877246.3474033
TS1:/54321/drone001/attrs:lat|0|lon|0|z|0|h|907|v|1647877246.354938
TS1:/54321/drone001/attrs:lat|0|lon|0|z|0|h|908|v|1647877246.3625395
TS1:/54321/drone001/attrs:lat|0|lon|0|z|0|h|909|v|1647877246.370075
TS1:/54321/drone001/attrs:lat|0|lon|0|z|0|h|910|v|1647877246.3776371
TS1:/54321/drone001/attrs:lat|0|lon|0|z|0|h|911|v|1647877246.3852024
TS1:/54321/drone001/attrs:lat|0|lon|0|z|0|h|912|v|1647877246.3927875
TS1:/54321/drone001/attrs:lat|0|lon|0|z|0|h|913|v|1647877246.400381
TS1:/54321/drone001/attrs:lat|0|lon|0|z|0|h|914|v|1647877246.4078434
TS1:/54321/drone001/attrs:lat|0|lon|0|z|0|h|915|v|1647877246.4154086
TS1:/54321/drone001/attrs:lat|0|lon|0|z|0|h|916|v|1647877246.4229825
TS1:/54321/drone001/attrs:lat|0|lon|0|z|0|h|917|v|1647877246.430531
TS1:/54321/drone001/attrs:lat|0|lon|0|z|0|h|918|v|1647877246.4380984
TS1:/54321/drone001/attrs:lat|0|lon|0|z|0|h|919|v|1647877246.4456348
TS1:/54321/drone001/attrs:lat|0|lon|0|z|0|h|920|v|1647877246.4532032
TS1:/54321/drone001/attrs:lat|0|lon|0|z|0|h|921|v|1647877246.4607751
TS1:/54321/drone001/attrs:lat|0|lon|0|z|0|h|922|v|1647877246.4683778
TS1:/54321/drone001/attrs:lat|0|lon|0|z|0|h|923|v|1647877246.4759834
TS1:/54321/drone001/attrs:lat|0|lon|0|z|0|h|924|v|1647877246.4835668
TS1:/54321/drone001/attrs:lat|0|lon|0|z|0|h|925|v|1647877246.4911296
TS1:/54321/drone001/attrs:lat|0|lon|0|z|0|h|926|v|1647877246.4987156
TS1:/54321/drone001/attrs:lat|0|lon|0|z|0|h|927|v|1647877246.5062757
TS1:/54321/drone001/attrs:lat|0|lon|0|z|0|h|928|v|1647877246.5137725
TS1:/54321/drone001/attrs:lat|0|lon|0|z|0|h|929|v|1647877246.521337
TS1:/54321/drone001/attrs:lat|0|lon|0|z|0|h|930|v|1647877246.5289242
TS1:/54321/drone001/attrs:lat|0|lon|0|z|0|h|931|v|1647877246.536534
TS1:/54321/drone001/attrs:lat|0|lon|0|z|0|h|932|v|1647877246.5440729
TS1:/54321/drone001/attrs:lat|0|lon|0|z|0|h|933|v|1647877246.551642
TS1:/54321/drone001/attrs:lat|0|lon|0|z|0|h|934|v|1647877246.5592058
TS1:/54321/drone001/attrs:lat|0|lon|0|z|0|h|935|v|1647877246.5667746
TS1:/54321/drone001/attrs:lat|0|lon|0|z|0|h|936|v|1647877246.5743363
TS1:/54321/drone001/attrs:lat|0|lon|0|z|0|h|937|v|1647877246.5819244
TS1:/54321/drone001/attrs:lat|0|lon|0|z|0|h|938|v|1647877246.589511
TS1:/54321/drone001/attrs:lat|0|lon|0|z|0|h|939|v|1647877246.5971146
TS1:/54321/drone001/attrs:lat|0|lon|0|z|0|h|940|v|1647877246.6046727
TS1:/54321/drone001/attrs:lat|0|lon|0|z|0|h|941|v|1647877246.6122367
TS1:/54321/drone001/attrs:lat|0|lon|0|z|0|h|942|v|1647877246.6198442
TS1:/54321/drone001/attrs:lat|0|lon|0|z|0|h|943|v|1647877246.6273792
TS1:/54321/drone001/attrs:lat|0|lon|0|z|0|h|944|v|1647877246.634942
TS1:/54321/drone001/attrs:lat|0|lon|0|z|0|h|945|v|1647877246.642497
TS1:/54321/drone001/attrs:lat|0|lon|0|z|0|h|946|v|1647877246.6500227
TS1:/54321/drone001/attrs:lat|0|lon|0|z|0|h|947|v|1647877246.6575966
TS1:/54321/drone001/attrs:lat|0|lon|0|z|0|h|948|v|1647877246.6651714
TS1:/54321/drone001/attrs:lat|0|lon|0|z|0|h|949|v|1647877246.6727695
TS1:/54321/drone001/attrs:lat|0|lon|0|z|0|h|950|v|1647877246.6804044
TS1:/54321/drone001/attrs:lat|0|lon|0|z|0|h|951|v|1647877246.6879375
TS1:/54321/drone001/attrs:lat|0|lon|0|z|0|h|952|v|1647877246.6956966
TS1:/54321/drone001/attrs:lat|0|lon|0|z|0|h|953|v|1647877246.7032077
TS1:/54321/drone001/attrs:lat|0|lon|0|z|0|h|954|v|1647877246.7107685
TS1:/54321/drone001/attrs:lat|0|lon|0|z|0|h|955|v|1647877246.718496
TS1:/54321/drone001/attrs:lat|0|lon|0|z|0|h|956|v|1647877246.7260473
TS1:/54321/drone001/attrs:lat|0|lon|0|z|0|h|957|v|1647877246.7335882
TS1:/54321/drone001/attrs:lat|0|lon|0|z|0|h|958|v|1647877246.7411535
TS1:/54321/drone001/attrs:lat|0|lon|0|z|0|h|959|v|1647877246.7487104
TS1:/54321/drone001/attrs:lat|0|lon|0|z|0|h|960|v|1647877246.7562566
TS1:/54321/drone001/attrs:lat|0|lon|0|z|0|h|961|v|1647877246.7638426
TS1:/54321/drone001/attrs:lat|0|lon|0|z|0|h|962|v|1647877246.7714012
TS1:/54321/drone001/attrs:lat|0|lon|0|z|0|h|963|v|1647877246.7789788
TS1:/54321/drone001/attrs:lat|0|lon|0|z|0|h|964|v|1647877246.7865398
TS1:/54321/drone001/attrs:lat|0|lon|0|z|0|h|965|v|1647877246.7941177
TS1:/54321/drone001/attrs:lat|0|lon|0|z|0|h|966|v|1647877246.801655
TS1:/54321/drone001/attrs:lat|0|lon|0|z|0|h|967|v|1647877246.8092034
TS1:/54321/drone001/attrs:lat|0|lon|0|z|0|h|968|v|1647877246.8167677
TS1:/54321/drone001/attrs:lat|0|lon|0|z|0|h|969|v|1647877246.8243835
TS1:/54321/drone001/attrs:lat|0|lon|0|z|0|h|970|v|1647877246.8319721
TS1:/54321/drone001/attrs:lat|0|lon|0|z|0|h|971|v|1647877246.8395765
TS1:/54321/drone001/attrs:lat|0|lon|0|z|0|h|972|v|1647877246.8471503
TS1:/54321/drone001/attrs:lat|0|lon|0|z|0|h|973|v|1647877246.8547485
TS1:/54321/drone001/attrs:lat|0|lon|0|z|0|h|974|v|1647877246.8623037
TS1:/54321/drone001/attrs:lat|0|lon|0|z|0|h|975|v|1647877246.8698611
TS1:/54321/drone001/attrs:lat|0|lon|0|z|0|h|976|v|1647877246.877438
TS1:/54321/drone001/attrs:lat|0|lon|0|z|0|h|977|v|1647877246.8850625
TS1:/54321/drone001/attrs:lat|0|lon|0|z|0|h|978|v|1647877246.8926742
TS1:/54321/drone001/attrs:lat|0|lon|0|z|0|h|979|v|1647877246.9002411
TS1:/54321/drone001/attrs:lat|0|lon|0|z|0|h|980|v|1647877246.9078276
TS1:/54321/drone001/attrs:lat|0|lon|0|z|0|h|981|v|1647877246.9153922
TS1:/54321/drone001/attrs:lat|0|lon|0|z|0|h|982|v|1647877246.9229553
TS1:/54321/drone001/attrs:lat|0|lon|0|z|0|h|983|v|1647877246.9305124
TS1:/54321/drone001/attrs:lat|0|lon|0|z|0|h|984|v|1647877246.938058
TS1:/54321/drone001/attrs:lat|0|lon|0|z|0|h|985|v|1647877246.9455976
TS1:/54321/drone001/attrs:lat|0|lon|0|z|0|h|986|v|1647877246.953179
TS1:/54321/drone001/attrs:lat|0|lon|0|z|0|h|987|v|1647877246.9607549
TS1:/54321/drone001/attrs:lat|0|lon|0|z|0|h|988|v|1647877246.9683897
TS1:/54321/drone001/attrs:lat|0|lon|0|z|0|h|989|v|1647877246.9759943
TS1:/54321/drone001/attrs:lat|0|lon|0|z|0|h|990|v|1647877246.983565
TS1:/54321/drone001/attrs:lat|0|lon|0|z|0|h|991|v|1647877246.9911299
TS1:/54321/drone001/attrs:lat|0|lon|0|z|0|h|992|v|1647877246.9987113
TS1:/54321/drone001/attrs:lat|0|lon|0|z|0|h|993|v|1647877247.0062757
TS1:/54321/drone001/attrs:lat|0|lon|0|z|0|h|994|v|1647877247.0138803
TS1:/54321/drone001/attrs:lat|0|lon|0|z|0|h|995|v|1647877247.0214841
TS1:/54321/drone001/attrs:lat|0|lon|0|z|0|h|996|v|1647877247.0290487
TS1:/54321/drone001/attrs:lat|0|lon|0|z|0|h|997|v|1647877247.0366418
TS1:/54321/drone001/attrs:lat|0|lon|0|z|0|h|998|v|1647877247.0442007
TS1:/54321/drone001/attrs:lat|0|lon|0|z|0|h|999|v|1647877247.051791
TS1:/54321/drone001/attrs:lat|0|lon|0|z|0|h|1000|v|1647877247.0593438
