TS1:/54321/drone001/attrs:lat|0|lon|0|z|0|h|1|v|1647876977.3906124
TS1:/54321/drone001/attrs:lat|0|lon|0|z|0|h|2|v|1647876977.3969057
TS1:/54321/drone001/attrs:lat|0|lon|0|z|0|h|3|v|1647876977.4033275
TS1:/54321/drone001/attrs:lat|0|lon|0|z|0|h|4|v|1647876977.4097204
TS1:/54321/drone001/attrs:lat|0|lon|0|z|0|h|5|v|1647876977.416267
TS1:/54321/drone001/attrs:lat|0|lon|0|z|0|h|6|v|1647876977.4227164
TS1:/54321/drone001/attrs:lat|0|lon|0|z|0|h|7|v|1647876977.4291828
TS1:/54321/drone001/attrs:lat|0|lon|0|z|0|h|8|v|1647876977.4356935
TS1:/54321/drone001/attrs:lat|0|lon|0|z|0|h|9|v|1647876977.442187
TS1:/54321/drone001/attrs:lat|0|lon|0|z|0|h|10|v|1647876977.448715
TS1:/54321/drone001/attrs:lat|0|lon|0|z|0|h|11|v|1647876977.455255
TS1:/54321/drone001/attrs:lat|0|lon|0|z|0|h|12|v|1647876977.4618137
TS1:/54321/drone001/attrs:lat|0|lon|0|z|0|h|13|v|1647876977.4683452
TS1:/54321/drone001/attrs:lat|0|lon|0|z|0|h|14|v|1647876977.474911
TS1:/54321/drone001/attrs:lat|0|lon|0|z|0|h|15|v|1647876977.481445
TS1:/54321/drone001/attrs:lat|0|lon|0|z|0|h|16|v|1647876977.4880295
TS1:/54321/drone001/attrs:lat|0|lon|0|z|0|h|17|v|1647876977.494576
TS1:/54321/drone001/attrs:lat|0|lon|0|z|0|h|18|v|1647876977.501139
TS1:/54321/drone001/attrs:lat|0|lon|0|z|0|h|19|v|1647876977.5077124
TS1:/54321/drone001/attrs:lat|0|lon|0|z|0|h|20|v|1647876977.5142632
TS1:/54321/drone001/attrs:lat|0|lon|0|z|0|h|21|v|1647876977.5208354
TS1:/54321/drone001/attrs:lat|0|lon|0|z|0|h|22|v|1647876977.527404
TS1:/54321/drone001/attrs:lat|0|lon|0|z|0|h|23|v|1647876977.5339797
TS1:/54321/drone001/attrs:lat|0|lon|0|z|0|h|24|v|1647876977.5405474
TS1:/54321/drone001/attrs:lat|0|lon|0|z|0|h|25|v|1647876977.547096
TS1:/54321/drone001/attrs:lat|0|lon|0|z|0|h|26|v|1647876977.5536456
TS1:/54321/drone001/attrs:lat|0|lon|0|z|0|h|27|v|1647876977.5601938
TS1:/54321/drone001/attrs:lat|0|lon|0|z|0|h|28|v|1647876977.5667658
TS1:/54321/drone001/attrs:lat|0|lon|0|z|0|h|29|v|1647876977.573321
TS1:/54321/drone001/attrs:lat|0|lon|0|z|0|h|30|v|1647876977.5798955
TS1:/54321/drone001/attrs:lat|0|lon|0|z|0|h|31|v|1647876977.586448
TS1:/54321/drone001/attrs:lat|0|lon|0|z|0|h|32|v|1647876977.5930197
TS1:/54321/drone001/attrs:lat|0|lon|0|z|0|h|33|v|1647876977.599582
TS1:/54321/drone001/attrs:lat|0|lon|0|z|0|h|34|v|1647876977.6060128
TS1:/54321/drone001/attrs:lat|0|lon|0|z|0|h|35|v|1647876977.612523
TS1:/54321/drone001/attrs:lat|0|lon|0|z|0|h|36|v|1647876977.6190727
TS1:/54321/drone001/attrs:lat|0|lon|0|z|0|h|37|v|1647876977.6256244
TS1:/54321/drone001/attrs:lat|0|lon|0|z|0|h|38|v|1647876977.632155
TS1:/54321/drone001/attrs:lat|0|lon|0|z|0|h|39|v|1647876977.6386988
TS1:/54321/drone001/attrs:lat|0|lon|0|z|0|h|40|v|1647876977.645245
TS1:/54321/drone001/attrs:lat|0|lon|0|z|0|h|41|v|1647876977.6517982
TS1:/54321/drone001/attrs:lat|0|lon|0|z|0|h|42|v|1647876977.658351
TS1:/54321/drone001/attrs:lat|0|lon|0|z|0|h|43|v|1647876977.664935
TS1:/54321/drone001/attrs:lat|0|lon|0|z|0|h|44|v|1647876977.6715395
TS1:/54321/drone001/attrs:lat|0|lon|0|z|0|h|45|v|1647876977.6780763
TS1:/54321/drone001/attrs:lat|0|lon|0|z|0|h|46|v|1647876977.684633
TS1:/54321/drone001/attrs:lat|0|lon|0|z|0|h|47|v|1647876977.6911824
TS1:/54321/drone001/attrs:lat|0|lon|0|z|0|h|48|v|1647876977.6977603
TS1:/54321/drone001/attrs:lat|0|lon|0|z|0|h|49|v|1647876977.7043111
TS1:/54321/drone001/attrs:lat|0|lon|0|z|0|h|50|v|1647876977.710877
TS1:/54321/drone001/attrs:lat|0|lon|0|z|0|h|51|v|1647876977.717425
TS1:/54321/drone001/attrs:lat|0|lon|0|z|0|h|52|v|1647876977.7239845
TS1:/54321/drone001/attrs:lat|0|lon|0|z|0|h|53|v|1647876977.7305377
TS1:/54321/drone001/attrs:lat|0|lon|0|z|0|h|54|v|1647876977.7370596
TS1:/54321/drone001/attrs:lat|0|lon|0|z|0|h|55|v|1647876977.7435842
TS1:/54321/drone001/attrs:lat|0|lon|0|z|0|h|56|v|1647876977.7501264
TS1:/54321/drone001/attrs:lat|0|lon|0|z|0|h|57|v|1647876977.7566438
TS1:/54321/drone001/attrs:lat|0|lon|0|z|0|h|58|v|1647876977.7631903
TS1:/54321/drone001/attrs:lat|0|lon|0|z|0|h|59|v|1647876977.7697475
TS1:/54321/drone001/attrs:lat|0|lon|0|z|0|h|60|v|1647876977.7762647
TS1:/54321/drone001/attrs:lat|0|lon|0|z|0|h|61|v|1647876977.7828324
TS1:/54321/drone001/attrs:lat|0|lon|0|z|0|h|62|v|1647876977.7894006
TS1:/54321/drone001/attrs:lat|0|lon|0|z|0|h|63|v|1647876977.7959685
TS1:/54321/drone001/attrs:lat|0|lon|0|z|0|h|64|v|1647876977.802536
TS1:/54321/drone001/attrs:lat|0|lon|0|z|0|h|65|v|1647876977.8091147
TS1:/54321/drone001/attrs:lat|0|lon|0|z|0|h|66|v|1647876977.8156636
TS1:/54321/drone001/attrs:lat|0|lon|0|z|0|h|67|v|1647876977.822218
TS1:/54321/drone001/attrs:lat|0|lon|0|z|0|h|68|v|1647876977.828759
TS1:/54321/drone001/attrs:lat|0|lon|0|z|0|h|69|v|1647876977.835344
TS1:/54321/drone001/attrs:lat|0|lon|0|z|0|h|70|v|1647876977.8419313
TS1:/54321/drone001/attrs:lat|0|lon|0|z|0|h|71|v|1647876977.848487
TS1:/54321/drone001/attrs:lat|0|lon|0|z|0|h|72|v|1647876977.8550372
TS1:/54321/drone001/attrs:lat|0|lon|0|z|0|h|73|v|1647876977.861586
TS1:/54321/drone001/attrs:lat|0|lon|0|z|0|h|74|v|1647876977.8681355
TS1:/54321/drone001/attrs:lat|0|lon|0|z|0|h|75|v|1647876977.8745892
TS1:/54321/drone001/attrs:lat|0|lon|0|z|0|h|76|v|1647876977.8811398
TS1:/54321/drone001/attrs:lat|0|lon|0|z|0|h|77|v|1647876977.887719
TS1:/54321/drone001/attrs:lat|0|lon|0|z|0|h|78|v|1647876977.8942742
TS1:/54321/drone001/attrs:lat|0|lon|0|z|0|h|79|v|1647876977.9008176
TS1:/54321/drone001/attrs:lat|0|lon|0|z|0|h|80|v|1647876977.9073687
TS1:/54321/drone001/attrs:lat|0|lon|0|z|0|h|81|v|1647876977.913951
TS1:/54321/drone001/attrs:lat|0|lon|0|z|0|h|82|v|1647876977.9204865
TS1:/54321/drone001/attrs:lat|0|lon|0|z|0|h|83|v|1647876977.9270384
TS1:/54321/drone001/attrs:lat|0|lon|0|z|0|h|84|v|1647876977.933584
TS1:/54321/drone001/attrs:lat|0|lon|0|z|0|h|85|v|1647876977.940127
TS1:/54321/drone001/attrs:lat|0|lon|0|z|0|h|86|v|1647876977.9466655
TS1:/54321/drone001/attrs:lat|0|lon|0|z|0|h|87|v|1647876977.9532158
TS1:/54321/drone001/attrs:lat|0|lon|0|z|0|h|88|v|1647876977.9597874
TS1:/54321/drone001/attrs:lat|0|lon|0|z|0|h|89|v|1647876977.9663346
TS1:/54321/drone001/attrs:lat|0|lon|0|z|0|h|90|v|1647876977.9729168
TS1:/54321/drone001/attrs:lat|0|lon|0|z|0|h|91|v|1647876977.979521
TS1:/54321/drone001/attrs:lat|0|lon|0|z|0|h|92|v|1647876977.9860585
TS1:/54321/drone001/attrs:lat|0|lon|0|z|0|h|93|v|1647876977.9926023
TS1:/54321/drone001/attrs:lat|0|lon|0|z|0|h|94|v|1647876977.999152
TS1:/54321/drone001/attrs:lat|0|lon|0|z|0|h|95|v|1647876978.0057244
TS1:/54321/drone001/attrs:lat|0|lon|0|z|0|h|96|v|1647876978.0122733
TS1:/54321/drone001/attrs:lat|0|lon|0|z|0|h|97|v|1647876978.0194452
TS1:/54321/drone001/attrs:lat|0|lon|0|z|0|h|98|v|1647876978.026026
TS1:/54321/drone001/attrs:lat|0|lon|0|z|0|h|99|v|1647876978.0325763
TS1:/54321/drone001/attrs:lat|0|lon|0|z|0|h|100|v|1647876978.0391262
TS1:/54321/drone001/attrs:lat|0|lon|0|z|0|h|101|v|1647876978.0456595
TS1:/54321/drone001/attrs:lat|0|lon|0|z|0|h|102|v|1647876978.056062
TS1:/54321/drone001/attrs:lat|0|lon|0|z|0|h|103|v|1647876978.062626
TS1:/54321/drone001/attrs:lat|0|lon|0|z|0|h|104|v|1647876978.069171
TS1:/54321/drone001/attrs:lat|0|lon|0|z|0|h|105|v|1647876978.0757449
TS1:/54321/drone001/attrs:lat|0|lon|0|z|0|h|106|v|1647876978.0822923
TS1:/54321/drone001/attrs:lat|0|lon|0|z|0|h|107|v|1647876978.0888643
TS1:/54321/drone001/attrs:lat|0|lon|0|z|0|h|108|v|1647876978.0954485
TS1:/54321/drone001/attrs:lat|0|lon|0|z|0|h|109|v|1647876978.1020184
TS1:/54321/drone001/attrs:lat|0|lon|0|z|0|h|110|v|1647876978.1085596
TS1:/54321/drone001/attrs:lat|0|lon|0|z|0|h|111|v|1647876978.115109
TS1:/54321/drone001/attrs:lat|0|lon|0|z|0|h|112|v|1647876978.1216528
TS1:/54321/drone001/attrs:lat|0|lon|0|z|0|h|113|v|1647876978.1282074
TS1:/54321/drone001/attrs:lat|0|lon|0|z|0|h|114|v|1647876978.1347895
TS1:/54321/drone001/attrs:lat|0|lon|0|z|0|h|115|v|1647876978.1413424
TS1:/54321/drone001/attrs:lat|0|lon|0|z|0|h|116|v|1647876978.1479256
TS1:/54321/drone001/attrs:lat|0|lon|0|z|0|h|117|v|1647876978.1544473
TS1:/54321/drone001/attrs:lat|0|lon|0|z|0|h|118|v|1647876978.160989
TS1:/54321/drone001/attrs:lat|0|lon|0|z|0|h|119|v|1647876978.1675596
TS1:/54321/drone001/attrs:lat|0|lon|0|z|0|h|120|v|1647876978.1741118
TS1:/54321/drone001/attrs:lat|0|lon|0|z|0|h|121|v|1647876978.180661
TS1:/54321/drone001/attrs:lat|0|lon|0|z|0|h|122|v|1647876978.1873412
TS1:/54321/drone001/attrs:lat|0|lon|0|z|0|h|123|v|1647876978.193917
TS1:/54321/drone001/attrs:lat|0|lon|0|z|0|h|124|v|1647876978.2004938
TS1:/54321/drone001/attrs:lat|0|lon|0|z|0|h|125|v|1647876978.2070343
TS1:/54321/drone001/attrs:lat|0|lon|0|z|0|h|126|v|1647876978.213566
TS1:/54321/drone001/attrs:lat|0|lon|0|z|0|h|127|v|1647876978.2201128
TS1:/54321/drone001/attrs:lat|0|lon|0|z|0|h|128|v|1647876978.226643
TS1:/54321/drone001/attrs:lat|0|lon|0|z|0|h|129|v|1647876978.2331913
TS1:/54321/drone001/attrs:lat|0|lon|0|z|0|h|130|v|1647876978.2397454
TS1:/54321/drone001/attrs:lat|0|lon|0|z|0|h|131|v|1647876978.2462623
TS1:/54321/drone001/attrs:lat|0|lon|0|z|0|h|132|v|1647876978.2528164
TS1:/54321/drone001/attrs:lat|0|lon|0|z|0|h|133|v|1647876978.2593815
TS1:/54321/drone001/attrs:lat|0|lon|0|z|0|h|134|v|1647876978.265922
TS1:/54321/drone001/attrs:lat|0|lon|0|z|0|h|135|v|1647876978.2724998
TS1:/54321/drone001/attrs:lat|0|lon|0|z|0|h|136|v|1647876978.2790496
TS1:/54321/drone001/attrs:lat|0|lon|0|z|0|h|137|v|1647876978.285606
TS1:/54321/drone001/attrs:lat|0|lon|0|z|0|h|138|v|1647876978.2921593
TS1:/54321/drone001/attrs:lat|0|lon|0|z|0|h|139|v|1647876978.298711
TS1:/54321/drone001/attrs:lat|0|lon|0|z|0|h|140|v|1647876978.3052516
TS1:/54321/drone001/attrs:lat|0|lon|0|z|0|h|141|v|1647876978.311782
TS1:/54321/drone001/attrs:lat|0|lon|0|z|0|h|142|v|1647876978.318318
TS1:/54321/drone001/attrs:lat|0|lon|0|z|0|h|143|v|1647876978.3248937
TS1:/54321/drone001/attrs:lat|0|lon|0|z|0|h|144|v|1647876978.3315122
TS1:/54321/drone001/attrs:lat|0|lon|0|z|0|h|145|v|1647876978.3380656
TS1:/54321/drone001/attrs:lat|0|lon|0|z|0|h|146|v|1647876978.3449965
TS1:/54321/drone001/attrs:lat|0|lon|0|z|0|h|147|v|1647876978.3516078
TS1:/54321/drone001/attrs:lat|0|lon|0|z|0|h|148|v|1647876978.35817
TS1:/54321/drone001/attrs:lat|0|lon|0|z|0|h|149|v|1647876978.3647394
TS1:/54321/drone001/attrs:lat|0|lon|0|z|0|h|150|v|1647876978.3712878
TS1:/54321/drone001/attrs:lat|0|lon|0|z|0|h|151|v|1647876978.3777351
TS1:/54321/drone001/attrs:lat|0|lon|0|z|0|h|152|v|1647876978.384321
TS1:/54321/drone001/attrs:lat|0|lon|0|z|0|h|153|v|1647876978.390901
TS1:/54321/drone001/attrs:lat|0|lon|0|z|0|h|154|v|1647876978.3974493
TS1:/54321/drone001/attrs:lat|0|lon|0|z|0|h|155|v|1647876978.4039905
TS1:/54321/drone001/attrs:lat|0|lon|0|z|0|h|156|v|1647876978.4105546
TS1:/54321/drone001/attrs:lat|0|lon|0|z|0|h|157|v|1647876978.4170735
TS1:/54321/drone001/attrs:lat|0|lon|0|z|0|h|158|v|1647876978.4236312
TS1:/54321/drone001/attrs:lat|0|lon|0|z|0|h|159|v|1647876978.4301598
TS1:/54321/drone001/attrs:lat|0|lon|0|z|0|h|160|v|1647876978.4367063
TS1:/54321/drone001/attrs:lat|0|lon|0|z|0|h|161|v|1647876978.4432328
TS1:/54321/drone001/attrs:lat|0|lon|0|z|0|h|162|v|1647876978.4497514
TS1:/54321/drone001/attrs:lat|0|lon|0|z|0|h|163|v|1647876978.456265
TS1:/54321/drone001/attrs:lat|0|lon|0|z|0|h|164|v|1647876978.4628131
TS1:/54321/drone001/attrs:lat|0|lon|0|z|0|h|165|v|1647876978.4692974
TS1:/54321/drone001/attrs:lat|0|lon|0|z|0|h|166|v|1647876978.475818
TS1:/54321/drone001/attrs:lat|0|lon|0|z|0|h|167|v|1647876978.4823673
TS1:/54321/drone001/attrs:lat|0|lon|0|z|0|h|168|v|1647876978.4888978
TS1:/54321/drone001/attrs:lat|0|lon|0|z|0|h|169|v|1647876978.4955058
TS1:/54321/drone001/attrs:lat|0|lon|0|z|0|h|170|v|1647876978.5020592
TS1:/54321/drone001/attrs:lat|0|lon|0|z|0|h|171|v|1647876978.5086129
TS1:/54321/drone001/attrs:lat|0|lon|0|z|0|h|172|v|1647876978.515149
TS1:/54321/drone001/attrs:lat|0|lon|0|z|0|h|173|v|1647876978.521725
TS1:/54321/drone001/attrs:lat|0|lon|0|z|0|h|174|v|1647876978.5282736
TS1:/54321/drone001/attrs:lat|0|lon|0|z|0|h|175|v|1647876978.534834
TS1:/54321/drone001/attrs:lat|0|lon|0|z|0|h|176|v|1647876978.5413513
TS1:/54321/drone001/attrs:lat|0|lon|0|z|0|h|177|v|1647876978.5479205
TS1:/54321/drone001/attrs:lat|0|lon|0|z|0|h|178|v|1647876978.5545006
TS1:/54321/drone001/attrs:lat|0|lon|0|z|0|h|179|v|1647876978.5610507
TS1:/54321/drone001/attrs:lat|0|lon|0|z|0|h|180|v|1647876978.5676332
TS1:/54321/drone001/attrs:lat|0|lon|0|z|0|h|181|v|1647876978.5741806
TS1:/54321/drone001/attrs:lat|0|lon|0|z|0|h|182|v|1647876978.5807474
TS1:/54321/drone001/attrs:lat|0|lon|0|z|0|h|183|v|1647876978.587333
TS1:/54321/drone001/attrs:lat|0|lon|0|z|0|h|184|v|1647876978.5939221
TS1:/54321/drone001/attrs:lat|0|lon|0|z|0|h|185|v|1647876978.600497
TS1:/54321/drone001/attrs:lat|0|lon|0|z|0|h|186|v|1647876978.6070142
TS1:/54321/drone001/attrs:lat|0|lon|0|z|0|h|187|v|1647876978.613568
TS1:/54321/drone001/attrs:lat|0|lon|0|z|0|h|188|v|1647876978.6201177
TS1:/54321/drone001/attrs:lat|0|lon|0|z|0|h|189|v|1647876978.6265938
TS1:/54321/drone001/attrs:lat|0|lon|0|z|0|h|190|v|1647876978.6331496
TS1:/54321/drone001/attrs:lat|0|lon|0|z|0|h|191|v|1647876978.6397293
TS1:/54321/drone001/attrs:lat|0|lon|0|z|0|h|192|v|1647876978.646286
TS1:/54321/drone001/attrs:lat|0|lon|0|z|0|h|193|v|1647876978.65287
TS1:/54321/drone001/attrs:lat|0|lon|0|z|0|h|194|v|1647876978.659484
TS1:/54321/drone001/attrs:lat|0|lon|0|z|0|h|195|v|1647876978.6660373
TS1:/54321/drone001/attrs:lat|0|lon|0|z|0|h|196|v|1647876978.6726046
TS1:/54321/drone001/attrs:lat|0|lon|0|z|0|h|197|v|1647876978.6791213
TS1:/54321/drone001/attrs:lat|0|lon|0|z|0|h|198|v|1647876978.6856713
TS1:/54321/drone001/attrs:lat|0|lon|0|z|0|h|199|v|1647876978.692187
TS1:/54321/drone001/attrs:lat|0|lon|0|z|0|h|200|v|1647876978.698742
TS1:/54321/drone001/attrs:lat|0|lon|0|z|0|h|201|v|1647876978.7053037
TS1:/54321/drone001/attrs:lat|0|lon|0|z|0|h|202|v|1647876978.7118397
TS1:/54321/drone001/attrs:lat|0|lon|0|z|0|h|203|v|1647876978.718389
TS1:/54321/drone001/attrs:lat|0|lon|0|z|0|h|204|v|1647876978.7249684
TS1:/54321/drone001/attrs:lat|0|lon|0|z|0|h|205|v|1647876978.7315571
TS1:/54321/drone001/attrs:lat|0|lon|0|z|0|h|206|v|1647876978.738073
TS1:/54321/drone001/attrs:lat|0|lon|0|z|0|h|207|v|1647876978.7446215
TS1:/54321/drone001/attrs:lat|0|lon|0|z|0|h|208|v|1647876978.751171
TS1:/54321/drone001/attrs:lat|0|lon|0|z|0|h|209|v|1647876978.7577484
TS1:/54321/drone001/attrs:lat|0|lon|0|z|0|h|210|v|1647876978.7643096
TS1:/54321/drone001/attrs:lat|0|lon|0|z|0|h|211|v|1647876978.7708843
TS1:/54321/drone001/attrs:lat|0|lon|0|z|0|h|212|v|1647876978.777444
TS1:/54321/drone001/attrs:lat|0|lon|0|z|0|h|213|v|1647876978.783984
TS1:/54321/drone001/attrs:lat|0|lon|0|z|0|h|214|v|1647876978.7905245
TS1:/54321/drone001/attrs:lat|0|lon|0|z|0|h|215|v|1647876978.7970831
TS1:/54321/drone001/attrs:lat|0|lon|0|z|0|h|216|v|1647876978.803631
TS1:/54321/drone001/attrs:lat|0|lon|0|z|0|h|217|v|1647876978.810196
TS1:/54321/drone001/attrs:lat|0|lon|0|z|0|h|218|v|1647876978.8167717
TS1:/54321/drone001/attrs:lat|0|lon|0|z|0|h|219|v|1647876978.82336
TS1:/54321/drone001/attrs:lat|0|lon|0|z|0|h|220|v|1647876978.8299491
TS1:/54321/drone001/attrs:lat|0|lon|0|z|0|h|221|v|1647876978.8365273
TS1:/54321/drone001/attrs:lat|0|lon|0|z|0|h|222|v|1647876978.8430672
TS1:/54321/drone001/attrs:lat|0|lon|0|z|0|h|223|v|1647876978.8495867
TS1:/54321/drone001/attrs:lat|0|lon|0|z|0|h|224|v|1647876978.8561091
TS1:/54321/drone001/attrs:lat|0|lon|0|z|0|h|225|v|1647876978.8626378
TS1:/54321/drone001/attrs:lat|0|lon|0|z|0|h|226|v|1647876978.8691735
TS1:/54321/drone001/attrs:lat|0|lon|0|z|0|h|227|v|1647876978.875762
TS1:/54321/drone001/attrs:lat|0|lon|0|z|0|h|228|v|1647876978.8822978
TS1:/54321/drone001/attrs:lat|0|lon|0|z|0|h|229|v|1647876978.888839
TS1:/54321/drone001/attrs:lat|0|lon|0|z|0|h|230|v|1647876978.895384
TS1:/54321/drone001/attrs:lat|0|lon|0|z|0|h|231|v|1647876978.9019217
TS1:/54321/drone001/attrs:lat|0|lon|0|z|0|h|232|v|1647876978.9085052
TS1:/54321/drone001/attrs:lat|0|lon|0|z|0|h|233|v|1647876978.9150672
TS1:/54321/drone001/attrs:lat|0|lon|0|z|0|h|234|v|1647876978.921619
TS1:/54321/drone001/attrs:lat|0|lon|0|z|0|h|235|v|1647876978.9281673
TS1:/54321/drone001/attrs:lat|0|lon|0|z|0|h|236|v|1647876978.9347563
TS1:/54321/drone001/attrs:lat|0|lon|0|z|0|h|237|v|1647876978.9412653
TS1:/54321/drone001/attrs:lat|0|lon|0|z|0|h|238|v|1647876978.9478292
TS1:/54321/drone001/attrs:lat|0|lon|0|z|0|h|239|v|1647876978.9543452
TS1:/54321/drone001/attrs:lat|0|lon|0|z|0|h|240|v|1647876978.9608843
TS1:/54321/drone001/attrs:lat|0|lon|0|z|0|h|241|v|1647876978.9675744
TS1:/54321/drone001/attrs:lat|0|lon|0|z|0|h|242|v|1647876978.974096
TS1:/54321/drone001/attrs:lat|0|lon|0|z|0|h|243|v|1647876978.980611
TS1:/54321/drone001/attrs:lat|0|lon|0|z|0|h|244|v|1647876978.9871619
TS1:/54321/drone001/attrs:lat|0|lon|0|z|0|h|245|v|1647876978.993733
TS1:/54321/drone001/attrs:lat|0|lon|0|z|0|h|246|v|1647876979.0002465
TS1:/54321/drone001/attrs:lat|0|lon|0|z|0|h|247|v|1647876979.0068314
TS1:/54321/drone001/attrs:lat|0|lon|0|z|0|h|248|v|1647876979.0133848
TS1:/54321/drone001/attrs:lat|0|lon|0|z|0|h|249|v|1647876979.0199587
TS1:/54321/drone001/attrs:lat|0|lon|0|z|0|h|250|v|1647876979.026536
TS1:/54321/drone001/attrs:lat|0|lon|0|z|0|h|251|v|1647876979.033047
TS1:/54321/drone001/attrs:lat|0|lon|0|z|0|h|252|v|1647876979.0396352
TS1:/54321/drone001/attrs:lat|0|lon|0|z|0|h|253|v|1647876979.0461776
TS1:/54321/drone001/attrs:lat|0|lon|0|z|0|h|254|v|1647876979.0527596
TS1:/54321/drone001/attrs:lat|0|lon|0|z|0|h|255|v|1647876979.0593383
TS1:/54321/drone001/attrs:lat|0|lon|0|z|0|h|256|v|1647876979.0659156
TS1:/54321/drone001/attrs:lat|0|lon|0|z|0|h|257|v|1647876979.0724497
TS1:/54321/drone001/attrs:lat|0|lon|0|z|0|h|258|v|1647876979.0790389
TS1:/54321/drone001/attrs:lat|0|lon|0|z|0|h|259|v|1647876979.0855973
TS1:/54321/drone001/attrs:lat|0|lon|0|z|0|h|260|v|1647876979.0921414
TS1:/54321/drone001/attrs:lat|0|lon|0|z|0|h|261|v|1647876979.0987136
TS1:/54321/drone001/attrs:lat|0|lon|0|z|0|h|262|v|1647876979.105268
TS1:/54321/drone001/attrs:lat|0|lon|0|z|0|h|263|v|1647876979.1118035
TS1:/54321/drone001/attrs:lat|0|lon|0|z|0|h|264|v|1647876979.1183548
TS1:/54321/drone001/attrs:lat|0|lon|0|z|0|h|265|v|1647876979.1249456
TS1:/54321/drone001/attrs:lat|0|lon|0|z|0|h|266|v|1647876979.1315732
TS1:/54321/drone001/attrs:lat|0|lon|0|z|0|h|267|v|1647876979.1381266
TS1:/54321/drone001/attrs:lat|0|lon|0|z|0|h|268|v|1647876979.1446702
TS1:/54321/drone001/attrs:lat|0|lon|0|z|0|h|269|v|1647876979.1512167
TS1:/54321/drone001/attrs:lat|0|lon|0|z|0|h|270|v|1647876979.1577888
TS1:/54321/drone001/attrs:lat|0|lon|0|z|0|h|271|v|1647876979.1643462
TS1:/54321/drone001/attrs:lat|0|lon|0|z|0|h|272|v|1647876979.1709287
TS1:/54321/drone001/attrs:lat|0|lon|0|z|0|h|273|v|1647876979.1775038
TS1:/54321/drone001/attrs:lat|0|lon|0|z|0|h|274|v|1647876979.1840565
TS1:/54321/drone001/attrs:lat|0|lon|0|z|0|h|275|v|1647876979.1906126
TS1:/54321/drone001/attrs:lat|0|lon|0|z|0|h|276|v|1647876979.1971462
TS1:/54321/drone001/attrs:lat|0|lon|0|z|0|h|277|v|1647876979.2037382
TS1:/54321/drone001/attrs:lat|0|lon|0|z|0|h|278|v|1647876979.210293
TS1:/54321/drone001/attrs:lat|0|lon|0|z|0|h|279|v|1647876979.2168694
TS1:/54321/drone001/attrs:lat|0|lon|0|z|0|h|280|v|1647876979.2234328
TS1:/54321/drone001/attrs:lat|0|lon|0|z|0|h|281|v|1647876979.2299912
TS1:/54321/drone001/attrs:lat|0|lon|0|z|0|h|282|v|1647876979.2365654
TS1:/54321/drone001/attrs:lat|0|lon|0|z|0|h|283|v|1647876979.2430785
TS1:/54321/drone001/attrs:lat|0|lon|0|z|0|h|284|v|1647876979.249582
TS1:/54321/drone001/attrs:lat|0|lon|0|z|0|h|285|v|1647876979.2566817
TS1:/54321/drone001/attrs:lat|0|lon|0|z|0|h|286|v|1647876979.2632358
TS1:/54321/drone001/attrs:lat|0|lon|0|z|0|h|287|v|1647876979.26974
TS1:/54321/drone001/attrs:lat|0|lon|0|z|0|h|288|v|1647876979.2762616
TS1:/54321/drone001/attrs:lat|0|lon|0|z|0|h|289|v|1647876979.2828496
TS1:/54321/drone001/attrs:lat|0|lon|0|z|0|h|290|v|1647876979.289411
TS1:/54321/drone001/attrs:lat|0|lon|0|z|0|h|291|v|1647876979.2959917
TS1:/54321/drone001/attrs:lat|0|lon|0|z|0|h|292|v|1647876979.302564
TS1:/54321/drone001/attrs:lat|0|lon|0|z|0|h|293|v|1647876979.309136
TS1:/54321/drone001/attrs:lat|0|lon|0|z|0|h|294|v|1647876979.3157012
TS1:/54321/drone001/attrs:lat|0|lon|0|z|0|h|295|v|1647876979.3222165
TS1:/54321/drone001/attrs:lat|0|lon|0|z|0|h|296|v|1647876979.3287876
TS1:/54321/drone001/attrs:lat|0|lon|0|z|0|h|297|v|1647876979.3353853
TS1:/54321/drone001/attrs:lat|0|lon|0|z|0|h|298|v|1647876979.3419738
TS1:/54321/drone001/attrs:lat|0|lon|0|z|0|h|299|v|1647876979.3485293
TS1:/54321/drone001/attrs:lat|0|lon|0|z|0|h|300|v|1647876979.3550754
TS1:/54321/drone001/attrs:lat|0|lon|0|z|0|h|301|v|1647876979.361626
TS1:/54321/drone001/attrs:lat|0|lon|0|z|0|h|302|v|1647876979.3681815
TS1:/54321/drone001/attrs:lat|0|lon|0|z|0|h|303|v|1647876979.3747463
TS1:/54321/drone001/attrs:lat|0|lon|0|z|0|h|304|v|1647876979.3812962
TS1:/54321/drone001/attrs:lat|0|lon|0|z|0|h|305|v|1647876979.3878794
TS1:/54321/drone001/attrs:lat|0|lon|0|z|0|h|306|v|1647876979.3944294
TS1:/54321/drone001/attrs:lat|0|lon|0|z|0|h|307|v|1647876979.400971
TS1:/54321/drone001/attrs:lat|0|lon|0|z|0|h|308|v|1647876979.4075615
TS1:/54321/drone001/attrs:lat|0|lon|0|z|0|h|309|v|1647876979.4141226
TS1:/54321/drone001/attrs:lat|0|lon|0|z|0|h|310|v|1647876979.4206443
TS1:/54321/drone001/attrs:lat|0|lon|0|z|0|h|311|v|1647876979.4271646
TS1:/54321/drone001/attrs:lat|0|lon|0|z|0|h|312|v|1647876979.4337344
TS1:/54321/drone001/attrs:lat|0|lon|0|z|0|h|313|v|1647876979.4402816
TS1:/54321/drone001/attrs:lat|0|lon|0|z|0|h|314|v|1647876979.4468496
TS1:/54321/drone001/attrs:lat|0|lon|0|z|0|h|315|v|1647876979.4533968
TS1:/54321/drone001/attrs:lat|0|lon|0|z|0|h|316|v|1647876979.459966
TS1:/54321/drone001/attrs:lat|0|lon|0|z|0|h|317|v|1647876979.466546
TS1:/54321/drone001/attrs:lat|0|lon|0|z|0|h|318|v|1647876979.473122
TS1:/54321/drone001/attrs:lat|0|lon|0|z|0|h|319|v|1647876979.4796672
TS1:/54321/drone001/attrs:lat|0|lon|0|z|0|h|320|v|1647876979.4862072
TS1:/54321/drone001/attrs:lat|0|lon|0|z|0|h|321|v|1647876979.4927783
TS1:/54321/drone001/attrs:lat|0|lon|0|z|0|h|322|v|1647876979.4993715
TS1:/54321/drone001/attrs:lat|0|lon|0|z|0|h|323|v|1647876979.505953
TS1:/54321/drone001/attrs:lat|0|lon|0|z|0|h|324|v|1647876979.5125005
TS1:/54321/drone001/attrs:lat|0|lon|0|z|0|h|325|v|1647876979.519013
TS1:/54321/drone001/attrs:lat|0|lon|0|z|0|h|326|v|1647876979.525561
TS1:/54321/drone001/attrs:lat|0|lon|0|z|0|h|327|v|1647876979.5321128
TS1:/54321/drone001/attrs:lat|0|lon|0|z|0|h|328|v|1647876979.538661
TS1:/54321/drone001/attrs:lat|0|lon|0|z|0|h|329|v|1647876979.545175
TS1:/54321/drone001/attrs:lat|0|lon|0|z|0|h|330|v|1647876979.5517359
TS1:/54321/drone001/attrs:lat|0|lon|0|z|0|h|331|v|1647876979.55827
TS1:/54321/drone001/attrs:lat|0|lon|0|z|0|h|332|v|1647876979.5648284
TS1:/54321/drone001/attrs:lat|0|lon|0|z|0|h|333|v|1647876979.5713987
TS1:/54321/drone001/attrs:lat|0|lon|0|z|0|h|334|v|1647876979.5779421
TS1:/54321/drone001/attrs:lat|0|lon|0|z|0|h|335|v|1647876979.5844781
TS1:/54321/drone001/attrs:lat|0|lon|0|z|0|h|336|v|1647876979.591025
TS1:/54321/drone001/attrs:lat|0|lon|0|z|0|h|337|v|1647876979.5975788
TS1:/54321/drone001/attrs:lat|0|lon|0|z|0|h|338|v|1647876979.6041238
TS1:/54321/drone001/attrs:lat|0|lon|0|z|0|h|339|v|1647876979.610696
TS1:/54321/drone001/attrs:lat|0|lon|0|z|0|h|340|v|1647876979.6172462
TS1:/54321/drone001/attrs:lat|0|lon|0|z|0|h|341|v|1647876979.623811
TS1:/54321/drone001/attrs:lat|0|lon|0|z|0|h|342|v|1647876979.630358
TS1:/54321/drone001/attrs:lat|0|lon|0|z|0|h|343|v|1647876979.636942
TS1:/54321/drone001/attrs:lat|0|lon|0|z|0|h|344|v|1647876979.643544
TS1:/54321/drone001/attrs:lat|0|lon|0|z|0|h|345|v|1647876979.6500921
TS1:/54321/drone001/attrs:lat|0|lon|0|z|0|h|346|v|1647876979.65664
TS1:/54321/drone001/attrs:lat|0|lon|0|z|0|h|347|v|1647876979.6631892
TS1:/54321/drone001/attrs:lat|0|lon|0|z|0|h|348|v|1647876979.6697524
TS1:/54321/drone001/attrs:lat|0|lon|0|z|0|h|349|v|1647876979.676316
TS1:/54321/drone001/attrs:lat|0|lon|0|z|0|h|350|v|1647876979.6828928
TS1:/54321/drone001/attrs:lat|0|lon|0|z|0|h|351|v|1647876979.6894422
TS1:/54321/drone001/attrs:lat|0|lon|0|z|0|h|352|v|1647876979.6960113
TS1:/54321/drone001/attrs:lat|0|lon|0|z|0|h|353|v|1647876979.7025602
TS1:/54321/drone001/attrs:lat|0|lon|0|z|0|h|354|v|1647876979.7091095
TS1:/54321/drone001/attrs:lat|0|lon|0|z|0|h|355|v|1647876979.7156582
TS1:/54321/drone001/attrs:lat|0|lon|0|z|0|h|356|v|1647876979.7221897
TS1:/54321/drone001/attrs:lat|0|lon|0|z|0|h|357|v|1647876979.7287552
TS1:/54321/drone001/attrs:lat|0|lon|0|z|0|h|358|v|1647876979.7353399
TS1:/54321/drone001/attrs:lat|0|lon|0|z|0|h|359|v|1647876979.7419267
TS1:/54321/drone001/attrs:lat|0|lon|0|z|0|h|360|v|1647876979.7485416
TS1:/54321/drone001/attrs:lat|0|lon|0|z|0|h|361|v|1647876979.7550857
TS1:/54321/drone001/attrs:lat|0|lon|0|z|0|h|362|v|1647876979.761637
TS1:/54321/drone001/attrs:lat|0|lon|0|z|0|h|363|v|1647876979.76819
TS1:/54321/drone001/attrs:lat|0|lon|0|z|0|h|364|v|1647876979.77476
TS1:/54321/drone001/attrs:lat|0|lon|0|z|0|h|365|v|1647876979.7813077
TS1:/54321/drone001/attrs:lat|0|lon|0|z|0|h|366|v|1647876979.787865
TS1:/54321/drone001/attrs:lat|0|lon|0|z|0|h|367|v|1647876979.794406
TS1:/54321/drone001/attrs:lat|0|lon|0|z|0|h|368|v|1647876979.8009799
TS1:/54321/drone001/attrs:lat|0|lon|0|z|0|h|369|v|1647876979.8075686
TS1:/54321/drone001/attrs:lat|0|lon|0|z|0|h|370|v|1647876979.8140996
TS1:/54321/drone001/attrs:lat|0|lon|0|z|0|h|371|v|1647876979.8206248
TS1:/54321/drone001/attrs:lat|0|lon|0|z|0|h|372|v|1647876979.8271394
TS1:/54321/drone001/attrs:lat|0|lon|0|z|0|h|373|v|1647876979.833714
TS1:/54321/drone001/attrs:lat|0|lon|0|z|0|h|374|v|1647876979.8402705
TS1:/54321/drone001/attrs:lat|0|lon|0|z|0|h|375|v|1647876979.8468244
TS1:/54321/drone001/attrs:lat|0|lon|0|z|0|h|376|v|1647876979.8533785
TS1:/54321/drone001/attrs:lat|0|lon|0|z|0|h|377|v|1647876979.8599706
TS1:/54321/drone001/attrs:lat|0|lon|0|z|0|h|378|v|1647876979.8665333
TS1:/54321/drone001/attrs:lat|0|lon|0|z|0|h|379|v|1647876979.8731084
TS1:/54321/drone001/attrs:lat|0|lon|0|z|0|h|380|v|1647876979.879638
TS1:/54321/drone001/attrs:lat|0|lon|0|z|0|h|381|v|1647876979.8861563
TS1:/54321/drone001/attrs:lat|0|lon|0|z|0|h|382|v|1647876979.8927152
TS1:/54321/drone001/attrs:lat|0|lon|0|z|0|h|383|v|1647876979.8992481
TS1:/54321/drone001/attrs:lat|0|lon|0|z|0|h|384|v|1647876979.9058163
TS1:/54321/drone001/attrs:lat|0|lon|0|z|0|h|385|v|1647876979.9123635
TS1:/54321/drone001/attrs:lat|0|lon|0|z|0|h|386|v|1647876979.918935
TS1:/54321/drone001/attrs:lat|0|lon|0|z|0|h|387|v|1647876979.9255044
TS1:/54321/drone001/attrs:lat|0|lon|0|z|0|h|388|v|1647876979.9320536
TS1:/54321/drone001/attrs:lat|0|lon|0|z|0|h|389|v|1647876979.9386034
TS1:/54321/drone001/attrs:lat|0|lon|0|z|0|h|390|v|1647876979.9451556
TS1:/54321/drone001/attrs:lat|0|lon|0|z|0|h|391|v|1647876979.9517105
TS1:/54321/drone001/attrs:lat|0|lon|0|z|0|h|392|v|1647876979.9582636
TS1:/54321/drone001/attrs:lat|0|lon|0|z|0|h|393|v|1647876979.9648356
TS1:/54321/drone001/attrs:lat|0|lon|0|z|0|h|394|v|1647876979.9713833
TS1:/54321/drone001/attrs:lat|0|lon|0|z|0|h|395|v|1647876979.9779284
TS1:/54321/drone001/attrs:lat|0|lon|0|z|0|h|396|v|1647876979.9844396
TS1:/54321/drone001/attrs:lat|0|lon|0|z|0|h|397|v|1647876979.9910123
TS1:/54321/drone001/attrs:lat|0|lon|0|z|0|h|398|v|1647876979.9975722
TS1:/54321/drone001/attrs:lat|0|lon|0|z|0|h|399|v|1647876980.004134
TS1:/54321/drone001/attrs:lat|0|lon|0|z|0|h|400|v|1647876980.0107043
TS1:/54321/drone001/attrs:lat|0|lon|0|z|0|h|401|v|1647876980.0172563
TS1:/54321/drone001/attrs:lat|0|lon|0|z|0|h|402|v|1647876980.0238175
TS1:/54321/drone001/attrs:lat|0|lon|0|z|0|h|403|v|1647876980.0303504
TS1:/54321/drone001/attrs:lat|0|lon|0|z|0|h|404|v|1647876980.0368998
TS1:/54321/drone001/attrs:lat|0|lon|0|z|0|h|405|v|1647876980.0435002
TS1:/54321/drone001/attrs:lat|0|lon|0|z|0|h|406|v|1647876980.050031
TS1:/54321/drone001/attrs:lat|0|lon|0|z|0|h|407|v|1647876980.0565772
TS1:/54321/drone001/attrs:lat|0|lon|0|z|0|h|408|v|1647876980.0631275
TS1:/54321/drone001/attrs:lat|0|lon|0|z|0|h|409|v|1647876980.0696595
TS1:/54321/drone001/attrs:lat|0|lon|0|z|0|h|410|v|1647876980.076208
TS1:/54321/drone001/attrs:lat|0|lon|0|z|0|h|411|v|1647876980.0827792
TS1:/54321/drone001/attrs:lat|0|lon|0|z|0|h|412|v|1647876980.0893033
TS1:/54321/drone001/attrs:lat|0|lon|0|z|0|h|413|v|1647876980.0957763
TS1:/54321/drone001/attrs:lat|0|lon|0|z|0|h|414|v|1647876980.1023257
TS1:/54321/drone001/attrs:lat|0|lon|0|z|0|h|415|v|1647876980.1088982
TS1:/54321/drone001/attrs:lat|0|lon|0|z|0|h|416|v|1647876980.1155105
TS1:/54321/drone001/attrs:lat|0|lon|0|z|0|h|417|v|1647876980.122045
TS1:/54321/drone001/attrs:lat|0|lon|0|z|0|h|418|v|1647876980.1285303
TS1:/54321/drone001/attrs:lat|0|lon|0|z|0|h|419|v|1647876980.1350849
TS1:/54321/drone001/attrs:lat|0|lon|0|z|0|h|420|v|1647876980.14164
TS1:/54321/drone001/attrs:lat|0|lon|0|z|0|h|421|v|1647876980.1481965
TS1:/54321/drone001/attrs:lat|0|lon|0|z|0|h|422|v|1647876980.1547527
TS1:/54321/drone001/attrs:lat|0|lon|0|z|0|h|423|v|1647876980.1612914
TS1:/54321/drone001/attrs:lat|0|lon|0|z|0|h|424|v|1647876980.1684546
TS1:/54321/drone001/attrs:lat|0|lon|0|z|0|h|425|v|1647876980.175034
TS1:/54321/drone001/attrs:lat|0|lon|0|z|0|h|426|v|1647876980.1815813
TS1:/54321/drone001/attrs:lat|0|lon|0|z|0|h|427|v|1647876980.188133
TS1:/54321/drone001/attrs:lat|0|lon|0|z|0|h|428|v|1647876980.194699
TS1:/54321/drone001/attrs:lat|0|lon|0|z|0|h|429|v|1647876980.2012463
TS1:/54321/drone001/attrs:lat|0|lon|0|z|0|h|430|v|1647876980.2078233
TS1:/54321/drone001/attrs:lat|0|lon|0|z|0|h|431|v|1647876980.2143745
TS1:/54321/drone001/attrs:lat|0|lon|0|z|0|h|432|v|1647876980.220931
TS1:/54321/drone001/attrs:lat|0|lon|0|z|0|h|433|v|1647876980.2274995
TS1:/54321/drone001/attrs:lat|0|lon|0|z|0|h|434|v|1647876980.2340102
TS1:/54321/drone001/attrs:lat|0|lon|0|z|0|h|435|v|1647876980.2405624
TS1:/54321/drone001/attrs:lat|0|lon|0|z|0|h|436|v|1647876980.247117
TS1:/54321/drone001/attrs:lat|0|lon|0|z|0|h|437|v|1647876980.2536623
TS1:/54321/drone001/attrs:lat|0|lon|0|z|0|h|438|v|1647876980.260212
TS1:/54321/drone001/attrs:lat|0|lon|0|z|0|h|439|v|1647876980.2667706
TS1:/54321/drone001/attrs:lat|0|lon|0|z|0|h|440|v|1647876980.273295
TS1:/54321/drone001/attrs:lat|0|lon|0|z|0|h|441|v|1647876980.2798498
TS1:/54321/drone001/attrs:lat|0|lon|0|z|0|h|442|v|1647876980.2863743
TS1:/54321/drone001/attrs:lat|0|lon|0|z|0|h|443|v|1647876980.2929611
TS1:/54321/drone001/attrs:lat|0|lon|0|z|0|h|444|v|1647876980.2995684
TS1:/54321/drone001/attrs:lat|0|lon|0|z|0|h|445|v|1647876980.3060887
TS1:/54321/drone001/attrs:lat|0|lon|0|z|0|h|446|v|1647876980.3126328
TS1:/54321/drone001/attrs:lat|0|lon|0|z|0|h|447|v|1647876980.3191586
TS1:/54321/drone001/attrs:lat|0|lon|0|z|0|h|448|v|1647876980.3257372
TS1:/54321/drone001/attrs:lat|0|lon|0|z|0|h|449|v|1647876980.3322916
TS1:/54321/drone001/attrs:lat|0|lon|0|z|0|h|450|v|1647876980.3388464
TS1:/54321/drone001/attrs:lat|0|lon|0|z|0|h|451|v|1647876980.3453655
TS1:/54321/drone001/attrs:lat|0|lon|0|z|0|h|452|v|1647876980.3519504
TS1:/54321/drone001/attrs:lat|0|lon|0|z|0|h|453|v|1647876980.358537
TS1:/54321/drone001/attrs:lat|0|lon|0|z|0|h|454|v|1647876980.3651183
TS1:/54321/drone001/attrs:lat|0|lon|0|z|0|h|455|v|1647876980.371671
TS1:/54321/drone001/attrs:lat|0|lon|0|z|0|h|456|v|1647876980.3782392
TS1:/54321/drone001/attrs:lat|0|lon|0|z|0|h|457|v|1647876980.3848283
TS1:/54321/drone001/attrs:lat|0|lon|0|z|0|h|458|v|1647876980.39142
TS1:/54321/drone001/attrs:lat|0|lon|0|z|0|h|459|v|1647876980.3980145
TS1:/54321/drone001/attrs:lat|0|lon|0|z|0|h|460|v|1647876980.4045577
TS1:/54321/drone001/attrs:lat|0|lon|0|z|0|h|461|v|1647876980.4111228
TS1:/54321/drone001/attrs:lat|0|lon|0|z|0|h|462|v|1647876980.417709
TS1:/54321/drone001/attrs:lat|0|lon|0|z|0|h|463|v|1647876980.4242742
TS1:/54321/drone001/attrs:lat|0|lon|0|z|0|h|464|v|1647876980.4308686
TS1:/54321/drone001/attrs:lat|0|lon|0|z|0|h|465|v|1647876980.437431
TS1:/54321/drone001/attrs:lat|0|lon|0|z|0|h|466|v|1647876980.4440124
TS1:/54321/drone001/attrs:lat|0|lon|0|z|0|h|467|v|1647876980.4505694
TS1:/54321/drone001/attrs:lat|0|lon|0|z|0|h|468|v|1647876980.4571185
TS1:/54321/drone001/attrs:lat|0|lon|0|z|0|h|469|v|1647876980.4637115
TS1:/54321/drone001/attrs:lat|0|lon|0|z|0|h|470|v|1647876980.4702654
TS1:/54321/drone001/attrs:lat|0|lon|0|z|0|h|471|v|1647876980.4768317
TS1:/54321/drone001/attrs:lat|0|lon|0|z|0|h|472|v|1647876980.4833963
TS1:/54321/drone001/attrs:lat|0|lon|0|z|0|h|473|v|1647876980.4899628
TS1:/54321/drone001/attrs:lat|0|lon|0|z|0|h|474|v|1647876980.49655
TS1:/54321/drone001/attrs:lat|0|lon|0|z|0|h|475|v|1647876980.5030804
TS1:/54321/drone001/attrs:lat|0|lon|0|z|0|h|476|v|1647876980.5096378
TS1:/54321/drone001/attrs:lat|0|lon|0|z|0|h|477|v|1647876980.516159
TS1:/54321/drone001/attrs:lat|0|lon|0|z|0|h|478|v|1647876980.52275
TS1:/54321/drone001/attrs:lat|0|lon|0|z|0|h|479|v|1647876980.5294158
TS1:/54321/drone001/attrs:lat|0|lon|0|z|0|h|480|v|1647876980.536008
TS1:/54321/drone001/attrs:lat|0|lon|0|z|0|h|481|v|1647876980.5425572
TS1:/54321/drone001/attrs:lat|0|lon|0|z|0|h|482|v|1647876980.5491123
TS1:/54321/drone001/attrs:lat|0|lon|0|z|0|h|483|v|1647876980.555714
TS1:/54321/drone001/attrs:lat|0|lon|0|z|0|h|484|v|1647876980.5622876
TS1:/54321/drone001/attrs:lat|0|lon|0|z|0|h|485|v|1647876980.568886
TS1:/54321/drone001/attrs:lat|0|lon|0|z|0|h|486|v|1647876980.5754538
TS1:/54321/drone001/attrs:lat|0|lon|0|z|0|h|487|v|1647876980.5820127
TS1:/54321/drone001/attrs:lat|0|lon|0|z|0|h|488|v|1647876980.5885668
TS1:/54321/drone001/attrs:lat|0|lon|0|z|0|h|489|v|1647876980.5951033
TS1:/54321/drone001/attrs:lat|0|lon|0|z|0|h|490|v|1647876980.6016378
TS1:/54321/drone001/attrs:lat|0|lon|0|z|0|h|491|v|1647876980.608175
TS1:/54321/drone001/attrs:lat|0|lon|0|z|0|h|492|v|1647876980.6147597
TS1:/54321/drone001/attrs:lat|0|lon|0|z|0|h|493|v|1647876980.6212826
TS1:/54321/drone001/attrs:lat|0|lon|0|z|0|h|494|v|1647876980.627828
TS1:/54321/drone001/attrs:lat|0|lon|0|z|0|h|495|v|1647876980.6343803
TS1:/54321/drone001/attrs:lat|0|lon|0|z|0|h|496|v|1647876980.6409466
TS1:/54321/drone001/attrs:lat|0|lon|0|z|0|h|497|v|1647876980.6475675
TS1:/54321/drone001/attrs:lat|0|lon|0|z|0|h|498|v|1647876980.654113
TS1:/54321/drone001/attrs:lat|0|lon|0|z|0|h|499|v|1647876980.6606421
TS1:/54321/drone001/attrs:lat|0|lon|0|z|0|h|500|v|1647876980.66719
TS1:/54321/drone001/attrs:lat|0|lon|0|z|0|h|501|v|1647876980.673774
TS1:/54321/drone001/attrs:lat|0|lon|0|z|0|h|502|v|1647876980.6803334
TS1:/54321/drone001/attrs:lat|0|lon|0|z|0|h|503|v|1647876980.6869295
TS1:/54321/drone001/attrs:lat|0|lon|0|z|0|h|504|v|1647876980.693515
TS1:/54321/drone001/attrs:lat|0|lon|0|z|0|h|505|v|1647876980.700082
TS1:/54321/drone001/attrs:lat|0|lon|0|z|0|h|506|v|1647876980.706648
TS1:/54321/drone001/attrs:lat|0|lon|0|z|0|h|507|v|1647876980.713204
TS1:/54321/drone001/attrs:lat|0|lon|0|z|0|h|508|v|1647876980.7197607
TS1:/54321/drone001/attrs:lat|0|lon|0|z|0|h|509|v|1647876980.7263324
TS1:/54321/drone001/attrs:lat|0|lon|0|z|0|h|510|v|1647876980.7329206
TS1:/54321/drone001/attrs:lat|0|lon|0|z|0|h|511|v|1647876980.7395427
TS1:/54321/drone001/attrs:lat|0|lon|0|z|0|h|512|v|1647876980.7461047
TS1:/54321/drone001/attrs:lat|0|lon|0|z|0|h|513|v|1647876980.7526586
TS1:/54321/drone001/attrs:lat|0|lon|0|z|0|h|514|v|1647876980.7592218
TS1:/54321/drone001/attrs:lat|0|lon|0|z|0|h|515|v|1647876980.7657988
TS1:/54321/drone001/attrs:lat|0|lon|0|z|0|h|516|v|1647876980.7723393
TS1:/54321/drone001/attrs:lat|0|lon|0|z|0|h|517|v|1647876980.77891
TS1:/54321/drone001/attrs:lat|0|lon|0|z|0|h|518|v|1647876980.7854395
TS1:/54321/drone001/attrs:lat|0|lon|0|z|0|h|519|v|1647876980.7919972
TS1:/54321/drone001/attrs:lat|0|lon|0|z|0|h|520|v|1647876980.798563
TS1:/54321/drone001/attrs:lat|0|lon|0|z|0|h|521|v|1647876980.8050518
TS1:/54321/drone001/attrs:lat|0|lon|0|z|0|h|522|v|1647876980.8116312
TS1:/54321/drone001/attrs:lat|0|lon|0|z|0|h|523|v|1647876980.818156
TS1:/54321/drone001/attrs:lat|0|lon|0|z|0|h|524|v|1647876980.824658
TS1:/54321/drone001/attrs:lat|0|lon|0|z|0|h|525|v|1647876980.8312073
TS1:/54321/drone001/attrs:lat|0|lon|0|z|0|h|526|v|1647876980.8377914
TS1:/54321/drone001/attrs:lat|0|lon|0|z|0|h|527|v|1647876980.8443263
TS1:/54321/drone001/attrs:lat|0|lon|0|z|0|h|528|v|1647876980.8509195
TS1:/54321/drone001/attrs:lat|0|lon|0|z|0|h|529|v|1647876980.8574429
TS1:/54321/drone001/attrs:lat|0|lon|0|z|0|h|530|v|1647876980.8640075
TS1:/54321/drone001/attrs:lat|0|lon|0|z|0|h|531|v|1647876980.8705394
TS1:/54321/drone001/attrs:lat|0|lon|0|z|0|h|532|v|1647876980.8770602
TS1:/54321/drone001/attrs:lat|0|lon|0|z|0|h|533|v|1647876980.883654
TS1:/54321/drone001/attrs:lat|0|lon|0|z|0|h|534|v|1647876980.89022
TS1:/54321/drone001/attrs:lat|0|lon|0|z|0|h|535|v|1647876980.896801
TS1:/54321/drone001/attrs:lat|0|lon|0|z|0|h|536|v|1647876980.9033897
TS1:/54321/drone001/attrs:lat|0|lon|0|z|0|h|537|v|1647876980.9099724
TS1:/54321/drone001/attrs:lat|0|lon|0|z|0|h|538|v|1647876980.9165516
TS1:/54321/drone001/attrs:lat|0|lon|0|z|0|h|539|v|1647876980.9230938
TS1:/54321/drone001/attrs:lat|0|lon|0|z|0|h|540|v|1647876980.9296155
TS1:/54321/drone001/attrs:lat|0|lon|0|z|0|h|541|v|1647876980.9361625
TS1:/54321/drone001/attrs:lat|0|lon|0|z|0|h|542|v|1647876980.9427056
TS1:/54321/drone001/attrs:lat|0|lon|0|z|0|h|543|v|1647876980.9492352
TS1:/54321/drone001/attrs:lat|0|lon|0|z|0|h|544|v|1647876980.955793
TS1:/54321/drone001/attrs:lat|0|lon|0|z|0|h|545|v|1647876980.9623342
TS1:/54321/drone001/attrs:lat|0|lon|0|z|0|h|546|v|1647876980.9688993
TS1:/54321/drone001/attrs:lat|0|lon|0|z|0|h|547|v|1647876980.9755228
TS1:/54321/drone001/attrs:lat|0|lon|0|z|0|h|548|v|1647876980.9821382
TS1:/54321/drone001/attrs:lat|0|lon|0|z|0|h|549|v|1647876980.9888415
TS1:/54321/drone001/attrs:lat|0|lon|0|z|0|h|550|v|1647876980.9955099
TS1:/54321/drone001/attrs:lat|0|lon|0|z|0|h|551|v|1647876981.0020738
TS1:/54321/drone001/attrs:lat|0|lon|0|z|0|h|552|v|1647876981.0086336
TS1:/54321/drone001/attrs:lat|0|lon|0|z|0|h|553|v|1647876981.015179
TS1:/54321/drone001/attrs:lat|0|lon|0|z|0|h|554|v|1647876981.0217261
TS1:/54321/drone001/attrs:lat|0|lon|0|z|0|h|555|v|1647876981.0282826
TS1:/54321/drone001/attrs:lat|0|lon|0|z|0|h|556|v|1647876981.034852
TS1:/54321/drone001/attrs:lat|0|lon|0|z|0|h|557|v|1647876981.0413883
TS1:/54321/drone001/attrs:lat|0|lon|0|z|0|h|558|v|1647876981.0479457
TS1:/54321/drone001/attrs:lat|0|lon|0|z|0|h|559|v|1647876981.0545292
TS1:/54321/drone001/attrs:lat|0|lon|0|z|0|h|560|v|1647876981.0611126
TS1:/54321/drone001/attrs:lat|0|lon|0|z|0|h|561|v|1647876981.0676658
TS1:/54321/drone001/attrs:lat|0|lon|0|z|0|h|562|v|1647876981.0742283
TS1:/54321/drone001/attrs:lat|0|lon|0|z|0|h|563|v|1647876981.0808067
TS1:/54321/drone001/attrs:lat|0|lon|0|z|0|h|564|v|1647876981.0873947
TS1:/54321/drone001/attrs:lat|0|lon|0|z|0|h|565|v|1647876981.0939803
TS1:/54321/drone001/attrs:lat|0|lon|0|z|0|h|566|v|1647876981.100548
TS1:/54321/drone001/attrs:lat|0|lon|0|z|0|h|567|v|1647876981.1071084
TS1:/54321/drone001/attrs:lat|0|lon|0|z|0|h|568|v|1647876981.113631
TS1:/54321/drone001/attrs:lat|0|lon|0|z|0|h|569|v|1647876981.1201742
TS1:/54321/drone001/attrs:lat|0|lon|0|z|0|h|570|v|1647876981.1267471
TS1:/54321/drone001/attrs:lat|0|lon|0|z|0|h|571|v|1647876981.1333117
TS1:/54321/drone001/attrs:lat|0|lon|0|z|0|h|572|v|1647876981.139907
TS1:/54321/drone001/attrs:lat|0|lon|0|z|0|h|573|v|1647876981.1464918
TS1:/54321/drone001/attrs:lat|0|lon|0|z|0|h|574|v|1647876981.153059
TS1:/54321/drone001/attrs:lat|0|lon|0|z|0|h|575|v|1647876981.1596634
TS1:/54321/drone001/attrs:lat|0|lon|0|z|0|h|576|v|1647876981.1662283
TS1:/54321/drone001/attrs:lat|0|lon|0|z|0|h|577|v|1647876981.1728168
TS1:/54321/drone001/attrs:lat|0|lon|0|z|0|h|578|v|1647876981.1793818
TS1:/54321/drone001/attrs:lat|0|lon|0|z|0|h|579|v|1647876981.1859293
TS1:/54321/drone001/attrs:lat|0|lon|0|z|0|h|580|v|1647876981.1925066
TS1:/54321/drone001/attrs:lat|0|lon|0|z|0|h|581|v|1647876981.1990376
TS1:/54321/drone001/attrs:lat|0|lon|0|z|0|h|582|v|1647876981.205569
TS1:/54321/drone001/attrs:lat|0|lon|0|z|0|h|583|v|1647876981.2120965
TS1:/54321/drone001/attrs:lat|0|lon|0|z|0|h|584|v|1647876981.2186577
TS1:/54321/drone001/attrs:lat|0|lon|0|z|0|h|585|v|1647876981.2252173
TS1:/54321/drone001/attrs:lat|0|lon|0|z|0|h|586|v|1647876981.2318044
TS1:/54321/drone001/attrs:lat|0|lon|0|z|0|h|587|v|1647876981.238365
TS1:/54321/drone001/attrs:lat|0|lon|0|z|0|h|588|v|1647876981.24497
TS1:/54321/drone001/attrs:lat|0|lon|0|z|0|h|589|v|1647876981.2515574
TS1:/54321/drone001/attrs:lat|0|lon|0|z|0|h|590|v|1647876981.2581313
TS1:/54321/drone001/attrs:lat|0|lon|0|z|0|h|591|v|1647876981.2647161
TS1:/54321/drone001/attrs:lat|0|lon|0|z|0|h|592|v|1647876981.271247
TS1:/54321/drone001/attrs:lat|0|lon|0|z|0|h|593|v|1647876981.2778084
TS1:/54321/drone001/attrs:lat|0|lon|0|z|0|h|594|v|1647876981.284352
TS1:/54321/drone001/attrs:lat|0|lon|0|z|0|h|595|v|1647876981.2909303
TS1:/54321/drone001/attrs:lat|0|lon|0|z|0|h|596|v|1647876981.2975156
TS1:/54321/drone001/attrs:lat|0|lon|0|z|0|h|597|v|1647876981.3040426
TS1:/54321/drone001/attrs:lat|0|lon|0|z|0|h|598|v|1647876981.310662
TS1:/54321/drone001/attrs:lat|0|lon|0|z|0|h|599|v|1647876981.3172088
TS1:/54321/drone001/attrs:lat|0|lon|0|z|0|h|600|v|1647876981.323775
TS1:/54321/drone001/attrs:lat|0|lon|0|z|0|h|601|v|1647876981.3303418
TS1:/54321/drone001/attrs:lat|0|lon|0|z|0|h|602|v|1647876981.3368862
TS1:/54321/drone001/attrs:lat|0|lon|0|z|0|h|603|v|1647876981.3435016
TS1:/54321/drone001/attrs:lat|0|lon|0|z|0|h|604|v|1647876981.350057
TS1:/54321/drone001/attrs:lat|0|lon|0|z|0|h|605|v|1647876981.3565967
TS1:/54321/drone001/attrs:lat|0|lon|0|z|0|h|606|v|1647876981.3631423
TS1:/54321/drone001/attrs:lat|0|lon|0|z|0|h|607|v|1647876981.3696606
TS1:/54321/drone001/attrs:lat|0|lon|0|z|0|h|608|v|1647876981.376207
TS1:/54321/drone001/attrs:lat|0|lon|0|z|0|h|609|v|1647876981.3827739
TS1:/54321/drone001/attrs:lat|0|lon|0|z|0|h|610|v|1647876981.3893058
TS1:/54321/drone001/attrs:lat|0|lon|0|z|0|h|611|v|1647876981.3958645
TS1:/54321/drone001/attrs:lat|0|lon|0|z|0|h|612|v|1647876981.4024227
TS1:/54321/drone001/attrs:lat|0|lon|0|z|0|h|613|v|1647876981.4090054
TS1:/54321/drone001/attrs:lat|0|lon|0|z|0|h|614|v|1647876981.4155889
TS1:/54321/drone001/attrs:lat|0|lon|0|z|0|h|615|v|1647876981.4221194
TS1:/54321/drone001/attrs:lat|0|lon|0|z|0|h|616|v|1647876981.4286425
TS1:/54321/drone001/attrs:lat|0|lon|0|z|0|h|617|v|1647876981.4351933
TS1:/54321/drone001/attrs:lat|0|lon|0|z|0|h|618|v|1647876981.441785
TS1:/54321/drone001/attrs:lat|0|lon|0|z|0|h|619|v|1647876981.4483492
TS1:/54321/drone001/attrs:lat|0|lon|0|z|0|h|620|v|1647876981.4549265
TS1:/54321/drone001/attrs:lat|0|lon|0|z|0|h|621|v|1647876981.4615192
TS1:/54321/drone001/attrs:lat|0|lon|0|z|0|h|622|v|1647876981.4680378
TS1:/54321/drone001/attrs:lat|0|lon|0|z|0|h|623|v|1647876981.4746156
TS1:/54321/drone001/attrs:lat|0|lon|0|z|0|h|624|v|1647876981.4811697
TS1:/54321/drone001/attrs:lat|0|lon|0|z|0|h|625|v|1647876981.4877603
TS1:/54321/drone001/attrs:lat|0|lon|0|z|0|h|626|v|1647876981.4942904
TS1:/54321/drone001/attrs:lat|0|lon|0|z|0|h|627|v|1647876981.5008304
TS1:/54321/drone001/attrs:lat|0|lon|0|z|0|h|628|v|1647876981.5074189
TS1:/54321/drone001/attrs:lat|0|lon|0|z|0|h|629|v|1647876981.5140114
TS1:/54321/drone001/attrs:lat|0|lon|0|z|0|h|630|v|1647876981.5205774
TS1:/54321/drone001/attrs:lat|0|lon|0|z|0|h|631|v|1647876981.5271451
TS1:/54321/drone001/attrs:lat|0|lon|0|z|0|h|632|v|1647876981.533702
TS1:/54321/drone001/attrs:lat|0|lon|0|z|0|h|633|v|1647876981.5402656
TS1:/54321/drone001/attrs:lat|0|lon|0|z|0|h|634|v|1647876981.546846
TS1:/54321/drone001/attrs:lat|0|lon|0|z|0|h|635|v|1647876981.5534034
TS1:/54321/drone001/attrs:lat|0|lon|0|z|0|h|636|v|1647876981.5599968
TS1:/54321/drone001/attrs:lat|0|lon|0|z|0|h|637|v|1647876981.566555
TS1:/54321/drone001/attrs:lat|0|lon|0|z|0|h|638|v|1647876981.5731268
TS1:/54321/drone001/attrs:lat|0|lon|0|z|0|h|639|v|1647876981.579721
TS1:/54321/drone001/attrs:lat|0|lon|0|z|0|h|640|v|1647876981.5862846
TS1:/54321/drone001/attrs:lat|0|lon|0|z|0|h|641|v|1647876981.5928435
TS1:/54321/drone001/attrs:lat|0|lon|0|z|0|h|642|v|1647876981.5994368
TS1:/54321/drone001/attrs:lat|0|lon|0|z|0|h|643|v|1647876981.6060312
TS1:/54321/drone001/attrs:lat|0|lon|0|z|0|h|644|v|1647876981.6125858
TS1:/54321/drone001/attrs:lat|0|lon|0|z|0|h|645|v|1647876981.619136
TS1:/54321/drone001/attrs:lat|0|lon|0|z|0|h|646|v|1647876981.625707
TS1:/54321/drone001/attrs:lat|0|lon|0|z|0|h|647|v|1647876981.6322503
TS1:/54321/drone001/attrs:lat|0|lon|0|z|0|h|648|v|1647876981.6388185
TS1:/54321/drone001/attrs:lat|0|lon|0|z|0|h|649|v|1647876981.645356
TS1:/54321/drone001/attrs:lat|0|lon|0|z|0|h|650|v|1647876981.651933
TS1:/54321/drone001/attrs:lat|0|lon|0|z|0|h|651|v|1647876981.6585095
TS1:/54321/drone001/attrs:lat|0|lon|0|z|0|h|652|v|1647876981.665053
TS1:/54321/drone001/attrs:lat|0|lon|0|z|0|h|653|v|1647876981.671639
TS1:/54321/drone001/attrs:lat|0|lon|0|z|0|h|654|v|1647876981.6781924
TS1:/54321/drone001/attrs:lat|0|lon|0|z|0|h|655|v|1647876981.6847768
TS1:/54321/drone001/attrs:lat|0|lon|0|z|0|h|656|v|1647876981.6913333
TS1:/54321/drone001/attrs:lat|0|lon|0|z|0|h|657|v|1647876981.697877
TS1:/54321/drone001/attrs:lat|0|lon|0|z|0|h|658|v|1647876981.7044399
TS1:/54321/drone001/attrs:lat|0|lon|0|z|0|h|659|v|1647876981.7110186
TS1:/54321/drone001/attrs:lat|0|lon|0|z|0|h|660|v|1647876981.7175694
TS1:/54321/drone001/attrs:lat|0|lon|0|z|0|h|661|v|1647876981.7241182
TS1:/54321/drone001/attrs:lat|0|lon|0|z|0|h|662|v|1647876981.730674
TS1:/54321/drone001/attrs:lat|0|lon|0|z|0|h|663|v|1647876981.737188
TS1:/54321/drone001/attrs:lat|0|lon|0|z|0|h|664|v|1647876981.7437465
TS1:/54321/drone001/attrs:lat|0|lon|0|z|0|h|665|v|1647876981.7502875
TS1:/54321/drone001/attrs:lat|0|lon|0|z|0|h|666|v|1647876981.7568526
TS1:/54321/drone001/attrs:lat|0|lon|0|z|0|h|667|v|1647876981.7634447
TS1:/54321/drone001/attrs:lat|0|lon|0|z|0|h|668|v|1647876981.7700021
TS1:/54321/drone001/attrs:lat|0|lon|0|z|0|h|669|v|1647876981.7765677
TS1:/54321/drone001/attrs:lat|0|lon|0|z|0|h|670|v|1647876981.7831159
TS1:/54321/drone001/attrs:lat|0|lon|0|z|0|h|671|v|1647876981.7896671
TS1:/54321/drone001/attrs:lat|0|lon|0|z|0|h|672|v|1647876981.796749
TS1:/54321/drone001/attrs:lat|0|lon|0|z|0|h|673|v|1647876981.8033326
TS1:/54321/drone001/attrs:lat|0|lon|0|z|0|h|674|v|1647876981.8099105
TS1:/54321/drone001/attrs:lat|0|lon|0|z|0|h|675|v|1647876981.8164818
TS1:/54321/drone001/attrs:lat|0|lon|0|z|0|h|676|v|1647876981.8230355
TS1:/54321/drone001/attrs:lat|0|lon|0|z|0|h|677|v|1647876981.8295653
TS1:/54321/drone001/attrs:lat|0|lon|0|z|0|h|678|v|1647876981.8361173
TS1:/54321/drone001/attrs:lat|0|lon|0|z|0|h|679|v|1647876981.8426456
TS1:/54321/drone001/attrs:lat|0|lon|0|z|0|h|680|v|1647876981.8491943
TS1:/54321/drone001/attrs:lat|0|lon|0|z|0|h|681|v|1647876981.8557708
TS1:/54321/drone001/attrs:lat|0|lon|0|z|0|h|682|v|1647876981.8623137
TS1:/54321/drone001/attrs:lat|0|lon|0|z|0|h|683|v|1647876981.8688202
TS1:/54321/drone001/attrs:lat|0|lon|0|z|0|h|684|v|1647876981.875406
TS1:/54321/drone001/attrs:lat|0|lon|0|z|0|h|685|v|1647876981.881898
TS1:/54321/drone001/attrs:lat|0|lon|0|z|0|h|686|v|1647876981.8884146
TS1:/54321/drone001/attrs:lat|0|lon|0|z|0|h|687|v|1647876981.8949518
TS1:/54321/drone001/attrs:lat|0|lon|0|z|0|h|688|v|1647876981.9015074
TS1:/54321/drone001/attrs:lat|0|lon|0|z|0|h|689|v|1647876981.9080234
TS1:/54321/drone001/attrs:lat|0|lon|0|z|0|h|690|v|1647876981.914583
TS1:/54321/drone001/attrs:lat|0|lon|0|z|0|h|691|v|1647876981.9211414
TS1:/54321/drone001/attrs:lat|0|lon|0|z|0|h|692|v|1647876981.9277303
TS1:/54321/drone001/attrs:lat|0|lon|0|z|0|h|693|v|1647876981.9342833
TS1:/54321/drone001/attrs:lat|0|lon|0|z|0|h|694|v|1647876981.9408867
TS1:/54321/drone001/attrs:lat|0|lon|0|z|0|h|695|v|1647876981.9475029
TS1:/54321/drone001/attrs:lat|0|lon|0|z|0|h|696|v|1647876981.9540682
TS1:/54321/drone001/attrs:lat|0|lon|0|z|0|h|697|v|1647876981.9606366
TS1:/54321/drone001/attrs:lat|0|lon|0|z|0|h|698|v|1647876981.9671655
TS1:/54321/drone001/attrs:lat|0|lon|0|z|0|h|699|v|1647876981.9737182
TS1:/54321/drone001/attrs:lat|0|lon|0|z|0|h|700|v|1647876981.9802585
TS1:/54321/drone001/attrs:lat|0|lon|0|z|0|h|701|v|1647876981.986802
TS1:/54321/drone001/attrs:lat|0|lon|0|z|0|h|702|v|1647876981.9933627
TS1:/54321/drone001/attrs:lat|0|lon|0|z|0|h|703|v|1647876981.9999044
TS1:/54321/drone001/attrs:lat|0|lon|0|z|0|h|704|v|1647876982.006455
TS1:/54321/drone001/attrs:lat|0|lon|0|z|0|h|705|v|1647876982.0130377
TS1:/54321/drone001/attrs:lat|0|lon|0|z|0|h|706|v|1647876982.0196009
TS1:/54321/drone001/attrs:lat|0|lon|0|z|0|h|707|v|1647876982.0261543
TS1:/54321/drone001/attrs:lat|0|lon|0|z|0|h|708|v|1647876982.03274
TS1:/54321/drone001/attrs:lat|0|lon|0|z|0|h|709|v|1647876982.0393376
TS1:/54321/drone001/attrs:lat|0|lon|0|z|0|h|710|v|1647876982.0458906
TS1:/54321/drone001/attrs:lat|0|lon|0|z|0|h|711|v|1647876982.052441
TS1:/54321/drone001/attrs:lat|0|lon|0|z|0|h|712|v|1647876982.059014
TS1:/54321/drone001/attrs:lat|0|lon|0|z|0|h|713|v|1647876982.0655692
TS1:/54321/drone001/attrs:lat|0|lon|0|z|0|h|714|v|1647876982.07212
TS1:/54321/drone001/attrs:lat|0|lon|0|z|0|h|715|v|1647876982.0787172
TS1:/54321/drone001/attrs:lat|0|lon|0|z|0|h|716|v|1647876982.0852778
TS1:/54321/drone001/attrs:lat|0|lon|0|z|0|h|717|v|1647876982.091957
TS1:/54321/drone001/attrs:lat|0|lon|0|z|0|h|718|v|1647876982.0985332
TS1:/54321/drone001/attrs:lat|0|lon|0|z|0|h|719|v|1647876982.1051161
TS1:/54321/drone001/attrs:lat|0|lon|0|z|0|h|720|v|1647876982.111668
TS1:/54321/drone001/attrs:lat|0|lon|0|z|0|h|721|v|1647876982.1182184
TS1:/54321/drone001/attrs:lat|0|lon|0|z|0|h|722|v|1647876982.1247928
TS1:/54321/drone001/attrs:lat|0|lon|0|z|0|h|723|v|1647876982.131353
TS1:/54321/drone001/attrs:lat|0|lon|0|z|0|h|724|v|1647876982.1379282
TS1:/54321/drone001/attrs:lat|0|lon|0|z|0|h|725|v|1647876982.1445043
TS1:/54321/drone001/attrs:lat|0|lon|0|z|0|h|726|v|1647876982.1510525
TS1:/54321/drone001/attrs:lat|0|lon|0|z|0|h|727|v|1647876982.1575954
TS1:/54321/drone001/attrs:lat|0|lon|0|z|0|h|728|v|1647876982.1641488
TS1:/54321/drone001/attrs:lat|0|lon|0|z|0|h|729|v|1647876982.1707242
TS1:/54321/drone001/attrs:lat|0|lon|0|z|0|h|730|v|1647876982.1772788
TS1:/54321/drone001/attrs:lat|0|lon|0|z|0|h|731|v|1647876982.1838508
TS1:/54321/drone001/attrs:lat|0|lon|0|z|0|h|732|v|1647876982.190412
TS1:/54321/drone001/attrs:lat|0|lon|0|z|0|h|733|v|1647876982.1969519
TS1:/54321/drone001/attrs:lat|0|lon|0|z|0|h|734|v|1647876982.203565
TS1:/54321/drone001/attrs:lat|0|lon|0|z|0|h|735|v|1647876982.210128
TS1:/54321/drone001/attrs:lat|0|lon|0|z|0|h|736|v|1647876982.2167025
TS1:/54321/drone001/attrs:lat|0|lon|0|z|0|h|737|v|1647876982.2232664
TS1:/54321/drone001/attrs:lat|0|lon|0|z|0|h|738|v|1647876982.2298326
TS1:/54321/drone001/attrs:lat|0|lon|0|z|0|h|739|v|1647876982.2363799
TS1:/54321/drone001/attrs:lat|0|lon|0|z|0|h|740|v|1647876982.2429454
TS1:/54321/drone001/attrs:lat|0|lon|0|z|0|h|741|v|1647876982.2494988
TS1:/54321/drone001/attrs:lat|0|lon|0|z|0|h|742|v|1647876982.25602
TS1:/54321/drone001/attrs:lat|0|lon|0|z|0|h|743|v|1647876982.2625484
TS1:/54321/drone001/attrs:lat|0|lon|0|z|0|h|744|v|1647876982.269129
TS1:/54321/drone001/attrs:lat|0|lon|0|z|0|h|745|v|1647876982.2757025
TS1:/54321/drone001/attrs:lat|0|lon|0|z|0|h|746|v|1647876982.2822533
TS1:/54321/drone001/attrs:lat|0|lon|0|z|0|h|747|v|1647876982.288834
TS1:/54321/drone001/attrs:lat|0|lon|0|z|0|h|748|v|1647876982.2954288
TS1:/54321/drone001/attrs:lat|0|lon|0|z|0|h|749|v|1647876982.3020155
TS1:/54321/drone001/attrs:lat|0|lon|0|z|0|h|750|v|1647876982.3085663
TS1:/54321/drone001/attrs:lat|0|lon|0|z|0|h|751|v|1647876982.315115
TS1:/54321/drone001/attrs:lat|0|lon|0|z|0|h|752|v|1647876982.3216417
TS1:/54321/drone001/attrs:lat|0|lon|0|z|0|h|753|v|1647876982.3282013
TS1:/54321/drone001/attrs:lat|0|lon|0|z|0|h|754|v|1647876982.3347719
TS1:/54321/drone001/attrs:lat|0|lon|0|z|0|h|755|v|1647876982.3413303
TS1:/54321/drone001/attrs:lat|0|lon|0|z|0|h|756|v|1647876982.3479047
TS1:/54321/drone001/attrs:lat|0|lon|0|z|0|h|757|v|1647876982.3544831
TS1:/54321/drone001/attrs:lat|0|lon|0|z|0|h|758|v|1647876982.361033
TS1:/54321/drone001/attrs:lat|0|lon|0|z|0|h|759|v|1647876982.3676338
TS1:/54321/drone001/attrs:lat|0|lon|0|z|0|h|760|v|1647876982.374166
TS1:/54321/drone001/attrs:lat|0|lon|0|z|0|h|761|v|1647876982.3807473
TS1:/54321/drone001/attrs:lat|0|lon|0|z|0|h|762|v|1647876982.387271
TS1:/54321/drone001/attrs:lat|0|lon|0|z|0|h|763|v|1647876982.3938303
TS1:/54321/drone001/attrs:lat|0|lon|0|z|0|h|764|v|1647876982.4003878
TS1:/54321/drone001/attrs:lat|0|lon|0|z|0|h|765|v|1647876982.4069414
TS1:/54321/drone001/attrs:lat|0|lon|0|z|0|h|766|v|1647876982.4134843
TS1:/54321/drone001/attrs:lat|0|lon|0|z|0|h|767|v|1647876982.4200509
TS1:/54321/drone001/attrs:lat|0|lon|0|z|0|h|768|v|1647876982.4266095
TS1:/54321/drone001/attrs:lat|0|lon|0|z|0|h|769|v|1647876982.4331765
TS1:/54321/drone001/attrs:lat|0|lon|0|z|0|h|770|v|1647876982.4397557
TS1:/54321/drone001/attrs:lat|0|lon|0|z|0|h|771|v|1647876982.4463098
TS1:/54321/drone001/attrs:lat|0|lon|0|z|0|h|772|v|1647876982.4528909
TS1:/54321/drone001/attrs:lat|0|lon|0|z|0|h|773|v|1647876982.4595187
TS1:/54321/drone001/attrs:lat|0|lon|0|z|0|h|774|v|1647876982.4660811
TS1:/54321/drone001/attrs:lat|0|lon|0|z|0|h|775|v|1647876982.4726365
TS1:/54321/drone001/attrs:lat|0|lon|0|z|0|h|776|v|1647876982.4792047
TS1:/54321/drone001/attrs:lat|0|lon|0|z|0|h|777|v|1647876982.4857929
TS1:/54321/drone001/attrs:lat|0|lon|0|z|0|h|778|v|1647876982.4923475
TS1:/54321/drone001/attrs:lat|0|lon|0|z|0|h|779|v|1647876982.4989333
TS1:/54321/drone001/attrs:lat|0|lon|0|z|0|h|780|v|1647876982.5058503
TS1:/54321/drone001/attrs:lat|0|lon|0|z|0|h|781|v|1647876982.5124102
TS1:/54321/drone001/attrs:lat|0|lon|0|z|0|h|782|v|1647876982.518985
TS1:/54321/drone001/attrs:lat|0|lon|0|z|0|h|783|v|1647876982.5255394
TS1:/54321/drone001/attrs:lat|0|lon|0|z|0|h|784|v|1647876982.532105
TS1:/54321/drone001/attrs:lat|0|lon|0|z|0|h|785|v|1647876982.5386665
TS1:/54321/drone001/attrs:lat|0|lon|0|z|0|h|786|v|1647876982.5452445
TS1:/54321/drone001/attrs:lat|0|lon|0|z|0|h|787|v|1647876982.5518246
TS1:/54321/drone001/attrs:lat|0|lon|0|z|0|h|788|v|1647876982.5583656
TS1:/54321/drone001/attrs:lat|0|lon|0|z|0|h|789|v|1647876982.564909
TS1:/54321/drone001/attrs:lat|0|lon|0|z|0|h|790|v|1647876982.57152
TS1:/54321/drone001/attrs:lat|0|lon|0|z|0|h|791|v|1647876982.57837
TS1:/54321/drone001/attrs:lat|0|lon|0|z|0|h|792|v|1647876982.5849516
TS1:/54321/drone001/attrs:lat|0|lon|0|z|0|h|793|v|1647876982.591561
TS1:/54321/drone001/attrs:lat|0|lon|0|z|0|h|794|v|1647876982.5981028
TS1:/54321/drone001/attrs:lat|0|lon|0|z|0|h|795|v|1647876982.6046438
TS1:/54321/drone001/attrs:lat|0|lon|0|z|0|h|796|v|1647876982.611189
TS1:/54321/drone001/attrs:lat|0|lon|0|z|0|h|797|v|1647876982.6177614
TS1:/54321/drone001/attrs:lat|0|lon|0|z|0|h|798|v|1647876982.6243105
TS1:/54321/drone001/attrs:lat|0|lon|0|z|0|h|799|v|1647876982.6308796
TS1:/54321/drone001/attrs:lat|0|lon|0|z|0|h|800|v|1647876982.6374278
TS1:/54321/drone001/attrs:lat|0|lon|0|z|0|h|801|v|1647876982.6445262
TS1:/54321/drone001/attrs:lat|0|lon|0|z|0|h|802|v|1647876982.6510527
TS1:/54321/drone001/attrs:lat|0|lon|0|z|0|h|803|v|1647876982.6576118
TS1:/54321/drone001/attrs:lat|0|lon|0|z|0|h|804|v|1647876982.6641707
TS1:/54321/drone001/attrs:lat|0|lon|0|z|0|h|805|v|1647876982.6707506
TS1:/54321/drone001/attrs:lat|0|lon|0|z|0|h|806|v|1647876982.6773064
TS1:/54321/drone001/attrs:lat|0|lon|0|z|0|h|807|v|1647876982.6838965
TS1:/54321/drone001/attrs:lat|0|lon|0|z|0|h|808|v|1647876982.690451
TS1:/54321/drone001/attrs:lat|0|lon|0|z|0|h|809|v|1647876982.6970277
TS1:/54321/drone001/attrs:lat|0|lon|0|z|0|h|810|v|1647876982.7036173
TS1:/54321/drone001/attrs:lat|0|lon|0|z|0|h|811|v|1647876982.7101789
TS1:/54321/drone001/attrs:lat|0|lon|0|z|0|h|812|v|1647876982.716733
TS1:/54321/drone001/attrs:lat|0|lon|0|z|0|h|813|v|1647876982.7232842
TS1:/54321/drone001/attrs:lat|0|lon|0|z|0|h|814|v|1647876982.7298565
TS1:/54321/drone001/attrs:lat|0|lon|0|z|0|h|815|v|1647876982.736377
TS1:/54321/drone001/attrs:lat|0|lon|0|z|0|h|816|v|1647876982.7429633
TS1:/54321/drone001/attrs:lat|0|lon|0|z|0|h|817|v|1647876982.7495422
TS1:/54321/drone001/attrs:lat|0|lon|0|z|0|h|818|v|1647876982.756075
TS1:/54321/drone001/attrs:lat|0|lon|0|z|0|h|819|v|1647876982.7625926
TS1:/54321/drone001/attrs:lat|0|lon|0|z|0|h|820|v|1647876982.7691503
TS1:/54321/drone001/attrs:lat|0|lon|0|z|0|h|821|v|1647876982.7757137
TS1:/54321/drone001/attrs:lat|0|lon|0|z|0|h|822|v|1647876982.7822673
TS1:/54321/drone001/attrs:lat|0|lon|0|z|0|h|823|v|1647876982.7888427
TS1:/54321/drone001/attrs:lat|0|lon|0|z|0|h|824|v|1647876982.7954044
TS1:/54321/drone001/attrs:lat|0|lon|0|z|0|h|825|v|1647876982.8019958
TS1:/54321/drone001/attrs:lat|0|lon|0|z|0|h|826|v|1647876982.8085399
TS1:/54321/drone001/attrs:lat|0|lon|0|z|0|h|827|v|1647876982.8150814
TS1:/54321/drone001/attrs:lat|0|lon|0|z|0|h|828|v|1647876982.821649
TS1:/54321/drone001/attrs:lat|0|lon|0|z|0|h|829|v|1647876982.8281813
TS1:/54321/drone001/attrs:lat|0|lon|0|z|0|h|830|v|1647876982.8347359
TS1:/54321/drone001/attrs:lat|0|lon|0|z|0|h|831|v|1647876982.8412552
TS1:/54321/drone001/attrs:lat|0|lon|0|z|0|h|832|v|1647876982.84781
TS1:/54321/drone001/attrs:lat|0|lon|0|z|0|h|833|v|1647876982.8543282
TS1:/54321/drone001/attrs:lat|0|lon|0|z|0|h|834|v|1647876982.8609128
TS1:/54321/drone001/attrs:lat|0|lon|0|z|0|h|835|v|1647876982.8674474
TS1:/54321/drone001/attrs:lat|0|lon|0|z|0|h|836|v|1647876982.8741276
TS1:/54321/drone001/attrs:lat|0|lon|0|z|0|h|837|v|1647876982.8807142
TS1:/54321/drone001/attrs:lat|0|lon|0|z|0|h|838|v|1647876982.8872569
TS1:/54321/drone001/attrs:lat|0|lon|0|z|0|h|839|v|1647876982.893831
TS1:/54321/drone001/attrs:lat|0|lon|0|z|0|h|840|v|1647876982.9003797
TS1:/54321/drone001/attrs:lat|0|lon|0|z|0|h|841|v|1647876982.9069438
TS1:/54321/drone001/attrs:lat|0|lon|0|z|0|h|842|v|1647876982.9134557
TS1:/54321/drone001/attrs:lat|0|lon|0|z|0|h|843|v|1647876982.9200294
TS1:/54321/drone001/attrs:lat|0|lon|0|z|0|h|844|v|1647876982.9265897
TS1:/54321/drone001/attrs:lat|0|lon|0|z|0|h|845|v|1647876982.9331396
TS1:/54321/drone001/attrs:lat|0|lon|0|z|0|h|846|v|1647876982.9397147
TS1:/54321/drone001/attrs:lat|0|lon|0|z|0|h|847|v|1647876982.946259
TS1:/54321/drone001/attrs:lat|0|lon|0|z|0|h|848|v|1647876982.9528253
TS1:/54321/drone001/attrs:lat|0|lon|0|z|0|h|849|v|1647876982.9594202
TS1:/54321/drone001/attrs:lat|0|lon|0|z|0|h|850|v|1647876982.9659698
TS1:/54321/drone001/attrs:lat|0|lon|0|z|0|h|851|v|1647876982.9725206
TS1:/54321/drone001/attrs:lat|0|lon|0|z|0|h|852|v|1647876982.9790356
TS1:/54321/drone001/attrs:lat|0|lon|0|z|0|h|853|v|1647876982.9855945
TS1:/54321/drone001/attrs:lat|0|lon|0|z|0|h|854|v|1647876982.992155
TS1:/54321/drone001/attrs:lat|0|lon|0|z|0|h|855|v|1647876982.9987414
TS1:/54321/drone001/attrs:lat|0|lon|0|z|0|h|856|v|1647876983.0053003
TS1:/54321/drone001/attrs:lat|0|lon|0|z|0|h|857|v|1647876983.0118828
TS1:/54321/drone001/attrs:lat|0|lon|0|z|0|h|858|v|1647876983.0184088
TS1:/54321/drone001/attrs:lat|0|lon|0|z|0|h|859|v|1647876983.0249667
TS1:/54321/drone001/attrs:lat|0|lon|0|z|0|h|860|v|1647876983.0315385
TS1:/54321/drone001/attrs:lat|0|lon|0|z|0|h|861|v|1647876983.0380886
TS1:/54321/drone001/attrs:lat|0|lon|0|z|0|h|862|v|1647876983.0446444
TS1:/54321/drone001/attrs:lat|0|lon|0|z|0|h|863|v|1647876983.0511944
TS1:/54321/drone001/attrs:lat|0|lon|0|z|0|h|864|v|1647876983.0577579
TS1:/54321/drone001/attrs:lat|0|lon|0|z|0|h|865|v|1647876983.0643039
TS1:/54321/drone001/attrs:lat|0|lon|0|z|0|h|866|v|1647876983.0708709
TS1:/54321/drone001/attrs:lat|0|lon|0|z|0|h|867|v|1647876983.0773864
TS1:/54321/drone001/attrs:lat|0|lon|0|z|0|h|868|v|1647876983.0839183
TS1:/54321/drone001/attrs:lat|0|lon|0|z|0|h|869|v|1647876983.0904994
TS1:/54321/drone001/attrs:lat|0|lon|0|z|0|h|870|v|1647876983.0970545
TS1:/54321/drone001/attrs:lat|0|lon|0|z|0|h|871|v|1647876983.1036482
TS1:/54321/drone001/attrs:lat|0|lon|0|z|0|h|872|v|1647876983.1102047
TS1:/54321/drone001/attrs:lat|0|lon|0|z|0|h|873|v|1647876983.1167805
TS1:/54321/drone001/attrs:lat|0|lon|0|z|0|h|874|v|1647876983.1233647
TS1:/54321/drone001/attrs:lat|0|lon|0|z|0|h|875|v|1647876983.12991
TS1:/54321/drone001/attrs:lat|0|lon|0|z|0|h|876|v|1647876983.1364849
TS1:/54321/drone001/attrs:lat|0|lon|0|z|0|h|877|v|1647876983.1430545
TS1:/54321/drone001/attrs:lat|0|lon|0|z|0|h|878|v|1647876983.1495733
TS1:/54321/drone001/attrs:lat|0|lon|0|z|0|h|879|v|1647876983.1561317
TS1:/54321/drone001/attrs:lat|0|lon|0|z|0|h|880|v|1647876983.1626666
TS1:/54321/drone001/attrs:lat|0|lon|0|z|0|h|881|v|1647876983.169194
TS1:/54321/drone001/attrs:lat|0|lon|0|z|0|h|882|v|1647876983.1757371
TS1:/54321/drone001/attrs:lat|0|lon|0|z|0|h|883|v|1647876983.182281
TS1:/54321/drone001/attrs:lat|0|lon|0|z|0|h|884|v|1647876983.188851
TS1:/54321/drone001/attrs:lat|0|lon|0|z|0|h|885|v|1647876983.1954358
TS1:/54321/drone001/attrs:lat|0|lon|0|z|0|h|886|v|1647876983.202023
TS1:/54321/drone001/attrs:lat|0|lon|0|z|0|h|887|v|1647876983.2085774
TS1:/54321/drone001/attrs:lat|0|lon|0|z|0|h|888|v|1647876983.2151542
TS1:/54321/drone001/attrs:lat|0|lon|0|z|0|h|889|v|1647876983.2217085
TS1:/54321/drone001/attrs:lat|0|lon|0|z|0|h|890|v|1647876983.2282639
TS1:/54321/drone001/attrs:lat|0|lon|0|z|0|h|891|v|1647876983.2348359
TS1:/54321/drone001/attrs:lat|0|lon|0|z|0|h|892|v|1647876983.241405
TS1:/54321/drone001/attrs:lat|0|lon|0|z|0|h|893|v|1647876983.2479928
TS1:/54321/drone001/attrs:lat|0|lon|0|z|0|h|894|v|1647876983.254573
TS1:/54321/drone001/attrs:lat|0|lon|0|z|0|h|895|v|1647876983.26112
TS1:/54321/drone001/attrs:lat|0|lon|0|z|0|h|896|v|1647876983.2677093
TS1:/54321/drone001/attrs:lat|0|lon|0|z|0|h|897|v|1647876983.2742805
TS1:/54321/drone001/attrs:lat|0|lon|0|z|0|h|898|v|1647876983.280858
TS1:/54321/drone001/attrs:lat|0|lon|0|z|0|h|899|v|1647876983.2874525
TS1:/54321/drone001/attrs:lat|0|lon|0|z|0|h|900|v|1647876983.294001
TS1:/54321/drone001/attrs:lat|0|lon|0|z|0|h|901|v|1647876983.3005683
TS1:/54321/drone001/attrs:lat|0|lon|0|z|0|h|902|v|1647876983.3071225
TS1:/54321/drone001/attrs:lat|0|lon|0|z|0|h|903|v|1647876983.3137047
TS1:/54321/drone001/attrs:lat|0|lon|0|z|0|h|904|v|1647876983.3202543
TS1:/54321/drone001/attrs:lat|0|lon|0|z|0|h|905|v|1647876983.326815
TS1:/54321/drone001/attrs:lat|0|lon|0|z|0|h|906|v|1647876983.3333757
TS1:/54321/drone001/attrs:lat|0|lon|0|z|0|h|907|v|1647876983.339955
TS1:/54321/drone001/attrs:lat|0|lon|0|z|0|h|908|v|1647876983.3463893
TS1:/54321/drone001/attrs:lat|0|lon|0|z|0|h|909|v|1647876983.3529253
TS1:/54321/drone001/attrs:lat|0|lon|0|z|0|h|910|v|1647876983.3599687
TS1:/54321/drone001/attrs:lat|0|lon|0|z|0|h|911|v|1647876983.3665032
TS1:/54321/drone001/attrs:lat|0|lon|0|z|0|h|912|v|1647876983.3730328
TS1:/54321/drone001/attrs:lat|0|lon|0|z|0|h|913|v|1647876983.3796034
TS1:/54321/drone001/attrs:lat|0|lon|0|z|0|h|914|v|1647876983.3861554
TS1:/54321/drone001/attrs:lat|0|lon|0|z|0|h|915|v|1647876983.392745
TS1:/54321/drone001/attrs:lat|0|lon|0|z|0|h|916|v|1647876983.399329
TS1:/54321/drone001/attrs:lat|0|lon|0|z|0|h|917|v|1647876983.4059114
TS1:/54321/drone001/attrs:lat|0|lon|0|z|0|h|918|v|1647876983.4124534
TS1:/54321/drone001/attrs:lat|0|lon|0|z|0|h|919|v|1647876983.4190302
TS1:/54321/drone001/attrs:lat|0|lon|0|z|0|h|920|v|1647876983.425587
TS1:/54321/drone001/attrs:lat|0|lon|0|z|0|h|921|v|1647876983.4321387
TS1:/54321/drone001/attrs:lat|0|lon|0|z|0|h|922|v|1647876983.4387047
TS1:/54321/drone001/attrs:lat|0|lon|0|z|0|h|923|v|1647876983.4452536
TS1:/54321/drone001/attrs:lat|0|lon|0|z|0|h|924|v|1647876983.4518204
TS1:/54321/drone001/attrs:lat|0|lon|0|z|0|h|925|v|1647876983.4583695
TS1:/54321/drone001/attrs:lat|0|lon|0|z|0|h|926|v|1647876983.464923
TS1:/54321/drone001/attrs:lat|0|lon|0|z|0|h|927|v|1647876983.4715354
TS1:/54321/drone001/attrs:lat|0|lon|0|z|0|h|928|v|1647876983.478093
TS1:/54321/drone001/attrs:lat|0|lon|0|z|0|h|929|v|1647876983.484642
TS1:/54321/drone001/attrs:lat|0|lon|0|z|0|h|930|v|1647876983.4911969
TS1:/54321/drone001/attrs:lat|0|lon|0|z|0|h|931|v|1647876983.497755
TS1:/54321/drone001/attrs:lat|0|lon|0|z|0|h|932|v|1647876983.5043023
TS1:/54321/drone001/attrs:lat|0|lon|0|z|0|h|933|v|1647876983.5108786
TS1:/54321/drone001/attrs:lat|0|lon|0|z|0|h|934|v|1647876983.5174458
TS1:/54321/drone001/attrs:lat|0|lon|0|z|0|h|935|v|1647876983.5240223
TS1:/54321/drone001/attrs:lat|0|lon|0|z|0|h|936|v|1647876983.5305717
TS1:/54321/drone001/attrs:lat|0|lon|0|z|0|h|937|v|1647876983.53712
TS1:/54321/drone001/attrs:lat|0|lon|0|z|0|h|938|v|1647876983.5437098
TS1:/54321/drone001/attrs:lat|0|lon|0|z|0|h|939|v|1647876983.5502243
TS1:/54321/drone001/attrs:lat|0|lon|0|z|0|h|940|v|1647876983.55679
TS1:/54321/drone001/attrs:lat|0|lon|0|z|0|h|941|v|1647876983.5633783
TS1:/54321/drone001/attrs:lat|0|lon|0|z|0|h|942|v|1647876983.5699286
TS1:/54321/drone001/attrs:lat|0|lon|0|z|0|h|943|v|1647876983.5764437
TS1:/54321/drone001/attrs:lat|0|lon|0|z|0|h|944|v|1647876983.5830176
TS1:/54321/drone001/attrs:lat|0|lon|0|z|0|h|945|v|1647876983.5895686
TS1:/54321/drone001/attrs:lat|0|lon|0|z|0|h|946|v|1647876983.5961244
TS1:/54321/drone001/attrs:lat|0|lon|0|z|0|h|947|v|1647876983.6027043
TS1:/54321/drone001/attrs:lat|0|lon|0|z|0|h|948|v|1647876983.6092188
TS1:/54321/drone001/attrs:lat|0|lon|0|z|0|h|949|v|1647876983.6157887
TS1:/54321/drone001/attrs:lat|0|lon|0|z|0|h|950|v|1647876983.6223056
TS1:/54321/drone001/attrs:lat|0|lon|0|z|0|h|951|v|1647876983.6288767
TS1:/54321/drone001/attrs:lat|0|lon|0|z|0|h|952|v|1647876983.635437
TS1:/54321/drone001/attrs:lat|0|lon|0|z|0|h|953|v|1647876983.6420212
TS1:/54321/drone001/attrs:lat|0|lon|0|z|0|h|954|v|1647876983.6485713
TS1:/54321/drone001/attrs:lat|0|lon|0|z|0|h|955|v|1647876983.6552029
TS1:/54321/drone001/attrs:lat|0|lon|0|z|0|h|956|v|1647876983.6617723
TS1:/54321/drone001/attrs:lat|0|lon|0|z|0|h|957|v|1647876983.6683204
TS1:/54321/drone001/attrs:lat|0|lon|0|z|0|h|958|v|1647876983.6748903
TS1:/54321/drone001/attrs:lat|0|lon|0|z|0|h|959|v|1647876983.6814055
TS1:/54321/drone001/attrs:lat|0|lon|0|z|0|h|960|v|1647876983.6879773
TS1:/54321/drone001/attrs:lat|0|lon|0|z|0|h|961|v|1647876983.6945333
TS1:/54321/drone001/attrs:lat|0|lon|0|z|0|h|962|v|1647876983.7011197
TS1:/54321/drone001/attrs:lat|0|lon|0|z|0|h|963|v|1647876983.707679
TS1:/54321/drone001/attrs:lat|0|lon|0|z|0|h|964|v|1647876983.7142327
TS1:/54321/drone001/attrs:lat|0|lon|0|z|0|h|965|v|1647876983.7207987
TS1:/54321/drone001/attrs:lat|0|lon|0|z|0|h|966|v|1647876983.727383
TS1:/54321/drone001/attrs:lat|0|lon|0|z|0|h|967|v|1647876983.7339656
TS1:/54321/drone001/attrs:lat|0|lon|0|z|0|h|968|v|1647876983.7405236
TS1:/54321/drone001/attrs:lat|0|lon|0|z|0|h|969|v|1647876983.7470686
TS1:/54321/drone001/attrs:lat|0|lon|0|z|0|h|970|v|1647876983.7536263
TS1:/54321/drone001/attrs:lat|0|lon|0|z|0|h|971|v|1647876983.7601748
TS1:/54321/drone001/attrs:lat|0|lon|0|z|0|h|972|v|1647876983.7667577
TS1:/54321/drone001/attrs:lat|0|lon|0|z|0|h|973|v|1647876983.773273
TS1:/54321/drone001/attrs:lat|0|lon|0|z|0|h|974|v|1647876983.7798378
TS1:/54321/drone001/attrs:lat|0|lon|0|z|0|h|975|v|1647876983.7863977
TS1:/54321/drone001/attrs:lat|0|lon|0|z|0|h|976|v|1647876983.7929568
TS1:/54321/drone001/attrs:lat|0|lon|0|z|0|h|977|v|1647876983.7995539
TS1:/54321/drone001/attrs:lat|0|lon|0|z|0|h|978|v|1647876983.8061118
TS1:/54321/drone001/attrs:lat|0|lon|0|z|0|h|979|v|1647876983.8126717
TS1:/54321/drone001/attrs:lat|0|lon|0|z|0|h|980|v|1647876983.8191855
TS1:/54321/drone001/attrs:lat|0|lon|0|z|0|h|981|v|1647876983.825758
TS1:/54321/drone001/attrs:lat|0|lon|0|z|0|h|982|v|1647876983.832298
TS1:/54321/drone001/attrs:lat|0|lon|0|z|0|h|983|v|1647876983.8388824
TS1:/54321/drone001/attrs:lat|0|lon|0|z|0|h|984|v|1647876983.8453124
TS1:/54321/drone001/attrs:lat|0|lon|0|z|0|h|985|v|1647876983.8518746
TS1:/54321/drone001/attrs:lat|0|lon|0|z|0|h|986|v|1647876983.8583865
TS1:/54321/drone001/attrs:lat|0|lon|0|z|0|h|987|v|1647876983.8649414
TS1:/54321/drone001/attrs:lat|0|lon|0|z|0|h|988|v|1647876983.871547
TS1:/54321/drone001/attrs:lat|0|lon|0|z|0|h|989|v|1647876983.8780916
TS1:/54321/drone001/attrs:lat|0|lon|0|z|0|h|990|v|1647876983.8845553
TS1:/54321/drone001/attrs:lat|0|lon|0|z|0|h|991|v|1647876983.8911004
TS1:/54321/drone001/attrs:lat|0|lon|0|z|0|h|992|v|1647876983.897617
TS1:/54321/drone001/attrs:lat|0|lon|0|z|0|h|993|v|1647876983.9041638
TS1:/54321/drone001/attrs:lat|0|lon|0|z|0|h|994|v|1647876983.9107497
TS1:/54321/drone001/attrs:lat|0|lon|0|z|0|h|995|v|1647876983.9173112
TS1:/54321/drone001/attrs:lat|0|lon|0|z|0|h|996|v|1647876983.9238825
TS1:/54321/drone001/attrs:lat|0|lon|0|z|0|h|997|v|1647876983.9304295
TS1:/54321/drone001/attrs:lat|0|lon|0|z|0|h|998|v|1647876983.9370003
TS1:/54321/drone001/attrs:lat|0|lon|0|z|0|h|999|v|1647876983.9434755
TS1:/54321/drone001/attrs:lat|0|lon|0|z|0|h|1000|v|1647876983.94999
