TS1:/54321/drone001/attrs:lat|0|lon|0|z|0|h|1|v|1647876611.3337119
TS1:/54321/drone001/attrs:lat|0|lon|0|z|0|h|2|v|1647876611.3389406
TS1:/54321/drone001/attrs:lat|0|lon|0|z|0|h|3|v|1647876611.3442502
TS1:/54321/drone001/attrs:lat|0|lon|0|z|0|h|4|v|1647876611.3495252
TS1:/54321/drone001/attrs:lat|0|lon|0|z|0|h|5|v|1647876611.354891
TS1:/54321/drone001/attrs:lat|0|lon|0|z|0|h|6|v|1647876611.3602004
TS1:/54321/drone001/attrs:lat|0|lon|0|z|0|h|7|v|1647876611.365567
TS1:/54321/drone001/attrs:lat|0|lon|0|z|0|h|8|v|1647876611.3709698
TS1:/54321/drone001/attrs:lat|0|lon|0|z|0|h|9|v|1647876611.3763974
TS1:/54321/drone001/attrs:lat|0|lon|0|z|0|h|10|v|1647876611.381933
TS1:/54321/drone001/attrs:lat|0|lon|0|z|0|h|11|v|1647876611.3875024
TS1:/54321/drone001/attrs:lat|0|lon|0|z|0|h|12|v|1647876611.3929715
TS1:/54321/drone001/attrs:lat|0|lon|0|z|0|h|13|v|1647876611.3985698
TS1:/54321/drone001/attrs:lat|0|lon|0|z|0|h|14|v|1647876611.4040349
TS1:/54321/drone001/attrs:lat|0|lon|0|z|0|h|15|v|1647876611.4095557
TS1:/54321/drone001/attrs:lat|0|lon|0|z|0|h|16|v|1647876611.4150739
TS1:/54321/drone001/attrs:lat|0|lon|0|z|0|h|17|v|1647876611.4205713
TS1:/54321/drone001/attrs:lat|0|lon|0|z|0|h|18|v|1647876611.4261384
TS1:/54321/drone001/attrs:lat|0|lon|0|z|0|h|19|v|1647876611.4317281
TS1:/54321/drone001/attrs:lat|0|lon|0|z|0|h|20|v|1647876611.4372482
TS1:/54321/drone001/attrs:lat|0|lon|0|z|0|h|21|v|1647876611.4428296
TS1:/54321/drone001/attrs:lat|0|lon|0|z|0|h|22|v|1647876611.4483857
TS1:/54321/drone001/attrs:lat|0|lon|0|z|0|h|23|v|1647876611.453991
TS1:/54321/drone001/attrs:lat|0|lon|0|z|0|h|24|v|1647876611.4595294
TS1:/54321/drone001/attrs:lat|0|lon|0|z|0|h|25|v|1647876611.4651146
TS1:/54321/drone001/attrs:lat|0|lon|0|z|0|h|26|v|1647876611.4706776
TS1:/54321/drone001/attrs:lat|0|lon|0|z|0|h|27|v|1647876611.4762225
TS1:/54321/drone001/attrs:lat|0|lon|0|z|0|h|28|v|1647876611.481764
TS1:/54321/drone001/attrs:lat|0|lon|0|z|0|h|29|v|1647876611.4873145
TS1:/54321/drone001/attrs:lat|0|lon|0|z|0|h|30|v|1647876611.4928966
TS1:/54321/drone001/attrs:lat|0|lon|0|z|0|h|31|v|1647876611.4985185
TS1:/54321/drone001/attrs:lat|0|lon|0|z|0|h|32|v|1647876611.5040424
TS1:/54321/drone001/attrs:lat|0|lon|0|z|0|h|33|v|1647876611.5095503
TS1:/54321/drone001/attrs:lat|0|lon|0|z|0|h|34|v|1647876611.515066
TS1:/54321/drone001/attrs:lat|0|lon|0|z|0|h|35|v|1647876611.5206134
TS1:/54321/drone001/attrs:lat|0|lon|0|z|0|h|36|v|1647876611.5261345
TS1:/54321/drone001/attrs:lat|0|lon|0|z|0|h|37|v|1647876611.531724
TS1:/54321/drone001/attrs:lat|0|lon|0|z|0|h|38|v|1647876611.5372884
TS1:/54321/drone001/attrs:lat|0|lon|0|z|0|h|39|v|1647876611.5428731
TS1:/54321/drone001/attrs:lat|0|lon|0|z|0|h|40|v|1647876611.5484347
TS1:/54321/drone001/attrs:lat|0|lon|0|z|0|h|41|v|1647876611.5540056
TS1:/54321/drone001/attrs:lat|0|lon|0|z|0|h|42|v|1647876611.5595622
TS1:/54321/drone001/attrs:lat|0|lon|0|z|0|h|43|v|1647876611.5651257
TS1:/54321/drone001/attrs:lat|0|lon|0|z|0|h|44|v|1647876611.5706472
TS1:/54321/drone001/attrs:lat|0|lon|0|z|0|h|45|v|1647876611.5762212
TS1:/54321/drone001/attrs:lat|0|lon|0|z|0|h|46|v|1647876611.5817587
TS1:/54321/drone001/attrs:lat|0|lon|0|z|0|h|47|v|1647876611.5877972
TS1:/54321/drone001/attrs:lat|0|lon|0|z|0|h|48|v|1647876611.5933192
TS1:/54321/drone001/attrs:lat|0|lon|0|z|0|h|49|v|1647876611.598895
TS1:/54321/drone001/attrs:lat|0|lon|0|z|0|h|50|v|1647876611.604443
TS1:/54321/drone001/attrs:lat|0|lon|0|z|0|h|51|v|1647876611.6099873
TS1:/54321/drone001/attrs:lat|0|lon|0|z|0|h|52|v|1647876611.6155474
TS1:/54321/drone001/attrs:lat|0|lon|0|z|0|h|53|v|1647876611.621068
TS1:/54321/drone001/attrs:lat|0|lon|0|z|0|h|54|v|1647876611.626665
TS1:/54321/drone001/attrs:lat|0|lon|0|z|0|h|55|v|1647876611.6322093
TS1:/54321/drone001/attrs:lat|0|lon|0|z|0|h|56|v|1647876611.637792
TS1:/54321/drone001/attrs:lat|0|lon|0|z|0|h|57|v|1647876611.6433477
TS1:/54321/drone001/attrs:lat|0|lon|0|z|0|h|58|v|1647876611.6489453
TS1:/54321/drone001/attrs:lat|0|lon|0|z|0|h|59|v|1647876611.6545467
TS1:/54321/drone001/attrs:lat|0|lon|0|z|0|h|60|v|1647876611.6601298
TS1:/54321/drone001/attrs:lat|0|lon|0|z|0|h|61|v|1647876611.665664
TS1:/54321/drone001/attrs:lat|0|lon|0|z|0|h|62|v|1647876611.6712346
TS1:/54321/drone001/attrs:lat|0|lon|0|z|0|h|63|v|1647876611.6768003
TS1:/54321/drone001/attrs:lat|0|lon|0|z|0|h|64|v|1647876611.6823852
TS1:/54321/drone001/attrs:lat|0|lon|0|z|0|h|65|v|1647876611.6879647
TS1:/54321/drone001/attrs:lat|0|lon|0|z|0|h|66|v|1647876611.6935444
TS1:/54321/drone001/attrs:lat|0|lon|0|z|0|h|67|v|1647876611.699097
TS1:/54321/drone001/attrs:lat|0|lon|0|z|0|h|68|v|1647876611.7046392
TS1:/54321/drone001/attrs:lat|0|lon|0|z|0|h|69|v|1647876611.71019
TS1:/54321/drone001/attrs:lat|0|lon|0|z|0|h|70|v|1647876611.7157779
TS1:/54321/drone001/attrs:lat|0|lon|0|z|0|h|71|v|1647876611.7213047
TS1:/54321/drone001/attrs:lat|0|lon|0|z|0|h|72|v|1647876611.7268434
TS1:/54321/drone001/attrs:lat|0|lon|0|z|0|h|73|v|1647876611.7323904
TS1:/54321/drone001/attrs:lat|0|lon|0|z|0|h|74|v|1647876611.73793
TS1:/54321/drone001/attrs:lat|0|lon|0|z|0|h|75|v|1647876611.7434995
TS1:/54321/drone001/attrs:lat|0|lon|0|z|0|h|76|v|1647876611.749072
TS1:/54321/drone001/attrs:lat|0|lon|0|z|0|h|77|v|1647876611.7546246
TS1:/54321/drone001/attrs:lat|0|lon|0|z|0|h|78|v|1647876611.7601836
TS1:/54321/drone001/attrs:lat|0|lon|0|z|0|h|79|v|1647876611.765766
TS1:/54321/drone001/attrs:lat|0|lon|0|z|0|h|80|v|1647876611.7713196
TS1:/54321/drone001/attrs:lat|0|lon|0|z|0|h|81|v|1647876611.776873
TS1:/54321/drone001/attrs:lat|0|lon|0|z|0|h|82|v|1647876611.7831738
TS1:/54321/drone001/attrs:lat|0|lon|0|z|0|h|83|v|1647876611.7887616
TS1:/54321/drone001/attrs:lat|0|lon|0|z|0|h|84|v|1647876611.794355
TS1:/54321/drone001/attrs:lat|0|lon|0|z|0|h|85|v|1647876611.799916
TS1:/54321/drone001/attrs:lat|0|lon|0|z|0|h|86|v|1647876611.8054833
TS1:/54321/drone001/attrs:lat|0|lon|0|z|0|h|87|v|1647876611.8110218
TS1:/54321/drone001/attrs:lat|0|lon|0|z|0|h|88|v|1647876611.816566
TS1:/54321/drone001/attrs:lat|0|lon|0|z|0|h|89|v|1647876611.8220422
TS1:/54321/drone001/attrs:lat|0|lon|0|z|0|h|90|v|1647876611.8275628
TS1:/54321/drone001/attrs:lat|0|lon|0|z|0|h|91|v|1647876611.833171
TS1:/54321/drone001/attrs:lat|0|lon|0|z|0|h|92|v|1647876611.838702
TS1:/54321/drone001/attrs:lat|0|lon|0|z|0|h|93|v|1647876611.8442225
TS1:/54321/drone001/attrs:lat|0|lon|0|z|0|h|94|v|1647876611.849673
TS1:/54321/drone001/attrs:lat|0|lon|0|z|0|h|95|v|1647876611.8551872
TS1:/54321/drone001/attrs:lat|0|lon|0|z|0|h|96|v|1647876611.860736
TS1:/54321/drone001/attrs:lat|0|lon|0|z|0|h|97|v|1647876611.8662498
TS1:/54321/drone001/attrs:lat|0|lon|0|z|0|h|98|v|1647876611.8717818
TS1:/54321/drone001/attrs:lat|0|lon|0|z|0|h|99|v|1647876611.877301
TS1:/54321/drone001/attrs:lat|0|lon|0|z|0|h|100|v|1647876611.8828738
TS1:/54321/drone001/attrs:lat|0|lon|0|z|0|h|101|v|1647876611.8883812
TS1:/54321/drone001/attrs:lat|0|lon|0|z|0|h|102|v|1647876611.8939197
TS1:/54321/drone001/attrs:lat|0|lon|0|z|0|h|103|v|1647876611.8994496
TS1:/54321/drone001/attrs:lat|0|lon|0|z|0|h|104|v|1647876611.905039
TS1:/54321/drone001/attrs:lat|0|lon|0|z|0|h|105|v|1647876611.9105294
TS1:/54321/drone001/attrs:lat|0|lon|0|z|0|h|106|v|1647876611.916027
TS1:/54321/drone001/attrs:lat|0|lon|0|z|0|h|107|v|1647876611.921446
TS1:/54321/drone001/attrs:lat|0|lon|0|z|0|h|108|v|1647876611.9268932
TS1:/54321/drone001/attrs:lat|0|lon|0|z|0|h|109|v|1647876611.932339
TS1:/54321/drone001/attrs:lat|0|lon|0|z|0|h|110|v|1647876611.9377344
TS1:/54321/drone001/attrs:lat|0|lon|0|z|0|h|111|v|1647876611.9432049
TS1:/54321/drone001/attrs:lat|0|lon|0|z|0|h|112|v|1647876611.9487288
TS1:/54321/drone001/attrs:lat|0|lon|0|z|0|h|113|v|1647876611.9541905
TS1:/54321/drone001/attrs:lat|0|lon|0|z|0|h|114|v|1647876611.9597683
TS1:/54321/drone001/attrs:lat|0|lon|0|z|0|h|115|v|1647876611.9652913
TS1:/54321/drone001/attrs:lat|0|lon|0|z|0|h|116|v|1647876611.9707732
TS1:/54321/drone001/attrs:lat|0|lon|0|z|0|h|117|v|1647876611.9763308
TS1:/54321/drone001/attrs:lat|0|lon|0|z|0|h|118|v|1647876611.9819112
TS1:/54321/drone001/attrs:lat|0|lon|0|z|0|h|119|v|1647876611.987403
TS1:/54321/drone001/attrs:lat|0|lon|0|z|0|h|120|v|1647876611.9929826
TS1:/54321/drone001/attrs:lat|0|lon|0|z|0|h|121|v|1647876611.998572
TS1:/54321/drone001/attrs:lat|0|lon|0|z|0|h|122|v|1647876612.0042636
TS1:/54321/drone001/attrs:lat|0|lon|0|z|0|h|123|v|1647876612.009838
TS1:/54321/drone001/attrs:lat|0|lon|0|z|0|h|124|v|1647876612.0153587
TS1:/54321/drone001/attrs:lat|0|lon|0|z|0|h|125|v|1647876612.020923
TS1:/54321/drone001/attrs:lat|0|lon|0|z|0|h|126|v|1647876612.026499
TS1:/54321/drone001/attrs:lat|0|lon|0|z|0|h|127|v|1647876612.031992
TS1:/54321/drone001/attrs:lat|0|lon|0|z|0|h|128|v|1647876612.037569
TS1:/54321/drone001/attrs:lat|0|lon|0|z|0|h|129|v|1647876612.0435617
TS1:/54321/drone001/attrs:lat|0|lon|0|z|0|h|130|v|1647876612.0490763
TS1:/54321/drone001/attrs:lat|0|lon|0|z|0|h|131|v|1647876612.054695
TS1:/54321/drone001/attrs:lat|0|lon|0|z|0|h|132|v|1647876612.0602055
TS1:/54321/drone001/attrs:lat|0|lon|0|z|0|h|133|v|1647876612.0657558
TS1:/54321/drone001/attrs:lat|0|lon|0|z|0|h|134|v|1647876612.071261
TS1:/54321/drone001/attrs:lat|0|lon|0|z|0|h|135|v|1647876612.076835
TS1:/54321/drone001/attrs:lat|0|lon|0|z|0|h|136|v|1647876612.0824208
TS1:/54321/drone001/attrs:lat|0|lon|0|z|0|h|137|v|1647876612.0880053
TS1:/54321/drone001/attrs:lat|0|lon|0|z|0|h|138|v|1647876612.0935636
TS1:/54321/drone001/attrs:lat|0|lon|0|z|0|h|139|v|1647876612.0991158
TS1:/54321/drone001/attrs:lat|0|lon|0|z|0|h|140|v|1647876612.1046655
TS1:/54321/drone001/attrs:lat|0|lon|0|z|0|h|141|v|1647876612.110222
TS1:/54321/drone001/attrs:lat|0|lon|0|z|0|h|142|v|1647876612.115801
TS1:/54321/drone001/attrs:lat|0|lon|0|z|0|h|143|v|1647876612.1213622
TS1:/54321/drone001/attrs:lat|0|lon|0|z|0|h|144|v|1647876612.1269517
TS1:/54321/drone001/attrs:lat|0|lon|0|z|0|h|145|v|1647876612.1325445
TS1:/54321/drone001/attrs:lat|0|lon|0|z|0|h|146|v|1647876612.1380658
TS1:/54321/drone001/attrs:lat|0|lon|0|z|0|h|147|v|1647876612.1436176
TS1:/54321/drone001/attrs:lat|0|lon|0|z|0|h|148|v|1647876612.14916
TS1:/54321/drone001/attrs:lat|0|lon|0|z|0|h|149|v|1647876612.1546938
TS1:/54321/drone001/attrs:lat|0|lon|0|z|0|h|150|v|1647876612.1602159
TS1:/54321/drone001/attrs:lat|0|lon|0|z|0|h|151|v|1647876612.1657367
TS1:/54321/drone001/attrs:lat|0|lon|0|z|0|h|152|v|1647876612.171275
TS1:/54321/drone001/attrs:lat|0|lon|0|z|0|h|153|v|1647876612.1768453
TS1:/54321/drone001/attrs:lat|0|lon|0|z|0|h|154|v|1647876612.1823933
TS1:/54321/drone001/attrs:lat|0|lon|0|z|0|h|155|v|1647876612.1879816
TS1:/54321/drone001/attrs:lat|0|lon|0|z|0|h|156|v|1647876612.1935594
TS1:/54321/drone001/attrs:lat|0|lon|0|z|0|h|157|v|1647876612.1991143
TS1:/54321/drone001/attrs:lat|0|lon|0|z|0|h|158|v|1647876612.2046685
TS1:/54321/drone001/attrs:lat|0|lon|0|z|0|h|159|v|1647876612.2102237
TS1:/54321/drone001/attrs:lat|0|lon|0|z|0|h|160|v|1647876612.2158008
TS1:/54321/drone001/attrs:lat|0|lon|0|z|0|h|161|v|1647876612.2213547
TS1:/54321/drone001/attrs:lat|0|lon|0|z|0|h|162|v|1647876612.2269282
TS1:/54321/drone001/attrs:lat|0|lon|0|z|0|h|163|v|1647876612.232439
TS1:/54321/drone001/attrs:lat|0|lon|0|z|0|h|164|v|1647876612.2379942
TS1:/54321/drone001/attrs:lat|0|lon|0|z|0|h|165|v|1647876612.2435076
TS1:/54321/drone001/attrs:lat|0|lon|0|z|0|h|166|v|1647876612.2490082
TS1:/54321/drone001/attrs:lat|0|lon|0|z|0|h|167|v|1647876612.254564
TS1:/54321/drone001/attrs:lat|0|lon|0|z|0|h|168|v|1647876612.2600775
TS1:/54321/drone001/attrs:lat|0|lon|0|z|0|h|169|v|1647876612.265633
TS1:/54321/drone001/attrs:lat|0|lon|0|z|0|h|170|v|1647876612.2711663
TS1:/54321/drone001/attrs:lat|0|lon|0|z|0|h|171|v|1647876612.276744
TS1:/54321/drone001/attrs:lat|0|lon|0|z|0|h|172|v|1647876612.2823415
TS1:/54321/drone001/attrs:lat|0|lon|0|z|0|h|173|v|1647876612.2879317
TS1:/54321/drone001/attrs:lat|0|lon|0|z|0|h|174|v|1647876612.2935412
TS1:/54321/drone001/attrs:lat|0|lon|0|z|0|h|175|v|1647876612.299045
TS1:/54321/drone001/attrs:lat|0|lon|0|z|0|h|176|v|1647876612.304556
TS1:/54321/drone001/attrs:lat|0|lon|0|z|0|h|177|v|1647876612.3100972
TS1:/54321/drone001/attrs:lat|0|lon|0|z|0|h|178|v|1647876612.3156383
TS1:/54321/drone001/attrs:lat|0|lon|0|z|0|h|179|v|1647876612.3211882
TS1:/54321/drone001/attrs:lat|0|lon|0|z|0|h|180|v|1647876612.3267338
TS1:/54321/drone001/attrs:lat|0|lon|0|z|0|h|181|v|1647876612.33221
TS1:/54321/drone001/attrs:lat|0|lon|0|z|0|h|182|v|1647876612.3377666
TS1:/54321/drone001/attrs:lat|0|lon|0|z|0|h|183|v|1647876612.3433216
TS1:/54321/drone001/attrs:lat|0|lon|0|z|0|h|184|v|1647876612.3489037
TS1:/54321/drone001/attrs:lat|0|lon|0|z|0|h|185|v|1647876612.3545086
TS1:/54321/drone001/attrs:lat|0|lon|0|z|0|h|186|v|1647876612.360065
TS1:/54321/drone001/attrs:lat|0|lon|0|z|0|h|187|v|1647876612.3656306
TS1:/54321/drone001/attrs:lat|0|lon|0|z|0|h|188|v|1647876612.3711812
TS1:/54321/drone001/attrs:lat|0|lon|0|z|0|h|189|v|1647876612.3767025
TS1:/54321/drone001/attrs:lat|0|lon|0|z|0|h|190|v|1647876612.3822055
TS1:/54321/drone001/attrs:lat|0|lon|0|z|0|h|191|v|1647876612.3877594
TS1:/54321/drone001/attrs:lat|0|lon|0|z|0|h|192|v|1647876612.3932843
TS1:/54321/drone001/attrs:lat|0|lon|0|z|0|h|193|v|1647876612.3988204
TS1:/54321/drone001/attrs:lat|0|lon|0|z|0|h|194|v|1647876612.4043627
TS1:/54321/drone001/attrs:lat|0|lon|0|z|0|h|195|v|1647876612.4099588
TS1:/54321/drone001/attrs:lat|0|lon|0|z|0|h|196|v|1647876612.4154966
TS1:/54321/drone001/attrs:lat|0|lon|0|z|0|h|197|v|1647876612.4210377
TS1:/54321/drone001/attrs:lat|0|lon|0|z|0|h|198|v|1647876612.426603
TS1:/54321/drone001/attrs:lat|0|lon|0|z|0|h|199|v|1647876612.4321592
TS1:/54321/drone001/attrs:lat|0|lon|0|z|0|h|200|v|1647876612.437739
TS1:/54321/drone001/attrs:lat|0|lon|0|z|0|h|201|v|1647876612.443295
TS1:/54321/drone001/attrs:lat|0|lon|0|z|0|h|202|v|1647876612.448871
TS1:/54321/drone001/attrs:lat|0|lon|0|z|0|h|203|v|1647876612.4544787
TS1:/54321/drone001/attrs:lat|0|lon|0|z|0|h|204|v|1647876612.460023
TS1:/54321/drone001/attrs:lat|0|lon|0|z|0|h|205|v|1647876612.465533
TS1:/54321/drone001/attrs:lat|0|lon|0|z|0|h|206|v|1647876612.4710236
TS1:/54321/drone001/attrs:lat|0|lon|0|z|0|h|207|v|1647876612.4765768
TS1:/54321/drone001/attrs:lat|0|lon|0|z|0|h|208|v|1647876612.4820983
TS1:/54321/drone001/attrs:lat|0|lon|0|z|0|h|209|v|1647876612.4876275
TS1:/54321/drone001/attrs:lat|0|lon|0|z|0|h|210|v|1647876612.4931214
TS1:/54321/drone001/attrs:lat|0|lon|0|z|0|h|211|v|1647876612.4987326
TS1:/54321/drone001/attrs:lat|0|lon|0|z|0|h|212|v|1647876612.5042534
TS1:/54321/drone001/attrs:lat|0|lon|0|z|0|h|213|v|1647876612.509829
TS1:/54321/drone001/attrs:lat|0|lon|0|z|0|h|214|v|1647876612.5153525
TS1:/54321/drone001/attrs:lat|0|lon|0|z|0|h|215|v|1647876612.5208926
TS1:/54321/drone001/attrs:lat|0|lon|0|z|0|h|216|v|1647876612.5265093
TS1:/54321/drone001/attrs:lat|0|lon|0|z|0|h|217|v|1647876612.5320716
TS1:/54321/drone001/attrs:lat|0|lon|0|z|0|h|218|v|1647876612.5375938
TS1:/54321/drone001/attrs:lat|0|lon|0|z|0|h|219|v|1647876612.543155
TS1:/54321/drone001/attrs:lat|0|lon|0|z|0|h|220|v|1647876612.5487273
TS1:/54321/drone001/attrs:lat|0|lon|0|z|0|h|221|v|1647876612.554281
TS1:/54321/drone001/attrs:lat|0|lon|0|z|0|h|222|v|1647876612.5598671
TS1:/54321/drone001/attrs:lat|0|lon|0|z|0|h|223|v|1647876612.5653946
TS1:/54321/drone001/attrs:lat|0|lon|0|z|0|h|224|v|1647876612.5709352
TS1:/54321/drone001/attrs:lat|0|lon|0|z|0|h|225|v|1647876612.5765102
TS1:/54321/drone001/attrs:lat|0|lon|0|z|0|h|226|v|1647876612.582057
TS1:/54321/drone001/attrs:lat|0|lon|0|z|0|h|227|v|1647876612.5876215
TS1:/54321/drone001/attrs:lat|0|lon|0|z|0|h|228|v|1647876612.5931432
TS1:/54321/drone001/attrs:lat|0|lon|0|z|0|h|229|v|1647876612.5986874
TS1:/54321/drone001/attrs:lat|0|lon|0|z|0|h|230|v|1647876612.6103642
TS1:/54321/drone001/attrs:lat|0|lon|0|z|0|h|231|v|1647876612.6158874
TS1:/54321/drone001/attrs:lat|0|lon|0|z|0|h|232|v|1647876612.6213524
TS1:/54321/drone001/attrs:lat|0|lon|0|z|0|h|233|v|1647876612.6268604
TS1:/54321/drone001/attrs:lat|0|lon|0|z|0|h|234|v|1647876612.6324048
TS1:/54321/drone001/attrs:lat|0|lon|0|z|0|h|235|v|1647876612.6379628
TS1:/54321/drone001/attrs:lat|0|lon|0|z|0|h|236|v|1647876612.6435022
TS1:/54321/drone001/attrs:lat|0|lon|0|z|0|h|237|v|1647876612.648996
TS1:/54321/drone001/attrs:lat|0|lon|0|z|0|h|238|v|1647876612.6545572
TS1:/54321/drone001/attrs:lat|0|lon|0|z|0|h|239|v|1647876612.6600232
TS1:/54321/drone001/attrs:lat|0|lon|0|z|0|h|240|v|1647876612.665568
TS1:/54321/drone001/attrs:lat|0|lon|0|z|0|h|241|v|1647876612.6711736
TS1:/54321/drone001/attrs:lat|0|lon|0|z|0|h|242|v|1647876612.6766942
TS1:/54321/drone001/attrs:lat|0|lon|0|z|0|h|243|v|1647876612.6821632
TS1:/54321/drone001/attrs:lat|0|lon|0|z|0|h|244|v|1647876612.6876583
TS1:/54321/drone001/attrs:lat|0|lon|0|z|0|h|245|v|1647876612.6931627
TS1:/54321/drone001/attrs:lat|0|lon|0|z|0|h|246|v|1647876612.698729
TS1:/54321/drone001/attrs:lat|0|lon|0|z|0|h|247|v|1647876612.7042787
TS1:/54321/drone001/attrs:lat|0|lon|0|z|0|h|248|v|1647876612.7098517
TS1:/54321/drone001/attrs:lat|0|lon|0|z|0|h|249|v|1647876612.7154062
TS1:/54321/drone001/attrs:lat|0|lon|0|z|0|h|250|v|1647876612.7209947
TS1:/54321/drone001/attrs:lat|0|lon|0|z|0|h|251|v|1647876612.726565
TS1:/54321/drone001/attrs:lat|0|lon|0|z|0|h|252|v|1647876612.7321167
TS1:/54321/drone001/attrs:lat|0|lon|0|z|0|h|253|v|1647876612.7376976
TS1:/54321/drone001/attrs:lat|0|lon|0|z|0|h|254|v|1647876612.7432168
TS1:/54321/drone001/attrs:lat|0|lon|0|z|0|h|255|v|1647876612.7487986
TS1:/54321/drone001/attrs:lat|0|lon|0|z|0|h|256|v|1647876612.7543688
TS1:/54321/drone001/attrs:lat|0|lon|0|z|0|h|257|v|1647876612.7599468
TS1:/54321/drone001/attrs:lat|0|lon|0|z|0|h|258|v|1647876612.7655084
TS1:/54321/drone001/attrs:lat|0|lon|0|z|0|h|259|v|1647876612.7710583
TS1:/54321/drone001/attrs:lat|0|lon|0|z|0|h|260|v|1647876612.7766325
TS1:/54321/drone001/attrs:lat|0|lon|0|z|0|h|261|v|1647876612.7821548
TS1:/54321/drone001/attrs:lat|0|lon|0|z|0|h|262|v|1647876612.7877324
TS1:/54321/drone001/attrs:lat|0|lon|0|z|0|h|263|v|1647876612.7932892
TS1:/54321/drone001/attrs:lat|0|lon|0|z|0|h|264|v|1647876612.7988417
TS1:/54321/drone001/attrs:lat|0|lon|0|z|0|h|265|v|1647876612.804388
TS1:/54321/drone001/attrs:lat|0|lon|0|z|0|h|266|v|1647876612.8099287
TS1:/54321/drone001/attrs:lat|0|lon|0|z|0|h|267|v|1647876612.8155184
TS1:/54321/drone001/attrs:lat|0|lon|0|z|0|h|268|v|1647876612.8210757
TS1:/54321/drone001/attrs:lat|0|lon|0|z|0|h|269|v|1647876612.8266594
TS1:/54321/drone001/attrs:lat|0|lon|0|z|0|h|270|v|1647876612.8322144
TS1:/54321/drone001/attrs:lat|0|lon|0|z|0|h|271|v|1647876612.8377979
TS1:/54321/drone001/attrs:lat|0|lon|0|z|0|h|272|v|1647876612.8433182
TS1:/54321/drone001/attrs:lat|0|lon|0|z|0|h|273|v|1647876612.8488758
TS1:/54321/drone001/attrs:lat|0|lon|0|z|0|h|274|v|1647876612.854445
TS1:/54321/drone001/attrs:lat|0|lon|0|z|0|h|275|v|1647876612.860015
TS1:/54321/drone001/attrs:lat|0|lon|0|z|0|h|276|v|1647876612.8655703
TS1:/54321/drone001/attrs:lat|0|lon|0|z|0|h|277|v|1647876612.8710902
TS1:/54321/drone001/attrs:lat|0|lon|0|z|0|h|278|v|1647876612.876649
TS1:/54321/drone001/attrs:lat|0|lon|0|z|0|h|279|v|1647876612.882198
TS1:/54321/drone001/attrs:lat|0|lon|0|z|0|h|280|v|1647876612.8877704
TS1:/54321/drone001/attrs:lat|0|lon|0|z|0|h|281|v|1647876612.8933256
TS1:/54321/drone001/attrs:lat|0|lon|0|z|0|h|282|v|1647876612.898894
TS1:/54321/drone001/attrs:lat|0|lon|0|z|0|h|283|v|1647876612.9043791
TS1:/54321/drone001/attrs:lat|0|lon|0|z|0|h|284|v|1647876612.9099739
TS1:/54321/drone001/attrs:lat|0|lon|0|z|0|h|285|v|1647876612.9155538
TS1:/54321/drone001/attrs:lat|0|lon|0|z|0|h|286|v|1647876612.9210744
TS1:/54321/drone001/attrs:lat|0|lon|0|z|0|h|287|v|1647876612.9266264
TS1:/54321/drone001/attrs:lat|0|lon|0|z|0|h|288|v|1647876612.9321156
TS1:/54321/drone001/attrs:lat|0|lon|0|z|0|h|289|v|1647876612.937658
TS1:/54321/drone001/attrs:lat|0|lon|0|z|0|h|290|v|1647876612.943214
TS1:/54321/drone001/attrs:lat|0|lon|0|z|0|h|291|v|1647876612.9486856
TS1:/54321/drone001/attrs:lat|0|lon|0|z|0|h|292|v|1647876612.9541593
TS1:/54321/drone001/attrs:lat|0|lon|0|z|0|h|293|v|1647876612.9597309
TS1:/54321/drone001/attrs:lat|0|lon|0|z|0|h|294|v|1647876612.9652035
TS1:/54321/drone001/attrs:lat|0|lon|0|z|0|h|295|v|1647876612.9706945
TS1:/54321/drone001/attrs:lat|0|lon|0|z|0|h|296|v|1647876612.976219
TS1:/54321/drone001/attrs:lat|0|lon|0|z|0|h|297|v|1647876612.9817605
TS1:/54321/drone001/attrs:lat|0|lon|0|z|0|h|298|v|1647876612.9873013
TS1:/54321/drone001/attrs:lat|0|lon|0|z|0|h|299|v|1647876612.9928758
TS1:/54321/drone001/attrs:lat|0|lon|0|z|0|h|300|v|1647876612.9984875
TS1:/54321/drone001/attrs:lat|0|lon|0|z|0|h|301|v|1647876613.004042
TS1:/54321/drone001/attrs:lat|0|lon|0|z|0|h|302|v|1647876613.0095944
TS1:/54321/drone001/attrs:lat|0|lon|0|z|0|h|303|v|1647876613.015136
TS1:/54321/drone001/attrs:lat|0|lon|0|z|0|h|304|v|1647876613.0206568
TS1:/54321/drone001/attrs:lat|0|lon|0|z|0|h|305|v|1647876613.0262074
TS1:/54321/drone001/attrs:lat|0|lon|0|z|0|h|306|v|1647876613.0317752
TS1:/54321/drone001/attrs:lat|0|lon|0|z|0|h|307|v|1647876613.0372727
TS1:/54321/drone001/attrs:lat|0|lon|0|z|0|h|308|v|1647876613.0428033
TS1:/54321/drone001/attrs:lat|0|lon|0|z|0|h|309|v|1647876613.0483615
TS1:/54321/drone001/attrs:lat|0|lon|0|z|0|h|310|v|1647876613.053858
TS1:/54321/drone001/attrs:lat|0|lon|0|z|0|h|311|v|1647876613.0593545
TS1:/54321/drone001/attrs:lat|0|lon|0|z|0|h|312|v|1647876613.0648315
TS1:/54321/drone001/attrs:lat|0|lon|0|z|0|h|313|v|1647876613.0702865
TS1:/54321/drone001/attrs:lat|0|lon|0|z|0|h|314|v|1647876613.0758288
TS1:/54321/drone001/attrs:lat|0|lon|0|z|0|h|315|v|1647876613.0812569
TS1:/54321/drone001/attrs:lat|0|lon|0|z|0|h|316|v|1647876613.0867612
TS1:/54321/drone001/attrs:lat|0|lon|0|z|0|h|317|v|1647876613.0922651
TS1:/54321/drone001/attrs:lat|0|lon|0|z|0|h|318|v|1647876613.0977771
TS1:/54321/drone001/attrs:lat|0|lon|0|z|0|h|319|v|1647876613.1032403
TS1:/54321/drone001/attrs:lat|0|lon|0|z|0|h|320|v|1647876613.1087198
TS1:/54321/drone001/attrs:lat|0|lon|0|z|0|h|321|v|1647876613.1141732
TS1:/54321/drone001/attrs:lat|0|lon|0|z|0|h|322|v|1647876613.1196117
TS1:/54321/drone001/attrs:lat|0|lon|0|z|0|h|323|v|1647876613.125066
TS1:/54321/drone001/attrs:lat|0|lon|0|z|0|h|324|v|1647876613.1305368
TS1:/54321/drone001/attrs:lat|0|lon|0|z|0|h|325|v|1647876613.1359878
TS1:/54321/drone001/attrs:lat|0|lon|0|z|0|h|326|v|1647876613.1414745
TS1:/54321/drone001/attrs:lat|0|lon|0|z|0|h|327|v|1647876613.146919
TS1:/54321/drone001/attrs:lat|0|lon|0|z|0|h|328|v|1647876613.152347
TS1:/54321/drone001/attrs:lat|0|lon|0|z|0|h|329|v|1647876613.1577914
TS1:/54321/drone001/attrs:lat|0|lon|0|z|0|h|330|v|1647876613.163201
TS1:/54321/drone001/attrs:lat|0|lon|0|z|0|h|331|v|1647876613.1686053
TS1:/54321/drone001/attrs:lat|0|lon|0|z|0|h|332|v|1647876613.174005
TS1:/54321/drone001/attrs:lat|0|lon|0|z|0|h|333|v|1647876613.1794026
TS1:/54321/drone001/attrs:lat|0|lon|0|z|0|h|334|v|1647876613.1848001
TS1:/54321/drone001/attrs:lat|0|lon|0|z|0|h|335|v|1647876613.190182
TS1:/54321/drone001/attrs:lat|0|lon|0|z|0|h|336|v|1647876613.1955547
TS1:/54321/drone001/attrs:lat|0|lon|0|z|0|h|337|v|1647876613.2009065
TS1:/54321/drone001/attrs:lat|0|lon|0|z|0|h|338|v|1647876613.206298
TS1:/54321/drone001/attrs:lat|0|lon|0|z|0|h|339|v|1647876613.2116785
TS1:/54321/drone001/attrs:lat|0|lon|0|z|0|h|340|v|1647876613.2170281
TS1:/54321/drone001/attrs:lat|0|lon|0|z|0|h|341|v|1647876613.2224026
TS1:/54321/drone001/attrs:lat|0|lon|0|z|0|h|342|v|1647876613.2277007
TS1:/54321/drone001/attrs:lat|0|lon|0|z|0|h|343|v|1647876613.2330723
TS1:/54321/drone001/attrs:lat|0|lon|0|z|0|h|344|v|1647876613.2384748
TS1:/54321/drone001/attrs:lat|0|lon|0|z|0|h|345|v|1647876613.2438242
TS1:/54321/drone001/attrs:lat|0|lon|0|z|0|h|346|v|1647876613.2491705
TS1:/54321/drone001/attrs:lat|0|lon|0|z|0|h|347|v|1647876613.2545354
TS1:/54321/drone001/attrs:lat|0|lon|0|z|0|h|348|v|1647876613.259881
TS1:/54321/drone001/attrs:lat|0|lon|0|z|0|h|349|v|1647876613.265237
TS1:/54321/drone001/attrs:lat|0|lon|0|z|0|h|350|v|1647876613.2705808
TS1:/54321/drone001/attrs:lat|0|lon|0|z|0|h|351|v|1647876613.2759287
TS1:/54321/drone001/attrs:lat|0|lon|0|z|0|h|352|v|1647876613.2812846
TS1:/54321/drone001/attrs:lat|0|lon|0|z|0|h|353|v|1647876613.2866352
TS1:/54321/drone001/attrs:lat|0|lon|0|z|0|h|354|v|1647876613.2919958
TS1:/54321/drone001/attrs:lat|0|lon|0|z|0|h|355|v|1647876613.2973406
TS1:/54321/drone001/attrs:lat|0|lon|0|z|0|h|356|v|1647876613.3027117
TS1:/54321/drone001/attrs:lat|0|lon|0|z|0|h|357|v|1647876613.3080568
TS1:/54321/drone001/attrs:lat|0|lon|0|z|0|h|358|v|1647876613.3133945
TS1:/54321/drone001/attrs:lat|0|lon|0|z|0|h|359|v|1647876613.3188148
TS1:/54321/drone001/attrs:lat|0|lon|0|z|0|h|360|v|1647876613.3245091
TS1:/54321/drone001/attrs:lat|0|lon|0|z|0|h|361|v|1647876613.3300288
TS1:/54321/drone001/attrs:lat|0|lon|0|z|0|h|362|v|1647876613.3355196
TS1:/54321/drone001/attrs:lat|0|lon|0|z|0|h|363|v|1647876613.3409705
TS1:/54321/drone001/attrs:lat|0|lon|0|z|0|h|364|v|1647876613.3465495
TS1:/54321/drone001/attrs:lat|0|lon|0|z|0|h|365|v|1647876613.35209
TS1:/54321/drone001/attrs:lat|0|lon|0|z|0|h|366|v|1647876613.357586
TS1:/54321/drone001/attrs:lat|0|lon|0|z|0|h|367|v|1647876613.3630831
TS1:/54321/drone001/attrs:lat|0|lon|0|z|0|h|368|v|1647876613.368662
TS1:/54321/drone001/attrs:lat|0|lon|0|z|0|h|369|v|1647876613.3742204
TS1:/54321/drone001/attrs:lat|0|lon|0|z|0|h|370|v|1647876613.3796592
TS1:/54321/drone001/attrs:lat|0|lon|0|z|0|h|371|v|1647876613.3852713
TS1:/54321/drone001/attrs:lat|0|lon|0|z|0|h|372|v|1647876613.3908684
TS1:/54321/drone001/attrs:lat|0|lon|0|z|0|h|373|v|1647876613.3964407
TS1:/54321/drone001/attrs:lat|0|lon|0|z|0|h|374|v|1647876613.4020817
TS1:/54321/drone001/attrs:lat|0|lon|0|z|0|h|375|v|1647876613.4076211
TS1:/54321/drone001/attrs:lat|0|lon|0|z|0|h|376|v|1647876613.4131787
TS1:/54321/drone001/attrs:lat|0|lon|0|z|0|h|377|v|1647876613.418758
TS1:/54321/drone001/attrs:lat|0|lon|0|z|0|h|378|v|1647876613.4242895
TS1:/54321/drone001/attrs:lat|0|lon|0|z|0|h|379|v|1647876613.4298973
TS1:/54321/drone001/attrs:lat|0|lon|0|z|0|h|380|v|1647876613.435496
TS1:/54321/drone001/attrs:lat|0|lon|0|z|0|h|381|v|1647876613.441074
TS1:/54321/drone001/attrs:lat|0|lon|0|z|0|h|382|v|1647876613.4467046
TS1:/54321/drone001/attrs:lat|0|lon|0|z|0|h|383|v|1647876613.4522705
TS1:/54321/drone001/attrs:lat|0|lon|0|z|0|h|384|v|1647876613.457849
TS1:/54321/drone001/attrs:lat|0|lon|0|z|0|h|385|v|1647876613.463283
TS1:/54321/drone001/attrs:lat|0|lon|0|z|0|h|386|v|1647876613.4687302
TS1:/54321/drone001/attrs:lat|0|lon|0|z|0|h|387|v|1647876613.4740925
TS1:/54321/drone001/attrs:lat|0|lon|0|z|0|h|388|v|1647876613.4794366
TS1:/54321/drone001/attrs:lat|0|lon|0|z|0|h|389|v|1647876613.4848738
TS1:/54321/drone001/attrs:lat|0|lon|0|z|0|h|390|v|1647876613.4905076
TS1:/54321/drone001/attrs:lat|0|lon|0|z|0|h|391|v|1647876613.4959388
TS1:/54321/drone001/attrs:lat|0|lon|0|z|0|h|392|v|1647876613.501365
TS1:/54321/drone001/attrs:lat|0|lon|0|z|0|h|393|v|1647876613.5068111
TS1:/54321/drone001/attrs:lat|0|lon|0|z|0|h|394|v|1647876613.5122254
TS1:/54321/drone001/attrs:lat|0|lon|0|z|0|h|395|v|1647876613.5176227
TS1:/54321/drone001/attrs:lat|0|lon|0|z|0|h|396|v|1647876613.522992
TS1:/54321/drone001/attrs:lat|0|lon|0|z|0|h|397|v|1647876613.5283682
TS1:/54321/drone001/attrs:lat|0|lon|0|z|0|h|398|v|1647876613.533789
TS1:/54321/drone001/attrs:lat|0|lon|0|z|0|h|399|v|1647876613.539208
TS1:/54321/drone001/attrs:lat|0|lon|0|z|0|h|400|v|1647876613.5445974
TS1:/54321/drone001/attrs:lat|0|lon|0|z|0|h|401|v|1647876613.5499692
TS1:/54321/drone001/attrs:lat|0|lon|0|z|0|h|402|v|1647876613.555327
TS1:/54321/drone001/attrs:lat|0|lon|0|z|0|h|403|v|1647876613.5606942
TS1:/54321/drone001/attrs:lat|0|lon|0|z|0|h|404|v|1647876613.5660372
TS1:/54321/drone001/attrs:lat|0|lon|0|z|0|h|405|v|1647876613.5713785
TS1:/54321/drone001/attrs:lat|0|lon|0|z|0|h|406|v|1647876613.5766916
TS1:/54321/drone001/attrs:lat|0|lon|0|z|0|h|407|v|1647876613.5820196
TS1:/54321/drone001/attrs:lat|0|lon|0|z|0|h|408|v|1647876613.5873404
TS1:/54321/drone001/attrs:lat|0|lon|0|z|0|h|409|v|1647876613.592678
TS1:/54321/drone001/attrs:lat|0|lon|0|z|0|h|410|v|1647876613.5980144
TS1:/54321/drone001/attrs:lat|0|lon|0|z|0|h|411|v|1647876613.6033485
TS1:/54321/drone001/attrs:lat|0|lon|0|z|0|h|412|v|1647876613.6086838
TS1:/54321/drone001/attrs:lat|0|lon|0|z|0|h|413|v|1647876613.613998
TS1:/54321/drone001/attrs:lat|0|lon|0|z|0|h|414|v|1647876613.6193016
TS1:/54321/drone001/attrs:lat|0|lon|0|z|0|h|415|v|1647876613.6246324
TS1:/54321/drone001/attrs:lat|0|lon|0|z|0|h|416|v|1647876613.6299362
TS1:/54321/drone001/attrs:lat|0|lon|0|z|0|h|417|v|1647876613.6352422
TS1:/54321/drone001/attrs:lat|0|lon|0|z|0|h|418|v|1647876613.6405525
TS1:/54321/drone001/attrs:lat|0|lon|0|z|0|h|419|v|1647876613.6458526
TS1:/54321/drone001/attrs:lat|0|lon|0|z|0|h|420|v|1647876613.65115
TS1:/54321/drone001/attrs:lat|0|lon|0|z|0|h|421|v|1647876613.6564438
TS1:/54321/drone001/attrs:lat|0|lon|0|z|0|h|422|v|1647876613.6617582
TS1:/54321/drone001/attrs:lat|0|lon|0|z|0|h|423|v|1647876613.6670058
TS1:/54321/drone001/attrs:lat|0|lon|0|z|0|h|424|v|1647876613.6723056
TS1:/54321/drone001/attrs:lat|0|lon|0|z|0|h|425|v|1647876613.6776037
TS1:/54321/drone001/attrs:lat|0|lon|0|z|0|h|426|v|1647876613.6828942
TS1:/54321/drone001/attrs:lat|0|lon|0|z|0|h|427|v|1647876613.6881855
TS1:/54321/drone001/attrs:lat|0|lon|0|z|0|h|428|v|1647876613.6934888
TS1:/54321/drone001/attrs:lat|0|lon|0|z|0|h|429|v|1647876613.6987774
TS1:/54321/drone001/attrs:lat|0|lon|0|z|0|h|430|v|1647876613.7040706
TS1:/54321/drone001/attrs:lat|0|lon|0|z|0|h|431|v|1647876613.7093673
TS1:/54321/drone001/attrs:lat|0|lon|0|z|0|h|432|v|1647876613.7146683
TS1:/54321/drone001/attrs:lat|0|lon|0|z|0|h|433|v|1647876613.7199647
TS1:/54321/drone001/attrs:lat|0|lon|0|z|0|h|434|v|1647876613.725257
TS1:/54321/drone001/attrs:lat|0|lon|0|z|0|h|435|v|1647876613.7305515
TS1:/54321/drone001/attrs:lat|0|lon|0|z|0|h|436|v|1647876613.7360816
TS1:/54321/drone001/attrs:lat|0|lon|0|z|0|h|437|v|1647876613.741388
TS1:/54321/drone001/attrs:lat|0|lon|0|z|0|h|438|v|1647876613.7466784
TS1:/54321/drone001/attrs:lat|0|lon|0|z|0|h|439|v|1647876613.7519755
TS1:/54321/drone001/attrs:lat|0|lon|0|z|0|h|440|v|1647876613.7572215
TS1:/54321/drone001/attrs:lat|0|lon|0|z|0|h|441|v|1647876613.7625144
TS1:/54321/drone001/attrs:lat|0|lon|0|z|0|h|442|v|1647876613.7678132
TS1:/54321/drone001/attrs:lat|0|lon|0|z|0|h|443|v|1647876613.7731016
TS1:/54321/drone001/attrs:lat|0|lon|0|z|0|h|444|v|1647876613.778395
TS1:/54321/drone001/attrs:lat|0|lon|0|z|0|h|445|v|1647876613.7837
TS1:/54321/drone001/attrs:lat|0|lon|0|z|0|h|446|v|1647876613.7889864
TS1:/54321/drone001/attrs:lat|0|lon|0|z|0|h|447|v|1647876613.7942817
TS1:/54321/drone001/attrs:lat|0|lon|0|z|0|h|448|v|1647876613.7995627
TS1:/54321/drone001/attrs:lat|0|lon|0|z|0|h|449|v|1647876613.804841
TS1:/54321/drone001/attrs:lat|0|lon|0|z|0|h|450|v|1647876613.8101268
TS1:/54321/drone001/attrs:lat|0|lon|0|z|0|h|451|v|1647876613.8154395
TS1:/54321/drone001/attrs:lat|0|lon|0|z|0|h|452|v|1647876613.820737
TS1:/54321/drone001/attrs:lat|0|lon|0|z|0|h|453|v|1647876613.826021
TS1:/54321/drone001/attrs:lat|0|lon|0|z|0|h|454|v|1647876613.8313034
TS1:/54321/drone001/attrs:lat|0|lon|0|z|0|h|455|v|1647876613.8365932
TS1:/54321/drone001/attrs:lat|0|lon|0|z|0|h|456|v|1647876613.8418138
TS1:/54321/drone001/attrs:lat|0|lon|0|z|0|h|457|v|1647876613.8470678
TS1:/54321/drone001/attrs:lat|0|lon|0|z|0|h|458|v|1647876613.852364
TS1:/54321/drone001/attrs:lat|0|lon|0|z|0|h|459|v|1647876613.857684
TS1:/54321/drone001/attrs:lat|0|lon|0|z|0|h|460|v|1647876613.8629777
TS1:/54321/drone001/attrs:lat|0|lon|0|z|0|h|461|v|1647876613.868277
TS1:/54321/drone001/attrs:lat|0|lon|0|z|0|h|462|v|1647876613.8735826
TS1:/54321/drone001/attrs:lat|0|lon|0|z|0|h|463|v|1647876613.878878
TS1:/54321/drone001/attrs:lat|0|lon|0|z|0|h|464|v|1647876613.8841724
TS1:/54321/drone001/attrs:lat|0|lon|0|z|0|h|465|v|1647876613.8894753
TS1:/54321/drone001/attrs:lat|0|lon|0|z|0|h|466|v|1647876613.8947732
TS1:/54321/drone001/attrs:lat|0|lon|0|z|0|h|467|v|1647876613.9000618
TS1:/54321/drone001/attrs:lat|0|lon|0|z|0|h|468|v|1647876613.905349
TS1:/54321/drone001/attrs:lat|0|lon|0|z|0|h|469|v|1647876613.9106688
TS1:/54321/drone001/attrs:lat|0|lon|0|z|0|h|470|v|1647876613.9159746
TS1:/54321/drone001/attrs:lat|0|lon|0|z|0|h|471|v|1647876613.9212687
TS1:/54321/drone001/attrs:lat|0|lon|0|z|0|h|472|v|1647876613.9265354
TS1:/54321/drone001/attrs:lat|0|lon|0|z|0|h|473|v|1647876613.931829
TS1:/54321/drone001/attrs:lat|0|lon|0|z|0|h|474|v|1647876613.9370909
TS1:/54321/drone001/attrs:lat|0|lon|0|z|0|h|475|v|1647876613.942394
TS1:/54321/drone001/attrs:lat|0|lon|0|z|0|h|476|v|1647876613.9477081
TS1:/54321/drone001/attrs:lat|0|lon|0|z|0|h|477|v|1647876613.953006
TS1:/54321/drone001/attrs:lat|0|lon|0|z|0|h|478|v|1647876613.9583154
TS1:/54321/drone001/attrs:lat|0|lon|0|z|0|h|479|v|1647876613.9636762
TS1:/54321/drone001/attrs:lat|0|lon|0|z|0|h|480|v|1647876613.9689622
TS1:/54321/drone001/attrs:lat|0|lon|0|z|0|h|481|v|1647876613.9742706
TS1:/54321/drone001/attrs:lat|0|lon|0|z|0|h|482|v|1647876613.9795668
TS1:/54321/drone001/attrs:lat|0|lon|0|z|0|h|483|v|1647876613.984863
TS1:/54321/drone001/attrs:lat|0|lon|0|z|0|h|484|v|1647876613.9901612
TS1:/54321/drone001/attrs:lat|0|lon|0|z|0|h|485|v|1647876613.995469
TS1:/54321/drone001/attrs:lat|0|lon|0|z|0|h|486|v|1647876614.0007532
TS1:/54321/drone001/attrs:lat|0|lon|0|z|0|h|487|v|1647876614.0060377
TS1:/54321/drone001/attrs:lat|0|lon|0|z|0|h|488|v|1647876614.0113323
TS1:/54321/drone001/attrs:lat|0|lon|0|z|0|h|489|v|1647876614.0166361
TS1:/54321/drone001/attrs:lat|0|lon|0|z|0|h|490|v|1647876614.0219219
TS1:/54321/drone001/attrs:lat|0|lon|0|z|0|h|491|v|1647876614.0271595
TS1:/54321/drone001/attrs:lat|0|lon|0|z|0|h|492|v|1647876614.032442
TS1:/54321/drone001/attrs:lat|0|lon|0|z|0|h|493|v|1647876614.037738
TS1:/54321/drone001/attrs:lat|0|lon|0|z|0|h|494|v|1647876614.0430236
TS1:/54321/drone001/attrs:lat|0|lon|0|z|0|h|495|v|1647876614.0483048
TS1:/54321/drone001/attrs:lat|0|lon|0|z|0|h|496|v|1647876614.0535884
TS1:/54321/drone001/attrs:lat|0|lon|0|z|0|h|497|v|1647876614.0588758
TS1:/54321/drone001/attrs:lat|0|lon|0|z|0|h|498|v|1647876614.0641673
TS1:/54321/drone001/attrs:lat|0|lon|0|z|0|h|499|v|1647876614.0694492
TS1:/54321/drone001/attrs:lat|0|lon|0|z|0|h|500|v|1647876614.0747416
TS1:/54321/drone001/attrs:lat|0|lon|0|z|0|h|501|v|1647876614.0800254
TS1:/54321/drone001/attrs:lat|0|lon|0|z|0|h|502|v|1647876614.0853076
TS1:/54321/drone001/attrs:lat|0|lon|0|z|0|h|503|v|1647876614.0905955
TS1:/54321/drone001/attrs:lat|0|lon|0|z|0|h|504|v|1647876614.095882
TS1:/54321/drone001/attrs:lat|0|lon|0|z|0|h|505|v|1647876614.1011708
TS1:/54321/drone001/attrs:lat|0|lon|0|z|0|h|506|v|1647876614.1064725
TS1:/54321/drone001/attrs:lat|0|lon|0|z|0|h|507|v|1647876614.1117659
TS1:/54321/drone001/attrs:lat|0|lon|0|z|0|h|508|v|1647876614.117014
TS1:/54321/drone001/attrs:lat|0|lon|0|z|0|h|509|v|1647876614.1222847
TS1:/54321/drone001/attrs:lat|0|lon|0|z|0|h|510|v|1647876614.1275775
TS1:/54321/drone001/attrs:lat|0|lon|0|z|0|h|511|v|1647876614.1328714
TS1:/54321/drone001/attrs:lat|0|lon|0|z|0|h|512|v|1647876614.138168
TS1:/54321/drone001/attrs:lat|0|lon|0|z|0|h|513|v|1647876614.1434724
TS1:/54321/drone001/attrs:lat|0|lon|0|z|0|h|514|v|1647876614.1487598
TS1:/54321/drone001/attrs:lat|0|lon|0|z|0|h|515|v|1647876614.1540496
TS1:/54321/drone001/attrs:lat|0|lon|0|z|0|h|516|v|1647876614.1593456
TS1:/54321/drone001/attrs:lat|0|lon|0|z|0|h|517|v|1647876614.1646554
TS1:/54321/drone001/attrs:lat|0|lon|0|z|0|h|518|v|1647876614.169945
TS1:/54321/drone001/attrs:lat|0|lon|0|z|0|h|519|v|1647876614.1752331
TS1:/54321/drone001/attrs:lat|0|lon|0|z|0|h|520|v|1647876614.1805387
TS1:/54321/drone001/attrs:lat|0|lon|0|z|0|h|521|v|1647876614.1858273
TS1:/54321/drone001/attrs:lat|0|lon|0|z|0|h|522|v|1647876614.1911173
TS1:/54321/drone001/attrs:lat|0|lon|0|z|0|h|523|v|1647876614.196407
TS1:/54321/drone001/attrs:lat|0|lon|0|z|0|h|524|v|1647876614.2017329
TS1:/54321/drone001/attrs:lat|0|lon|0|z|0|h|525|v|1647876614.2069862
TS1:/54321/drone001/attrs:lat|0|lon|0|z|0|h|526|v|1647876614.212283
TS1:/54321/drone001/attrs:lat|0|lon|0|z|0|h|527|v|1647876614.2175903
TS1:/54321/drone001/attrs:lat|0|lon|0|z|0|h|528|v|1647876614.2229285
TS1:/54321/drone001/attrs:lat|0|lon|0|z|0|h|529|v|1647876614.2282152
TS1:/54321/drone001/attrs:lat|0|lon|0|z|0|h|530|v|1647876614.2335103
TS1:/54321/drone001/attrs:lat|0|lon|0|z|0|h|531|v|1647876614.2387984
TS1:/54321/drone001/attrs:lat|0|lon|0|z|0|h|532|v|1647876614.2440858
TS1:/54321/drone001/attrs:lat|0|lon|0|z|0|h|533|v|1647876614.2493868
TS1:/54321/drone001/attrs:lat|0|lon|0|z|0|h|534|v|1647876614.2547
TS1:/54321/drone001/attrs:lat|0|lon|0|z|0|h|535|v|1647876614.2599902
TS1:/54321/drone001/attrs:lat|0|lon|0|z|0|h|536|v|1647876614.2652798
TS1:/54321/drone001/attrs:lat|0|lon|0|z|0|h|537|v|1647876614.270571
TS1:/54321/drone001/attrs:lat|0|lon|0|z|0|h|538|v|1647876614.275858
TS1:/54321/drone001/attrs:lat|0|lon|0|z|0|h|539|v|1647876614.2811496
TS1:/54321/drone001/attrs:lat|0|lon|0|z|0|h|540|v|1647876614.2864408
TS1:/54321/drone001/attrs:lat|0|lon|0|z|0|h|541|v|1647876614.2917492
TS1:/54321/drone001/attrs:lat|0|lon|0|z|0|h|542|v|1647876614.2970264
TS1:/54321/drone001/attrs:lat|0|lon|0|z|0|h|543|v|1647876614.3023417
TS1:/54321/drone001/attrs:lat|0|lon|0|z|0|h|544|v|1647876614.307604
TS1:/54321/drone001/attrs:lat|0|lon|0|z|0|h|545|v|1647876614.3128936
TS1:/54321/drone001/attrs:lat|0|lon|0|z|0|h|546|v|1647876614.3181849
TS1:/54321/drone001/attrs:lat|0|lon|0|z|0|h|547|v|1647876614.3234751
TS1:/54321/drone001/attrs:lat|0|lon|0|z|0|h|548|v|1647876614.3287582
TS1:/54321/drone001/attrs:lat|0|lon|0|z|0|h|549|v|1647876614.334039
TS1:/54321/drone001/attrs:lat|0|lon|0|z|0|h|550|v|1647876614.3393188
TS1:/54321/drone001/attrs:lat|0|lon|0|z|0|h|551|v|1647876614.3445983
TS1:/54321/drone001/attrs:lat|0|lon|0|z|0|h|552|v|1647876614.349879
TS1:/54321/drone001/attrs:lat|0|lon|0|z|0|h|553|v|1647876614.3551621
TS1:/54321/drone001/attrs:lat|0|lon|0|z|0|h|554|v|1647876614.360443
TS1:/54321/drone001/attrs:lat|0|lon|0|z|0|h|555|v|1647876614.3657396
TS1:/54321/drone001/attrs:lat|0|lon|0|z|0|h|556|v|1647876614.3710272
TS1:/54321/drone001/attrs:lat|0|lon|0|z|0|h|557|v|1647876614.3763006
TS1:/54321/drone001/attrs:lat|0|lon|0|z|0|h|558|v|1647876614.3815384
TS1:/54321/drone001/attrs:lat|0|lon|0|z|0|h|559|v|1647876614.386797
TS1:/54321/drone001/attrs:lat|0|lon|0|z|0|h|560|v|1647876614.3920832
TS1:/54321/drone001/attrs:lat|0|lon|0|z|0|h|561|v|1647876614.3973813
TS1:/54321/drone001/attrs:lat|0|lon|0|z|0|h|562|v|1647876614.4026809
TS1:/54321/drone001/attrs:lat|0|lon|0|z|0|h|563|v|1647876614.4079993
TS1:/54321/drone001/attrs:lat|0|lon|0|z|0|h|564|v|1647876614.4132845
TS1:/54321/drone001/attrs:lat|0|lon|0|z|0|h|565|v|1647876614.4185739
TS1:/54321/drone001/attrs:lat|0|lon|0|z|0|h|566|v|1647876614.4238653
TS1:/54321/drone001/attrs:lat|0|lon|0|z|0|h|567|v|1647876614.4291723
TS1:/54321/drone001/attrs:lat|0|lon|0|z|0|h|568|v|1647876614.4344752
TS1:/54321/drone001/attrs:lat|0|lon|0|z|0|h|569|v|1647876614.4397826
TS1:/54321/drone001/attrs:lat|0|lon|0|z|0|h|570|v|1647876614.4450977
TS1:/54321/drone001/attrs:lat|0|lon|0|z|0|h|571|v|1647876614.450382
TS1:/54321/drone001/attrs:lat|0|lon|0|z|0|h|572|v|1647876614.4556959
TS1:/54321/drone001/attrs:lat|0|lon|0|z|0|h|573|v|1647876614.4609926
TS1:/54321/drone001/attrs:lat|0|lon|0|z|0|h|574|v|1647876614.466315
TS1:/54321/drone001/attrs:lat|0|lon|0|z|0|h|575|v|1647876614.471619
TS1:/54321/drone001/attrs:lat|0|lon|0|z|0|h|576|v|1647876614.4769433
TS1:/54321/drone001/attrs:lat|0|lon|0|z|0|h|577|v|1647876614.4824116
TS1:/54321/drone001/attrs:lat|0|lon|0|z|0|h|578|v|1647876614.4877481
TS1:/54321/drone001/attrs:lat|0|lon|0|z|0|h|579|v|1647876614.4930263
TS1:/54321/drone001/attrs:lat|0|lon|0|z|0|h|580|v|1647876614.4983165
TS1:/54321/drone001/attrs:lat|0|lon|0|z|0|h|581|v|1647876614.5036032
TS1:/54321/drone001/attrs:lat|0|lon|0|z|0|h|582|v|1647876614.5088873
TS1:/54321/drone001/attrs:lat|0|lon|0|z|0|h|583|v|1647876614.5141764
TS1:/54321/drone001/attrs:lat|0|lon|0|z|0|h|584|v|1647876614.519483
TS1:/54321/drone001/attrs:lat|0|lon|0|z|0|h|585|v|1647876614.5247731
TS1:/54321/drone001/attrs:lat|0|lon|0|z|0|h|586|v|1647876614.5300653
TS1:/54321/drone001/attrs:lat|0|lon|0|z|0|h|587|v|1647876614.5353622
TS1:/54321/drone001/attrs:lat|0|lon|0|z|0|h|588|v|1647876614.5406535
TS1:/54321/drone001/attrs:lat|0|lon|0|z|0|h|589|v|1647876614.5459466
TS1:/54321/drone001/attrs:lat|0|lon|0|z|0|h|590|v|1647876614.5512452
TS1:/54321/drone001/attrs:lat|0|lon|0|z|0|h|591|v|1647876614.5565333
TS1:/54321/drone001/attrs:lat|0|lon|0|z|0|h|592|v|1647876614.5618265
TS1:/54321/drone001/attrs:lat|0|lon|0|z|0|h|593|v|1647876614.5670855
TS1:/54321/drone001/attrs:lat|0|lon|0|z|0|h|594|v|1647876614.5723758
TS1:/54321/drone001/attrs:lat|0|lon|0|z|0|h|595|v|1647876614.5776317
TS1:/54321/drone001/attrs:lat|0|lon|0|z|0|h|596|v|1647876614.5829275
TS1:/54321/drone001/attrs:lat|0|lon|0|z|0|h|597|v|1647876614.588214
TS1:/54321/drone001/attrs:lat|0|lon|0|z|0|h|598|v|1647876614.5935626
TS1:/54321/drone001/attrs:lat|0|lon|0|z|0|h|599|v|1647876614.5988033
TS1:/54321/drone001/attrs:lat|0|lon|0|z|0|h|600|v|1647876614.6040914
TS1:/54321/drone001/attrs:lat|0|lon|0|z|0|h|601|v|1647876614.6093786
TS1:/54321/drone001/attrs:lat|0|lon|0|z|0|h|602|v|1647876614.6146863
TS1:/54321/drone001/attrs:lat|0|lon|0|z|0|h|603|v|1647876614.6199741
TS1:/54321/drone001/attrs:lat|0|lon|0|z|0|h|604|v|1647876614.6252723
TS1:/54321/drone001/attrs:lat|0|lon|0|z|0|h|605|v|1647876614.630559
TS1:/54321/drone001/attrs:lat|0|lon|0|z|0|h|606|v|1647876614.6358383
TS1:/54321/drone001/attrs:lat|0|lon|0|z|0|h|607|v|1647876614.641122
TS1:/54321/drone001/attrs:lat|0|lon|0|z|0|h|608|v|1647876614.6464021
TS1:/54321/drone001/attrs:lat|0|lon|0|z|0|h|609|v|1647876614.6517081
TS1:/54321/drone001/attrs:lat|0|lon|0|z|0|h|610|v|1647876614.6569335
TS1:/54321/drone001/attrs:lat|0|lon|0|z|0|h|611|v|1647876614.662206
TS1:/54321/drone001/attrs:lat|0|lon|0|z|0|h|612|v|1647876614.667492
TS1:/54321/drone001/attrs:lat|0|lon|0|z|0|h|613|v|1647876614.6727674
TS1:/54321/drone001/attrs:lat|0|lon|0|z|0|h|614|v|1647876614.6780524
TS1:/54321/drone001/attrs:lat|0|lon|0|z|0|h|615|v|1647876614.6833584
TS1:/54321/drone001/attrs:lat|0|lon|0|z|0|h|616|v|1647876614.6886637
TS1:/54321/drone001/attrs:lat|0|lon|0|z|0|h|617|v|1647876614.6939673
TS1:/54321/drone001/attrs:lat|0|lon|0|z|0|h|618|v|1647876614.6992953
TS1:/54321/drone001/attrs:lat|0|lon|0|z|0|h|619|v|1647876614.7045834
TS1:/54321/drone001/attrs:lat|0|lon|0|z|0|h|620|v|1647876614.7098835
TS1:/54321/drone001/attrs:lat|0|lon|0|z|0|h|621|v|1647876614.7151794
TS1:/54321/drone001/attrs:lat|0|lon|0|z|0|h|622|v|1647876614.7204928
TS1:/54321/drone001/attrs:lat|0|lon|0|z|0|h|623|v|1647876614.7257786
TS1:/54321/drone001/attrs:lat|0|lon|0|z|0|h|624|v|1647876614.731071
TS1:/54321/drone001/attrs:lat|0|lon|0|z|0|h|625|v|1647876614.73636
TS1:/54321/drone001/attrs:lat|0|lon|0|z|0|h|626|v|1647876614.741662
TS1:/54321/drone001/attrs:lat|0|lon|0|z|0|h|627|v|1647876614.7469318
TS1:/54321/drone001/attrs:lat|0|lon|0|z|0|h|628|v|1647876614.7522306
TS1:/54321/drone001/attrs:lat|0|lon|0|z|0|h|629|v|1647876614.7575262
TS1:/54321/drone001/attrs:lat|0|lon|0|z|0|h|630|v|1647876614.7628176
TS1:/54321/drone001/attrs:lat|0|lon|0|z|0|h|631|v|1647876614.7681117
TS1:/54321/drone001/attrs:lat|0|lon|0|z|0|h|632|v|1647876614.7733526
TS1:/54321/drone001/attrs:lat|0|lon|0|z|0|h|633|v|1647876614.7786663
TS1:/54321/drone001/attrs:lat|0|lon|0|z|0|h|634|v|1647876614.7839582
TS1:/54321/drone001/attrs:lat|0|lon|0|z|0|h|635|v|1647876614.7892683
TS1:/54321/drone001/attrs:lat|0|lon|0|z|0|h|636|v|1647876614.7945755
TS1:/54321/drone001/attrs:lat|0|lon|0|z|0|h|637|v|1647876614.7998698
TS1:/54321/drone001/attrs:lat|0|lon|0|z|0|h|638|v|1647876614.8051674
TS1:/54321/drone001/attrs:lat|0|lon|0|z|0|h|639|v|1647876614.8104556
TS1:/54321/drone001/attrs:lat|0|lon|0|z|0|h|640|v|1647876614.815745
TS1:/54321/drone001/attrs:lat|0|lon|0|z|0|h|641|v|1647876614.8211243
TS1:/54321/drone001/attrs:lat|0|lon|0|z|0|h|642|v|1647876614.8266077
TS1:/54321/drone001/attrs:lat|0|lon|0|z|0|h|643|v|1647876614.8320909
TS1:/54321/drone001/attrs:lat|0|lon|0|z|0|h|644|v|1647876614.8373375
TS1:/54321/drone001/attrs:lat|0|lon|0|z|0|h|645|v|1647876614.842727
TS1:/54321/drone001/attrs:lat|0|lon|0|z|0|h|646|v|1647876614.8481855
TS1:/54321/drone001/attrs:lat|0|lon|0|z|0|h|647|v|1647876614.8536692
TS1:/54321/drone001/attrs:lat|0|lon|0|z|0|h|648|v|1647876614.8591743
TS1:/54321/drone001/attrs:lat|0|lon|0|z|0|h|649|v|1647876614.864755
TS1:/54321/drone001/attrs:lat|0|lon|0|z|0|h|650|v|1647876614.8703494
TS1:/54321/drone001/attrs:lat|0|lon|0|z|0|h|651|v|1647876614.8759258
TS1:/54321/drone001/attrs:lat|0|lon|0|z|0|h|652|v|1647876614.8814225
TS1:/54321/drone001/attrs:lat|0|lon|0|z|0|h|653|v|1647876614.8870199
TS1:/54321/drone001/attrs:lat|0|lon|0|z|0|h|654|v|1647876614.8925538
TS1:/54321/drone001/attrs:lat|0|lon|0|z|0|h|655|v|1647876614.8979568
TS1:/54321/drone001/attrs:lat|0|lon|0|z|0|h|656|v|1647876614.9033651
TS1:/54321/drone001/attrs:lat|0|lon|0|z|0|h|657|v|1647876614.9088337
TS1:/54321/drone001/attrs:lat|0|lon|0|z|0|h|658|v|1647876614.9142437
TS1:/54321/drone001/attrs:lat|0|lon|0|z|0|h|659|v|1647876614.9197764
TS1:/54321/drone001/attrs:lat|0|lon|0|z|0|h|660|v|1647876614.9252038
TS1:/54321/drone001/attrs:lat|0|lon|0|z|0|h|661|v|1647876614.9306226
TS1:/54321/drone001/attrs:lat|0|lon|0|z|0|h|662|v|1647876614.9360263
TS1:/54321/drone001/attrs:lat|0|lon|0|z|0|h|663|v|1647876614.9414227
TS1:/54321/drone001/attrs:lat|0|lon|0|z|0|h|664|v|1647876614.946829
TS1:/54321/drone001/attrs:lat|0|lon|0|z|0|h|665|v|1647876614.9522665
TS1:/54321/drone001/attrs:lat|0|lon|0|z|0|h|666|v|1647876614.9577997
TS1:/54321/drone001/attrs:lat|0|lon|0|z|0|h|667|v|1647876614.9632452
TS1:/54321/drone001/attrs:lat|0|lon|0|z|0|h|668|v|1647876614.9687867
TS1:/54321/drone001/attrs:lat|0|lon|0|z|0|h|669|v|1647876614.9743733
TS1:/54321/drone001/attrs:lat|0|lon|0|z|0|h|670|v|1647876614.97996
TS1:/54321/drone001/attrs:lat|0|lon|0|z|0|h|671|v|1647876614.9855013
TS1:/54321/drone001/attrs:lat|0|lon|0|z|0|h|672|v|1647876614.9910653
TS1:/54321/drone001/attrs:lat|0|lon|0|z|0|h|673|v|1647876614.9966257
TS1:/54321/drone001/attrs:lat|0|lon|0|z|0|h|674|v|1647876615.002151
TS1:/54321/drone001/attrs:lat|0|lon|0|z|0|h|675|v|1647876615.0076764
TS1:/54321/drone001/attrs:lat|0|lon|0|z|0|h|676|v|1647876615.013076
TS1:/54321/drone001/attrs:lat|0|lon|0|z|0|h|677|v|1647876615.0186539
TS1:/54321/drone001/attrs:lat|0|lon|0|z|0|h|678|v|1647876615.0240748
TS1:/54321/drone001/attrs:lat|0|lon|0|z|0|h|679|v|1647876615.0295508
TS1:/54321/drone001/attrs:lat|0|lon|0|z|0|h|680|v|1647876615.0350428
TS1:/54321/drone001/attrs:lat|0|lon|0|z|0|h|681|v|1647876615.0405145
TS1:/54321/drone001/attrs:lat|0|lon|0|z|0|h|682|v|1647876615.0460107
TS1:/54321/drone001/attrs:lat|0|lon|0|z|0|h|683|v|1647876615.0515623
TS1:/54321/drone001/attrs:lat|0|lon|0|z|0|h|684|v|1647876615.0571766
TS1:/54321/drone001/attrs:lat|0|lon|0|z|0|h|685|v|1647876615.062711
TS1:/54321/drone001/attrs:lat|0|lon|0|z|0|h|686|v|1647876615.068238
TS1:/54321/drone001/attrs:lat|0|lon|0|z|0|h|687|v|1647876615.073827
TS1:/54321/drone001/attrs:lat|0|lon|0|z|0|h|688|v|1647876615.0793533
TS1:/54321/drone001/attrs:lat|0|lon|0|z|0|h|689|v|1647876615.0849502
TS1:/54321/drone001/attrs:lat|0|lon|0|z|0|h|690|v|1647876615.0905664
TS1:/54321/drone001/attrs:lat|0|lon|0|z|0|h|691|v|1647876615.0961223
TS1:/54321/drone001/attrs:lat|0|lon|0|z|0|h|692|v|1647876615.101708
TS1:/54321/drone001/attrs:lat|0|lon|0|z|0|h|693|v|1647876615.1072676
TS1:/54321/drone001/attrs:lat|0|lon|0|z|0|h|694|v|1647876615.112835
TS1:/54321/drone001/attrs:lat|0|lon|0|z|0|h|695|v|1647876615.118308
TS1:/54321/drone001/attrs:lat|0|lon|0|z|0|h|696|v|1647876615.1237087
TS1:/54321/drone001/attrs:lat|0|lon|0|z|0|h|697|v|1647876615.129063
TS1:/54321/drone001/attrs:lat|0|lon|0|z|0|h|698|v|1647876615.1343837
TS1:/54321/drone001/attrs:lat|0|lon|0|z|0|h|699|v|1647876615.1396894
TS1:/54321/drone001/attrs:lat|0|lon|0|z|0|h|700|v|1647876615.1449525
TS1:/54321/drone001/attrs:lat|0|lon|0|z|0|h|701|v|1647876615.1502314
TS1:/54321/drone001/attrs:lat|0|lon|0|z|0|h|702|v|1647876615.155598
TS1:/54321/drone001/attrs:lat|0|lon|0|z|0|h|703|v|1647876615.1611753
TS1:/54321/drone001/attrs:lat|0|lon|0|z|0|h|704|v|1647876615.1667747
TS1:/54321/drone001/attrs:lat|0|lon|0|z|0|h|705|v|1647876615.1723468
TS1:/54321/drone001/attrs:lat|0|lon|0|z|0|h|706|v|1647876615.1778986
TS1:/54321/drone001/attrs:lat|0|lon|0|z|0|h|707|v|1647876615.183508
TS1:/54321/drone001/attrs:lat|0|lon|0|z|0|h|708|v|1647876615.1891227
TS1:/54321/drone001/attrs:lat|0|lon|0|z|0|h|709|v|1647876615.1947405
TS1:/54321/drone001/attrs:lat|0|lon|0|z|0|h|710|v|1647876615.2003083
TS1:/54321/drone001/attrs:lat|0|lon|0|z|0|h|711|v|1647876615.2059002
TS1:/54321/drone001/attrs:lat|0|lon|0|z|0|h|712|v|1647876615.2114847
TS1:/54321/drone001/attrs:lat|0|lon|0|z|0|h|713|v|1647876615.2170484
TS1:/54321/drone001/attrs:lat|0|lon|0|z|0|h|714|v|1647876615.222637
TS1:/54321/drone001/attrs:lat|0|lon|0|z|0|h|715|v|1647876615.2281926
TS1:/54321/drone001/attrs:lat|0|lon|0|z|0|h|716|v|1647876615.2337697
TS1:/54321/drone001/attrs:lat|0|lon|0|z|0|h|717|v|1647876615.2394297
TS1:/54321/drone001/attrs:lat|0|lon|0|z|0|h|718|v|1647876615.2449923
TS1:/54321/drone001/attrs:lat|0|lon|0|z|0|h|719|v|1647876615.2504935
TS1:/54321/drone001/attrs:lat|0|lon|0|z|0|h|720|v|1647876615.2560503
TS1:/54321/drone001/attrs:lat|0|lon|0|z|0|h|721|v|1647876615.261614
TS1:/54321/drone001/attrs:lat|0|lon|0|z|0|h|722|v|1647876615.2671728
TS1:/54321/drone001/attrs:lat|0|lon|0|z|0|h|723|v|1647876615.2727463
TS1:/54321/drone001/attrs:lat|0|lon|0|z|0|h|724|v|1647876615.2783394
TS1:/54321/drone001/attrs:lat|0|lon|0|z|0|h|725|v|1647876615.2839365
TS1:/54321/drone001/attrs:lat|0|lon|0|z|0|h|726|v|1647876615.289536
TS1:/54321/drone001/attrs:lat|0|lon|0|z|0|h|727|v|1647876615.2950563
TS1:/54321/drone001/attrs:lat|0|lon|0|z|0|h|728|v|1647876615.3006132
TS1:/54321/drone001/attrs:lat|0|lon|0|z|0|h|729|v|1647876615.306173
TS1:/54321/drone001/attrs:lat|0|lon|0|z|0|h|730|v|1647876615.3117414
TS1:/54321/drone001/attrs:lat|0|lon|0|z|0|h|731|v|1647876615.3172703
TS1:/54321/drone001/attrs:lat|0|lon|0|z|0|h|732|v|1647876615.3228514
TS1:/54321/drone001/attrs:lat|0|lon|0|z|0|h|733|v|1647876615.3284245
TS1:/54321/drone001/attrs:lat|0|lon|0|z|0|h|734|v|1647876615.3339586
TS1:/54321/drone001/attrs:lat|0|lon|0|z|0|h|735|v|1647876615.3395092
TS1:/54321/drone001/attrs:lat|0|lon|0|z|0|h|736|v|1647876615.3450768
TS1:/54321/drone001/attrs:lat|0|lon|0|z|0|h|737|v|1647876615.3506672
TS1:/54321/drone001/attrs:lat|0|lon|0|z|0|h|738|v|1647876615.3562272
TS1:/54321/drone001/attrs:lat|0|lon|0|z|0|h|739|v|1647876615.3618088
TS1:/54321/drone001/attrs:lat|0|lon|0|z|0|h|740|v|1647876615.3673506
TS1:/54321/drone001/attrs:lat|0|lon|0|z|0|h|741|v|1647876615.3729444
TS1:/54321/drone001/attrs:lat|0|lon|0|z|0|h|742|v|1647876615.3785634
TS1:/54321/drone001/attrs:lat|0|lon|0|z|0|h|743|v|1647876615.3841166
TS1:/54321/drone001/attrs:lat|0|lon|0|z|0|h|744|v|1647876615.3897202
TS1:/54321/drone001/attrs:lat|0|lon|0|z|0|h|745|v|1647876615.3952658
TS1:/54321/drone001/attrs:lat|0|lon|0|z|0|h|746|v|1647876615.4008458
TS1:/54321/drone001/attrs:lat|0|lon|0|z|0|h|747|v|1647876615.406439
TS1:/54321/drone001/attrs:lat|0|lon|0|z|0|h|748|v|1647876615.4120278
TS1:/54321/drone001/attrs:lat|0|lon|0|z|0|h|749|v|1647876615.4175618
TS1:/54321/drone001/attrs:lat|0|lon|0|z|0|h|750|v|1647876615.4230974
TS1:/54321/drone001/attrs:lat|0|lon|0|z|0|h|751|v|1647876615.428833
TS1:/54321/drone001/attrs:lat|0|lon|0|z|0|h|752|v|1647876615.4344382
TS1:/54321/drone001/attrs:lat|0|lon|0|z|0|h|753|v|1647876615.4400327
TS1:/54321/drone001/attrs:lat|0|lon|0|z|0|h|754|v|1647876615.445593
TS1:/54321/drone001/attrs:lat|0|lon|0|z|0|h|755|v|1647876615.4511507
TS1:/54321/drone001/attrs:lat|0|lon|0|z|0|h|756|v|1647876615.4567323
TS1:/54321/drone001/attrs:lat|0|lon|0|z|0|h|757|v|1647876615.4622922
TS1:/54321/drone001/attrs:lat|0|lon|0|z|0|h|758|v|1647876615.467883
TS1:/54321/drone001/attrs:lat|0|lon|0|z|0|h|759|v|1647876615.47343
TS1:/54321/drone001/attrs:lat|0|lon|0|z|0|h|760|v|1647876615.4789789
TS1:/54321/drone001/attrs:lat|0|lon|0|z|0|h|761|v|1647876615.4845438
TS1:/54321/drone001/attrs:lat|0|lon|0|z|0|h|762|v|1647876615.4900727
TS1:/54321/drone001/attrs:lat|0|lon|0|z|0|h|763|v|1647876615.495608
TS1:/54321/drone001/attrs:lat|0|lon|0|z|0|h|764|v|1647876615.5011137
TS1:/54321/drone001/attrs:lat|0|lon|0|z|0|h|765|v|1647876615.5066135
TS1:/54321/drone001/attrs:lat|0|lon|0|z|0|h|766|v|1647876615.5121505
TS1:/54321/drone001/attrs:lat|0|lon|0|z|0|h|767|v|1647876615.5176501
TS1:/54321/drone001/attrs:lat|0|lon|0|z|0|h|768|v|1647876615.5232139
TS1:/54321/drone001/attrs:lat|0|lon|0|z|0|h|769|v|1647876615.5287964
TS1:/54321/drone001/attrs:lat|0|lon|0|z|0|h|770|v|1647876615.5343704
TS1:/54321/drone001/attrs:lat|0|lon|0|z|0|h|771|v|1647876615.5399244
TS1:/54321/drone001/attrs:lat|0|lon|0|z|0|h|772|v|1647876615.5455077
TS1:/54321/drone001/attrs:lat|0|lon|0|z|0|h|773|v|1647876615.5510533
TS1:/54321/drone001/attrs:lat|0|lon|0|z|0|h|774|v|1647876615.5565808
TS1:/54321/drone001/attrs:lat|0|lon|0|z|0|h|775|v|1647876615.5621426
TS1:/54321/drone001/attrs:lat|0|lon|0|z|0|h|776|v|1647876615.567669
TS1:/54321/drone001/attrs:lat|0|lon|0|z|0|h|777|v|1647876615.5732472
TS1:/54321/drone001/attrs:lat|0|lon|0|z|0|h|778|v|1647876615.5788243
TS1:/54321/drone001/attrs:lat|0|lon|0|z|0|h|779|v|1647876615.5843766
TS1:/54321/drone001/attrs:lat|0|lon|0|z|0|h|780|v|1647876615.5899594
TS1:/54321/drone001/attrs:lat|0|lon|0|z|0|h|781|v|1647876615.5955408
TS1:/54321/drone001/attrs:lat|0|lon|0|z|0|h|782|v|1647876615.6011434
TS1:/54321/drone001/attrs:lat|0|lon|0|z|0|h|783|v|1647876615.606674
TS1:/54321/drone001/attrs:lat|0|lon|0|z|0|h|784|v|1647876615.612213
TS1:/54321/drone001/attrs:lat|0|lon|0|z|0|h|785|v|1647876615.617793
TS1:/54321/drone001/attrs:lat|0|lon|0|z|0|h|786|v|1647876615.623354
TS1:/54321/drone001/attrs:lat|0|lon|0|z|0|h|787|v|1647876615.6289508
TS1:/54321/drone001/attrs:lat|0|lon|0|z|0|h|788|v|1647876615.6344898
TS1:/54321/drone001/attrs:lat|0|lon|0|z|0|h|789|v|1647876615.6400523
TS1:/54321/drone001/attrs:lat|0|lon|0|z|0|h|790|v|1647876615.6456196
TS1:/54321/drone001/attrs:lat|0|lon|0|z|0|h|791|v|1647876615.6511881
TS1:/54321/drone001/attrs:lat|0|lon|0|z|0|h|792|v|1647876615.656758
TS1:/54321/drone001/attrs:lat|0|lon|0|z|0|h|793|v|1647876615.6623535
TS1:/54321/drone001/attrs:lat|0|lon|0|z|0|h|794|v|1647876615.667934
TS1:/54321/drone001/attrs:lat|0|lon|0|z|0|h|795|v|1647876615.6735208
TS1:/54321/drone001/attrs:lat|0|lon|0|z|0|h|796|v|1647876615.6790447
TS1:/54321/drone001/attrs:lat|0|lon|0|z|0|h|797|v|1647876615.6846085
TS1:/54321/drone001/attrs:lat|0|lon|0|z|0|h|798|v|1647876615.6901734
TS1:/54321/drone001/attrs:lat|0|lon|0|z|0|h|799|v|1647876615.6957233
TS1:/54321/drone001/attrs:lat|0|lon|0|z|0|h|800|v|1647876615.701299
TS1:/54321/drone001/attrs:lat|0|lon|0|z|0|h|801|v|1647876615.7068977
TS1:/54321/drone001/attrs:lat|0|lon|0|z|0|h|802|v|1647876615.712486
TS1:/54321/drone001/attrs:lat|0|lon|0|z|0|h|803|v|1647876615.7180517
TS1:/54321/drone001/attrs:lat|0|lon|0|z|0|h|804|v|1647876615.7236085
TS1:/54321/drone001/attrs:lat|0|lon|0|z|0|h|805|v|1647876615.729163
TS1:/54321/drone001/attrs:lat|0|lon|0|z|0|h|806|v|1647876615.7347538
TS1:/54321/drone001/attrs:lat|0|lon|0|z|0|h|807|v|1647876615.7403002
TS1:/54321/drone001/attrs:lat|0|lon|0|z|0|h|808|v|1647876615.7458541
TS1:/54321/drone001/attrs:lat|0|lon|0|z|0|h|809|v|1647876615.7514002
TS1:/54321/drone001/attrs:lat|0|lon|0|z|0|h|810|v|1647876615.7569911
TS1:/54321/drone001/attrs:lat|0|lon|0|z|0|h|811|v|1647876615.7626119
TS1:/54321/drone001/attrs:lat|0|lon|0|z|0|h|812|v|1647876615.7681718
TS1:/54321/drone001/attrs:lat|0|lon|0|z|0|h|813|v|1647876615.7737598
TS1:/54321/drone001/attrs:lat|0|lon|0|z|0|h|814|v|1647876615.779332
TS1:/54321/drone001/attrs:lat|0|lon|0|z|0|h|815|v|1647876615.7849169
TS1:/54321/drone001/attrs:lat|0|lon|0|z|0|h|816|v|1647876615.7905304
TS1:/54321/drone001/attrs:lat|0|lon|0|z|0|h|817|v|1647876615.7960546
TS1:/54321/drone001/attrs:lat|0|lon|0|z|0|h|818|v|1647876615.8015835
TS1:/54321/drone001/attrs:lat|0|lon|0|z|0|h|819|v|1647876615.807143
TS1:/54321/drone001/attrs:lat|0|lon|0|z|0|h|820|v|1647876615.8127005
TS1:/54321/drone001/attrs:lat|0|lon|0|z|0|h|821|v|1647876615.8182528
TS1:/54321/drone001/attrs:lat|0|lon|0|z|0|h|822|v|1647876615.8237953
TS1:/54321/drone001/attrs:lat|0|lon|0|z|0|h|823|v|1647876615.8293455
TS1:/54321/drone001/attrs:lat|0|lon|0|z|0|h|824|v|1647876615.8349242
TS1:/54321/drone001/attrs:lat|0|lon|0|z|0|h|825|v|1647876615.8404984
TS1:/54321/drone001/attrs:lat|0|lon|0|z|0|h|826|v|1647876615.8460076
TS1:/54321/drone001/attrs:lat|0|lon|0|z|0|h|827|v|1647876615.85157
TS1:/54321/drone001/attrs:lat|0|lon|0|z|0|h|828|v|1647876615.8571286
TS1:/54321/drone001/attrs:lat|0|lon|0|z|0|h|829|v|1647876615.8626554
TS1:/54321/drone001/attrs:lat|0|lon|0|z|0|h|830|v|1647876615.8682003
TS1:/54321/drone001/attrs:lat|0|lon|0|z|0|h|831|v|1647876615.8737538
TS1:/54321/drone001/attrs:lat|0|lon|0|z|0|h|832|v|1647876615.8792663
TS1:/54321/drone001/attrs:lat|0|lon|0|z|0|h|833|v|1647876615.8847835
TS1:/54321/drone001/attrs:lat|0|lon|0|z|0|h|834|v|1647876615.8901846
TS1:/54321/drone001/attrs:lat|0|lon|0|z|0|h|835|v|1647876615.895704
TS1:/54321/drone001/attrs:lat|0|lon|0|z|0|h|836|v|1647876615.9013767
TS1:/54321/drone001/attrs:lat|0|lon|0|z|0|h|837|v|1647876615.9069674
TS1:/54321/drone001/attrs:lat|0|lon|0|z|0|h|838|v|1647876615.912563
TS1:/54321/drone001/attrs:lat|0|lon|0|z|0|h|839|v|1647876615.9180794
TS1:/54321/drone001/attrs:lat|0|lon|0|z|0|h|840|v|1647876615.9236147
TS1:/54321/drone001/attrs:lat|0|lon|0|z|0|h|841|v|1647876615.9291801
TS1:/54321/drone001/attrs:lat|0|lon|0|z|0|h|842|v|1647876615.9347584
TS1:/54321/drone001/attrs:lat|0|lon|0|z|0|h|843|v|1647876615.940282
TS1:/54321/drone001/attrs:lat|0|lon|0|z|0|h|844|v|1647876615.9457767
TS1:/54321/drone001/attrs:lat|0|lon|0|z|0|h|845|v|1647876615.9513392
TS1:/54321/drone001/attrs:lat|0|lon|0|z|0|h|846|v|1647876615.9569218
TS1:/54321/drone001/attrs:lat|0|lon|0|z|0|h|847|v|1647876615.9625306
TS1:/54321/drone001/attrs:lat|0|lon|0|z|0|h|848|v|1647876615.9680777
TS1:/54321/drone001/attrs:lat|0|lon|0|z|0|h|849|v|1647876615.9736016
TS1:/54321/drone001/attrs:lat|0|lon|0|z|0|h|850|v|1647876615.978945
TS1:/54321/drone001/attrs:lat|0|lon|0|z|0|h|851|v|1647876615.9844506
TS1:/54321/drone001/attrs:lat|0|lon|0|z|0|h|852|v|1647876615.9899151
TS1:/54321/drone001/attrs:lat|0|lon|0|z|0|h|853|v|1647876615.9954524
TS1:/54321/drone001/attrs:lat|0|lon|0|z|0|h|854|v|1647876616.0010135
TS1:/54321/drone001/attrs:lat|0|lon|0|z|0|h|855|v|1647876616.006536
TS1:/54321/drone001/attrs:lat|0|lon|0|z|0|h|856|v|1647876616.0120506
TS1:/54321/drone001/attrs:lat|0|lon|0|z|0|h|857|v|1647876616.0174952
TS1:/54321/drone001/attrs:lat|0|lon|0|z|0|h|858|v|1647876616.0230055
TS1:/54321/drone001/attrs:lat|0|lon|0|z|0|h|859|v|1647876616.0285392
TS1:/54321/drone001/attrs:lat|0|lon|0|z|0|h|860|v|1647876616.0339756
TS1:/54321/drone001/attrs:lat|0|lon|0|z|0|h|861|v|1647876616.0394807
TS1:/54321/drone001/attrs:lat|0|lon|0|z|0|h|862|v|1647876616.0449953
TS1:/54321/drone001/attrs:lat|0|lon|0|z|0|h|863|v|1647876616.0505664
TS1:/54321/drone001/attrs:lat|0|lon|0|z|0|h|864|v|1647876616.0560935
TS1:/54321/drone001/attrs:lat|0|lon|0|z|0|h|865|v|1647876616.0616286
TS1:/54321/drone001/attrs:lat|0|lon|0|z|0|h|866|v|1647876616.0671954
TS1:/54321/drone001/attrs:lat|0|lon|0|z|0|h|867|v|1647876616.07276
TS1:/54321/drone001/attrs:lat|0|lon|0|z|0|h|868|v|1647876616.0783508
TS1:/54321/drone001/attrs:lat|0|lon|0|z|0|h|869|v|1647876616.0839143
TS1:/54321/drone001/attrs:lat|0|lon|0|z|0|h|870|v|1647876616.089438
TS1:/54321/drone001/attrs:lat|0|lon|0|z|0|h|871|v|1647876616.0950146
TS1:/54321/drone001/attrs:lat|0|lon|0|z|0|h|872|v|1647876616.1005425
TS1:/54321/drone001/attrs:lat|0|lon|0|z|0|h|873|v|1647876616.1060534
TS1:/54321/drone001/attrs:lat|0|lon|0|z|0|h|874|v|1647876616.111576
TS1:/54321/drone001/attrs:lat|0|lon|0|z|0|h|875|v|1647876616.1171248
TS1:/54321/drone001/attrs:lat|0|lon|0|z|0|h|876|v|1647876616.1227138
TS1:/54321/drone001/attrs:lat|0|lon|0|z|0|h|877|v|1647876616.1282368
TS1:/54321/drone001/attrs:lat|0|lon|0|z|0|h|878|v|1647876616.133792
TS1:/54321/drone001/attrs:lat|0|lon|0|z|0|h|879|v|1647876616.1393425
TS1:/54321/drone001/attrs:lat|0|lon|0|z|0|h|880|v|1647876616.145141
TS1:/54321/drone001/attrs:lat|0|lon|0|z|0|h|881|v|1647876616.150662
TS1:/54321/drone001/attrs:lat|0|lon|0|z|0|h|882|v|1647876616.1562111
TS1:/54321/drone001/attrs:lat|0|lon|0|z|0|h|883|v|1647876616.1617496
TS1:/54321/drone001/attrs:lat|0|lon|0|z|0|h|884|v|1647876616.1672692
TS1:/54321/drone001/attrs:lat|0|lon|0|z|0|h|885|v|1647876616.17284
TS1:/54321/drone001/attrs:lat|0|lon|0|z|0|h|886|v|1647876616.1784322
TS1:/54321/drone001/attrs:lat|0|lon|0|z|0|h|887|v|1647876616.1839752
TS1:/54321/drone001/attrs:lat|0|lon|0|z|0|h|888|v|1647876616.1895318
TS1:/54321/drone001/attrs:lat|0|lon|0|z|0|h|889|v|1647876616.195071
TS1:/54321/drone001/attrs:lat|0|lon|0|z|0|h|890|v|1647876616.2005932
TS1:/54321/drone001/attrs:lat|0|lon|0|z|0|h|891|v|1647876616.2061155
TS1:/54321/drone001/attrs:lat|0|lon|0|z|0|h|892|v|1647876616.211662
TS1:/54321/drone001/attrs:lat|0|lon|0|z|0|h|893|v|1647876616.2172205
TS1:/54321/drone001/attrs:lat|0|lon|0|z|0|h|894|v|1647876616.2227995
TS1:/54321/drone001/attrs:lat|0|lon|0|z|0|h|895|v|1647876616.2283542
TS1:/54321/drone001/attrs:lat|0|lon|0|z|0|h|896|v|1647876616.2339091
TS1:/54321/drone001/attrs:lat|0|lon|0|z|0|h|897|v|1647876616.2394998
TS1:/54321/drone001/attrs:lat|0|lon|0|z|0|h|898|v|1647876616.2450545
TS1:/54321/drone001/attrs:lat|0|lon|0|z|0|h|899|v|1647876616.2506459
TS1:/54321/drone001/attrs:lat|0|lon|0|z|0|h|900|v|1647876616.256184
TS1:/54321/drone001/attrs:lat|0|lon|0|z|0|h|901|v|1647876616.2617414
TS1:/54321/drone001/attrs:lat|0|lon|0|z|0|h|902|v|1647876616.2673082
TS1:/54321/drone001/attrs:lat|0|lon|0|z|0|h|903|v|1647876616.2728548
TS1:/54321/drone001/attrs:lat|0|lon|0|z|0|h|904|v|1647876616.2784505
TS1:/54321/drone001/attrs:lat|0|lon|0|z|0|h|905|v|1647876616.284031
TS1:/54321/drone001/attrs:lat|0|lon|0|z|0|h|906|v|1647876616.2895994
TS1:/54321/drone001/attrs:lat|0|lon|0|z|0|h|907|v|1647876616.2951217
TS1:/54321/drone001/attrs:lat|0|lon|0|z|0|h|908|v|1647876616.3007052
TS1:/54321/drone001/attrs:lat|0|lon|0|z|0|h|909|v|1647876616.306248
TS1:/54321/drone001/attrs:lat|0|lon|0|z|0|h|910|v|1647876616.311823
TS1:/54321/drone001/attrs:lat|0|lon|0|z|0|h|911|v|1647876616.3173783
TS1:/54321/drone001/attrs:lat|0|lon|0|z|0|h|912|v|1647876616.322972
TS1:/54321/drone001/attrs:lat|0|lon|0|z|0|h|913|v|1647876616.3285267
TS1:/54321/drone001/attrs:lat|0|lon|0|z|0|h|914|v|1647876616.3340893
TS1:/54321/drone001/attrs:lat|0|lon|0|z|0|h|915|v|1647876616.3396444
TS1:/54321/drone001/attrs:lat|0|lon|0|z|0|h|916|v|1647876616.3452082
TS1:/54321/drone001/attrs:lat|0|lon|0|z|0|h|917|v|1647876616.350791
TS1:/54321/drone001/attrs:lat|0|lon|0|z|0|h|918|v|1647876616.3563523
TS1:/54321/drone001/attrs:lat|0|lon|0|z|0|h|919|v|1647876616.3619273
TS1:/54321/drone001/attrs:lat|0|lon|0|z|0|h|920|v|1647876616.367505
TS1:/54321/drone001/attrs:lat|0|lon|0|z|0|h|921|v|1647876616.373063
TS1:/54321/drone001/attrs:lat|0|lon|0|z|0|h|922|v|1647876616.3786628
TS1:/54321/drone001/attrs:lat|0|lon|0|z|0|h|923|v|1647876616.384227
TS1:/54321/drone001/attrs:lat|0|lon|0|z|0|h|924|v|1647876616.3897996
TS1:/54321/drone001/attrs:lat|0|lon|0|z|0|h|925|v|1647876616.39537
TS1:/54321/drone001/attrs:lat|0|lon|0|z|0|h|926|v|1647876616.4009514
TS1:/54321/drone001/attrs:lat|0|lon|0|z|0|h|927|v|1647876616.4065588
TS1:/54321/drone001/attrs:lat|0|lon|0|z|0|h|928|v|1647876616.412102
TS1:/54321/drone001/attrs:lat|0|lon|0|z|0|h|929|v|1647876616.4176378
TS1:/54321/drone001/attrs:lat|0|lon|0|z|0|h|930|v|1647876616.423172
TS1:/54321/drone001/attrs:lat|0|lon|0|z|0|h|931|v|1647876616.4287152
TS1:/54321/drone001/attrs:lat|0|lon|0|z|0|h|932|v|1647876616.4342716
TS1:/54321/drone001/attrs:lat|0|lon|0|z|0|h|933|v|1647876616.4398613
TS1:/54321/drone001/attrs:lat|0|lon|0|z|0|h|934|v|1647876616.4454205
TS1:/54321/drone001/attrs:lat|0|lon|0|z|0|h|935|v|1647876616.4510157
TS1:/54321/drone001/attrs:lat|0|lon|0|z|0|h|936|v|1647876616.4565804
TS1:/54321/drone001/attrs:lat|0|lon|0|z|0|h|937|v|1647876616.4621363
TS1:/54321/drone001/attrs:lat|0|lon|0|z|0|h|938|v|1647876616.467715
TS1:/54321/drone001/attrs:lat|0|lon|0|z|0|h|939|v|1647876616.4732745
TS1:/54321/drone001/attrs:lat|0|lon|0|z|0|h|940|v|1647876616.4788308
TS1:/54321/drone001/attrs:lat|0|lon|0|z|0|h|941|v|1647876616.4843533
TS1:/54321/drone001/attrs:lat|0|lon|0|z|0|h|942|v|1647876616.4899333
TS1:/54321/drone001/attrs:lat|0|lon|0|z|0|h|943|v|1647876616.4955192
TS1:/54321/drone001/attrs:lat|0|lon|0|z|0|h|944|v|1647876616.5010757
TS1:/54321/drone001/attrs:lat|0|lon|0|z|0|h|945|v|1647876616.5066693
TS1:/54321/drone001/attrs:lat|0|lon|0|z|0|h|946|v|1647876616.5122297
TS1:/54321/drone001/attrs:lat|0|lon|0|z|0|h|947|v|1647876616.5178409
TS1:/54321/drone001/attrs:lat|0|lon|0|z|0|h|948|v|1647876616.5233972
TS1:/54321/drone001/attrs:lat|0|lon|0|z|0|h|949|v|1647876616.5289457
TS1:/54321/drone001/attrs:lat|0|lon|0|z|0|h|950|v|1647876616.5345597
TS1:/54321/drone001/attrs:lat|0|lon|0|z|0|h|951|v|1647876616.5401022
TS1:/54321/drone001/attrs:lat|0|lon|0|z|0|h|952|v|1647876616.545636
TS1:/54321/drone001/attrs:lat|0|lon|0|z|0|h|953|v|1647876616.5511675
TS1:/54321/drone001/attrs:lat|0|lon|0|z|0|h|954|v|1647876616.556713
TS1:/54321/drone001/attrs:lat|0|lon|0|z|0|h|955|v|1647876616.5623944
TS1:/54321/drone001/attrs:lat|0|lon|0|z|0|h|956|v|1647876616.5679696
TS1:/54321/drone001/attrs:lat|0|lon|0|z|0|h|957|v|1647876616.5735292
TS1:/54321/drone001/attrs:lat|0|lon|0|z|0|h|958|v|1647876616.579084
TS1:/54321/drone001/attrs:lat|0|lon|0|z|0|h|959|v|1647876616.5846481
TS1:/54321/drone001/attrs:lat|0|lon|0|z|0|h|960|v|1647876616.5901694
TS1:/54321/drone001/attrs:lat|0|lon|0|z|0|h|961|v|1647876616.5957499
TS1:/54321/drone001/attrs:lat|0|lon|0|z|0|h|962|v|1647876616.6013036
TS1:/54321/drone001/attrs:lat|0|lon|0|z|0|h|963|v|1647876616.606887
TS1:/54321/drone001/attrs:lat|0|lon|0|z|0|h|964|v|1647876616.6124253
TS1:/54321/drone001/attrs:lat|0|lon|0|z|0|h|965|v|1647876616.6179883
TS1:/54321/drone001/attrs:lat|0|lon|0|z|0|h|966|v|1647876616.6235642
TS1:/54321/drone001/attrs:lat|0|lon|0|z|0|h|967|v|1647876616.6290493
TS1:/54321/drone001/attrs:lat|0|lon|0|z|0|h|968|v|1647876616.634577
TS1:/54321/drone001/attrs:lat|0|lon|0|z|0|h|969|v|1647876616.6401002
TS1:/54321/drone001/attrs:lat|0|lon|0|z|0|h|970|v|1647876616.6456385
TS1:/54321/drone001/attrs:lat|0|lon|0|z|0|h|971|v|1647876616.6511405
TS1:/54321/drone001/attrs:lat|0|lon|0|z|0|h|972|v|1647876616.6566563
TS1:/54321/drone001/attrs:lat|0|lon|0|z|0|h|973|v|1647876616.662203
TS1:/54321/drone001/attrs:lat|0|lon|0|z|0|h|974|v|1647876616.6677675
TS1:/54321/drone001/attrs:lat|0|lon|0|z|0|h|975|v|1647876616.6732883
TS1:/54321/drone001/attrs:lat|0|lon|0|z|0|h|976|v|1647876616.6788487
TS1:/54321/drone001/attrs:lat|0|lon|0|z|0|h|977|v|1647876616.6843703
TS1:/54321/drone001/attrs:lat|0|lon|0|z|0|h|978|v|1647876616.6899533
TS1:/54321/drone001/attrs:lat|0|lon|0|z|0|h|979|v|1647876616.6955307
TS1:/54321/drone001/attrs:lat|0|lon|0|z|0|h|980|v|1647876616.7010546
TS1:/54321/drone001/attrs:lat|0|lon|0|z|0|h|981|v|1647876616.7066145
TS1:/54321/drone001/attrs:lat|0|lon|0|z|0|h|982|v|1647876616.7121491
TS1:/54321/drone001/attrs:lat|0|lon|0|z|0|h|983|v|1647876616.7176743
TS1:/54321/drone001/attrs:lat|0|lon|0|z|0|h|984|v|1647876616.7232313
TS1:/54321/drone001/attrs:lat|0|lon|0|z|0|h|985|v|1647876616.7288163
TS1:/54321/drone001/attrs:lat|0|lon|0|z|0|h|986|v|1647876616.7344122
TS1:/54321/drone001/attrs:lat|0|lon|0|z|0|h|987|v|1647876616.7400045
TS1:/54321/drone001/attrs:lat|0|lon|0|z|0|h|988|v|1647876616.745554
TS1:/54321/drone001/attrs:lat|0|lon|0|z|0|h|989|v|1647876616.7511156
TS1:/54321/drone001/attrs:lat|0|lon|0|z|0|h|990|v|1647876616.7566717
TS1:/54321/drone001/attrs:lat|0|lon|0|z|0|h|991|v|1647876616.762239
TS1:/54321/drone001/attrs:lat|0|lon|0|z|0|h|992|v|1647876616.7677796
TS1:/54321/drone001/attrs:lat|0|lon|0|z|0|h|993|v|1647876616.773344
TS1:/54321/drone001/attrs:lat|0|lon|0|z|0|h|994|v|1647876616.7789268
TS1:/54321/drone001/attrs:lat|0|lon|0|z|0|h|995|v|1647876616.7845163
TS1:/54321/drone001/attrs:lat|0|lon|0|z|0|h|996|v|1647876616.7900438
TS1:/54321/drone001/attrs:lat|0|lon|0|z|0|h|997|v|1647876616.7955728
TS1:/54321/drone001/attrs:lat|0|lon|0|z|0|h|998|v|1647876616.8011246
TS1:/54321/drone001/attrs:lat|0|lon|0|z|0|h|999|v|1647876616.8066592
TS1:/54321/drone001/attrs:lat|0|lon|0|z|0|h|1000|v|1647876616.8122249
