1647876538: Warning: Unable to drop privileges to 'mosquitto' because this user does not exist. Trying 'nobody' instead.
1647876538: mosquitto version 2.0.14 starting
1647876538: Config loaded from /etc/mosquitto/mosquitto.conf.
1647876538: Opening ipv4 listen socket on port 1883.
1647876538: Opening ipv6 listen socket on port 1883.
1647876538: mosquitto version 2.0.14 running
1647876550: New connection from 130.188.160.11:50260 on port 1883.
1647876550: New client connected from 130.188.160.11:50260 as iotaul_441f184b (p2, c1, k60, u'px4').
1647876611: New connection from 130.188.160.13:42451 on port 1883.
1647876611: New client connected from 130.188.160.13:42451 as tester-pub (p2, c1, k60, u'px4').
TS2.1,1647876550.329510
/54321/drone001/attrs,TS2,1647876611.334915
/54321/drone001/attrs,TS2,1647876611.339853
/54321/drone001/attrs,TS2,1647876611.345151
/54321/drone001/attrs,TS2,1647876611.350500
/54321/drone001/attrs,TS2,1647876611.355827
/54321/drone001/attrs,TS2,1647876611.361145
/54321/drone001/attrs,TS2,1647876611.366535
/54321/drone001/attrs,TS2,1647876611.371940
/54321/drone001/attrs,TS2,1647876611.377488
/54321/drone001/attrs,TS2,1647876611.383039
/54321/drone001/attrs,TS2,1647876611.388536
/54321/drone001/attrs,TS2,1647876611.394118
/54321/drone001/attrs,TS2,1647876611.399530
/54321/drone001/attrs,TS2,1647876611.405094
/54321/drone001/attrs,TS2,1647876611.410560
/54321/drone001/attrs,TS2,1647876611.416032
/54321/drone001/attrs,TS2,1647876611.421610
/54321/drone001/attrs,TS2,1647876611.427244
/54321/drone001/attrs,TS2,1647876611.432548
/54321/drone001/attrs,TS2,1647876611.438271
/54321/drone001/attrs,TS2,1647876611.443873
/54321/drone001/attrs,TS2,1647876611.449240
/54321/drone001/attrs,TS2,1647876611.454992
/54321/drone001/attrs,TS2,1647876611.460483
/54321/drone001/attrs,TS2,1647876611.466169
/54321/drone001/attrs,TS2,1647876611.471678
/54321/drone001/attrs,TS2,1647876611.477179
/54321/drone001/attrs,TS2,1647876611.482817
/54321/drone001/attrs,TS2,1647876611.488330
/54321/drone001/attrs,TS2,1647876611.493917
/54321/drone001/attrs,TS2,1647876611.499357
/54321/drone001/attrs,TS2,1647876611.505088
/54321/drone001/attrs,TS2,1647876611.510450
/54321/drone001/attrs,TS2,1647876611.515962
/54321/drone001/attrs,TS2,1647876611.521601
/54321/drone001/attrs,TS2,1647876611.527143
/54321/drone001/attrs,TS2,1647876611.532723
/54321/drone001/attrs,TS2,1647876611.538163
/54321/drone001/attrs,TS2,1647876611.543902
/54321/drone001/attrs,TS2,1647876611.549400
/54321/drone001/attrs,TS2,1647876611.555052
/54321/drone001/attrs,TS2,1647876611.560620
/54321/drone001/attrs,TS2,1647876611.566122
/54321/drone001/attrs,TS2,1647876611.571689
/54321/drone001/attrs,TS2,1647876611.577189
/54321/drone001/attrs,TS2,1647876611.583204
/54321/drone001/attrs,TS2,1647876611.588786
/54321/drone001/attrs,TS2,1647876611.594357
/54321/drone001/attrs,TS2,1647876611.599877
/54321/drone001/attrs,TS2,1647876611.605445
/54321/drone001/attrs,TS2,1647876611.610952
/54321/drone001/attrs,TS2,1647876611.616533
/54321/drone001/attrs,TS2,1647876611.622129
/54321/drone001/attrs,TS2,1647876611.627692
/54321/drone001/attrs,TS2,1647876611.633203
/54321/drone001/attrs,TS2,1647876611.638841
/54321/drone001/attrs,TS2,1647876611.644374
/54321/drone001/attrs,TS2,1647876611.649867
/54321/drone001/attrs,TS2,1647876611.655622
/54321/drone001/attrs,TS2,1647876611.661168
/54321/drone001/attrs,TS2,1647876611.666685
/54321/drone001/attrs,TS2,1647876611.672293
/54321/drone001/attrs,TS2,1647876611.677858
/54321/drone001/attrs,TS2,1647876611.683433
/54321/drone001/attrs,TS2,1647876611.689027
/54321/drone001/attrs,TS2,1647876611.694584
/54321/drone001/attrs,TS2,1647876611.700074
/54321/drone001/attrs,TS2,1647876611.705760
/54321/drone001/attrs,TS2,1647876611.711321
/54321/drone001/attrs,TS2,1647876611.716790
/54321/drone001/attrs,TS2,1647876611.722322
/54321/drone001/attrs,TS2,1647876611.727797
/54321/drone001/attrs,TS2,1647876611.733303
/54321/drone001/attrs,TS2,1647876611.738856
/54321/drone001/attrs,TS2,1647876611.744400
/54321/drone001/attrs,TS2,1647876611.749986
/54321/drone001/attrs,TS2,1647876611.755580
/54321/drone001/attrs,TS2,1647876611.761093
/54321/drone001/attrs,TS2,1647876611.766736
/54321/drone001/attrs,TS2,1647876611.772293
/54321/drone001/attrs,TS2,1647876611.778500
/54321/drone001/attrs,TS2,1647876611.784117
/54321/drone001/attrs,TS2,1647876611.789635
/54321/drone001/attrs,TS2,1647876611.795257
/54321/drone001/attrs,TS2,1647876611.800817
/54321/drone001/attrs,TS2,1647876611.806376
/54321/drone001/attrs,TS2,1647876611.811879
/54321/drone001/attrs,TS2,1647876611.817402
/54321/drone001/attrs,TS2,1647876611.822950
/54321/drone001/attrs,TS2,1647876611.828517
/54321/drone001/attrs,TS2,1647876611.834006
/54321/drone001/attrs,TS2,1647876611.839671
/54321/drone001/attrs,TS2,1647876611.845097
/54321/drone001/attrs,TS2,1647876611.850521
/54321/drone001/attrs,TS2,1647876611.856107
/54321/drone001/attrs,TS2,1647876611.861647
/54321/drone001/attrs,TS2,1647876611.867119
/54321/drone001/attrs,TS2,1647876611.872691
/54321/drone001/attrs,TS2,1647876611.878192
/54321/drone001/attrs,TS2,1647876611.883783
/54321/drone001/attrs,TS2,1647876611.889324
/54321/drone001/attrs,TS2,1647876611.894861
/54321/drone001/attrs,TS2,1647876611.900974
/54321/drone001/attrs,TS2,1647876611.905963
/54321/drone001/attrs,TS2,1647876611.911421
/54321/drone001/attrs,TS2,1647876611.916969
/54321/drone001/attrs,TS2,1647876611.922259
/54321/drone001/attrs,TS2,1647876611.927755
/54321/drone001/attrs,TS2,1647876611.933154
/54321/drone001/attrs,TS2,1647876611.938523
/54321/drone001/attrs,TS2,1647876611.944004
/54321/drone001/attrs,TS2,1647876611.949579
/54321/drone001/attrs,TS2,1647876611.955016
/54321/drone001/attrs,TS2,1647876611.960620
/54321/drone001/attrs,TS2,1647876611.966027
/54321/drone001/attrs,TS2,1647876611.971658
/54321/drone001/attrs,TS2,1647876611.977197
/54321/drone001/attrs,TS2,1647876611.982725
/54321/drone001/attrs,TS2,1647876611.988323
/54321/drone001/attrs,TS2,1647876611.993932
/54321/drone001/attrs,TS2,1647876611.999581
/54321/drone001/attrs,TS2,1647876612.5143
/54321/drone001/attrs,TS2,1647876612.10784
/54321/drone001/attrs,TS2,1647876612.16286
/54321/drone001/attrs,TS2,1647876612.21873
/54321/drone001/attrs,TS2,1647876612.27288
/54321/drone001/attrs,TS2,1647876612.32992
/54321/drone001/attrs,TS2,1647876612.38905
/54321/drone001/attrs,TS2,1647876612.44417
/54321/drone001/attrs,TS2,1647876612.50065
/54321/drone001/attrs,TS2,1647876612.55600
/54321/drone001/attrs,TS2,1647876612.61086
/54321/drone001/attrs,TS2,1647876612.66556
/54321/drone001/attrs,TS2,1647876612.72188
/54321/drone001/attrs,TS2,1647876612.77766
/54321/drone001/attrs,TS2,1647876612.83366
/54321/drone001/attrs,TS2,1647876612.89055
/54321/drone001/attrs,TS2,1647876612.94421
/54321/drone001/attrs,TS2,1647876612.100054
/54321/drone001/attrs,TS2,1647876612.105651
/54321/drone001/attrs,TS2,1647876612.111152
/54321/drone001/attrs,TS2,1647876612.116711
/54321/drone001/attrs,TS2,1647876612.122330
/54321/drone001/attrs,TS2,1647876612.127895
/54321/drone001/attrs,TS2,1647876612.133403
/54321/drone001/attrs,TS2,1647876612.139001
/54321/drone001/attrs,TS2,1647876612.144560
/54321/drone001/attrs,TS2,1647876612.149999
/54321/drone001/attrs,TS2,1647876612.155612
/54321/drone001/attrs,TS2,1647876612.161389
/54321/drone001/attrs,TS2,1647876612.166642
/54321/drone001/attrs,TS2,1647876612.172201
/54321/drone001/attrs,TS2,1647876612.177708
/54321/drone001/attrs,TS2,1647876612.183331
/54321/drone001/attrs,TS2,1647876612.188954
/54321/drone001/attrs,TS2,1647876612.194538
/54321/drone001/attrs,TS2,1647876612.200087
/54321/drone001/attrs,TS2,1647876612.205619
/54321/drone001/attrs,TS2,1647876612.211205
/54321/drone001/attrs,TS2,1647876612.216736
/54321/drone001/attrs,TS2,1647876612.222303
/54321/drone001/attrs,TS2,1647876612.227816
/54321/drone001/attrs,TS2,1647876612.233304
/54321/drone001/attrs,TS2,1647876612.238988
/54321/drone001/attrs,TS2,1647876612.244276
/54321/drone001/attrs,TS2,1647876612.249931
/54321/drone001/attrs,TS2,1647876612.255430
/54321/drone001/attrs,TS2,1647876612.261047
/54321/drone001/attrs,TS2,1647876612.266570
/54321/drone001/attrs,TS2,1647876612.272106
/54321/drone001/attrs,TS2,1647876612.277692
/54321/drone001/attrs,TS2,1647876612.283291
/54321/drone001/attrs,TS2,1647876612.288776
/54321/drone001/attrs,TS2,1647876612.294425
/54321/drone001/attrs,TS2,1647876612.299841
/54321/drone001/attrs,TS2,1647876612.305488
/54321/drone001/attrs,TS2,1647876612.311028
/54321/drone001/attrs,TS2,1647876612.316565
/54321/drone001/attrs,TS2,1647876612.322076
/54321/drone001/attrs,TS2,1647876612.327639
/54321/drone001/attrs,TS2,1647876612.333064
/54321/drone001/attrs,TS2,1647876612.338680
/54321/drone001/attrs,TS2,1647876612.344292
/54321/drone001/attrs,TS2,1647876612.349860
/54321/drone001/attrs,TS2,1647876612.355425
/54321/drone001/attrs,TS2,1647876612.361024
/54321/drone001/attrs,TS2,1647876612.366563
/54321/drone001/attrs,TS2,1647876612.372131
/54321/drone001/attrs,TS2,1647876612.377513
/54321/drone001/attrs,TS2,1647876612.383085
/54321/drone001/attrs,TS2,1647876612.388654
/54321/drone001/attrs,TS2,1647876612.394177
/54321/drone001/attrs,TS2,1647876612.399706
/54321/drone001/attrs,TS2,1647876612.405307
/54321/drone001/attrs,TS2,1647876612.410848
/54321/drone001/attrs,TS2,1647876612.416452
/54321/drone001/attrs,TS2,1647876612.421980
/54321/drone001/attrs,TS2,1647876612.427514
/54321/drone001/attrs,TS2,1647876612.433131
/54321/drone001/attrs,TS2,1647876612.438674
/54321/drone001/attrs,TS2,1647876612.444221
/54321/drone001/attrs,TS2,1647876612.449706
/54321/drone001/attrs,TS2,1647876612.455356
/54321/drone001/attrs,TS2,1647876612.460993
/54321/drone001/attrs,TS2,1647876612.466273
/54321/drone001/attrs,TS2,1647876612.471962
/54321/drone001/attrs,TS2,1647876612.477482
/54321/drone001/attrs,TS2,1647876612.483010
/54321/drone001/attrs,TS2,1647876612.488409
/54321/drone001/attrs,TS2,1647876612.494078
/54321/drone001/attrs,TS2,1647876612.499653
/54321/drone001/attrs,TS2,1647876612.505155
/54321/drone001/attrs,TS2,1647876612.510797
/54321/drone001/attrs,TS2,1647876612.516255
/54321/drone001/attrs,TS2,1647876612.521834
/54321/drone001/attrs,TS2,1647876612.527416
/54321/drone001/attrs,TS2,1647876612.533001
/54321/drone001/attrs,TS2,1647876612.538512
/54321/drone001/attrs,TS2,1647876612.544091
/54321/drone001/attrs,TS2,1647876612.549662
/54321/drone001/attrs,TS2,1647876612.555226
/54321/drone001/attrs,TS2,1647876612.560767
/54321/drone001/attrs,TS2,1647876612.566288
/54321/drone001/attrs,TS2,1647876612.571865
/54321/drone001/attrs,TS2,1647876612.577414
/54321/drone001/attrs,TS2,1647876612.582973
/54321/drone001/attrs,TS2,1647876612.588519
/54321/drone001/attrs,TS2,1647876612.594056
/54321/drone001/attrs,TS2,1647876612.605562
/54321/drone001/attrs,TS2,1647876612.611196
/54321/drone001/attrs,TS2,1647876612.617359
/54321/drone001/attrs,TS2,1647876612.622184
/54321/drone001/attrs,TS2,1647876612.627772
/54321/drone001/attrs,TS2,1647876612.633329
/54321/drone001/attrs,TS2,1647876612.638836
/54321/drone001/attrs,TS2,1647876612.644336
/54321/drone001/attrs,TS2,1647876612.649975
/54321/drone001/attrs,TS2,1647876612.655333
/54321/drone001/attrs,TS2,1647876612.660990
/54321/drone001/attrs,TS2,1647876612.666548
/54321/drone001/attrs,TS2,1647876612.672039
/54321/drone001/attrs,TS2,1647876612.677551
/54321/drone001/attrs,TS2,1647876612.682956
/54321/drone001/attrs,TS2,1647876612.688540
/54321/drone001/attrs,TS2,1647876612.694055
/54321/drone001/attrs,TS2,1647876612.699633
/54321/drone001/attrs,TS2,1647876612.705230
/54321/drone001/attrs,TS2,1647876612.710818
/54321/drone001/attrs,TS2,1647876612.716344
/54321/drone001/attrs,TS2,1647876612.721935
/54321/drone001/attrs,TS2,1647876612.727518
/54321/drone001/attrs,TS2,1647876612.733099
/54321/drone001/attrs,TS2,1647876612.738585
/54321/drone001/attrs,TS2,1647876612.744141
/54321/drone001/attrs,TS2,1647876612.749691
/54321/drone001/attrs,TS2,1647876612.755319
/54321/drone001/attrs,TS2,1647876612.760832
/54321/drone001/attrs,TS2,1647876612.766427
/54321/drone001/attrs,TS2,1647876612.771999
/54321/drone001/attrs,TS2,1647876612.777537
/54321/drone001/attrs,TS2,1647876612.783114
/54321/drone001/attrs,TS2,1647876612.788693
/54321/drone001/attrs,TS2,1647876612.794200
/54321/drone001/attrs,TS2,1647876612.799784
/54321/drone001/attrs,TS2,1647876612.805290
/54321/drone001/attrs,TS2,1647876612.810829
/54321/drone001/attrs,TS2,1647876612.816450
/54321/drone001/attrs,TS2,1647876612.822045
/54321/drone001/attrs,TS2,1647876612.827630
/54321/drone001/attrs,TS2,1647876612.833167
/54321/drone001/attrs,TS2,1647876612.838713
/54321/drone001/attrs,TS2,1647876612.844180
/54321/drone001/attrs,TS2,1647876612.849734
/54321/drone001/attrs,TS2,1647876612.855372
/54321/drone001/attrs,TS2,1647876612.860972
/54321/drone001/attrs,TS2,1647876612.866485
/54321/drone001/attrs,TS2,1647876612.872019
/54321/drone001/attrs,TS2,1647876612.877914
/54321/drone001/attrs,TS2,1647876612.883128
/54321/drone001/attrs,TS2,1647876612.888701
/54321/drone001/attrs,TS2,1647876612.894262
/54321/drone001/attrs,TS2,1647876612.899726
/54321/drone001/attrs,TS2,1647876612.905240
/54321/drone001/attrs,TS2,1647876612.910908
/54321/drone001/attrs,TS2,1647876612.916435
/54321/drone001/attrs,TS2,1647876612.922040
/54321/drone001/attrs,TS2,1647876612.927481
/54321/drone001/attrs,TS2,1647876612.933074
/54321/drone001/attrs,TS2,1647876612.938575
/54321/drone001/attrs,TS2,1647876612.944038
/54321/drone001/attrs,TS2,1647876612.949449
/54321/drone001/attrs,TS2,1647876612.955127
/54321/drone001/attrs,TS2,1647876612.960495
/54321/drone001/attrs,TS2,1647876612.966026
/54321/drone001/attrs,TS2,1647876612.971586
/54321/drone001/attrs,TS2,1647876612.977093
/54321/drone001/attrs,TS2,1647876612.982693
/54321/drone001/attrs,TS2,1647876612.988231
/54321/drone001/attrs,TS2,1647876612.993795
/54321/drone001/attrs,TS2,1647876612.999429
/54321/drone001/attrs,TS2,1647876613.5041
/54321/drone001/attrs,TS2,1647876613.10522
/54321/drone001/attrs,TS2,1647876613.16050
/54321/drone001/attrs,TS2,1647876613.21570
/54321/drone001/attrs,TS2,1647876613.27120
/54321/drone001/attrs,TS2,1647876613.32698
/54321/drone001/attrs,TS2,1647876613.38128
/54321/drone001/attrs,TS2,1647876613.43778
/54321/drone001/attrs,TS2,1647876613.49202
/54321/drone001/attrs,TS2,1647876613.54655
/54321/drone001/attrs,TS2,1647876613.60195
/54321/drone001/attrs,TS2,1647876613.65679
/54321/drone001/attrs,TS2,1647876613.71158
/54321/drone001/attrs,TS2,1647876613.76637
/54321/drone001/attrs,TS2,1647876613.82112
/54321/drone001/attrs,TS2,1647876613.87602
/54321/drone001/attrs,TS2,1647876613.93153
/54321/drone001/attrs,TS2,1647876613.98647
/54321/drone001/attrs,TS2,1647876613.104083
/54321/drone001/attrs,TS2,1647876613.109518
/54321/drone001/attrs,TS2,1647876613.115009
/54321/drone001/attrs,TS2,1647876613.120417
/54321/drone001/attrs,TS2,1647876613.125874
/54321/drone001/attrs,TS2,1647876613.131321
/54321/drone001/attrs,TS2,1647876613.136835
/54321/drone001/attrs,TS2,1647876613.142271
/54321/drone001/attrs,TS2,1647876613.147719
/54321/drone001/attrs,TS2,1647876613.153123
/54321/drone001/attrs,TS2,1647876613.158566
/54321/drone001/attrs,TS2,1647876613.163965
/54321/drone001/attrs,TS2,1647876613.169267
/54321/drone001/attrs,TS2,1647876613.174761
/54321/drone001/attrs,TS2,1647876613.180145
/54321/drone001/attrs,TS2,1647876613.185513
/54321/drone001/attrs,TS2,1647876613.190950
/54321/drone001/attrs,TS2,1647876613.196240
/54321/drone001/attrs,TS2,1647876613.201556
/54321/drone001/attrs,TS2,1647876613.207233
/54321/drone001/attrs,TS2,1647876613.212441
/54321/drone001/attrs,TS2,1647876613.225482
/54321/drone001/attrs,TS2,1647876613.226005
/54321/drone001/attrs,TS2,1647876613.228642
/54321/drone001/attrs,TS2,1647876613.233983
/54321/drone001/attrs,TS2,1647876613.239389
/54321/drone001/attrs,TS2,1647876613.244740
/54321/drone001/attrs,TS2,1647876613.250090
/54321/drone001/attrs,TS2,1647876613.255438
/54321/drone001/attrs,TS2,1647876613.260887
/54321/drone001/attrs,TS2,1647876613.266130
/54321/drone001/attrs,TS2,1647876613.271453
/54321/drone001/attrs,TS2,1647876613.276836
/54321/drone001/attrs,TS2,1647876613.282193
/54321/drone001/attrs,TS2,1647876613.287619
/54321/drone001/attrs,TS2,1647876613.292942
/54321/drone001/attrs,TS2,1647876613.298171
/54321/drone001/attrs,TS2,1647876613.303682
/54321/drone001/attrs,TS2,1647876613.309002
/54321/drone001/attrs,TS2,1647876613.314246
/54321/drone001/attrs,TS2,1647876613.319870
/54321/drone001/attrs,TS2,1647876613.325532
/54321/drone001/attrs,TS2,1647876613.330941
/54321/drone001/attrs,TS2,1647876613.336482
/54321/drone001/attrs,TS2,1647876613.341940
/54321/drone001/attrs,TS2,1647876613.347599
/54321/drone001/attrs,TS2,1647876613.353062
/54321/drone001/attrs,TS2,1647876613.358594
/54321/drone001/attrs,TS2,1647876613.364126
/54321/drone001/attrs,TS2,1647876613.376796
/54321/drone001/attrs,TS2,1647876613.377135
/54321/drone001/attrs,TS2,1647876613.380655
/54321/drone001/attrs,TS2,1647876613.386258
/54321/drone001/attrs,TS2,1647876613.391908
/54321/drone001/attrs,TS2,1647876613.397518
/54321/drone001/attrs,TS2,1647876613.403046
/54321/drone001/attrs,TS2,1647876613.408667
/54321/drone001/attrs,TS2,1647876613.414185
/54321/drone001/attrs,TS2,1647876613.419735
/54321/drone001/attrs,TS2,1647876613.425344
/54321/drone001/attrs,TS2,1647876613.430928
/54321/drone001/attrs,TS2,1647876613.436536
/54321/drone001/attrs,TS2,1647876613.442138
/54321/drone001/attrs,TS2,1647876613.447721
/54321/drone001/attrs,TS2,1647876613.453325
/54321/drone001/attrs,TS2,1647876613.458787
/54321/drone001/attrs,TS2,1647876613.464206
/54321/drone001/attrs,TS2,1647876613.469429
/54321/drone001/attrs,TS2,1647876613.474895
/54321/drone001/attrs,TS2,1647876613.480197
/54321/drone001/attrs,TS2,1647876613.485827
/54321/drone001/attrs,TS2,1647876613.491359
/54321/drone001/attrs,TS2,1647876613.496775
/54321/drone001/attrs,TS2,1647876613.502220
/54321/drone001/attrs,TS2,1647876613.507661
/54321/drone001/attrs,TS2,1647876613.512860
/54321/drone001/attrs,TS2,1647876613.518424
/54321/drone001/attrs,TS2,1647876613.523812
/54321/drone001/attrs,TS2,1647876613.529151
/54321/drone001/attrs,TS2,1647876613.534691
/54321/drone001/attrs,TS2,1647876613.540063
/54321/drone001/attrs,TS2,1647876613.545398
/54321/drone001/attrs,TS2,1647876613.550772
/54321/drone001/attrs,TS2,1647876613.556146
/54321/drone001/attrs,TS2,1647876613.561482
/54321/drone001/attrs,TS2,1647876613.566863
/54321/drone001/attrs,TS2,1647876613.572180
/54321/drone001/attrs,TS2,1647876613.577488
/54321/drone001/attrs,TS2,1647876613.582805
/54321/drone001/attrs,TS2,1647876613.588155
/54321/drone001/attrs,TS2,1647876613.594125
/54321/drone001/attrs,TS2,1647876613.598740
/54321/drone001/attrs,TS2,1647876613.604143
/54321/drone001/attrs,TS2,1647876613.609488
/54321/drone001/attrs,TS2,1647876613.614799
/54321/drone001/attrs,TS2,1647876613.620048
/54321/drone001/attrs,TS2,1647876613.625415
/54321/drone001/attrs,TS2,1647876613.630685
/54321/drone001/attrs,TS2,1647876613.636032
/54321/drone001/attrs,TS2,1647876613.641318
/54321/drone001/attrs,TS2,1647876613.646614
/54321/drone001/attrs,TS2,1647876613.651938
/54321/drone001/attrs,TS2,1647876613.657203
/54321/drone001/attrs,TS2,1647876613.662566
/54321/drone001/attrs,TS2,1647876613.667789
/54321/drone001/attrs,TS2,1647876613.673114
/54321/drone001/attrs,TS2,1647876613.678364
/54321/drone001/attrs,TS2,1647876613.683689
/54321/drone001/attrs,TS2,1647876613.689036
/54321/drone001/attrs,TS2,1647876613.694241
/54321/drone001/attrs,TS2,1647876613.699586
/54321/drone001/attrs,TS2,1647876613.704846
/54321/drone001/attrs,TS2,1647876613.710055
/54321/drone001/attrs,TS2,1647876613.715440
/54321/drone001/attrs,TS2,1647876613.720564
/54321/drone001/attrs,TS2,1647876613.726023
/54321/drone001/attrs,TS2,1647876613.731605
/54321/drone001/attrs,TS2,1647876613.736787
/54321/drone001/attrs,TS2,1647876613.742136
/54321/drone001/attrs,TS2,1647876613.747455
/54321/drone001/attrs,TS2,1647876613.752801
/54321/drone001/attrs,TS2,1647876613.757991
/54321/drone001/attrs,TS2,1647876613.763283
/54321/drone001/attrs,TS2,1647876613.768655
/54321/drone001/attrs,TS2,1647876613.773887
/54321/drone001/attrs,TS2,1647876613.779207
/54321/drone001/attrs,TS2,1647876613.784490
/54321/drone001/attrs,TS2,1647876613.789714
/54321/drone001/attrs,TS2,1647876613.795063
/54321/drone001/attrs,TS2,1647876613.800225
/54321/drone001/attrs,TS2,1647876613.805606
/54321/drone001/attrs,TS2,1647876613.810901
/54321/drone001/attrs,TS2,1647876613.816246
/54321/drone001/attrs,TS2,1647876613.821514
/54321/drone001/attrs,TS2,1647876613.826813
/54321/drone001/attrs,TS2,1647876613.832080
/54321/drone001/attrs,TS2,1647876613.837377
/54321/drone001/attrs,TS2,1647876613.842447
/54321/drone001/attrs,TS2,1647876613.847853
/54321/drone001/attrs,TS2,1647876613.853037
/54321/drone001/attrs,TS2,1647876613.858553
/54321/drone001/attrs,TS2,1647876613.863814
/54321/drone001/attrs,TS2,1647876613.869136
/54321/drone001/attrs,TS2,1647876613.874365
/54321/drone001/attrs,TS2,1647876613.879729
/54321/drone001/attrs,TS2,1647876613.885078
/54321/drone001/attrs,TS2,1647876613.890268
/54321/drone001/attrs,TS2,1647876613.895644
/54321/drone001/attrs,TS2,1647876613.900972
/54321/drone001/attrs,TS2,1647876613.906208
/54321/drone001/attrs,TS2,1647876613.911520
/54321/drone001/attrs,TS2,1647876613.916865
/54321/drone001/attrs,TS2,1647876613.922123
/54321/drone001/attrs,TS2,1647876613.927372
/54321/drone001/attrs,TS2,1647876613.932716
/54321/drone001/attrs,TS2,1647876613.937884
/54321/drone001/attrs,TS2,1647876613.943233
/54321/drone001/attrs,TS2,1647876613.948575
/54321/drone001/attrs,TS2,1647876613.953895
/54321/drone001/attrs,TS2,1647876613.959246
/54321/drone001/attrs,TS2,1647876613.964564
/54321/drone001/attrs,TS2,1647876613.969823
/54321/drone001/attrs,TS2,1647876613.975176
/54321/drone001/attrs,TS2,1647876613.980374
/54321/drone001/attrs,TS2,1647876613.985554
/54321/drone001/attrs,TS2,1647876613.991036
/54321/drone001/attrs,TS2,1647876613.996306
/54321/drone001/attrs,TS2,1647876614.1601
/54321/drone001/attrs,TS2,1647876614.6895
/54321/drone001/attrs,TS2,1647876614.11995
/54321/drone001/attrs,TS2,1647876614.17524
/54321/drone001/attrs,TS2,1647876614.22796
/54321/drone001/attrs,TS2,1647876614.28208
/54321/drone001/attrs,TS2,1647876614.33343
/54321/drone001/attrs,TS2,1647876614.38640
/54321/drone001/attrs,TS2,1647876614.43896
/54321/drone001/attrs,TS2,1647876614.49829
/54321/drone001/attrs,TS2,1647876614.54419
/54321/drone001/attrs,TS2,1647876614.59742
/54321/drone001/attrs,TS2,1647876614.65081
/54321/drone001/attrs,TS2,1647876614.70213
/54321/drone001/attrs,TS2,1647876614.75439
/54321/drone001/attrs,TS2,1647876614.80926
/54321/drone001/attrs,TS2,1647876614.86164
/54321/drone001/attrs,TS2,1647876614.91485
/54321/drone001/attrs,TS2,1647876614.96792
/54321/drone001/attrs,TS2,1647876614.102058
/54321/drone001/attrs,TS2,1647876614.107322
/54321/drone001/attrs,TS2,1647876614.112649
/54321/drone001/attrs,TS2,1647876614.117712
/54321/drone001/attrs,TS2,1647876614.123140
/54321/drone001/attrs,TS2,1647876614.128449
/54321/drone001/attrs,TS2,1647876614.133729
/54321/drone001/attrs,TS2,1647876614.139041
/54321/drone001/attrs,TS2,1647876614.144319
/54321/drone001/attrs,TS2,1647876614.149651
/54321/drone001/attrs,TS2,1647876614.154911
/54321/drone001/attrs,TS2,1647876614.160092
/54321/drone001/attrs,TS2,1647876614.165554
/54321/drone001/attrs,TS2,1647876614.170834
/54321/drone001/attrs,TS2,1647876614.176095
/54321/drone001/attrs,TS2,1647876614.181314
/54321/drone001/attrs,TS2,1647876614.186696
/54321/drone001/attrs,TS2,1647876614.191993
/54321/drone001/attrs,TS2,1647876614.197305
/54321/drone001/attrs,TS2,1647876614.202607
/54321/drone001/attrs,TS2,1647876614.207862
/54321/drone001/attrs,TS2,1647876614.213183
/54321/drone001/attrs,TS2,1647876614.218481
/54321/drone001/attrs,TS2,1647876614.223826
/54321/drone001/attrs,TS2,1647876614.229128
/54321/drone001/attrs,TS2,1647876614.234388
/54321/drone001/attrs,TS2,1647876614.239665
/54321/drone001/attrs,TS2,1647876614.245604
/54321/drone001/attrs,TS2,1647876614.250043
/54321/drone001/attrs,TS2,1647876614.255636
/54321/drone001/attrs,TS2,1647876614.260881
/54321/drone001/attrs,TS2,1647876614.266153
/54321/drone001/attrs,TS2,1647876614.271427
/54321/drone001/attrs,TS2,1647876614.276705
/54321/drone001/attrs,TS2,1647876614.282039
/54321/drone001/attrs,TS2,1647876614.287199
/54321/drone001/attrs,TS2,1647876614.292758
/54321/drone001/attrs,TS2,1647876614.297799
/54321/drone001/attrs,TS2,1647876614.303108
/54321/drone001/attrs,TS2,1647876614.308176
/54321/drone001/attrs,TS2,1647876614.313798
/54321/drone001/attrs,TS2,1647876614.318995
/54321/drone001/attrs,TS2,1647876614.324292
/54321/drone001/attrs,TS2,1647876614.329649
/54321/drone001/attrs,TS2,1647876614.334916
/54321/drone001/attrs,TS2,1647876614.340125
/54321/drone001/attrs,TS2,1647876614.345486
/54321/drone001/attrs,TS2,1647876614.350867
/54321/drone001/attrs,TS2,1647876614.356025
/54321/drone001/attrs,TS2,1647876614.361298
/54321/drone001/attrs,TS2,1647876614.366579
/54321/drone001/attrs,TS2,1647876614.371877
/54321/drone001/attrs,TS2,1647876614.377096
/54321/drone001/attrs,TS2,1647876614.382364
/54321/drone001/attrs,TS2,1647876614.387688
/54321/drone001/attrs,TS2,1647876614.392807
/54321/drone001/attrs,TS2,1647876614.398260
/54321/drone001/attrs,TS2,1647876614.403583
/54321/drone001/attrs,TS2,1647876614.408884
/54321/drone001/attrs,TS2,1647876614.414195
/54321/drone001/attrs,TS2,1647876614.419446
/54321/drone001/attrs,TS2,1647876614.424733
/54321/drone001/attrs,TS2,1647876614.429993
/54321/drone001/attrs,TS2,1647876614.435361
/54321/drone001/attrs,TS2,1647876614.440937
/54321/drone001/attrs,TS2,1647876614.445957
/54321/drone001/attrs,TS2,1647876614.451240
/54321/drone001/attrs,TS2,1647876614.456609
/54321/drone001/attrs,TS2,1647876614.461871
/54321/drone001/attrs,TS2,1647876614.467192
/54321/drone001/attrs,TS2,1647876614.472488
/54321/drone001/attrs,TS2,1647876614.477985
/54321/drone001/attrs,TS2,1647876614.483275
/54321/drone001/attrs,TS2,1647876614.488659
/54321/drone001/attrs,TS2,1647876614.493903
/54321/drone001/attrs,TS2,1647876614.499140
/54321/drone001/attrs,TS2,1647876614.504410
/54321/drone001/attrs,TS2,1647876614.509776
/54321/drone001/attrs,TS2,1647876614.515052
/54321/drone001/attrs,TS2,1647876614.520281
/54321/drone001/attrs,TS2,1647876614.525448
/54321/drone001/attrs,TS2,1647876614.530940
/54321/drone001/attrs,TS2,1647876614.536205
/54321/drone001/attrs,TS2,1647876614.541532
/54321/drone001/attrs,TS2,1647876614.546847
/54321/drone001/attrs,TS2,1647876614.552121
/54321/drone001/attrs,TS2,1647876614.557394
/54321/drone001/attrs,TS2,1647876614.562680
/54321/drone001/attrs,TS2,1647876614.567938
/54321/drone001/attrs,TS2,1647876614.573258
/54321/drone001/attrs,TS2,1647876614.578551
/54321/drone001/attrs,TS2,1647876614.583792
/54321/drone001/attrs,TS2,1647876614.589169
/54321/drone001/attrs,TS2,1647876614.594372
/54321/drone001/attrs,TS2,1647876614.599627
/54321/drone001/attrs,TS2,1647876614.605034
/54321/drone001/attrs,TS2,1647876614.610173
/54321/drone001/attrs,TS2,1647876614.615577
/54321/drone001/attrs,TS2,1647876614.620823
/54321/drone001/attrs,TS2,1647876614.626149
/54321/drone001/attrs,TS2,1647876614.631412
/54321/drone001/attrs,TS2,1647876614.636637
/54321/drone001/attrs,TS2,1647876614.641999
/54321/drone001/attrs,TS2,1647876614.647247
/54321/drone001/attrs,TS2,1647876614.652561
/54321/drone001/attrs,TS2,1647876614.657828
/54321/drone001/attrs,TS2,1647876614.663047
/54321/drone001/attrs,TS2,1647876614.668356
/54321/drone001/attrs,TS2,1647876614.673625
/54321/drone001/attrs,TS2,1647876614.678830
/54321/drone001/attrs,TS2,1647876614.684230
/54321/drone001/attrs,TS2,1647876614.689453
/54321/drone001/attrs,TS2,1647876614.694894
/54321/drone001/attrs,TS2,1647876614.700946
/54321/drone001/attrs,TS2,1647876614.705486
/54321/drone001/attrs,TS2,1647876614.710783
/54321/drone001/attrs,TS2,1647876614.716028
/54321/drone001/attrs,TS2,1647876614.721353
/54321/drone001/attrs,TS2,1647876614.726667
/54321/drone001/attrs,TS2,1647876614.731941
/54321/drone001/attrs,TS2,1647876614.737259
/54321/drone001/attrs,TS2,1647876614.742544
/54321/drone001/attrs,TS2,1647876614.747804
/54321/drone001/attrs,TS2,1647876614.753092
/54321/drone001/attrs,TS2,1647876614.758393
/54321/drone001/attrs,TS2,1647876614.763702
/54321/drone001/attrs,TS2,1647876614.768993
/54321/drone001/attrs,TS2,1647876614.774235
/54321/drone001/attrs,TS2,1647876614.779553
/54321/drone001/attrs,TS2,1647876614.784839
/54321/drone001/attrs,TS2,1647876614.790001
/54321/drone001/attrs,TS2,1647876614.795446
/54321/drone001/attrs,TS2,1647876614.800744
/54321/drone001/attrs,TS2,1647876614.806034
/54321/drone001/attrs,TS2,1647876614.811319
/54321/drone001/attrs,TS2,1647876614.816645
/54321/drone001/attrs,TS2,1647876614.822117
/54321/drone001/attrs,TS2,1647876614.827624
/54321/drone001/attrs,TS2,1647876614.832796
/54321/drone001/attrs,TS2,1647876614.838182
/54321/drone001/attrs,TS2,1647876614.843709
/54321/drone001/attrs,TS2,1647876614.849237
/54321/drone001/attrs,TS2,1647876614.854654
/54321/drone001/attrs,TS2,1647876614.860107
/54321/drone001/attrs,TS2,1647876614.865623
/54321/drone001/attrs,TS2,1647876614.871322
/54321/drone001/attrs,TS2,1647876614.876806
/54321/drone001/attrs,TS2,1647876614.882504
/54321/drone001/attrs,TS2,1647876614.888036
/54321/drone001/attrs,TS2,1647876614.893658
/54321/drone001/attrs,TS2,1647876614.898994
/54321/drone001/attrs,TS2,1647876614.904369
/54321/drone001/attrs,TS2,1647876614.909706
/54321/drone001/attrs,TS2,1647876614.915388
/54321/drone001/attrs,TS2,1647876614.920859
/54321/drone001/attrs,TS2,1647876614.926144
/54321/drone001/attrs,TS2,1647876614.931579
/54321/drone001/attrs,TS2,1647876614.937004
/54321/drone001/attrs,TS2,1647876614.942299
/54321/drone001/attrs,TS2,1647876614.947758
/54321/drone001/attrs,TS2,1647876614.953305
/54321/drone001/attrs,TS2,1647876614.958724
/54321/drone001/attrs,TS2,1647876614.964196
/54321/drone001/attrs,TS2,1647876614.969682
/54321/drone001/attrs,TS2,1647876614.975438
/54321/drone001/attrs,TS2,1647876614.980995
/54321/drone001/attrs,TS2,1647876614.986499
/54321/drone001/attrs,TS2,1647876614.992046
/54321/drone001/attrs,TS2,1647876614.997586
/54321/drone001/attrs,TS2,1647876615.3176
/54321/drone001/attrs,TS2,1647876615.8662
/54321/drone001/attrs,TS2,1647876615.14119
/54321/drone001/attrs,TS2,1647876615.19608
/54321/drone001/attrs,TS2,1647876615.25096
/54321/drone001/attrs,TS2,1647876615.30447
/54321/drone001/attrs,TS2,1647876615.35989
/54321/drone001/attrs,TS2,1647876615.41443
/54321/drone001/attrs,TS2,1647876615.46992
/54321/drone001/attrs,TS2,1647876615.52570
/54321/drone001/attrs,TS2,1647876615.58104
/54321/drone001/attrs,TS2,1647876615.63703
/54321/drone001/attrs,TS2,1647876615.69233
/54321/drone001/attrs,TS2,1647876615.74811
/54321/drone001/attrs,TS2,1647876615.80377
/54321/drone001/attrs,TS2,1647876615.86007
/54321/drone001/attrs,TS2,1647876615.92023
/54321/drone001/attrs,TS2,1647876615.97139
/54321/drone001/attrs,TS2,1647876615.102704
/54321/drone001/attrs,TS2,1647876615.108237
/54321/drone001/attrs,TS2,1647876615.113825
/54321/drone001/attrs,TS2,1647876615.119216
/54321/drone001/attrs,TS2,1647876615.124617
/54321/drone001/attrs,TS2,1647876615.129996
/54321/drone001/attrs,TS2,1647876615.135244
/54321/drone001/attrs,TS2,1647876615.140544
/54321/drone001/attrs,TS2,1647876615.145780
/54321/drone001/attrs,TS2,1647876615.150926
/54321/drone001/attrs,TS2,1647876615.157173
/54321/drone001/attrs,TS2,1647876615.162161
/54321/drone001/attrs,TS2,1647876615.167729
/54321/drone001/attrs,TS2,1647876615.173321
/54321/drone001/attrs,TS2,1647876615.179047
/54321/drone001/attrs,TS2,1647876615.184558
/54321/drone001/attrs,TS2,1647876615.190026
/54321/drone001/attrs,TS2,1647876615.195415
/54321/drone001/attrs,TS2,1647876615.201204
/54321/drone001/attrs,TS2,1647876615.206787
/54321/drone001/attrs,TS2,1647876615.212416
/54321/drone001/attrs,TS2,1647876615.218024
/54321/drone001/attrs,TS2,1647876615.223599
/54321/drone001/attrs,TS2,1647876615.229137
/54321/drone001/attrs,TS2,1647876615.234846
/54321/drone001/attrs,TS2,1647876615.240277
/54321/drone001/attrs,TS2,1647876615.245953
/54321/drone001/attrs,TS2,1647876615.251502
/54321/drone001/attrs,TS2,1647876615.257083
/54321/drone001/attrs,TS2,1647876615.262673
/54321/drone001/attrs,TS2,1647876615.268172
/54321/drone001/attrs,TS2,1647876615.273716
/54321/drone001/attrs,TS2,1647876615.279397
/54321/drone001/attrs,TS2,1647876615.284853
/54321/drone001/attrs,TS2,1647876615.290543
/54321/drone001/attrs,TS2,1647876615.296054
/54321/drone001/attrs,TS2,1647876615.301621
/54321/drone001/attrs,TS2,1647876615.307187
/54321/drone001/attrs,TS2,1647876615.312721
/54321/drone001/attrs,TS2,1647876615.318286
/54321/drone001/attrs,TS2,1647876615.323878
/54321/drone001/attrs,TS2,1647876615.329207
/54321/drone001/attrs,TS2,1647876615.334946
/54321/drone001/attrs,TS2,1647876615.340535
/54321/drone001/attrs,TS2,1647876615.346062
/54321/drone001/attrs,TS2,1647876615.352381
/54321/drone001/attrs,TS2,1647876615.357242
/54321/drone001/attrs,TS2,1647876615.362769
/54321/drone001/attrs,TS2,1647876615.368367
/54321/drone001/attrs,TS2,1647876615.373838
/54321/drone001/attrs,TS2,1647876615.379552
/54321/drone001/attrs,TS2,1647876615.385159
/54321/drone001/attrs,TS2,1647876615.390704
/54321/drone001/attrs,TS2,1647876615.396248
/54321/drone001/attrs,TS2,1647876615.401820
/54321/drone001/attrs,TS2,1647876615.407439
/54321/drone001/attrs,TS2,1647876615.413023
/54321/drone001/attrs,TS2,1647876615.418315
/54321/drone001/attrs,TS2,1647876615.424228
/54321/drone001/attrs,TS2,1647876615.429830
/54321/drone001/attrs,TS2,1647876615.435436
/54321/drone001/attrs,TS2,1647876615.441042
/54321/drone001/attrs,TS2,1647876615.446590
/54321/drone001/attrs,TS2,1647876615.452171
/54321/drone001/attrs,TS2,1647876615.457678
/54321/drone001/attrs,TS2,1647876615.463221
/54321/drone001/attrs,TS2,1647876615.468890
/54321/drone001/attrs,TS2,1647876615.474357
/54321/drone001/attrs,TS2,1647876615.479813
/54321/drone001/attrs,TS2,1647876615.485443
/54321/drone001/attrs,TS2,1647876615.490979
/54321/drone001/attrs,TS2,1647876615.496532
/54321/drone001/attrs,TS2,1647876615.502007
/54321/drone001/attrs,TS2,1647876615.507623
/54321/drone001/attrs,TS2,1647876615.512958
/54321/drone001/attrs,TS2,1647876615.518516
/54321/drone001/attrs,TS2,1647876615.524195
/54321/drone001/attrs,TS2,1647876615.529759
/54321/drone001/attrs,TS2,1647876615.535240
/54321/drone001/attrs,TS2,1647876615.540741
/54321/drone001/attrs,TS2,1647876615.546396
/54321/drone001/attrs,TS2,1647876615.551905
/54321/drone001/attrs,TS2,1647876615.557487
/54321/drone001/attrs,TS2,1647876615.563036
/54321/drone001/attrs,TS2,1647876615.568651
/54321/drone001/attrs,TS2,1647876615.574162
/54321/drone001/attrs,TS2,1647876615.579717
/54321/drone001/attrs,TS2,1647876615.585260
/54321/drone001/attrs,TS2,1647876615.590867
/54321/drone001/attrs,TS2,1647876615.596562
/54321/drone001/attrs,TS2,1647876615.601976
/54321/drone001/attrs,TS2,1647876615.607669
/54321/drone001/attrs,TS2,1647876615.613162
/54321/drone001/attrs,TS2,1647876615.618677
/54321/drone001/attrs,TS2,1647876615.624259
/54321/drone001/attrs,TS2,1647876615.629841
/54321/drone001/attrs,TS2,1647876615.635522
/54321/drone001/attrs,TS2,1647876615.641021
/54321/drone001/attrs,TS2,1647876615.646503
/54321/drone001/attrs,TS2,1647876615.652119
/54321/drone001/attrs,TS2,1647876615.657696
/54321/drone001/attrs,TS2,1647876615.663339
/54321/drone001/attrs,TS2,1647876615.668790
/54321/drone001/attrs,TS2,1647876615.674421
/54321/drone001/attrs,TS2,1647876615.679928
/54321/drone001/attrs,TS2,1647876615.685536
/54321/drone001/attrs,TS2,1647876615.691110
/54321/drone001/attrs,TS2,1647876615.696655
/54321/drone001/attrs,TS2,1647876615.702206
/54321/drone001/attrs,TS2,1647876615.707732
/54321/drone001/attrs,TS2,1647876615.713343
/54321/drone001/attrs,TS2,1647876615.719048
/54321/drone001/attrs,TS2,1647876615.724384
/54321/drone001/attrs,TS2,1647876615.729981
/54321/drone001/attrs,TS2,1647876615.735585
/54321/drone001/attrs,TS2,1647876615.741147
/54321/drone001/attrs,TS2,1647876615.746780
/54321/drone001/attrs,TS2,1647876615.752268
/54321/drone001/attrs,TS2,1647876615.757811
/54321/drone001/attrs,TS2,1647876615.763438
/54321/drone001/attrs,TS2,1647876615.768980
/54321/drone001/attrs,TS2,1647876615.774812
/54321/drone001/attrs,TS2,1647876615.780295
/54321/drone001/attrs,TS2,1647876615.785938
/54321/drone001/attrs,TS2,1647876615.791541
/54321/drone001/attrs,TS2,1647876615.797033
/54321/drone001/attrs,TS2,1647876615.802583
/54321/drone001/attrs,TS2,1647876615.808490
/54321/drone001/attrs,TS2,1647876615.813632
/54321/drone001/attrs,TS2,1647876615.819218
/54321/drone001/attrs,TS2,1647876615.824830
/54321/drone001/attrs,TS2,1647876615.830348
/54321/drone001/attrs,TS2,1647876615.835938
/54321/drone001/attrs,TS2,1647876615.841490
/54321/drone001/attrs,TS2,1647876615.846979
/54321/drone001/attrs,TS2,1647876615.852599
/54321/drone001/attrs,TS2,1647876615.857978
/54321/drone001/attrs,TS2,1647876615.863666
/54321/drone001/attrs,TS2,1647876615.869245
/54321/drone001/attrs,TS2,1647876615.874638
/54321/drone001/attrs,TS2,1647876615.880227
/54321/drone001/attrs,TS2,1647876615.885725
/54321/drone001/attrs,TS2,1647876615.891148
/54321/drone001/attrs,TS2,1647876615.896851
/54321/drone001/attrs,TS2,1647876615.902386
/54321/drone001/attrs,TS2,1647876615.907972
/54321/drone001/attrs,TS2,1647876615.913561
/54321/drone001/attrs,TS2,1647876615.918952
/54321/drone001/attrs,TS2,1647876615.924491
/54321/drone001/attrs,TS2,1647876615.929919
/54321/drone001/attrs,TS2,1647876615.935582
/54321/drone001/attrs,TS2,1647876615.941158
/54321/drone001/attrs,TS2,1647876615.946632
/54321/drone001/attrs,TS2,1647876615.952236
/54321/drone001/attrs,TS2,1647876615.957724
/54321/drone001/attrs,TS2,1647876615.963523
/54321/drone001/attrs,TS2,1647876615.968960
/54321/drone001/attrs,TS2,1647876615.974382
/54321/drone001/attrs,TS2,1647876615.979825
/54321/drone001/attrs,TS2,1647876615.985321
/54321/drone001/attrs,TS2,1647876615.990793
/54321/drone001/attrs,TS2,1647876615.996307
/54321/drone001/attrs,TS2,1647876616.1921
/54321/drone001/attrs,TS2,1647876616.7527
/54321/drone001/attrs,TS2,1647876616.12917
/54321/drone001/attrs,TS2,1647876616.18274
/54321/drone001/attrs,TS2,1647876616.23800
/54321/drone001/attrs,TS2,1647876616.29348
/54321/drone001/attrs,TS2,1647876616.34805
/54321/drone001/attrs,TS2,1647876616.40270
/54321/drone001/attrs,TS2,1647876616.45956
/54321/drone001/attrs,TS2,1647876616.51419
/54321/drone001/attrs,TS2,1647876616.57050
/54321/drone001/attrs,TS2,1647876616.62599
/54321/drone001/attrs,TS2,1647876616.68704
/54321/drone001/attrs,TS2,1647876616.73711
/54321/drone001/attrs,TS2,1647876616.79143
/54321/drone001/attrs,TS2,1647876616.84868
/54321/drone001/attrs,TS2,1647876616.90486
/54321/drone001/attrs,TS2,1647876616.95912
/54321/drone001/attrs,TS2,1647876616.101524
/54321/drone001/attrs,TS2,1647876616.107038
/54321/drone001/attrs,TS2,1647876616.112710
/54321/drone001/attrs,TS2,1647876616.118101
/54321/drone001/attrs,TS2,1647876616.123669
/54321/drone001/attrs,TS2,1647876616.129165
/54321/drone001/attrs,TS2,1647876616.134727
/54321/drone001/attrs,TS2,1647876616.140511
/54321/drone001/attrs,TS2,1647876616.146044
/54321/drone001/attrs,TS2,1647876616.151602
/54321/drone001/attrs,TS2,1647876616.156835
/54321/drone001/attrs,TS2,1647876616.162642
/54321/drone001/attrs,TS2,1647876616.168289
/54321/drone001/attrs,TS2,1647876616.173857
/54321/drone001/attrs,TS2,1647876616.179415
/54321/drone001/attrs,TS2,1647876616.184968
/54321/drone001/attrs,TS2,1647876616.190454
/54321/drone001/attrs,TS2,1647876616.195988
/54321/drone001/attrs,TS2,1647876616.201281
/54321/drone001/attrs,TS2,1647876616.207034
/54321/drone001/attrs,TS2,1647876616.212581
/54321/drone001/attrs,TS2,1647876616.218198
/54321/drone001/attrs,TS2,1647876616.223816
/54321/drone001/attrs,TS2,1647876616.229325
/54321/drone001/attrs,TS2,1647876616.234911
/54321/drone001/attrs,TS2,1647876616.240444
/54321/drone001/attrs,TS2,1647876616.245999
/54321/drone001/attrs,TS2,1647876616.251673
/54321/drone001/attrs,TS2,1647876616.257088
/54321/drone001/attrs,TS2,1647876616.262671
/54321/drone001/attrs,TS2,1647876616.268250
/54321/drone001/attrs,TS2,1647876616.273796
/54321/drone001/attrs,TS2,1647876616.279446
/54321/drone001/attrs,TS2,1647876616.285029
/54321/drone001/attrs,TS2,1647876616.290517
/54321/drone001/attrs,TS2,1647876616.296073
/54321/drone001/attrs,TS2,1647876616.301734
/54321/drone001/attrs,TS2,1647876616.307251
/54321/drone001/attrs,TS2,1647876616.312804
/54321/drone001/attrs,TS2,1647876616.318401
/54321/drone001/attrs,TS2,1647876616.326594
/54321/drone001/attrs,TS2,1647876616.329453
/54321/drone001/attrs,TS2,1647876616.335038
/54321/drone001/attrs,TS2,1647876616.340661
/54321/drone001/attrs,TS2,1647876616.346188
/54321/drone001/attrs,TS2,1647876616.351739
/54321/drone001/attrs,TS2,1647876616.357318
/54321/drone001/attrs,TS2,1647876616.362819
/54321/drone001/attrs,TS2,1647876616.368347
/54321/drone001/attrs,TS2,1647876616.374056
/54321/drone001/attrs,TS2,1647876616.379546
/54321/drone001/attrs,TS2,1647876616.385258
/54321/drone001/attrs,TS2,1647876616.390777
/54321/drone001/attrs,TS2,1647876616.396326
/54321/drone001/attrs,TS2,1647876616.401995
/54321/drone001/attrs,TS2,1647876616.407496
/54321/drone001/attrs,TS2,1647876616.412924
/54321/drone001/attrs,TS2,1647876616.418579
/54321/drone001/attrs,TS2,1647876616.424008
/54321/drone001/attrs,TS2,1647876616.429703
/54321/drone001/attrs,TS2,1647876616.435007
/54321/drone001/attrs,TS2,1647876616: Client tester-pub closed its connection.
1647876710: Client iotaul_441f184b closed its connection.
1647876745: mosquitto version 2.0.14 terminating
1647876616.440683
/54321/drone001/attrs,TS2,1647876616.446282
/54321/drone001/attrs,TS2,1647876616.451977
/54321/drone001/attrs,TS2,1647876616.457345
/54321/drone001/attrs,TS2,1647876616.463018
/54321/drone001/attrs,TS2,1647876616.468661
/54321/drone001/attrs,TS2,1647876616.474196
/54321/drone001/attrs,TS2,1647876616.479729
/54321/drone001/attrs,TS2,1647876616.485350
/54321/drone001/attrs,TS2,1647876616.490883
/54321/drone001/attrs,TS2,1647876616.496446
/54321/drone001/attrs,TS2,1647876616.501858
/54321/drone001/attrs,TS2,1647876616.507644
/54321/drone001/attrs,TS2,1647876616.513126
/54321/drone001/attrs,TS2,1647876616.518824
/54321/drone001/attrs,TS2,1647876616.524737
/54321/drone001/attrs,TS2,1647876616.529838
/54321/drone001/attrs,TS2,1647876616.535349
/54321/drone001/attrs,TS2,1647876616.541053
/54321/drone001/attrs,TS2,1647876616.546562
/54321/drone001/attrs,TS2,1647876616.552061
/54321/drone001/attrs,TS2,1647876616.557742
/54321/drone001/attrs,TS2,1647876616.563427
/54321/drone001/attrs,TS2,1647876616.568936
/54321/drone001/attrs,TS2,1647876616.574492
/54321/drone001/attrs,TS2,1647876616.579995
/54321/drone001/attrs,TS2,1647876616.585643
/54321/drone001/attrs,TS2,1647876616.591055
/54321/drone001/attrs,TS2,1647876616.596716
/54321/drone001/attrs,TS2,1647876616.602253
/54321/drone001/attrs,TS2,1647876616.607821
/54321/drone001/attrs,TS2,1647876616.613369
/54321/drone001/attrs,TS2,1647876616.619036
/54321/drone001/attrs,TS2,1647876616.624417
/54321/drone001/attrs,TS2,1647876616.629942
/54321/drone001/attrs,TS2,1647876616.635524
/54321/drone001/attrs,TS2,1647876616.641099
/54321/drone001/attrs,TS2,1647876616.646564
/54321/drone001/attrs,TS2,1647876616.652055
/54321/drone001/attrs,TS2,1647876616.657647
/54321/drone001/attrs,TS2,1647876616.663198
/54321/drone001/attrs,TS2,1647876616.668719
/54321/drone001/attrs,TS2,1647876616.674285
/54321/drone001/attrs,TS2,1647876616.679696
/54321/drone001/attrs,TS2,1647876616.685368
/54321/drone001/attrs,TS2,1647876616.690928
/54321/drone001/attrs,TS2,1647876616.696536
/54321/drone001/attrs,TS2,1647876616.702015
/54321/drone001/attrs,TS2,1647876616.707517
/54321/drone001/attrs,TS2,1647876616.713089
/54321/drone001/attrs,TS2,1647876616.718698
/54321/drone001/attrs,TS2,1647876616.724190
/54321/drone001/attrs,TS2,1647876616.729630
/54321/drone001/attrs,TS2,1647876616.735365
/54321/drone001/attrs,TS2,1647876616.740994
/54321/drone001/attrs,TS2,1647876616.746562
/54321/drone001/attrs,TS2,1647876616.752049
/54321/drone001/attrs,TS2,1647876616.757685
/54321/drone001/attrs,TS2,1647876616.763119
/54321/drone001/attrs,TS2,1647876616.768747
/54321/drone001/attrs,TS2,1647876616.774308
/54321/drone001/attrs,TS2,1647876616.779883
/54321/drone001/attrs,TS2,1647876616.785418
/54321/drone001/attrs,TS2,1647876616.790956
/54321/drone001/attrs,TS2,1647876616.796523
/54321/drone001/attrs,TS2,1647876616.802130
/54321/drone001/attrs,TS2,1647876616.807621
/54321/drone001/attrs,TS2,1647876616.813207
