TS1:/54321/drone001/attrs:lat|0|lon|0|z|0|h|1|v|1647878736.8276565
TS1:/54321/drone001/attrs:lat|0|lon|0|z|0|h|2|v|1647878736.8479872
TS1:/54321/drone001/attrs:lat|0|lon|0|z|0|h|3|v|1647878736.8685398
TS1:/54321/drone001/attrs:lat|0|lon|0|z|0|h|4|v|1647878736.8891323
TS1:/54321/drone001/attrs:lat|0|lon|0|z|0|h|5|v|1647878736.9097507
TS1:/54321/drone001/attrs:lat|0|lon|0|z|0|h|6|v|1647878736.930306
TS1:/54321/drone001/attrs:lat|0|lon|0|z|0|h|7|v|1647878736.9509268
TS1:/54321/drone001/attrs:lat|0|lon|0|z|0|h|8|v|1647878736.9714937
TS1:/54321/drone001/attrs:lat|0|lon|0|z|0|h|9|v|1647878736.9920774
TS1:/54321/drone001/attrs:lat|0|lon|0|z|0|h|10|v|1647878737.012665
TS1:/54321/drone001/attrs:lat|0|lon|0|z|0|h|11|v|1647878737.033253
TS1:/54321/drone001/attrs:lat|0|lon|0|z|0|h|12|v|1647878737.0538657
TS1:/54321/drone001/attrs:lat|0|lon|0|z|0|h|13|v|1647878737.074362
TS1:/54321/drone001/attrs:lat|0|lon|0|z|0|h|14|v|1647878737.094968
TS1:/54321/drone001/attrs:lat|0|lon|0|z|0|h|15|v|1647878737.1155725
TS1:/54321/drone001/attrs:lat|0|lon|0|z|0|h|16|v|1647878737.1361618
TS1:/54321/drone001/attrs:lat|0|lon|0|z|0|h|17|v|1647878737.1567783
TS1:/54321/drone001/attrs:lat|0|lon|0|z|0|h|18|v|1647878737.177404
TS1:/54321/drone001/attrs:lat|0|lon|0|z|0|h|19|v|1647878737.1980178
TS1:/54321/drone001/attrs:lat|0|lon|0|z|0|h|20|v|1647878737.2186036
TS1:/54321/drone001/attrs:lat|0|lon|0|z|0|h|21|v|1647878737.23915
TS1:/54321/drone001/attrs:lat|0|lon|0|z|0|h|22|v|1647878737.259773
TS1:/54321/drone001/attrs:lat|0|lon|0|z|0|h|23|v|1647878737.2803671
TS1:/54321/drone001/attrs:lat|0|lon|0|z|0|h|24|v|1647878737.3009408
TS1:/54321/drone001/attrs:lat|0|lon|0|z|0|h|25|v|1647878737.3215604
TS1:/54321/drone001/attrs:lat|0|lon|0|z|0|h|26|v|1647878737.342148
TS1:/54321/drone001/attrs:lat|0|lon|0|z|0|h|27|v|1647878737.3626537
TS1:/54321/drone001/attrs:lat|0|lon|0|z|0|h|28|v|1647878737.3832414
TS1:/54321/drone001/attrs:lat|0|lon|0|z|0|h|29|v|1647878737.4038541
TS1:/54321/drone001/attrs:lat|0|lon|0|z|0|h|30|v|1647878737.4244258
TS1:/54321/drone001/attrs:lat|0|lon|0|z|0|h|31|v|1647878737.4450378
TS1:/54321/drone001/attrs:lat|0|lon|0|z|0|h|32|v|1647878737.4656618
TS1:/54321/drone001/attrs:lat|0|lon|0|z|0|h|33|v|1647878737.4862137
TS1:/54321/drone001/attrs:lat|0|lon|0|z|0|h|34|v|1647878737.506818
TS1:/54321/drone001/attrs:lat|0|lon|0|z|0|h|35|v|1647878737.5273998
TS1:/54321/drone001/attrs:lat|0|lon|0|z|0|h|36|v|1647878737.548009
TS1:/54321/drone001/attrs:lat|0|lon|0|z|0|h|37|v|1647878737.5685983
TS1:/54321/drone001/attrs:lat|0|lon|0|z|0|h|38|v|1647878737.589157
TS1:/54321/drone001/attrs:lat|0|lon|0|z|0|h|39|v|1647878737.6097846
TS1:/54321/drone001/attrs:lat|0|lon|0|z|0|h|40|v|1647878737.6303413
TS1:/54321/drone001/attrs:lat|0|lon|0|z|0|h|41|v|1647878737.650965
TS1:/54321/drone001/attrs:lat|0|lon|0|z|0|h|42|v|1647878737.6715546
TS1:/54321/drone001/attrs:lat|0|lon|0|z|0|h|43|v|1647878737.6921432
TS1:/54321/drone001/attrs:lat|0|lon|0|z|0|h|44|v|1647878737.7127671
TS1:/54321/drone001/attrs:lat|0|lon|0|z|0|h|45|v|1647878737.7333193
TS1:/54321/drone001/attrs:lat|0|lon|0|z|0|h|46|v|1647878737.753922
TS1:/54321/drone001/attrs:lat|0|lon|0|z|0|h|47|v|1647878737.7745392
TS1:/54321/drone001/attrs:lat|0|lon|0|z|0|h|48|v|1647878737.795095
TS1:/54321/drone001/attrs:lat|0|lon|0|z|0|h|49|v|1647878737.8156953
TS1:/54321/drone001/attrs:lat|0|lon|0|z|0|h|50|v|1647878737.83625
TS1:/54321/drone001/attrs:lat|0|lon|0|z|0|h|51|v|1647878737.8568656
TS1:/54321/drone001/attrs:lat|0|lon|0|z|0|h|52|v|1647878737.8775184
TS1:/54321/drone001/attrs:lat|0|lon|0|z|0|h|53|v|1647878737.89804
TS1:/54321/drone001/attrs:lat|0|lon|0|z|0|h|54|v|1647878737.9185603
TS1:/54321/drone001/attrs:lat|0|lon|0|z|0|h|55|v|1647878737.9390783
TS1:/54321/drone001/attrs:lat|0|lon|0|z|0|h|56|v|1647878737.9596713
TS1:/54321/drone001/attrs:lat|0|lon|0|z|0|h|57|v|1647878737.9802597
TS1:/54321/drone001/attrs:lat|0|lon|0|z|0|h|58|v|1647878738.0008483
TS1:/54321/drone001/attrs:lat|0|lon|0|z|0|h|59|v|1647878738.0214288
TS1:/54321/drone001/attrs:lat|0|lon|0|z|0|h|60|v|1647878738.0420582
TS1:/54321/drone001/attrs:lat|0|lon|0|z|0|h|61|v|1647878738.0626466
TS1:/54321/drone001/attrs:lat|0|lon|0|z|0|h|62|v|1647878738.0832436
TS1:/54321/drone001/attrs:lat|0|lon|0|z|0|h|63|v|1647878738.103763
TS1:/54321/drone001/attrs:lat|0|lon|0|z|0|h|64|v|1647878738.124315
TS1:/54321/drone001/attrs:lat|0|lon|0|z|0|h|65|v|1647878738.1449165
TS1:/54321/drone001/attrs:lat|0|lon|0|z|0|h|66|v|1647878738.1655636
TS1:/54321/drone001/attrs:lat|0|lon|0|z|0|h|67|v|1647878738.1861866
TS1:/54321/drone001/attrs:lat|0|lon|0|z|0|h|68|v|1647878738.206776
TS1:/54321/drone001/attrs:lat|0|lon|0|z|0|h|69|v|1647878738.2273614
TS1:/54321/drone001/attrs:lat|0|lon|0|z|0|h|70|v|1647878738.2479734
TS1:/54321/drone001/attrs:lat|0|lon|0|z|0|h|71|v|1647878738.2685697
TS1:/54321/drone001/attrs:lat|0|lon|0|z|0|h|72|v|1647878738.28915
TS1:/54321/drone001/attrs:lat|0|lon|0|z|0|h|73|v|1647878738.309759
TS1:/54321/drone001/attrs:lat|0|lon|0|z|0|h|74|v|1647878738.3302548
TS1:/54321/drone001/attrs:lat|0|lon|0|z|0|h|75|v|1647878738.350869
TS1:/54321/drone001/attrs:lat|0|lon|0|z|0|h|76|v|1647878738.3714535
TS1:/54321/drone001/attrs:lat|0|lon|0|z|0|h|77|v|1647878738.3920736
TS1:/54321/drone001/attrs:lat|0|lon|0|z|0|h|78|v|1647878738.4126403
TS1:/54321/drone001/attrs:lat|0|lon|0|z|0|h|79|v|1647878738.4332275
TS1:/54321/drone001/attrs:lat|0|lon|0|z|0|h|80|v|1647878738.4538467
TS1:/54321/drone001/attrs:lat|0|lon|0|z|0|h|81|v|1647878738.4744341
TS1:/54321/drone001/attrs:lat|0|lon|0|z|0|h|82|v|1647878738.495053
TS1:/54321/drone001/attrs:lat|0|lon|0|z|0|h|83|v|1647878738.5156207
TS1:/54321/drone001/attrs:lat|0|lon|0|z|0|h|84|v|1647878738.53621
TS1:/54321/drone001/attrs:lat|0|lon|0|z|0|h|85|v|1647878738.556836
TS1:/54321/drone001/attrs:lat|0|lon|0|z|0|h|86|v|1647878738.5774357
TS1:/54321/drone001/attrs:lat|0|lon|0|z|0|h|87|v|1647878738.598016
TS1:/54321/drone001/attrs:lat|0|lon|0|z|0|h|88|v|1647878738.6185896
TS1:/54321/drone001/attrs:lat|0|lon|0|z|0|h|89|v|1647878738.639129
TS1:/54321/drone001/attrs:lat|0|lon|0|z|0|h|90|v|1647878738.6596808
TS1:/54321/drone001/attrs:lat|0|lon|0|z|0|h|91|v|1647878738.680205
TS1:/54321/drone001/attrs:lat|0|lon|0|z|0|h|92|v|1647878738.7008193
TS1:/54321/drone001/attrs:lat|0|lon|0|z|0|h|93|v|1647878738.7214422
TS1:/54321/drone001/attrs:lat|0|lon|0|z|0|h|94|v|1647878738.7420592
TS1:/54321/drone001/attrs:lat|0|lon|0|z|0|h|95|v|1647878738.7626407
TS1:/54321/drone001/attrs:lat|0|lon|0|z|0|h|96|v|1647878738.7832205
TS1:/54321/drone001/attrs:lat|0|lon|0|z|0|h|97|v|1647878738.8037977
TS1:/54321/drone001/attrs:lat|0|lon|0|z|0|h|98|v|1647878738.8243597
TS1:/54321/drone001/attrs:lat|0|lon|0|z|0|h|99|v|1647878738.844946
TS1:/54321/drone001/attrs:lat|0|lon|0|z|0|h|100|v|1647878738.8655684
TS1:/54321/drone001/attrs:lat|0|lon|0|z|0|h|101|v|1647878738.8861587
TS1:/54321/drone001/attrs:lat|0|lon|0|z|0|h|102|v|1647878738.9067612
TS1:/54321/drone001/attrs:lat|0|lon|0|z|0|h|103|v|1647878738.9273386
TS1:/54321/drone001/attrs:lat|0|lon|0|z|0|h|104|v|1647878738.947952
TS1:/54321/drone001/attrs:lat|0|lon|0|z|0|h|105|v|1647878738.9685674
TS1:/54321/drone001/attrs:lat|0|lon|0|z|0|h|106|v|1647878738.9891574
TS1:/54321/drone001/attrs:lat|0|lon|0|z|0|h|107|v|1647878739.0097733
TS1:/54321/drone001/attrs:lat|0|lon|0|z|0|h|108|v|1647878739.0303383
TS1:/54321/drone001/attrs:lat|0|lon|0|z|0|h|109|v|1647878739.050959
TS1:/54321/drone001/attrs:lat|0|lon|0|z|0|h|110|v|1647878739.071557
TS1:/54321/drone001/attrs:lat|0|lon|0|z|0|h|111|v|1647878739.0921433
TS1:/54321/drone001/attrs:lat|0|lon|0|z|0|h|112|v|1647878739.112742
TS1:/54321/drone001/attrs:lat|0|lon|0|z|0|h|113|v|1647878739.1333299
TS1:/54321/drone001/attrs:lat|0|lon|0|z|0|h|114|v|1647878739.1539474
TS1:/54321/drone001/attrs:lat|0|lon|0|z|0|h|115|v|1647878739.1745217
TS1:/54321/drone001/attrs:lat|0|lon|0|z|0|h|116|v|1647878739.1951048
TS1:/54321/drone001/attrs:lat|0|lon|0|z|0|h|117|v|1647878739.2156906
TS1:/54321/drone001/attrs:lat|0|lon|0|z|0|h|118|v|1647878739.236268
TS1:/54321/drone001/attrs:lat|0|lon|0|z|0|h|119|v|1647878739.256881
TS1:/54321/drone001/attrs:lat|0|lon|0|z|0|h|120|v|1647878739.2775342
TS1:/54321/drone001/attrs:lat|0|lon|0|z|0|h|121|v|1647878739.2981157
TS1:/54321/drone001/attrs:lat|0|lon|0|z|0|h|122|v|1647878739.3188617
TS1:/54321/drone001/attrs:lat|0|lon|0|z|0|h|123|v|1647878739.33945
TS1:/54321/drone001/attrs:lat|0|lon|0|z|0|h|124|v|1647878739.3600533
TS1:/54321/drone001/attrs:lat|0|lon|0|z|0|h|125|v|1647878739.3806438
TS1:/54321/drone001/attrs:lat|0|lon|0|z|0|h|126|v|1647878739.4011934
TS1:/54321/drone001/attrs:lat|0|lon|0|z|0|h|127|v|1647878739.4216883
TS1:/54321/drone001/attrs:lat|0|lon|0|z|0|h|128|v|1647878739.442245
TS1:/54321/drone001/attrs:lat|0|lon|0|z|0|h|129|v|1647878739.4627929
TS1:/54321/drone001/attrs:lat|0|lon|0|z|0|h|130|v|1647878739.4838238
TS1:/54321/drone001/attrs:lat|0|lon|0|z|0|h|131|v|1647878739.5044081
TS1:/54321/drone001/attrs:lat|0|lon|0|z|0|h|132|v|1647878739.5249317
TS1:/54321/drone001/attrs:lat|0|lon|0|z|0|h|133|v|1647878739.545504
TS1:/54321/drone001/attrs:lat|0|lon|0|z|0|h|134|v|1647878739.5660613
TS1:/54321/drone001/attrs:lat|0|lon|0|z|0|h|135|v|1647878739.5866065
TS1:/54321/drone001/attrs:lat|0|lon|0|z|0|h|136|v|1647878739.6071591
TS1:/54321/drone001/attrs:lat|0|lon|0|z|0|h|137|v|1647878739.6277375
TS1:/54321/drone001/attrs:lat|0|lon|0|z|0|h|138|v|1647878739.6483266
TS1:/54321/drone001/attrs:lat|0|lon|0|z|0|h|139|v|1647878739.6689417
TS1:/54321/drone001/attrs:lat|0|lon|0|z|0|h|140|v|1647878739.6895802
TS1:/54321/drone001/attrs:lat|0|lon|0|z|0|h|141|v|1647878739.7101643
TS1:/54321/drone001/attrs:lat|0|lon|0|z|0|h|142|v|1647878739.7307453
TS1:/54321/drone001/attrs:lat|0|lon|0|z|0|h|143|v|1647878739.75133
TS1:/54321/drone001/attrs:lat|0|lon|0|z|0|h|144|v|1647878739.7719443
TS1:/54321/drone001/attrs:lat|0|lon|0|z|0|h|145|v|1647878739.7925472
TS1:/54321/drone001/attrs:lat|0|lon|0|z|0|h|146|v|1647878739.8131282
TS1:/54321/drone001/attrs:lat|0|lon|0|z|0|h|147|v|1647878739.8337097
TS1:/54321/drone001/attrs:lat|0|lon|0|z|0|h|148|v|1647878739.8542566
TS1:/54321/drone001/attrs:lat|0|lon|0|z|0|h|149|v|1647878739.874843
TS1:/54321/drone001/attrs:lat|0|lon|0|z|0|h|150|v|1647878739.8954403
TS1:/54321/drone001/attrs:lat|0|lon|0|z|0|h|151|v|1647878739.9160614
TS1:/54321/drone001/attrs:lat|0|lon|0|z|0|h|152|v|1647878739.9366546
TS1:/54321/drone001/attrs:lat|0|lon|0|z|0|h|153|v|1647878739.9572074
TS1:/54321/drone001/attrs:lat|0|lon|0|z|0|h|154|v|1647878739.9777312
TS1:/54321/drone001/attrs:lat|0|lon|0|z|0|h|155|v|1647878739.9983037
TS1:/54321/drone001/attrs:lat|0|lon|0|z|0|h|156|v|1647878740.0188234
TS1:/54321/drone001/attrs:lat|0|lon|0|z|0|h|157|v|1647878740.0393708
TS1:/54321/drone001/attrs:lat|0|lon|0|z|0|h|158|v|1647878740.0599527
TS1:/54321/drone001/attrs:lat|0|lon|0|z|0|h|159|v|1647878740.0804925
TS1:/54321/drone001/attrs:lat|0|lon|0|z|0|h|160|v|1647878740.1011117
TS1:/54321/drone001/attrs:lat|0|lon|0|z|0|h|161|v|1647878740.1217062
TS1:/54321/drone001/attrs:lat|0|lon|0|z|0|h|162|v|1647878740.1422436
TS1:/54321/drone001/attrs:lat|0|lon|0|z|0|h|163|v|1647878740.162836
TS1:/54321/drone001/attrs:lat|0|lon|0|z|0|h|164|v|1647878740.1833851
TS1:/54321/drone001/attrs:lat|0|lon|0|z|0|h|165|v|1647878740.203998
TS1:/54321/drone001/attrs:lat|0|lon|0|z|0|h|166|v|1647878740.2245886
TS1:/54321/drone001/attrs:lat|0|lon|0|z|0|h|167|v|1647878740.245139
TS1:/54321/drone001/attrs:lat|0|lon|0|z|0|h|168|v|1647878740.2658014
TS1:/54321/drone001/attrs:lat|0|lon|0|z|0|h|169|v|1647878740.2863598
TS1:/54321/drone001/attrs:lat|0|lon|0|z|0|h|170|v|1647878740.3069994
TS1:/54321/drone001/attrs:lat|0|lon|0|z|0|h|171|v|1647878740.327579
TS1:/54321/drone001/attrs:lat|0|lon|0|z|0|h|172|v|1647878740.3481312
TS1:/54321/drone001/attrs:lat|0|lon|0|z|0|h|173|v|1647878740.3687513
TS1:/54321/drone001/attrs:lat|0|lon|0|z|0|h|174|v|1647878740.3893943
TS1:/54321/drone001/attrs:lat|0|lon|0|z|0|h|175|v|1647878740.4099722
TS1:/54321/drone001/attrs:lat|0|lon|0|z|0|h|176|v|1647878740.430566
TS1:/54321/drone001/attrs:lat|0|lon|0|z|0|h|177|v|1647878740.4511316
TS1:/54321/drone001/attrs:lat|0|lon|0|z|0|h|178|v|1647878740.471749
TS1:/54321/drone001/attrs:lat|0|lon|0|z|0|h|179|v|1647878740.4923306
TS1:/54321/drone001/attrs:lat|0|lon|0|z|0|h|180|v|1647878740.512944
TS1:/54321/drone001/attrs:lat|0|lon|0|z|0|h|181|v|1647878740.533566
TS1:/54321/drone001/attrs:lat|0|lon|0|z|0|h|182|v|1647878740.5541425
TS1:/54321/drone001/attrs:lat|0|lon|0|z|0|h|183|v|1647878740.574763
TS1:/54321/drone001/attrs:lat|0|lon|0|z|0|h|184|v|1647878740.5953426
TS1:/54321/drone001/attrs:lat|0|lon|0|z|0|h|185|v|1647878740.6159751
TS1:/54321/drone001/attrs:lat|0|lon|0|z|0|h|186|v|1647878740.6365619
TS1:/54321/drone001/attrs:lat|0|lon|0|z|0|h|187|v|1647878740.6571226
TS1:/54321/drone001/attrs:lat|0|lon|0|z|0|h|188|v|1647878740.6777208
TS1:/54321/drone001/attrs:lat|0|lon|0|z|0|h|189|v|1647878740.6982892
TS1:/54321/drone001/attrs:lat|0|lon|0|z|0|h|190|v|1647878740.718906
TS1:/54321/drone001/attrs:lat|0|lon|0|z|0|h|191|v|1647878740.739506
TS1:/54321/drone001/attrs:lat|0|lon|0|z|0|h|192|v|1647878740.7600644
TS1:/54321/drone001/attrs:lat|0|lon|0|z|0|h|193|v|1647878740.780611
TS1:/54321/drone001/attrs:lat|0|lon|0|z|0|h|194|v|1647878740.8011808
TS1:/54321/drone001/attrs:lat|0|lon|0|z|0|h|195|v|1647878740.821769
TS1:/54321/drone001/attrs:lat|0|lon|0|z|0|h|196|v|1647878740.8423421
TS1:/54321/drone001/attrs:lat|0|lon|0|z|0|h|197|v|1647878740.8629391
TS1:/54321/drone001/attrs:lat|0|lon|0|z|0|h|198|v|1647878740.8835216
TS1:/54321/drone001/attrs:lat|0|lon|0|z|0|h|199|v|1647878740.9041085
TS1:/54321/drone001/attrs:lat|0|lon|0|z|0|h|200|v|1647878740.9246967
TS1:/54321/drone001/attrs:lat|0|lon|0|z|0|h|201|v|1647878740.9452858
TS1:/54321/drone001/attrs:lat|0|lon|0|z|0|h|202|v|1647878740.965902
TS1:/54321/drone001/attrs:lat|0|lon|0|z|0|h|203|v|1647878740.986489
TS1:/54321/drone001/attrs:lat|0|lon|0|z|0|h|204|v|1647878741.0070627
TS1:/54321/drone001/attrs:lat|0|lon|0|z|0|h|205|v|1647878741.0275927
TS1:/54321/drone001/attrs:lat|0|lon|0|z|0|h|206|v|1647878741.0481818
TS1:/54321/drone001/attrs:lat|0|lon|0|z|0|h|207|v|1647878741.0687823
TS1:/54321/drone001/attrs:lat|0|lon|0|z|0|h|208|v|1647878741.0893884
TS1:/54321/drone001/attrs:lat|0|lon|0|z|0|h|209|v|1647878741.1100042
TS1:/54321/drone001/attrs:lat|0|lon|0|z|0|h|210|v|1647878741.130492
TS1:/54321/drone001/attrs:lat|0|lon|0|z|0|h|211|v|1647878741.1510782
TS1:/54321/drone001/attrs:lat|0|lon|0|z|0|h|212|v|1647878741.1716368
TS1:/54321/drone001/attrs:lat|0|lon|0|z|0|h|213|v|1647878741.1921628
TS1:/54321/drone001/attrs:lat|0|lon|0|z|0|h|214|v|1647878741.2127647
TS1:/54321/drone001/attrs:lat|0|lon|0|z|0|h|215|v|1647878741.2333164
TS1:/54321/drone001/attrs:lat|0|lon|0|z|0|h|216|v|1647878741.2538788
TS1:/54321/drone001/attrs:lat|0|lon|0|z|0|h|217|v|1647878741.2744474
TS1:/54321/drone001/attrs:lat|0|lon|0|z|0|h|218|v|1647878741.295057
TS1:/54321/drone001/attrs:lat|0|lon|0|z|0|h|219|v|1647878741.315657
TS1:/54321/drone001/attrs:lat|0|lon|0|z|0|h|220|v|1647878741.3361442
TS1:/54321/drone001/attrs:lat|0|lon|0|z|0|h|221|v|1647878741.3567061
TS1:/54321/drone001/attrs:lat|0|lon|0|z|0|h|222|v|1647878741.3771951
TS1:/54321/drone001/attrs:lat|0|lon|0|z|0|h|223|v|1647878741.3977208
TS1:/54321/drone001/attrs:lat|0|lon|0|z|0|h|224|v|1647878741.4183056
TS1:/54321/drone001/attrs:lat|0|lon|0|z|0|h|225|v|1647878741.4388957
TS1:/54321/drone001/attrs:lat|0|lon|0|z|0|h|226|v|1647878741.4594889
TS1:/54321/drone001/attrs:lat|0|lon|0|z|0|h|227|v|1647878741.4800725
TS1:/54321/drone001/attrs:lat|0|lon|0|z|0|h|228|v|1647878741.50067
TS1:/54321/drone001/attrs:lat|0|lon|0|z|0|h|229|v|1647878741.5212595
TS1:/54321/drone001/attrs:lat|0|lon|0|z|0|h|230|v|1647878741.5418775
TS1:/54321/drone001/attrs:lat|0|lon|0|z|0|h|231|v|1647878741.5623722
TS1:/54321/drone001/attrs:lat|0|lon|0|z|0|h|232|v|1647878741.5830207
TS1:/54321/drone001/attrs:lat|0|lon|0|z|0|h|233|v|1647878741.6036112
TS1:/54321/drone001/attrs:lat|0|lon|0|z|0|h|234|v|1647878741.6241212
TS1:/54321/drone001/attrs:lat|0|lon|0|z|0|h|235|v|1647878741.6446877
TS1:/54321/drone001/attrs:lat|0|lon|0|z|0|h|236|v|1647878741.6652741
TS1:/54321/drone001/attrs:lat|0|lon|0|z|0|h|237|v|1647878741.6858919
TS1:/54321/drone001/attrs:lat|0|lon|0|z|0|h|238|v|1647878741.7064905
TS1:/54321/drone001/attrs:lat|0|lon|0|z|0|h|239|v|1647878741.726983
TS1:/54321/drone001/attrs:lat|0|lon|0|z|0|h|240|v|1647878741.7474356
TS1:/54321/drone001/attrs:lat|0|lon|0|z|0|h|241|v|1647878741.7688994
TS1:/54321/drone001/attrs:lat|0|lon|0|z|0|h|242|v|1647878741.78953
TS1:/54321/drone001/attrs:lat|0|lon|0|z|0|h|243|v|1647878741.8101208
TS1:/54321/drone001/attrs:lat|0|lon|0|z|0|h|244|v|1647878741.8306904
TS1:/54321/drone001/attrs:lat|0|lon|0|z|0|h|245|v|1647878741.8512018
TS1:/54321/drone001/attrs:lat|0|lon|0|z|0|h|246|v|1647878741.871779
TS1:/54321/drone001/attrs:lat|0|lon|0|z|0|h|247|v|1647878741.8923697
TS1:/54321/drone001/attrs:lat|0|lon|0|z|0|h|248|v|1647878741.91298
TS1:/54321/drone001/attrs:lat|0|lon|0|z|0|h|249|v|1647878741.9336214
TS1:/54321/drone001/attrs:lat|0|lon|0|z|0|h|250|v|1647878741.9540968
TS1:/54321/drone001/attrs:lat|0|lon|0|z|0|h|251|v|1647878741.974658
TS1:/54321/drone001/attrs:lat|0|lon|0|z|0|h|252|v|1647878741.9952466
TS1:/54321/drone001/attrs:lat|0|lon|0|z|0|h|253|v|1647878742.015832
TS1:/54321/drone001/attrs:lat|0|lon|0|z|0|h|254|v|1647878742.0364215
TS1:/54321/drone001/attrs:lat|0|lon|0|z|0|h|255|v|1647878742.057009
TS1:/54321/drone001/attrs:lat|0|lon|0|z|0|h|256|v|1647878742.077617
TS1:/54321/drone001/attrs:lat|0|lon|0|z|0|h|257|v|1647878742.0981565
TS1:/54321/drone001/attrs:lat|0|lon|0|z|0|h|258|v|1647878742.118717
TS1:/54321/drone001/attrs:lat|0|lon|0|z|0|h|259|v|1647878742.1392946
TS1:/54321/drone001/attrs:lat|0|lon|0|z|0|h|260|v|1647878742.1599004
TS1:/54321/drone001/attrs:lat|0|lon|0|z|0|h|261|v|1647878742.180483
TS1:/54321/drone001/attrs:lat|0|lon|0|z|0|h|262|v|1647878742.2011104
TS1:/54321/drone001/attrs:lat|0|lon|0|z|0|h|263|v|1647878742.2216766
TS1:/54321/drone001/attrs:lat|0|lon|0|z|0|h|264|v|1647878742.2422664
TS1:/54321/drone001/attrs:lat|0|lon|0|z|0|h|265|v|1647878742.2628708
TS1:/54321/drone001/attrs:lat|0|lon|0|z|0|h|266|v|1647878742.2833867
TS1:/54321/drone001/attrs:lat|0|lon|0|z|0|h|267|v|1647878742.3040156
TS1:/54321/drone001/attrs:lat|0|lon|0|z|0|h|268|v|1647878742.3245609
TS1:/54321/drone001/attrs:lat|0|lon|0|z|0|h|269|v|1647878742.34514
TS1:/54321/drone001/attrs:lat|0|lon|0|z|0|h|270|v|1647878742.3657598
TS1:/54321/drone001/attrs:lat|0|lon|0|z|0|h|271|v|1647878742.3863328
TS1:/54321/drone001/attrs:lat|0|lon|0|z|0|h|272|v|1647878742.4069607
TS1:/54321/drone001/attrs:lat|0|lon|0|z|0|h|273|v|1647878742.4275727
TS1:/54321/drone001/attrs:lat|0|lon|0|z|0|h|274|v|1647878742.44816
TS1:/54321/drone001/attrs:lat|0|lon|0|z|0|h|275|v|1647878742.468734
TS1:/54321/drone001/attrs:lat|0|lon|0|z|0|h|276|v|1647878742.489251
TS1:/54321/drone001/attrs:lat|0|lon|0|z|0|h|277|v|1647878742.5098546
TS1:/54321/drone001/attrs:lat|0|lon|0|z|0|h|278|v|1647878742.5304344
TS1:/54321/drone001/attrs:lat|0|lon|0|z|0|h|279|v|1647878742.5510585
TS1:/54321/drone001/attrs:lat|0|lon|0|z|0|h|280|v|1647878742.5716088
TS1:/54321/drone001/attrs:lat|0|lon|0|z|0|h|281|v|1647878742.5921118
TS1:/54321/drone001/attrs:lat|0|lon|0|z|0|h|282|v|1647878742.6126475
TS1:/54321/drone001/attrs:lat|0|lon|0|z|0|h|283|v|1647878742.6332147
TS1:/54321/drone001/attrs:lat|0|lon|0|z|0|h|284|v|1647878742.6537054
TS1:/54321/drone001/attrs:lat|0|lon|0|z|0|h|285|v|1647878742.6741755
TS1:/54321/drone001/attrs:lat|0|lon|0|z|0|h|286|v|1647878742.6947472
TS1:/54321/drone001/attrs:lat|0|lon|0|z|0|h|287|v|1647878742.715335
TS1:/54321/drone001/attrs:lat|0|lon|0|z|0|h|288|v|1647878742.73595
TS1:/54321/drone001/attrs:lat|0|lon|0|z|0|h|289|v|1647878742.756562
TS1:/54321/drone001/attrs:lat|0|lon|0|z|0|h|290|v|1647878742.777149
TS1:/54321/drone001/attrs:lat|0|lon|0|z|0|h|291|v|1647878742.7977493
TS1:/54321/drone001/attrs:lat|0|lon|0|z|0|h|292|v|1647878742.8183336
TS1:/54321/drone001/attrs:lat|0|lon|0|z|0|h|293|v|1647878742.838956
TS1:/54321/drone001/attrs:lat|0|lon|0|z|0|h|294|v|1647878742.8594894
TS1:/54321/drone001/attrs:lat|0|lon|0|z|0|h|295|v|1647878742.88003
TS1:/54321/drone001/attrs:lat|0|lon|0|z|0|h|296|v|1647878742.9006019
TS1:/54321/drone001/attrs:lat|0|lon|0|z|0|h|297|v|1647878742.9211857
TS1:/54321/drone001/attrs:lat|0|lon|0|z|0|h|298|v|1647878742.9418042
TS1:/54321/drone001/attrs:lat|0|lon|0|z|0|h|299|v|1647878742.9623687
TS1:/54321/drone001/attrs:lat|0|lon|0|z|0|h|300|v|1647878742.98298
TS1:/54321/drone001/attrs:lat|0|lon|0|z|0|h|301|v|1647878743.0035572
TS1:/54321/drone001/attrs:lat|0|lon|0|z|0|h|302|v|1647878743.0241024
TS1:/54321/drone001/attrs:lat|0|lon|0|z|0|h|303|v|1647878743.0446892
TS1:/54321/drone001/attrs:lat|0|lon|0|z|0|h|304|v|1647878743.0652752
TS1:/54321/drone001/attrs:lat|0|lon|0|z|0|h|305|v|1647878743.0858958
TS1:/54321/drone001/attrs:lat|0|lon|0|z|0|h|306|v|1647878743.1065319
TS1:/54321/drone001/attrs:lat|0|lon|0|z|0|h|307|v|1647878743.1270497
TS1:/54321/drone001/attrs:lat|0|lon|0|z|0|h|308|v|1647878743.1476395
TS1:/54321/drone001/attrs:lat|0|lon|0|z|0|h|309|v|1647878743.1682136
TS1:/54321/drone001/attrs:lat|0|lon|0|z|0|h|310|v|1647878743.1888263
TS1:/54321/drone001/attrs:lat|0|lon|0|z|0|h|311|v|1647878743.2094505
TS1:/54321/drone001/attrs:lat|0|lon|0|z|0|h|312|v|1647878743.2300675
TS1:/54321/drone001/attrs:lat|0|lon|0|z|0|h|313|v|1647878743.2506714
TS1:/54321/drone001/attrs:lat|0|lon|0|z|0|h|314|v|1647878743.2712257
TS1:/54321/drone001/attrs:lat|0|lon|0|z|0|h|315|v|1647878743.2918344
TS1:/54321/drone001/attrs:lat|0|lon|0|z|0|h|316|v|1647878743.3124063
TS1:/54321/drone001/attrs:lat|0|lon|0|z|0|h|317|v|1647878743.333019
TS1:/54321/drone001/attrs:lat|0|lon|0|z|0|h|318|v|1647878743.3536313
TS1:/54321/drone001/attrs:lat|0|lon|0|z|0|h|319|v|1647878743.3742187
TS1:/54321/drone001/attrs:lat|0|lon|0|z|0|h|320|v|1647878743.3948367
TS1:/54321/drone001/attrs:lat|0|lon|0|z|0|h|321|v|1647878743.4154
TS1:/54321/drone001/attrs:lat|0|lon|0|z|0|h|322|v|1647878743.436034
TS1:/54321/drone001/attrs:lat|0|lon|0|z|0|h|323|v|1647878743.4566064
TS1:/54321/drone001/attrs:lat|0|lon|0|z|0|h|324|v|1647878743.477186
TS1:/54321/drone001/attrs:lat|0|lon|0|z|0|h|325|v|1647878743.4977615
TS1:/54321/drone001/attrs:lat|0|lon|0|z|0|h|326|v|1647878743.5183337
TS1:/54321/drone001/attrs:lat|0|lon|0|z|0|h|327|v|1647878743.538954
TS1:/54321/drone001/attrs:lat|0|lon|0|z|0|h|328|v|1647878743.559545
TS1:/54321/drone001/attrs:lat|0|lon|0|z|0|h|329|v|1647878743.5801096
TS1:/54321/drone001/attrs:lat|0|lon|0|z|0|h|330|v|1647878743.600658
TS1:/54321/drone001/attrs:lat|0|lon|0|z|0|h|331|v|1647878743.6212404
TS1:/54321/drone001/attrs:lat|0|lon|0|z|0|h|332|v|1647878743.6418655
TS1:/54321/drone001/attrs:lat|0|lon|0|z|0|h|333|v|1647878743.6624393
TS1:/54321/drone001/attrs:lat|0|lon|0|z|0|h|334|v|1647878743.6830552
TS1:/54321/drone001/attrs:lat|0|lon|0|z|0|h|335|v|1647878743.7036543
TS1:/54321/drone001/attrs:lat|0|lon|0|z|0|h|336|v|1647878743.724202
TS1:/54321/drone001/attrs:lat|0|lon|0|z|0|h|337|v|1647878743.744767
TS1:/54321/drone001/attrs:lat|0|lon|0|z|0|h|338|v|1647878743.7654064
TS1:/54321/drone001/attrs:lat|0|lon|0|z|0|h|339|v|1647878743.78598
TS1:/54321/drone001/attrs:lat|0|lon|0|z|0|h|340|v|1647878743.8065627
TS1:/54321/drone001/attrs:lat|0|lon|0|z|0|h|341|v|1647878743.8271465
TS1:/54321/drone001/attrs:lat|0|lon|0|z|0|h|342|v|1647878743.8483148
TS1:/54321/drone001/attrs:lat|0|lon|0|z|0|h|343|v|1647878743.868937
TS1:/54321/drone001/attrs:lat|0|lon|0|z|0|h|344|v|1647878743.8895695
TS1:/54321/drone001/attrs:lat|0|lon|0|z|0|h|345|v|1647878743.9101763
TS1:/54321/drone001/attrs:lat|0|lon|0|z|0|h|346|v|1647878743.9308212
TS1:/54321/drone001/attrs:lat|0|lon|0|z|0|h|347|v|1647878743.9513626
TS1:/54321/drone001/attrs:lat|0|lon|0|z|0|h|348|v|1647878743.9719539
TS1:/54321/drone001/attrs:lat|0|lon|0|z|0|h|349|v|1647878743.9925036
TS1:/54321/drone001/attrs:lat|0|lon|0|z|0|h|350|v|1647878744.013005
TS1:/54321/drone001/attrs:lat|0|lon|0|z|0|h|351|v|1647878744.033563
TS1:/54321/drone001/attrs:lat|0|lon|0|z|0|h|352|v|1647878744.054113
TS1:/54321/drone001/attrs:lat|0|lon|0|z|0|h|353|v|1647878744.0746603
TS1:/54321/drone001/attrs:lat|0|lon|0|z|0|h|354|v|1647878744.0952337
TS1:/54321/drone001/attrs:lat|0|lon|0|z|0|h|355|v|1647878744.1158066
TS1:/54321/drone001/attrs:lat|0|lon|0|z|0|h|356|v|1647878744.136385
TS1:/54321/drone001/attrs:lat|0|lon|0|z|0|h|357|v|1647878744.1569695
TS1:/54321/drone001/attrs:lat|0|lon|0|z|0|h|358|v|1647878744.1775508
TS1:/54321/drone001/attrs:lat|0|lon|0|z|0|h|359|v|1647878744.1981342
TS1:/54321/drone001/attrs:lat|0|lon|0|z|0|h|360|v|1647878744.218866
TS1:/54321/drone001/attrs:lat|0|lon|0|z|0|h|361|v|1647878744.2394521
TS1:/54321/drone001/attrs:lat|0|lon|0|z|0|h|362|v|1647878744.2600248
TS1:/54321/drone001/attrs:lat|0|lon|0|z|0|h|363|v|1647878744.2805936
TS1:/54321/drone001/attrs:lat|0|lon|0|z|0|h|364|v|1647878744.3011298
TS1:/54321/drone001/attrs:lat|0|lon|0|z|0|h|365|v|1647878744.3215468
TS1:/54321/drone001/attrs:lat|0|lon|0|z|0|h|366|v|1647878744.3420594
TS1:/54321/drone001/attrs:lat|0|lon|0|z|0|h|367|v|1647878744.3626459
TS1:/54321/drone001/attrs:lat|0|lon|0|z|0|h|368|v|1647878744.38323
TS1:/54321/drone001/attrs:lat|0|lon|0|z|0|h|369|v|1647878744.4037943
TS1:/54321/drone001/attrs:lat|0|lon|0|z|0|h|370|v|1647878744.4243612
TS1:/54321/drone001/attrs:lat|0|lon|0|z|0|h|371|v|1647878744.444962
TS1:/54321/drone001/attrs:lat|0|lon|0|z|0|h|372|v|1647878744.4655793
TS1:/54321/drone001/attrs:lat|0|lon|0|z|0|h|373|v|1647878744.4861698
TS1:/54321/drone001/attrs:lat|0|lon|0|z|0|h|374|v|1647878744.5067801
TS1:/54321/drone001/attrs:lat|0|lon|0|z|0|h|375|v|1647878744.5273643
TS1:/54321/drone001/attrs:lat|0|lon|0|z|0|h|376|v|1647878744.5479646
TS1:/54321/drone001/attrs:lat|0|lon|0|z|0|h|377|v|1647878744.5685403
TS1:/54321/drone001/attrs:lat|0|lon|0|z|0|h|378|v|1647878744.5890489
TS1:/54321/drone001/attrs:lat|0|lon|0|z|0|h|379|v|1647878744.6095908
TS1:/54321/drone001/attrs:lat|0|lon|0|z|0|h|380|v|1647878744.630239
TS1:/54321/drone001/attrs:lat|0|lon|0|z|0|h|381|v|1647878744.6508198
TS1:/54321/drone001/attrs:lat|0|lon|0|z|0|h|382|v|1647878744.6713953
TS1:/54321/drone001/attrs:lat|0|lon|0|z|0|h|383|v|1647878744.6920166
TS1:/54321/drone001/attrs:lat|0|lon|0|z|0|h|384|v|1647878744.7126064
TS1:/54321/drone001/attrs:lat|0|lon|0|z|0|h|385|v|1647878744.7331824
TS1:/54321/drone001/attrs:lat|0|lon|0|z|0|h|386|v|1647878744.7537453
TS1:/54321/drone001/attrs:lat|0|lon|0|z|0|h|387|v|1647878744.774299
TS1:/54321/drone001/attrs:lat|0|lon|0|z|0|h|388|v|1647878744.7949224
TS1:/54321/drone001/attrs:lat|0|lon|0|z|0|h|389|v|1647878744.8155286
TS1:/54321/drone001/attrs:lat|0|lon|0|z|0|h|390|v|1647878744.8360941
TS1:/54321/drone001/attrs:lat|0|lon|0|z|0|h|391|v|1647878744.8566895
TS1:/54321/drone001/attrs:lat|0|lon|0|z|0|h|392|v|1647878744.8772776
TS1:/54321/drone001/attrs:lat|0|lon|0|z|0|h|393|v|1647878744.8978913
TS1:/54321/drone001/attrs:lat|0|lon|0|z|0|h|394|v|1647878744.9185038
TS1:/54321/drone001/attrs:lat|0|lon|0|z|0|h|395|v|1647878744.939062
TS1:/54321/drone001/attrs:lat|0|lon|0|z|0|h|396|v|1647878744.9596531
TS1:/54321/drone001/attrs:lat|0|lon|0|z|0|h|397|v|1647878744.9802089
TS1:/54321/drone001/attrs:lat|0|lon|0|z|0|h|398|v|1647878745.0008318
TS1:/54321/drone001/attrs:lat|0|lon|0|z|0|h|399|v|1647878745.02142
TS1:/54321/drone001/attrs:lat|0|lon|0|z|0|h|400|v|1647878745.042022
TS1:/54321/drone001/attrs:lat|0|lon|0|z|0|h|401|v|1647878745.0626156
TS1:/54321/drone001/attrs:lat|0|lon|0|z|0|h|402|v|1647878745.0831606
TS1:/54321/drone001/attrs:lat|0|lon|0|z|0|h|403|v|1647878745.1037726
TS1:/54321/drone001/attrs:lat|0|lon|0|z|0|h|404|v|1647878745.124324
TS1:/54321/drone001/attrs:lat|0|lon|0|z|0|h|405|v|1647878745.144908
TS1:/54321/drone001/attrs:lat|0|lon|0|z|0|h|406|v|1647878745.1655526
TS1:/54321/drone001/attrs:lat|0|lon|0|z|0|h|407|v|1647878745.1861384
TS1:/54321/drone001/attrs:lat|0|lon|0|z|0|h|408|v|1647878745.206759
TS1:/54321/drone001/attrs:lat|0|lon|0|z|0|h|409|v|1647878745.2273428
TS1:/54321/drone001/attrs:lat|0|lon|0|z|0|h|410|v|1647878745.2479446
TS1:/54321/drone001/attrs:lat|0|lon|0|z|0|h|411|v|1647878745.2685506
TS1:/54321/drone001/attrs:lat|0|lon|0|z|0|h|412|v|1647878745.2891347
TS1:/54321/drone001/attrs:lat|0|lon|0|z|0|h|413|v|1647878745.3097587
TS1:/54321/drone001/attrs:lat|0|lon|0|z|0|h|414|v|1647878745.330331
TS1:/54321/drone001/attrs:lat|0|lon|0|z|0|h|415|v|1647878745.3508878
TS1:/54321/drone001/attrs:lat|0|lon|0|z|0|h|416|v|1647878745.3714552
TS1:/54321/drone001/attrs:lat|0|lon|0|z|0|h|417|v|1647878745.3920608
TS1:/54321/drone001/attrs:lat|0|lon|0|z|0|h|418|v|1647878745.4126143
TS1:/54321/drone001/attrs:lat|0|lon|0|z|0|h|419|v|1647878745.4332001
TS1:/54321/drone001/attrs:lat|0|lon|0|z|0|h|420|v|1647878745.4538038
TS1:/54321/drone001/attrs:lat|0|lon|0|z|0|h|421|v|1647878745.4743938
TS1:/54321/drone001/attrs:lat|0|lon|0|z|0|h|422|v|1647878745.495025
TS1:/54321/drone001/attrs:lat|0|lon|0|z|0|h|423|v|1647878745.5155895
TS1:/54321/drone001/attrs:lat|0|lon|0|z|0|h|424|v|1647878745.5361488
TS1:/54321/drone001/attrs:lat|0|lon|0|z|0|h|425|v|1647878745.5567658
TS1:/54321/drone001/attrs:lat|0|lon|0|z|0|h|426|v|1647878745.5773885
TS1:/54321/drone001/attrs:lat|0|lon|0|z|0|h|427|v|1647878745.5979674
TS1:/54321/drone001/attrs:lat|0|lon|0|z|0|h|428|v|1647878745.618414
TS1:/54321/drone001/attrs:lat|0|lon|0|z|0|h|429|v|1647878745.6390202
TS1:/54321/drone001/attrs:lat|0|lon|0|z|0|h|430|v|1647878745.659606
TS1:/54321/drone001/attrs:lat|0|lon|0|z|0|h|431|v|1647878745.6802032
TS1:/54321/drone001/attrs:lat|0|lon|0|z|0|h|432|v|1647878745.7008202
TS1:/54321/drone001/attrs:lat|0|lon|0|z|0|h|433|v|1647878745.7215102
TS1:/54321/drone001/attrs:lat|0|lon|0|z|0|h|434|v|1647878745.7420979
TS1:/54321/drone001/attrs:lat|0|lon|0|z|0|h|435|v|1647878745.7626925
TS1:/54321/drone001/attrs:lat|0|lon|0|z|0|h|436|v|1647878745.7832766
TS1:/54321/drone001/attrs:lat|0|lon|0|z|0|h|437|v|1647878745.8038595
TS1:/54321/drone001/attrs:lat|0|lon|0|z|0|h|438|v|1647878745.8244476
TS1:/54321/drone001/attrs:lat|0|lon|0|z|0|h|439|v|1647878745.8449664
TS1:/54321/drone001/attrs:lat|0|lon|0|z|0|h|440|v|1647878745.8655775
TS1:/54321/drone001/attrs:lat|0|lon|0|z|0|h|441|v|1647878745.8861597
TS1:/54321/drone001/attrs:lat|0|lon|0|z|0|h|442|v|1647878745.906744
TS1:/54321/drone001/attrs:lat|0|lon|0|z|0|h|443|v|1647878745.9273434
TS1:/54321/drone001/attrs:lat|0|lon|0|z|0|h|444|v|1647878745.947873
TS1:/54321/drone001/attrs:lat|0|lon|0|z|0|h|445|v|1647878745.9684894
TS1:/54321/drone001/attrs:lat|0|lon|0|z|0|h|446|v|1647878745.9891381
TS1:/54321/drone001/attrs:lat|0|lon|0|z|0|h|447|v|1647878746.009731
TS1:/54321/drone001/attrs:lat|0|lon|0|z|0|h|448|v|1647878746.030287
TS1:/54321/drone001/attrs:lat|0|lon|0|z|0|h|449|v|1647878746.0508626
TS1:/54321/drone001/attrs:lat|0|lon|0|z|0|h|450|v|1647878746.0714262
TS1:/54321/drone001/attrs:lat|0|lon|0|z|0|h|451|v|1647878746.0920117
TS1:/54321/drone001/attrs:lat|0|lon|0|z|0|h|452|v|1647878746.1125715
TS1:/54321/drone001/attrs:lat|0|lon|0|z|0|h|453|v|1647878746.1331422
TS1:/54321/drone001/attrs:lat|0|lon|0|z|0|h|454|v|1647878746.1537404
TS1:/54321/drone001/attrs:lat|0|lon|0|z|0|h|455|v|1647878746.174269
TS1:/54321/drone001/attrs:lat|0|lon|0|z|0|h|456|v|1647878746.1948845
TS1:/54321/drone001/attrs:lat|0|lon|0|z|0|h|457|v|1647878746.2154343
TS1:/54321/drone001/attrs:lat|0|lon|0|z|0|h|458|v|1647878746.236053
TS1:/54321/drone001/attrs:lat|0|lon|0|z|0|h|459|v|1647878746.2565978
TS1:/54321/drone001/attrs:lat|0|lon|0|z|0|h|460|v|1647878746.2771552
TS1:/54321/drone001/attrs:lat|0|lon|0|z|0|h|461|v|1647878746.2977512
TS1:/54321/drone001/attrs:lat|0|lon|0|z|0|h|462|v|1647878746.3183146
TS1:/54321/drone001/attrs:lat|0|lon|0|z|0|h|463|v|1647878746.3389282
TS1:/54321/drone001/attrs:lat|0|lon|0|z|0|h|464|v|1647878746.3595126
TS1:/54321/drone001/attrs:lat|0|lon|0|z|0|h|465|v|1647878746.3800435
TS1:/54321/drone001/attrs:lat|0|lon|0|z|0|h|466|v|1647878746.4006326
TS1:/54321/drone001/attrs:lat|0|lon|0|z|0|h|467|v|1647878746.421225
TS1:/54321/drone001/attrs:lat|0|lon|0|z|0|h|468|v|1647878746.4418347
TS1:/54321/drone001/attrs:lat|0|lon|0|z|0|h|469|v|1647878746.4623926
TS1:/54321/drone001/attrs:lat|0|lon|0|z|0|h|470|v|1647878746.4830146
TS1:/54321/drone001/attrs:lat|0|lon|0|z|0|h|471|v|1647878746.503609
TS1:/54321/drone001/attrs:lat|0|lon|0|z|0|h|472|v|1647878746.5241632
TS1:/54321/drone001/attrs:lat|0|lon|0|z|0|h|473|v|1647878746.544762
TS1:/54321/drone001/attrs:lat|0|lon|0|z|0|h|474|v|1647878746.5653605
TS1:/54321/drone001/attrs:lat|0|lon|0|z|0|h|475|v|1647878746.5860138
TS1:/54321/drone001/attrs:lat|0|lon|0|z|0|h|476|v|1647878746.6065948
TS1:/54321/drone001/attrs:lat|0|lon|0|z|0|h|477|v|1647878746.627195
TS1:/54321/drone001/attrs:lat|0|lon|0|z|0|h|478|v|1647878746.6478126
TS1:/54321/drone001/attrs:lat|0|lon|0|z|0|h|479|v|1647878746.6684537
TS1:/54321/drone001/attrs:lat|0|lon|0|z|0|h|480|v|1647878746.6890697
TS1:/54321/drone001/attrs:lat|0|lon|0|z|0|h|481|v|1647878746.7096837
TS1:/54321/drone001/attrs:lat|0|lon|0|z|0|h|482|v|1647878746.7302754
TS1:/54321/drone001/attrs:lat|0|lon|0|z|0|h|483|v|1647878746.7508938
TS1:/54321/drone001/attrs:lat|0|lon|0|z|0|h|484|v|1647878746.7714868
TS1:/54321/drone001/attrs:lat|0|lon|0|z|0|h|485|v|1647878746.792077
TS1:/54321/drone001/attrs:lat|0|lon|0|z|0|h|486|v|1647878746.8126667
TS1:/54321/drone001/attrs:lat|0|lon|0|z|0|h|487|v|1647878746.833277
TS1:/54321/drone001/attrs:lat|0|lon|0|z|0|h|488|v|1647878746.8538399
TS1:/54321/drone001/attrs:lat|0|lon|0|z|0|h|489|v|1647878746.8743906
TS1:/54321/drone001/attrs:lat|0|lon|0|z|0|h|490|v|1647878746.8950117
TS1:/54321/drone001/attrs:lat|0|lon|0|z|0|h|491|v|1647878746.915593
TS1:/54321/drone001/attrs:lat|0|lon|0|z|0|h|492|v|1647878746.9361818
TS1:/54321/drone001/attrs:lat|0|lon|0|z|0|h|493|v|1647878746.9567935
TS1:/54321/drone001/attrs:lat|0|lon|0|z|0|h|494|v|1647878746.9774356
TS1:/54321/drone001/attrs:lat|0|lon|0|z|0|h|495|v|1647878746.9980118
TS1:/54321/drone001/attrs:lat|0|lon|0|z|0|h|496|v|1647878747.018604
TS1:/54321/drone001/attrs:lat|0|lon|0|z|0|h|497|v|1647878747.0392017
TS1:/54321/drone001/attrs:lat|0|lon|0|z|0|h|498|v|1647878747.0598269
TS1:/54321/drone001/attrs:lat|0|lon|0|z|0|h|499|v|1647878747.080361
TS1:/54321/drone001/attrs:lat|0|lon|0|z|0|h|500|v|1647878747.1009634
TS1:/54321/drone001/attrs:lat|0|lon|0|z|0|h|501|v|1647878747.1215785
TS1:/54321/drone001/attrs:lat|0|lon|0|z|0|h|502|v|1647878747.1421638
TS1:/54321/drone001/attrs:lat|0|lon|0|z|0|h|503|v|1647878747.1627936
TS1:/54321/drone001/attrs:lat|0|lon|0|z|0|h|504|v|1647878747.1833348
TS1:/54321/drone001/attrs:lat|0|lon|0|z|0|h|505|v|1647878747.2039483
TS1:/54321/drone001/attrs:lat|0|lon|0|z|0|h|506|v|1647878747.2245483
TS1:/54321/drone001/attrs:lat|0|lon|0|z|0|h|507|v|1647878747.2451315
TS1:/54321/drone001/attrs:lat|0|lon|0|z|0|h|508|v|1647878747.2657468
TS1:/54321/drone001/attrs:lat|0|lon|0|z|0|h|509|v|1647878747.286305
TS1:/54321/drone001/attrs:lat|0|lon|0|z|0|h|510|v|1647878747.3069284
TS1:/54321/drone001/attrs:lat|0|lon|0|z|0|h|511|v|1647878747.3274422
TS1:/54321/drone001/attrs:lat|0|lon|0|z|0|h|512|v|1647878747.348057
TS1:/54321/drone001/attrs:lat|0|lon|0|z|0|h|513|v|1647878747.368616
TS1:/54321/drone001/attrs:lat|0|lon|0|z|0|h|514|v|1647878747.3891904
TS1:/54321/drone001/attrs:lat|0|lon|0|z|0|h|515|v|1647878747.40981
TS1:/54321/drone001/attrs:lat|0|lon|0|z|0|h|516|v|1647878747.4303675
TS1:/54321/drone001/attrs:lat|0|lon|0|z|0|h|517|v|1647878747.4509826
TS1:/54321/drone001/attrs:lat|0|lon|0|z|0|h|518|v|1647878747.4715607
TS1:/54321/drone001/attrs:lat|0|lon|0|z|0|h|519|v|1647878747.4921305
TS1:/54321/drone001/attrs:lat|0|lon|0|z|0|h|520|v|1647878747.512741
TS1:/54321/drone001/attrs:lat|0|lon|0|z|0|h|521|v|1647878747.5333207
TS1:/54321/drone001/attrs:lat|0|lon|0|z|0|h|522|v|1647878747.5538957
TS1:/54321/drone001/attrs:lat|0|lon|0|z|0|h|523|v|1647878747.5744362
TS1:/54321/drone001/attrs:lat|0|lon|0|z|0|h|524|v|1647878747.5949504
TS1:/54321/drone001/attrs:lat|0|lon|0|z|0|h|525|v|1647878747.6155603
TS1:/54321/drone001/attrs:lat|0|lon|0|z|0|h|526|v|1647878747.6361434
TS1:/54321/drone001/attrs:lat|0|lon|0|z|0|h|527|v|1647878747.6566975
TS1:/54321/drone001/attrs:lat|0|lon|0|z|0|h|528|v|1647878747.6772773
TS1:/54321/drone001/attrs:lat|0|lon|0|z|0|h|529|v|1647878747.697881
TS1:/54321/drone001/attrs:lat|0|lon|0|z|0|h|530|v|1647878747.7185006
TS1:/54321/drone001/attrs:lat|0|lon|0|z|0|h|531|v|1647878747.7390652
TS1:/54321/drone001/attrs:lat|0|lon|0|z|0|h|532|v|1647878747.7595785
TS1:/54321/drone001/attrs:lat|0|lon|0|z|0|h|533|v|1647878747.7801151
TS1:/54321/drone001/attrs:lat|0|lon|0|z|0|h|534|v|1647878747.800702
TS1:/54321/drone001/attrs:lat|0|lon|0|z|0|h|535|v|1647878747.82126
TS1:/54321/drone001/attrs:lat|0|lon|0|z|0|h|536|v|1647878747.8418262
TS1:/54321/drone001/attrs:lat|0|lon|0|z|0|h|537|v|1647878747.8623543
TS1:/54321/drone001/attrs:lat|0|lon|0|z|0|h|538|v|1647878747.8829744
TS1:/54321/drone001/attrs:lat|0|lon|0|z|0|h|539|v|1647878747.9035652
TS1:/54321/drone001/attrs:lat|0|lon|0|z|0|h|540|v|1647878747.9241052
TS1:/54321/drone001/attrs:lat|0|lon|0|z|0|h|541|v|1647878747.9446523
TS1:/54321/drone001/attrs:lat|0|lon|0|z|0|h|542|v|1647878747.9651823
TS1:/54321/drone001/attrs:lat|0|lon|0|z|0|h|543|v|1647878747.985582
TS1:/54321/drone001/attrs:lat|0|lon|0|z|0|h|544|v|1647878748.006112
TS1:/54321/drone001/attrs:lat|0|lon|0|z|0|h|545|v|1647878748.0266435
TS1:/54321/drone001/attrs:lat|0|lon|0|z|0|h|546|v|1647878748.047192
TS1:/54321/drone001/attrs:lat|0|lon|0|z|0|h|547|v|1647878748.0677986
TS1:/54321/drone001/attrs:lat|0|lon|0|z|0|h|548|v|1647878748.0883868
TS1:/54321/drone001/attrs:lat|0|lon|0|z|0|h|549|v|1647878748.109018
TS1:/54321/drone001/attrs:lat|0|lon|0|z|0|h|550|v|1647878748.1296422
TS1:/54321/drone001/attrs:lat|0|lon|0|z|0|h|551|v|1647878748.1502037
TS1:/54321/drone001/attrs:lat|0|lon|0|z|0|h|552|v|1647878748.1708138
TS1:/54321/drone001/attrs:lat|0|lon|0|z|0|h|553|v|1647878748.1914046
TS1:/54321/drone001/attrs:lat|0|lon|0|z|0|h|554|v|1647878748.211992
TS1:/54321/drone001/attrs:lat|0|lon|0|z|0|h|555|v|1647878748.2326007
TS1:/54321/drone001/attrs:lat|0|lon|0|z|0|h|556|v|1647878748.2531397
TS1:/54321/drone001/attrs:lat|0|lon|0|z|0|h|557|v|1647878748.273628
TS1:/54321/drone001/attrs:lat|0|lon|0|z|0|h|558|v|1647878748.294097
TS1:/54321/drone001/attrs:lat|0|lon|0|z|0|h|559|v|1647878748.3146126
TS1:/54321/drone001/attrs:lat|0|lon|0|z|0|h|560|v|1647878748.3351154
TS1:/54321/drone001/attrs:lat|0|lon|0|z|0|h|561|v|1647878748.3557012
TS1:/54321/drone001/attrs:lat|0|lon|0|z|0|h|562|v|1647878748.376293
TS1:/54321/drone001/attrs:lat|0|lon|0|z|0|h|563|v|1647878748.3968356
TS1:/54321/drone001/attrs:lat|0|lon|0|z|0|h|564|v|1647878748.4174893
TS1:/54321/drone001/attrs:lat|0|lon|0|z|0|h|565|v|1647878748.4380429
TS1:/54321/drone001/attrs:lat|0|lon|0|z|0|h|566|v|1647878748.4586291
TS1:/54321/drone001/attrs:lat|0|lon|0|z|0|h|567|v|1647878748.4791958
TS1:/54321/drone001/attrs:lat|0|lon|0|z|0|h|568|v|1647878748.4997663
TS1:/54321/drone001/attrs:lat|0|lon|0|z|0|h|569|v|1647878748.5203545
TS1:/54321/drone001/attrs:lat|0|lon|0|z|0|h|570|v|1647878748.5408988
TS1:/54321/drone001/attrs:lat|0|lon|0|z|0|h|571|v|1647878748.5614336
TS1:/54321/drone001/attrs:lat|0|lon|0|z|0|h|572|v|1647878748.5820212
TS1:/54321/drone001/attrs:lat|0|lon|0|z|0|h|573|v|1647878748.602501
TS1:/54321/drone001/attrs:lat|0|lon|0|z|0|h|574|v|1647878748.623086
TS1:/54321/drone001/attrs:lat|0|lon|0|z|0|h|575|v|1647878748.6435742
TS1:/54321/drone001/attrs:lat|0|lon|0|z|0|h|576|v|1647878748.6641388
TS1:/54321/drone001/attrs:lat|0|lon|0|z|0|h|577|v|1647878748.684765
TS1:/54321/drone001/attrs:lat|0|lon|0|z|0|h|578|v|1647878748.7053838
TS1:/54321/drone001/attrs:lat|0|lon|0|z|0|h|579|v|1647878748.7260087
TS1:/54321/drone001/attrs:lat|0|lon|0|z|0|h|580|v|1647878748.7465727
TS1:/54321/drone001/attrs:lat|0|lon|0|z|0|h|581|v|1647878748.7671561
TS1:/54321/drone001/attrs:lat|0|lon|0|z|0|h|582|v|1647878748.7877762
TS1:/54321/drone001/attrs:lat|0|lon|0|z|0|h|583|v|1647878748.8083231
TS1:/54321/drone001/attrs:lat|0|lon|0|z|0|h|584|v|1647878748.828941
TS1:/54321/drone001/attrs:lat|0|lon|0|z|0|h|585|v|1647878748.8495243
TS1:/54321/drone001/attrs:lat|0|lon|0|z|0|h|586|v|1647878748.8700764
TS1:/54321/drone001/attrs:lat|0|lon|0|z|0|h|587|v|1647878748.890671
TS1:/54321/drone001/attrs:lat|0|lon|0|z|0|h|588|v|1647878748.9112022
TS1:/54321/drone001/attrs:lat|0|lon|0|z|0|h|589|v|1647878748.9318147
TS1:/54321/drone001/attrs:lat|0|lon|0|z|0|h|590|v|1647878748.9523137
TS1:/54321/drone001/attrs:lat|0|lon|0|z|0|h|591|v|1647878748.9729207
TS1:/54321/drone001/attrs:lat|0|lon|0|z|0|h|592|v|1647878748.9935625
TS1:/54321/drone001/attrs:lat|0|lon|0|z|0|h|593|v|1647878749.0141366
TS1:/54321/drone001/attrs:lat|0|lon|0|z|0|h|594|v|1647878749.0347571
TS1:/54321/drone001/attrs:lat|0|lon|0|z|0|h|595|v|1647878749.0553467
TS1:/54321/drone001/attrs:lat|0|lon|0|z|0|h|596|v|1647878749.0760305
TS1:/54321/drone001/attrs:lat|0|lon|0|z|0|h|597|v|1647878749.0966232
TS1:/54321/drone001/attrs:lat|0|lon|0|z|0|h|598|v|1647878749.117231
TS1:/54321/drone001/attrs:lat|0|lon|0|z|0|h|599|v|1647878749.137829
TS1:/54321/drone001/attrs:lat|0|lon|0|z|0|h|600|v|1647878749.1584
TS1:/54321/drone001/attrs:lat|0|lon|0|z|0|h|601|v|1647878749.1789863
TS1:/54321/drone001/attrs:lat|0|lon|0|z|0|h|602|v|1647878749.1995702
TS1:/54321/drone001/attrs:lat|0|lon|0|z|0|h|603|v|1647878749.2201269
TS1:/54321/drone001/attrs:lat|0|lon|0|z|0|h|604|v|1647878749.2406843
TS1:/54321/drone001/attrs:lat|0|lon|0|z|0|h|605|v|1647878749.261239
TS1:/54321/drone001/attrs:lat|0|lon|0|z|0|h|606|v|1647878749.281808
TS1:/54321/drone001/attrs:lat|0|lon|0|z|0|h|607|v|1647878749.302385
TS1:/54321/drone001/attrs:lat|0|lon|0|z|0|h|608|v|1647878749.3229463
TS1:/54321/drone001/attrs:lat|0|lon|0|z|0|h|609|v|1647878749.343543
TS1:/54321/drone001/attrs:lat|0|lon|0|z|0|h|610|v|1647878749.364053
TS1:/54321/drone001/attrs:lat|0|lon|0|z|0|h|611|v|1647878749.3845983
TS1:/54321/drone001/attrs:lat|0|lon|0|z|0|h|612|v|1647878749.405182
TS1:/54321/drone001/attrs:lat|0|lon|0|z|0|h|613|v|1647878749.4257667
TS1:/54321/drone001/attrs:lat|0|lon|0|z|0|h|614|v|1647878749.4463534
TS1:/54321/drone001/attrs:lat|0|lon|0|z|0|h|615|v|1647878749.466972
TS1:/54321/drone001/attrs:lat|0|lon|0|z|0|h|616|v|1647878749.4875543
TS1:/54321/drone001/attrs:lat|0|lon|0|z|0|h|617|v|1647878749.5081308
TS1:/54321/drone001/attrs:lat|0|lon|0|z|0|h|618|v|1647878749.5286486
TS1:/54321/drone001/attrs:lat|0|lon|0|z|0|h|619|v|1647878749.5492284
TS1:/54321/drone001/attrs:lat|0|lon|0|z|0|h|620|v|1647878749.5698504
TS1:/54321/drone001/attrs:lat|0|lon|0|z|0|h|621|v|1647878749.5903928
TS1:/54321/drone001/attrs:lat|0|lon|0|z|0|h|622|v|1647878749.6110058
TS1:/54321/drone001/attrs:lat|0|lon|0|z|0|h|623|v|1647878749.6315553
TS1:/54321/drone001/attrs:lat|0|lon|0|z|0|h|624|v|1647878749.652116
TS1:/54321/drone001/attrs:lat|0|lon|0|z|0|h|625|v|1647878749.6726868
TS1:/54321/drone001/attrs:lat|0|lon|0|z|0|h|626|v|1647878749.6932762
TS1:/54321/drone001/attrs:lat|0|lon|0|z|0|h|627|v|1647878749.713889
TS1:/54321/drone001/attrs:lat|0|lon|0|z|0|h|628|v|1647878749.7344427
TS1:/54321/drone001/attrs:lat|0|lon|0|z|0|h|629|v|1647878749.7550526
TS1:/54321/drone001/attrs:lat|0|lon|0|z|0|h|630|v|1647878749.775652
TS1:/54321/drone001/attrs:lat|0|lon|0|z|0|h|631|v|1647878749.7962394
TS1:/54321/drone001/attrs:lat|0|lon|0|z|0|h|632|v|1647878749.8168495
TS1:/54321/drone001/attrs:lat|0|lon|0|z|0|h|633|v|1647878749.837505
TS1:/54321/drone001/attrs:lat|0|lon|0|z|0|h|634|v|1647878749.8580601
TS1:/54321/drone001/attrs:lat|0|lon|0|z|0|h|635|v|1647878749.878621
TS1:/54321/drone001/attrs:lat|0|lon|0|z|0|h|636|v|1647878749.8991876
TS1:/54321/drone001/attrs:lat|0|lon|0|z|0|h|637|v|1647878749.9197812
TS1:/54321/drone001/attrs:lat|0|lon|0|z|0|h|638|v|1647878749.9403584
TS1:/54321/drone001/attrs:lat|0|lon|0|z|0|h|639|v|1647878749.9609787
TS1:/54321/drone001/attrs:lat|0|lon|0|z|0|h|640|v|1647878749.981619
TS1:/54321/drone001/attrs:lat|0|lon|0|z|0|h|641|v|1647878750.0022073
TS1:/54321/drone001/attrs:lat|0|lon|0|z|0|h|642|v|1647878750.0228324
TS1:/54321/drone001/attrs:lat|0|lon|0|z|0|h|643|v|1647878750.0434031
TS1:/54321/drone001/attrs:lat|0|lon|0|z|0|h|644|v|1647878750.0640247
TS1:/54321/drone001/attrs:lat|0|lon|0|z|0|h|645|v|1647878750.0845997
TS1:/54321/drone001/attrs:lat|0|lon|0|z|0|h|646|v|1647878750.1051662
TS1:/54321/drone001/attrs:lat|0|lon|0|z|0|h|647|v|1647878750.1257832
TS1:/54321/drone001/attrs:lat|0|lon|0|z|0|h|648|v|1647878750.1463661
TS1:/54321/drone001/attrs:lat|0|lon|0|z|0|h|649|v|1647878750.167541
TS1:/54321/drone001/attrs:lat|0|lon|0|z|0|h|650|v|1647878750.1881087
TS1:/54321/drone001/attrs:lat|0|lon|0|z|0|h|651|v|1647878750.2086933
TS1:/54321/drone001/attrs:lat|0|lon|0|z|0|h|652|v|1647878750.2292752
TS1:/54321/drone001/attrs:lat|0|lon|0|z|0|h|653|v|1647878750.2498734
TS1:/54321/drone001/attrs:lat|0|lon|0|z|0|h|654|v|1647878750.270454
TS1:/54321/drone001/attrs:lat|0|lon|0|z|0|h|655|v|1647878750.2910326
TS1:/54321/drone001/attrs:lat|0|lon|0|z|0|h|656|v|1647878750.3116195
TS1:/54321/drone001/attrs:lat|0|lon|0|z|0|h|657|v|1647878750.3321624
TS1:/54321/drone001/attrs:lat|0|lon|0|z|0|h|658|v|1647878750.3527555
TS1:/54321/drone001/attrs:lat|0|lon|0|z|0|h|659|v|1647878750.373384
TS1:/54321/drone001/attrs:lat|0|lon|0|z|0|h|660|v|1647878750.3940065
TS1:/54321/drone001/attrs:lat|0|lon|0|z|0|h|661|v|1647878750.4145625
TS1:/54321/drone001/attrs:lat|0|lon|0|z|0|h|662|v|1647878750.435151
TS1:/54321/drone001/attrs:lat|0|lon|0|z|0|h|663|v|1647878750.455764
TS1:/54321/drone001/attrs:lat|0|lon|0|z|0|h|664|v|1647878750.47632
TS1:/54321/drone001/attrs:lat|0|lon|0|z|0|h|665|v|1647878750.4969006
TS1:/54321/drone001/attrs:lat|0|lon|0|z|0|h|666|v|1647878750.5175464
TS1:/54321/drone001/attrs:lat|0|lon|0|z|0|h|667|v|1647878750.5380945
TS1:/54321/drone001/attrs:lat|0|lon|0|z|0|h|668|v|1647878750.558679
TS1:/54321/drone001/attrs:lat|0|lon|0|z|0|h|669|v|1647878750.5792649
TS1:/54321/drone001/attrs:lat|0|lon|0|z|0|h|670|v|1647878750.5998433
TS1:/54321/drone001/attrs:lat|0|lon|0|z|0|h|671|v|1647878750.6204126
TS1:/54321/drone001/attrs:lat|0|lon|0|z|0|h|672|v|1647878750.6409948
TS1:/54321/drone001/attrs:lat|0|lon|0|z|0|h|673|v|1647878750.6616175
TS1:/54321/drone001/attrs:lat|0|lon|0|z|0|h|674|v|1647878750.6821811
TS1:/54321/drone001/attrs:lat|0|lon|0|z|0|h|675|v|1647878750.7028127
TS1:/54321/drone001/attrs:lat|0|lon|0|z|0|h|676|v|1647878750.723407
TS1:/54321/drone001/attrs:lat|0|lon|0|z|0|h|677|v|1647878750.7439866
TS1:/54321/drone001/attrs:lat|0|lon|0|z|0|h|678|v|1647878750.764575
TS1:/54321/drone001/attrs:lat|0|lon|0|z|0|h|679|v|1647878750.7851615
TS1:/54321/drone001/attrs:lat|0|lon|0|z|0|h|680|v|1647878750.805742
TS1:/54321/drone001/attrs:lat|0|lon|0|z|0|h|681|v|1647878750.826328
TS1:/54321/drone001/attrs:lat|0|lon|0|z|0|h|682|v|1647878750.8469126
TS1:/54321/drone001/attrs:lat|0|lon|0|z|0|h|683|v|1647878750.8674834
TS1:/54321/drone001/attrs:lat|0|lon|0|z|0|h|684|v|1647878750.8880699
TS1:/54321/drone001/attrs:lat|0|lon|0|z|0|h|685|v|1647878750.9086409
TS1:/54321/drone001/attrs:lat|0|lon|0|z|0|h|686|v|1647878750.929221
TS1:/54321/drone001/attrs:lat|0|lon|0|z|0|h|687|v|1647878750.9498415
TS1:/54321/drone001/attrs:lat|0|lon|0|z|0|h|688|v|1647878750.9703987
TS1:/54321/drone001/attrs:lat|0|lon|0|z|0|h|689|v|1647878750.9909782
TS1:/54321/drone001/attrs:lat|0|lon|0|z|0|h|690|v|1647878751.0115635
TS1:/54321/drone001/attrs:lat|0|lon|0|z|0|h|691|v|1647878751.032149
TS1:/54321/drone001/attrs:lat|0|lon|0|z|0|h|692|v|1647878751.0527623
TS1:/54321/drone001/attrs:lat|0|lon|0|z|0|h|693|v|1647878751.0733833
TS1:/54321/drone001/attrs:lat|0|lon|0|z|0|h|694|v|1647878751.0940073
TS1:/54321/drone001/attrs:lat|0|lon|0|z|0|h|695|v|1647878751.114593
TS1:/54321/drone001/attrs:lat|0|lon|0|z|0|h|696|v|1647878751.1351495
TS1:/54321/drone001/attrs:lat|0|lon|0|z|0|h|697|v|1647878751.155748
TS1:/54321/drone001/attrs:lat|0|lon|0|z|0|h|698|v|1647878751.1762912
TS1:/54321/drone001/attrs:lat|0|lon|0|z|0|h|699|v|1647878751.1968968
TS1:/54321/drone001/attrs:lat|0|lon|0|z|0|h|700|v|1647878751.2175364
TS1:/54321/drone001/attrs:lat|0|lon|0|z|0|h|701|v|1647878751.2381206
TS1:/54321/drone001/attrs:lat|0|lon|0|z|0|h|702|v|1647878751.2587051
TS1:/54321/drone001/attrs:lat|0|lon|0|z|0|h|703|v|1647878751.2792962
TS1:/54321/drone001/attrs:lat|0|lon|0|z|0|h|704|v|1647878751.2999623
TS1:/54321/drone001/attrs:lat|0|lon|0|z|0|h|705|v|1647878751.3205588
TS1:/54321/drone001/attrs:lat|0|lon|0|z|0|h|706|v|1647878751.3411438
TS1:/54321/drone001/attrs:lat|0|lon|0|z|0|h|707|v|1647878751.3617582
TS1:/54321/drone001/attrs:lat|0|lon|0|z|0|h|708|v|1647878751.3823686
TS1:/54321/drone001/attrs:lat|0|lon|0|z|0|h|709|v|1647878751.402928
TS1:/54321/drone001/attrs:lat|0|lon|0|z|0|h|710|v|1647878751.4235132
TS1:/54321/drone001/attrs:lat|0|lon|0|z|0|h|711|v|1647878751.4440565
TS1:/54321/drone001/attrs:lat|0|lon|0|z|0|h|712|v|1647878751.4646156
TS1:/54321/drone001/attrs:lat|0|lon|0|z|0|h|713|v|1647878751.4852192
TS1:/54321/drone001/attrs:lat|0|lon|0|z|0|h|714|v|1647878751.5058494
TS1:/54321/drone001/attrs:lat|0|lon|0|z|0|h|715|v|1647878751.5264049
TS1:/54321/drone001/attrs:lat|0|lon|0|z|0|h|716|v|1647878751.5470326
TS1:/54321/drone001/attrs:lat|0|lon|0|z|0|h|717|v|1647878751.5677764
TS1:/54321/drone001/attrs:lat|0|lon|0|z|0|h|718|v|1647878751.5883303
TS1:/54321/drone001/attrs:lat|0|lon|0|z|0|h|719|v|1647878751.6089232
TS1:/54321/drone001/attrs:lat|0|lon|0|z|0|h|720|v|1647878751.6295836
TS1:/54321/drone001/attrs:lat|0|lon|0|z|0|h|721|v|1647878751.6501648
TS1:/54321/drone001/attrs:lat|0|lon|0|z|0|h|722|v|1647878751.670767
TS1:/54321/drone001/attrs:lat|0|lon|0|z|0|h|723|v|1647878751.6914003
TS1:/54321/drone001/attrs:lat|0|lon|0|z|0|h|724|v|1647878751.712054
TS1:/54321/drone001/attrs:lat|0|lon|0|z|0|h|725|v|1647878751.7326581
TS1:/54321/drone001/attrs:lat|0|lon|0|z|0|h|726|v|1647878751.753264
TS1:/54321/drone001/attrs:lat|0|lon|0|z|0|h|727|v|1647878751.7739027
TS1:/54321/drone001/attrs:lat|0|lon|0|z|0|h|728|v|1647878751.7945392
TS1:/54321/drone001/attrs:lat|0|lon|0|z|0|h|729|v|1647878751.815154
TS1:/54321/drone001/attrs:lat|0|lon|0|z|0|h|730|v|1647878751.8357959
TS1:/54321/drone001/attrs:lat|0|lon|0|z|0|h|731|v|1647878751.8563955
TS1:/54321/drone001/attrs:lat|0|lon|0|z|0|h|732|v|1647878751.8770094
TS1:/54321/drone001/attrs:lat|0|lon|0|z|0|h|733|v|1647878751.8975718
TS1:/54321/drone001/attrs:lat|0|lon|0|z|0|h|734|v|1647878751.918138
TS1:/54321/drone001/attrs:lat|0|lon|0|z|0|h|735|v|1647878751.9387085
TS1:/54321/drone001/attrs:lat|0|lon|0|z|0|h|736|v|1647878751.9593194
TS1:/54321/drone001/attrs:lat|0|lon|0|z|0|h|737|v|1647878751.9799666
TS1:/54321/drone001/attrs:lat|0|lon|0|z|0|h|738|v|1647878752.0005724
TS1:/54321/drone001/attrs:lat|0|lon|0|z|0|h|739|v|1647878752.0211265
TS1:/54321/drone001/attrs:lat|0|lon|0|z|0|h|740|v|1647878752.0417714
TS1:/54321/drone001/attrs:lat|0|lon|0|z|0|h|741|v|1647878752.0623708
TS1:/54321/drone001/attrs:lat|0|lon|0|z|0|h|742|v|1647878752.082954
TS1:/54321/drone001/attrs:lat|0|lon|0|z|0|h|743|v|1647878752.1035533
TS1:/54321/drone001/attrs:lat|0|lon|0|z|0|h|744|v|1647878752.1241596
TS1:/54321/drone001/attrs:lat|0|lon|0|z|0|h|745|v|1647878752.144713
TS1:/54321/drone001/attrs:lat|0|lon|0|z|0|h|746|v|1647878752.1653202
TS1:/54321/drone001/attrs:lat|0|lon|0|z|0|h|747|v|1647878752.1859295
TS1:/54321/drone001/attrs:lat|0|lon|0|z|0|h|748|v|1647878752.2065496
TS1:/54321/drone001/attrs:lat|0|lon|0|z|0|h|749|v|1647878752.2271419
TS1:/54321/drone001/attrs:lat|0|lon|0|z|0|h|750|v|1647878752.2477286
TS1:/54321/drone001/attrs:lat|0|lon|0|z|0|h|751|v|1647878752.2683372
TS1:/54321/drone001/attrs:lat|0|lon|0|z|0|h|752|v|1647878752.2889585
TS1:/54321/drone001/attrs:lat|0|lon|0|z|0|h|753|v|1647878752.3095875
TS1:/54321/drone001/attrs:lat|0|lon|0|z|0|h|754|v|1647878752.3302228
TS1:/54321/drone001/attrs:lat|0|lon|0|z|0|h|755|v|1647878752.350828
TS1:/54321/drone001/attrs:lat|0|lon|0|z|0|h|756|v|1647878752.3714235
TS1:/54321/drone001/attrs:lat|0|lon|0|z|0|h|757|v|1647878752.3920503
TS1:/54321/drone001/attrs:lat|0|lon|0|z|0|h|758|v|1647878752.4126499
TS1:/54321/drone001/attrs:lat|0|lon|0|z|0|h|759|v|1647878752.433239
TS1:/54321/drone001/attrs:lat|0|lon|0|z|0|h|760|v|1647878752.4538562
TS1:/54321/drone001/attrs:lat|0|lon|0|z|0|h|761|v|1647878752.4744434
TS1:/54321/drone001/attrs:lat|0|lon|0|z|0|h|762|v|1647878752.4950662
TS1:/54321/drone001/attrs:lat|0|lon|0|z|0|h|763|v|1647878752.5156713
TS1:/54321/drone001/attrs:lat|0|lon|0|z|0|h|764|v|1647878752.5362477
TS1:/54321/drone001/attrs:lat|0|lon|0|z|0|h|765|v|1647878752.5568597
TS1:/54321/drone001/attrs:lat|0|lon|0|z|0|h|766|v|1647878752.5780454
TS1:/54321/drone001/attrs:lat|0|lon|0|z|0|h|767|v|1647878752.5986001
TS1:/54321/drone001/attrs:lat|0|lon|0|z|0|h|768|v|1647878752.6191869
TS1:/54321/drone001/attrs:lat|0|lon|0|z|0|h|769|v|1647878752.6413407
TS1:/54321/drone001/attrs:lat|0|lon|0|z|0|h|770|v|1647878752.6618683
TS1:/54321/drone001/attrs:lat|0|lon|0|z|0|h|771|v|1647878752.6823642
TS1:/54321/drone001/attrs:lat|0|lon|0|z|0|h|772|v|1647878752.702964
TS1:/54321/drone001/attrs:lat|0|lon|0|z|0|h|773|v|1647878752.7235649
TS1:/54321/drone001/attrs:lat|0|lon|0|z|0|h|774|v|1647878752.7441978
TS1:/54321/drone001/attrs:lat|0|lon|0|z|0|h|775|v|1647878752.7648492
TS1:/54321/drone001/attrs:lat|0|lon|0|z|0|h|776|v|1647878752.7855134
TS1:/54321/drone001/attrs:lat|0|lon|0|z|0|h|777|v|1647878752.8061447
TS1:/54321/drone001/attrs:lat|0|lon|0|z|0|h|778|v|1647878752.8268113
TS1:/54321/drone001/attrs:lat|0|lon|0|z|0|h|779|v|1647878752.847438
TS1:/54321/drone001/attrs:lat|0|lon|0|z|0|h|780|v|1647878752.8680913
TS1:/54321/drone001/attrs:lat|0|lon|0|z|0|h|781|v|1647878752.88875
TS1:/54321/drone001/attrs:lat|0|lon|0|z|0|h|782|v|1647878752.9094217
TS1:/54321/drone001/attrs:lat|0|lon|0|z|0|h|783|v|1647878752.9300787
TS1:/54321/drone001/attrs:lat|0|lon|0|z|0|h|784|v|1647878752.9506786
TS1:/54321/drone001/attrs:lat|0|lon|0|z|0|h|785|v|1647878752.971248
TS1:/54321/drone001/attrs:lat|0|lon|0|z|0|h|786|v|1647878752.9918709
TS1:/54321/drone001/attrs:lat|0|lon|0|z|0|h|787|v|1647878753.0124557
TS1:/54321/drone001/attrs:lat|0|lon|0|z|0|h|788|v|1647878753.0331197
TS1:/54321/drone001/attrs:lat|0|lon|0|z|0|h|789|v|1647878753.0537589
TS1:/54321/drone001/attrs:lat|0|lon|0|z|0|h|790|v|1647878753.0743823
TS1:/54321/drone001/attrs:lat|0|lon|0|z|0|h|791|v|1647878753.0950382
TS1:/54321/drone001/attrs:lat|0|lon|0|z|0|h|792|v|1647878753.1156557
TS1:/54321/drone001/attrs:lat|0|lon|0|z|0|h|793|v|1647878753.1362507
TS1:/54321/drone001/attrs:lat|0|lon|0|z|0|h|794|v|1647878753.1568182
TS1:/54321/drone001/attrs:lat|0|lon|0|z|0|h|795|v|1647878753.1774151
TS1:/54321/drone001/attrs:lat|0|lon|0|z|0|h|796|v|1647878753.197928
TS1:/54321/drone001/attrs:lat|0|lon|0|z|0|h|797|v|1647878753.2185056
TS1:/54321/drone001/attrs:lat|0|lon|0|z|0|h|798|v|1647878753.2390547
TS1:/54321/drone001/attrs:lat|0|lon|0|z|0|h|799|v|1647878753.2596402
TS1:/54321/drone001/attrs:lat|0|lon|0|z|0|h|800|v|1647878753.2802153
TS1:/54321/drone001/attrs:lat|0|lon|0|z|0|h|801|v|1647878753.3008409
TS1:/54321/drone001/attrs:lat|0|lon|0|z|0|h|802|v|1647878753.3214955
TS1:/54321/drone001/attrs:lat|0|lon|0|z|0|h|803|v|1647878753.3420794
TS1:/54321/drone001/attrs:lat|0|lon|0|z|0|h|804|v|1647878753.362662
TS1:/54321/drone001/attrs:lat|0|lon|0|z|0|h|805|v|1647878753.3832464
TS1:/54321/drone001/attrs:lat|0|lon|0|z|0|h|806|v|1647878753.4038467
TS1:/54321/drone001/attrs:lat|0|lon|0|z|0|h|807|v|1647878753.4249563
TS1:/54321/drone001/attrs:lat|0|lon|0|z|0|h|808|v|1647878753.4455857
TS1:/54321/drone001/attrs:lat|0|lon|0|z|0|h|809|v|1647878753.4661689
TS1:/54321/drone001/attrs:lat|0|lon|0|z|0|h|810|v|1647878753.4867876
TS1:/54321/drone001/attrs:lat|0|lon|0|z|0|h|811|v|1647878753.5073695
TS1:/54321/drone001/attrs:lat|0|lon|0|z|0|h|812|v|1647878753.5279882
TS1:/54321/drone001/attrs:lat|0|lon|0|z|0|h|813|v|1647878753.5485709
TS1:/54321/drone001/attrs:lat|0|lon|0|z|0|h|814|v|1647878753.569152
TS1:/54321/drone001/attrs:lat|0|lon|0|z|0|h|815|v|1647878753.5897574
TS1:/54321/drone001/attrs:lat|0|lon|0|z|0|h|816|v|1647878753.6103406
TS1:/54321/drone001/attrs:lat|0|lon|0|z|0|h|817|v|1647878753.6309557
TS1:/54321/drone001/attrs:lat|0|lon|0|z|0|h|818|v|1647878753.6514287
TS1:/54321/drone001/attrs:lat|0|lon|0|z|0|h|819|v|1647878753.672042
TS1:/54321/drone001/attrs:lat|0|lon|0|z|0|h|820|v|1647878753.6926103
TS1:/54321/drone001/attrs:lat|0|lon|0|z|0|h|821|v|1647878753.7131813
TS1:/54321/drone001/attrs:lat|0|lon|0|z|0|h|822|v|1647878753.7337935
TS1:/54321/drone001/attrs:lat|0|lon|0|z|0|h|823|v|1647878753.7543676
TS1:/54321/drone001/attrs:lat|0|lon|0|z|0|h|824|v|1647878753.7749798
TS1:/54321/drone001/attrs:lat|0|lon|0|z|0|h|825|v|1647878753.7955601
TS1:/54321/drone001/attrs:lat|0|lon|0|z|0|h|826|v|1647878753.816142
TS1:/54321/drone001/attrs:lat|0|lon|0|z|0|h|827|v|1647878753.8367548
TS1:/54321/drone001/attrs:lat|0|lon|0|z|0|h|828|v|1647878753.8573954
TS1:/54321/drone001/attrs:lat|0|lon|0|z|0|h|829|v|1647878753.877967
TS1:/54321/drone001/attrs:lat|0|lon|0|z|0|h|830|v|1647878753.8985493
TS1:/54321/drone001/attrs:lat|0|lon|0|z|0|h|831|v|1647878753.9191132
TS1:/54321/drone001/attrs:lat|0|lon|0|z|0|h|832|v|1647878753.9397004
TS1:/54321/drone001/attrs:lat|0|lon|0|z|0|h|833|v|1647878753.960282
TS1:/54321/drone001/attrs:lat|0|lon|0|z|0|h|834|v|1647878753.9808562
TS1:/54321/drone001/attrs:lat|0|lon|0|z|0|h|835|v|1647878754.0013885
TS1:/54321/drone001/attrs:lat|0|lon|0|z|0|h|836|v|1647878754.0221202
TS1:/54321/drone001/attrs:lat|0|lon|0|z|0|h|837|v|1647878754.042661
TS1:/54321/drone001/attrs:lat|0|lon|0|z|0|h|838|v|1647878754.0632472
TS1:/54321/drone001/attrs:lat|0|lon|0|z|0|h|839|v|1647878754.0837169
TS1:/54321/drone001/attrs:lat|0|lon|0|z|0|h|840|v|1647878754.1042907
TS1:/54321/drone001/attrs:lat|0|lon|0|z|0|h|841|v|1647878754.1248064
TS1:/54321/drone001/attrs:lat|0|lon|0|z|0|h|842|v|1647878754.145385
TS1:/54321/drone001/attrs:lat|0|lon|0|z|0|h|843|v|1647878754.1659262
TS1:/54321/drone001/attrs:lat|0|lon|0|z|0|h|844|v|1647878754.1865232
TS1:/54321/drone001/attrs:lat|0|lon|0|z|0|h|845|v|1647878754.207098
TS1:/54321/drone001/attrs:lat|0|lon|0|z|0|h|846|v|1647878754.2276983
TS1:/54321/drone001/attrs:lat|0|lon|0|z|0|h|847|v|1647878754.248252
TS1:/54321/drone001/attrs:lat|0|lon|0|z|0|h|848|v|1647878754.2688258
TS1:/54321/drone001/attrs:lat|0|lon|0|z|0|h|849|v|1647878754.2894084
TS1:/54321/drone001/attrs:lat|0|lon|0|z|0|h|850|v|1647878754.310032
TS1:/54321/drone001/attrs:lat|0|lon|0|z|0|h|851|v|1647878754.3307745
TS1:/54321/drone001/attrs:lat|0|lon|0|z|0|h|852|v|1647878754.3511791
TS1:/54321/drone001/attrs:lat|0|lon|0|z|0|h|853|v|1647878754.371774
TS1:/54321/drone001/attrs:lat|0|lon|0|z|0|h|854|v|1647878754.392615
TS1:/54321/drone001/attrs:lat|0|lon|0|z|0|h|855|v|1647878754.4131854
TS1:/54321/drone001/attrs:lat|0|lon|0|z|0|h|856|v|1647878754.4336703
TS1:/54321/drone001/attrs:lat|0|lon|0|z|0|h|857|v|1647878754.4542453
TS1:/54321/drone001/attrs:lat|0|lon|0|z|0|h|858|v|1647878754.474809
TS1:/54321/drone001/attrs:lat|0|lon|0|z|0|h|859|v|1647878754.4953942
TS1:/54321/drone001/attrs:lat|0|lon|0|z|0|h|860|v|1647878754.5160189
TS1:/54321/drone001/attrs:lat|0|lon|0|z|0|h|861|v|1647878754.5366113
TS1:/54321/drone001/attrs:lat|0|lon|0|z|0|h|862|v|1647878754.5571706
TS1:/54321/drone001/attrs:lat|0|lon|0|z|0|h|863|v|1647878754.5777504
TS1:/54321/drone001/attrs:lat|0|lon|0|z|0|h|864|v|1647878754.5983398
TS1:/54321/drone001/attrs:lat|0|lon|0|z|0|h|865|v|1647878754.6189651
TS1:/54321/drone001/attrs:lat|0|lon|0|z|0|h|866|v|1647878754.6395695
TS1:/54321/drone001/attrs:lat|0|lon|0|z|0|h|867|v|1647878754.6601322
TS1:/54321/drone001/attrs:lat|0|lon|0|z|0|h|868|v|1647878754.6807182
TS1:/54321/drone001/attrs:lat|0|lon|0|z|0|h|869|v|1647878754.7013152
TS1:/54321/drone001/attrs:lat|0|lon|0|z|0|h|870|v|1647878754.7218459
TS1:/54321/drone001/attrs:lat|0|lon|0|z|0|h|871|v|1647878754.7424276
TS1:/54321/drone001/attrs:lat|0|lon|0|z|0|h|872|v|1647878754.7630188
TS1:/54321/drone001/attrs:lat|0|lon|0|z|0|h|873|v|1647878754.7835567
TS1:/54321/drone001/attrs:lat|0|lon|0|z|0|h|874|v|1647878754.8041425
TS1:/54321/drone001/attrs:lat|0|lon|0|z|0|h|875|v|1647878754.82477
TS1:/54321/drone001/attrs:lat|0|lon|0|z|0|h|876|v|1647878754.8453152
TS1:/54321/drone001/attrs:lat|0|lon|0|z|0|h|877|v|1647878754.8658814
TS1:/54321/drone001/attrs:lat|0|lon|0|z|0|h|878|v|1647878754.886492
TS1:/54321/drone001/attrs:lat|0|lon|0|z|0|h|879|v|1647878754.9070494
TS1:/54321/drone001/attrs:lat|0|lon|0|z|0|h|880|v|1647878754.9276047
TS1:/54321/drone001/attrs:lat|0|lon|0|z|0|h|881|v|1647878754.9481838
TS1:/54321/drone001/attrs:lat|0|lon|0|z|0|h|882|v|1647878754.9687812
TS1:/54321/drone001/attrs:lat|0|lon|0|z|0|h|883|v|1647878754.9894166
TS1:/54321/drone001/attrs:lat|0|lon|0|z|0|h|884|v|1647878755.010037
TS1:/54321/drone001/attrs:lat|0|lon|0|z|0|h|885|v|1647878755.0306215
TS1:/54321/drone001/attrs:lat|0|lon|0|z|0|h|886|v|1647878755.051199
TS1:/54321/drone001/attrs:lat|0|lon|0|z|0|h|887|v|1647878755.0718064
TS1:/54321/drone001/attrs:lat|0|lon|0|z|0|h|888|v|1647878755.0923839
TS1:/54321/drone001/attrs:lat|0|lon|0|z|0|h|889|v|1647878755.1130004
TS1:/54321/drone001/attrs:lat|0|lon|0|z|0|h|890|v|1647878755.1335979
TS1:/54321/drone001/attrs:lat|0|lon|0|z|0|h|891|v|1647878755.1540816
TS1:/54321/drone001/attrs:lat|0|lon|0|z|0|h|892|v|1647878755.1746597
TS1:/54321/drone001/attrs:lat|0|lon|0|z|0|h|893|v|1647878755.1952317
TS1:/54321/drone001/attrs:lat|0|lon|0|z|0|h|894|v|1647878755.2158086
TS1:/54321/drone001/attrs:lat|0|lon|0|z|0|h|895|v|1647878755.2364912
TS1:/54321/drone001/attrs:lat|0|lon|0|z|0|h|896|v|1647878755.2571204
TS1:/54321/drone001/attrs:lat|0|lon|0|z|0|h|897|v|1647878755.2777057
TS1:/54321/drone001/attrs:lat|0|lon|0|z|0|h|898|v|1647878755.2982519
TS1:/54321/drone001/attrs:lat|0|lon|0|z|0|h|899|v|1647878755.3188663
TS1:/54321/drone001/attrs:lat|0|lon|0|z|0|h|900|v|1647878755.3394501
TS1:/54321/drone001/attrs:lat|0|lon|0|z|0|h|901|v|1647878755.3600519
TS1:/54321/drone001/attrs:lat|0|lon|0|z|0|h|902|v|1647878755.3806448
TS1:/54321/drone001/attrs:lat|0|lon|0|z|0|h|903|v|1647878755.4011612
TS1:/54321/drone001/attrs:lat|0|lon|0|z|0|h|904|v|1647878755.4217024
TS1:/54321/drone001/attrs:lat|0|lon|0|z|0|h|905|v|1647878755.4422772
TS1:/54321/drone001/attrs:lat|0|lon|0|z|0|h|906|v|1647878755.462874
TS1:/54321/drone001/attrs:lat|0|lon|0|z|0|h|907|v|1647878755.4834871
TS1:/54321/drone001/attrs:lat|0|lon|0|z|0|h|908|v|1647878755.5040777
TS1:/54321/drone001/attrs:lat|0|lon|0|z|0|h|909|v|1647878755.5246723
TS1:/54321/drone001/attrs:lat|0|lon|0|z|0|h|910|v|1647878755.545186
TS1:/54321/drone001/attrs:lat|0|lon|0|z|0|h|911|v|1647878755.5658212
TS1:/54321/drone001/attrs:lat|0|lon|0|z|0|h|912|v|1647878755.5863974
TS1:/54321/drone001/attrs:lat|0|lon|0|z|0|h|913|v|1647878755.6069758
TS1:/54321/drone001/attrs:lat|0|lon|0|z|0|h|914|v|1647878755.6275697
TS1:/54321/drone001/attrs:lat|0|lon|0|z|0|h|915|v|1647878755.648049
TS1:/54321/drone001/attrs:lat|0|lon|0|z|0|h|916|v|1647878755.6686268
TS1:/54321/drone001/attrs:lat|0|lon|0|z|0|h|917|v|1647878755.689226
TS1:/54321/drone001/attrs:lat|0|lon|0|z|0|h|918|v|1647878755.7097867
TS1:/54321/drone001/attrs:lat|0|lon|0|z|0|h|919|v|1647878755.7302327
TS1:/54321/drone001/attrs:lat|0|lon|0|z|0|h|920|v|1647878755.7508
TS1:/54321/drone001/attrs:lat|0|lon|0|z|0|h|921|v|1647878755.771398
TS1:/54321/drone001/attrs:lat|0|lon|0|z|0|h|922|v|1647878755.791975
TS1:/54321/drone001/attrs:lat|0|lon|0|z|0|h|923|v|1647878755.8125677
TS1:/54321/drone001/attrs:lat|0|lon|0|z|0|h|924|v|1647878755.8331175
TS1:/54321/drone001/attrs:lat|0|lon|0|z|0|h|925|v|1647878755.8536813
TS1:/54321/drone001/attrs:lat|0|lon|0|z|0|h|926|v|1647878755.8742647
TS1:/54321/drone001/attrs:lat|0|lon|0|z|0|h|927|v|1647878755.8948586
TS1:/54321/drone001/attrs:lat|0|lon|0|z|0|h|928|v|1647878755.9154375
TS1:/54321/drone001/attrs:lat|0|lon|0|z|0|h|929|v|1647878755.936018
TS1:/54321/drone001/attrs:lat|0|lon|0|z|0|h|930|v|1647878755.956572
TS1:/54321/drone001/attrs:lat|0|lon|0|z|0|h|931|v|1647878755.977154
TS1:/54321/drone001/attrs:lat|0|lon|0|z|0|h|932|v|1647878755.9977503
TS1:/54321/drone001/attrs:lat|0|lon|0|z|0|h|933|v|1647878756.0183313
TS1:/54321/drone001/attrs:lat|0|lon|0|z|0|h|934|v|1647878756.0389922
TS1:/54321/drone001/attrs:lat|0|lon|0|z|0|h|935|v|1647878756.059579
TS1:/54321/drone001/attrs:lat|0|lon|0|z|0|h|936|v|1647878756.0801687
TS1:/54321/drone001/attrs:lat|0|lon|0|z|0|h|937|v|1647878756.1007743
TS1:/54321/drone001/attrs:lat|0|lon|0|z|0|h|938|v|1647878756.1213913
TS1:/54321/drone001/attrs:lat|0|lon|0|z|0|h|939|v|1647878756.1420002
TS1:/54321/drone001/attrs:lat|0|lon|0|z|0|h|940|v|1647878756.162562
TS1:/54321/drone001/attrs:lat|0|lon|0|z|0|h|941|v|1647878756.1831527
TS1:/54321/drone001/attrs:lat|0|lon|0|z|0|h|942|v|1647878756.203774
TS1:/54321/drone001/attrs:lat|0|lon|0|z|0|h|943|v|1647878756.2243588
TS1:/54321/drone001/attrs:lat|0|lon|0|z|0|h|944|v|1647878756.2449403
TS1:/54321/drone001/attrs:lat|0|lon|0|z|0|h|945|v|1647878756.2655501
TS1:/54321/drone001/attrs:lat|0|lon|0|z|0|h|946|v|1647878756.2861376
TS1:/54321/drone001/attrs:lat|0|lon|0|z|0|h|947|v|1647878756.3066676
TS1:/54321/drone001/attrs:lat|0|lon|0|z|0|h|948|v|1647878756.3272328
TS1:/54321/drone001/attrs:lat|0|lon|0|z|0|h|949|v|1647878756.3478067
TS1:/54321/drone001/attrs:lat|0|lon|0|z|0|h|950|v|1647878756.3683953
TS1:/54321/drone001/attrs:lat|0|lon|0|z|0|h|951|v|1647878756.3890462
TS1:/54321/drone001/attrs:lat|0|lon|0|z|0|h|952|v|1647878756.4096694
TS1:/54321/drone001/attrs:lat|0|lon|0|z|0|h|953|v|1647878756.430277
TS1:/54321/drone001/attrs:lat|0|lon|0|z|0|h|954|v|1647878756.4508934
TS1:/54321/drone001/attrs:lat|0|lon|0|z|0|h|955|v|1647878756.4716258
TS1:/54321/drone001/attrs:lat|0|lon|0|z|0|h|956|v|1647878756.4922118
TS1:/54321/drone001/attrs:lat|0|lon|0|z|0|h|957|v|1647878756.5128453
TS1:/54321/drone001/attrs:lat|0|lon|0|z|0|h|958|v|1647878756.5335271
TS1:/54321/drone001/attrs:lat|0|lon|0|z|0|h|959|v|1647878756.5541193
TS1:/54321/drone001/attrs:lat|0|lon|0|z|0|h|960|v|1647878756.5747156
TS1:/54321/drone001/attrs:lat|0|lon|0|z|0|h|961|v|1647878756.5953052
TS1:/54321/drone001/attrs:lat|0|lon|0|z|0|h|962|v|1647878756.6159306
TS1:/54321/drone001/attrs:lat|0|lon|0|z|0|h|963|v|1647878756.6365476
TS1:/54321/drone001/attrs:lat|0|lon|0|z|0|h|964|v|1647878756.6570234
TS1:/54321/drone001/attrs:lat|0|lon|0|z|0|h|965|v|1647878756.677597
TS1:/54321/drone001/attrs:lat|0|lon|0|z|0|h|966|v|1647878756.6981606
TS1:/54321/drone001/attrs:lat|0|lon|0|z|0|h|967|v|1647878756.7187908
TS1:/54321/drone001/attrs:lat|0|lon|0|z|0|h|968|v|1647878756.739393
TS1:/54321/drone001/attrs:lat|0|lon|0|z|0|h|969|v|1647878756.7599707
TS1:/54321/drone001/attrs:lat|0|lon|0|z|0|h|970|v|1647878756.7805738
TS1:/54321/drone001/attrs:lat|0|lon|0|z|0|h|971|v|1647878756.8012142
TS1:/54321/drone001/attrs:lat|0|lon|0|z|0|h|972|v|1647878756.8218465
TS1:/54321/drone001/attrs:lat|0|lon|0|z|0|h|973|v|1647878756.8424914
TS1:/54321/drone001/attrs:lat|0|lon|0|z|0|h|974|v|1647878756.8630755
TS1:/54321/drone001/attrs:lat|0|lon|0|z|0|h|975|v|1647878756.8836696
TS1:/54321/drone001/attrs:lat|0|lon|0|z|0|h|976|v|1647878756.904332
TS1:/54321/drone001/attrs:lat|0|lon|0|z|0|h|977|v|1647878756.925038
TS1:/54321/drone001/attrs:lat|0|lon|0|z|0|h|978|v|1647878756.9457111
TS1:/54321/drone001/attrs:lat|0|lon|0|z|0|h|979|v|1647878756.9663732
TS1:/54321/drone001/attrs:lat|0|lon|0|z|0|h|980|v|1647878756.9870589
TS1:/54321/drone001/attrs:lat|0|lon|0|z|0|h|981|v|1647878757.0077693
TS1:/54321/drone001/attrs:lat|0|lon|0|z|0|h|982|v|1647878757.0284145
TS1:/54321/drone001/attrs:lat|0|lon|0|z|0|h|983|v|1647878757.049132
TS1:/54321/drone001/attrs:lat|0|lon|0|z|0|h|984|v|1647878757.0698068
TS1:/54321/drone001/attrs:lat|0|lon|0|z|0|h|985|v|1647878757.0904422
TS1:/54321/drone001/attrs:lat|0|lon|0|z|0|h|986|v|1647878757.1111238
TS1:/54321/drone001/attrs:lat|0|lon|0|z|0|h|987|v|1647878757.1318204
TS1:/54321/drone001/attrs:lat|0|lon|0|z|0|h|988|v|1647878757.1525004
TS1:/54321/drone001/attrs:lat|0|lon|0|z|0|h|989|v|1647878757.1731446
TS1:/54321/drone001/attrs:lat|0|lon|0|z|0|h|990|v|1647878757.1937852
TS1:/54321/drone001/attrs:lat|0|lon|0|z|0|h|991|v|1647878757.2144115
TS1:/54321/drone001/attrs:lat|0|lon|0|z|0|h|992|v|1647878757.2350585
TS1:/54321/drone001/attrs:lat|0|lon|0|z|0|h|993|v|1647878757.2556877
TS1:/54321/drone001/attrs:lat|0|lon|0|z|0|h|994|v|1647878757.2762494
TS1:/54321/drone001/attrs:lat|0|lon|0|z|0|h|995|v|1647878757.2969248
TS1:/54321/drone001/attrs:lat|0|lon|0|z|0|h|996|v|1647878757.3176396
TS1:/54321/drone001/attrs:lat|0|lon|0|z|0|h|997|v|1647878757.3382835
TS1:/54321/drone001/attrs:lat|0|lon|0|z|0|h|998|v|1647878757.3589349
TS1:/54321/drone001/attrs:lat|0|lon|0|z|0|h|999|v|1647878757.3795571
TS1:/54321/drone001/attrs:lat|0|lon|0|z|0|h|1000|v|1647878757.40016
