TS1:/54321/drone001/attrs:lat|0|lon|0|z|0|h|1|v|1647873525.1358225
TS1:/54321/drone001/attrs:lat|0|lon|0|z|0|h|2|v|1647873525.137
TS1:/54321/drone001/attrs:lat|0|lon|0|z|0|h|3|v|1647873525.1381245
TS1:/54321/drone001/attrs:lat|0|lon|0|z|0|h|4|v|1647873525.1392417
TS1:/54321/drone001/attrs:lat|0|lon|0|z|0|h|5|v|1647873525.1404347
TS1:/54321/drone001/attrs:lat|0|lon|0|z|0|h|6|v|1647873525.1417253
TS1:/54321/drone001/attrs:lat|0|lon|0|z|0|h|7|v|1647873525.1429095
TS1:/54321/drone001/attrs:lat|0|lon|0|z|0|h|8|v|1647873525.1441965
TS1:/54321/drone001/attrs:lat|0|lon|0|z|0|h|9|v|1647873525.1454864
TS1:/54321/drone001/attrs:lat|0|lon|0|z|0|h|10|v|1647873525.1467419
TS1:/54321/drone001/attrs:lat|0|lon|0|z|0|h|11|v|1647873525.1479192
TS1:/54321/drone001/attrs:lat|0|lon|0|z|0|h|12|v|1647873525.1491065
TS1:/54321/drone001/attrs:lat|0|lon|0|z|0|h|13|v|1647873525.1502945
TS1:/54321/drone001/attrs:lat|0|lon|0|z|0|h|14|v|1647873525.1515098
TS1:/54321/drone001/attrs:lat|0|lon|0|z|0|h|15|v|1647873525.152814
TS1:/54321/drone001/attrs:lat|0|lon|0|z|0|h|16|v|1647873525.1540287
TS1:/54321/drone001/attrs:lat|0|lon|0|z|0|h|17|v|1647873525.155297
TS1:/54321/drone001/attrs:lat|0|lon|0|z|0|h|18|v|1647873525.156492
TS1:/54321/drone001/attrs:lat|0|lon|0|z|0|h|19|v|1647873525.1577284
TS1:/54321/drone001/attrs:lat|0|lon|0|z|0|h|20|v|1647873525.159004
TS1:/54321/drone001/attrs:lat|0|lon|0|z|0|h|21|v|1647873525.1602144
TS1:/54321/drone001/attrs:lat|0|lon|0|z|0|h|22|v|1647873525.16145
TS1:/54321/drone001/attrs:lat|0|lon|0|z|0|h|23|v|1647873525.1627429
TS1:/54321/drone001/attrs:lat|0|lon|0|z|0|h|24|v|1647873525.1639569
TS1:/54321/drone001/attrs:lat|0|lon|0|z|0|h|25|v|1647873525.1651907
TS1:/54321/drone001/attrs:lat|0|lon|0|z|0|h|26|v|1647873525.1665027
TS1:/54321/drone001/attrs:lat|0|lon|0|z|0|h|27|v|1647873525.1678472
TS1:/54321/drone001/attrs:lat|0|lon|0|z|0|h|28|v|1647873525.1691449
TS1:/54321/drone001/attrs:lat|0|lon|0|z|0|h|29|v|1647873525.1704404
TS1:/54321/drone001/attrs:lat|0|lon|0|z|0|h|30|v|1647873525.1717365
TS1:/54321/drone001/attrs:lat|0|lon|0|z|0|h|31|v|1647873525.1730146
TS1:/54321/drone001/attrs:lat|0|lon|0|z|0|h|32|v|1647873525.174338
TS1:/54321/drone001/attrs:lat|0|lon|0|z|0|h|33|v|1647873525.1756327
TS1:/54321/drone001/attrs:lat|0|lon|0|z|0|h|34|v|1647873525.1769068
TS1:/54321/drone001/attrs:lat|0|lon|0|z|0|h|35|v|1647873525.178226
TS1:/54321/drone001/attrs:lat|0|lon|0|z|0|h|36|v|1647873525.1795235
TS1:/54321/drone001/attrs:lat|0|lon|0|z|0|h|37|v|1647873525.180816
TS1:/54321/drone001/attrs:lat|0|lon|0|z|0|h|38|v|1647873525.182109
TS1:/54321/drone001/attrs:lat|0|lon|0|z|0|h|39|v|1647873525.1834028
TS1:/54321/drone001/attrs:lat|0|lon|0|z|0|h|40|v|1647873525.1847143
TS1:/54321/drone001/attrs:lat|0|lon|0|z|0|h|41|v|1647873525.186013
TS1:/54321/drone001/attrs:lat|0|lon|0|z|0|h|42|v|1647873525.187304
TS1:/54321/drone001/attrs:lat|0|lon|0|z|0|h|43|v|1647873525.1886146
TS1:/54321/drone001/attrs:lat|0|lon|0|z|0|h|44|v|1647873525.1899385
TS1:/54321/drone001/attrs:lat|0|lon|0|z|0|h|45|v|1647873525.1912098
TS1:/54321/drone001/attrs:lat|0|lon|0|z|0|h|46|v|1647873525.192513
TS1:/54321/drone001/attrs:lat|0|lon|0|z|0|h|47|v|1647873525.193812
TS1:/54321/drone001/attrs:lat|0|lon|0|z|0|h|48|v|1647873525.1950848
TS1:/54321/drone001/attrs:lat|0|lon|0|z|0|h|49|v|1647873525.1963758
TS1:/54321/drone001/attrs:lat|0|lon|0|z|0|h|50|v|1647873525.1976807
TS1:/54321/drone001/attrs:lat|0|lon|0|z|0|h|51|v|1647873525.1989558
TS1:/54321/drone001/attrs:lat|0|lon|0|z|0|h|52|v|1647873525.2002466
TS1:/54321/drone001/attrs:lat|0|lon|0|z|0|h|53|v|1647873525.2015371
TS1:/54321/drone001/attrs:lat|0|lon|0|z|0|h|54|v|1647873525.2033832
TS1:/54321/drone001/attrs:lat|0|lon|0|z|0|h|55|v|1647873525.2046967
TS1:/54321/drone001/attrs:lat|0|lon|0|z|0|h|56|v|1647873525.2059913
TS1:/54321/drone001/attrs:lat|0|lon|0|z|0|h|57|v|1647873525.2072818
TS1:/54321/drone001/attrs:lat|0|lon|0|z|0|h|58|v|1647873525.2085886
TS1:/54321/drone001/attrs:lat|0|lon|0|z|0|h|59|v|1647873525.2098808
TS1:/54321/drone001/attrs:lat|0|lon|0|z|0|h|60|v|1647873525.2111726
TS1:/54321/drone001/attrs:lat|0|lon|0|z|0|h|61|v|1647873525.2124848
TS1:/54321/drone001/attrs:lat|0|lon|0|z|0|h|62|v|1647873525.2137804
TS1:/54321/drone001/attrs:lat|0|lon|0|z|0|h|63|v|1647873525.2151084
TS1:/54321/drone001/attrs:lat|0|lon|0|z|0|h|64|v|1647873525.216393
TS1:/54321/drone001/attrs:lat|0|lon|0|z|0|h|65|v|1647873525.2176776
TS1:/54321/drone001/attrs:lat|0|lon|0|z|0|h|66|v|1647873525.2189713
TS1:/54321/drone001/attrs:lat|0|lon|0|z|0|h|67|v|1647873525.220261
TS1:/54321/drone001/attrs:lat|0|lon|0|z|0|h|68|v|1647873525.2215533
TS1:/54321/drone001/attrs:lat|0|lon|0|z|0|h|69|v|1647873525.2228463
TS1:/54321/drone001/attrs:lat|0|lon|0|z|0|h|70|v|1647873525.224142
TS1:/54321/drone001/attrs:lat|0|lon|0|z|0|h|71|v|1647873525.2254288
TS1:/54321/drone001/attrs:lat|0|lon|0|z|0|h|72|v|1647873525.2267394
TS1:/54321/drone001/attrs:lat|0|lon|0|z|0|h|73|v|1647873525.2280288
TS1:/54321/drone001/attrs:lat|0|lon|0|z|0|h|74|v|1647873525.2293184
TS1:/54321/drone001/attrs:lat|0|lon|0|z|0|h|75|v|1647873525.2306507
TS1:/54321/drone001/attrs:lat|0|lon|0|z|0|h|76|v|1647873525.2319248
TS1:/54321/drone001/attrs:lat|0|lon|0|z|0|h|77|v|1647873525.2332132
TS1:/54321/drone001/attrs:lat|0|lon|0|z|0|h|78|v|1647873525.2345135
TS1:/54321/drone001/attrs:lat|0|lon|0|z|0|h|79|v|1647873525.235811
TS1:/54321/drone001/attrs:lat|0|lon|0|z|0|h|80|v|1647873525.2371068
TS1:/54321/drone001/attrs:lat|0|lon|0|z|0|h|81|v|1647873525.238401
TS1:/54321/drone001/attrs:lat|0|lon|0|z|0|h|82|v|1647873525.2397194
TS1:/54321/drone001/attrs:lat|0|lon|0|z|0|h|83|v|1647873525.240992
TS1:/54321/drone001/attrs:lat|0|lon|0|z|0|h|84|v|1647873525.2423072
TS1:/54321/drone001/attrs:lat|0|lon|0|z|0|h|85|v|1647873525.243622
TS1:/54321/drone001/attrs:lat|0|lon|0|z|0|h|86|v|1647873525.2449138
TS1:/54321/drone001/attrs:lat|0|lon|0|z|0|h|87|v|1647873525.2462325
TS1:/54321/drone001/attrs:lat|0|lon|0|z|0|h|88|v|1647873525.2475255
TS1:/54321/drone001/attrs:lat|0|lon|0|z|0|h|89|v|1647873525.2488148
TS1:/54321/drone001/attrs:lat|0|lon|0|z|0|h|90|v|1647873525.2501056
TS1:/54321/drone001/attrs:lat|0|lon|0|z|0|h|91|v|1647873525.2513893
TS1:/54321/drone001/attrs:lat|0|lon|0|z|0|h|92|v|1647873525.2526803
TS1:/54321/drone001/attrs:lat|0|lon|0|z|0|h|93|v|1647873525.2539513
TS1:/54321/drone001/attrs:lat|0|lon|0|z|0|h|94|v|1647873525.2552757
TS1:/54321/drone001/attrs:lat|0|lon|0|z|0|h|95|v|1647873525.2565675
TS1:/54321/drone001/attrs:lat|0|lon|0|z|0|h|96|v|1647873525.2578683
TS1:/54321/drone001/attrs:lat|0|lon|0|z|0|h|97|v|1647873525.2591584
TS1:/54321/drone001/attrs:lat|0|lon|0|z|0|h|98|v|1647873525.2604485
TS1:/54321/drone001/attrs:lat|0|lon|0|z|0|h|99|v|1647873525.2617602
TS1:/54321/drone001/attrs:lat|0|lon|0|z|0|h|100|v|1647873525.2630482
TS1:/54321/drone001/attrs:lat|0|lon|0|z|0|h|101|v|1647873525.2643378
TS1:/54321/drone001/attrs:lat|0|lon|0|z|0|h|102|v|1647873525.2656555
TS1:/54321/drone001/attrs:lat|0|lon|0|z|0|h|103|v|1647873525.2669466
TS1:/54321/drone001/attrs:lat|0|lon|0|z|0|h|104|v|1647873525.2684784
TS1:/54321/drone001/attrs:lat|0|lon|0|z|0|h|105|v|1647873525.2697752
TS1:/54321/drone001/attrs:lat|0|lon|0|z|0|h|106|v|1647873525.271067
TS1:/54321/drone001/attrs:lat|0|lon|0|z|0|h|107|v|1647873525.2723575
TS1:/54321/drone001/attrs:lat|0|lon|0|z|0|h|108|v|1647873525.2736778
TS1:/54321/drone001/attrs:lat|0|lon|0|z|0|h|109|v|1647873525.2749505
TS1:/54321/drone001/attrs:lat|0|lon|0|z|0|h|110|v|1647873525.276242
TS1:/54321/drone001/attrs:lat|0|lon|0|z|0|h|111|v|1647873525.2775269
TS1:/54321/drone001/attrs:lat|0|lon|0|z|0|h|112|v|1647873525.2788055
TS1:/54321/drone001/attrs:lat|0|lon|0|z|0|h|113|v|1647873525.2800746
TS1:/54321/drone001/attrs:lat|0|lon|0|z|0|h|114|v|1647873525.2813637
TS1:/54321/drone001/attrs:lat|0|lon|0|z|0|h|115|v|1647873525.2826707
TS1:/54321/drone001/attrs:lat|0|lon|0|z|0|h|116|v|1647873525.283968
TS1:/54321/drone001/attrs:lat|0|lon|0|z|0|h|117|v|1647873525.285258
TS1:/54321/drone001/attrs:lat|0|lon|0|z|0|h|118|v|1647873525.286548
TS1:/54321/drone001/attrs:lat|0|lon|0|z|0|h|119|v|1647873525.2878404
TS1:/54321/drone001/attrs:lat|0|lon|0|z|0|h|120|v|1647873525.2891307
TS1:/54321/drone001/attrs:lat|0|lon|0|z|0|h|121|v|1647873525.2904155
TS1:/54321/drone001/attrs:lat|0|lon|0|z|0|h|122|v|1647873525.2919102
TS1:/54321/drone001/attrs:lat|0|lon|0|z|0|h|123|v|1647873525.2932143
TS1:/54321/drone001/attrs:lat|0|lon|0|z|0|h|124|v|1647873525.2945144
TS1:/54321/drone001/attrs:lat|0|lon|0|z|0|h|125|v|1647873525.2958214
TS1:/54321/drone001/attrs:lat|0|lon|0|z|0|h|126|v|1647873525.297115
TS1:/54321/drone001/attrs:lat|0|lon|0|z|0|h|127|v|1647873525.2984068
TS1:/54321/drone001/attrs:lat|0|lon|0|z|0|h|128|v|1647873525.2997193
TS1:/54321/drone001/attrs:lat|0|lon|0|z|0|h|129|v|1647873525.3010073
TS1:/54321/drone001/attrs:lat|0|lon|0|z|0|h|130|v|1647873525.302333
TS1:/54321/drone001/attrs:lat|0|lon|0|z|0|h|131|v|1647873525.3036442
TS1:/54321/drone001/attrs:lat|0|lon|0|z|0|h|132|v|1647873525.3049374
TS1:/54321/drone001/attrs:lat|0|lon|0|z|0|h|133|v|1647873525.3062491
TS1:/54321/drone001/attrs:lat|0|lon|0|z|0|h|134|v|1647873525.3075404
TS1:/54321/drone001/attrs:lat|0|lon|0|z|0|h|135|v|1647873525.308834
TS1:/54321/drone001/attrs:lat|0|lon|0|z|0|h|136|v|1647873525.310123
TS1:/54321/drone001/attrs:lat|0|lon|0|z|0|h|137|v|1647873525.311413
TS1:/54321/drone001/attrs:lat|0|lon|0|z|0|h|138|v|1647873525.312721
TS1:/54321/drone001/attrs:lat|0|lon|0|z|0|h|139|v|1647873525.3140094
TS1:/54321/drone001/attrs:lat|0|lon|0|z|0|h|140|v|1647873525.3153026
TS1:/54321/drone001/attrs:lat|0|lon|0|z|0|h|141|v|1647873525.3166046
TS1:/54321/drone001/attrs:lat|0|lon|0|z|0|h|142|v|1647873525.3178773
TS1:/54321/drone001/attrs:lat|0|lon|0|z|0|h|143|v|1647873525.3191736
TS1:/54321/drone001/attrs:lat|0|lon|0|z|0|h|144|v|1647873525.3204775
TS1:/54321/drone001/attrs:lat|0|lon|0|z|0|h|145|v|1647873525.321772
TS1:/54321/drone001/attrs:lat|0|lon|0|z|0|h|146|v|1647873525.323064
TS1:/54321/drone001/attrs:lat|0|lon|0|z|0|h|147|v|1647873525.324352
TS1:/54321/drone001/attrs:lat|0|lon|0|z|0|h|148|v|1647873525.3256576
TS1:/54321/drone001/attrs:lat|0|lon|0|z|0|h|149|v|1647873525.3269503
TS1:/54321/drone001/attrs:lat|0|lon|0|z|0|h|150|v|1647873525.3282397
TS1:/54321/drone001/attrs:lat|0|lon|0|z|0|h|151|v|1647873525.3295305
TS1:/54321/drone001/attrs:lat|0|lon|0|z|0|h|152|v|1647873525.3308244
TS1:/54321/drone001/attrs:lat|0|lon|0|z|0|h|153|v|1647873525.332114
TS1:/54321/drone001/attrs:lat|0|lon|0|z|0|h|154|v|1647873525.3335185
TS1:/54321/drone001/attrs:lat|0|lon|0|z|0|h|155|v|1647873525.334831
TS1:/54321/drone001/attrs:lat|0|lon|0|z|0|h|156|v|1647873525.3361099
TS1:/54321/drone001/attrs:lat|0|lon|0|z|0|h|157|v|1647873525.3373818
TS1:/54321/drone001/attrs:lat|0|lon|0|z|0|h|158|v|1647873525.3386862
TS1:/54321/drone001/attrs:lat|0|lon|0|z|0|h|159|v|1647873525.339977
TS1:/54321/drone001/attrs:lat|0|lon|0|z|0|h|160|v|1647873525.341252
TS1:/54321/drone001/attrs:lat|0|lon|0|z|0|h|161|v|1647873525.342543
TS1:/54321/drone001/attrs:lat|0|lon|0|z|0|h|162|v|1647873525.3438349
TS1:/54321/drone001/attrs:lat|0|lon|0|z|0|h|163|v|1647873525.3451223
TS1:/54321/drone001/attrs:lat|0|lon|0|z|0|h|164|v|1647873525.3464122
TS1:/54321/drone001/attrs:lat|0|lon|0|z|0|h|165|v|1647873525.347782
TS1:/54321/drone001/attrs:lat|0|lon|0|z|0|h|166|v|1647873525.3490746
TS1:/54321/drone001/attrs:lat|0|lon|0|z|0|h|167|v|1647873525.3503957
TS1:/54321/drone001/attrs:lat|0|lon|0|z|0|h|168|v|1647873525.3517048
TS1:/54321/drone001/attrs:lat|0|lon|0|z|0|h|169|v|1647873525.3529978
TS1:/54321/drone001/attrs:lat|0|lon|0|z|0|h|170|v|1647873525.354314
TS1:/54321/drone001/attrs:lat|0|lon|0|z|0|h|171|v|1647873525.355613
TS1:/54321/drone001/attrs:lat|0|lon|0|z|0|h|172|v|1647873525.356885
TS1:/54321/drone001/attrs:lat|0|lon|0|z|0|h|173|v|1647873525.3581731
TS1:/54321/drone001/attrs:lat|0|lon|0|z|0|h|174|v|1647873525.3594785
TS1:/54321/drone001/attrs:lat|0|lon|0|z|0|h|175|v|1647873525.360765
TS1:/54321/drone001/attrs:lat|0|lon|0|z|0|h|176|v|1647873525.3620548
TS1:/54321/drone001/attrs:lat|0|lon|0|z|0|h|177|v|1647873525.3633454
TS1:/54321/drone001/attrs:lat|0|lon|0|z|0|h|178|v|1647873525.3646414
TS1:/54321/drone001/attrs:lat|0|lon|0|z|0|h|179|v|1647873525.3659139
TS1:/54321/drone001/attrs:lat|0|lon|0|z|0|h|180|v|1647873525.3672032
TS1:/54321/drone001/attrs:lat|0|lon|0|z|0|h|181|v|1647873525.3685088
TS1:/54321/drone001/attrs:lat|0|lon|0|z|0|h|182|v|1647873525.369805
TS1:/54321/drone001/attrs:lat|0|lon|0|z|0|h|183|v|1647873525.3710961
TS1:/54321/drone001/attrs:lat|0|lon|0|z|0|h|184|v|1647873525.3723857
TS1:/54321/drone001/attrs:lat|0|lon|0|z|0|h|185|v|1647873525.3736937
TS1:/54321/drone001/attrs:lat|0|lon|0|z|0|h|186|v|1647873525.3749933
TS1:/54321/drone001/attrs:lat|0|lon|0|z|0|h|187|v|1647873525.3762827
TS1:/54321/drone001/attrs:lat|0|lon|0|z|0|h|188|v|1647873525.3775914
TS1:/54321/drone001/attrs:lat|0|lon|0|z|0|h|189|v|1647873525.378878
TS1:/54321/drone001/attrs:lat|0|lon|0|z|0|h|190|v|1647873525.3801508
TS1:/54321/drone001/attrs:lat|0|lon|0|z|0|h|191|v|1647873525.3814418
TS1:/54321/drone001/attrs:lat|0|lon|0|z|0|h|192|v|1647873525.3827283
TS1:/54321/drone001/attrs:lat|0|lon|0|z|0|h|193|v|1647873525.384021
TS1:/54321/drone001/attrs:lat|0|lon|0|z|0|h|194|v|1647873525.3852935
TS1:/54321/drone001/attrs:lat|0|lon|0|z|0|h|195|v|1647873525.3866024
TS1:/54321/drone001/attrs:lat|0|lon|0|z|0|h|196|v|1647873525.3878975
TS1:/54321/drone001/attrs:lat|0|lon|0|z|0|h|197|v|1647873525.3891628
TS1:/54321/drone001/attrs:lat|0|lon|0|z|0|h|198|v|1647873525.3904345
TS1:/54321/drone001/attrs:lat|0|lon|0|z|0|h|199|v|1647873525.3917348
TS1:/54321/drone001/attrs:lat|0|lon|0|z|0|h|200|v|1647873525.3930051
TS1:/54321/drone001/attrs:lat|0|lon|0|z|0|h|201|v|1647873525.3943152
TS1:/54321/drone001/attrs:lat|0|lon|0|z|0|h|202|v|1647873525.3956041
TS1:/54321/drone001/attrs:lat|0|lon|0|z|0|h|203|v|1647873525.39689
TS1:/54321/drone001/attrs:lat|0|lon|0|z|0|h|204|v|1647873525.3985884
TS1:/54321/drone001/attrs:lat|0|lon|0|z|0|h|205|v|1647873525.399865
TS1:/54321/drone001/attrs:lat|0|lon|0|z|0|h|206|v|1647873525.4011571
TS1:/54321/drone001/attrs:lat|0|lon|0|z|0|h|207|v|1647873525.4024768
TS1:/54321/drone001/attrs:lat|0|lon|0|z|0|h|208|v|1647873525.403753
TS1:/54321/drone001/attrs:lat|0|lon|0|z|0|h|209|v|1647873525.4050379
TS1:/54321/drone001/attrs:lat|0|lon|0|z|0|h|210|v|1647873525.406338
TS1:/54321/drone001/attrs:lat|0|lon|0|z|0|h|211|v|1647873525.4076395
TS1:/54321/drone001/attrs:lat|0|lon|0|z|0|h|212|v|1647873525.4089127
TS1:/54321/drone001/attrs:lat|0|lon|0|z|0|h|213|v|1647873525.4102302
TS1:/54321/drone001/attrs:lat|0|lon|0|z|0|h|214|v|1647873525.4115393
TS1:/54321/drone001/attrs:lat|0|lon|0|z|0|h|215|v|1647873525.4128125
TS1:/54321/drone001/attrs:lat|0|lon|0|z|0|h|216|v|1647873525.4140973
TS1:/54321/drone001/attrs:lat|0|lon|0|z|0|h|217|v|1647873525.4153767
TS1:/54321/drone001/attrs:lat|0|lon|0|z|0|h|218|v|1647873525.4166777
TS1:/54321/drone001/attrs:lat|0|lon|0|z|0|h|219|v|1647873525.4179506
TS1:/54321/drone001/attrs:lat|0|lon|0|z|0|h|220|v|1647873525.4192402
TS1:/54321/drone001/attrs:lat|0|lon|0|z|0|h|221|v|1647873525.4205217
TS1:/54321/drone001/attrs:lat|0|lon|0|z|0|h|222|v|1647873525.4217865
TS1:/54321/drone001/attrs:lat|0|lon|0|z|0|h|223|v|1647873525.4230375
TS1:/54321/drone001/attrs:lat|0|lon|0|z|0|h|224|v|1647873525.4242973
TS1:/54321/drone001/attrs:lat|0|lon|0|z|0|h|225|v|1647873525.4255984
TS1:/54321/drone001/attrs:lat|0|lon|0|z|0|h|226|v|1647873525.4269001
TS1:/54321/drone001/attrs:lat|0|lon|0|z|0|h|227|v|1647873525.4281938
TS1:/54321/drone001/attrs:lat|0|lon|0|z|0|h|228|v|1647873525.4295065
TS1:/54321/drone001/attrs:lat|0|lon|0|z|0|h|229|v|1647873525.4308016
TS1:/54321/drone001/attrs:lat|0|lon|0|z|0|h|230|v|1647873525.4320946
TS1:/54321/drone001/attrs:lat|0|lon|0|z|0|h|231|v|1647873525.4333856
TS1:/54321/drone001/attrs:lat|0|lon|0|z|0|h|232|v|1647873525.434694
TS1:/54321/drone001/attrs:lat|0|lon|0|z|0|h|233|v|1647873525.4359903
TS1:/54321/drone001/attrs:lat|0|lon|0|z|0|h|234|v|1647873525.4372802
TS1:/54321/drone001/attrs:lat|0|lon|0|z|0|h|235|v|1647873525.4385912
TS1:/54321/drone001/attrs:lat|0|lon|0|z|0|h|236|v|1647873525.4398887
TS1:/54321/drone001/attrs:lat|0|lon|0|z|0|h|237|v|1647873525.4411805
TS1:/54321/drone001/attrs:lat|0|lon|0|z|0|h|238|v|1647873525.4424767
TS1:/54321/drone001/attrs:lat|0|lon|0|z|0|h|239|v|1647873525.4437423
TS1:/54321/drone001/attrs:lat|0|lon|0|z|0|h|240|v|1647873525.4450116
TS1:/54321/drone001/attrs:lat|0|lon|0|z|0|h|241|v|1647873525.4464822
TS1:/54321/drone001/attrs:lat|0|lon|0|z|0|h|242|v|1647873525.4477658
TS1:/54321/drone001/attrs:lat|0|lon|0|z|0|h|243|v|1647873525.4490595
TS1:/54321/drone001/attrs:lat|0|lon|0|z|0|h|244|v|1647873525.4503834
TS1:/54321/drone001/attrs:lat|0|lon|0|z|0|h|245|v|1647873525.4516935
TS1:/54321/drone001/attrs:lat|0|lon|0|z|0|h|246|v|1647873525.452986
TS1:/54321/drone001/attrs:lat|0|lon|0|z|0|h|247|v|1647873525.4543018
TS1:/54321/drone001/attrs:lat|0|lon|0|z|0|h|248|v|1647873525.4556103
TS1:/54321/drone001/attrs:lat|0|lon|0|z|0|h|249|v|1647873525.456902
TS1:/54321/drone001/attrs:lat|0|lon|0|z|0|h|250|v|1647873525.4582171
TS1:/54321/drone001/attrs:lat|0|lon|0|z|0|h|251|v|1647873525.459514
TS1:/54321/drone001/attrs:lat|0|lon|0|z|0|h|252|v|1647873525.460798
TS1:/54321/drone001/attrs:lat|0|lon|0|z|0|h|253|v|1647873525.4620614
TS1:/54321/drone001/attrs:lat|0|lon|0|z|0|h|254|v|1647873525.4636645
TS1:/54321/drone001/attrs:lat|0|lon|0|z|0|h|255|v|1647873525.4649305
TS1:/54321/drone001/attrs:lat|0|lon|0|z|0|h|256|v|1647873525.4662325
TS1:/54321/drone001/attrs:lat|0|lon|0|z|0|h|257|v|1647873525.4675105
TS1:/54321/drone001/attrs:lat|0|lon|0|z|0|h|258|v|1647873525.4688048
TS1:/54321/drone001/attrs:lat|0|lon|0|z|0|h|259|v|1647873525.4701087
TS1:/54321/drone001/attrs:lat|0|lon|0|z|0|h|260|v|1647873525.4714012
TS1:/54321/drone001/attrs:lat|0|lon|0|z|0|h|261|v|1647873525.4727032
TS1:/54321/drone001/attrs:lat|0|lon|0|z|0|h|262|v|1647873525.4739847
TS1:/54321/drone001/attrs:lat|0|lon|0|z|0|h|263|v|1647873525.4752567
TS1:/54321/drone001/attrs:lat|0|lon|0|z|0|h|264|v|1647873525.4765432
TS1:/54321/drone001/attrs:lat|0|lon|0|z|0|h|265|v|1647873525.4778273
TS1:/54321/drone001/attrs:lat|0|lon|0|z|0|h|266|v|1647873525.4790983
TS1:/54321/drone001/attrs:lat|0|lon|0|z|0|h|267|v|1647873525.4803941
TS1:/54321/drone001/attrs:lat|0|lon|0|z|0|h|268|v|1647873525.4817019
TS1:/54321/drone001/attrs:lat|0|lon|0|z|0|h|269|v|1647873525.482995
TS1:/54321/drone001/attrs:lat|0|lon|0|z|0|h|270|v|1647873525.4842868
TS1:/54321/drone001/attrs:lat|0|lon|0|z|0|h|271|v|1647873525.4855917
TS1:/54321/drone001/attrs:lat|0|lon|0|z|0|h|272|v|1647873525.4867995
TS1:/54321/drone001/attrs:lat|0|lon|0|z|0|h|273|v|1647873525.4880865
TS1:/54321/drone001/attrs:lat|0|lon|0|z|0|h|274|v|1647873525.4893863
TS1:/54321/drone001/attrs:lat|0|lon|0|z|0|h|275|v|1647873525.4907024
TS1:/54321/drone001/attrs:lat|0|lon|0|z|0|h|276|v|1647873525.4920042
TS1:/54321/drone001/attrs:lat|0|lon|0|z|0|h|277|v|1647873525.493289
TS1:/54321/drone001/attrs:lat|0|lon|0|z|0|h|278|v|1647873525.494563
TS1:/54321/drone001/attrs:lat|0|lon|0|z|0|h|279|v|1647873525.495847
TS1:/54321/drone001/attrs:lat|0|lon|0|z|0|h|280|v|1647873525.497139
TS1:/54321/drone001/attrs:lat|0|lon|0|z|0|h|281|v|1647873525.4984229
TS1:/54321/drone001/attrs:lat|0|lon|0|z|0|h|282|v|1647873525.4997177
TS1:/54321/drone001/attrs:lat|0|lon|0|z|0|h|283|v|1647873525.5010087
TS1:/54321/drone001/attrs:lat|0|lon|0|z|0|h|284|v|1647873525.5023255
TS1:/54321/drone001/attrs:lat|0|lon|0|z|0|h|285|v|1647873525.50363
TS1:/54321/drone001/attrs:lat|0|lon|0|z|0|h|286|v|1647873525.504924
TS1:/54321/drone001/attrs:lat|0|lon|0|z|0|h|287|v|1647873525.5062497
TS1:/54321/drone001/attrs:lat|0|lon|0|z|0|h|288|v|1647873525.5075445
TS1:/54321/drone001/attrs:lat|0|lon|0|z|0|h|289|v|1647873525.5088365
TS1:/54321/drone001/attrs:lat|0|lon|0|z|0|h|290|v|1647873525.5101275
TS1:/54321/drone001/attrs:lat|0|lon|0|z|0|h|291|v|1647873525.5114124
TS1:/54321/drone001/attrs:lat|0|lon|0|z|0|h|292|v|1647873525.5127
TS1:/54321/drone001/attrs:lat|0|lon|0|z|0|h|293|v|1647873525.5139925
TS1:/54321/drone001/attrs:lat|0|lon|0|z|0|h|294|v|1647873525.5152996
TS1:/54321/drone001/attrs:lat|0|lon|0|z|0|h|295|v|1647873525.5165856
TS1:/54321/drone001/attrs:lat|0|lon|0|z|0|h|296|v|1647873525.5178766
TS1:/54321/drone001/attrs:lat|0|lon|0|z|0|h|297|v|1647873525.5191662
TS1:/54321/drone001/attrs:lat|0|lon|0|z|0|h|298|v|1647873525.5204554
TS1:/54321/drone001/attrs:lat|0|lon|0|z|0|h|299|v|1647873525.5217652
TS1:/54321/drone001/attrs:lat|0|lon|0|z|0|h|300|v|1647873525.523061
TS1:/54321/drone001/attrs:lat|0|lon|0|z|0|h|301|v|1647873525.5243528
TS1:/54321/drone001/attrs:lat|0|lon|0|z|0|h|302|v|1647873525.525653
TS1:/54321/drone001/attrs:lat|0|lon|0|z|0|h|303|v|1647873525.5269456
TS1:/54321/drone001/attrs:lat|0|lon|0|z|0|h|304|v|1647873525.5286777
TS1:/54321/drone001/attrs:lat|0|lon|0|z|0|h|305|v|1647873525.5299728
TS1:/54321/drone001/attrs:lat|0|lon|0|z|0|h|306|v|1647873525.531264
TS1:/54321/drone001/attrs:lat|0|lon|0|z|0|h|307|v|1647873525.5325496
TS1:/54321/drone001/attrs:lat|0|lon|0|z|0|h|308|v|1647873525.5338247
TS1:/54321/drone001/attrs:lat|0|lon|0|z|0|h|309|v|1647873525.535122
TS1:/54321/drone001/attrs:lat|0|lon|0|z|0|h|310|v|1647873525.5364127
TS1:/54321/drone001/attrs:lat|0|lon|0|z|0|h|311|v|1647873525.5377235
TS1:/54321/drone001/attrs:lat|0|lon|0|z|0|h|312|v|1647873525.5390081
TS1:/54321/drone001/attrs:lat|0|lon|0|z|0|h|313|v|1647873525.5402803
TS1:/54321/drone001/attrs:lat|0|lon|0|z|0|h|314|v|1647873525.5415885
TS1:/54321/drone001/attrs:lat|0|lon|0|z|0|h|315|v|1647873525.542882
TS1:/54321/drone001/attrs:lat|0|lon|0|z|0|h|316|v|1647873525.5441718
TS1:/54321/drone001/attrs:lat|0|lon|0|z|0|h|317|v|1647873525.545477
TS1:/54321/drone001/attrs:lat|0|lon|0|z|0|h|318|v|1647873525.5467713
TS1:/54321/drone001/attrs:lat|0|lon|0|z|0|h|319|v|1647873525.5480604
TS1:/54321/drone001/attrs:lat|0|lon|0|z|0|h|320|v|1647873525.549352
TS1:/54321/drone001/attrs:lat|0|lon|0|z|0|h|321|v|1647873525.5506527
TS1:/54321/drone001/attrs:lat|0|lon|0|z|0|h|322|v|1647873525.5519457
TS1:/54321/drone001/attrs:lat|0|lon|0|z|0|h|323|v|1647873525.5532355
TS1:/54321/drone001/attrs:lat|0|lon|0|z|0|h|324|v|1647873525.5545256
TS1:/54321/drone001/attrs:lat|0|lon|0|z|0|h|325|v|1647873525.55582
TS1:/54321/drone001/attrs:lat|0|lon|0|z|0|h|326|v|1647873525.5571115
TS1:/54321/drone001/attrs:lat|0|lon|0|z|0|h|327|v|1647873525.5584018
TS1:/54321/drone001/attrs:lat|0|lon|0|z|0|h|328|v|1647873525.559712
TS1:/54321/drone001/attrs:lat|0|lon|0|z|0|h|329|v|1647873525.5610032
TS1:/54321/drone001/attrs:lat|0|lon|0|z|0|h|330|v|1647873525.5623364
TS1:/54321/drone001/attrs:lat|0|lon|0|z|0|h|331|v|1647873525.5636272
TS1:/54321/drone001/attrs:lat|0|lon|0|z|0|h|332|v|1647873525.56492
TS1:/54321/drone001/attrs:lat|0|lon|0|z|0|h|333|v|1647873525.566236
TS1:/54321/drone001/attrs:lat|0|lon|0|z|0|h|334|v|1647873525.567529
TS1:/54321/drone001/attrs:lat|0|lon|0|z|0|h|335|v|1647873525.5688176
TS1:/54321/drone001/attrs:lat|0|lon|0|z|0|h|336|v|1647873525.5701122
TS1:/54321/drone001/attrs:lat|0|lon|0|z|0|h|337|v|1647873525.5714033
TS1:/54321/drone001/attrs:lat|0|lon|0|z|0|h|338|v|1647873525.5727115
TS1:/54321/drone001/attrs:lat|0|lon|0|z|0|h|339|v|1647873525.573996
TS1:/54321/drone001/attrs:lat|0|lon|0|z|0|h|340|v|1647873525.5752738
TS1:/54321/drone001/attrs:lat|0|lon|0|z|0|h|341|v|1647873525.5765455
TS1:/54321/drone001/attrs:lat|0|lon|0|z|0|h|342|v|1647873525.5778298
TS1:/54321/drone001/attrs:lat|0|lon|0|z|0|h|343|v|1647873525.579102
TS1:/54321/drone001/attrs:lat|0|lon|0|z|0|h|344|v|1647873525.5803952
TS1:/54321/drone001/attrs:lat|0|lon|0|z|0|h|345|v|1647873525.581704
TS1:/54321/drone001/attrs:lat|0|lon|0|z|0|h|346|v|1647873525.582996
TS1:/54321/drone001/attrs:lat|0|lon|0|z|0|h|347|v|1647873525.5842986
TS1:/54321/drone001/attrs:lat|0|lon|0|z|0|h|348|v|1647873525.5856068
TS1:/54321/drone001/attrs:lat|0|lon|0|z|0|h|349|v|1647873525.5869012
TS1:/54321/drone001/attrs:lat|0|lon|0|z|0|h|350|v|1647873525.5881917
TS1:/54321/drone001/attrs:lat|0|lon|0|z|0|h|351|v|1647873525.5894985
TS1:/54321/drone001/attrs:lat|0|lon|0|z|0|h|352|v|1647873525.5907953
TS1:/54321/drone001/attrs:lat|0|lon|0|z|0|h|353|v|1647873525.5920846
TS1:/54321/drone001/attrs:lat|0|lon|0|z|0|h|354|v|1647873525.593858
TS1:/54321/drone001/attrs:lat|0|lon|0|z|0|h|355|v|1647873525.5951507
TS1:/54321/drone001/attrs:lat|0|lon|0|z|0|h|356|v|1647873525.5964472
TS1:/54321/drone001/attrs:lat|0|lon|0|z|0|h|357|v|1647873525.5977526
TS1:/54321/drone001/attrs:lat|0|lon|0|z|0|h|358|v|1647873525.599025
TS1:/54321/drone001/attrs:lat|0|lon|0|z|0|h|359|v|1647873525.6003158
TS1:/54321/drone001/attrs:lat|0|lon|0|z|0|h|360|v|1647873525.6017625
TS1:/54321/drone001/attrs:lat|0|lon|0|z|0|h|361|v|1647873525.603064
TS1:/54321/drone001/attrs:lat|0|lon|0|z|0|h|362|v|1647873525.6043797
TS1:/54321/drone001/attrs:lat|0|lon|0|z|0|h|363|v|1647873525.6056702
TS1:/54321/drone001/attrs:lat|0|lon|0|z|0|h|364|v|1647873525.606965
TS1:/54321/drone001/attrs:lat|0|lon|0|z|0|h|365|v|1647873525.608257
TS1:/54321/drone001/attrs:lat|0|lon|0|z|0|h|366|v|1647873525.60955
TS1:/54321/drone001/attrs:lat|0|lon|0|z|0|h|367|v|1647873525.6108496
TS1:/54321/drone001/attrs:lat|0|lon|0|z|0|h|368|v|1647873525.6121402
TS1:/54321/drone001/attrs:lat|0|lon|0|z|0|h|369|v|1647873525.6134317
TS1:/54321/drone001/attrs:lat|0|lon|0|z|0|h|370|v|1647873525.6147478
TS1:/54321/drone001/attrs:lat|0|lon|0|z|0|h|371|v|1647873525.616037
TS1:/54321/drone001/attrs:lat|0|lon|0|z|0|h|372|v|1647873525.6173267
TS1:/54321/drone001/attrs:lat|0|lon|0|z|0|h|373|v|1647873525.6186333
TS1:/54321/drone001/attrs:lat|0|lon|0|z|0|h|374|v|1647873525.6199205
TS1:/54321/drone001/attrs:lat|0|lon|0|z|0|h|375|v|1647873525.621192
TS1:/54321/drone001/attrs:lat|0|lon|0|z|0|h|376|v|1647873525.6224985
TS1:/54321/drone001/attrs:lat|0|lon|0|z|0|h|377|v|1647873525.6238034
TS1:/54321/drone001/attrs:lat|0|lon|0|z|0|h|378|v|1647873525.6251018
TS1:/54321/drone001/attrs:lat|0|lon|0|z|0|h|379|v|1647873525.6263747
TS1:/54321/drone001/attrs:lat|0|lon|0|z|0|h|380|v|1647873525.6276813
TS1:/54321/drone001/attrs:lat|0|lon|0|z|0|h|381|v|1647873525.628975
TS1:/54321/drone001/attrs:lat|0|lon|0|z|0|h|382|v|1647873525.630291
TS1:/54321/drone001/attrs:lat|0|lon|0|z|0|h|383|v|1647873525.6316047
TS1:/54321/drone001/attrs:lat|0|lon|0|z|0|h|384|v|1647873525.632898
TS1:/54321/drone001/attrs:lat|0|lon|0|z|0|h|385|v|1647873525.6341872
TS1:/54321/drone001/attrs:lat|0|lon|0|z|0|h|386|v|1647873525.6354954
TS1:/54321/drone001/attrs:lat|0|lon|0|z|0|h|387|v|1647873525.6367812
TS1:/54321/drone001/attrs:lat|0|lon|0|z|0|h|388|v|1647873525.638051
TS1:/54321/drone001/attrs:lat|0|lon|0|z|0|h|389|v|1647873525.6393347
TS1:/54321/drone001/attrs:lat|0|lon|0|z|0|h|390|v|1647873525.6406121
TS1:/54321/drone001/attrs:lat|0|lon|0|z|0|h|391|v|1647873525.641884
TS1:/54321/drone001/attrs:lat|0|lon|0|z|0|h|392|v|1647873525.6431704
TS1:/54321/drone001/attrs:lat|0|lon|0|z|0|h|393|v|1647873525.6444426
TS1:/54321/drone001/attrs:lat|0|lon|0|z|0|h|394|v|1647873525.6457484
TS1:/54321/drone001/attrs:lat|0|lon|0|z|0|h|395|v|1647873525.6470387
TS1:/54321/drone001/attrs:lat|0|lon|0|z|0|h|396|v|1647873525.6483295
TS1:/54321/drone001/attrs:lat|0|lon|0|z|0|h|397|v|1647873525.6496475
TS1:/54321/drone001/attrs:lat|0|lon|0|z|0|h|398|v|1647873525.651005
TS1:/54321/drone001/attrs:lat|0|lon|0|z|0|h|399|v|1647873525.6523106
TS1:/54321/drone001/attrs:lat|0|lon|0|z|0|h|400|v|1647873525.6536272
TS1:/54321/drone001/attrs:lat|0|lon|0|z|0|h|401|v|1647873525.6549284
TS1:/54321/drone001/attrs:lat|0|lon|0|z|0|h|402|v|1647873525.6562216
TS1:/54321/drone001/attrs:lat|0|lon|0|z|0|h|403|v|1647873525.6575131
TS1:/54321/drone001/attrs:lat|0|lon|0|z|0|h|404|v|1647873525.6589031
TS1:/54321/drone001/attrs:lat|0|lon|0|z|0|h|405|v|1647873525.6601837
TS1:/54321/drone001/attrs:lat|0|lon|0|z|0|h|406|v|1647873525.6614962
TS1:/54321/drone001/attrs:lat|0|lon|0|z|0|h|407|v|1647873525.6628108
TS1:/54321/drone001/attrs:lat|0|lon|0|z|0|h|408|v|1647873525.6640844
TS1:/54321/drone001/attrs:lat|0|lon|0|z|0|h|409|v|1647873525.6653762
TS1:/54321/drone001/attrs:lat|0|lon|0|z|0|h|410|v|1647873525.6666937
TS1:/54321/drone001/attrs:lat|0|lon|0|z|0|h|411|v|1647873525.6679823
TS1:/54321/drone001/attrs:lat|0|lon|0|z|0|h|412|v|1647873525.6692753
TS1:/54321/drone001/attrs:lat|0|lon|0|z|0|h|413|v|1647873525.670568
TS1:/54321/drone001/attrs:lat|0|lon|0|z|0|h|414|v|1647873525.671868
TS1:/54321/drone001/attrs:lat|0|lon|0|z|0|h|415|v|1647873525.6731577
TS1:/54321/drone001/attrs:lat|0|lon|0|z|0|h|416|v|1647873525.6744528
TS1:/54321/drone001/attrs:lat|0|lon|0|z|0|h|417|v|1647873525.675768
TS1:/54321/drone001/attrs:lat|0|lon|0|z|0|h|418|v|1647873525.6770592
TS1:/54321/drone001/attrs:lat|0|lon|0|z|0|h|419|v|1647873525.6783829
TS1:/54321/drone001/attrs:lat|0|lon|0|z|0|h|420|v|1647873525.679693
TS1:/54321/drone001/attrs:lat|0|lon|0|z|0|h|421|v|1647873525.6809857
TS1:/54321/drone001/attrs:lat|0|lon|0|z|0|h|422|v|1647873525.6822999
TS1:/54321/drone001/attrs:lat|0|lon|0|z|0|h|423|v|1647873525.6836023
TS1:/54321/drone001/attrs:lat|0|lon|0|z|0|h|424|v|1647873525.68487
TS1:/54321/drone001/attrs:lat|0|lon|0|z|0|h|425|v|1647873525.6861415
TS1:/54321/drone001/attrs:lat|0|lon|0|z|0|h|426|v|1647873525.6874335
TS1:/54321/drone001/attrs:lat|0|lon|0|z|0|h|427|v|1647873525.6887443
TS1:/54321/drone001/attrs:lat|0|lon|0|z|0|h|428|v|1647873525.6900396
TS1:/54321/drone001/attrs:lat|0|lon|0|z|0|h|429|v|1647873525.6913288
TS1:/54321/drone001/attrs:lat|0|lon|0|z|0|h|430|v|1647873525.6926374
TS1:/54321/drone001/attrs:lat|0|lon|0|z|0|h|431|v|1647873525.6939423
TS1:/54321/drone001/attrs:lat|0|lon|0|z|0|h|432|v|1647873525.6952329
TS1:/54321/drone001/attrs:lat|0|lon|0|z|0|h|433|v|1647873525.6965227
TS1:/54321/drone001/attrs:lat|0|lon|0|z|0|h|434|v|1647873525.6978135
TS1:/54321/drone001/attrs:lat|0|lon|0|z|0|h|435|v|1647873525.6991038
TS1:/54321/drone001/attrs:lat|0|lon|0|z|0|h|436|v|1647873525.7003958
TS1:/54321/drone001/attrs:lat|0|lon|0|z|0|h|437|v|1647873525.7017272
TS1:/54321/drone001/attrs:lat|0|lon|0|z|0|h|438|v|1647873525.703075
TS1:/54321/drone001/attrs:lat|0|lon|0|z|0|h|439|v|1647873525.7043793
TS1:/54321/drone001/attrs:lat|0|lon|0|z|0|h|440|v|1647873525.7057111
TS1:/54321/drone001/attrs:lat|0|lon|0|z|0|h|441|v|1647873525.7069914
TS1:/54321/drone001/attrs:lat|0|lon|0|z|0|h|442|v|1647873525.7082877
TS1:/54321/drone001/attrs:lat|0|lon|0|z|0|h|443|v|1647873525.7096045
TS1:/54321/drone001/attrs:lat|0|lon|0|z|0|h|444|v|1647873525.710901
TS1:/54321/drone001/attrs:lat|0|lon|0|z|0|h|445|v|1647873525.7121928
TS1:/54321/drone001/attrs:lat|0|lon|0|z|0|h|446|v|1647873525.713505
TS1:/54321/drone001/attrs:lat|0|lon|0|z|0|h|447|v|1647873525.7148147
TS1:/54321/drone001/attrs:lat|0|lon|0|z|0|h|448|v|1647873525.7161088
TS1:/54321/drone001/attrs:lat|0|lon|0|z|0|h|449|v|1647873525.7174046
TS1:/54321/drone001/attrs:lat|0|lon|0|z|0|h|450|v|1647873525.7187173
TS1:/54321/drone001/attrs:lat|0|lon|0|z|0|h|451|v|1647873525.7200184
TS1:/54321/drone001/attrs:lat|0|lon|0|z|0|h|452|v|1647873525.7212944
TS1:/54321/drone001/attrs:lat|0|lon|0|z|0|h|453|v|1647873525.7225978
TS1:/54321/drone001/attrs:lat|0|lon|0|z|0|h|454|v|1647873525.7238894
TS1:/54321/drone001/attrs:lat|0|lon|0|z|0|h|455|v|1647873525.7251656
TS1:/54321/drone001/attrs:lat|0|lon|0|z|0|h|456|v|1647873525.7264721
TS1:/54321/drone001/attrs:lat|0|lon|0|z|0|h|457|v|1647873525.7277594
TS1:/54321/drone001/attrs:lat|0|lon|0|z|0|h|458|v|1647873525.7290452
TS1:/54321/drone001/attrs:lat|0|lon|0|z|0|h|459|v|1647873525.7303662
TS1:/54321/drone001/attrs:lat|0|lon|0|z|0|h|460|v|1647873525.7317407
TS1:/54321/drone001/attrs:lat|0|lon|0|z|0|h|461|v|1647873525.7330384
TS1:/54321/drone001/attrs:lat|0|lon|0|z|0|h|462|v|1647873525.7343419
TS1:/54321/drone001/attrs:lat|0|lon|0|z|0|h|463|v|1647873525.735653
TS1:/54321/drone001/attrs:lat|0|lon|0|z|0|h|464|v|1647873525.736943
TS1:/54321/drone001/attrs:lat|0|lon|0|z|0|h|465|v|1647873525.7382405
TS1:/54321/drone001/attrs:lat|0|lon|0|z|0|h|466|v|1647873525.7395363
TS1:/54321/drone001/attrs:lat|0|lon|0|z|0|h|467|v|1647873525.7408395
TS1:/54321/drone001/attrs:lat|0|lon|0|z|0|h|468|v|1647873525.7421303
TS1:/54321/drone001/attrs:lat|0|lon|0|z|0|h|469|v|1647873525.743422
TS1:/54321/drone001/attrs:lat|0|lon|0|z|0|h|470|v|1647873525.744736
TS1:/54321/drone001/attrs:lat|0|lon|0|z|0|h|471|v|1647873525.7460256
TS1:/54321/drone001/attrs:lat|0|lon|0|z|0|h|472|v|1647873525.747318
TS1:/54321/drone001/attrs:lat|0|lon|0|z|0|h|473|v|1647873525.7486215
TS1:/54321/drone001/attrs:lat|0|lon|0|z|0|h|474|v|1647873525.74992
TS1:/54321/drone001/attrs:lat|0|lon|0|z|0|h|475|v|1647873525.7512124
TS1:/54321/drone001/attrs:lat|0|lon|0|z|0|h|476|v|1647873525.7525132
TS1:/54321/drone001/attrs:lat|0|lon|0|z|0|h|477|v|1647873525.753807
TS1:/54321/drone001/attrs:lat|0|lon|0|z|0|h|478|v|1647873525.7550995
TS1:/54321/drone001/attrs:lat|0|lon|0|z|0|h|479|v|1647873525.75659
TS1:/54321/drone001/attrs:lat|0|lon|0|z|0|h|480|v|1647873525.7578733
TS1:/54321/drone001/attrs:lat|0|lon|0|z|0|h|481|v|1647873525.7591727
TS1:/54321/drone001/attrs:lat|0|lon|0|z|0|h|482|v|1647873525.7604814
TS1:/54321/drone001/attrs:lat|0|lon|0|z|0|h|483|v|1647873525.7617867
TS1:/54321/drone001/attrs:lat|0|lon|0|z|0|h|484|v|1647873525.7630801
TS1:/54321/drone001/attrs:lat|0|lon|0|z|0|h|485|v|1647873525.7643714
TS1:/54321/drone001/attrs:lat|0|lon|0|z|0|h|486|v|1647873525.765677
TS1:/54321/drone001/attrs:lat|0|lon|0|z|0|h|487|v|1647873525.7669697
TS1:/54321/drone001/attrs:lat|0|lon|0|z|0|h|488|v|1647873525.768261
TS1:/54321/drone001/attrs:lat|0|lon|0|z|0|h|489|v|1647873525.7695525
TS1:/54321/drone001/attrs:lat|0|lon|0|z|0|h|490|v|1647873525.7708452
TS1:/54321/drone001/attrs:lat|0|lon|0|z|0|h|491|v|1647873525.7721384
TS1:/54321/drone001/attrs:lat|0|lon|0|z|0|h|492|v|1647873525.7734306
TS1:/54321/drone001/attrs:lat|0|lon|0|z|0|h|493|v|1647873525.774747
TS1:/54321/drone001/attrs:lat|0|lon|0|z|0|h|494|v|1647873525.7760396
TS1:/54321/drone001/attrs:lat|0|lon|0|z|0|h|495|v|1647873525.7773304
TS1:/54321/drone001/attrs:lat|0|lon|0|z|0|h|496|v|1647873525.7786353
TS1:/54321/drone001/attrs:lat|0|lon|0|z|0|h|497|v|1647873525.7799277
TS1:/54321/drone001/attrs:lat|0|lon|0|z|0|h|498|v|1647873525.7812176
TS1:/54321/drone001/attrs:lat|0|lon|0|z|0|h|499|v|1647873525.7825108
TS1:/54321/drone001/attrs:lat|0|lon|0|z|0|h|500|v|1647873525.783809
TS1:/54321/drone001/attrs:lat|0|lon|0|z|0|h|501|v|1647873525.7851057
TS1:/54321/drone001/attrs:lat|0|lon|0|z|0|h|502|v|1647873525.786398
TS1:/54321/drone001/attrs:lat|0|lon|0|z|0|h|503|v|1647873525.7877114
TS1:/54321/drone001/attrs:lat|0|lon|0|z|0|h|504|v|1647873525.7890682
TS1:/54321/drone001/attrs:lat|0|lon|0|z|0|h|505|v|1647873525.790394
TS1:/54321/drone001/attrs:lat|0|lon|0|z|0|h|506|v|1647873525.7917058
TS1:/54321/drone001/attrs:lat|0|lon|0|z|0|h|507|v|1647873525.7929976
TS1:/54321/drone001/attrs:lat|0|lon|0|z|0|h|508|v|1647873525.7943125
TS1:/54321/drone001/attrs:lat|0|lon|0|z|0|h|509|v|1647873525.7956555
TS1:/54321/drone001/attrs:lat|0|lon|0|z|0|h|510|v|1647873525.7969294
TS1:/54321/drone001/attrs:lat|0|lon|0|z|0|h|511|v|1647873525.7982392
TS1:/54321/drone001/attrs:lat|0|lon|0|z|0|h|512|v|1647873525.7995174
TS1:/54321/drone001/attrs:lat|0|lon|0|z|0|h|513|v|1647873525.8008082
TS1:/54321/drone001/attrs:lat|0|lon|0|z|0|h|514|v|1647873525.8020997
TS1:/54321/drone001/attrs:lat|0|lon|0|z|0|h|515|v|1647873525.8033915
TS1:/54321/drone001/attrs:lat|0|lon|0|z|0|h|516|v|1647873525.8047068
TS1:/54321/drone001/attrs:lat|0|lon|0|z|0|h|517|v|1647873525.8060038
TS1:/54321/drone001/attrs:lat|0|lon|0|z|0|h|518|v|1647873525.8072934
TS1:/54321/drone001/attrs:lat|0|lon|0|z|0|h|519|v|1647873525.8086042
TS1:/54321/drone001/attrs:lat|0|lon|0|z|0|h|520|v|1647873525.8098962
TS1:/54321/drone001/attrs:lat|0|lon|0|z|0|h|521|v|1647873525.8111832
TS1:/54321/drone001/attrs:lat|0|lon|0|z|0|h|522|v|1647873525.8124862
TS1:/54321/drone001/attrs:lat|0|lon|0|z|0|h|523|v|1647873525.8137734
TS1:/54321/drone001/attrs:lat|0|lon|0|z|0|h|524|v|1647873525.815055
TS1:/54321/drone001/attrs:lat|0|lon|0|z|0|h|525|v|1647873525.8163257
TS1:/54321/drone001/attrs:lat|0|lon|0|z|0|h|526|v|1647873525.817631
TS1:/54321/drone001/attrs:lat|0|lon|0|z|0|h|527|v|1647873525.818918
TS1:/54321/drone001/attrs:lat|0|lon|0|z|0|h|528|v|1647873525.8201902
TS1:/54321/drone001/attrs:lat|0|lon|0|z|0|h|529|v|1647873525.821491
TS1:/54321/drone001/attrs:lat|0|lon|0|z|0|h|530|v|1647873525.8227854
TS1:/54321/drone001/attrs:lat|0|lon|0|z|0|h|531|v|1647873525.8240733
TS1:/54321/drone001/attrs:lat|0|lon|0|z|0|h|532|v|1647873525.825364
TS1:/54321/drone001/attrs:lat|0|lon|0|z|0|h|533|v|1647873525.826671
TS1:/54321/drone001/attrs:lat|0|lon|0|z|0|h|534|v|1647873525.8279593
TS1:/54321/drone001/attrs:lat|0|lon|0|z|0|h|535|v|1647873525.8292494
TS1:/54321/drone001/attrs:lat|0|lon|0|z|0|h|536|v|1647873525.8305395
TS1:/54321/drone001/attrs:lat|0|lon|0|z|0|h|537|v|1647873525.8318298
TS1:/54321/drone001/attrs:lat|0|lon|0|z|0|h|538|v|1647873525.8331223
TS1:/54321/drone001/attrs:lat|0|lon|0|z|0|h|539|v|1647873525.8344128
TS1:/54321/drone001/attrs:lat|0|lon|0|z|0|h|540|v|1647873525.8357158
TS1:/54321/drone001/attrs:lat|0|lon|0|z|0|h|541|v|1647873525.8369868
TS1:/54321/drone001/attrs:lat|0|lon|0|z|0|h|542|v|1647873525.8382838
TS1:/54321/drone001/attrs:lat|0|lon|0|z|0|h|543|v|1647873525.839552
TS1:/54321/drone001/attrs:lat|0|lon|0|z|0|h|544|v|1647873525.8408113
TS1:/54321/drone001/attrs:lat|0|lon|0|z|0|h|545|v|1647873525.8420916
TS1:/54321/drone001/attrs:lat|0|lon|0|z|0|h|546|v|1647873525.8433757
TS1:/54321/drone001/attrs:lat|0|lon|0|z|0|h|547|v|1647873525.8446605
TS1:/54321/drone001/attrs:lat|0|lon|0|z|0|h|548|v|1647873525.845951
TS1:/54321/drone001/attrs:lat|0|lon|0|z|0|h|549|v|1647873525.847233
TS1:/54321/drone001/attrs:lat|0|lon|0|z|0|h|550|v|1647873525.8485126
TS1:/54321/drone001/attrs:lat|0|lon|0|z|0|h|551|v|1647873525.8498
TS1:/54321/drone001/attrs:lat|0|lon|0|z|0|h|552|v|1647873525.85107
TS1:/54321/drone001/attrs:lat|0|lon|0|z|0|h|553|v|1647873525.8523607
TS1:/54321/drone001/attrs:lat|0|lon|0|z|0|h|554|v|1647873525.8542204
TS1:/54321/drone001/attrs:lat|0|lon|0|z|0|h|555|v|1647873525.8555083
TS1:/54321/drone001/attrs:lat|0|lon|0|z|0|h|556|v|1647873525.8569844
TS1:/54321/drone001/attrs:lat|0|lon|0|z|0|h|557|v|1647873525.8583906
TS1:/54321/drone001/attrs:lat|0|lon|0|z|0|h|558|v|1647873525.8597114
TS1:/54321/drone001/attrs:lat|0|lon|0|z|0|h|559|v|1647873525.861015
TS1:/54321/drone001/attrs:lat|0|lon|0|z|0|h|560|v|1647873525.862381
TS1:/54321/drone001/attrs:lat|0|lon|0|z|0|h|561|v|1647873525.863708
TS1:/54321/drone001/attrs:lat|0|lon|0|z|0|h|562|v|1647873525.8650064
TS1:/54321/drone001/attrs:lat|0|lon|0|z|0|h|563|v|1647873525.8663223
TS1:/54321/drone001/attrs:lat|0|lon|0|z|0|h|564|v|1647873525.867515
TS1:/54321/drone001/attrs:lat|0|lon|0|z|0|h|565|v|1647873525.8686981
TS1:/54321/drone001/attrs:lat|0|lon|0|z|0|h|566|v|1647873525.8698807
TS1:/54321/drone001/attrs:lat|0|lon|0|z|0|h|567|v|1647873525.871066
TS1:/54321/drone001/attrs:lat|0|lon|0|z|0|h|568|v|1647873525.8722482
TS1:/54321/drone001/attrs:lat|0|lon|0|z|0|h|569|v|1647873525.873622
TS1:/54321/drone001/attrs:lat|0|lon|0|z|0|h|570|v|1647873525.874802
TS1:/54321/drone001/attrs:lat|0|lon|0|z|0|h|571|v|1647873525.8760684
TS1:/54321/drone001/attrs:lat|0|lon|0|z|0|h|572|v|1647873525.8773634
TS1:/54321/drone001/attrs:lat|0|lon|0|z|0|h|573|v|1647873525.8786619
TS1:/54321/drone001/attrs:lat|0|lon|0|z|0|h|574|v|1647873525.8799438
TS1:/54321/drone001/attrs:lat|0|lon|0|z|0|h|575|v|1647873525.8812177
TS1:/54321/drone001/attrs:lat|0|lon|0|z|0|h|576|v|1647873525.8825138
TS1:/54321/drone001/attrs:lat|0|lon|0|z|0|h|577|v|1647873525.883804
TS1:/54321/drone001/attrs:lat|0|lon|0|z|0|h|578|v|1647873525.88511
TS1:/54321/drone001/attrs:lat|0|lon|0|z|0|h|579|v|1647873525.886403
TS1:/54321/drone001/attrs:lat|0|lon|0|z|0|h|580|v|1647873525.887721
TS1:/54321/drone001/attrs:lat|0|lon|0|z|0|h|581|v|1647873525.8890173
TS1:/54321/drone001/attrs:lat|0|lon|0|z|0|h|582|v|1647873525.8903399
TS1:/54321/drone001/attrs:lat|0|lon|0|z|0|h|583|v|1647873525.8916464
TS1:/54321/drone001/attrs:lat|0|lon|0|z|0|h|584|v|1647873525.8929377
TS1:/54321/drone001/attrs:lat|0|lon|0|z|0|h|585|v|1647873525.894251
TS1:/54321/drone001/attrs:lat|0|lon|0|z|0|h|586|v|1647873525.8955438
TS1:/54321/drone001/attrs:lat|0|lon|0|z|0|h|587|v|1647873525.8968368
TS1:/54321/drone001/attrs:lat|0|lon|0|z|0|h|588|v|1647873525.8981187
TS1:/54321/drone001/attrs:lat|0|lon|0|z|0|h|589|v|1647873525.899392
TS1:/54321/drone001/attrs:lat|0|lon|0|z|0|h|590|v|1647873525.9006996
TS1:/54321/drone001/attrs:lat|0|lon|0|z|0|h|591|v|1647873525.9019918
TS1:/54321/drone001/attrs:lat|0|lon|0|z|0|h|592|v|1647873525.9032748
TS1:/54321/drone001/attrs:lat|0|lon|0|z|0|h|593|v|1647873525.9045396
TS1:/54321/drone001/attrs:lat|0|lon|0|z|0|h|594|v|1647873525.9058034
TS1:/54321/drone001/attrs:lat|0|lon|0|z|0|h|595|v|1647873525.907073
TS1:/54321/drone001/attrs:lat|0|lon|0|z|0|h|596|v|1647873525.9083622
TS1:/54321/drone001/attrs:lat|0|lon|0|z|0|h|597|v|1647873525.9096653
TS1:/54321/drone001/attrs:lat|0|lon|0|z|0|h|598|v|1647873525.9111595
TS1:/54321/drone001/attrs:lat|0|lon|0|z|0|h|599|v|1647873525.9124753
TS1:/54321/drone001/attrs:lat|0|lon|0|z|0|h|600|v|1647873525.9137719
TS1:/54321/drone001/attrs:lat|0|lon|0|z|0|h|601|v|1647873525.915066
TS1:/54321/drone001/attrs:lat|0|lon|0|z|0|h|602|v|1647873525.916362
TS1:/54321/drone001/attrs:lat|0|lon|0|z|0|h|603|v|1647873525.9176693
TS1:/54321/drone001/attrs:lat|0|lon|0|z|0|h|604|v|1647873525.9192019
TS1:/54321/drone001/attrs:lat|0|lon|0|z|0|h|605|v|1647873525.9205036
TS1:/54321/drone001/attrs:lat|0|lon|0|z|0|h|606|v|1647873525.92178
TS1:/54321/drone001/attrs:lat|0|lon|0|z|0|h|607|v|1647873525.923072
TS1:/54321/drone001/attrs:lat|0|lon|0|z|0|h|608|v|1647873525.924364
TS1:/54321/drone001/attrs:lat|0|lon|0|z|0|h|609|v|1647873525.9256742
TS1:/54321/drone001/attrs:lat|0|lon|0|z|0|h|610|v|1647873525.9269493
TS1:/54321/drone001/attrs:lat|0|lon|0|z|0|h|611|v|1647873525.9282422
TS1:/54321/drone001/attrs:lat|0|lon|0|z|0|h|612|v|1647873525.9295504
TS1:/54321/drone001/attrs:lat|0|lon|0|z|0|h|613|v|1647873525.9308465
TS1:/54321/drone001/attrs:lat|0|lon|0|z|0|h|614|v|1647873525.9321384
TS1:/54321/drone001/attrs:lat|0|lon|0|z|0|h|615|v|1647873525.9334376
TS1:/54321/drone001/attrs:lat|0|lon|0|z|0|h|616|v|1647873525.9347546
TS1:/54321/drone001/attrs:lat|0|lon|0|z|0|h|617|v|1647873525.936046
TS1:/54321/drone001/attrs:lat|0|lon|0|z|0|h|618|v|1647873525.937339
TS1:/54321/drone001/attrs:lat|0|lon|0|z|0|h|619|v|1647873525.9386508
TS1:/54321/drone001/attrs:lat|0|lon|0|z|0|h|620|v|1647873525.9399374
TS1:/54321/drone001/attrs:lat|0|lon|0|z|0|h|621|v|1647873525.9412
TS1:/54321/drone001/attrs:lat|0|lon|0|z|0|h|622|v|1647873525.942494
TS1:/54321/drone001/attrs:lat|0|lon|0|z|0|h|623|v|1647873525.9437687
TS1:/54321/drone001/attrs:lat|0|lon|0|z|0|h|624|v|1647873525.9450521
TS1:/54321/drone001/attrs:lat|0|lon|0|z|0|h|625|v|1647873525.9463525
TS1:/54321/drone001/attrs:lat|0|lon|0|z|0|h|626|v|1647873525.9476607
TS1:/54321/drone001/attrs:lat|0|lon|0|z|0|h|627|v|1647873525.9489467
TS1:/54321/drone001/attrs:lat|0|lon|0|z|0|h|628|v|1647873525.9502413
TS1:/54321/drone001/attrs:lat|0|lon|0|z|0|h|629|v|1647873525.9515343
TS1:/54321/drone001/attrs:lat|0|lon|0|z|0|h|630|v|1647873525.9528263
TS1:/54321/drone001/attrs:lat|0|lon|0|z|0|h|631|v|1647873525.954094
TS1:/54321/drone001/attrs:lat|0|lon|0|z|0|h|632|v|1647873525.955384
TS1:/54321/drone001/attrs:lat|0|lon|0|z|0|h|633|v|1647873525.9566913
TS1:/54321/drone001/attrs:lat|0|lon|0|z|0|h|634|v|1647873525.957986
TS1:/54321/drone001/attrs:lat|0|lon|0|z|0|h|635|v|1647873525.9592597
TS1:/54321/drone001/attrs:lat|0|lon|0|z|0|h|636|v|1647873525.9605494
TS1:/54321/drone001/attrs:lat|0|lon|0|z|0|h|637|v|1647873525.9618497
TS1:/54321/drone001/attrs:lat|0|lon|0|z|0|h|638|v|1647873525.9631407
TS1:/54321/drone001/attrs:lat|0|lon|0|z|0|h|639|v|1647873525.9644299
TS1:/54321/drone001/attrs:lat|0|lon|0|z|0|h|640|v|1647873525.9657505
TS1:/54321/drone001/attrs:lat|0|lon|0|z|0|h|641|v|1647873525.9670422
TS1:/54321/drone001/attrs:lat|0|lon|0|z|0|h|642|v|1647873525.968331
TS1:/54321/drone001/attrs:lat|0|lon|0|z|0|h|643|v|1647873525.9696374
TS1:/54321/drone001/attrs:lat|0|lon|0|z|0|h|644|v|1647873525.9709418
TS1:/54321/drone001/attrs:lat|0|lon|0|z|0|h|645|v|1647873525.9722111
TS1:/54321/drone001/attrs:lat|0|lon|0|z|0|h|646|v|1647873525.9735105
TS1:/54321/drone001/attrs:lat|0|lon|0|z|0|h|647|v|1647873525.9747987
TS1:/54321/drone001/attrs:lat|0|lon|0|z|0|h|648|v|1647873525.976068
TS1:/54321/drone001/attrs:lat|0|lon|0|z|0|h|649|v|1647873525.977385
TS1:/54321/drone001/attrs:lat|0|lon|0|z|0|h|650|v|1647873525.9786701
TS1:/54321/drone001/attrs:lat|0|lon|0|z|0|h|651|v|1647873525.9799626
TS1:/54321/drone001/attrs:lat|0|lon|0|z|0|h|652|v|1647873525.981255
TS1:/54321/drone001/attrs:lat|0|lon|0|z|0|h|653|v|1647873525.9825454
TS1:/54321/drone001/attrs:lat|0|lon|0|z|0|h|654|v|1647873525.9842105
TS1:/54321/drone001/attrs:lat|0|lon|0|z|0|h|655|v|1647873525.9855123
TS1:/54321/drone001/attrs:lat|0|lon|0|z|0|h|656|v|1647873525.9868062
TS1:/54321/drone001/attrs:lat|0|lon|0|z|0|h|657|v|1647873525.988096
TS1:/54321/drone001/attrs:lat|0|lon|0|z|0|h|658|v|1647873525.9893866
TS1:/54321/drone001/attrs:lat|0|lon|0|z|0|h|659|v|1647873525.990694
TS1:/54321/drone001/attrs:lat|0|lon|0|z|0|h|660|v|1647873525.9919832
TS1:/54321/drone001/attrs:lat|0|lon|0|z|0|h|661|v|1647873525.9932723
TS1:/54321/drone001/attrs:lat|0|lon|0|z|0|h|662|v|1647873525.9945648
TS1:/54321/drone001/attrs:lat|0|lon|0|z|0|h|663|v|1647873525.9958508
TS1:/54321/drone001/attrs:lat|0|lon|0|z|0|h|664|v|1647873525.9971418
TS1:/54321/drone001/attrs:lat|0|lon|0|z|0|h|665|v|1647873525.998433
TS1:/54321/drone001/attrs:lat|0|lon|0|z|0|h|666|v|1647873525.9997432
TS1:/54321/drone001/attrs:lat|0|lon|0|z|0|h|667|v|1647873526.0010366
TS1:/54321/drone001/attrs:lat|0|lon|0|z|0|h|668|v|1647873526.0023396
TS1:/54321/drone001/attrs:lat|0|lon|0|z|0|h|669|v|1647873526.0036457
TS1:/54321/drone001/attrs:lat|0|lon|0|z|0|h|670|v|1647873526.0049362
TS1:/54321/drone001/attrs:lat|0|lon|0|z|0|h|671|v|1647873526.0062454
TS1:/54321/drone001/attrs:lat|0|lon|0|z|0|h|672|v|1647873526.0075374
TS1:/54321/drone001/attrs:lat|0|lon|0|z|0|h|673|v|1647873526.0088263
TS1:/54321/drone001/attrs:lat|0|lon|0|z|0|h|674|v|1647873526.0101182
TS1:/54321/drone001/attrs:lat|0|lon|0|z|0|h|675|v|1647873526.0114076
TS1:/54321/drone001/attrs:lat|0|lon|0|z|0|h|676|v|1647873526.0127244
TS1:/54321/drone001/attrs:lat|0|lon|0|z|0|h|677|v|1647873526.0140202
TS1:/54321/drone001/attrs:lat|0|lon|0|z|0|h|678|v|1647873526.0152922
TS1:/54321/drone001/attrs:lat|0|lon|0|z|0|h|679|v|1647873526.016593
TS1:/54321/drone001/attrs:lat|0|lon|0|z|0|h|680|v|1647873526.017876
TS1:/54321/drone001/attrs:lat|0|lon|0|z|0|h|681|v|1647873526.0191472
TS1:/54321/drone001/attrs:lat|0|lon|0|z|0|h|682|v|1647873526.020436
TS1:/54321/drone001/attrs:lat|0|lon|0|z|0|h|683|v|1647873526.021767
TS1:/54321/drone001/attrs:lat|0|lon|0|z|0|h|684|v|1647873526.0230381
TS1:/54321/drone001/attrs:lat|0|lon|0|z|0|h|685|v|1647873526.0243294
TS1:/54321/drone001/attrs:lat|0|lon|0|z|0|h|686|v|1647873526.0256271
TS1:/54321/drone001/attrs:lat|0|lon|0|z|0|h|687|v|1647873526.0269005
TS1:/54321/drone001/attrs:lat|0|lon|0|z|0|h|688|v|1647873526.0281904
TS1:/54321/drone001/attrs:lat|0|lon|0|z|0|h|689|v|1647873526.0294924
TS1:/54321/drone001/attrs:lat|0|lon|0|z|0|h|690|v|1647873526.0308034
TS1:/54321/drone001/attrs:lat|0|lon|0|z|0|h|691|v|1647873526.0320742
TS1:/54321/drone001/attrs:lat|0|lon|0|z|0|h|692|v|1647873526.0333662
TS1:/54321/drone001/attrs:lat|0|lon|0|z|0|h|693|v|1647873526.0346699
TS1:/54321/drone001/attrs:lat|0|lon|0|z|0|h|694|v|1647873526.0359628
TS1:/54321/drone001/attrs:lat|0|lon|0|z|0|h|695|v|1647873526.0372536
TS1:/54321/drone001/attrs:lat|0|lon|0|z|0|h|696|v|1647873526.0385447
TS1:/54321/drone001/attrs:lat|0|lon|0|z|0|h|697|v|1647873526.0398376
TS1:/54321/drone001/attrs:lat|0|lon|0|z|0|h|698|v|1647873526.0411286
TS1:/54321/drone001/attrs:lat|0|lon|0|z|0|h|699|v|1647873526.0424268
TS1:/54321/drone001/attrs:lat|0|lon|0|z|0|h|700|v|1647873526.043737
TS1:/54321/drone001/attrs:lat|0|lon|0|z|0|h|701|v|1647873526.045003
TS1:/54321/drone001/attrs:lat|0|lon|0|z|0|h|702|v|1647873526.046313
TS1:/54321/drone001/attrs:lat|0|lon|0|z|0|h|703|v|1647873526.0476048
TS1:/54321/drone001/attrs:lat|0|lon|0|z|0|h|704|v|1647873526.0493486
TS1:/54321/drone001/attrs:lat|0|lon|0|z|0|h|705|v|1647873526.0506299
TS1:/54321/drone001/attrs:lat|0|lon|0|z|0|h|706|v|1647873526.0519123
TS1:/54321/drone001/attrs:lat|0|lon|0|z|0|h|707|v|1647873526.053186
TS1:/54321/drone001/attrs:lat|0|lon|0|z|0|h|708|v|1647873526.0544927
TS1:/54321/drone001/attrs:lat|0|lon|0|z|0|h|709|v|1647873526.0557814
TS1:/54321/drone001/attrs:lat|0|lon|0|z|0|h|710|v|1647873526.057053
TS1:/54321/drone001/attrs:lat|0|lon|0|z|0|h|711|v|1647873526.0583732
TS1:/54321/drone001/attrs:lat|0|lon|0|z|0|h|712|v|1647873526.0596724
TS1:/54321/drone001/attrs:lat|0|lon|0|z|0|h|713|v|1647873526.060942
TS1:/54321/drone001/attrs:lat|0|lon|0|z|0|h|714|v|1647873526.0622518
TS1:/54321/drone001/attrs:lat|0|lon|0|z|0|h|715|v|1647873526.0635417
TS1:/54321/drone001/attrs:lat|0|lon|0|z|0|h|716|v|1647873526.0648444
TS1:/54321/drone001/attrs:lat|0|lon|0|z|0|h|717|v|1647873526.0662978
TS1:/54321/drone001/attrs:lat|0|lon|0|z|0|h|718|v|1647873526.0676177
TS1:/54321/drone001/attrs:lat|0|lon|0|z|0|h|719|v|1647873526.068912
TS1:/54321/drone001/attrs:lat|0|lon|0|z|0|h|720|v|1647873526.0702338
TS1:/54321/drone001/attrs:lat|0|lon|0|z|0|h|721|v|1647873526.0715241
TS1:/54321/drone001/attrs:lat|0|lon|0|z|0|h|722|v|1647873526.0728173
TS1:/54321/drone001/attrs:lat|0|lon|0|z|0|h|723|v|1647873526.0741088
TS1:/54321/drone001/attrs:lat|0|lon|0|z|0|h|724|v|1647873526.0754206
TS1:/54321/drone001/attrs:lat|0|lon|0|z|0|h|725|v|1647873526.076705
TS1:/54321/drone001/attrs:lat|0|lon|0|z|0|h|726|v|1647873526.0779772
TS1:/54321/drone001/attrs:lat|0|lon|0|z|0|h|727|v|1647873526.079263
TS1:/54321/drone001/attrs:lat|0|lon|0|z|0|h|728|v|1647873526.0805438
TS1:/54321/drone001/attrs:lat|0|lon|0|z|0|h|729|v|1647873526.0818083
TS1:/54321/drone001/attrs:lat|0|lon|0|z|0|h|730|v|1647873526.0830827
TS1:/54321/drone001/attrs:lat|0|lon|0|z|0|h|731|v|1647873526.0843754
TS1:/54321/drone001/attrs:lat|0|lon|0|z|0|h|732|v|1647873526.0856822
TS1:/54321/drone001/attrs:lat|0|lon|0|z|0|h|733|v|1647873526.0869806
TS1:/54321/drone001/attrs:lat|0|lon|0|z|0|h|734|v|1647873526.0882518
TS1:/54321/drone001/attrs:lat|0|lon|0|z|0|h|735|v|1647873526.0895433
TS1:/54321/drone001/attrs:lat|0|lon|0|z|0|h|736|v|1647873526.0908487
TS1:/54321/drone001/attrs:lat|0|lon|0|z|0|h|737|v|1647873526.0921562
TS1:/54321/drone001/attrs:lat|0|lon|0|z|0|h|738|v|1647873526.0934277
TS1:/54321/drone001/attrs:lat|0|lon|0|z|0|h|739|v|1647873526.0947297
TS1:/54321/drone001/attrs:lat|0|lon|0|z|0|h|740|v|1647873526.0960028
TS1:/54321/drone001/attrs:lat|0|lon|0|z|0|h|741|v|1647873526.0972943
TS1:/54321/drone001/attrs:lat|0|lon|0|z|0|h|742|v|1647873526.0986109
TS1:/54321/drone001/attrs:lat|0|lon|0|z|0|h|743|v|1647873526.0999038
TS1:/54321/drone001/attrs:lat|0|lon|0|z|0|h|744|v|1647873526.1011958
TS1:/54321/drone001/attrs:lat|0|lon|0|z|0|h|745|v|1647873526.1025016
TS1:/54321/drone001/attrs:lat|0|lon|0|z|0|h|746|v|1647873526.1037967
TS1:/54321/drone001/attrs:lat|0|lon|0|z|0|h|747|v|1647873526.1051033
TS1:/54321/drone001/attrs:lat|0|lon|0|z|0|h|748|v|1647873526.1063943
TS1:/54321/drone001/attrs:lat|0|lon|0|z|0|h|749|v|1647873526.1076999
TS1:/54321/drone001/attrs:lat|0|lon|0|z|0|h|750|v|1647873526.1089718
TS1:/54321/drone001/attrs:lat|0|lon|0|z|0|h|751|v|1647873526.1103077
TS1:/54321/drone001/attrs:lat|0|lon|0|z|0|h|752|v|1647873526.111597
TS1:/54321/drone001/attrs:lat|0|lon|0|z|0|h|753|v|1647873526.1128817
TS1:/54321/drone001/attrs:lat|0|lon|0|z|0|h|754|v|1647873526.1142876
TS1:/54321/drone001/attrs:lat|0|lon|0|z|0|h|755|v|1647873526.1156313
TS1:/54321/drone001/attrs:lat|0|lon|0|z|0|h|756|v|1647873526.1169057
TS1:/54321/drone001/attrs:lat|0|lon|0|z|0|h|757|v|1647873526.1182244
TS1:/54321/drone001/attrs:lat|0|lon|0|z|0|h|758|v|1647873526.1195362
TS1:/54321/drone001/attrs:lat|0|lon|0|z|0|h|759|v|1647873526.1208081
TS1:/54321/drone001/attrs:lat|0|lon|0|z|0|h|760|v|1647873526.122099
TS1:/54321/drone001/attrs:lat|0|lon|0|z|0|h|761|v|1647873526.1233928
TS1:/54321/drone001/attrs:lat|0|lon|0|z|0|h|762|v|1647873526.124697
TS1:/54321/drone001/attrs:lat|0|lon|0|z|0|h|763|v|1647873526.125962
TS1:/54321/drone001/attrs:lat|0|lon|0|z|0|h|764|v|1647873526.1272337
TS1:/54321/drone001/attrs:lat|0|lon|0|z|0|h|765|v|1647873526.1285253
TS1:/54321/drone001/attrs:lat|0|lon|0|z|0|h|766|v|1647873526.129816
TS1:/54321/drone001/attrs:lat|0|lon|0|z|0|h|767|v|1647873526.1311042
TS1:/54321/drone001/attrs:lat|0|lon|0|z|0|h|768|v|1647873526.132393
TS1:/54321/drone001/attrs:lat|0|lon|0|z|0|h|769|v|1647873526.133706
TS1:/54321/drone001/attrs:lat|0|lon|0|z|0|h|770|v|1647873526.1350002
TS1:/54321/drone001/attrs:lat|0|lon|0|z|0|h|771|v|1647873526.1362877
TS1:/54321/drone001/attrs:lat|0|lon|0|z|0|h|772|v|1647873526.1375062
TS1:/54321/drone001/attrs:lat|0|lon|0|z|0|h|773|v|1647873526.138797
TS1:/54321/drone001/attrs:lat|0|lon|0|z|0|h|774|v|1647873526.1400928
TS1:/54321/drone001/attrs:lat|0|lon|0|z|0|h|775|v|1647873526.1413653
TS1:/54321/drone001/attrs:lat|0|lon|0|z|0|h|776|v|1647873526.142671
TS1:/54321/drone001/attrs:lat|0|lon|0|z|0|h|777|v|1647873526.1439552
TS1:/54321/drone001/attrs:lat|0|lon|0|z|0|h|778|v|1647873526.145226
TS1:/54321/drone001/attrs:lat|0|lon|0|z|0|h|779|v|1647873526.1465187
TS1:/54321/drone001/attrs:lat|0|lon|0|z|0|h|780|v|1647873526.1478097
TS1:/54321/drone001/attrs:lat|0|lon|0|z|0|h|781|v|1647873526.149102
TS1:/54321/drone001/attrs:lat|0|lon|0|z|0|h|782|v|1647873526.1503925
TS1:/54321/drone001/attrs:lat|0|lon|0|z|0|h|783|v|1647873526.151701
TS1:/54321/drone001/attrs:lat|0|lon|0|z|0|h|784|v|1647873526.1529915
TS1:/54321/drone001/attrs:lat|0|lon|0|z|0|h|785|v|1647873526.1543224
TS1:/54321/drone001/attrs:lat|0|lon|0|z|0|h|786|v|1647873526.1556299
TS1:/54321/drone001/attrs:lat|0|lon|0|z|0|h|787|v|1647873526.1569226
TS1:/54321/drone001/attrs:lat|0|lon|0|z|0|h|788|v|1647873526.1582386
TS1:/54321/drone001/attrs:lat|0|lon|0|z|0|h|789|v|1647873526.1595314
TS1:/54321/drone001/attrs:lat|0|lon|0|z|0|h|790|v|1647873526.160821
TS1:/54321/drone001/attrs:lat|0|lon|0|z|0|h|791|v|1647873526.162124
TS1:/54321/drone001/attrs:lat|0|lon|0|z|0|h|792|v|1647873526.1633885
TS1:/54321/drone001/attrs:lat|0|lon|0|z|0|h|793|v|1647873526.1646712
TS1:/54321/drone001/attrs:lat|0|lon|0|z|0|h|794|v|1647873526.1659606
TS1:/54321/drone001/attrs:lat|0|lon|0|z|0|h|795|v|1647873526.1672318
TS1:/54321/drone001/attrs:lat|0|lon|0|z|0|h|796|v|1647873526.1685236
TS1:/54321/drone001/attrs:lat|0|lon|0|z|0|h|797|v|1647873526.169816
TS1:/54321/drone001/attrs:lat|0|lon|0|z|0|h|798|v|1647873526.1711078
TS1:/54321/drone001/attrs:lat|0|lon|0|z|0|h|799|v|1647873526.1724007
TS1:/54321/drone001/attrs:lat|0|lon|0|z|0|h|800|v|1647873526.1737201
TS1:/54321/drone001/attrs:lat|0|lon|0|z|0|h|801|v|1647873526.1750145
TS1:/54321/drone001/attrs:lat|0|lon|0|z|0|h|802|v|1647873526.1763048
TS1:/54321/drone001/attrs:lat|0|lon|0|z|0|h|803|v|1647873526.1776133
TS1:/54321/drone001/attrs:lat|0|lon|0|z|0|h|804|v|1647873526.1794024
TS1:/54321/drone001/attrs:lat|0|lon|0|z|0|h|805|v|1647873526.1806924
TS1:/54321/drone001/attrs:lat|0|lon|0|z|0|h|806|v|1647873526.18198
TS1:/54321/drone001/attrs:lat|0|lon|0|z|0|h|807|v|1647873526.1832523
TS1:/54321/drone001/attrs:lat|0|lon|0|z|0|h|808|v|1647873526.184544
TS1:/54321/drone001/attrs:lat|0|lon|0|z|0|h|809|v|1647873526.1858323
TS1:/54321/drone001/attrs:lat|0|lon|0|z|0|h|810|v|1647873526.1871154
TS1:/54321/drone001/attrs:lat|0|lon|0|z|0|h|811|v|1647873526.1883862
TS1:/54321/drone001/attrs:lat|0|lon|0|z|0|h|812|v|1647873526.1896973
TS1:/54321/drone001/attrs:lat|0|lon|0|z|0|h|813|v|1647873526.1909924
TS1:/54321/drone001/attrs:lat|0|lon|0|z|0|h|814|v|1647873526.1922822
TS1:/54321/drone001/attrs:lat|0|lon|0|z|0|h|815|v|1647873526.193584
TS1:/54321/drone001/attrs:lat|0|lon|0|z|0|h|816|v|1647873526.1948826
TS1:/54321/drone001/attrs:lat|0|lon|0|z|0|h|817|v|1647873526.1961763
TS1:/54321/drone001/attrs:lat|0|lon|0|z|0|h|818|v|1647873526.1974797
TS1:/54321/drone001/attrs:lat|0|lon|0|z|0|h|819|v|1647873526.198776
TS1:/54321/drone001/attrs:lat|0|lon|0|z|0|h|820|v|1647873526.2000623
TS1:/54321/drone001/attrs:lat|0|lon|0|z|0|h|821|v|1647873526.201326
TS1:/54321/drone001/attrs:lat|0|lon|0|z|0|h|822|v|1647873526.2025151
TS1:/54321/drone001/attrs:lat|0|lon|0|z|0|h|823|v|1647873526.2037866
TS1:/54321/drone001/attrs:lat|0|lon|0|z|0|h|824|v|1647873526.205102
TS1:/54321/drone001/attrs:lat|0|lon|0|z|0|h|825|v|1647873526.2063775
TS1:/54321/drone001/attrs:lat|0|lon|0|z|0|h|826|v|1647873526.207684
TS1:/54321/drone001/attrs:lat|0|lon|0|z|0|h|827|v|1647873526.208976
TS1:/54321/drone001/attrs:lat|0|lon|0|z|0|h|828|v|1647873526.2103121
TS1:/54321/drone001/attrs:lat|0|lon|0|z|0|h|829|v|1647873526.215713
TS1:/54321/drone001/attrs:lat|0|lon|0|z|0|h|830|v|1647873526.2173278
TS1:/54321/drone001/attrs:lat|0|lon|0|z|0|h|831|v|1647873526.2186337
TS1:/54321/drone001/attrs:lat|0|lon|0|z|0|h|832|v|1647873526.219915
TS1:/54321/drone001/attrs:lat|0|lon|0|z|0|h|833|v|1647873526.2212107
TS1:/54321/drone001/attrs:lat|0|lon|0|z|0|h|834|v|1647873526.222516
TS1:/54321/drone001/attrs:lat|0|lon|0|z|0|h|835|v|1647873526.2238135
TS1:/54321/drone001/attrs:lat|0|lon|0|z|0|h|836|v|1647873526.2256687
TS1:/54321/drone001/attrs:lat|0|lon|0|z|0|h|837|v|1647873526.2269578
TS1:/54321/drone001/attrs:lat|0|lon|0|z|0|h|838|v|1647873526.2282476
TS1:/54321/drone001/attrs:lat|0|lon|0|z|0|h|839|v|1647873526.2295277
TS1:/54321/drone001/attrs:lat|0|lon|0|z|0|h|840|v|1647873526.2308152
TS1:/54321/drone001/attrs:lat|0|lon|0|z|0|h|841|v|1647873526.2321036
TS1:/54321/drone001/attrs:lat|0|lon|0|z|0|h|842|v|1647873526.23338
TS1:/54321/drone001/attrs:lat|0|lon|0|z|0|h|843|v|1647873526.2346888
TS1:/54321/drone001/attrs:lat|0|lon|0|z|0|h|844|v|1647873526.2360032
TS1:/54321/drone001/attrs:lat|0|lon|0|z|0|h|845|v|1647873526.2372797
TS1:/54321/drone001/attrs:lat|0|lon|0|z|0|h|846|v|1647873526.2385898
TS1:/54321/drone001/attrs:lat|0|lon|0|z|0|h|847|v|1647873526.239885
TS1:/54321/drone001/attrs:lat|0|lon|0|z|0|h|848|v|1647873526.241171
TS1:/54321/drone001/attrs:lat|0|lon|0|z|0|h|849|v|1647873526.2424438
TS1:/54321/drone001/attrs:lat|0|lon|0|z|0|h|850|v|1647873526.2437508
TS1:/54321/drone001/attrs:lat|0|lon|0|z|0|h|851|v|1647873526.2450433
TS1:/54321/drone001/attrs:lat|0|lon|0|z|0|h|852|v|1647873526.2464044
TS1:/54321/drone001/attrs:lat|0|lon|0|z|0|h|853|v|1647873526.2477214
TS1:/54321/drone001/attrs:lat|0|lon|0|z|0|h|854|v|1647873526.249018
TS1:/54321/drone001/attrs:lat|0|lon|0|z|0|h|855|v|1647873526.2503371
TS1:/54321/drone001/attrs:lat|0|lon|0|z|0|h|856|v|1647873526.251643
TS1:/54321/drone001/attrs:lat|0|lon|0|z|0|h|857|v|1647873526.2529502
TS1:/54321/drone001/attrs:lat|0|lon|0|z|0|h|858|v|1647873526.2542412
TS1:/54321/drone001/attrs:lat|0|lon|0|z|0|h|859|v|1647873526.2555256
TS1:/54321/drone001/attrs:lat|0|lon|0|z|0|h|860|v|1647873526.2568045
TS1:/54321/drone001/attrs:lat|0|lon|0|z|0|h|861|v|1647873526.2580752
TS1:/54321/drone001/attrs:lat|0|lon|0|z|0|h|862|v|1647873526.259364
TS1:/54321/drone001/attrs:lat|0|lon|0|z|0|h|863|v|1647873526.2606633
TS1:/54321/drone001/attrs:lat|0|lon|0|z|0|h|864|v|1647873526.2619364
TS1:/54321/drone001/attrs:lat|0|lon|0|z|0|h|865|v|1647873526.263228
TS1:/54321/drone001/attrs:lat|0|lon|0|z|0|h|866|v|1647873526.2645233
TS1:/54321/drone001/attrs:lat|0|lon|0|z|0|h|867|v|1647873526.2658117
TS1:/54321/drone001/attrs:lat|0|lon|0|z|0|h|868|v|1647873526.2671003
TS1:/54321/drone001/attrs:lat|0|lon|0|z|0|h|869|v|1647873526.2683918
TS1:/54321/drone001/attrs:lat|0|lon|0|z|0|h|870|v|1647873526.269736
TS1:/54321/drone001/attrs:lat|0|lon|0|z|0|h|871|v|1647873526.2710316
TS1:/54321/drone001/attrs:lat|0|lon|0|z|0|h|872|v|1647873526.2723207
TS1:/54321/drone001/attrs:lat|0|lon|0|z|0|h|873|v|1647873526.2736297
TS1:/54321/drone001/attrs:lat|0|lon|0|z|0|h|874|v|1647873526.2748966
TS1:/54321/drone001/attrs:lat|0|lon|0|z|0|h|875|v|1647873526.2761686
TS1:/54321/drone001/attrs:lat|0|lon|0|z|0|h|876|v|1647873526.27749
TS1:/54321/drone001/attrs:lat|0|lon|0|z|0|h|877|v|1647873526.2787647
TS1:/54321/drone001/attrs:lat|0|lon|0|z|0|h|878|v|1647873526.2800555
TS1:/54321/drone001/attrs:lat|0|lon|0|z|0|h|879|v|1647873526.2813468
TS1:/54321/drone001/attrs:lat|0|lon|0|z|0|h|880|v|1647873526.282649
TS1:/54321/drone001/attrs:lat|0|lon|0|z|0|h|881|v|1647873526.283951
TS1:/54321/drone001/attrs:lat|0|lon|0|z|0|h|882|v|1647873526.2852418
TS1:/54321/drone001/attrs:lat|0|lon|0|z|0|h|883|v|1647873526.2865336
TS1:/54321/drone001/attrs:lat|0|lon|0|z|0|h|884|v|1647873526.2878246
TS1:/54321/drone001/attrs:lat|0|lon|0|z|0|h|885|v|1647873526.2891154
TS1:/54321/drone001/attrs:lat|0|lon|0|z|0|h|886|v|1647873526.2904112
TS1:/54321/drone001/attrs:lat|0|lon|0|z|0|h|887|v|1647873526.291718
TS1:/54321/drone001/attrs:lat|0|lon|0|z|0|h|888|v|1647873526.29301
TS1:/54321/drone001/attrs:lat|0|lon|0|z|0|h|889|v|1647873526.2943482
TS1:/54321/drone001/attrs:lat|0|lon|0|z|0|h|890|v|1647873526.2956583
TS1:/54321/drone001/attrs:lat|0|lon|0|z|0|h|891|v|1647873526.296943
TS1:/54321/drone001/attrs:lat|0|lon|0|z|0|h|892|v|1647873526.2982364
TS1:/54321/drone001/attrs:lat|0|lon|0|z|0|h|893|v|1647873526.2995312
TS1:/54321/drone001/attrs:lat|0|lon|0|z|0|h|894|v|1647873526.3008223
TS1:/54321/drone001/attrs:lat|0|lon|0|z|0|h|895|v|1647873526.3021076
TS1:/54321/drone001/attrs:lat|0|lon|0|z|0|h|896|v|1647873526.3033965
TS1:/54321/drone001/attrs:lat|0|lon|0|z|0|h|897|v|1647873526.304686
TS1:/54321/drone001/attrs:lat|0|lon|0|z|0|h|898|v|1647873526.3059778
TS1:/54321/drone001/attrs:lat|0|lon|0|z|0|h|899|v|1647873526.30727
TS1:/54321/drone001/attrs:lat|0|lon|0|z|0|h|900|v|1647873526.3085613
TS1:/54321/drone001/attrs:lat|0|lon|0|z|0|h|901|v|1647873526.3098543
TS1:/54321/drone001/attrs:lat|0|lon|0|z|0|h|902|v|1647873526.3111515
TS1:/54321/drone001/attrs:lat|0|lon|0|z|0|h|903|v|1647873526.3124416
TS1:/54321/drone001/attrs:lat|0|lon|0|z|0|h|904|v|1647873526.3137515
TS1:/54321/drone001/attrs:lat|0|lon|0|z|0|h|905|v|1647873526.315035
TS1:/54321/drone001/attrs:lat|0|lon|0|z|0|h|906|v|1647873526.3163056
TS1:/54321/drone001/attrs:lat|0|lon|0|z|0|h|907|v|1647873526.3176074
TS1:/54321/drone001/attrs:lat|0|lon|0|z|0|h|908|v|1647873526.3188813
TS1:/54321/drone001/attrs:lat|0|lon|0|z|0|h|909|v|1647873526.320165
TS1:/54321/drone001/attrs:lat|0|lon|0|z|0|h|910|v|1647873526.3214371
TS1:/54321/drone001/attrs:lat|0|lon|0|z|0|h|911|v|1647873526.3227491
TS1:/54321/drone001/attrs:lat|0|lon|0|z|0|h|912|v|1647873526.324036
TS1:/54321/drone001/attrs:lat|0|lon|0|z|0|h|913|v|1647873526.325309
TS1:/54321/drone001/attrs:lat|0|lon|0|z|0|h|914|v|1647873526.3266177
TS1:/54321/drone001/attrs:lat|0|lon|0|z|0|h|915|v|1647873526.3279176
TS1:/54321/drone001/attrs:lat|0|lon|0|z|0|h|916|v|1647873526.3292112
TS1:/54321/drone001/attrs:lat|0|lon|0|z|0|h|917|v|1647873526.3305142
TS1:/54321/drone001/attrs:lat|0|lon|0|z|0|h|918|v|1647873526.331806
TS1:/54321/drone001/attrs:lat|0|lon|0|z|0|h|919|v|1647873526.3330994
TS1:/54321/drone001/attrs:lat|0|lon|0|z|0|h|920|v|1647873526.3343935
TS1:/54321/drone001/attrs:lat|0|lon|0|z|0|h|921|v|1647873526.3357
TS1:/54321/drone001/attrs:lat|0|lon|0|z|0|h|922|v|1647873526.3369827
TS1:/54321/drone001/attrs:lat|0|lon|0|z|0|h|923|v|1647873526.3382773
TS1:/54321/drone001/attrs:lat|0|lon|0|z|0|h|924|v|1647873526.3395793
TS1:/54321/drone001/attrs:lat|0|lon|0|z|0|h|925|v|1647873526.3408546
TS1:/54321/drone001/attrs:lat|0|lon|0|z|0|h|926|v|1647873526.3421392
TS1:/54321/drone001/attrs:lat|0|lon|0|z|0|h|927|v|1647873526.3434114
TS1:/54321/drone001/attrs:lat|0|lon|0|z|0|h|928|v|1647873526.344715
TS1:/54321/drone001/attrs:lat|0|lon|0|z|0|h|929|v|1647873526.3459873
TS1:/54321/drone001/attrs:lat|0|lon|0|z|0|h|930|v|1647873526.3472843
TS1:/54321/drone001/attrs:lat|0|lon|0|z|0|h|931|v|1647873526.3485932
TS1:/54321/drone001/attrs:lat|0|lon|0|z|0|h|932|v|1647873526.3498862
TS1:/54321/drone001/attrs:lat|0|lon|0|z|0|h|933|v|1647873526.3511763
TS1:/54321/drone001/attrs:lat|0|lon|0|z|0|h|934|v|1647873526.3524811
TS1:/54321/drone001/attrs:lat|0|lon|0|z|0|h|935|v|1647873526.3537753
TS1:/54321/drone001/attrs:lat|0|lon|0|z|0|h|936|v|1647873526.3550649
TS1:/54321/drone001/attrs:lat|0|lon|0|z|0|h|937|v|1647873526.356357
TS1:/54321/drone001/attrs:lat|0|lon|0|z|0|h|938|v|1647873526.3576627
TS1:/54321/drone001/attrs:lat|0|lon|0|z|0|h|939|v|1647873526.3589506
TS1:/54321/drone001/attrs:lat|0|lon|0|z|0|h|940|v|1647873526.3602166
TS1:/54321/drone001/attrs:lat|0|lon|0|z|0|h|941|v|1647873526.3615215
TS1:/54321/drone001/attrs:lat|0|lon|0|z|0|h|942|v|1647873526.3628166
TS1:/54321/drone001/attrs:lat|0|lon|0|z|0|h|943|v|1647873526.3641102
TS1:/54321/drone001/attrs:lat|0|lon|0|z|0|h|944|v|1647873526.3653955
TS1:/54321/drone001/attrs:lat|0|lon|0|z|0|h|945|v|1647873526.3666832
TS1:/54321/drone001/attrs:lat|0|lon|0|z|0|h|946|v|1647873526.3679736
TS1:/54321/drone001/attrs:lat|0|lon|0|z|0|h|947|v|1647873526.3692746
TS1:/54321/drone001/attrs:lat|0|lon|0|z|0|h|948|v|1647873526.3705652
TS1:/54321/drone001/attrs:lat|0|lon|0|z|0|h|949|v|1647873526.37186
TS1:/54321/drone001/attrs:lat|0|lon|0|z|0|h|950|v|1647873526.3731515
TS1:/54321/drone001/attrs:lat|0|lon|0|z|0|h|951|v|1647873526.3746076
TS1:/54321/drone001/attrs:lat|0|lon|0|z|0|h|952|v|1647873526.3759086
TS1:/54321/drone001/attrs:lat|0|lon|0|z|0|h|953|v|1647873526.3772023
TS1:/54321/drone001/attrs:lat|0|lon|0|z|0|h|954|v|1647873526.3785098
TS1:/54321/drone001/attrs:lat|0|lon|0|z|0|h|955|v|1647873526.3799706
TS1:/54321/drone001/attrs:lat|0|lon|0|z|0|h|956|v|1647873526.381273
TS1:/54321/drone001/attrs:lat|0|lon|0|z|0|h|957|v|1647873526.3825943
TS1:/54321/drone001/attrs:lat|0|lon|0|z|0|h|958|v|1647873526.3838887
TS1:/54321/drone001/attrs:lat|0|lon|0|z|0|h|959|v|1647873526.3851874
TS1:/54321/drone001/attrs:lat|0|lon|0|z|0|h|960|v|1647873526.3865128
TS1:/54321/drone001/attrs:lat|0|lon|0|z|0|h|961|v|1647873526.387803
TS1:/54321/drone001/attrs:lat|0|lon|0|z|0|h|962|v|1647873526.389111
TS1:/54321/drone001/attrs:lat|0|lon|0|z|0|h|963|v|1647873526.3904083
TS1:/54321/drone001/attrs:lat|0|lon|0|z|0|h|964|v|1647873526.391724
TS1:/54321/drone001/attrs:lat|0|lon|0|z|0|h|965|v|1647873526.3930159
TS1:/54321/drone001/attrs:lat|0|lon|0|z|0|h|966|v|1647873526.39434
TS1:/54321/drone001/attrs:lat|0|lon|0|z|0|h|967|v|1647873526.395649
TS1:/54321/drone001/attrs:lat|0|lon|0|z|0|h|968|v|1647873526.396941
TS1:/54321/drone001/attrs:lat|0|lon|0|z|0|h|969|v|1647873526.3982575
TS1:/54321/drone001/attrs:lat|0|lon|0|z|0|h|970|v|1647873526.3995807
TS1:/54321/drone001/attrs:lat|0|lon|0|z|0|h|971|v|1647873526.4008563
TS1:/54321/drone001/attrs:lat|0|lon|0|z|0|h|972|v|1647873526.4021406
TS1:/54321/drone001/attrs:lat|0|lon|0|z|0|h|973|v|1647873526.4034317
TS1:/54321/drone001/attrs:lat|0|lon|0|z|0|h|974|v|1647873526.4047263
TS1:/54321/drone001/attrs:lat|0|lon|0|z|0|h|975|v|1647873526.4060173
TS1:/54321/drone001/attrs:lat|0|lon|0|z|0|h|976|v|1647873526.4073021
TS1:/54321/drone001/attrs:lat|0|lon|0|z|0|h|977|v|1647873526.408595
TS1:/54321/drone001/attrs:lat|0|lon|0|z|0|h|978|v|1647873526.4098887
TS1:/54321/drone001/attrs:lat|0|lon|0|z|0|h|979|v|1647873526.4111805
TS1:/54321/drone001/attrs:lat|0|lon|0|z|0|h|980|v|1647873526.4124925
TS1:/54321/drone001/attrs:lat|0|lon|0|z|0|h|981|v|1647873526.4137886
TS1:/54321/drone001/attrs:lat|0|lon|0|z|0|h|982|v|1647873526.415093
TS1:/54321/drone001/attrs:lat|0|lon|0|z|0|h|983|v|1647873526.4163888
TS1:/54321/drone001/attrs:lat|0|lon|0|z|0|h|984|v|1647873526.4177015
TS1:/54321/drone001/attrs:lat|0|lon|0|z|0|h|985|v|1647873526.4189956
TS1:/54321/drone001/attrs:lat|0|lon|0|z|0|h|986|v|1647873526.420305
TS1:/54321/drone001/attrs:lat|0|lon|0|z|0|h|987|v|1647873526.4215972
TS1:/54321/drone001/attrs:lat|0|lon|0|z|0|h|988|v|1647873526.4228914
TS1:/54321/drone001/attrs:lat|0|lon|0|z|0|h|989|v|1647873526.4241767
TS1:/54321/drone001/attrs:lat|0|lon|0|z|0|h|990|v|1647873526.4254386
TS1:/54321/drone001/attrs:lat|0|lon|0|z|0|h|991|v|1647873526.4267218
TS1:/54321/drone001/attrs:lat|0|lon|0|z|0|h|992|v|1647873526.4279983
TS1:/54321/drone001/attrs:lat|0|lon|0|z|0|h|993|v|1647873526.4292905
TS1:/54321/drone001/attrs:lat|0|lon|0|z|0|h|994|v|1647873526.4306002
TS1:/54321/drone001/attrs:lat|0|lon|0|z|0|h|995|v|1647873526.4318955
TS1:/54321/drone001/attrs:lat|0|lon|0|z|0|h|996|v|1647873526.4331865
TS1:/54321/drone001/attrs:lat|0|lon|0|z|0|h|997|v|1647873526.434494
TS1:/54321/drone001/attrs:lat|0|lon|0|z|0|h|998|v|1647873526.4357889
TS1:/54321/drone001/attrs:lat|0|lon|0|z|0|h|999|v|1647873526.4371126
TS1:/54321/drone001/attrs:lat|0|lon|0|z|0|h|1000|v|1647873526.4384089
