1647878663: Warning: Unable to drop privileges to 'mosquitto' because this user does not exist. Trying 'nobody' instead.
1647878663: mosquitto version 2.0.14 starting
1647878663: Config loaded from /etc/mosquitto/mosquitto.conf.
1647878663: Opening ipv4 listen socket on port 1883.
1647878663: Opening ipv6 listen socket on port 1883.
1647878663: mosquitto version 2.0.14 running
1647878679: New connection from 130.188.160.11:52330 on port 1883.
1647878679: New client connected from 130.188.160.11:52330 as iotaul_83dd1504 (p2, c1, k60, u'px4').
1647878736: New connection from 130.188.160.13:60143 on port 1883.
1647878736: New client connected from 130.188.160.13:60143 as tester-pub (p2, c1, k60, u'px4').
TS2.1,1647878679.975764
/54321/drone001/attrs,TS2,1647878736.829250
/54321/drone001/attrs,TS2,1647878736.849096
/54321/drone001/attrs,TS2,1647878736.869424
/54321/drone001/attrs,TS2,1647878736.890197
/54321/drone001/attrs,TS2,1647878736.910813
/54321/drone001/attrs,TS2,1647878736.931443
/54321/drone001/attrs,TS2,1647878736.951999
/54321/drone001/attrs,TS2,1647878736.972573
/54321/drone001/attrs,TS2,1647878736.993165
/54321/drone001/attrs,TS2,1647878737.13728
/54321/drone001/attrs,TS2,1647878737.34385
/54321/drone001/attrs,TS2,1647878737.54858
/54321/drone001/attrs,TS2,1647878737.75385
/54321/drone001/attrs,TS2,1647878737.95969
/54321/drone001/attrs,TS2,1647878737.116714
/54321/drone001/attrs,TS2,1647878737.137313
/54321/drone001/attrs,TS2,1647878737.157839
/54321/drone001/attrs,TS2,1647878737.178355
/54321/drone001/attrs,TS2,1647878737.199053
/54321/drone001/attrs,TS2,1647878737.219543
/54321/drone001/attrs,TS2,1647878737.240107
/54321/drone001/attrs,TS2,1647878737.260719
/54321/drone001/attrs,TS2,1647878737.281233
/54321/drone001/attrs,TS2,1647878737.301864
/54321/drone001/attrs,TS2,1647878737.322382
/54321/drone001/attrs,TS2,1647878737.343137
/54321/drone001/attrs,TS2,1647878737.363619
/54321/drone001/attrs,TS2,1647878737.384270
/54321/drone001/attrs,TS2,1647878737.404876
/54321/drone001/attrs,TS2,1647878737.425451
/54321/drone001/attrs,TS2,1647878737.446628
/54321/drone001/attrs,TS2,1647878737.466629
/54321/drone001/attrs,TS2,1647878737.487209
/54321/drone001/attrs,TS2,1647878737.507840
/54321/drone001/attrs,TS2,1647878737.528384
/54321/drone001/attrs,TS2,1647878737.549135
/54321/drone001/attrs,TS2,1647878737.569600
/54321/drone001/attrs,TS2,1647878737.590101
/54321/drone001/attrs,TS2,1647878737.610812
/54321/drone001/attrs,TS2,1647878737.631367
/54321/drone001/attrs,TS2,1647878737.651982
/54321/drone001/attrs,TS2,1647878737.672580
/54321/drone001/attrs,TS2,1647878737.693161
/54321/drone001/attrs,TS2,1647878737.713726
/54321/drone001/attrs,TS2,1647878737.734346
/54321/drone001/attrs,TS2,1647878737.754922
/54321/drone001/attrs,TS2,1647878737.775495
/54321/drone001/attrs,TS2,1647878737.796038
/54321/drone001/attrs,TS2,1647878737.816632
/54321/drone001/attrs,TS2,1647878737.837254
/54321/drone001/attrs,TS2,1647878737.857887
/54321/drone001/attrs,TS2,1647878737.878508
/54321/drone001/attrs,TS2,1647878737.899023
/54321/drone001/attrs,TS2,1647878737.919439
/54321/drone001/attrs,TS2,1647878737.940055
/54321/drone001/attrs,TS2,1647878737.960702
/54321/drone001/attrs,TS2,1647878737.981176
/54321/drone001/attrs,TS2,1647878738.1826
/54321/drone001/attrs,TS2,1647878738.22418
/54321/drone001/attrs,TS2,1647878738.43074
/54321/drone001/attrs,TS2,1647878738.63662
/54321/drone001/attrs,TS2,1647878738.84262
/54321/drone001/attrs,TS2,1647878738.104672
/54321/drone001/attrs,TS2,1647878738.125375
/54321/drone001/attrs,TS2,1647878738.145977
/54321/drone001/attrs,TS2,1647878738.166632
/54321/drone001/attrs,TS2,1647878738.187183
/54321/drone001/attrs,TS2,1647878738.207785
/54321/drone001/attrs,TS2,1647878738.228374
/54321/drone001/attrs,TS2,1647878738.248957
/54321/drone001/attrs,TS2,1647878738.269557
/54321/drone001/attrs,TS2,1647878738.290132
/54321/drone001/attrs,TS2,1647878738.310763
/54321/drone001/attrs,TS2,1647878738.331258
/54321/drone001/attrs,TS2,1647878738.351890
/54321/drone001/attrs,TS2,1647878738.372397
/54321/drone001/attrs,TS2,1647878738.393074
/54321/drone001/attrs,TS2,1647878738.413608
/54321/drone001/attrs,TS2,1647878738.434248
/54321/drone001/attrs,TS2,1647878738.454846
/54321/drone001/attrs,TS2,1647878738.475452
/54321/drone001/attrs,TS2,1647878738.496016
/54321/drone001/attrs,TS2,1647878738.516638
/54321/drone001/attrs,TS2,1647878738.537191
/54321/drone001/attrs,TS2,1647878738.557790
/54321/drone001/attrs,TS2,1647878738.578388
/54321/drone001/attrs,TS2,1647878738.598954
/54321/drone001/attrs,TS2,1647878738.619556
/54321/drone001/attrs,TS2,1647878738.640134
/54321/drone001/attrs,TS2,1647878738.660657
/54321/drone001/attrs,TS2,1647878738.681205
/54321/drone001/attrs,TS2,1647878738.701848
/54321/drone001/attrs,TS2,1647878738.722429
/54321/drone001/attrs,TS2,1647878738.743025
/54321/drone001/attrs,TS2,1647878738.763662
/54321/drone001/attrs,TS2,1647878738.784172
/54321/drone001/attrs,TS2,1647878738.804783
/54321/drone001/attrs,TS2,1647878738.825369
/54321/drone001/attrs,TS2,1647878738.845920
/54321/drone001/attrs,TS2,1647878738.866510
/54321/drone001/attrs,TS2,1647878738.887116
/54321/drone001/attrs,TS2,1647878738.907719
/54321/drone001/attrs,TS2,1647878738.928291
/54321/drone001/attrs,TS2,1647878738.948886
/54321/drone001/attrs,TS2,1647878738.969455
/54321/drone001/attrs,TS2,1647878738.990112
/54321/drone001/attrs,TS2,1647878739.10823
/54321/drone001/attrs,TS2,1647878739.31291
/54321/drone001/attrs,TS2,1647878739.51990
/54321/drone001/attrs,TS2,1647878739.72505
/54321/drone001/attrs,TS2,1647878739.93157
/54321/drone001/attrs,TS2,1647878739.113756
/54321/drone001/attrs,TS2,1647878739.134333
/54321/drone001/attrs,TS2,1647878739.154884
/54321/drone001/attrs,TS2,1647878739.175517
/54321/drone001/attrs,TS2,1647878739.196133
/54321/drone001/attrs,TS2,1647878739.216685
/54321/drone001/attrs,TS2,1647878739.237261
/54321/drone001/attrs,TS2,1647878739.257904
/54321/drone001/attrs,TS2,1647878739.278556
/54321/drone001/attrs,TS2,1647878739.299214
/54321/drone001/attrs,TS2,1647878739.319873
/54321/drone001/attrs,TS2,1647878739.340493
/54321/drone001/attrs,TS2,1647878739.361070
/54321/drone001/attrs,TS2,1647878739.388641
/54321/drone001/attrs,TS2,1647878739.402177
/54321/drone001/attrs,TS2,1647878739.422652
/54321/drone001/attrs,TS2,1647878739.443134
/54321/drone001/attrs,TS2,1647878739.464182
/54321/drone001/attrs,TS2,1647878739.484788
/54321/drone001/attrs,TS2,1647878739.505435
/54321/drone001/attrs,TS2,1647878739.525937
/54321/drone001/attrs,TS2,1647878739.546404
/54321/drone001/attrs,TS2,1647878739.567016
/54321/drone001/attrs,TS2,1647878739.587706
/54321/drone001/attrs,TS2,1647878739.608948
/54321/drone001/attrs,TS2,1647878739.628694
/54321/drone001/attrs,TS2,1647878739.649360
/54321/drone001/attrs,TS2,1647878739.670015
/54321/drone001/attrs,TS2,1647878739.690578
/54321/drone001/attrs,TS2,1647878739.711131
/54321/drone001/attrs,TS2,1647878739.731734
/54321/drone001/attrs,TS2,1647878739.752368
/54321/drone001/attrs,TS2,1647878739.773022
/54321/drone001/attrs,TS2,1647878739.793564
/54321/drone001/attrs,TS2,1647878739.814115
/54321/drone001/attrs,TS2,1647878739.834690
/54321/drone001/attrs,TS2,1647878739.855204
/54321/drone001/attrs,TS2,1647878739.875817
/54321/drone001/attrs,TS2,1647878739.896500
/54321/drone001/attrs,TS2,1647878739.917086
/54321/drone001/attrs,TS2,1647878739.937582
/54321/drone001/attrs,TS2,1647878739.958242
/54321/drone001/attrs,TS2,1647878739.978624
/54321/drone001/attrs,TS2,1647878739.999885
/54321/drone001/attrs,TS2,1647878740.19844
/54321/drone001/attrs,TS2,1647878740.40304
/54321/drone001/attrs,TS2,1647878740.60963
/54321/drone001/attrs,TS2,1647878740.81376
/54321/drone001/attrs,TS2,1647878740.102103
/54321/drone001/attrs,TS2,1647878740.122699
/54321/drone001/attrs,TS2,1647878740.143197
/54321/drone001/attrs,TS2,1647878740.163864
/54321/drone001/attrs,TS2,1647878740.184416
/54321/drone001/attrs,TS2,1647878740.204988
/54321/drone001/attrs,TS2,1647878740.225603
/54321/drone001/attrs,TS2,1647878740.246052
/54321/drone001/attrs,TS2,1647878740.266756
/54321/drone001/attrs,TS2,1647878740.287401
/54321/drone001/attrs,TS2,1647878740.307998
/54321/drone001/attrs,TS2,1647878740.328537
/54321/drone001/attrs,TS2,1647878740.349107
/54321/drone001/attrs,TS2,1647878740.369719
/54321/drone001/attrs,TS2,1647878740.390742
/54321/drone001/attrs,TS2,1647878740.410982
/54321/drone001/attrs,TS2,1647878740.431579
/54321/drone001/attrs,TS2,1647878740.452115
/54321/drone001/attrs,TS2,1647878740.472716
/54321/drone001/attrs,TS2,1647878740.493327
/54321/drone001/attrs,TS2,1647878740.513998
/54321/drone001/attrs,TS2,1647878740.534595
/54321/drone001/attrs,TS2,1647878740.555132
/54321/drone001/attrs,TS2,1647878740.575788
/54321/drone001/attrs,TS2,1647878740.596343
/54321/drone001/attrs,TS2,1647878740.617052
/54321/drone001/attrs,TS2,1647878740.637561
/54321/drone001/attrs,TS2,1647878740.658058
/54321/drone001/attrs,TS2,1647878740.678647
/54321/drone001/attrs,TS2,1647878740.699288
/54321/drone001/attrs,TS2,1647878740.719981
/54321/drone001/attrs,TS2,1647878740.740451
/54321/drone001/attrs,TS2,1647878740.761109
/54321/drone001/attrs,TS2,1647878740.781691
/54321/drone001/attrs,TS2,1647878740.802152
/54321/drone001/attrs,TS2,1647878740.822691
/54321/drone001/attrs,TS2,1647878740.843321
/54321/drone001/attrs,TS2,1647878740.863973
/54321/drone001/attrs,TS2,1647878740.884512
/54321/drone001/attrs,TS2,1647878740.905116
/54321/drone001/attrs,TS2,1647878740.925672
/54321/drone001/attrs,TS2,1647878740.946239
/54321/drone001/attrs,TS2,1647878740.966894
/54321/drone001/attrs,TS2,1647878740.987446
/54321/drone001/attrs,TS2,1647878741.8133
/54321/drone001/attrs,TS2,1647878741.28610
/54321/drone001/attrs,TS2,1647878741.49169
/54321/drone001/attrs,TS2,1647878741.69798
/54321/drone001/attrs,TS2,1647878741.90425
/54321/drone001/attrs,TS2,1647878741.110979
/54321/drone001/attrs,TS2,1647878741.131518
/54321/drone001/attrs,TS2,1647878741.152061
/54321/drone001/attrs,TS2,1647878741.172569
/54321/drone001/attrs,TS2,1647878741.193189
/54321/drone001/attrs,TS2,1647878741.213797
/54321/drone001/attrs,TS2,1647878741.234309
/54321/drone001/attrs,TS2,1647878741.254896
/54321/drone001/attrs,TS2,1647878741.275514
/54321/drone001/attrs,TS2,1647878741.296053
/54321/drone001/attrs,TS2,1647878741.316633
/54321/drone001/attrs,TS2,1647878741.337087
/54321/drone001/attrs,TS2,1647878741.357689
/54321/drone001/attrs,TS2,1647878741.378153
/54321/drone001/attrs,TS2,1647878741.398658
/54321/drone001/attrs,TS2,1647878741.419302
/54321/drone001/attrs,TS2,1647878741.439909
/54321/drone001/attrs,TS2,1647878741.460516
/54321/drone001/attrs,TS2,1647878741.481084
/54321/drone001/attrs,TS2,1647878741.501699
/54321/drone001/attrs,TS2,1647878741.522291
/54321/drone001/attrs,TS2,1647878741.542837
/54321/drone001/attrs,TS2,1647878741.563369
/54321/drone001/attrs,TS2,1647878741.583956
/54321/drone001/attrs,TS2,1647878741.604651
/54321/drone001/attrs,TS2,1647878741.625114
/54321/drone001/attrs,TS2,1647878741.645669
/54321/drone001/attrs,TS2,1647878741.666309
/54321/drone001/attrs,TS2,1647878741.686904
/54321/drone001/attrs,TS2,1647878741.707423
/54321/drone001/attrs,TS2,1647878741.728064
/54321/drone001/attrs,TS2,1647878741.749343
/54321/drone001/attrs,TS2,1647878741.769873
/54321/drone001/attrs,TS2,1647878741.790502
/54321/drone001/attrs,TS2,1647878741.811070
/54321/drone001/attrs,TS2,1647878741.831698
/54321/drone001/attrs,TS2,1647878741.852152
/54321/drone001/attrs,TS2,1647878741.872697
/54321/drone001/attrs,TS2,1647878741.893382
/54321/drone001/attrs,TS2,1647878741.914013
/54321/drone001/attrs,TS2,1647878741.934667
/54321/drone001/attrs,TS2,1647878741.955033
/54321/drone001/attrs,TS2,1647878741.975675
/54321/drone001/attrs,TS2,1647878741.996217
/54321/drone001/attrs,TS2,1647878742.16822
/54321/drone001/attrs,TS2,1647878742.37394
/54321/drone001/attrs,TS2,1647878742.58096
/54321/drone001/attrs,TS2,1647878742.78662
/54321/drone001/attrs,TS2,1647878742.99144
/54321/drone001/attrs,TS2,1647878742.119653
/54321/drone001/attrs,TS2,1647878742.140312
/54321/drone001/attrs,TS2,1647878742.160956
/54321/drone001/attrs,TS2,1647878742.181420
/54321/drone001/attrs,TS2,1647878742.202134
/54321/drone001/attrs,TS2,1647878742.222695
/54321/drone001/attrs,TS2,1647878742.243240
/54321/drone001/attrs,TS2,1647878742.263878
/54321/drone001/attrs,TS2,1647878742.284395
/54321/drone001/attrs,TS2,1647878742.305041
/54321/drone001/attrs,TS2,1647878742.325542
/54321/drone001/attrs,TS2,1647878742.346074
/54321/drone001/attrs,TS2,1647878742.366822
/54321/drone001/attrs,TS2,1647878742.387335
/54321/drone001/attrs,TS2,1647878742.407988
/54321/drone001/attrs,TS2,1647878742.428532
/54321/drone001/attrs,TS2,1647878742.449068
/54321/drone001/attrs,TS2,1647878742.469656
/54321/drone001/attrs,TS2,1647878742.490259
/54321/drone001/attrs,TS2,1647878742.510920
/54321/drone001/attrs,TS2,1647878742.531500
/54321/drone001/attrs,TS2,1647878742.552091
/54321/drone001/attrs,TS2,1647878742.572642
/54321/drone001/attrs,TS2,1647878742.593073
/54321/drone001/attrs,TS2,1647878742.613604
/54321/drone001/attrs,TS2,1647878742.634182
/54321/drone001/attrs,TS2,1647878742.654703
/54321/drone001/attrs,TS2,1647878742.675176
/54321/drone001/attrs,TS2,1647878742.695730
/54321/drone001/attrs,TS2,1647878742.716360
/54321/drone001/attrs,TS2,1647878742.736939
/54321/drone001/attrs,TS2,1647878742.757541
/54321/drone001/attrs,TS2,1647878742.778200
/54321/drone001/attrs,TS2,1647878742.798789
/54321/drone001/attrs,TS2,1647878742.819325
/54321/drone001/attrs,TS2,1647878742.839907
/54321/drone001/attrs,TS2,1647878742.860487
/54321/drone001/attrs,TS2,1647878742.881040
/54321/drone001/attrs,TS2,1647878742.901512
/54321/drone001/attrs,TS2,1647878742.922159
/54321/drone001/attrs,TS2,1647878742.942806
/54321/drone001/attrs,TS2,1647878742.963389
/54321/drone001/attrs,TS2,1647878742.983945
/54321/drone001/attrs,TS2,1647878743.4546
/54321/drone001/attrs,TS2,1647878743.25120
/54321/drone001/attrs,TS2,1647878743.45685
/54321/drone001/attrs,TS2,1647878743.66285
/54321/drone001/attrs,TS2,1647878743.86926
/54321/drone001/attrs,TS2,1647878743.107497
/54321/drone001/attrs,TS2,1647878743.127903
/54321/drone001/attrs,TS2,1647878743.148387
/54321/drone001/attrs,TS2,1647878743.168954
/54321/drone001/attrs,TS2,1647878743.189676
/54321/drone001/attrs,TS2,1647878743.210508
/54321/drone001/attrs,TS2,1647878743.231048
/54321/drone001/attrs,TS2,1647878743.251662
/54321/drone001/attrs,TS2,1647878743.272239
/54321/drone001/attrs,TS2,1647878743.292839
/54321/drone001/attrs,TS2,1647878743.313392
/54321/drone001/attrs,TS2,1647878743.334041
/54321/drone001/attrs,TS2,1647878743.354680
/54321/drone001/attrs,TS2,1647878743.375227
/54321/drone001/attrs,TS2,1647878743.395841
/54321/drone001/attrs,TS2,1647878743.416494
/54321/drone001/attrs,TS2,1647878743.437021
/54321/drone001/attrs,TS2,1647878743.457616
/54321/drone001/attrs,TS2,1647878743.478103
/54321/drone001/attrs,TS2,1647878743.498651
/54321/drone001/attrs,TS2,1647878743.519379
/54321/drone001/attrs,TS2,1647878743.539944
/54321/drone001/attrs,TS2,1647878743.560538
/54321/drone001/attrs,TS2,1647878743.581575
/54321/drone001/attrs,TS2,1647878743.601670
/54321/drone001/attrs,TS2,1647878743.622227
/54321/drone001/attrs,TS2,1647878743.642897
/54321/drone001/attrs,TS2,1647878743.663498
/54321/drone001/attrs,TS2,1647878743.684045
/54321/drone001/attrs,TS2,1647878743.704648
/54321/drone001/attrs,TS2,1647878743.725155
/54321/drone001/attrs,TS2,1647878743.745728
/54321/drone001/attrs,TS2,1647878743.766330
/54321/drone001/attrs,TS2,1647878743.786957
/54321/drone001/attrs,TS2,1647878743.807565
/54321/drone001/attrs,TS2,1647878743.828702
/54321/drone001/attrs,TS2,1647878743.849312
/54321/drone001/attrs,TS2,1647878743.869995
/54321/drone001/attrs,TS2,1647878743.890572
/54321/drone001/attrs,TS2,1647878743.911108
/54321/drone001/attrs,TS2,1647878743.931760
/54321/drone001/attrs,TS2,1647878743.952279
/54321/drone001/attrs,TS2,1647878743.973052
/54321/drone001/attrs,TS2,1647878743.993524
/54321/drone001/attrs,TS2,1647878744.13920
/54321/drone001/attrs,TS2,1647878744.34594
/54321/drone001/attrs,TS2,1647878744.55152
/54321/drone001/attrs,TS2,1647878744.75689
/54321/drone001/attrs,TS2,1647878744.96250
/54321/drone001/attrs,TS2,1647878744.116825
/54321/drone001/attrs,TS2,1647878744.137375
/54321/drone001/attrs,TS2,1647878744.158054
/54321/drone001/attrs,TS2,1647878744.178583
/54321/drone001/attrs,TS2,1647878744.199271
/54321/drone001/attrs,TS2,1647878744.219782
/54321/drone001/attrs,TS2,1647878744.240387
/54321/drone001/attrs,TS2,1647878744.261060
/54321/drone001/attrs,TS2,1647878744.281570
/54321/drone001/attrs,TS2,1647878744.302120
/54321/drone001/attrs,TS2,1647878744.322444
/54321/drone001/attrs,TS2,1647878744.343000
/54321/drone001/attrs,TS2,1647878744.363861
/54321/drone001/attrs,TS2,1647878744.384152
/54321/drone001/attrs,TS2,1647878744.404812
/54321/drone001/attrs,TS2,1647878744.425400
/54321/drone001/attrs,TS2,1647878744.446006
/54321/drone001/attrs,TS2,1647878744.466512
/54321/drone001/attrs,TS2,1647878744.487132
/54321/drone001/attrs,TS2,1647878744.507804
/54321/drone001/attrs,TS2,1647878744.528379
/54321/drone001/attrs,TS2,1647878744.548873
/54321/drone001/attrs,TS2,1647878744.569508
/54321/drone001/attrs,TS2,1647878744.590036
/54321/drone001/attrs,TS2,1647878744.610674
/54321/drone001/attrs,TS2,1647878744.631252
/54321/drone001/attrs,TS2,1647878744.651796
/54321/drone001/attrs,TS2,1647878744.672366
/54321/drone001/attrs,TS2,1647878744.693052
/54321/drone001/attrs,TS2,1647878744.713630
/54321/drone001/attrs,TS2,1647878744.734198
/54321/drone001/attrs,TS2,1647878744.754689
/54321/drone001/attrs,TS2,1647878744.775297
/54321/drone001/attrs,TS2,1647878744.795919
/54321/drone001/attrs,TS2,1647878744.816498
/54321/drone001/attrs,TS2,1647878744.837127
/54321/drone001/attrs,TS2,1647878744.857647
/54321/drone001/attrs,TS2,1647878744.878293
/54321/drone001/attrs,TS2,1647878744.898861
/54321/drone001/attrs,TS2,1647878744.919523
/54321/drone001/attrs,TS2,1647878744.940059
/54321/drone001/attrs,TS2,1647878744.960597
/54321/drone001/attrs,TS2,1647878744.981197
/54321/drone001/attrs,TS2,1647878745.1809
/54321/drone001/attrs,TS2,1647878745.22415
/54321/drone001/attrs,TS2,1647878745.43008
/54321/drone001/attrs,TS2,1647878745.63622
/54321/drone001/attrs,TS2,1647878745.84188
/54321/drone001/attrs,TS2,1647878745.104737
/54321/drone001/attrs,TS2,1647878745.125307
/54321/drone001/attrs,TS2,1647878745.145821
/54321/drone001/attrs,TS2,1647878745.166548
/54321/drone001/attrs,TS2,1647878745.187143
/54321/drone001/attrs,TS2,1647878745.207798
/54321/drone001/attrs,TS2,1647878745.228327
/54321/drone001/attrs,TS2,1647878745.248970
/54321/drone001/attrs,TS2,1647878745.269415
/54321/drone001/attrs,TS2,1647878745.290113
/54321/drone001/attrs,TS2,1647878745.310743
/54321/drone001/attrs,TS2,1647878745.331319
/54321/drone001/attrs,TS2,1647878745.351805
/54321/drone001/attrs,TS2,1647878745.372497
/54321/drone001/attrs,TS2,1647878745.393032
/54321/drone001/attrs,TS2,1647878745.413578
/54321/drone001/attrs,TS2,1647878745.434201
/54321/drone001/attrs,TS2,1647878745.454835
/54321/drone001/attrs,TS2,1647878745.475424
/54321/drone001/attrs,TS2,1647878745.496027
/54321/drone001/attrs,TS2,1647878745.516617
/54321/drone001/attrs,TS2,1647878745.537038
/54321/drone001/attrs,TS2,1647878745.557728
/54321/drone001/attrs,TS2,1647878745.578349
/54321/drone001/attrs,TS2,1647878745.598903
/54321/drone001/attrs,TS2,1647878745.619276
/54321/drone001/attrs,TS2,1647878745.640035
/54321/drone001/attrs,TS2,1647878745.660628
/54321/drone001/attrs,TS2,1647878745.681227
/54321/drone001/attrs,TS2,1647878745.701858
/54321/drone001/attrs,TS2,1647878745.722526
/54321/drone001/attrs,TS2,1647878745.743013
/54321/drone001/attrs,TS2,1647878745.763682
/54321/drone001/attrs,TS2,1647878745.784281
/54321/drone001/attrs,TS2,1647878745.804878
/54321/drone001/attrs,TS2,1647878745.825439
/54321/drone001/attrs,TS2,1647878745.845808
/54321/drone001/attrs,TS2,1647878745.866565
/54321/drone001/attrs,TS2,1647878745.887165
/54321/drone001/attrs,TS2,1647878745.907673
/54321/drone001/attrs,TS2,1647878745.928271
/54321/drone001/attrs,TS2,1647878745.948850
/54321/drone001/attrs,TS2,1647878745.969524
/54321/drone001/attrs,TS2,1647878745.990146
/54321/drone001/attrs,TS2,1647878746.10830
/54321/drone001/attrs,TS2,1647878746.31264
/54321/drone001/attrs,TS2,1647878746.51893
/54321/drone001/attrs,TS2,1647878746.72445
/54321/drone001/attrs,TS2,1647878746.93027
/54321/drone001/attrs,TS2,1647878746.113524
/54321/drone001/attrs,TS2,1647878746.134141
/54321/drone001/attrs,TS2,1647878746.154723
/54321/drone001/attrs,TS2,1647878746.175289
/54321/drone001/attrs,TS2,1647878746.195825
/54321/drone001/attrs,TS2,1647878746.216499
/54321/drone001/attrs,TS2,1647878746.237039
/54321/drone001/attrs,TS2,1647878746.257587
/54321/drone001/attrs,TS2,1647878746.278151
/54321/drone001/attrs,TS2,1647878746.298736
/54321/drone001/attrs,TS2,1647878746.319288
/54321/drone001/attrs,TS2,1647878746.339972
/54321/drone001/attrs,TS2,1647878746.360505
/54321/drone001/attrs,TS2,1647878746.381068
/54321/drone001/attrs,TS2,1647878746.401556
/54321/drone001/attrs,TS2,1647878746.422211
/54321/drone001/attrs,TS2,1647878746.442864
/54321/drone001/attrs,TS2,1647878746.463370
/54321/drone001/attrs,TS2,1647878746.484020
/54321/drone001/attrs,TS2,1647878746.504569
/54321/drone001/attrs,TS2,1647878746.525123
/54321/drone001/attrs,TS2,1647878746.545716
/54321/drone001/attrs,TS2,1647878746.566386
/54321/drone001/attrs,TS2,1647878746.587048
/54321/drone001/attrs,TS2,1647878746.607595
/54321/drone001/attrs,TS2,1647878746.628179
/54321/drone001/attrs,TS2,1647878746.648786
/54321/drone001/attrs,TS2,1647878746.669418
/54321/drone001/attrs,TS2,1647878746.690013
/54321/drone001/attrs,TS2,1647878746.710675
/54321/drone001/attrs,TS2,1647878746.731261
/54321/drone001/attrs,TS2,1647878746.751925
/54321/drone001/attrs,TS2,1647878746.773149
/54321/drone001/attrs,TS2,1647878746.793082
/54321/drone001/attrs,TS2,1647878746.813652
/54321/drone001/attrs,TS2,1647878746.834248
/54321/drone001/attrs,TS2,1647878746.854846
/54321/drone001/attrs,TS2,1647878746.875413
/54321/drone001/attrs,TS2,1647878746.896030
/54321/drone001/attrs,TS2,1647878746.916623
/54321/drone001/attrs,TS2,1647878746.937185
/54321/drone001/attrs,TS2,1647878746.957802
/54321/drone001/attrs,TS2,1647878746.978297
/54321/drone001/attrs,TS2,1647878746.999039
/54321/drone001/attrs,TS2,1647878747.19632
/54321/drone001/attrs,TS2,1647878747.40195
/54321/drone001/attrs,TS2,1647878747.60806
/54321/drone001/attrs,TS2,1647878747.81398
/54321/drone001/attrs,TS2,1647878747.101951
/54321/drone001/attrs,TS2,1647878747.122510
/54321/drone001/attrs,TS2,1647878747.143169
/54321/drone001/attrs,TS2,1647878747.164233
/54321/drone001/attrs,TS2,1647878747.184310
/54321/drone001/attrs,TS2,1647878747.204974
/54321/drone001/attrs,TS2,1647878747.225574
/54321/drone001/attrs,TS2,1647878747.246137
/54321/drone001/attrs,TS2,1647878747.266773
/54321/drone001/attrs,TS2,1647878747.287297
/54321/drone001/attrs,TS2,1647878747.307969
/54321/drone001/attrs,TS2,1647878747.328434
/54321/drone001/attrs,TS2,1647878747.349016
/54321/drone001/attrs,TS2,1647878747.369497
/54321/drone001/attrs,TS2,1647878747.390174
/54321/drone001/attrs,TS2,1647878747.410772
/54321/drone001/attrs,TS2,1647878747.431380
/54321/drone001/attrs,TS2,1647878747.451977
/54321/drone001/attrs,TS2,1647878747.472567
/54321/drone001/attrs,TS2,1647878747.493054
/54321/drone001/attrs,TS2,1647878747.513683
/54321/drone001/attrs,TS2,1647878747.534261
/54321/drone001/attrs,TS2,1647878747.554974
/54321/drone001/attrs,TS2,1647878747.575411
/54321/drone001/attrs,TS2,1647878747.595944
/54321/drone001/attrs,TS2,1647878747.616570
/54321/drone001/attrs,TS2,1647878747.637117
/54321/drone001/attrs,TS2,1647878747.657658
/54321/drone001/attrs,TS2,1647878747.678233
/54321/drone001/attrs,TS2,1647878747.698835
/54321/drone001/attrs,TS2,1647878747.719501
/54321/drone001/attrs,TS2,1647878747.740004
/54321/drone001/attrs,TS2,1647878747.760610
/54321/drone001/attrs,TS2,1647878747.781115
/54321/drone001/attrs,TS2,1647878747.801681
/54321/drone001/attrs,TS2,1647878747.822284
/54321/drone001/attrs,TS2,1647878747.842828
/54321/drone001/attrs,TS2,1647878747.863348
/54321/drone001/attrs,TS2,1647878747.883970
/54321/drone001/attrs,TS2,1647878747.904567
/54321/drone001/attrs,TS2,1647878747.925102
/54321/drone001/attrs,TS2,1647878747.945729
/54321/drone001/attrs,TS2,1647878747.966109
/54321/drone001/attrs,TS2,1647878747.986542
/54321/drone001/attrs,TS2,1647878748.7073
/54321/drone001/attrs,TS2,1647878748.27708
/54321/drone001/attrs,TS2,1647878748.48150
/54321/drone001/attrs,TS2,1647878748.68782
/54321/drone001/attrs,TS2,1647878748.89326
/54321/drone001/attrs,TS2,1647878748.110013
/54321/drone001/attrs,TS2,1647878748.130590
/54321/drone001/attrs,TS2,1647878748.151176
/54321/drone001/attrs,TS2,1647878748.171830
/54321/drone001/attrs,TS2,1647878748.192335
/54321/drone001/attrs,TS2,1647878748.213065
/54321/drone001/attrs,TS2,1647878748.233632
/54321/drone001/attrs,TS2,1647878748.254135
/54321/drone001/attrs,TS2,1647878748.274540
/54321/drone001/attrs,TS2,1647878748.295025
/54321/drone001/attrs,TS2,1647878748.315508
/54321/drone001/attrs,TS2,1647878748.336598
/54321/drone001/attrs,TS2,1647878748.356689
/54321/drone001/attrs,TS2,1647878748.377332
/54321/drone001/attrs,TS2,1647878748.397821
/54321/drone001/attrs,TS2,1647878748.418375
/54321/drone001/attrs,TS2,1647878748.439039
/54321/drone001/attrs,TS2,1647878748.459654
/54321/drone001/attrs,TS2,1647878748.480191
/54321/drone001/attrs,TS2,1647878748.500798
/54321/drone001/attrs,TS2,1647878748.521283
/54321/drone001/attrs,TS2,1647878748.541879
/54321/drone001/attrs,TS2,1647878748.562414
/54321/drone001/attrs,TS2,1647878748.583012
/54321/drone001/attrs,TS2,1647878748.603541
/54321/drone001/attrs,TS2,1647878748.624088
/54321/drone001/attrs,TS2,1647878748.644546
/54321/drone001/attrs,TS2,1647878748.665165
/54321/drone001/attrs,TS2,1647878748.685691
/54321/drone001/attrs,TS2,1647878748.706398
/54321/drone001/attrs,TS2,1647878748.727559
/54321/drone001/attrs,TS2,1647878748.747595
/54321/drone001/attrs,TS2,1647878748.768189
/54321/drone001/attrs,TS2,1647878748.788790
/54321/drone001/attrs,TS2,1647878748.809251
/54321/drone001/attrs,TS2,1647878748.830005
/54321/drone001/attrs,TS2,1647878748.850519
/54321/drone001/attrs,TS2,1647878748.871072
/54321/drone001/attrs,TS2,1647878748.891682
/54321/drone001/attrs,TS2,1647878748.912179
/54321/drone001/attrs,TS2,1647878748.932830
/54321/drone001/attrs,TS2,1647878748.953355
/54321/drone001/attrs,TS2,1647878748.973985
/54321/drone001/attrs,TS2,1647878748.994552
/54321/drone001/attrs,TS2,1647878749.15162
/54321/drone001/attrs,TS2,1647878749.35795
/54321/drone001/attrs,TS2,1647878749.56384
/54321/drone001/attrs,TS2,1647878749.77096
/54321/drone001/attrs,TS2,1647878749.97702
/54321/drone001/attrs,TS2,1647878749.118483
/54321/drone001/attrs,TS2,1647878749.138786
/54321/drone001/attrs,TS2,1647878749.159393
/54321/drone001/attrs,TS2,1647878749.179938
/54321/drone001/attrs,TS2,1647878749.200456
/54321/drone001/attrs,TS2,1647878749.221063
/54321/drone001/attrs,TS2,1647878749.241656
/54321/drone001/attrs,TS2,1647878749.262127
/54321/drone001/attrs,TS2,1647878749.282820
/54321/drone001/attrs,TS2,1647878749.303408
/54321/drone001/attrs,TS2,1647878749.323928
/54321/drone001/attrs,TS2,1647878749.344405
/54321/drone001/attrs,TS2,1647878749.364961
/54321/drone001/attrs,TS2,1647878749.385581
/54321/drone001/attrs,TS2,1647878749.406145
/54321/drone001/attrs,TS2,1647878749.426718
/54321/drone001/attrs,TS2,1647878749.447362
/54321/drone001/attrs,TS2,1647878749.468000
/54321/drone001/attrs,TS2,1647878749.488549
/54321/drone001/attrs,TS2,1647878749.509121
/54321/drone001/attrs,TS2,1647878749.529509
/54321/drone001/attrs,TS2,1647878749.550221
/54321/drone001/attrs,TS2,1647878749.570835
/54321/drone001/attrs,TS2,1647878749.591410
/54321/drone001/attrs,TS2,1647878749.611924
/54321/drone001/attrs,TS2,1647878749.632595
/54321/drone001/attrs,TS2,1647878749.653100
/54321/drone001/attrs,TS2,1647878749.673709
/54321/drone001/attrs,TS2,1647878749.694281
/54321/drone001/attrs,TS2,1647878749.714891
/54321/drone001/attrs,TS2,1647878749.735435
/54321/drone001/attrs,TS2,1647878749.756068
/54321/drone001/attrs,TS2,1647878749.776648
/54321/drone001/attrs,TS2,1647878749.797261
/54321/drone001/attrs,TS2,1647878749.817877
/54321/drone001/attrs,TS2,1647878749.838541
/54321/drone001/attrs,TS2,1647878749.858991
/54321/drone001/attrs,TS2,1647878749.879614
/54321/drone001/attrs,TS2,1647878749.900119
/54321/drone001/attrs,TS2,1647878749.920776
/54321/drone001/attrs,TS2,1647878749.941375
/54321/drone001/attrs,TS2,1647878749.962040
/54321/drone001/attrs,TS2,1647878749.982648
/54321/drone001/attrs,TS2,1647878750.3146
/54321/drone001/attrs,TS2,1647878750.23882
/54321/drone001/attrs,TS2,1647878750.44420
/54321/drone001/attrs,TS2,1647878750.65059
/54321/drone001/attrs,TS2,1647878750.85612
/54321/drone001/attrs,TS2,1647878750.106113
/54321/drone001/attrs,TS2,1647878750.126694
/54321/drone001/attrs,TS2,1647878750.147917
/54321/drone001/attrs,TS2,1647878750.168530
/54321/drone001/attrs,TS2,1647878750.189064
/54321/drone001/attrs,TS2,1647878750.209703
/54321/drone001/attrs,TS2,1647878750.230293
/54321/drone001/attrs,TS2,1647878750.250873
/54321/drone001/attrs,TS2,1647878750.271520
/54321/drone001/attrs,TS2,1647878750.291989
/54321/drone001/attrs,TS2,1647878750.312653
/54321/drone001/attrs,TS2,1647878750.333201
/54321/drone001/attrs,TS2,1647878750.353725
/54321/drone001/attrs,TS2,1647878750.374374
/54321/drone001/attrs,TS2,1647878750.394986
/54321/drone001/attrs,TS2,1647878750.415554
/54321/drone001/attrs,TS2,1647878750.436091
/54321/drone001/attrs,TS2,1647878750.456722
/54321/drone001/attrs,TS2,1647878750.477305
/54321/drone001/attrs,TS2,1647878750.497928
/54321/drone001/attrs,TS2,1647878750.518427
/54321/drone001/attrs,TS2,1647878750.539073
/54321/drone001/attrs,TS2,1647878750.559680
/54321/drone001/attrs,TS2,1647878750.580268
/54321/drone001/attrs,TS2,1647878750.600863
/54321/drone001/attrs,TS2,1647878750.621397
/54321/drone001/attrs,TS2,1647878750.642021
/54321/drone001/attrs,TS2,1647878750.662662
/54321/drone001/attrs,TS2,1647878750.683096
/54321/drone001/attrs,TS2,1647878750.703801
/54321/drone001/attrs,TS2,1647878750.724389
/54321/drone001/attrs,TS2,1647878750.745073
/54321/drone001/attrs,TS2,1647878750.765610
/54321/drone001/attrs,TS2,1647878750.786145
/54321/drone001/attrs,TS2,1647878750.806744
/54321/drone001/attrs,TS2,1647878750.827358
/54321/drone001/attrs,TS2,1647878750.847813
/54321/drone001/attrs,TS2,1647878750.868493
/54321/drone001/attrs,TS2,1647878750.889109
/54321/drone001/attrs,TS2,1647878750.909670
/54321/drone001/attrs,TS2,1647878750.930131
/54321/drone001/attrs,TS2,1647878750.950786
/54321/drone001/attrs,TS2,1647878750.971371
/54321/drone001/attrs,TS2,1647878750.991980
/54321/drone001/attrs,TS2,1647878751.12540
/54321/drone001/attrs,TS2,1647878751.33153
/54321/drone001/attrs,TS2,1647878751.53636
/54321/drone001/attrs,TS2,1647878751.74400
/54321/drone001/attrs,TS2,1647878751.95000
/54321/drone001/attrs,TS2,1647878751.115627
/54321/drone001/attrs,TS2,1647878751.136138
/54321/drone001/attrs,TS2,1647878751.156753
/54321/drone001/attrs,TS2,1647878751.177301
/54321/drone001/attrs,TS2,1647878751.197904
/54321/drone001/attrs,TS2,1647878751.218544
/54321/drone001/attrs,TS2,1647878751.239047
/54321/drone001/attrs,TS2,1647878751.259716
/54321/drone001/attrs,TS2,1647878751.280372
/54321/drone001/attrs,TS2,1647878751.301049
/54321/drone001/attrs,TS2,1647878751.321588
/54321/drone001/attrs,TS2,1647878751.342097
/54321/drone001/attrs,TS2,1647878751.362728
/54321/drone001/attrs,TS2,1647878751.383380
/54321/drone001/attrs,TS2,1647878751.403942
/54321/drone001/attrs,TS2,1647878751.424517
/54321/drone001/attrs,TS2,1647878751.445099
/54321/drone001/attrs,TS2,1647878751.465663
/54321/drone001/attrs,TS2,1647878751.486185
/54321/drone001/attrs,TS2,1647878751.506710
/54321/drone001/attrs,TS2,1647878751.528038
/54321/drone001/attrs,TS2,1647878751.548105
/54321/drone001/attrs,TS2,1647878751.568717
/54321/drone001/attrs,TS2,1647878751.589407
/54321/drone001/attrs,TS2,1647878751.609933
/54321/drone001/attrs,TS2,1647878751.630582
/54321/drone001/attrs,TS2,1647878751.651206
/54321/drone001/attrs,TS2,1647878751.671789
/54321/drone001/attrs,TS2,1647878751.692490
/54321/drone001/attrs,TS2,1647878751.713059
/54321/drone001/attrs,TS2,1647878751.733712
/54321/drone001/attrs,TS2,1647878751.754284
/54321/drone001/attrs,TS2,1647878751.774981
/54321/drone001/attrs,TS2,1647878751.795602
/54321/drone001/attrs,TS2,1647878751.816191
/54321/drone001/attrs,TS2,1647878751.836880
/54321/drone001/attrs,TS2,1647878751.857435
/54321/drone001/attrs,TS2,1647878751.878114
/54321/drone001/attrs,TS2,1647878751.898536
/54321/drone001/attrs,TS2,1647878751.919237
/54321/drone001/attrs,TS2,1647878751.939726
/54321/drone001/attrs,TS2,1647878751.960374
/54321/drone001/attrs,TS2,1647878751.981046
/54321/drone001/attrs,TS2,1647878752.1615
/54321/drone001/attrs,TS2,1647878752.22179
/54321/drone001/attrs,TS2,1647878752.42799
/54321/drone001/attrs,TS2,1647878752.63398
/54321/drone001/attrs,TS2,1647878752.83915
/54321/drone001/attrs,TS2,1647878752.104607
/54321/drone001/attrs,TS2,1647878752.125155
/54321/drone001/attrs,TS2,1647878752.145714
/54321/drone001/attrs,TS2,1647878752.166336
/54321/drone001/attrs,TS2,1647878752.186980
/54321/drone001/attrs,TS2,1647878752.207562
/54321/drone001/attrs,TS2,1647878752.228205
/54321/drone001/attrs,TS2,1647878752.248709
/54321/drone001/attrs,TS2,1647878752.269334
/54321/drone001/attrs,TS2,1647878752.290053
/54321/drone001/attrs,TS2,1647878752.310623
/54321/drone001/attrs,TS2,1647878752.331216
/54321/drone001/attrs,TS2,1647878752.351842
/54321/drone001/attrs,TS2,1647878752.372445
/54321/drone001/attrs,TS2,1647878752.393067
/54321/drone001/attrs,TS2,1647878752.413653
/54321/drone001/attrs,TS2,1647878752.434136
/54321/drone001/attrs,TS2,1647878752.454898
/54321/drone001/attrs,TS2,1647878752.475444
/54321/drone001/attrs,TS2,1647878752.496109
/54321/drone001/attrs,TS2,1647878752.516691
/54321/drone001/attrs,TS2,1647878752.537274
/54321/drone001/attrs,TS2,1647878752.558361
/54321/drone001/attrs,TS2,1647878752.579043
/54321/drone001/attrs,TS2,1647878752.599549
/54321/drone001/attrs,TS2,1647878752.620208
/54321/drone001/attrs,TS2,1647878752.642347
/54321/drone001/attrs,TS2,1647878752.662862
/54321/drone001/attrs,TS2,1647878752.683351
/54321/drone001/attrs,TS2,1647878752.704049
/54321/drone001/attrs,TS2,1647878752.724623
/54321/drone001/attrs,TS2,1647878752.745236
/54321/drone001/attrs,TS2,1647878752.766025
/54321/drone001/attrs,TS2,1647878752.786581
/54321/drone001/attrs,TS2,1647878752.807153
/54321/drone001/attrs,TS2,1647878752.827885
/54321/drone001/attrs,TS2,1647878752.848521
/54321/drone001/attrs,TS2,1647878752.869115
/54321/drone001/attrs,TS2,1647878752.889597
/54321/drone001/attrs,TS2,1647878752.910531
/54321/drone001/attrs,TS2,1647878752.931103
/54321/drone001/attrs,TS2,1647878752.951671
/54321/drone001/attrs,TS2,1647878752.972244
/54321/drone001/attrs,TS2,1647878752.992860
/54321/drone001/attrs,TS2,1647878753.13369
/54321/drone001/attrs,TS2,1647878753.34106
/54321/drone001/attrs,TS2,1647878753.54712
/54321/drone001/attrs,TS2,1647878753.75396
/54321/drone001/attrs,TS2,1647878753.95943
/54321/drone001/attrs,TS2,1647878753.116592
/54321/drone001/attrs,TS2,1647878753.137161
/54321/drone001/attrs,TS2,1647878753.157678
/54321/drone001/attrs,TS2,1647878753.178453
/54321/drone001/attrs,TS2,1647878753.198882
/54321/drone001/attrs,TS2,1647878753.219396
/54321/drone001/attrs,TS2,1647878753.240049
/54321/drone001/attrs,TS2,1647878753.260648
/54321/drone001/attrs,TS2,1647878753.281216
/54321/drone001/attrs,TS2,1647878753.301771
/54321/drone001/attrs,TS2,1647878753.322429
/54321/drone001/attrs,TS2,1647878753.343058
/54321/drone001/attrs,TS2,1647878753.363679
/54321/drone001/attrs,TS2,1647878753.384259
/54321/drone001/attrs,TS2,1647878753.405344
/54321/drone001/attrs,TS2,1647878753.426004
/54321/drone001/attrs,TS2,1647878753.446631
/54321/drone001/attrs,TS2,1647878753.467188
/54321/drone001/attrs,TS2,1647878753.487831
/54321/drone001/attrs,TS2,1647878753.508396
/54321/drone001/attrs,TS2,1647878753.529045
/54321/drone001/attrs,TS2,1647878753.549555
/54321/drone001/attrs,TS2,1647878753.570178
/54321/drone001/attrs,TS2,1647878753.590720
/54321/drone001/attrs,TS2,1647878753.611338
/54321/drone001/attrs,TS2,1647878753.631983
/54321/drone001/attrs,TS2,1647878753.652453
/54321/drone001/attrs,TS2,1647878753.673097
/54321/drone001/attrs,TS2,1647878753.693624
/54321/drone001/attrs,TS2,1647878753.714151
/54321/drone001/attrs,TS2,1647878753.734754
/54321/drone001/attrs,TS2,1647878753.755382
/54321/drone001/attrs,TS2,1647878753.776012
/54321/drone001/attrs,TS2,1647878753.796536
/54321/drone001/attrs,TS2,1647878753.817118
/54321/drone001/attrs,TS2,1647878753.837755
/54321/drone001/attrs,TS2,1647878753.858357
/54321/drone001/attrs,TS2,1647878753.878912
/54321/drone001/attrs,TS2,1647878753.899574
/54321/drone001/attrs,TS2,1647878753.920098
/54321/drone001/attrs,TS2,1647878753.940682
/54321/drone001/attrs,TS2,1647878753.961308
/54321/drone001/attrs,TS2,1647878753.981787
/54321/drone001/attrs,TS2,1647878754.2494
/54321/drone001/attrs,TS2,1647878754.23028
/54321/drone001/attrs,TS2,1647878754.43690
/54321/drone001/attrs,TS2,1647878754.64205
/54321/drone001/attrs,TS2,1647878754.84699
/54321/drone001/attrs,TS2,1647878754.105304
/54321/drone001/attrs,TS2,1647878754.125820
/54321/drone001/attrs,TS2,1647878754.146375
/54321/drone001/attrs,TS2,1647878754.166896
/54321/drone001/attrs,TS2,1647878754.187517
/54321/drone001/attrs,TS2,1647878754.208154
/54321/drone001/attrs,TS2,1647878754.228686
/54321/drone001/attrs,TS2,1647878754.249260
/54321/drone001/attrs,TS2,1647878754.269845
/54321/drone001/attrs,TS2,1647878754.290205
/54321/drone001/attrs,TS2,1647878754.311065
/54321/drone001/attrs,TS2,1647878754.331705
/54321/drone001/attrs,TS2,1647878754.352186
/54321/drone001/attrs,TS2,1647878754.373052
/54321/drone001/attrs,TS2,1647878754.394287
/54321/drone001/attrs,TS2,1647878754.414093
/54321/drone001/attrs,TS2,1647878754.434682
/54321/drone001/attrs,TS2,1647878754.455184
/54321/drone001/attrs,TS2,1647878754.475790
/54321/drone001/attrs,TS2,1647878754.496428
/54321/drone001/attrs,TS2,1647878754.517082
/54321/drone001/attrs,TS2,1647878754.537654
/54321/drone001/attrs,TS2,1647878754.558163
/54321/drone001/attrs,TS2,1647878754.578774
/54321/drone001/attrs,TS2,1647878754.599265
/54321/drone001/attrs,TS2,1647878754.619992
/54321/drone001/attrs,TS2,1647878754.640594
/54321/drone001/attrs,TS2,1647878754.661150
/54321/drone001/attrs,TS2,1647878754.681678
/54321/drone001/attrs,TS2,1647878754.702317
/54321/drone001/attrs,TS2,1647878754.722889
/54321/drone001/attrs,TS2,1647878754.743404
/54321/drone001/attrs,TS2,1647878754.763976
/54321/drone001/attrs,TS2,1647878754.785154
/54321/drone001/attrs,TS2,1647878754.805139
/54321/drone001/attrs,TS2,1647878754.825729
/54321/drone001/attrs,TS2,1647878754.846307
/54321/drone001/attrs,TS2,1647878754.866893
/54321/drone001/attrs,TS2,1647878754.887508
/54321/drone001/attrs,TS2,1647878754.908010
/54321/drone001/attrs,TS2,1647878754.928531
/54321/drone001/attrs,TS2,1647878754.949149
/54321/drone001/attrs,TS2,1647878754.969796
/54321/drone001/attrs,TS2,1647878754.990429
/54321/drone001/attrs,TS2,1647878755.11033
/54321/drone001/attrs,TS2,1647878755.31647
/54321/drone001/attrs,TS2,1647878755.52188
/54321/drone001/attrs,TS2,1647878755.72835
/54321/drone001/attrs,TS2,1647878755.93377
/54321/drone001/attrs,TS2,1647878755.114038
/54321/drone001/attrs,TS2,1647878755.134611
/54321/drone001/attrs,TS2,1647878755.155065
/54321/drone001/attrs,TS2,1647878755.176154
/54321/drone001/attrs,TS2,1647878755.196161
/54321/drone001/attrs,TS2,1647878755.216769
/54321/drone001/attrs,TS2,1647878755.237349
/54321/drone001/attrs,TS2,1647878755.258165
/54321/drone001/attrs,TS2,1647878755.278675
/54321/drone001/attrs,TS2,1647878755.299265
/54321/drone001/attrs,TS2,1647878755.319861
/54321/drone001/attrs,TS2,1647878755.340492
/54321/drone001/attrs,TS2,1647878755.361036
/54321/drone001/attrs,TS2,1647878755.381608
/54321/drone001/attrs,TS2,1647878755.402087
/54321/drone001/attrs,TS2,1647878755.422688
/54321/drone001/attrs,TS2,1647878755.443240
/54321/drone001/attrs,TS2,1647878755.463806
/54321/drone001/attrs,TS2,1647878755.484431
/54321/drone001/attrs,TS2,1647878755.505059
/54321/drone001/attrs,TS2,1647878755.525663
/54321/drone001/attrs,TS2,1647878755.546146
/54321/drone001/attrs,TS2,1647878755.567129
/54321/drone001/attrs,TS2,1647878755.587345
/54321/drone001/attrs,TS2,1647878755.607990
/54321/drone001/attrs,TS2,1647878755.628514
/54321/drone001/attrs,TS2,1647878755.649024
/54321/drone001/attrs,TS2,1647878755.669661
/54321/drone001/attrs,TS2,1647878755.690169
/54321/drone001/attrs,TS2,1647878755.710794
/54321/drone001/attrs,TS2,1647878755.731202
/54321/drone001/attrs,TS2,1647878755.751848
/54321/drone001/attrs,TS2,1647878755.772417
/54321/drone001/attrs,TS2,1647878755.792995
/54321/drone001/attrs,TS2,1647878755.813544
/54321/drone001/attrs,TS2,1647878755.834134
/54321/drone001/attrs,TS2,1647878755.854699
/54321/drone001/attrs,TS2,1647878755.875251
/54321/drone001/attrs,TS2,1647878755.895889
/54321/drone001/attrs,TS2,1647878755.916452
/54321/drone001/attrs,TS2,1647878755.937045
/54321/drone001/attrs,TS2,1647878755.957933
/54321/drone001/attrs,TS2,1647878755.978120
/54321/drone001/attrs,TS2,1647878755.998675
/54321/drone001/attrs,TS2,1641647878757: Client tester-pub closed its connection.
1647878797: Client iotaul_83dd1504 closed its connection.
1647878879: mosquitto version 2.0.14 terminating
7878756.19312
/54321/drone001/attrs,TS2,1647878756.39979
/54321/drone001/attrs,TS2,1647878756.60580
/54321/drone001/attrs,TS2,1647878756.81232
/54321/drone001/attrs,TS2,1647878756.101806
/54321/drone001/attrs,TS2,1647878756.122389
/54321/drone001/attrs,TS2,1647878756.142977
/54321/drone001/attrs,TS2,1647878756.163596
/54321/drone001/attrs,TS2,1647878756.184167
/54321/drone001/attrs,TS2,1647878756.204733
/54321/drone001/attrs,TS2,1647878756.225362
/54321/drone001/attrs,TS2,1647878756.246006
/54321/drone001/attrs,TS2,1647878756.266579
/54321/drone001/attrs,TS2,1647878756.287169
/54321/drone001/attrs,TS2,1647878756.307687
/54321/drone001/attrs,TS2,1647878756.328255
/54321/drone001/attrs,TS2,1647878756.348865
/54321/drone001/attrs,TS2,1647878756.369317
/54321/drone001/attrs,TS2,1647878756.390148
/54321/drone001/attrs,TS2,1647878756.410702
/54321/drone001/attrs,TS2,1647878756.431259
/54321/drone001/attrs,TS2,1647878756.452013
/54321/drone001/attrs,TS2,1647878756.472648
/54321/drone001/attrs,TS2,1647878756.493217
/54321/drone001/attrs,TS2,1647878756.513933
/54321/drone001/attrs,TS2,1647878756.534500
/54321/drone001/attrs,TS2,1647878756.555112
/54321/drone001/attrs,TS2,1647878756.575641
/54321/drone001/attrs,TS2,1647878756.596333
/54321/drone001/attrs,TS2,1647878756.616947
/54321/drone001/attrs,TS2,1647878756.637547
/54321/drone001/attrs,TS2,1647878756.657995
/54321/drone001/attrs,TS2,1647878756.678612
/54321/drone001/attrs,TS2,1647878756.699120
/54321/drone001/attrs,TS2,1647878756.719824
/54321/drone001/attrs,TS2,1647878756.740349
/54321/drone001/attrs,TS2,1647878756.761017
/54321/drone001/attrs,TS2,1647878756.781680
/54321/drone001/attrs,TS2,1647878756.802224
/54321/drone001/attrs,TS2,1647878756.822781
/54321/drone001/attrs,TS2,1647878756.843542
/54321/drone001/attrs,TS2,1647878756.864106
/54321/drone001/attrs,TS2,1647878756.884731
/54321/drone001/attrs,TS2,1647878756.905438
/54321/drone001/attrs,TS2,1647878756.926198
/54321/drone001/attrs,TS2,1647878756.946804
/54321/drone001/attrs,TS2,1647878756.967494
/54321/drone001/attrs,TS2,1647878756.988172
/54321/drone001/attrs,TS2,1647878757.8847
/54321/drone001/attrs,TS2,1647878757.29435
/54321/drone001/attrs,TS2,1647878757.50208
/54321/drone001/attrs,TS2,1647878757.70906
/54321/drone001/attrs,TS2,1647878757.91539
/54321/drone001/attrs,TS2,1647878757.112194
/54321/drone001/attrs,TS2,1647878757.132997
/54321/drone001/attrs,TS2,1647878757.153635
/54321/drone001/attrs,TS2,1647878757.174211
/54321/drone001/attrs,TS2,1647878757.195380
/54321/drone001/attrs,TS2,1647878757.215452
/54321/drone001/attrs,TS2,1647878757.236105
/54321/drone001/attrs,TS2,1647878757.256704
/54321/drone001/attrs,TS2,1647878757.277337
/54321/drone001/attrs,TS2,1647878757.298113
/54321/drone001/attrs,TS2,1647878757.318717
/54321/drone001/attrs,TS2,1647878757.339352
/54321/drone001/attrs,TS2,1647878757.359981
/54321/drone001/attrs,TS2,1647878757.380597
/54321/drone001/attrs,TS2,1647878757.401184
