1647875791: Warning: Unable to drop privileges to 'mosquitto' because this user does not exist. Trying 'nobody' instead.
1647875791: mosquitto version 2.0.14 starting
1647875791: Config loaded from /etc/mosquitto/mosquitto.conf.
1647875791: Opening ipv4 listen socket on port 1883.
1647875791: Opening ipv6 listen socket on port 1883.
1647875791: mosquitto version 2.0.14 running
1647875802: New connection from 130.188.160.11:50256 on port 1883.
1647875802: New client connected from 130.188.160.11:50256 as iotaul_99adb9b9 (p2, c1, k60, u'px4').
1647875823: New connection from 130.188.160.13:36449 on port 1883.
1647875823: New client connected from 130.188.160.13:36449 as tester-pub (p2, c1, k60, u'px4').
TS2.1,1647875802.924431
/54321/drone001/attrs,TS2,1647875823.147938
/54321/drone001/attrs,TS2,1647875823.150771
/54321/drone001/attrs,TS2,1647875823.154056
/54321/drone001/attrs,TS2,1647875823.157382
/54321/drone001/attrs,TS2,1647875823.160857
/54321/drone001/attrs,TS2,1647875823.164430
/54321/drone001/attrs,TS2,1647875823.167708
/54321/drone001/attrs,TS2,1647875823.171417
/54321/drone001/attrs,TS2,1647875823.175068
/54321/drone001/attrs,TS2,1647875823.178638
/54321/drone001/attrs,TS2,1647875823.182277
/54321/drone001/attrs,TS2,1647875823.185837
/54321/drone001/attrs,TS2,1647875823.189614
/54321/drone001/attrs,TS2,1647875823.193286
/54321/drone001/attrs,TS2,1647875823.196708
/54321/drone001/attrs,TS2,1647875823.200345
/54321/drone001/attrs,TS2,1647875823.203960
/54321/drone001/attrs,TS2,1647875823.207702
/54321/drone001/attrs,TS2,1647875823.211352
/54321/drone001/attrs,TS2,1647875823.214854
/54321/drone001/attrs,TS2,1647875823.218691
/54321/drone001/attrs,TS2,1647875823.222343
/54321/drone001/attrs,TS2,1647875823.226122
/54321/drone001/attrs,TS2,1647875823.229767
/54321/drone001/attrs,TS2,1647875823.233348
/54321/drone001/attrs,TS2,1647875823.236813
/54321/drone001/attrs,TS2,1647875823.240730
/54321/drone001/attrs,TS2,1647875823.244175
/54321/drone001/attrs,TS2,1647875823.248014
/54321/drone001/attrs,TS2,1647875823.251754
/54321/drone001/attrs,TS2,1647875823.255370
/54321/drone001/attrs,TS2,1647875823.258937
/54321/drone001/attrs,TS2,1647875823.262692
/54321/drone001/attrs,TS2,1647875823.266377
/54321/drone001/attrs,TS2,1647875823.270163
/54321/drone001/attrs,TS2,1647875823.273602
/54321/drone001/attrs,TS2,1647875823.277506
/54321/drone001/attrs,TS2,1647875823.281216
/54321/drone001/attrs,TS2,1647875823.284780
/54321/drone001/attrs,TS2,1647875823.288539
/54321/drone001/attrs,TS2,1647875823.291931
/54321/drone001/attrs,TS2,1647875823.295774
/54321/drone001/attrs,TS2,1647875823.299286
/54321/drone001/attrs,TS2,1647875823.302797
/54321/drone001/attrs,TS2,1647875823.306644
/54321/drone001/attrs,TS2,1647875823.310327
/54321/drone001/attrs,TS2,1647875823.313711
/54321/drone001/attrs,TS2,1647875823.317495
/54321/drone001/attrs,TS2,1647875823.321036
/54321/drone001/attrs,TS2,1647875823.324812
/54321/drone001/attrs,TS2,1647875823.328497
/54321/drone001/attrs,TS2,1647875823.332154
/54321/drone001/attrs,TS2,1647875823.335676
/54321/drone001/attrs,TS2,1647875823.339448
/54321/drone001/attrs,TS2,1647875823.342886
/54321/drone001/attrs,TS2,1647875823.346636
/54321/drone001/attrs,TS2,1647875823.350310
/54321/drone001/attrs,TS2,1647875823.353962
/54321/drone001/attrs,TS2,1647875823.357700
/54321/drone001/attrs,TS2,1647875823.361337
/54321/drone001/attrs,TS2,1647875823.364956
/54321/drone001/attrs,TS2,1647875823.368633
/54321/drone001/attrs,TS2,1647875823.372225
/54321/drone001/attrs,TS2,1647875823.375981
/54321/drone001/attrs,TS2,1647875823.379595
/54321/drone001/attrs,TS2,1647875823.383200
/54321/drone001/attrs,TS2,1647875823.386874
/54321/drone001/attrs,TS2,1647875823.390587
/54321/drone001/attrs,TS2,1647875823.394117
/54321/drone001/attrs,TS2,1647875823.397825
/54321/drone001/attrs,TS2,1647875823.401534
/54321/drone001/attrs,TS2,1647875823.405163
/54321/drone001/attrs,TS2,1647875823.408791
/54321/drone001/attrs,TS2,1647875823.412437
/54321/drone001/attrs,TS2,1647875823.416133
/54321/drone001/attrs,TS2,1647875823.419853
/54321/drone001/attrs,TS2,1647875823.423539
/54321/drone001/attrs,TS2,1647875823.427814
/54321/drone001/attrs,TS2,1647875823.430809
/54321/drone001/attrs,TS2,1647875823.434542
/54321/drone001/attrs,TS2,1647875823.438067
/54321/drone001/attrs,TS2,1647875823.441709
/54321/drone001/attrs,TS2,1647875823.445556
/54321/drone001/attrs,TS2,1647875823.449195
/54321/drone001/attrs,TS2,1647875823.452875
/54321/drone001/attrs,TS2,1647875823.456568
/54321/drone001/attrs,TS2,1647875823.460201
/54321/drone001/attrs,TS2,1647875823.463816
/54321/drone001/attrs,TS2,1647875823.467498
/54321/drone001/attrs,TS2,1647875823.471197
/54321/drone001/attrs,TS2,1647875823.474959
/54321/drone001/attrs,TS2,1647875823.478607
/54321/drone001/attrs,TS2,1647875823.482272
/54321/drone001/attrs,TS2,1647875823.485636
/54321/drone001/attrs,TS2,1647875823.489585
/54321/drone001/attrs,TS2,1647875823.493177
/54321/drone001/attrs,TS2,1647875823.496760
/54321/drone001/attrs,TS2,1647875823.500517
/54321/drone001/attrs,TS2,1647875823.504156
/54321/drone001/attrs,TS2,1647875823.507779
/54321/drone001/attrs,TS2,1647875823.511433
/54321/drone001/attrs,TS2,1647875823.515140
/54321/drone001/attrs,TS2,1647875823.518838
/54321/drone001/attrs,TS2,1647875823.522381
/54321/drone001/attrs,TS2,1647875823.526151
/54321/drone001/attrs,TS2,1647875823.529652
/54321/drone001/attrs,TS2,1647875823.534291
/54321/drone001/attrs,TS2,1647875823.538046
/54321/drone001/attrs,TS2,1647875823.541700
/54321/drone001/attrs,TS2,1647875823.545367
/54321/drone001/attrs,TS2,1647875823.549010
/54321/drone001/attrs,TS2,1647875823.552738
/54321/drone001/attrs,TS2,1647875823.556385
/54321/drone001/attrs,TS2,1647875823.560092
/54321/drone001/attrs,TS2,1647875823.563748
/54321/drone001/attrs,TS2,1647875823.567480
/54321/drone001/attrs,TS2,1647875823.571079
/54321/drone001/attrs,TS2,1647875823.574865
/54321/drone001/attrs,TS2,1647875823.578451
/54321/drone001/attrs,TS2,1647875823.582033
/54321/drone001/attrs,TS2,1647875823.586010
/54321/drone001/attrs,TS2,1647875823.589594
/54321/drone001/attrs,TS2,1647875823.593238
/54321/drone001/attrs,TS2,1647875823.596927
/54321/drone001/attrs,TS2,1647875823.600509
/54321/drone001/attrs,TS2,1647875823.604183
/54321/drone001/attrs,TS2,1647875823.614807
/54321/drone001/attrs,TS2,1647875823.615660
/54321/drone001/attrs,TS2,1647875823.615785
/54321/drone001/attrs,TS2,1647875823.617871
/54321/drone001/attrs,TS2,1647875823.621480
/54321/drone001/attrs,TS2,1647875823.625496
/54321/drone001/attrs,TS2,1647875823.629126
/54321/drone001/attrs,TS2,1647875823.632808
/54321/drone001/attrs,TS2,1647875823.636489
/54321/drone001/attrs,TS2,1647875823.640114
/54321/drone001/attrs,TS2,1647875823.643625
/54321/drone001/attrs,TS2,1647875823.647180
/54321/drone001/attrs,TS2,1647875823.650921
/54321/drone001/attrs,TS2,1647875823.654557
/54321/drone001/attrs,TS2,1647875823.658391
/54321/drone001/attrs,TS2,1647875823.662020
/54321/drone001/attrs,TS2,1647875823.665617
/54321/drone001/attrs,TS2,1647875823.669451
/54321/drone001/attrs,TS2,1647875823.673026
/54321/drone001/attrs,TS2,1647875823.676562
/54321/drone001/attrs,TS2,1647875823.680201
/54321/drone001/attrs,TS2,1647875823.683870
/54321/drone001/attrs,TS2,1647875823.688272
/54321/drone001/attrs,TS2,1647875823.691280
/54321/drone001/attrs,TS2,1647875823.694845
/54321/drone001/attrs,TS2,1647875823.698524
/54321/drone001/attrs,TS2,1647875823.702101
/54321/drone001/attrs,TS2,1647875823.705756
/54321/drone001/attrs,TS2,1647875823.709323
/54321/drone001/attrs,TS2,1647875823.715325
/54321/drone001/attrs,TS2,1647875823.719099
/54321/drone001/attrs,TS2,1647875823.722776
/54321/drone001/attrs,TS2,1647875823.726346
/54321/drone001/attrs,TS2,1647875823.730077
/54321/drone001/attrs,TS2,1647875823.733838
/54321/drone001/attrs,TS2,1647875823.737297
/54321/drone001/attrs,TS2,1647875823.740988
/54321/drone001/attrs,TS2,1647875823.744682
/54321/drone001/attrs,TS2,1647875823.748361
/54321/drone001/attrs,TS2,1647875823.752922
/54321/drone001/attrs,TS2,1647875823.755850
/54321/drone001/attrs,TS2,1647875823.759571
/54321/drone001/attrs,TS2,1647875823.763134
/54321/drone001/attrs,TS2,1647875823.766629
/54321/drone001/attrs,TS2,1647875823.770484
/54321/drone001/attrs,TS2,1647875823.774078
/54321/drone001/attrs,TS2,1647875823.777803
/54321/drone001/attrs,TS2,1647875823.781489
/54321/drone001/attrs,TS2,1647875823.785103
/54321/drone001/attrs,TS2,1647875823.788759
/54321/drone001/attrs,TS2,1647875823.792420
/54321/drone001/attrs,TS2,1647875823.796157
/54321/drone001/attrs,TS2,1647875823.799711
/54321/drone001/attrs,TS2,1647875823.803422
/54321/drone001/attrs,TS2,1647875823.807085
/54321/drone001/attrs,TS2,1647875823.810690
/54321/drone001/attrs,TS2,1647875823.814525
/54321/drone001/attrs,TS2,1647875823.818584
/54321/drone001/attrs,TS2,1647875823.821864
/54321/drone001/attrs,TS2,1647875823.825485
/54321/drone001/attrs,TS2,1647875823.829120
/54321/drone001/attrs,TS2,1647875823.832837
/54321/drone001/attrs,TS2,1647875823.836498
/54321/drone001/attrs,TS2,1647875823.840038
/54321/drone001/attrs,TS2,1647875823.843668
/54321/drone001/attrs,TS2,1647875823.847334
/54321/drone001/attrs,TS2,1647875823.850883
/54321/drone001/attrs,TS2,1647875823.854565
/54321/drone001/attrs,TS2,1647875823.858154
/54321/drone001/attrs,TS2,1647875823.861892
/54321/drone001/attrs,TS2,1647875823.865567
/54321/drone001/attrs,TS2,1647875823.869363
/54321/drone001/attrs,TS2,1647875823.873031
/54321/drone001/attrs,TS2,1647875823.876731
/54321/drone001/attrs,TS2,1647875823.880402
/54321/drone001/attrs,TS2,1647875823.884007
/54321/drone001/attrs,TS2,1647875823.887708
/54321/drone001/attrs,TS2,1647875823.891369
/54321/drone001/attrs,TS2,1647875823.895020
/54321/drone001/attrs,TS2,1647875823.898635
/54321/drone001/attrs,TS2,1647875823.902339
/54321/drone001/attrs,TS2,1647875823.906063
/54321/drone001/attrs,TS2,1647875823.909731
/54321/drone001/attrs,TS2,1647875823.913385
/54321/drone001/attrs,TS2,1647875823.917047
/54321/drone001/attrs,TS2,1647875823.921257
/54321/drone001/attrs,TS2,1647875823.925019
/54321/drone001/attrs,TS2,1647875823.928569
/54321/drone001/attrs,TS2,1647875823.932257
/54321/drone001/attrs,TS2,1647875823.935994
/54321/drone001/attrs,TS2,1647875823.939709
/54321/drone001/attrs,TS2,1647875823.943265
/54321/drone001/attrs,TS2,1647875823.946998
/54321/drone001/attrs,TS2,1647875823.950696
/54321/drone001/attrs,TS2,1647875823.954308
/54321/drone001/attrs,TS2,1647875823.958001
/54321/drone001/attrs,TS2,1647875823.961677
/54321/drone001/attrs,TS2,1647875823.965379
/54321/drone001/attrs,TS2,1647875823.969172
/54321/drone001/attrs,TS2,1647875823.972886
/54321/drone001/attrs,TS2,1647875823.976448
/54321/drone001/attrs,TS2,1647875823.980203
/54321/drone001/attrs,TS2,1647875823.983870
/54321/drone001/attrs,TS2,1647875823.987330
/54321/drone001/attrs,TS2,1647875823.990908
/54321/drone001/attrs,TS2,1647875823.994710
/54321/drone001/attrs,TS2,1647875823.998282
/54321/drone001/attrs,TS2,1647875824.2054
/54321/drone001/attrs,TS2,1647875824.5712
/54321/drone001/attrs,TS2,1647875824.9385
/54321/drone001/attrs,TS2,1647875824.13803
/54321/drone001/attrs,TS2,1647875824.16669
/54321/drone001/attrs,TS2,1647875824.20385
/54321/drone001/attrs,TS2,1647875824.24552
/54321/drone001/attrs,TS2,1647875824.28130
/54321/drone001/attrs,TS2,1647875824.31889
/54321/drone001/attrs,TS2,1647875824.35573
/54321/drone001/attrs,TS2,1647875824.39123
/54321/drone001/attrs,TS2,1647875824.42876
/54321/drone001/attrs,TS2,1647875824.46566
/54321/drone001/attrs,TS2,1647875824.50217
/54321/drone001/attrs,TS2,1647875824.53897
/54321/drone001/attrs,TS2,1647875824.57485
/54321/drone001/attrs,TS2,1647875824.61182
/54321/drone001/attrs,TS2,1647875824.64806
/54321/drone001/attrs,TS2,1647875824.68617
/54321/drone001/attrs,TS2,1647875824.72191
/54321/drone001/attrs,TS2,1647875824.75875
/54321/drone001/attrs,TS2,1647875824.79535
/54321/drone001/attrs,TS2,1647875824.83237
/54321/drone001/attrs,TS2,1647875824.86956
/54321/drone001/attrs,TS2,1647875824.90630
/54321/drone001/attrs,TS2,1647875824.94294
/54321/drone001/attrs,TS2,1647875824.98018
/54321/drone001/attrs,TS2,1647875824.101720
/54321/drone001/attrs,TS2,1647875824.105369
/54321/drone001/attrs,TS2,1647875824.109026
/54321/drone001/attrs,TS2,1647875824.112669
/54321/drone001/attrs,TS2,1647875824.116569
/54321/drone001/attrs,TS2,1647875824.120214
/54321/drone001/attrs,TS2,1647875824.124072
/54321/drone001/attrs,TS2,1647875824.127617
/54321/drone001/attrs,TS2,1647875824.131444
/54321/drone001/attrs,TS2,1647875824.135011
/54321/drone001/attrs,TS2,1647875824.138814
/54321/drone001/attrs,TS2,1647875824.142453
/54321/drone001/attrs,TS2,1647875824.146058
/54321/drone001/attrs,TS2,1647875824.149708
/54321/drone001/attrs,TS2,1647875824.153580
/54321/drone001/attrs,TS2,1647875824.157196
/54321/drone001/attrs,TS2,1647875824.160933
/54321/drone001/attrs,TS2,1647875824.164587
/54321/drone001/attrs,TS2,1647875824.168080
/54321/drone001/attrs,TS2,1647875824.171893
/54321/drone001/attrs,TS2,1647875824.175490
/54321/drone001/attrs,TS2,1647875824.179169
/54321/drone001/attrs,TS2,1647875824.182891
/54321/drone001/attrs,TS2,1647875824.186414
/54321/drone001/attrs,TS2,1647875824.190164
/54321/drone001/attrs,TS2,1647875824.193651
/54321/drone001/attrs,TS2,1647875824.197162
/54321/drone001/attrs,TS2,1647875824.200782
/54321/drone001/attrs,TS2,1647875824.204503
/54321/drone001/attrs,TS2,1647875824.208813
/54321/drone001/attrs,TS2,1647875824.211819
/54321/drone001/attrs,TS2,1647875824.215485
/54321/drone001/attrs,TS2,1647875824.219096
/54321/drone001/attrs,TS2,1647875824.222779
/54321/drone001/attrs,TS2,1647875824.226445
/54321/drone001/attrs,TS2,1647875824.230122
/54321/drone001/attrs,TS2,1647875824.233730
/54321/drone001/attrs,TS2,1647875824.237532
/54321/drone001/attrs,TS2,1647875824.241173
/54321/drone001/attrs,TS2,1647875824.244882
/54321/drone001/attrs,TS2,1647875824.248516
/54321/drone001/attrs,TS2,1647875824.252131
/54321/drone001/attrs,TS2,1647875824.255990
/54321/drone001/attrs,TS2,1647875824.259504
/54321/drone001/attrs,TS2,1647875824.263156
/54321/drone001/attrs,TS2,1647875824.266796
/54321/drone001/attrs,TS2,1647875824.270426
/54321/drone001/attrs,TS2,1647875824.274272
/54321/drone001/attrs,TS2,1647875824.277740
/54321/drone001/attrs,TS2,1647875824.281417
/54321/drone001/attrs,TS2,1647875824.285089
/54321/drone001/attrs,TS2,1647875824.288800
/54321/drone001/attrs,TS2,1647875824.292454
/54321/drone001/attrs,TS2,1647875824.296157
/54321/drone001/attrs,TS2,1647875824.299818
/54321/drone001/attrs,TS2,1647875824.303454
/54321/drone001/attrs,TS2,1647875824.307070
/54321/drone001/attrs,TS2,1647875824.310843
/54321/drone001/attrs,TS2,1647875824.314534
/54321/drone001/attrs,TS2,1647875824.318177
/54321/drone001/attrs,TS2,1647875824.321899
/54321/drone001/attrs,TS2,1647875824.325569
/54321/drone001/attrs,TS2,1647875824.329197
/54321/drone001/attrs,TS2,1647875824.332861
/54321/drone001/attrs,TS2,1647875824.336441
/54321/drone001/attrs,TS2,1647875824.340122
/54321/drone001/attrs,TS2,1647875824.343884
/54321/drone001/attrs,TS2,1647875824.347571
/54321/drone001/attrs,TS2,1647875824.351197
/54321/drone001/attrs,TS2,1647875824.354915
/54321/drone001/attrs,TS2,1647875824.358544
/54321/drone001/attrs,TS2,1647875824.362041
/54321/drone001/attrs,TS2,1647875824.365908
/54321/drone001/attrs,TS2,1647875824.369497
/54321/drone001/attrs,TS2,1647875824.373189
/54321/drone001/attrs,TS2,1647875824.377063
/54321/drone001/attrs,TS2,1647875824.380821
/54321/drone001/attrs,TS2,1647875824.384529
/54321/drone001/attrs,TS2,1647875824.388140
/54321/drone001/attrs,TS2,1647875824.391860
/54321/drone001/attrs,TS2,1647875824.395587
/54321/drone001/attrs,TS2,1647875824.399207
/54321/drone001/attrs,TS2,1647875824.402864
/54321/drone001/attrs,TS2,1647875824.406511
/54321/drone001/attrs,TS2,1647875824.410215
/54321/drone001/attrs,TS2,1647875824.413873
/54321/drone001/attrs,TS2,1647875824.417585
/54321/drone001/attrs,TS2,1647875824.421211
/54321/drone001/attrs,TS2,1647875824.424930
/54321/drone001/attrs,TS2,1647875824.428602
/54321/drone001/attrs,TS2,1647875824.432240
/54321/drone001/attrs,TS2,1647875824.435891
/54321/drone001/attrs,TS2,1647875824.439557
/54321/drone001/attrs,TS2,1647875824.443176
/54321/drone001/attrs,TS2,1647875824.446915
/54321/drone001/attrs,TS2,1647875824.450545
/54321/drone001/attrs,TS2,1647875824.454210
/54321/drone001/attrs,TS2,1647875824.457845
/54321/drone001/attrs,TS2,1647875824.461551
/54321/drone001/attrs,TS2,1647875824.465153
/54321/drone001/attrs,TS2,1647875824.469434
/54321/drone001/attrs,TS2,1647875824.472432
/54321/drone001/attrs,TS2,1647875824.476120
/54321/drone001/attrs,TS2,1647875824.479787
/54321/drone001/attrs,TS2,1647875824.483515
/54321/drone001/attrs,TS2,1647875824.487111
/54321/drone001/attrs,TS2,1647875824.490839
/54321/drone001/attrs,TS2,1647875824.494439
/54321/drone001/attrs,TS2,1647875824.498003
/54321/drone001/attrs,TS2,1647875824.501777
/54321/drone001/attrs,TS2,1647875824.505504
/54321/drone001/attrs,TS2,1647875824.509177
/54321/drone001/attrs,TS2,1647875824.512820
/54321/drone001/attrs,TS2,1647875824.516380
/54321/drone001/attrs,TS2,1647875824.520125
/54321/drone001/attrs,TS2,1647875824.523774
/54321/drone001/attrs,TS2,1647875824.527409
/54321/drone001/attrs,TS2,1647875824.531108
/54321/drone001/attrs,TS2,1647875824.534650
/54321/drone001/attrs,TS2,1647875824.538246
/54321/drone001/attrs,TS2,1647875824.541737
/54321/drone001/attrs,TS2,1647875824.545579
/54321/drone001/attrs,TS2,1647875824.549327
/54321/drone001/attrs,TS2,1647875824.552993
/54321/drone001/attrs,TS2,1647875824.556710
/54321/drone001/attrs,TS2,1647875824.560399
/54321/drone001/attrs,TS2,1647875824.563967
/54321/drone001/attrs,TS2,1647875824.567569
/54321/drone001/attrs,TS2,1647875824.571238
/54321/drone001/attrs,TS2,1647875824.574906
/54321/drone001/attrs,TS2,1647875824.578585
/54321/drone001/attrs,TS2,1647875824.582267
/54321/drone001/attrs,TS2,1647875824.585934
/54321/drone001/attrs,TS2,1647875824.589418
/54321/drone001/attrs,TS2,1647875824.593274
/54321/drone001/attrs,TS2,1647875824.596938
/54321/drone001/attrs,TS2,1647875824.600603
/54321/drone001/attrs,TS2,1647875824.604297
/54321/drone001/attrs,TS2,1647875824.607984
/54321/drone001/attrs,TS2,1647875824.611726
/54321/drone001/attrs,TS2,1647875824.615307
/54321/drone001/attrs,TS2,1647875824.619078
/54321/drone001/attrs,TS2,1647875824.622729
/54321/drone001/attrs,TS2,1647875824.626333
/54321/drone001/attrs,TS2,1647875824.630024
/54321/drone001/attrs,TS2,1647875824.633572
/54321/drone001/attrs,TS2,1647875824.637390
/54321/drone001/attrs,TS2,1647875824.641190
/54321/drone001/attrs,TS2,1647875824.644699
/54321/drone001/attrs,TS2,1647875824.648326
/54321/drone001/attrs,TS2,1647875824.651967
/54321/drone001/attrs,TS2,1647875824.655637
/54321/drone001/attrs,TS2,1647875824.659406
/54321/drone001/attrs,TS2,1647875824.663039
/54321/drone001/attrs,TS2,1647875824.666693
/54321/drone001/attrs,TS2,1647875824.670415
/54321/drone001/attrs,TS2,1647875824.674130
/54321/drone001/attrs,TS2,1647875824.677775
/54321/drone001/attrs,TS2,1647875824.681423
/54321/drone001/attrs,TS2,1647875824.685150
/54321/drone001/attrs,TS2,1647875824.688754
/54321/drone001/attrs,TS2,1647875824.692512
/54321/drone001/attrs,TS2,1647875824.696067
/54321/drone001/attrs,TS2,1647875824.699791
/54321/drone001/attrs,TS2,1647875824.703524
/54321/drone001/attrs,TS2,1647875824.707153
/54321/drone001/attrs,TS2,1647875824.710895
/54321/drone001/attrs,TS2,1647875824.714590
/54321/drone001/attrs,TS2,1647875824.718270
/54321/drone001/attrs,TS2,1647875824.721932
/54321/drone001/attrs,TS2,1647875824.725617
/54321/drone001/attrs,TS2,1647875824.729872
/54321/drone001/attrs,TS2,1647875824.733038
/54321/drone001/attrs,TS2,1647875824.736690
/54321/drone001/attrs,TS2,1647875824.740255
/54321/drone001/attrs,TS2,1647875824.744036
/54321/drone001/attrs,TS2,1647875824.747629
/54321/drone001/attrs,TS2,1647875824.751368
/54321/drone001/attrs,TS2,1647875824.755032
/54321/drone001/attrs,TS2,1647875824.758652
/54321/drone001/attrs,TS2,1647875824.762394
/54321/drone001/attrs,TS2,1647875824.766086
/54321/drone001/attrs,TS2,1647875824.769697
/54321/drone001/attrs,TS2,1647875824.773374
/54321/drone001/attrs,TS2,1647875824.777106
/54321/drone001/attrs,TS2,1647875824.780804
/54321/drone001/attrs,TS2,1647875824.784355
/54321/drone001/attrs,TS2,1647875824.788073
/54321/drone001/attrs,TS2,1647875824.791810
/54321/drone001/attrs,TS2,1647875824.795440
/54321/drone001/attrs,TS2,1647875824.805647
/54321/drone001/attrs,TS2,1647875824.806377
/54321/drone001/attrs,TS2,1647875824.806512
/54321/drone001/attrs,TS2,1647875824.809563
/54321/drone001/attrs,TS2,1647875824.813012
/54321/drone001/attrs,TS2,1647875824.816638
/54321/drone001/attrs,TS2,1647875824.820336
/54321/drone001/attrs,TS2,1647875824.824054
/54321/drone001/attrs,TS2,1647875824.827693
/54321/drone001/attrs,TS2,1647875824.831155
/54321/drone001/attrs,TS2,1647875824.834925
/54321/drone001/attrs,TS2,1647875824.838701
/54321/drone001/attrs,TS2,1647875824.842374
/54321/drone001/attrs,TS2,1647875824.845952
/54321/drone001/attrs,TS2,1647875824.849764
/54321/drone001/attrs,TS2,1647875824.853270
/54321/drone001/attrs,TS2,1647875824.857189
/54321/drone001/attrs,TS2,1647875824.860815
/54321/drone001/attrs,TS2,1647875824.864451
/54321/drone001/attrs,TS2,1647875824.868212
/54321/drone001/attrs,TS2,1647875824.871906
/54321/drone001/attrs,TS2,1647875824.875559
/54321/drone001/attrs,TS2,1647875824.879314
/54321/drone001/attrs,TS2,1647875824.883007
/54321/drone001/attrs,TS2,1647875824.886703
/54321/drone001/attrs,TS2,1647875824.890064
/54321/drone001/attrs,TS2,1647875824.893711
/54321/drone001/attrs,TS2,1647875824.897788
/54321/drone001/attrs,TS2,1647875824.901522
/54321/drone001/attrs,TS2,1647875824.905187
/54321/drone001/attrs,TS2,1647875824.908942
/54321/drone001/attrs,TS2,1647875824.912625
/54321/drone001/attrs,TS2,1647875824.916192
/54321/drone001/attrs,TS2,1647875824.919930
/54321/drone001/attrs,TS2,1647875824.923591
/54321/drone001/attrs,TS2,1647875824.927279
/54321/drone001/attrs,TS2,1647875824.930904
/54321/drone001/attrs,TS2,1647875824.934580
/54321/drone001/attrs,TS2,1647875824.938188
/54321/drone001/attrs,TS2,1647875824.941970
/54321/drone001/attrs,TS2,1647875824.945609
/54321/drone001/attrs,TS2,1647875824.949336
/54321/drone001/attrs,TS2,1647875824.953023
/54321/drone001/attrs,TS2,1647875824.956714
/54321/drone001/attrs,TS2,1647875824.960256
/54321/drone001/attrs,TS2,1647875824.964037
/54321/drone001/attrs,TS2,1647875824.967685
/54321/drone001/attrs,TS2,1647875824.971424
/54321/drone001/attrs,TS2,1647875824.975037
/54321/drone001/attrs,TS2,1647875824.978603
/54321/drone001/attrs,TS2,1647875824.982289
/54321/drone001/attrs,TS2,1647875824.986027
/54321/drone001/attrs,TS2,1647875824.990227
/54321/drone001/attrs,TS2,1647875824.993305
/54321/drone001/attrs,TS2,1647875824.996962
/54321/drone001/attrs,TS2,1647875825.722
/54321/drone001/attrs,TS2,1647875825.4301
/54321/drone001/attrs,TS2,1647875825.8054
/54321/drone001/attrs,TS2,1647875825.11700
/54321/drone001/attrs,TS2,1647875825.15442
/54321/drone001/attrs,TS2,1647875825.19069
/54321/drone001/attrs,TS2,1647875825.22713
/54321/drone001/attrs,TS2,1647875825.26366
/54321/drone001/attrs,TS2,1647875825.30095
/54321/drone001/attrs,TS2,1647875825.33703
/54321/drone001/attrs,TS2,1647875825.37436
/54321/drone001/attrs,TS2,1647875825.41139
/54321/drone001/attrs,TS2,1647875825.44827
/54321/drone001/attrs,TS2,1647875825.48404
/54321/drone001/attrs,TS2,1647875825.52134
/54321/drone001/attrs,TS2,1647875825.55708
/54321/drone001/attrs,TS2,1647875825.59372
/54321/drone001/attrs,TS2,1647875825.63126
/54321/drone001/attrs,TS2,1647875825.66809
/54321/drone001/attrs,TS2,1647875825.70454
/54321/drone001/attrs,TS2,1647875825.74134
/54321/drone001/attrs,TS2,1647875825.77751
/54321/drone001/attrs,TS2,1647875825.81534
/54321/drone001/attrs,TS2,1647875825.85195
/54321/drone001/attrs,TS2,1647875825.88950
/54321/drone001/attrs,TS2,1647875825.93029
/54321/drone001/attrs,TS2,1647875825.96927
/54321/drone001/attrs,TS2,1647875825.100391
/54321/drone001/attrs,TS2,1647875825.104194
/54321/drone001/attrs,TS2,1647875825.107814
/54321/drone001/attrs,TS2,1647875825.111538
/54321/drone001/attrs,TS2,1647875825.115183
/54321/drone001/attrs,TS2,1647875825.118913
/54321/drone001/attrs,TS2,1647875825.122557
/54321/drone001/attrs,TS2,1647875825.126295
/54321/drone001/attrs,TS2,1647875825.129927
/54321/drone001/attrs,TS2,1647875825.133659
/54321/drone001/attrs,TS2,1647875825.137245
/54321/drone001/attrs,TS2,1647875825.140758
/54321/drone001/attrs,TS2,1647875825.144680
/54321/drone001/attrs,TS2,1647875825.148342
/54321/drone001/attrs,TS2,1647875825.151961
/54321/drone001/attrs,TS2,1647875825.155683
/54321/drone001/attrs,TS2,1647875825.159264
/54321/drone001/attrs,TS2,1647875825.162997
/54321/drone001/attrs,TS2,1647875825.166618
/54321/drone001/attrs,TS2,1647875825.170136
/54321/drone001/attrs,TS2,1647875825.173981
/54321/drone001/attrs,TS2,1647875825.177539
/54321/drone001/attrs,TS2,1647875825.181170
/54321/drone001/attrs,TS2,1647875825.185364
/54321/drone001/attrs,TS2,1647875825.188580
/54321/drone001/attrs,TS2,1647875825.192236
/54321/drone001/attrs,TS2,1647875825.195859
/54321/drone001/attrs,TS2,1647875825.199585
/54321/drone001/attrs,TS2,1647875825.203210
/54321/drone001/attrs,TS2,1647875825.206867
/54321/drone001/attrs,TS2,1647875825.210607
/54321/drone001/attrs,TS2,1647875825.214195
/54321/drone001/attrs,TS2,1647875825.217991
/54321/drone001/attrs,TS2,1647875825.221623
/54321/drone001/attrs,TS2,1647875825.225231
/54321/drone001/attrs,TS2,1647875825.228754
/54321/drone001/attrs,TS2,1647875825.232671
/54321/drone001/attrs,TS2,1647875825.236299
/54321/drone001/attrs,TS2,1647875825.239973
/54321/drone001/attrs,TS2,1647875825.243692
/54321/drone001/attrs,TS2,1647875825.247243
/54321/drone001/attrs,TS2,1647875825.250992
/54321/drone001/attrs,TS2,1647875825.254724
/54321/drone001/attrs,TS2,1647875825.258312
/54321/drone001/attrs,TS2,1647875825.262040
/54321/drone001/attrs,TS2,1647875825.265705
/54321/drone001/attrs,TS2,1647875825.269257
/54321/drone001/attrs,TS2,1647875825.272834
/54321/drone001/attrs,TS2,1647875825.276517
/54321/drone001/attrs,TS2,1647875825.280231
/54321/drone001/attrs,TS2,1647875825.283905
/54321/drone001/attrs,TS2,1647875825.287523
/54321/drone001/attrs,TS2,1647875825.292111
/54321/drone001/attrs,TS2,1647875825.295876
/54321/drone001/attrs,TS2,1647875825.299444
/54321/drone001/attrs,TS2,1647875825.303203
/54321/drone001/attrs,TS2,1647875825.306975
/54321/drone001/attrs,TS2,1647875825.310582
/54321/drone001/attrs,TS2,1647875825.314294
/54321/drone001/attrs,TS2,1647875825.317859
/54321/drone001/attrs,TS2,1647875825.321561
/54321/drone001/attrs,TS2,1647875825.325420
/54321/drone001/attrs,TS2,1647875825.329092
/54321/drone001/attrs,TS2,1647875825.332795
/54321/drone001/attrs,TS2,1647875825.336507
/54321/drone001/attrs,TS2,1647875825.340240
/54321/drone001/attrs,TS2,1647875825.343857
/54321/drone001/attrs,TS2,1647875825.347545
/54321/drone001/attrs,TS2,1647875825.351201
/54321/drone001/attrs,TS2,1647875825.354870
/54321/drone001/attrs,TS2,1647875825.358558
/54321/drone001/attrs,TS2,1647875825.362087
/54321/drone001/attrs,TS2,1647875825.365878
/54321/drone001/attrs,TS2,1647875825.369496
/54321/drone001/attrs,TS2,1647875825.373272
/54321/drone001/attrs,TS2,1647875825.377048
/54321/drone001/attrs,TS2,1647875825.380657
/54321/drone001/attrs,TS2,1647875825.384407
/54321/drone001/attrs,TS2,1647875825.388028
/54321/drone001/attrs,TS2,1647875825.391677
/54321/drone001/attrs,TS2,1647875825.395426
/54321/drone001/attrs,TS2,1647875825.399149
/54321/drone001/attrs,TS2,1647875825.402798
/54321/drone001/attrs,TS2,1647875825.406530
/54321/drone001/attrs,TS2,1647875825.410134
/54321/drone001/attrs,TS2,1647875825.413767
/54321/drone001/attrs,TS2,1647875825.417486
/54321/drone001/attrs,TS2,1647875825.421155
/54321/drone001/attrs,TS2,1647875825.424808
/54321/drone001/attrs,TS2,1647875825.428521
/54321/drone001/attrs,TS2,1647875825.432134
/54321/drone001/attrs,TS2,1647875825.435801
/54321/drone001/attrs,TS2,1647875825.439494
/54321/drone001/attrs,TS2,1647875825.443177
/54321/drone001/attrs,TS2,1647875825.446742
/54321/drone001/attrs,TS2,1647875825.450563
/54321/drone001/attrs,TS2,1647875825.454141
/54321/drone001/attrs,TS2,1647875825.457831
/54321/drone001/attrs,TS2,1647875825.461519
/54321/drone001/attrs,TS2,1647875825.465222
/54321/drone001/attrs,TS2,1647875825.468859
/54321/drone001/attrs,TS2,1647875825.472576
/54321/drone001/attrs,TS2,1647875825.476216
/54321/drone001/attrs,TS2,1647875825.479919
/54321/drone001/attrs,TS2,1647875825.483845
/54321/drone001/attrs,TS2,1647875825.487563
/54321/drone001/attrs,TS2,1647875825.491174
/54321/drone001/attrs,TS2,1647875825.494854
/54321/drone001/attrs,TS2,1647875825.498556
/54321/drone001/attrs,TS2,1647875825.502158
/54321/drone001/attrs,TS2,1647875825.505789
/54321/drone001/attrs,TS2,1647875825.509519
/54321/drone001/attrs,TS2,1647875825.513214
/54321/drone001/attrs,TS2,1647875825.516954
/54321/drone001/attrs,TS2,1647875825.520637
/54321/drone001/attrs,TS2,1647875825.524253
/54321/drone001/attrs,TS2,1647875825.527946
/54321/drone001/attrs,TS2,1647875825.531641
/54321/drone001/attrs,TS2,1647875825.535263
/54321/drone001/attrs,TS2,1647875825.538745
/54321/drone001/attrs,TS2,1647875825.542571
/54321/drone001/attrs,TS2,1647875825.546290
/54321/drone001/attrs,TS2,1647875825.550000
/54321/drone001/attrs,TS2,1647875825.553571
/54321/drone001/attrs,TS2,1647875825.557273
/54321/drone001/attrs,TS2,1647875825.561060
/54321/drone001/attrs,TS2,1647875825.564706
/54321/drone001/attrs,TS2,1647875825.568340
/54321/drone001/attrs,TS2,1647875825.572134
/54321/drone001/attrs,TS2,1647875825.575974
/54321/drone001/attrs,TS2,1647875825.579491
/54321/drone001/attrs,TS2,1647875825.583128
/54321/drone001/attrs,TS2,1647875825.586732
/54321/drone001/attrs,TS2,1647875825.590537
/54321/drone001/attrs,TS2,1647875825.594166
/54321/drone001/attrs,TS2,1647875825.597873
/54321/drone001/attrs,TS2,1647875825.601532
/54321/drone001/attrs,TS2,1647875825.605222
/54321/drone001/attrs,TS2,1647875825.608929
/54321/drone001/attrs,TS2,1647875825.612551
/54321/drone001/attrs,TS2,1647875825.616250
/54321/drone001/attrs,TS2,1647875825.619941
/54321/drone001/attrs,TS2,1647875825.623620
/54321/drone001/attrs,TS2,1647875825.627159
/54321/drone001/attrs,TS2,1647875825.630929
/54321/drone001/attrs,TS2,1647875825.634587
/54321/drone001/attrs,TS2,1647875825.638244
/54321/drone001/attrs,TS2,1647875825.641900
/54321/drone001/attrs,TS2,1647875825.645585
/54321/drone001/attrs,TS2,1647875825.649295
/54321/drone001/attrs,TS2,1647875825.653015
/54321/drone001/attrs,TS2,1647875825.656655
/54321/drone001/attrs,TS2,1647875825.660307
/54321/drone001/attrs,TS2,1647875825.664024
/54321/drone001/attrs,TS2,1647875825.667658
/54321/drone001/attrs,TS2,1647875825.671291
/54321/drone001/attrs,TS2,1647875825.674910
/54321/drone001/attrs,TS2,1647875825.679128
/54321/drone001/attrs,TS2,1647875825.682833
/54321/drone001/attrs,TS2,1647875825.686431
/54321/drone001/attrs,TS2,1647875825.690139
/54321/drone001/attrs,TS2,1647875825.693887
/54321/drone001/attrs,TS2,1647875825.697634
/54321/drone001/attrs,TS2,1647875825.701350
/54321/drone001/attrs,TS2,1647875825.705537
/54321/drone001/attrs,TS2,1647875825.708694
/54321/drone001/attrs,TS2,1647875825.712322
/54321/drone001/attrs,TS2,1647875825.716204
/54321/drone001/attrs,TS2,1647875825.719687
/54321/drone001/attrs,TS2,1647875825.723394
/54321/drone001/attrs,TS2,1647875825.727154
/54321/drone001/attrs,TS2,1647875825.730773
/54321/drone001/attrs,TS2,1647875825.734453
/54321/drone001/attrs,TS2,1647875825.738028
/54321/drone001/attrs,TS2,1647875825.741703
/54321/drone001/attrs,TS2,1647875825.745344
/54321/drone001/attrs,TS2,1647875825.749090
/54321/drone001/attrs,TS2,1647875825.752740
/54321/drone001/attrs,TS2,1647875825.756438
/54321/drone001/attrs,TS2,1647875825.760080
/54321/drone001/attrs,TS2,1647875825.763850
/54321/drone001/attrs,TS2,1647875825.767488
/54321/drone001/attrs,TS2,1647875825.771188
/54321/drone001/attrs,TS2,1647875825.774820
/54321/drone001/attrs,TS2,1647875825.778419
/54321/drone001/attrs,TS2,1647875825.782133
/54321/drone001/attrs,TS2,1647875825.785776
/54321/drone001/attrs,TS2,1647875825.789455
/54321/drone001/attrs,TS2,1647875825.793104
/54321/drone001/attrs,TS2,1647875825.796806
/54321/drone001/attrs,TS2,1647875825.800410
/54321/drone001/attrs,TS2,1647875825.804175
/54321/drone001/attrs,TS2,1647875825.807770
/54321/drone001/attrs,TS2,1647875825.811490
/54321/drone001/attrs,TS2,1647875825.815151
/54321/drone001/attrs,TS2,1647875825.818858
/54321/drone001/attrs,TS2,1647875825.822437
/54321/drone001/attrs,TS2,1647875825.826157
/54321/drone001/attrs,TS2,1647875825.829840
/54321/drone001/attrs,TS2,1647875825.833524
/54321/drone001/attrs,TS2,1647875825.837098
/54321/drone001/attrs,TS2,1647875825.840822
/54321/drone001/attrs,TS2,1647875825.844518
/54321/drone001/attrs,TS2,1647875825.848149
/54321/drone001/attrs,TS2,1647875825.851815
/54321/drone001/attrs,TS2,1647875825.855551
/54321/drone001/attrs,TS2,1647875825.859140
/54321/drone001/attrs,TS2,1647875825.862787
/54321/drone001/attrs,TS2,1647875825.866438
/54321/drone001/attrs,TS2,1647875825.870180
/54321/drone001/attrs,TS2,1647875825.874185
/54321/drone001/attrs,TS2,1647875825.877896
/54321/drone001/attrs,TS2,1647875825.881774
/54321/drone001/attrs,TS2,1647875825.885443
/54321/drone001/attrs,TS2,1647875825.889092
/54321/drone001/attrs,TS2,1647875825.892576
/54321/drone001/attrs,TS2,1647875825.896173
/54321/drone001/attrs,TS2,1647875825.900866
/54321/drone001/attrs,TS2,1647875825.903683
/54321/drone001/attrs,TS2,1647875825.907131
/54321/drone001/attrs,TS2,1647875825.910865
/54321/drone001/attrs,TS2,1647875825.914572
/54321/drone001/attrs,TS2,1647875825.918233
/54321/drone001/attrs,TS2,1647875825.921847
/54321/drone001/attrs,TS2,1647875825.925517
/54321/drone001/attrs,TS2,1647875825.929204
/54321/drone001/attrs,TS2,1647875825.932876
/54321/drone001/attrs,TS2,1647875825.936487
/54321/drone001/attrs,TS2,1647875825.940165
/54321/drone001/attrs,TS2,1647875825.943813
/54321/drone001/attrs,TS2,1647875825.947527
/54321/drone001/attrs,TS2,1647875825.951205
/54321/drone001/attrs,TS2,1647875825.954899
/54321/drone001/attrs,TS2,1647875825.958498
/54321/drone001/attrs,TS2,1647875825.962196
/54321/drone001/attrs,TS2,1647875825.966413
/54321/drone001/attrs,TS2,1647875825.969553
/54321/drone001/attrs,TS2,1647875825.973260
/54321/drone001/attrs,TS2,1647875825.976944
/54321/drone001/attrs,TS2,1647875825.980597
/54321/drone001/attrs,TS2,1647875825.984175
/54321/drone001/attrs,TS2,1647875825.987753
/54321/drone001/attrs,TS2,1647875825.991609
/54321/drone001/attrs,TS2,1647875825.995259
/54321/drone001/attrs,TS2,1647875825.998936
/54321/drone001/attrs,TS2,1647875826.2719
/54321/drone001/attrs,TS2,1647875826.6309
/54321/drone001/attrs,TS2,1647875826.10014
/54321/drone001/attrs,TS2,1647875826.13720
/54321/drone001/attrs,TS2,1647875826.17323
/54321/drone001/attrs,TS2,1647875826.21033
/54321/drone001/attrs,TS2,1647875826.24738
/54321/drone001/attrs,TS2,1647875826.28321
/54321/drone001/attrs,TS2,1647875826.31817
/54321/drone001/attrs,TS2,1647875826.35295
/54321/drone001/attrs,TS2,1647875826.39092
/54321/drone001/attrs,TS2,1647875826.42772
/54321/drone001/attrs,TS2,1647875826.46421
/54321/drone001/attrs,TS2,1647875826.50127
/54321/drone001/attrs,TS2,1647875826.53836
/54321/drone001/attrs,TS2,1647875826.57486
/54321/drone001/attrs,TS2,1647875826.61047
/54321/drone001/attrs,TS2,1647875826.64724
/54321/drone001/attrs,TS2,1647875826.68503
/54321/drone001/attrs,TS2,1647875826.72156
/54321/drone001/attrs,TS2,1647875826.75849
/54321/drone001/attrs,TS2,1647875826.79384
/54321/drone001/attrs,TS2,1647875826.83064
/54321/drone001/attrs,TS2,1647875826.86825
/54321/drone001/attrs,TS2,1647875826.90577
/54321/drone001/attrs,TS2,1647875826.94212
/54321/drone001/attrs,TS2,1647875826.97869
/54321/drone001/attrs,TS2,1647875826.101601
/54321/drone001/attrs,TS2,1647875826.105119
/54321/drone001/attrs,TS2,1647875826.108918
/54321/drone001/attrs,TS2,1647875826.112535
/54321/drone001/attrs,TS2,1647875826.116054
/54321/drone001/attrs,TS2,1647875826.119731
/54321/drone001/attrs,TS2,1647875826.123335
/54321/drone001/attrs,TS2,1647875826.126952
/54321/drone001/attrs,TS2,1647875826.130611
/54321/drone001/attrs,TS2,1647875826.134769
/54321/drone001/attrs,TS2,1647875826.138295
/54321/drone001/attrs,TS2,1647875826.141882
/54321/drone001/attrs,TS2,1647875826.145541
/54321/drone001/attrs,TS2,1647875826.149153
/54321/drone001/attrs,TS2,1647875826.152762
/54321/drone001/attrs,TS2,1647875826.156371
/54321/drone001/attrs,TS2,1647875826.159988
/54321/drone001/attrs,TS2,1647875826.163602
/54321/drone001/attrs,TS2,1647875826.167268
/54321/drone001/attrs,TS2,1647875826.170982
/54321/drone001/attrs,TS2,1647875826.174592
/54321/drone001/attrs,TS2,1647875826.178185
/54321/drone001/attrs,TS2,1647875826.181734
/54321/drone001/attrs,TS2,1647875826.185344
/54321/drone001/attrs,TS2,1647875826.189062
/54321/drone001/attrs,TS2,1647875826.192657
/54321/drone001/attrs,TS2,1647875826.196222
/54321/drone001/attrs,TS2,1647875826.199872
/54321/drone001/attrs,TS2,1647875826.203578
/54321/drone001/attrs,TS2,1647875826.207100
/54321/drone001/attrs,TS2,1647875826.210918
/54321/drone001/attrs,TS2,1647875826.214330
/54321/drone001/attrs,TS2,1647875826.218077
/54321/drone001/attrs,TS2,1647875826.221612
/54321/drone001/attrs,TS2,1647875826.225356
/54321/drone001/attrs,TS2,1647875826.228866
/54321/drone001/attrs,TS2,1647875826.232550
/54321/drone001/attrs,TS2,1647875826.236115
/54321/drone001/attrs,TS2,1647875826.239825
/54321/drone001/attrs,TS2,1647875826.243491
/54321/drone001/attrs,TS2,1647875826.247090
/54321/drone001/attrs,TS2,1647875826.250722
/54321/drone001/attrs,TS2,1647875826.254339
/54321/drone001/attrs,TS2,1647875826.257832
/54321/drone001/attrs,TS2,1647875826.261773
/54321/drone001/attrs,TS2,1647875826.265313
/54321/drone001/attrs,TS2,1647875826.268728
/54321/drone001/attrs,TS2,1647875826.272366
/54321/drone001/attrs,TS2,1647875826.275979
/54321/drone001/attrs,TS2,1647875826.279503
/54321/drone001/attrs,TS2,1647875826.283112
/54321/drone001/attrs,TS2,1647875826.286616
/54321/drone001/attrs,TS2,1647875826.290260
/54321/drone001/attrs,TS2,1647875826.293846
/54321/drone001/attrs,TS2,1647875826.297505
/54321/drone001/attrs,TS2,1647875826.300986
/54321/drone001/attrs,TS2,1647875826.304682
/54321/drone001/attrs,TS2,1647875826.308330
/54321/drone001/attrs,TS2,1647875826.312001
/54321/drone001/attrs,TS2,1647875826.315491
/54321/drone001/attrs,TS2,1647875826.318971
/54321/drone001/attrs,TS2,1647875826.322681
/54321/drone001/attrs,TS2,1647875826.326529
/54321/drone001/attrs,TS2,1647875826.330103
/54321/drone001/attrs,TS2,1647875826.333988
/54321/drone001/attrs,TS2,1647875826.337675
/54321/drone001/attrs,TS2,1647875826.341346
/54321/drone001/attrs,TS2,1647875826.344840
/54321/drone001/attrs,TS2,1647875826.348708
/54321/drone001/attrs,TS2,1647875826.352354
/54321/drone001/attrs,TS2,1647875826.356568
/54321/drone001/attrs,TS2,1647875826.359669
/54321/drone001/attrs,TS2,1647875826.363329
/54321/drone001/attrs,TS2,1647875826.366988
/54321/drone001/attrs,TS2,1647875826.370678
/54321/drone001/attrs,TS2,1647875826.374310
/54321/drone001/attrs,TS2,1647875826.377979
/54321/drone001/attrs,TS2,1647875826.381737
/54321/drone001/attrs,TS2,1647875826.385298
/54321/drone001/attrs,TS2,1647875826.389100
/54321/drone001/attrs,TS2,1647875826.392801
/54321/drone001/attrs,TS2,1647875826.396419
/54321/drone001/attrs,TS2,1647875826.400024
/54321/drone001/attrs,TS2,1647875826.403684
/54321/drone001/attrs,TS2,1647875826.407373
/54321/drone001/attrs,TS2,1647875826.411062
/54321/drone001/attrs,TS2,1647875826.414779
/54321/drone001/attrs,TS2,1647875826.418237
/54321/drone001/attrs,TS2,1647875826.422035
/54321/drone001/attrs,TS2,1647875826.425701
/54321/drone001/attrs,TS2,1647875826.429393
/54321/drone001/attrs,TS2,1647875826.433107
/54321/drone001/attrs,TS2,1647875826.436674
/54321/drone001/attrs,TS2,1647875826.440283
/54321/drone001/attrs,TS2,1647875826.444112
/54321/drone001/attrs,TS2,1647875826.447803
/54321/drone001/attrs,TS2,1647875826.451344
/54321/drone001/attrs,TS2,1647875826.455020
/54321/drone001/attrs,TS2,1647875826.458671
/54321/drone001/attrs,TS2,1647875826.462292
/54321/drone001/attrs,TS2,1647875826.466135
/54321/drone001/attrs,TS2,1647875826.469717
/54321/drone001/attrs,TS2,1647875826.473485
/54321/drone001/attrs,TS2,1647875826.477146
/54321/drone001/attrs,TS2,1647875826.480853
/54321/drone001/attrs,TS2,1647875826.484644
/54321/drone001/attrs,TS2,1647875826.488101
/54321/drone001/attrs,TS2,1647875826.491846
/54321/drone001/attrs,TS2,1647875826.495430
/54321/drone001/attrs,TS2,1647875826.499121
/54321/drone001/attrs,TS2,1647875826.502901
/54321/drone001/attrs,TS2,1647875826.506481
/54321/drone001/attrs,TS2,1647875826.509994
/54321/drone001/attrs,TS2,1647875826.513410
/54321/drone001/attrs,TS2,1647875826.516983
/54321/drone001/attrs,TS2,1647875826.520353
/54321/drone001/attrs,TS2,1647875826.524043
/54321/drone001/attrs,TS2,1647875826.527792
/54321/drone001/attrs,TS2,1647875826.531335
/54321/drone001/attrs,TS2,1647875826.535072
/54321/drone001/attrs,TS2,1647875826.538724
/54321/drone001/attrs,TS2,1647875826.542327
/54321/drone001/attrs,TS2,1647875826.546073
/54321/drone001/attrs,TS2,1647875826.549766
/54321/drone001/attrs,TS2,1647875826.553443
/54321/drone001/attrs,TS2,1647875826.557101
/54321/drone001/attrs,TS2,1647875826.560955
/54321/drone001/attrs,TS2,1647875826.564537
/54321/drone001/at1647875826: Client tester-pub closed its connection.
1647875858: Client iotaul_99adb9b9 closed its connection.
1647875862: mosquitto version 2.0.14 terminating
trs,TS2,1647875826.568247
/54321/drone001/attrs,TS2,1647875826.571839
/54321/drone001/attrs,TS2,1647875826.575571
/54321/drone001/attrs,TS2,1647875826.579214
/54321/drone001/attrs,TS2,1647875826.582923
/54321/drone001/attrs,TS2,1647875826.586504
/54321/drone001/attrs,TS2,1647875826.590639
/54321/drone001/attrs,TS2,1647875826.594288
/54321/drone001/attrs,TS2,1647875826.597969
/54321/drone001/attrs,TS2,1647875826.601686
/54321/drone001/attrs,TS2,1647875826.605307
/54321/drone001/attrs,TS2,1647875826.609073
/54321/drone001/attrs,TS2,1647875826.612717
/54321/drone001/attrs,TS2,1647875826.617040
/54321/drone001/attrs,TS2,1647875826.619983
/54321/drone001/attrs,TS2,1647875826.623599
/54321/drone001/attrs,TS2,1647875826.627117
/54321/drone001/attrs,TS2,1647875826.630814
/54321/drone001/attrs,TS2,1647875826.634530
/54321/drone001/attrs,TS2,1647875826.638108
/54321/drone001/attrs,TS2,1647875826.641680
/54321/drone001/attrs,TS2,1647875826.645499
/54321/drone001/attrs,TS2,1647875826.649238
/54321/drone001/attrs,TS2,1647875826.652942
/54321/drone001/attrs,TS2,1647875826.656595
/54321/drone001/attrs,TS2,1647875826.660262
/54321/drone001/attrs,TS2,1647875826.663876
/54321/drone001/attrs,TS2,1647875826.667549
/54321/drone001/attrs,TS2,1647875826.671264
/54321/drone001/attrs,TS2,1647875826.674868
/54321/drone001/attrs,TS2,1647875826.678552
/54321/drone001/attrs,TS2,1647875826.682270
/54321/drone001/attrs,TS2,1647875826.686019
/54321/drone001/attrs,TS2,1647875826.689502
/54321/drone001/attrs,TS2,1647875826.693216
/54321/drone001/attrs,TS2,1647875826.696881
/54321/drone001/attrs,TS2,1647875826.700660
/54321/drone001/attrs,TS2,1647875826.704268
/54321/drone001/attrs,TS2,1647875826.708004
/54321/drone001/attrs,TS2,1647875826.711626
/54321/drone001/attrs,TS2,1647875826.715215
/54321/drone001/attrs,TS2,1647875826.718870
/54321/drone001/attrs,TS2,1647875826.722606
/54321/drone001/attrs,TS2,1647875826.726238
/54321/drone001/attrs,TS2,1647875826.729889
/54321/drone001/attrs,TS2,1647875826.733674
/54321/drone001/attrs,TS2,1647875826.737166
/54321/drone001/attrs,TS2,1647875826.740921
/54321/drone001/attrs,TS2,1647875826.744696
/54321/drone001/attrs,TS2,1647875826.748263
/54321/drone001/attrs,TS2,1647875826.751973
/54321/drone001/attrs,TS2,1647875826.755665
/54321/drone001/attrs,TS2,1647875826.759361
/54321/drone001/attrs,TS2,1647875826.762963
/54321/drone001/attrs,TS2,1647875826.766627
/54321/drone001/attrs,TS2,1647875826.770272
/54321/drone001/attrs,TS2,1647875826.774007
/54321/drone001/attrs,TS2,1647875826.777514
/54321/drone001/attrs,TS2,1647875826.781393
/54321/drone001/attrs,TS2,1647875826.785099
/54321/drone001/attrs,TS2,1647875826.789671
/54321/drone001/attrs,TS2,1647875826.793336
/54321/drone001/attrs,TS2,1647875826.797004
/54321/drone001/attrs,TS2,1647875826.800701
/54321/drone001/attrs,TS2,1647875826.804358
/54321/drone001/attrs,TS2,1647875826.808037
/54321/drone001/attrs,TS2,1647875826.812232
/54321/drone001/attrs,TS2,1647875826.815137
