1647877505: Warning: Unable to drop privileges to 'mosquitto' because this user does not exist. Trying 'nobody' instead.
1647877505: mosquitto version 2.0.14 starting
1647877505: Config loaded from /etc/mosquitto/mosquitto.conf.
1647877505: Opening ipv4 listen socket on port 1883.
1647877505: Opening ipv6 listen socket on port 1883.
1647877505: mosquitto version 2.0.14 running
1647877525: New connection from 130.188.160.11:50266 on port 1883.
1647877525: New client connected from 130.188.160.11:50266 as iotaul_2a3a23ba (p2, c1, k60, u'px4').
1647877559: New connection from 130.188.160.13:33369 on port 1883.
1647877559: New client connected from 130.188.160.13:33369 as tester-pub (p2, c1, k60, u'px4').
TS2.1,1647877525.531178
/54321/drone001/attrs,TS2,1647877559.938268
/54321/drone001/attrs,TS2,1647877559.946190
/54321/drone001/attrs,TS2,1647877559.954539
/54321/drone001/attrs,TS2,1647877559.963027
/54321/drone001/attrs,TS2,1647877559.971598
/54321/drone001/attrs,TS2,1647877559.980206
/54321/drone001/attrs,TS2,1647877559.988762
/54321/drone001/attrs,TS2,1647877559.997219
/54321/drone001/attrs,TS2,1647877560.5779
/54321/drone001/attrs,TS2,1647877560.14577
/54321/drone001/attrs,TS2,1647877560.22754
/54321/drone001/attrs,TS2,1647877560.31156
/54321/drone001/attrs,TS2,1647877560.39753
/54321/drone001/attrs,TS2,1647877560.48400
/54321/drone001/attrs,TS2,1647877560.56821
/54321/drone001/attrs,TS2,1647877560.65570
/54321/drone001/attrs,TS2,1647877560.74139
/54321/drone001/attrs,TS2,1647877560.82725
/54321/drone001/attrs,TS2,1647877560.91240
/54321/drone001/attrs,TS2,1647877560.99746
/54321/drone001/attrs,TS2,1647877560.108303
/54321/drone001/attrs,TS2,1647877560.116967
/54321/drone001/attrs,TS2,1647877560.125511
/54321/drone001/attrs,TS2,1647877560.134058
/54321/drone001/attrs,TS2,1647877560.142635
/54321/drone001/attrs,TS2,1647877560.151016
/54321/drone001/attrs,TS2,1647877560.159539
/54321/drone001/attrs,TS2,1647877560.168055
/54321/drone001/attrs,TS2,1647877560.176678
/54321/drone001/attrs,TS2,1647877560.185259
/54321/drone001/attrs,TS2,1647877560.193881
/54321/drone001/attrs,TS2,1647877560.202516
/54321/drone001/attrs,TS2,1647877560.211080
/54321/drone001/attrs,TS2,1647877560.219640
/54321/drone001/attrs,TS2,1647877560.228702
/54321/drone001/attrs,TS2,1647877560.236809
/54321/drone001/attrs,TS2,1647877560.245344
/54321/drone001/attrs,TS2,1647877560.253837
/54321/drone001/attrs,TS2,1647877560.262562
/54321/drone001/attrs,TS2,1647877560.271168
/54321/drone001/attrs,TS2,1647877560.279678
/54321/drone001/attrs,TS2,1647877560.288106
/54321/drone001/attrs,TS2,1647877560.296565
/54321/drone001/attrs,TS2,1647877560.305257
/54321/drone001/attrs,TS2,1647877560.313865
/54321/drone001/attrs,TS2,1647877560.322358
/54321/drone001/attrs,TS2,1647877560.330965
/54321/drone001/attrs,TS2,1647877560.339351
/54321/drone001/attrs,TS2,1647877560.348003
/54321/drone001/attrs,TS2,1647877560.356607
/54321/drone001/attrs,TS2,1647877560.365172
/54321/drone001/attrs,TS2,1647877560.373702
/54321/drone001/attrs,TS2,1647877560.382246
/54321/drone001/attrs,TS2,1647877560.390814
/54321/drone001/attrs,TS2,1647877560.399276
/54321/drone001/attrs,TS2,1647877560.407625
/54321/drone001/attrs,TS2,1647877560.416111
/54321/drone001/attrs,TS2,1647877560.424795
/54321/drone001/attrs,TS2,1647877560.433103
/54321/drone001/attrs,TS2,1647877560.441629
/54321/drone001/attrs,TS2,1647877560.450024
/54321/drone001/attrs,TS2,1647877560.458544
/54321/drone001/attrs,TS2,1647877560.466960
/54321/drone001/attrs,TS2,1647877560.475301
/54321/drone001/attrs,TS2,1647877560.483896
/54321/drone001/attrs,TS2,1647877560.492445
/54321/drone001/attrs,TS2,1647877560.500879
/54321/drone001/attrs,TS2,1647877560.509429
/54321/drone001/attrs,TS2,1647877560.517825
/54321/drone001/attrs,TS2,1647877560.526318
/54321/drone001/attrs,TS2,1647877560.534993
/54321/drone001/attrs,TS2,1647877560.543610
/54321/drone001/attrs,TS2,1647877560.551939
/54321/drone001/attrs,TS2,1647877560.560551
/54321/drone001/attrs,TS2,1647877560.568928
/54321/drone001/attrs,TS2,1647877560.577494
/54321/drone001/attrs,TS2,1647877560.586224
/54321/drone001/attrs,TS2,1647877560.594659
/54321/drone001/attrs,TS2,1647877560.603308
/54321/drone001/attrs,TS2,1647877560.611936
/54321/drone001/attrs,TS2,1647877560.620534
/54321/drone001/attrs,TS2,1647877560.629119
/54321/drone001/attrs,TS2,1647877560.637624
/54321/drone001/attrs,TS2,1647877560.646252
/54321/drone001/attrs,TS2,1647877560.654861
/54321/drone001/attrs,TS2,1647877560.663434
/54321/drone001/attrs,TS2,1647877560.671996
/54321/drone001/attrs,TS2,1647877560.680570
/54321/drone001/attrs,TS2,1647877560.689194
/54321/drone001/attrs,TS2,1647877560.697682
/54321/drone001/attrs,TS2,1647877560.706276
/54321/drone001/attrs,TS2,1647877560.714864
/54321/drone001/attrs,TS2,1647877560.723590
/54321/drone001/attrs,TS2,1647877560.731999
/54321/drone001/attrs,TS2,1647877560.750388
/54321/drone001/attrs,TS2,1647877560.750999
/54321/drone001/attrs,TS2,1647877560.757439
/54321/drone001/attrs,TS2,1647877560.766170
/54321/drone001/attrs,TS2,1647877560.774723
/54321/drone001/attrs,TS2,1647877560.783310
/54321/drone001/attrs,TS2,1647877560.791845
/54321/drone001/attrs,TS2,1647877560.800499
/54321/drone001/attrs,TS2,1647877560.810095
/54321/drone001/attrs,TS2,1647877560.817456
/54321/drone001/attrs,TS2,1647877560.826153
/54321/drone001/attrs,TS2,1647877560.834700
/54321/drone001/attrs,TS2,1647877560.843205
/54321/drone001/attrs,TS2,1647877560.851794
/54321/drone001/attrs,TS2,1647877560.860322
/54321/drone001/attrs,TS2,1647877560.868930
/54321/drone001/attrs,TS2,1647877560.877492
/54321/drone001/attrs,TS2,1647877560.886079
/54321/drone001/attrs,TS2,1647877560.894560
/54321/drone001/attrs,TS2,1647877560.903091
/54321/drone001/attrs,TS2,1647877560.911674
/54321/drone001/attrs,TS2,1647877560.920179
/54321/drone001/attrs,TS2,1647877560.928805
/54321/drone001/attrs,TS2,1647877560.937367
/54321/drone001/attrs,TS2,1647877560.946639
/54321/drone001/attrs,TS2,1647877560.954488
/54321/drone001/attrs,TS2,1647877560.963147
/54321/drone001/attrs,TS2,1647877560.971498
/54321/drone001/attrs,TS2,1647877560.980261
/54321/drone001/attrs,TS2,1647877560.988792
/54321/drone001/attrs,TS2,1647877560.997342
/54321/drone001/attrs,TS2,1647877561.6006
/54321/drone001/attrs,TS2,1647877561.14525
/54321/drone001/attrs,TS2,1647877561.23074
/54321/drone001/attrs,TS2,1647877561.31666
/54321/drone001/attrs,TS2,1647877561.40187
/54321/drone001/attrs,TS2,1647877561.48779
/54321/drone001/attrs,TS2,1647877561.57312
/54321/drone001/attrs,TS2,1647877561.65874
/54321/drone001/attrs,TS2,1647877561.74429
/54321/drone001/attrs,TS2,1647877561.82929
/54321/drone001/attrs,TS2,1647877561.91551
/54321/drone001/attrs,TS2,1647877561.100090
/54321/drone001/attrs,TS2,1647877561.108635
/54321/drone001/attrs,TS2,1647877561.117169
/54321/drone001/attrs,TS2,1647877561.125773
/54321/drone001/attrs,TS2,1647877561.134376
/54321/drone001/attrs,TS2,1647877561.142835
/54321/drone001/attrs,TS2,1647877561.151479
/54321/drone001/attrs,TS2,1647877561.160041
/54321/drone001/attrs,TS2,1647877561.168529
/54321/drone001/attrs,TS2,1647877561.177220
/54321/drone001/attrs,TS2,1647877561.185324
/54321/drone001/attrs,TS2,1647877561.194097
/54321/drone001/attrs,TS2,1647877561.202764
/54321/drone001/attrs,TS2,1647877561.211348
/54321/drone001/attrs,TS2,1647877561.219996
/54321/drone001/attrs,TS2,1647877561.228367
/54321/drone001/attrs,TS2,1647877561.237062
/54321/drone001/attrs,TS2,1647877561.245575
/54321/drone001/attrs,TS2,1647877561.254240
/54321/drone001/attrs,TS2,1647877561.262744
/54321/drone001/attrs,TS2,1647877561.271894
/54321/drone001/attrs,TS2,1647877561.279881
/54321/drone001/attrs,TS2,1647877561.288395
/54321/drone001/attrs,TS2,1647877561.297059
/54321/drone001/attrs,TS2,1647877561.305569
/54321/drone001/attrs,TS2,1647877561.314265
/54321/drone001/attrs,TS2,1647877561.322707
/54321/drone001/attrs,TS2,1647877561.331433
/54321/drone001/attrs,TS2,1647877561.340033
/54321/drone001/attrs,TS2,1647877561.348582
/54321/drone001/attrs,TS2,1647877561.357126
/54321/drone001/attrs,TS2,1647877561.365701
/54321/drone001/attrs,TS2,1647877561.374233
/54321/drone001/attrs,TS2,1647877561.382739
/54321/drone001/attrs,TS2,1647877561.391082
/54321/drone001/attrs,TS2,1647877561.399939
/54321/drone001/attrs,TS2,1647877561.408531
/54321/drone001/attrs,TS2,1647877561.417097
/54321/drone001/attrs,TS2,1647877561.425538
/54321/drone001/attrs,TS2,1647877561.434052
/54321/drone001/attrs,TS2,1647877561.442926
/54321/drone001/attrs,TS2,1647877561.451552
/54321/drone001/attrs,TS2,1647877561.460036
/54321/drone001/attrs,TS2,1647877561.468521
/54321/drone001/attrs,TS2,1647877561.477157
/54321/drone001/attrs,TS2,1647877561.485779
/54321/drone001/attrs,TS2,1647877561.494241
/54321/drone001/attrs,TS2,1647877561.502765
/54321/drone001/attrs,TS2,1647877561.511328
/54321/drone001/attrs,TS2,1647877561.519618
/54321/drone001/attrs,TS2,1647877561.528425
/54321/drone001/attrs,TS2,1647877561.537095
/54321/drone001/attrs,TS2,1647877561.545709
/54321/drone001/attrs,TS2,1647877561.554203
/54321/drone001/attrs,TS2,1647877561.562728
/54321/drone001/attrs,TS2,1647877561.571023
/54321/drone001/attrs,TS2,1647877561.579880
/54321/drone001/attrs,TS2,1647877561.588495
/54321/drone001/attrs,TS2,1647877561.597322
/54321/drone001/attrs,TS2,1647877561.605554
/54321/drone001/attrs,TS2,1647877561.614149
/54321/drone001/attrs,TS2,1647877561.622618
/54321/drone001/attrs,TS2,1647877561.631261
/54321/drone001/attrs,TS2,1647877561.639800
/54321/drone001/attrs,TS2,1647877561.648271
/54321/drone001/attrs,TS2,1647877561.656853
/54321/drone001/attrs,TS2,1647877561.665433
/54321/drone001/attrs,TS2,1647877561.674036
/54321/drone001/attrs,TS2,1647877561.682360
/54321/drone001/attrs,TS2,1647877561.691222
/54321/drone001/attrs,TS2,1647877561.699751
/54321/drone001/attrs,TS2,1647877561.708388
/54321/drone001/attrs,TS2,1647877561.717009
/54321/drone001/attrs,TS2,1647877561.725487
/54321/drone001/attrs,TS2,1647877561.733888
/54321/drone001/attrs,TS2,1647877561.742594
/54321/drone001/attrs,TS2,1647877561.751215
/54321/drone001/attrs,TS2,1647877561.759880
/54321/drone001/attrs,TS2,1647877561.768605
/54321/drone001/attrs,TS2,1647877561.777263
/54321/drone001/attrs,TS2,1647877561.785845
/54321/drone001/attrs,TS2,1647877561.794315
/54321/drone001/attrs,TS2,1647877561.802902
/54321/drone001/attrs,TS2,1647877561.811138
/54321/drone001/attrs,TS2,1647877561.819958
/54321/drone001/attrs,TS2,1647877561.828513
/54321/drone001/attrs,TS2,1647877561.837026
/54321/drone001/attrs,TS2,1647877561.845686
/54321/drone001/attrs,TS2,1647877561.854029
/54321/drone001/attrs,TS2,1647877561.862768
/54321/drone001/attrs,TS2,1647877561.871181
/54321/drone001/attrs,TS2,1647877561.879975
/54321/drone001/attrs,TS2,1647877561.888531
/54321/drone001/attrs,TS2,1647877561.897172
/54321/drone001/attrs,TS2,1647877561.905666
/54321/drone001/attrs,TS2,1647877561.914176
/54321/drone001/attrs,TS2,1647877561.923450
/54321/drone001/attrs,TS2,1647877561.931320
/54321/drone001/attrs,TS2,1647877561.939865
/54321/drone001/attrs,TS2,1647877561.948445
/54321/drone001/attrs,TS2,1647877561.957043
/54321/drone001/attrs,TS2,1647877561.965679
/54321/drone001/attrs,TS2,1647877561.974203
/54321/drone001/attrs,TS2,1647877561.982885
/54321/drone001/attrs,TS2,1647877561.991388
/54321/drone001/attrs,TS2,1647877561.999928
/54321/drone001/attrs,TS2,1647877562.8503
/54321/drone001/attrs,TS2,1647877562.17086
/54321/drone001/attrs,TS2,1647877562.25586
/54321/drone001/attrs,TS2,1647877562.34099
/54321/drone001/attrs,TS2,1647877562.42740
/54321/drone001/attrs,TS2,1647877562.51325
/54321/drone001/attrs,TS2,1647877562.59904
/54321/drone001/attrs,TS2,1647877562.68434
/54321/drone001/attrs,TS2,1647877562.77052
/54321/drone001/attrs,TS2,1647877562.85559
/54321/drone001/attrs,TS2,1647877562.94144
/54321/drone001/attrs,TS2,1647877562.102675
/54321/drone001/attrs,TS2,1647877562.111218
/54321/drone001/attrs,TS2,1647877562.119723
/54321/drone001/attrs,TS2,1647877562.128377
/54321/drone001/attrs,TS2,1647877562.136999
/54321/drone001/attrs,TS2,1647877562.145518
/54321/drone001/attrs,TS2,1647877562.154099
/54321/drone001/attrs,TS2,1647877562.162686
/54321/drone001/attrs,TS2,1647877562.171239
/54321/drone001/attrs,TS2,1647877562.179753
/54321/drone001/attrs,TS2,1647877562.188337
/54321/drone001/attrs,TS2,1647877562.196936
/54321/drone001/attrs,TS2,1647877562.205538
/54321/drone001/attrs,TS2,1647877562.214111
/54321/drone001/attrs,TS2,1647877562.222664
/54321/drone001/attrs,TS2,1647877562.231166
/54321/drone001/attrs,TS2,1647877562.239732
/54321/drone001/attrs,TS2,1647877562.248982
/54321/drone001/attrs,TS2,1647877562.256853
/54321/drone001/attrs,TS2,1647877562.265416
/54321/drone001/attrs,TS2,1647877562.273980
/54321/drone001/attrs,TS2,1647877562.282591
/54321/drone001/attrs,TS2,1647877562.291162
/54321/drone001/attrs,TS2,1647877562.299655
/54321/drone001/attrs,TS2,1647877562.308213
/54321/drone001/attrs,TS2,1647877562.316808
/54321/drone001/attrs,TS2,1647877562.325360
/54321/drone001/attrs,TS2,1647877562.333925
/54321/drone001/attrs,TS2,1647877562.342537
/54321/drone001/attrs,TS2,1647877562.351053
/54321/drone001/attrs,TS2,1647877562.359627
/54321/drone001/attrs,TS2,1647877562.368136
/54321/drone001/attrs,TS2,1647877562.376755
/54321/drone001/attrs,TS2,1647877562.385346
/54321/drone001/attrs,TS2,1647877562.393972
/54321/drone001/attrs,TS2,1647877562.402528
/54321/drone001/attrs,TS2,1647877562.411132
/54321/drone001/attrs,TS2,1647877562.419692
/54321/drone001/attrs,TS2,1647877562.428263
/54321/drone001/attrs,TS2,1647877562.436823
/54321/drone001/attrs,TS2,1647877562.445327
/54321/drone001/attrs,TS2,1647877562.453975
/54321/drone001/attrs,TS2,1647877562.462559
/54321/drone001/attrs,TS2,1647877562.471119
/54321/drone001/attrs,TS2,1647877562.479682
/54321/drone001/attrs,TS2,1647877562.488206
/54321/drone001/attrs,TS2,1647877562.496760
/54321/drone001/attrs,TS2,1647877562.505325
/54321/drone001/attrs,TS2,1647877562.513922
/54321/drone001/attrs,TS2,1647877562.522524
/54321/drone001/attrs,TS2,1647877562.531118
/54321/drone001/attrs,TS2,1647877562.539704
/54321/drone001/attrs,TS2,1647877562.548239
/54321/drone001/attrs,TS2,1647877562.556861
/54321/drone001/attrs,TS2,1647877562.565386
/54321/drone001/attrs,TS2,1647877562.574634
/54321/drone001/attrs,TS2,1647877562.582609
/54321/drone001/attrs,TS2,1647877562.591140
/54321/drone001/attrs,TS2,1647877562.599636
/54321/drone001/attrs,TS2,1647877562.608266
/54321/drone001/attrs,TS2,1647877562.616887
/54321/drone001/attrs,TS2,1647877562.625354
/54321/drone001/attrs,TS2,1647877562.633986
/54321/drone001/attrs,TS2,1647877562.642967
/54321/drone001/attrs,TS2,1647877562.651385
/54321/drone001/attrs,TS2,1647877562.659912
/54321/drone001/attrs,TS2,1647877562.668490
/54321/drone001/attrs,TS2,1647877562.677659
/54321/drone001/attrs,TS2,1647877562.685505
/54321/drone001/attrs,TS2,1647877562.694076
/54321/drone001/attrs,TS2,1647877562.702690
/54321/drone001/attrs,TS2,1647877562.711238
/54321/drone001/attrs,TS2,1647877562.719827
/54321/drone001/attrs,TS2,1647877562.728338
/54321/drone001/attrs,TS2,1647877562.736935
/54321/drone001/attrs,TS2,1647877562.745516
/54321/drone001/attrs,TS2,1647877562.754031
/54321/drone001/attrs,TS2,1647877562.762686
/54321/drone001/attrs,TS2,1647877562.771015
/54321/drone001/attrs,TS2,1647877562.779605
/54321/drone001/attrs,TS2,1647877562.788217
/54321/drone001/attrs,TS2,1647877562.796769
/54321/drone001/attrs,TS2,1647877562.805303
/54321/drone001/attrs,TS2,1647877562.813736
/54321/drone001/attrs,TS2,1647877562.822536
/54321/drone001/attrs,TS2,1647877562.831081
/54321/drone001/attrs,TS2,1647877562.839602
/54321/drone001/attrs,TS2,1647877562.848192
/54321/drone001/attrs,TS2,1647877562.856780
/54321/drone001/attrs,TS2,1647877562.865446
/54321/drone001/attrs,TS2,1647877562.873892
/54321/drone001/attrs,TS2,1647877562.882605
/54321/drone001/attrs,TS2,1647877562.891140
/54321/drone001/attrs,TS2,1647877562.900291
/54321/drone001/attrs,TS2,1647877562.908379
/54321/drone001/attrs,TS2,1647877562.916969
/54321/drone001/attrs,TS2,1647877562.925486
/54321/drone001/attrs,TS2,1647877562.934119
/54321/drone001/attrs,TS2,1647877562.942677
/54321/drone001/attrs,TS2,1647877562.951269
/54321/drone001/attrs,TS2,1647877562.959815
/54321/drone001/attrs,TS2,1647877562.968490
/54321/drone001/attrs,TS2,1647877562.976836
/54321/drone001/attrs,TS2,1647877562.985583
/54321/drone001/attrs,TS2,1647877562.994118
/54321/drone001/attrs,TS2,1647877563.2926
/54321/drone001/attrs,TS2,1647877563.11315
/54321/drone001/attrs,TS2,1647877563.20055
/54321/drone001/attrs,TS2,1647877563.28628
/54321/drone001/attrs,TS2,1647877563.37188
/54321/drone001/attrs,TS2,1647877563.45713
/54321/drone001/attrs,TS2,1647877563.54094
/54321/drone001/attrs,TS2,1647877563.62866
/54321/drone001/attrs,TS2,1647877563.71514
/54321/drone001/attrs,TS2,1647877563.79895
/54321/drone001/attrs,TS2,1647877563.88445
/54321/drone001/attrs,TS2,1647877563.97056
/54321/drone001/attrs,TS2,1647877563.105523
/54321/drone001/attrs,TS2,1647877563.114173
/54321/drone001/attrs,TS2,1647877563.122688
/54321/drone001/attrs,TS2,1647877563.131308
/54321/drone001/attrs,TS2,1647877563.139922
/54321/drone001/attrs,TS2,1647877563.148336
/54321/drone001/attrs,TS2,1647877563.157074
/54321/drone001/attrs,TS2,1647877563.165704
/54321/drone001/attrs,TS2,1647877563.174158
/54321/drone001/attrs,TS2,1647877563.182778
/54321/drone001/attrs,TS2,1647877563.191372
/54321/drone001/attrs,TS2,1647877563.199966
/54321/drone001/attrs,TS2,1647877563.208560
/54321/drone001/attrs,TS2,1647877563.217246
/54321/drone001/attrs,TS2,1647877563.226195
/54321/drone001/attrs,TS2,1647877563.234121
/54321/drone001/attrs,TS2,1647877563.242703
/54321/drone001/attrs,TS2,1647877563.251269
/54321/drone001/attrs,TS2,1647877563.259883
/54321/drone001/attrs,TS2,1647877563.268455
/54321/drone001/attrs,TS2,1647877563.277068
/54321/drone001/attrs,TS2,1647877563.285668
/54321/drone001/attrs,TS2,1647877563.294154
/54321/drone001/attrs,TS2,1647877563.302801
/54321/drone001/attrs,TS2,1647877563.311400
/54321/drone001/attrs,TS2,1647877563.319966
/54321/drone001/attrs,TS2,1647877563.328522
/54321/drone001/attrs,TS2,1647877563.336959
/54321/drone001/attrs,TS2,1647877563.345640
/54321/drone001/attrs,TS2,1647877563.354219
/54321/drone001/attrs,TS2,1647877563.362876
/54321/drone001/attrs,TS2,1647877563.371290
/54321/drone001/attrs,TS2,1647877563.379801
/54321/drone001/attrs,TS2,1647877563.388428
/54321/drone001/attrs,TS2,1647877563.397034
/54321/drone001/attrs,TS2,1647877563.405563
/54321/drone001/attrs,TS2,1647877563.414146
/54321/drone001/attrs,TS2,1647877563.422661
/54321/drone001/attrs,TS2,1647877563.431305
/54321/drone001/attrs,TS2,1647877563.439915
/54321/drone001/attrs,TS2,1647877563.448492
/54321/drone001/attrs,TS2,1647877563.457112
/54321/drone001/attrs,TS2,1647877563.465642
/54321/drone001/attrs,TS2,1647877563.474124
/54321/drone001/attrs,TS2,1647877563.482845
/54321/drone001/attrs,TS2,1647877563.491352
/54321/drone001/attrs,TS2,1647877563.499933
/54321/drone001/attrs,TS2,1647877563.508533
/54321/drone001/attrs,TS2,1647877563.517138
/54321/drone001/attrs,TS2,1647877563.525674
/54321/drone001/attrs,TS2,1647877563.534200
/54321/drone001/attrs,TS2,1647877563.542865
/54321/drone001/attrs,TS2,1647877563.551814
/54321/drone001/attrs,TS2,1647877563.560021
/54321/drone001/attrs,TS2,1647877563.568589
/54321/drone001/attrs,TS2,1647877563.577166
/54321/drone001/attrs,TS2,1647877563.585671
/54321/drone001/attrs,TS2,1647877563.594214
/54321/drone001/attrs,TS2,1647877563.602716
/54321/drone001/attrs,TS2,1647877563.611397
/54321/drone001/attrs,TS2,1647877563.619888
/54321/drone001/attrs,TS2,1647877563.628583
/54321/drone001/attrs,TS2,1647877563.637148
/54321/drone001/attrs,TS2,1647877563.645693
/54321/drone001/attrs,TS2,1647877563.654213
/54321/drone001/attrs,TS2,1647877563.662845
/54321/drone001/attrs,TS2,1647877563.671483
/54321/drone001/attrs,TS2,1647877563.680066
/54321/drone001/attrs,TS2,1647877563.688646
/54321/drone001/attrs,TS2,1647877563.697166
/54321/drone001/attrs,TS2,1647877563.705831
/54321/drone001/attrs,TS2,1647877563.714514
/54321/drone001/attrs,TS2,1647877563.723074
/54321/drone001/attrs,TS2,1647877563.731623
/54321/drone001/attrs,TS2,1647877563.740259
/54321/drone001/attrs,TS2,1647877563.748842
/54321/drone001/attrs,TS2,1647877563.757421
/54321/drone001/attrs,TS2,1647877563.766170
/54321/drone001/attrs,TS2,1647877563.774651
/54321/drone001/attrs,TS2,1647877563.783318
/54321/drone001/attrs,TS2,1647877563.791917
/54321/drone001/attrs,TS2,1647877563.800550
/54321/drone001/attrs,TS2,1647877563.809137
/54321/drone001/attrs,TS2,1647877563.817721
/54321/drone001/attrs,TS2,1647877563.826304
/54321/drone001/attrs,TS2,1647877563.834935
/54321/drone001/attrs,TS2,1647877563.843569
/54321/drone001/attrs,TS2,1647877563.852608
/54321/drone001/attrs,TS2,1647877563.861118
/54321/drone001/attrs,TS2,1647877563.869772
/54321/drone001/attrs,TS2,1647877563.878283
/54321/drone001/attrs,TS2,1647877563.886905
/54321/drone001/attrs,TS2,1647877563.902220
/54321/drone001/attrs,TS2,1647877563.910935
/54321/drone001/attrs,TS2,1647877563.919522
/54321/drone001/attrs,TS2,1647877563.928191
/54321/drone001/attrs,TS2,1647877563.936709
/54321/drone001/attrs,TS2,1647877563.945267
/54321/drone001/attrs,TS2,1647877563.953899
/54321/drone001/attrs,TS2,1647877563.962548
/54321/drone001/attrs,TS2,1647877563.971123
/54321/drone001/attrs,TS2,1647877563.979637
/54321/drone001/attrs,TS2,1647877563.988174
/54321/drone001/attrs,TS2,1647877563.996748
/54321/drone001/attrs,TS2,1647877564.5339
/54321/drone001/attrs,TS2,1647877564.13925
/54321/drone001/attrs,TS2,1647877564.22592
/54321/drone001/attrs,TS2,1647877564.31373
/54321/drone001/attrs,TS2,1647877564.39971
/54321/drone001/attrs,TS2,1647877564.48582
/54321/drone001/attrs,TS2,1647877564.57171
/54321/drone001/attrs,TS2,1647877564.65711
/54321/drone001/attrs,TS2,1647877564.74342
/54321/drone001/attrs,TS2,1647877564.82905
/54321/drone001/attrs,TS2,1647877564.91512
/54321/drone001/attrs,TS2,1647877564.100104
/54321/drone001/attrs,TS2,1647877564.108689
/54321/drone001/attrs,TS2,1647877564.117216
/54321/drone001/attrs,TS2,1647877564.125718
/54321/drone001/attrs,TS2,1647877564.134449
/54321/drone001/attrs,TS2,1647877564.143029
/54321/drone001/attrs,TS2,1647877564.151569
/54321/drone001/attrs,TS2,1647877564.160172
/54321/drone001/attrs,TS2,1647877564.168732
/54321/drone001/attrs,TS2,1647877564.177392
/54321/drone001/attrs,TS2,1647877564.186099
/54321/drone001/attrs,TS2,1647877564.194539
/54321/drone001/attrs,TS2,1647877564.203065
/54321/drone001/attrs,TS2,1647877564.211938
/54321/drone001/attrs,TS2,1647877564.220583
/54321/drone001/attrs,TS2,1647877564.229313
/54321/drone001/attrs,TS2,1647877564.237910
/54321/drone001/attrs,TS2,1647877564.246452
/54321/drone001/attrs,TS2,1647877564.255169
/54321/drone001/attrs,TS2,1647877564.263392
/54321/drone001/attrs,TS2,1647877564.272337
/54321/drone001/attrs,TS2,1647877564.281026
/54321/drone001/attrs,TS2,1647877564.289546
/54321/drone001/attrs,TS2,1647877564.298182
/54321/drone001/attrs,TS2,1647877564.306661
/54321/drone001/attrs,TS2,1647877564.315385
/54321/drone001/attrs,TS2,1647877564.324019
/54321/drone001/attrs,TS2,1647877564.333206
/54321/drone001/attrs,TS2,1647877564.341162
/54321/drone001/attrs,TS2,1647877564.349775
/54321/drone001/attrs,TS2,1647877564.358417
/54321/drone001/attrs,TS2,1647877564.366925
/54321/drone001/attrs,TS2,1647877564.375604
/54321/drone001/attrs,TS2,1647877564.384224
/54321/drone001/attrs,TS2,1647877564.392842
/54321/drone001/attrs,TS2,1647877564.401484
/54321/drone001/attrs,TS2,1647877564.410052
/54321/drone001/attrs,TS2,1647877564.418752
/54321/drone001/attrs,TS2,1647877564.427158
/54321/drone001/attrs,TS2,1647877564.435966
/54321/drone001/attrs,TS2,1647877564.444514
/54321/drone001/attrs,TS2,1647877564.453083
/54321/drone001/attrs,TS2,1647877564.461684
/54321/drone001/attrs,TS2,1647877564.470202
/54321/drone001/attrs,TS2,1647877564.478852
/54321/drone001/attrs,TS2,1647877564.487341
/54321/drone001/attrs,TS2,1647877564.495952
/54321/drone001/attrs,TS2,1647877564.504581
/54321/drone001/attrs,TS2,1647877564.520232
/54321/drone001/attrs,TS2,1647877564.521191
/54321/drone001/attrs,TS2,1647877564.530216
/54321/drone001/attrs,TS2,1647877564.538815
/54321/drone001/attrs,TS2,1647877564.547343
/54321/drone001/attrs,TS2,1647877564.555959
/54321/drone001/attrs,TS2,1647877564.564524
/54321/drone001/attrs,TS2,1647877564.573074
/54321/drone001/attrs,TS2,1647877564.581529
/54321/drone001/attrs,TS2,1647877564.590184
/54321/drone001/attrs,TS2,1647877564.598800
/54321/drone001/attrs,TS2,1647877564.607351
/54321/drone001/attrs,TS2,1647877564.615909
/54321/drone001/attrs,TS2,1647877564.624454
/54321/drone001/attrs,TS2,1647877564.633040
/54321/drone001/attrs,TS2,1647877564.641509
/54321/drone001/attrs,TS2,1647877564.650115
/54321/drone001/attrs,TS2,1647877564.658732
/54321/drone001/attrs,TS2,1647877564.667211
/54321/drone001/attrs,TS2,1647877564.675784
/54321/drone001/attrs,TS2,1647877564.684393
/54321/drone001/attrs,TS2,1647877564.692969
/54321/drone001/attrs,TS2,1647877564.701438
/54321/drone001/attrs,TS2,1647877564.710115
/54321/drone001/attrs,TS2,1647877564.718675
/54321/drone001/attrs,TS2,1647877564.727167
/54321/drone001/attrs,TS2,1647877564.735819
/54321/drone001/attrs,TS2,1647877564.744339
/54321/drone001/attrs,TS2,1647877564.752982
/54321/drone001/attrs,TS2,1647877564.761442
/54321/drone001/attrs,TS2,1647877564.770104
/54321/drone001/attrs,TS2,1647877564.778656
/54321/drone001/attrs,TS2,1647877564.787247
/54321/drone001/attrs,TS2,1647877564.795819
/54321/drone001/attrs,TS2,1647877564.804358
/54321/drone001/attrs,TS2,1647877564.812794
/54321/drone001/attrs,TS2,1647877564.821444
/54321/drone001/attrs,TS2,1647877564.830094
/54321/drone001/attrs,TS2,1647877564.838662
/54321/drone001/attrs,TS2,1647877564.847193
/54321/drone001/attrs,TS2,1647877564.855729
/54321/drone001/attrs,TS2,1647877564.864327
/54321/drone001/attrs,TS2,1647877564.872946
/54321/drone001/attrs,TS2,1647877564.881402
/54321/drone001/attrs,TS2,1647877564.890078
/54321/drone001/attrs,TS2,1647877564.898640
/54321/drone001/attrs,TS2,1647877564.907150
/54321/drone001/attrs,TS2,1647877564.915756
/54321/drone001/attrs,TS2,1647877564.924296
/54321/drone001/attrs,TS2,1647877564.932936
/54321/drone001/attrs,TS2,1647877564.941402
/54321/drone001/attrs,TS2,1647877564.950028
/54321/drone001/attrs,TS2,1647877564.958610
/54321/drone001/attrs,TS2,1647877564.967144
/54321/drone001/attrs,TS2,1647877564.975691
/54321/drone001/attrs,TS2,1647877564.984360
/54321/drone001/attrs,TS2,1647877564.992809
/54321/drone001/attrs,TS2,1647877565.1254
/54321/drone001/attrs,TS2,1647877565.9842
/54321/drone001/attrs,TS2,1647877565.18434
/54321/drone001/attrs,TS2,1647877565.26961
/54321/drone001/attrs,TS2,1647877565.35541
/54321/drone001/attrs,TS2,1647877565.44078
/54321/drone001/attrs,TS2,1647877565.52732
/54321/drone001/attrs,TS2,1647877565.61119
/54321/drone001/attrs,TS2,1647877565.69744
/54321/drone001/attrs,TS2,1647877565.78283
/54321/drone001/attrs,TS2,1647877565.86830
/54321/drone001/attrs,TS2,1647877565.95314
/54321/drone001/attrs,TS2,1647877565.103822
/54321/drone001/attrs,TS2,1647877565.112386
/54321/drone001/attrs,TS2,1647877565.120779
/54321/drone001/attrs,TS2,1647877565.129433
/54321/drone001/attrs,TS2,1647877565.138035
/54321/drone001/attrs,TS2,1647877565.146283
/54321/drone001/attrs,TS2,1647877565.155029
/54321/drone001/attrs,TS2,1647877565.163628
/54321/drone001/attrs,TS2,1647877565.172192
/54321/drone001/attrs,TS2,1647877565.180673
/54321/drone001/attrs,TS2,1647877565.189342
/54321/drone001/attrs,TS2,1647877565.197947
/54321/drone001/attrs,TS2,1647877565.206482
/54321/drone001/attrs,TS2,1647877565.215063
/54321/drone001/attrs,TS2,1647877565.223573
/54321/drone001/attrs,TS2,1647877565.232185
/54321/drone001/attrs,TS2,1647877565.240607
/54321/drone001/attrs,TS2,1647877565.249263
/54321/drone001/attrs,TS2,1647877565.257869
/54321/drone001/attrs,TS2,1647877565.266453
/54321/drone001/attrs,TS2,1647877565.274991
/54321/drone001/attrs,TS2,1647877565.283557
/54321/drone001/attrs,TS2,1647877565.292067
/54321/drone001/attrs,TS2,1647877565.300550
/54321/drone001/attrs,TS2,1647877565.309746
/54321/drone001/attrs,TS2,1647877565.317803
/54321/drone001/attrs,TS2,1647877565.326395
/54321/drone001/attrs,TS2,1647877565.334976
/54321/drone001/attrs,TS2,1647877565.343517
/54321/drone001/attrs,TS2,1647877565.352055
/54321/drone001/attrs,TS2,1647877565.360542
/54321/drone001/attrs,TS2,1647877565.369118
/54321/drone001/attrs,TS2,1647877565.377729
/54321/drone001/attrs,TS2,1647877565.386301
/54321/drone001/attrs,TS2,1647877565.394800
/54321/drone001/attrs,TS2,1647877565.403402
/54321/drone001/attrs,TS2,1647877565.411970
/54321/drone001/attrs,TS2,1647877565.420480
/54321/drone001/attrs,TS2,1647877565.429075
/54321/drone001/attrs,TS2,1647877565.437663
/54321/drone001/attrs,TS2,1647877565.446264
/54321/drone001/attrs,TS2,1647877565.462561
/54321/drone001/attrs,TS2,1647877565.463375
/54321/drone001/attrs,TS2,1647877565.471679
/54321/drone001/attrs,TS2,1647877565.480146
/54321/drone001/attrs,TS2,1647877565.488811
/54321/drone001/attrs,TS2,1647877565.497358
/54321/drone001/attrs,TS2,1647877565.505867
/54321/drone001/attrs,TS2,1647877565.514502
/54321/drone001/attrs,TS2,1647877565.522901
/54321/drone001/attrs,TS2,1647877565.531441
/54321/drone001/attrs,TS2,1647877565.540172
/54321/drone001/attrs,TS2,1647877565.548776
/54321/drone001/attrs,TS2,1647877565.557326
/54321/drone001/attrs,TS2,1647877565.565925
/54321/drone001/attrs,TS2,1647877565.574535
/54321/drone001/attrs,TS2,1647877565.583024
/54321/drone001/attrs,TS2,1647877565.591691
/54321/drone001/attrs,TS2,1647877565.600190
/54321/drone001/attrs,TS2,1647877565.608789
/54321/drone001/attrs,TS2,1647877565.617124
/54321/drone001/attrs,TS2,1647877565.626037
/54321/drone001/attrs,TS2,1647877565.635152
/54321/drone001/attrs,TS2,1647877565.643049
/54321/drone001/attrs,TS2,1647877565.651717
/54321/drone001/attrs,TS2,1647877565.660236
/54321/drone001/attrs,TS2,1647877565.668875
/54321/drone001/attrs,TS2,1647877565.677359
/54321/drone001/attrs,TS2,1647877565.686033
/54321/drone001/attrs,TS2,1647877565.694587
/54321/drone001/attrs,TS2,1647877565.703096
/54321/drone001/attrs,TS2,1647877565.711677
/54321/drone001/attrs,TS2,1647877565.720226
/54321/drone001/attrs,TS2,1647877565.728864
/54321/drone001/attrs,TS2,1647877565.737416
/54321/drone001/attrs,TS2,1647877565.746010
/54321/drone001/attrs,TS2,1647877565.754605
/54321/drone001/attrs,TS2,1647877565.763109
/54321/drone001/attrs,TS2,1647877565.771703
/54321/drone001/attrs,TS2,1647877565.780313
/54321/drone001/attrs,TS2,1647877565.789179
/54321/drone001/attrs,TS2,1647877565.797774
/54321/drone001/attrs,TS2,1647877565.806329
/54321/drone001/attrs,TS2,1647877565.814962
/54321/drone001/attrs,TS2,1647877565.823486
/54321/drone001/attrs,TS2,1647877565.832012
/54321/drone001/attrs,TS2,1647877565.840568
/54321/drone001/attrs,TS2,1647877565.849163
/54321/drone001/attrs,TS2,1647877565.857795
/54321/drone001/attrs,TS2,1647877565.866272
/54321/drone001/attrs,TS2,1647877565.874892
/54321/drone001/attrs,TS2,1647877565.883448
/54321/drone001/attrs,TS2,1647877565.892016
/54321/drone001/attrs,TS2,1647877565.900489
/54321/drone001/attrs,TS2,1647877565.909086
/54321/drone001/attrs,TS2,1647877565.917681
/54321/drone001/attrs,TS2,1647877565.926225
/54321/drone001/attrs,TS2,1647877565.934686
/54321/drone001/attrs,TS2,1647877565.943388
/54321/drone001/attrs,TS2,1647877565.951949
/54321/drone001/attrs,TS2,1647877565.960703
/54321/drone001/attrs,TS2,1647877565.969136
/54321/drone001/attrs,TS2,1647877565.977493
/54321/drone001/attrs,TS2,1647877565.986242
/54321/drone001/attrs,TS2,1647877565.994835
/54321/drone001/attrs,TS2,1647877566.3292
/54321/drone001/attrs,TS2,1647877566.11945
/54321/drone001/attrs,TS2,1647877566.20380
/54321/drone001/attrs,TS2,1647877566.28985
/54321/drone001/attrs,TS2,1647877566.37640
/54321/drone001/attrs,TS2,1647877566.46110
/54321/drone001/attrs,TS2,1647877566.54744
/54321/drone001/attrs,TS2,1647877566.63259
/54321/drone001/attrs,TS2,1647877566.72013
/54321/drone001/attrs,TS2,1647877566.80507
/54321/drone001/attrs,TS2,1647877566.89100
/54321/drone001/attrs,TS2,1647877566.97682
/54321/drone001/attrs,TS2,1647877566.106254
/54321/drone001/attrs,TS2,1647877566.114795
/54321/drone001/attrs,TS2,1647877566.123392
/54321/drone001/attrs,TS2,1647877566.131964
/54321/drone001/attrs,TS2,1647877566.140438
/54321/drone001/attrs,TS2,1647877566.149085
/54321/drone001/attrs,TS2,1647877566.157579
/54321/drone001/attrs,TS2,1647877566.166159
/54321/drone001/attrs,TS2,1647877566.174719
/54321/drone001/attrs,TS2,1647877566.183357
/54321/drone001/attrs,TS2,1647877566.191857
/54321/drone001/attrs,TS2,1647877566.200370
/54321/drone001/attrs,TS2,1647877566.209035
/54321/drone001/attrs,TS2,1647877566.217575
/54321/drone001/attrs,TS2,1647877566.226060
/54321/drone001/attrs,TS2,1647877566.234682
/54321/drone001/attrs,TS2,1647877566.243309
/54321/drone001/attrs,TS2,1647877566.251892
/54321/drone001/attrs,TS2,1647877566.260382
/54321/drone001/attrs,TS2,1647877566.268949
/54321/drone001/attrs,TS2,1647877566.277414
/54321/drone001/attrs,TS2,1647877566.286404
/54321/drone001/attrs,TS2,1647877566.294631
/54321/drone001/attrs,TS2,1647877566.303085
/54321/drone001/attrs,TS2,1647877566.311631
/54321/drone001/attrs,TS2,1647877566.320244
/54321/drone001/attrs,TS2,1647877566.328960
/54321/drone001/attrs,TS2,1647877566.337485
/54321/drone001/attrs,TS2,1647877566.346045
/54321/drone001/attrs,TS2,1647877566.354605
/54321/drone001/attrs,TS2,1647877566.363133
/54321/drone001/attrs,TS2,1647877566.371713
/54321/drone001/attrs,TS2,1647877566.380241
/54321/drone001/attrs,TS2,1647877566.389073
/54321/drone001/attrs,TS2,1647877566.397271
/54321/drone001/attrs,TS2,1647877566.405922
/54321/drone001/attrs,TS2,1647877566.414445
/54321/drone001/attrs,TS2,1647877566.423024
/54321/drone001/attrs,TS2,1647877566.431631
/54321/drone001/attrs,TS2,1647877566.440141
/54321/drone001/attrs,TS2,1647877566.448638
/54321/drone001/attrs,TS2,1647877566.457194
/54321/drone001/attrs,TS2,1647877566.465909
/54321/drone001/attrs,TS2,1647877566.474421
/54321/drone001/attrs,TS2,1647877566.482937
/54321/drone001/attrs,TS2,1647877566.491527
/54321/drone001/attrs,TS2,1647877566.500050
/54321/drone001/attrs,TS2,1647877566.508620
/54321/drone001/attrs,TS2,1647877566.517153
/54321/drone001/attrs,TS2,1647877566.525734
/54321/drone001/attrs,TS2,1647877566.534325
/54321/drone001/attrs,TS2,1647877566.542870
/54321/drone001/attrs,TS2,1647877566.551445
/54321/drone001/attrs,TS2,1647877566.560011
/54321/drone001/attrs,TS2,1647877566.568549
/54321/drone001/attrs,TS2,1647877566.577041
/54321/drone001/attrs,TS2,1647877566.585653
/54321/drone001/attrs,TS2,1647877566.594260
/54321/drone001/attrs,TS2,1647877566.602849
/54321/drone001/attrs,TS2,1647877566.611817
/54321/drone001/attrs,TS2,1647877566.619885
/54321/drone001/attrs,TS2,1647877566.628486
/54321/drone001/attrs,TS2,1647877566.637003
/54321/drone001/attrs,TS2,1647877566.645596
/54321/drone001/attrs,TS2,1647877566.654142
/54321/drone001/attrs,TS2,1647877566.662724
/54321/drone001/attrs,TS2,1647877566.671284
/54321/drone001/attrs,TS2,1647877566.679902
/54321/drone001/attrs,TS2,1647877566.688407
/54321/drone001/attrs,TS2,1647877566.696948
/54321/drone001/attrs,TS2,1647877566.705519
/54321/drone001/attrs,TS2,1647877566.713991
/54321/drone001/attrs,TS2,1647877566.722605
/54321/drone001/attrs,TS2,1647877566.731168
/54321/drone001/attrs,TS2,1647877566.739929
/54321/drone001/attrs,TS2,1647877566.748446
/54321/drone001/attrs,TS2,1647877566.757081
/54321/drone001/attrs,TS2,1647877566.765534
/54321/drone001/attrs,TS2,1647877566.774112
/54321/drone001/attrs,TS2,1647877566.782713
/54321/drone001/attrs,TS2,1647877566.791292
/54321/drone001/attrs,TS2,1647877566.799864
/54321/drone001/attrs,TS2,1647877566.808352
/54321/drone001/attrs,TS2,1647877566.817012
/54321/drone001/attrs,TS2,1647877566.825499
/54321/drone001/attrs,TS2,1647877566.834085
/54321/drone001/attrs,TS2,1647877566.842639
/54321/drone001/attrs,TS2,1647877566.851214
/54321/drone001/attrs,TS2,1647877566.859871
/54321/drone001/attrs,TS2,1647877566.868348
/54321/drone001/attrs,TS2,1647877566.876930
/54321/drone001/attrs,TS2,1647877566.885502
/54321/drone001/attrs,TS2,1647877566.894057
/54321/drone001/attrs,TS2,1647877566.902651
/54321/drone001/attrs,TS2,1647877566.911123
/54321/drone001/attrs,TS2,1647877566.919734
/54321/drone001/attrs,TS2,1647877566.928352
/54321/drone001/attrs,TS2,1647877566.937397
/54321/drone001/attrs,TS2,1647877566.945513
/54321/drone001/attrs,TS2,1647877566.954007
/54321/drone001/attrs,TS2,1647877566.962654
/54321/drone001/attrs,TS2,1647877566.971185
/54321/drone001/attrs,TS2,1647877566.979724
/54321/drone001/attrs,TS2,1647877566.988357
/54321/drone001/attrs,TS2,1647877566.996993
/54321/drone001/attrs,TS2,1647877567.5536
/54321/drone001/attrs,TS2,1647877567.14107
/54321/drone001/attrs,TS2,1647877567.22679
/54321/drone001/attrs,TS2,1647877567.31298
/54321/drone001/attrs,TS2,1647877567.39870
/54321/drone001/attrs,TS2,1647877567.48393
/54321/drone001/attrs,TS2,1647877567.57027
/54321/drone001/attrs,TS2,1647877567.65495
/54321/drone001/attrs,TS2,1647877567.74023
/54321/drone001/attrs,TS2,1647877567.82597
/54321/drone001/attrs,TS2,1647877567.91204
/54321/drone001/attrs,TS2,1647877567.99764
/54321/drone001/attrs,TS2,1647877567.108326
/54321/drone001/attrs,TS2,1647877567.116878
/54321/drone001/attrs,TS2,1647877567.125417
/54321/drone001/attrs,TS2,1647877567.133989
/54321/drone001/attrs,TS2,1647877567.142591
/54321/drone001/attrs,TS2,1647877567.151133
/54321/drone001/attrs,TS2,1647877567.159742
/54321/drone001/attrs,TS2,1647877567.168269
/54321/drone001/attrs,TS2,1647877567.184525
/54321/drone001/attrs,TS2,1647877567.185440
/54321/drone001/attrs,TS2,1647877567.193899
/54321/drone001/attrs,TS2,1647877567.202530
/54321/drone001/attrs,TS2,1647877567.211078
/54321/drone001/attrs,TS2,1647877567.219651
/54321/drone001/attrs,TS2,1647877567.228143
/54321/drone001/attrs,TS2,1647877567.236768
/54321/drone001/attrs,TS2,1647877567.245334
/54321/drone001/attrs,TS2,1647877567.254044
/54321/drone001/attrs,TS2,1647877567.262856
/54321/drone001/attrs,TS2,1647877567.271145
/54321/drone001/attrs,TS2,1647877567.279640
/54321/drone001/attrs,TS2,1647877567.288299
/54321/drone001/attrs,TS2,1647877567.296856
/54321/drone001/attrs,TS2,1647877567.305373
/54321/drone001/attrs,TS2,1647877567.313992
/54321/drone001/attrs,TS2,1647877567.322582
/54321/drone001/attrs,TS2,1647877567.331070
/54321/drone001/attrs,TS2,1647877567.339670
/54321/drone001/attrs,TS2,1647877567.348105
/54321/drone001/attrs,TS2,1647877567.356691
/54321/drone001/attrs,TS2,1647877567.365241
/54321/drone001/attrs,TS2,1647877567.373698
/54321/drone001/attrs,TS2,1647877567.382414
/54321/drone001/attrs,TS2,1647877567.391059
/54321/drone001/attrs,TS2,1647877567.399490
/54321/drone001/attrs,TS2,1647877567.408024
/54321/drone001/attrs,TS2,1647877567.416663
/54321/drone001/attrs,TS2,1647877567.425184
/54321/drone001/attrs,TS2,1647877567.433765
/54321/drone001/attrs,TS2,1647877567.442424
/54321/drone001/attrs,TS2,1647877567.451035
/54321/drone001/attrs,TS2,1647877567.459537
/54321/drone001/attrs,TS2,1647877567.468111
/54321/drone001/attrs,TS2,1647877567.476705
/54321/drone001/attrs,TS2,1647877567.485220
/54321/drone001/attrs,TS2,1647877567.493831
/54321/drone001/attrs,TS2,1647877567.502446
/54321/drone001/attrs,TS2,1647877567.511023
/54321/drone001/attrs,TS2,1647877567.519580
/54321/drone001/attrs,TS2,1647877567.528127
/54321/drone001/attrs,TS2,1647877567.536685
/54321/drone001/attrs,TS2,1647877567.545158
/54321/drone001/attrs,TS2,1647877567.553777
/54321/drone001/attrs,TS2,1647877567.562298
/54321/drone001/attrs,TS2,1647877567.570884
/54321/drone001/attrs,TS2,1647877567.579417
/54321/drone001/attrs,TS2,1647877567.588697
/54321/drone001/attrs,TS2,1647877567.596544
/54321/drone001/attrs,TS2,1647877567.605070
/54321/drone001/attrs,TS2,1647877567.613675
/54321/drone001/attrs,TS2,1647877567.622168
/54321/drone001/attrs,TS2,1647877567.630799
/54321/drone001/attrs,TS2,1647877567.639284
/54321/drone001/attrs,TS2,1647877567.647927
/54321/drone001/attrs,TS2,1647877567.656519
/54321/drone001/attrs,TS2,1647877567.665087
/54321/drone001/attrs,TS2,1647877567.673606
/54321/drone001/attrs,TS2,1647877567.682158
/54321/drone001/attrs,TS2,1647877567.690733
/54321/drone001/attrs,TS2,1647877567.699261
/54321/drone001/attrs,TS2,1647877567.707880
/54321/drone001/attrs,TS2,1647877567.716397
/54321/drone001/attrs,TS2,1647877567.725050
/54321/drone001/attrs,TS2,1647877567.733533
/54321/drone001/attrs,TS2,1647877567.742105
/54321/drone001/attrs,TS2,1647877567.750705
/54321/drone001/attrs,TS2,1647877567.759244
/54321/drone001/attrs,TS2,1647877567.767847
/54321/drone001/attrs,TS2,1647877567.776453
/54321/drone001/attrs,TS2,1647877567.784983
/54321/drone001/attrs,TS2,1647877567.793516
/54321/drone001/attrs,TS2,1647877567.802151
/54321/drone001/attrs,TS2,1647877567.810722
/54321/drone001/attrs,TS2,1647877567.819280
/54321/drone001/attrs,TS2,1647877567.827807
/54321/drone001/attrs,TS2,1647877567.836398
/54321/drone001/attrs,TS2,1647877567.845009
/54321/drone001/attrs,TS2,1647877567.853550
/54321/drone001/attrs,TS2,1647877567.862097
/54321/drone001/attrs,TS2,1647877567.870664
/54321/drone001/attrs,TS2,1647877567.879203
/54321/drone001/attrs,TS2,1647877567.887776
/54321/drone001/attrs,TS2,1647877567.896342
/54321/drone001/attrs,TS2,1647877567.904885
/54321/drone001/attrs,TS2,1647877567.914124
/54321/drone001/attrs,TS2,1647877567.922074
/54321/drone001/attrs,TS2,1647877567.939167
/54321/drone001/attrs,TS2,1647877567.947727
/54321/drone001/attrs,TS2,1647877567.956264
/54321/drone001/attrs,TS2,1647877567.964928
/54321/drone001/attrs,TS2,1647877567.973507
/54321/drone001/attrs,TS2,1647877567.982074
/54321/drone001/attrs,TS2,1647877567.990648
/54321/drone001/attrs,TS2,1647877567.999157
/54321/drone001/attrs,TS2,1647877568.7775
/54321/drone001/attrs,TS2,1647877568.16097
/54321/drone001/attrs,TS2,1647877568.24878
/54321/drone001/attrs,TS2,1647877568.33370
/54321/drone001/attrs,TS2,1647877568.42060
/54321/drone001/attrs,TS2,1647877568.50602
/54321/drone001/attrs,TS2,1647877568.59159
/54321/drone001/attrs,TS2,1647877568.67557
/54321/drone001/attrs,TS2,1647877568.76325
/54321/drone001/attrs,TS2,1647877568.84866
/54321/drone001/attrs,TS2,1647877568.93425
/54321/drone001/attrs,TS2,1647877568.101821
/54321/drone001/attrs,TS2,1647877568.110569
/54321/drone001/attrs,TS2,1647877568.119100
/54321/drone001/attrs,TS2,1647877568.127794
/54321/drone001/attrs,TS2,1647877568.136341
/54321/drone001/attrs,TS2,1647877568.144947
/54321/drone001/attrs,TS2,1647877568.153443
/54321/drone001/attrs,TS2,1647877568.162031
/54321/drone001/attrs,TS2,1647877568.170603
/54321/drone001/attrs,TS2,1647877568.179174
/54321/drone001/attrs,TS2,1647877568.187698
/54321/drone001/attrs,TS2,1647877568.196211
/54321/drone001/attrs,TS2,1647877568.204834
/54321/drone001/attrs,TS2,1647877568.213314
/54321/drone001/attrs,TS2,1647877568.221918
/54321/drone001/attrs,TS2,1647877568.230505
/54321/drone001/attrs,TS2,1647877568.239557
/54321/drone001/attrs,TS2,1647877568.247583
/54321/drone001/attrs,TS2,1647877568.256122
/54321/drone001/attrs,TS2,1647877568.264691
/54321/drone001/attrs,TS2,1647877568.273237
/54321/drone001/attrs,TS2,1647877568.281838
/54321/drone001/attrs,TS2,1647877568.290389
/54321/drone001/attrs,TS2,1647877568.298957
/54321/drone001/attrs,TS2,1647877568.307545
/54321/drone001/attrs,TS2,1647877568.316048
/54321/drone001/attrs,TS2,1647877568.324630
/54321/drone001/attrs,TS2,1647877568.333138
/54321/drone001/attrs,TS2,1647877568.341710
/54321/drone001/attrs,TS2,1647877568.350271
/54321/drone001/attrs,TS2,1647877568.358866
/54321/drone001/attrs,TS2,1647877568.367403
/54321/drone001/attrs,TS2,1647877568.382630
/54321/drone001/attrs,TS2,1647877568.384406
/54321/drone001/attrs,TS2,1647877568.393118
/54321/drone001/attrs,TS2,1647877568.401561
/54321/drone001/attrs,TS2,1647877568.410213
/54321/drone001/attrs,TS2,1647877568.418564
/54321/drone001/attrs,TS2,1647877568.427239
/54321/drone001/attrs,TS2,1647877568.435679
/54321/drone001/attrs,TS2,1647877568.444363
/54321/drone001/attrs,TS2,1647877568.452979
/54321/drone001/attrs,TS2,1647877568.461508
/54321/drone001/attrs,TS2,1647877568.470111
/54321/drone001/attrs,TS2,1647877568.478640
/54321/drone001/attrs,TS2,1647877568.487190
/54321/drone001/attrs,TS2,1647877568.495796
/54321/drone001/attrs,TS2,1647877568.504328
