1647877189: Warning: Unable to drop privileges to 'mosquitto' because this user does not exist. Trying 'nobody' instead.
1647877189: mosquitto version 2.0.14 starting
1647877189: Config loaded from /etc/mosquitto/mosquitto.conf.
1647877189: Opening ipv4 listen socket on port 1883.
1647877189: Opening ipv6 listen socket on port 1883.
1647877189: mosquitto version 2.0.14 running
1647877201: New connection from 130.188.160.11:50264 on port 1883.
1647877201: New client connected from 130.188.160.11:50264 as iotaul_34babe93 (p2, c1, k60, u'px4').
1647877239: New connection from 130.188.160.13:47495 on port 1883.
1647877239: New client connected from 130.188.160.13:47495 as tester-pub (p2, c1, k60, u'px4').
TS2.1,1647877201.808133
/54321/drone001/attrs,TS2,1647877239.488483
/54321/drone001/attrs,TS2,1647877239.495455
/54321/drone001/attrs,TS2,1647877239.502808
/54321/drone001/attrs,TS2,1647877239.510226
/54321/drone001/attrs,TS2,1647877239.517775
/54321/drone001/attrs,TS2,1647877239.525311
/54321/drone001/attrs,TS2,1647877239.532959
/54321/drone001/attrs,TS2,1647877239.540425
/54321/drone001/attrs,TS2,1647877239.548006
/54321/drone001/attrs,TS2,1647877239.555577
/54321/drone001/attrs,TS2,1647877239.563141
/54321/drone001/attrs,TS2,1647877239.570827
/54321/drone001/attrs,TS2,1647877239.578257
/54321/drone001/attrs,TS2,1647877239.585807
/54321/drone001/attrs,TS2,1647877239.593242
/54321/drone001/attrs,TS2,1647877239.600728
/54321/drone001/attrs,TS2,1647877239.608368
/54321/drone001/attrs,TS2,1647877239.615953
/54321/drone001/attrs,TS2,1647877239.623559
/54321/drone001/attrs,TS2,1647877239.631102
/54321/drone001/attrs,TS2,1647877239.638509
/54321/drone001/attrs,TS2,1647877239.645855
/54321/drone001/attrs,TS2,1647877239.656339
/54321/drone001/attrs,TS2,1647877239.665253
/54321/drone001/attrs,TS2,1647877239.672335
/54321/drone001/attrs,TS2,1647877239.679834
/54321/drone001/attrs,TS2,1647877239.687521
/54321/drone001/attrs,TS2,1647877239.695046
/54321/drone001/attrs,TS2,1647877239.702594
/54321/drone001/attrs,TS2,1647877239.710152
/54321/drone001/attrs,TS2,1647877239.717699
/54321/drone001/attrs,TS2,1647877239.725028
/54321/drone001/attrs,TS2,1647877239.732724
/54321/drone001/attrs,TS2,1647877239.740403
/54321/drone001/attrs,TS2,1647877239.747978
/54321/drone001/attrs,TS2,1647877239.755523
/54321/drone001/attrs,TS2,1647877239.763063
/54321/drone001/attrs,TS2,1647877239.770694
/54321/drone001/attrs,TS2,1647877239.778112
/54321/drone001/attrs,TS2,1647877239.785571
/54321/drone001/attrs,TS2,1647877239.793268
/54321/drone001/attrs,TS2,1647877239.800950
/54321/drone001/attrs,TS2,1647877239.808376
/54321/drone001/attrs,TS2,1647877239.816023
/54321/drone001/attrs,TS2,1647877239.823558
/54321/drone001/attrs,TS2,1647877239.831018
/54321/drone001/attrs,TS2,1647877239.838404
/54321/drone001/attrs,TS2,1647877239.846103
/54321/drone001/attrs,TS2,1647877239.853669
/54321/drone001/attrs,TS2,1647877239.861113
/54321/drone001/attrs,TS2,1647877239.868574
/54321/drone001/attrs,TS2,1647877239.876190
/54321/drone001/attrs,TS2,1647877239.883749
/54321/drone001/attrs,TS2,1647877239.891304
/54321/drone001/attrs,TS2,1647877239.898845
/54321/drone001/attrs,TS2,1647877239.906384
/54321/drone001/attrs,TS2,1647877239.913913
/54321/drone001/attrs,TS2,1647877239.921438
/54321/drone001/attrs,TS2,1647877239.928888
/54321/drone001/attrs,TS2,1647877239.936327
/54321/drone001/attrs,TS2,1647877239.943990
/54321/drone001/attrs,TS2,1647877239.951422
/54321/drone001/attrs,TS2,1647877239.958937
/54321/drone001/attrs,TS2,1647877239.966407
/54321/drone001/attrs,TS2,1647877239.973758
/54321/drone001/attrs,TS2,1647877239.981213
/54321/drone001/attrs,TS2,1647877239.988724
/54321/drone001/attrs,TS2,1647877239.996277
/54321/drone001/attrs,TS2,1647877240.3933
/54321/drone001/attrs,TS2,1647877240.11404
/54321/drone001/attrs,TS2,1647877240.18859
/54321/drone001/attrs,TS2,1647877240.26512
/54321/drone001/attrs,TS2,1647877240.34095
/54321/drone001/attrs,TS2,1647877240.41690
/54321/drone001/attrs,TS2,1647877240.49236
/54321/drone001/attrs,TS2,1647877240.56746
/54321/drone001/attrs,TS2,1647877240.64383
/54321/drone001/attrs,TS2,1647877240.71946
/54321/drone001/attrs,TS2,1647877240.79547
/54321/drone001/attrs,TS2,1647877240.87009
/54321/drone001/attrs,TS2,1647877240.94632
/54321/drone001/attrs,TS2,1647877240.102164
/54321/drone001/attrs,TS2,1647877240.110174
/54321/drone001/attrs,TS2,1647877240.117842
/54321/drone001/attrs,TS2,1647877240.125382
/54321/drone001/attrs,TS2,1647877240.133008
/54321/drone001/attrs,TS2,1647877240.140527
/54321/drone001/attrs,TS2,1647877240.148127
/54321/drone001/attrs,TS2,1647877240.155716
/54321/drone001/attrs,TS2,1647877240.163230
/54321/drone001/attrs,TS2,1647877240.170766
/54321/drone001/attrs,TS2,1647877240.178266
/54321/drone001/attrs,TS2,1647877240.186401
/54321/drone001/attrs,TS2,1647877240.193494
/54321/drone001/attrs,TS2,1647877240.200888
/54321/drone001/attrs,TS2,1647877240.208618
/54321/drone001/attrs,TS2,1647877240.216196
/54321/drone001/attrs,TS2,1647877240.223728
/54321/drone001/attrs,TS2,1647877240.231240
/54321/drone001/attrs,TS2,1647877240.238911
/54321/drone001/attrs,TS2,1647877240.246499
/54321/drone001/attrs,TS2,1647877240.254094
/54321/drone001/attrs,TS2,1647877240.261633
/54321/drone001/attrs,TS2,1647877240.269172
/54321/drone001/attrs,TS2,1647877240.276625
/54321/drone001/attrs,TS2,1647877240.284125
/54321/drone001/attrs,TS2,1647877240.291663
/54321/drone001/attrs,TS2,1647877240.299217
/54321/drone001/attrs,TS2,1647877240.306823
/54321/drone001/attrs,TS2,1647877240.314361
/54321/drone001/attrs,TS2,1647877240.321828
/54321/drone001/attrs,TS2,1647877240.329568
/54321/drone001/attrs,TS2,1647877240.337079
/54321/drone001/attrs,TS2,1647877240.344611
/54321/drone001/attrs,TS2,1647877240.352060
/54321/drone001/attrs,TS2,1647877240.359696
/54321/drone001/attrs,TS2,1647877240.367268
/54321/drone001/attrs,TS2,1647877240.374883
/54321/drone001/attrs,TS2,1647877240.382304
/54321/drone001/attrs,TS2,1647877240.389826
/54321/drone001/attrs,TS2,1647877240.397979
/54321/drone001/attrs,TS2,1647877240.405443
/54321/drone001/attrs,TS2,1647877240.413114
/54321/drone001/attrs,TS2,1647877240.420580
/54321/drone001/attrs,TS2,1647877240.428245
/54321/drone001/attrs,TS2,1647877240.435933
/54321/drone001/attrs,TS2,1647877240.443565
/54321/drone001/attrs,TS2,1647877240.451043
/54321/drone001/attrs,TS2,1647877240.458624
/54321/drone001/attrs,TS2,1647877240.466201
/54321/drone001/attrs,TS2,1647877240.473583
/54321/drone001/attrs,TS2,1647877240.481325
/54321/drone001/attrs,TS2,1647877240.488883
/54321/drone001/attrs,TS2,1647877240.496498
/54321/drone001/attrs,TS2,1647877240.504004
/54321/drone001/attrs,TS2,1647877240.511985
/54321/drone001/attrs,TS2,1647877240.519128
/54321/drone001/attrs,TS2,1647877240.526692
/54321/drone001/attrs,TS2,1647877240.534182
/54321/drone001/attrs,TS2,1647877240.541567
/54321/drone001/attrs,TS2,1647877240.549361
/54321/drone001/attrs,TS2,1647877240.556938
/54321/drone001/attrs,TS2,1647877240.564445
/54321/drone001/attrs,TS2,1647877240.572046
/54321/drone001/attrs,TS2,1647877240.579658
/54321/drone001/attrs,TS2,1647877240.587021
/54321/drone001/attrs,TS2,1647877240.594626
/54321/drone001/attrs,TS2,1647877240.602193
/54321/drone001/attrs,TS2,1647877240.609779
/54321/drone001/attrs,TS2,1647877240.617354
/54321/drone001/attrs,TS2,1647877240.624969
/54321/drone001/attrs,TS2,1647877240.632513
/54321/drone001/attrs,TS2,1647877240.640060
/54321/drone001/attrs,TS2,1647877240.647551
/54321/drone001/attrs,TS2,1647877240.654999
/54321/drone001/attrs,TS2,1647877240.662428
/54321/drone001/attrs,TS2,1647877240.669800
/54321/drone001/attrs,TS2,1647877240.677566
/54321/drone001/attrs,TS2,1647877240.685113
/54321/drone001/attrs,TS2,1647877240.692531
/54321/drone001/attrs,TS2,1647877240.700139
/54321/drone001/attrs,TS2,1647877240.707529
/54321/drone001/attrs,TS2,1647877240.715292
/54321/drone001/attrs,TS2,1647877240.722789
/54321/drone001/attrs,TS2,1647877240.730350
/54321/drone001/attrs,TS2,1647877240.737850
/54321/drone001/attrs,TS2,1647877240.745484
/54321/drone001/attrs,TS2,1647877240.753086
/54321/drone001/attrs,TS2,1647877240.760608
/54321/drone001/attrs,TS2,1647877240.768130
/54321/drone001/attrs,TS2,1647877240.775735
/54321/drone001/attrs,TS2,1647877240.783203
/54321/drone001/attrs,TS2,1647877240.790815
/54321/drone001/attrs,TS2,1647877240.798255
/54321/drone001/attrs,TS2,1647877240.805961
/54321/drone001/attrs,TS2,1647877240.813436
/54321/drone001/attrs,TS2,1647877240.821084
/54321/drone001/attrs,TS2,1647877240.828675
/54321/drone001/attrs,TS2,1647877240.836145
/54321/drone001/attrs,TS2,1647877240.843766
/54321/drone001/attrs,TS2,1647877240.851206
/54321/drone001/attrs,TS2,1647877240.858758
/54321/drone001/attrs,TS2,1647877240.866318
/54321/drone001/attrs,TS2,1647877240.873832
/54321/drone001/attrs,TS2,1647877240.881497
/54321/drone001/attrs,TS2,1647877240.889071
/54321/drone001/attrs,TS2,1647877240.896538
/54321/drone001/attrs,TS2,1647877240.904264
/54321/drone001/attrs,TS2,1647877240.911850
/54321/drone001/attrs,TS2,1647877240.919328
/54321/drone001/attrs,TS2,1647877240.926962
/54321/drone001/attrs,TS2,1647877240.934455
/54321/drone001/attrs,TS2,1647877240.942046
/54321/drone001/attrs,TS2,1647877240.949601
/54321/drone001/attrs,TS2,1647877240.957141
/54321/drone001/attrs,TS2,1647877240.964794
/54321/drone001/attrs,TS2,1647877240.972337
/54321/drone001/attrs,TS2,1647877240.979925
/54321/drone001/attrs,TS2,1647877240.987493
/54321/drone001/attrs,TS2,1647877240.995001
/54321/drone001/attrs,TS2,1647877241.2493
/54321/drone001/attrs,TS2,1647877241.10109
/54321/drone001/attrs,TS2,1647877241.17657
/54321/drone001/attrs,TS2,1647877241.25159
/54321/drone001/attrs,TS2,1647877241.32716
/54321/drone001/attrs,TS2,1647877241.40189
/54321/drone001/attrs,TS2,1647877241.47861
/54321/drone001/attrs,TS2,1647877241.55334
/54321/drone001/attrs,TS2,1647877241.62768
/54321/drone001/attrs,TS2,1647877241.70539
/54321/drone001/attrs,TS2,1647877241.78061
/54321/drone001/attrs,TS2,1647877241.85577
/54321/drone001/attrs,TS2,1647877241.93192
/54321/drone001/attrs,TS2,1647877241.100676
/54321/drone001/attrs,TS2,1647877241.108194
/54321/drone001/attrs,TS2,1647877241.115930
/54321/drone001/attrs,TS2,1647877241.123493
/54321/drone001/attrs,TS2,1647877241.131137
/54321/drone001/attrs,TS2,1647877241.138444
/54321/drone001/attrs,TS2,1647877241.146050
/54321/drone001/attrs,TS2,1647877241.153598
/54321/drone001/attrs,TS2,1647877241.161262
/54321/drone001/attrs,TS2,1647877241.168822
/54321/drone001/attrs,TS2,1647877241.176345
/54321/drone001/attrs,TS2,1647877241.183962
/54321/drone001/attrs,TS2,1647877241.191413
/54321/drone001/attrs,TS2,1647877241.199029
/54321/drone001/attrs,TS2,1647877241.206605
/54321/drone001/attrs,TS2,1647877241.214136
/54321/drone001/attrs,TS2,1647877241.221651
/54321/drone001/attrs,TS2,1647877241.229198
/54321/drone001/attrs,TS2,1647877241.236777
/54321/drone001/attrs,TS2,1647877241.244348
/54321/drone001/attrs,TS2,1647877241.251786
/54321/drone001/attrs,TS2,1647877241.259480
/54321/drone001/attrs,TS2,1647877241.267096
/54321/drone001/attrs,TS2,1647877241.274600
/54321/drone001/attrs,TS2,1647877241.282034
/54321/drone001/attrs,TS2,1647877241.289645
/54321/drone001/attrs,TS2,1647877241.297094
/54321/drone001/attrs,TS2,1647877241.304827
/54321/drone001/attrs,TS2,1647877241.312455
/54321/drone001/attrs,TS2,1647877241.320039
/54321/drone001/attrs,TS2,1647877241.327610
/54321/drone001/attrs,TS2,1647877241.335205
/54321/drone001/attrs,TS2,1647877241.342685
/54321/drone001/attrs,TS2,1647877241.350282
/54321/drone001/attrs,TS2,1647877241.358216
/54321/drone001/attrs,TS2,1647877241.365444
/54321/drone001/attrs,TS2,1647877241.373025
/54321/drone001/attrs,TS2,1647877241.380619
/54321/drone001/attrs,TS2,1647877241.388105
/54321/drone001/attrs,TS2,1647877241.395691
/54321/drone001/attrs,TS2,1647877241.403198
/54321/drone001/attrs,TS2,1647877241.410788
/54321/drone001/attrs,TS2,1647877241.418453
/54321/drone001/attrs,TS2,1647877241.425999
/54321/drone001/attrs,TS2,1647877241.433594
/54321/drone001/attrs,TS2,1647877241.441170
/54321/drone001/attrs,TS2,1647877241.448800
/54321/drone001/attrs,TS2,1647877241.456285
/54321/drone001/attrs,TS2,1647877241.463897
/54321/drone001/attrs,TS2,1647877241.471279
/54321/drone001/attrs,TS2,1647877241.479024
/54321/drone001/attrs,TS2,1647877241.486532
/54321/drone001/attrs,TS2,1647877241.494099
/54321/drone001/attrs,TS2,1647877241.501725
/54321/drone001/attrs,TS2,1647877241.509281
/54321/drone001/attrs,TS2,1647877241.516849
/54321/drone001/attrs,TS2,1647877241.524385
/54321/drone001/attrs,TS2,1647877241.531952
/54321/drone001/attrs,TS2,1647877241.539441
/54321/drone001/attrs,TS2,1647877241.547004
/54321/drone001/attrs,TS2,1647877241.554415
/54321/drone001/attrs,TS2,1647877241.562041
/54321/drone001/attrs,TS2,1647877241.569615
/54321/drone001/attrs,TS2,1647877241.577023
/54321/drone001/attrs,TS2,1647877241.584779
/54321/drone001/attrs,TS2,1647877241.592412
/54321/drone001/attrs,TS2,1647877241.599984
/54321/drone001/attrs,TS2,1647877241.607430
/54321/drone001/attrs,TS2,1647877241.615046
/54321/drone001/attrs,TS2,1647877241.622588
/54321/drone001/attrs,TS2,1647877241.630182
/54321/drone001/attrs,TS2,1647877241.637659
/54321/drone001/attrs,TS2,1647877241.645380
/54321/drone001/attrs,TS2,1647877241.653001
/54321/drone001/attrs,TS2,1647877241.660449
/54321/drone001/attrs,TS2,1647877241.667999
/54321/drone001/attrs,TS2,1647877241.675540
/54321/drone001/attrs,TS2,1647877241.683665
/54321/drone001/attrs,TS2,1647877241.690662
/54321/drone001/attrs,TS2,1647877241.698164
/54321/drone001/attrs,TS2,1647877241.705708
/54321/drone001/attrs,TS2,1647877241.713302
/54321/drone001/attrs,TS2,1647877241.720977
/54321/drone001/attrs,TS2,1647877241.728512
/54321/drone001/attrs,TS2,1647877241.735938
/54321/drone001/attrs,TS2,1647877241.743582
/54321/drone001/attrs,TS2,1647877241.751181
/54321/drone001/attrs,TS2,1647877241.758808
/54321/drone001/attrs,TS2,1647877241.766114
/54321/drone001/attrs,TS2,1647877241.773777
/54321/drone001/attrs,TS2,1647877241.781382
/54321/drone001/attrs,TS2,1647877241.797683
/54321/drone001/attrs,TS2,1647877241.798256
/54321/drone001/attrs,TS2,1647877241.804015
/54321/drone001/attrs,TS2,1647877241.811632
/54321/drone001/attrs,TS2,1647877241.818984
/54321/drone001/attrs,TS2,1647877241.826622
/54321/drone001/attrs,TS2,1647877241.834192
/54321/drone001/attrs,TS2,1647877241.841704
/54321/drone001/attrs,TS2,1647877241.849284
/54321/drone001/attrs,TS2,1647877241.856826
/54321/drone001/attrs,TS2,1647877241.864528
/54321/drone001/attrs,TS2,1647877241.872048
/54321/drone001/attrs,TS2,1647877241.879514
/54321/drone001/attrs,TS2,1647877241.887118
/54321/drone001/attrs,TS2,1647877241.894702
/54321/drone001/attrs,TS2,1647877241.902277
/54321/drone001/attrs,TS2,1647877241.909865
/54321/drone001/attrs,TS2,1647877241.917446
/54321/drone001/attrs,TS2,1647877241.925080
/54321/drone001/attrs,TS2,1647877241.932623
/54321/drone001/attrs,TS2,1647877241.940119
/54321/drone001/attrs,TS2,1647877241.947749
/54321/drone001/attrs,TS2,1647877241.955322
/54321/drone001/attrs,TS2,1647877241.962852
/54321/drone001/attrs,TS2,1647877241.970380
/54321/drone001/attrs,TS2,1647877241.977968
/54321/drone001/attrs,TS2,1647877241.985533
/54321/drone001/attrs,TS2,1647877241.993162
/54321/drone001/attrs,TS2,1647877242.715
/54321/drone001/attrs,TS2,1647877242.8806
/54321/drone001/attrs,TS2,1647877242.15885
/54321/drone001/attrs,TS2,1647877242.23410
/54321/drone001/attrs,TS2,1647877242.30998
/54321/drone001/attrs,TS2,1647877242.38336
/54321/drone001/attrs,TS2,1647877242.46152
/54321/drone001/attrs,TS2,1647877242.53684
/54321/drone001/attrs,TS2,1647877242.61241
/54321/drone001/attrs,TS2,1647877242.68721
/54321/drone001/attrs,TS2,1647877242.76338
/54321/drone001/attrs,TS2,1647877242.83885
/54321/drone001/attrs,TS2,1647877242.91503
/54321/drone001/attrs,TS2,1647877242.99119
/54321/drone001/attrs,TS2,1647877242.106613
/54321/drone001/attrs,TS2,1647877242.114225
/54321/drone001/attrs,TS2,1647877242.121705
/54321/drone001/attrs,TS2,1647877242.129781
/54321/drone001/attrs,TS2,1647877242.137368
/54321/drone001/attrs,TS2,1647877242.145000
/54321/drone001/attrs,TS2,1647877242.152456
/54321/drone001/attrs,TS2,1647877242.160045
/54321/drone001/attrs,TS2,1647877242.167539
/54321/drone001/attrs,TS2,1647877242.175106
/54321/drone001/attrs,TS2,1647877242.182677
/54321/drone001/attrs,TS2,1647877242.190292
/54321/drone001/attrs,TS2,1647877242.198035
/54321/drone001/attrs,TS2,1647877242.205525
/54321/drone001/attrs,TS2,1647877242.213151
/54321/drone001/attrs,TS2,1647877242.220798
/54321/drone001/attrs,TS2,1647877242.228210
/54321/drone001/attrs,TS2,1647877242.235923
/54321/drone001/attrs,TS2,1647877242.243454
/54321/drone001/attrs,TS2,1647877242.250990
/54321/drone001/attrs,TS2,1647877242.258416
/54321/drone001/attrs,TS2,1647877242.266041
/54321/drone001/attrs,TS2,1647877242.273651
/54321/drone001/attrs,TS2,1647877242.281143
/54321/drone001/attrs,TS2,1647877242.288809
/54321/drone001/attrs,TS2,1647877242.296313
/54321/drone001/attrs,TS2,1647877242.303878
/54321/drone001/attrs,TS2,1647877242.311485
/54321/drone001/attrs,TS2,1647877242.318872
/54321/drone001/attrs,TS2,1647877242.326624
/54321/drone001/attrs,TS2,1647877242.334619
/54321/drone001/attrs,TS2,1647877242.341795
/54321/drone001/attrs,TS2,1647877242.349315
/54321/drone001/attrs,TS2,1647877242.356930
/54321/drone001/attrs,TS2,1647877242.364435
/54321/drone001/attrs,TS2,1647877242.371912
/54321/drone001/attrs,TS2,1647877242.379596
/54321/drone001/attrs,TS2,1647877242.387093
/54321/drone001/attrs,TS2,1647877242.394696
/54321/drone001/attrs,TS2,1647877242.402269
/54321/drone001/attrs,TS2,1647877242.409927
/54321/drone001/attrs,TS2,1647877242.417622
/54321/drone001/attrs,TS2,1647877242.425044
/54321/drone001/attrs,TS2,1647877242.432622
/54321/drone001/attrs,TS2,1647877242.440087
/54321/drone001/attrs,TS2,1647877242.447674
/54321/drone001/attrs,TS2,1647877242.455363
/54321/drone001/attrs,TS2,1647877242.463109
/54321/drone001/attrs,TS2,1647877242.470660
/54321/drone001/attrs,TS2,1647877242.478197
/54321/drone001/attrs,TS2,1647877242.485751
/54321/drone001/attrs,TS2,1647877242.493317
/54321/drone001/attrs,TS2,1647877242.500781
/54321/drone001/attrs,TS2,1647877242.508290
/54321/drone001/attrs,TS2,1647877242.516034
/54321/drone001/attrs,TS2,1647877242.523669
/54321/drone001/attrs,TS2,1647877242.531225
/54321/drone001/attrs,TS2,1647877242.538672
/54321/drone001/attrs,TS2,1647877242.546090
/54321/drone001/attrs,TS2,1647877242.553750
/54321/drone001/attrs,TS2,1647877242.561426
/54321/drone001/attrs,TS2,1647877242.569035
/54321/drone001/attrs,TS2,1647877242.576413
/54321/drone001/attrs,TS2,1647877242.584043
/54321/drone001/attrs,TS2,1647877242.598294
/54321/drone001/attrs,TS2,1647877242.606141
/54321/drone001/attrs,TS2,1647877242.613709
/54321/drone001/attrs,TS2,1647877242.621147
/54321/drone001/attrs,TS2,1647877242.628803
/54321/drone001/attrs,TS2,1647877242.636231
/54321/drone001/attrs,TS2,1647877242.643889
/54321/drone001/attrs,TS2,1647877242.651401
/54321/drone001/attrs,TS2,1647877242.659686
/54321/drone001/attrs,TS2,1647877242.666516
/54321/drone001/attrs,TS2,1647877242.674091
/54321/drone001/attrs,TS2,1647877242.681714
/54321/drone001/attrs,TS2,1647877242.689220
/54321/drone001/attrs,TS2,1647877242.696814
/54321/drone001/attrs,TS2,1647877242.704408
/54321/drone001/attrs,TS2,1647877242.711893
/54321/drone001/attrs,TS2,1647877242.719550
/54321/drone001/attrs,TS2,1647877242.727069
/54321/drone001/attrs,TS2,1647877242.734679
/54321/drone001/attrs,TS2,1647877242.742046
/54321/drone001/attrs,TS2,1647877242.749845
/54321/drone001/attrs,TS2,1647877242.757428
/54321/drone001/attrs,TS2,1647877242.765002
/54321/drone001/attrs,TS2,1647877242.772531
/54321/drone001/attrs,TS2,1647877242.780037
/54321/drone001/attrs,TS2,1647877242.787539
/54321/drone001/attrs,TS2,1647877242.795206
/54321/drone001/attrs,TS2,1647877242.802781
/54321/drone001/attrs,TS2,1647877242.810381
/54321/drone001/attrs,TS2,1647877242.818040
/54321/drone001/attrs,TS2,1647877242.825632
/54321/drone001/attrs,TS2,1647877242.833112
/54321/drone001/attrs,TS2,1647877242.840551
/54321/drone001/attrs,TS2,1647877242.848073
/54321/drone001/attrs,TS2,1647877242.855646
/54321/drone001/attrs,TS2,1647877242.863085
/54321/drone001/attrs,TS2,1647877242.870759
/54321/drone001/attrs,TS2,1647877242.878299
/54321/drone001/attrs,TS2,1647877242.885684
/54321/drone001/attrs,TS2,1647877242.893410
/54321/drone001/attrs,TS2,1647877242.901017
/54321/drone001/attrs,TS2,1647877242.908540
/54321/drone001/attrs,TS2,1647877242.916021
/54321/drone001/attrs,TS2,1647877242.923554
/54321/drone001/attrs,TS2,1647877242.931026
/54321/drone001/attrs,TS2,1647877242.938678
/54321/drone001/attrs,TS2,1647877242.946232
/54321/drone001/attrs,TS2,1647877242.953728
/54321/drone001/attrs,TS2,1647877242.961289
/54321/drone001/attrs,TS2,1647877242.968960
/54321/drone001/attrs,TS2,1647877242.976454
/54321/drone001/attrs,TS2,1647877242.984073
/54321/drone001/attrs,TS2,1647877242.991610
/54321/drone001/attrs,TS2,1647877242.999202
/54321/drone001/attrs,TS2,1647877243.6633
/54321/drone001/attrs,TS2,1647877243.14416
/54321/drone001/attrs,TS2,1647877243.21851
/54321/drone001/attrs,TS2,1647877243.29454
/54321/drone001/attrs,TS2,1647877243.36840
/54321/drone001/attrs,TS2,1647877243.44427
/54321/drone001/attrs,TS2,1647877243.51931
/54321/drone001/attrs,TS2,1647877243.59535
/54321/drone001/attrs,TS2,1647877243.67094
/54321/drone001/attrs,TS2,1647877243.74642
/54321/drone001/attrs,TS2,1647877243.82148
/54321/drone001/attrs,TS2,1647877243.89773
/54321/drone001/attrs,TS2,1647877243.97443
/54321/drone001/attrs,TS2,1647877243.105137
/54321/drone001/attrs,TS2,1647877243.112723
/54321/drone001/attrs,TS2,1647877243.120293
/54321/drone001/attrs,TS2,1647877243.127949
/54321/drone001/attrs,TS2,1647877243.135357
/54321/drone001/attrs,TS2,1647877243.143053
/54321/drone001/attrs,TS2,1647877243.150640
/54321/drone001/attrs,TS2,1647877243.158162
/54321/drone001/attrs,TS2,1647877243.165875
/54321/drone001/attrs,TS2,1647877243.173402
/54321/drone001/attrs,TS2,1647877243.180952
/54321/drone001/attrs,TS2,1647877243.188536
/54321/drone001/attrs,TS2,1647877243.196219
/54321/drone001/attrs,TS2,1647877243.203555
/54321/drone001/attrs,TS2,1647877243.211143
/54321/drone001/attrs,TS2,1647877243.218763
/54321/drone001/attrs,TS2,1647877243.226319
/54321/drone001/attrs,TS2,1647877243.233964
/54321/drone001/attrs,TS2,1647877243.241542
/54321/drone001/attrs,TS2,1647877243.248958
/54321/drone001/attrs,TS2,1647877243.256558
/54321/drone001/attrs,TS2,1647877243.264127
/54321/drone001/attrs,TS2,1647877243.271663
/54321/drone001/attrs,TS2,1647877243.279214
/54321/drone001/attrs,TS2,1647877243.286788
/54321/drone001/attrs,TS2,1647877243.294305
/54321/drone001/attrs,TS2,1647877243.302261
/54321/drone001/attrs,TS2,1647877243.310553
/54321/drone001/attrs,TS2,1647877243.317455
/54321/drone001/attrs,TS2,1647877243.324884
/54321/drone001/attrs,TS2,1647877243.332603
/54321/drone001/attrs,TS2,1647877243.340086
/54321/drone001/attrs,TS2,1647877243.347715
/54321/drone001/attrs,TS2,1647877243.355366
/54321/drone001/attrs,TS2,1647877243.362861
/54321/drone001/attrs,TS2,1647877243.370423
/54321/drone001/attrs,TS2,1647877243.377864
/54321/drone001/attrs,TS2,1647877243.385383
/54321/drone001/attrs,TS2,1647877243.393151
/54321/drone001/attrs,TS2,1647877243.407157
/54321/drone001/attrs,TS2,1647877243.408155
/54321/drone001/attrs,TS2,1647877243.415593
/54321/drone001/attrs,TS2,1647877243.423116
/54321/drone001/attrs,TS2,1647877243.430692
/54321/drone001/attrs,TS2,1647877243.438370
/54321/drone001/attrs,TS2,1647877243.445961
/54321/drone001/attrs,TS2,1647877243.453494
/54321/drone001/attrs,TS2,1647877243.461086
/54321/drone001/attrs,TS2,1647877243.468634
/54321/drone001/attrs,TS2,1647877243.476223
/54321/drone001/attrs,TS2,1647877243.483761
/54321/drone001/attrs,TS2,1647877243.491326
/54321/drone001/attrs,TS2,1647877243.498935
/54321/drone001/attrs,TS2,1647877243.506377
/54321/drone001/attrs,TS2,1647877243.513979
/54321/drone001/attrs,TS2,1647877243.521379
/54321/drone001/attrs,TS2,1647877243.528827
/54321/drone001/attrs,TS2,1647877243.536634
/54321/drone001/attrs,TS2,1647877243.544166
/54321/drone001/attrs,TS2,1647877243.551561
/54321/drone001/attrs,TS2,1647877243.559172
/54321/drone001/attrs,TS2,1647877243.566792
/54321/drone001/attrs,TS2,1647877243.574287
/54321/drone001/attrs,TS2,1647877243.582001
/54321/drone001/attrs,TS2,1647877243.589430
/54321/drone001/attrs,TS2,1647877243.597195
/54321/drone001/attrs,TS2,1647877243.604714
/54321/drone001/attrs,TS2,1647877243.612273
/54321/drone001/attrs,TS2,1647877243.619753
/54321/drone001/attrs,TS2,1647877243.628024
/54321/drone001/attrs,TS2,1647877243.636014
/54321/drone001/attrs,TS2,1647877243.643118
/54321/drone001/attrs,TS2,1647877243.650705
/54321/drone001/attrs,TS2,1647877243.658188
/54321/drone001/attrs,TS2,1647877243.665603
/54321/drone001/attrs,TS2,1647877243.673394
/54321/drone001/attrs,TS2,1647877243.681068
/54321/drone001/attrs,TS2,1647877243.688580
/54321/drone001/attrs,TS2,1647877243.696104
/54321/drone001/attrs,TS2,1647877243.703639
/54321/drone001/attrs,TS2,1647877243.711209
/54321/drone001/attrs,TS2,1647877243.718724
/54321/drone001/attrs,TS2,1647877243.726300
/54321/drone001/attrs,TS2,1647877243.733839
/54321/drone001/attrs,TS2,1647877243.741424
/54321/drone001/attrs,TS2,1647877243.749071
/54321/drone001/attrs,TS2,1647877243.756637
/54321/drone001/attrs,TS2,1647877243.764184
/54321/drone001/attrs,TS2,1647877243.771703
/54321/drone001/attrs,TS2,1647877243.779317
/54321/drone001/attrs,TS2,1647877243.786859
/54321/drone001/attrs,TS2,1647877243.794388
/54321/drone001/attrs,TS2,1647877243.801956
/54321/drone001/attrs,TS2,1647877243.809509
/54321/drone001/attrs,TS2,1647877243.817111
/54321/drone001/attrs,TS2,1647877243.824687
/54321/drone001/attrs,TS2,1647877243.832178
/54321/drone001/attrs,TS2,1647877243.839705
/54321/drone001/attrs,TS2,1647877243.847367
/54321/drone001/attrs,TS2,1647877243.854865
/54321/drone001/attrs,TS2,1647877243.862391
/54321/drone001/attrs,TS2,1647877243.870053
/54321/drone001/attrs,TS2,1647877243.877562
/54321/drone001/attrs,TS2,1647877243.885118
/54321/drone001/attrs,TS2,1647877243.892675
/54321/drone001/attrs,TS2,1647877243.900209
/54321/drone001/attrs,TS2,1647877243.907766
/54321/drone001/attrs,TS2,1647877243.915395
/54321/drone001/attrs,TS2,1647877243.922820
/54321/drone001/attrs,TS2,1647877243.930501
/54321/drone001/attrs,TS2,1647877243.938139
/54321/drone001/attrs,TS2,1647877243.945668
/54321/drone001/attrs,TS2,1647877243.953687
/54321/drone001/attrs,TS2,1647877243.961660
/54321/drone001/attrs,TS2,1647877243.968763
/54321/drone001/attrs,TS2,1647877243.976418
/54321/drone001/attrs,TS2,1647877243.983973
/54321/drone001/attrs,TS2,1647877243.991496
/54321/drone001/attrs,TS2,1647877243.999008
/54321/drone001/attrs,TS2,1647877244.6789
/54321/drone001/attrs,TS2,1647877244.14273
/54321/drone001/attrs,TS2,1647877244.21952
/54321/drone001/attrs,TS2,1647877244.29509
/54321/drone001/attrs,TS2,1647877244.37075
/54321/drone001/attrs,TS2,1647877244.44651
/54321/drone001/attrs,TS2,1647877244.52145
/54321/drone001/attrs,TS2,1647877244.59724
/54321/drone001/attrs,TS2,1647877244.67286
/54321/drone001/attrs,TS2,1647877244.74982
/54321/drone001/attrs,TS2,1647877244.82390
/54321/drone001/attrs,TS2,1647877244.90131
/54321/drone001/attrs,TS2,1647877244.97723
/54321/drone001/attrs,TS2,1647877244.105204
/54321/drone001/attrs,TS2,1647877244.112877
/54321/drone001/attrs,TS2,1647877244.120371
/54321/drone001/attrs,TS2,1647877244.127926
/54321/drone001/attrs,TS2,1647877244.135585
/54321/drone001/attrs,TS2,1647877244.143062
/54321/drone001/attrs,TS2,1647877244.150623
/54321/drone001/attrs,TS2,1647877244.158117
/54321/drone001/attrs,TS2,1647877244.165748
/54321/drone001/attrs,TS2,1647877244.173117
/54321/drone001/attrs,TS2,1647877244.180801
/54321/drone001/attrs,TS2,1647877244.188421
/54321/drone001/attrs,TS2,1647877244.195892
/54321/drone001/attrs,TS2,1647877244.203524
/54321/drone001/attrs,TS2,1647877244.211023
/54321/drone001/attrs,TS2,1647877244.218653
/54321/drone001/attrs,TS2,1647877244.226112
/54321/drone001/attrs,TS2,1647877244.233740
/54321/drone001/attrs,TS2,1647877244.241189
/54321/drone001/attrs,TS2,1647877244.248726
/54321/drone001/attrs,TS2,1647877244.256302
/54321/drone001/attrs,TS2,1647877244.263822
/54321/drone001/attrs,TS2,1647877244.271421
/54321/drone001/attrs,TS2,1647877244.279325
/54321/drone001/attrs,TS2,1647877244.286789
/54321/drone001/attrs,TS2,1647877244.294411
/54321/drone001/attrs,TS2,1647877244.302009
/54321/drone001/attrs,TS2,1647877244.309680
/54321/drone001/attrs,TS2,1647877244.317185
/54321/drone001/attrs,TS2,1647877244.324745
/54321/drone001/attrs,TS2,1647877244.332258
/54321/drone001/attrs,TS2,1647877244.339768
/54321/drone001/attrs,TS2,1647877244.347329
/54321/drone001/attrs,TS2,1647877244.354874
/54321/drone001/attrs,TS2,1647877244.362445
/54321/drone001/attrs,TS2,1647877244.370042
/54321/drone001/attrs,TS2,1647877244.377519
/54321/drone001/attrs,TS2,1647877244.385125
/54321/drone001/attrs,TS2,1647877244.392674
/54321/drone001/attrs,TS2,1647877244.400181
/54321/drone001/attrs,TS2,1647877244.407752
/54321/drone001/attrs,TS2,1647877244.415364
/54321/drone001/attrs,TS2,1647877244.422866
/54321/drone001/attrs,TS2,1647877244.430375
/54321/drone001/attrs,TS2,1647877244.438088
/54321/drone001/attrs,TS2,1647877244.445659
/54321/drone001/attrs,TS2,1647877244.453219
/54321/drone001/attrs,TS2,1647877244.460764
/54321/drone001/attrs,TS2,1647877244.468369
/54321/drone001/attrs,TS2,1647877244.475873
/54321/drone001/attrs,TS2,1647877244.483412
/54321/drone001/attrs,TS2,1647877244.491027
/54321/drone001/attrs,TS2,1647877244.498386
/54321/drone001/attrs,TS2,1647877244.506099
/54321/drone001/attrs,TS2,1647877244.513485
/54321/drone001/attrs,TS2,1647877244.521179
/54321/drone001/attrs,TS2,1647877244.528682
/54321/drone001/attrs,TS2,1647877244.536213
/54321/drone001/attrs,TS2,1647877244.543787
/54321/drone001/attrs,TS2,1647877244.551327
/54321/drone001/attrs,TS2,1647877244.558927
/54321/drone001/attrs,TS2,1647877244.566510
/54321/drone001/attrs,TS2,1647877244.574046
/54321/drone001/attrs,TS2,1647877244.581614
/54321/drone001/attrs,TS2,1647877244.589183
/54321/drone001/attrs,TS2,1647877244.596695
/54321/drone001/attrs,TS2,1647877244.604824
/54321/drone001/attrs,TS2,1647877244.612367
/54321/drone001/attrs,TS2,1647877244.619965
/54321/drone001/attrs,TS2,1647877244.627519
/54321/drone001/attrs,TS2,1647877244.635068
/54321/drone001/attrs,TS2,1647877244.642693
/54321/drone001/attrs,TS2,1647877244.650217
/54321/drone001/attrs,TS2,1647877244.658008
/54321/drone001/attrs,TS2,1647877244.665115
/54321/drone001/attrs,TS2,1647877244.672844
/54321/drone001/attrs,TS2,1647877244.680384
/54321/drone001/attrs,TS2,1647877244.688012
/54321/drone001/attrs,TS2,1647877244.695553
/54321/drone001/attrs,TS2,1647877244.702994
/54321/drone001/attrs,TS2,1647877244.710603
/54321/drone001/attrs,TS2,1647877244.718119
/54321/drone001/attrs,TS2,1647877244.725734
/54321/drone001/attrs,TS2,1647877244.733166
/54321/drone001/attrs,TS2,1647877244.740809
/54321/drone001/attrs,TS2,1647877244.748412
/54321/drone001/attrs,TS2,1647877244.755875
/54321/drone001/attrs,TS2,1647877244.763513
/54321/drone001/attrs,TS2,1647877244.771209
/54321/drone001/attrs,TS2,1647877244.778807
/54321/drone001/attrs,TS2,1647877244.786214
/54321/drone001/attrs,TS2,1647877244.793763
/54321/drone001/attrs,TS2,1647877244.801385
/54321/drone001/attrs,TS2,1647877244.808962
/54321/drone001/attrs,TS2,1647877244.816580
/54321/drone001/attrs,TS2,1647877244.824064
/54321/drone001/attrs,TS2,1647877244.831646
/54321/drone001/attrs,TS2,1647877244.839132
/54321/drone001/attrs,TS2,1647877244.846717
/54321/drone001/attrs,TS2,1647877244.854285
/54321/drone001/attrs,TS2,1647877244.861784
/54321/drone001/attrs,TS2,1647877244.869374
/54321/drone001/attrs,TS2,1647877244.876940
/54321/drone001/attrs,TS2,1647877244.884398
/54321/drone001/attrs,TS2,1647877244.891943
/54321/drone001/attrs,TS2,1647877244.899512
/54321/drone001/attrs,TS2,1647877244.907104
/54321/drone001/attrs,TS2,1647877244.914552
/54321/drone001/attrs,TS2,1647877244.922138
/54321/drone001/attrs,TS2,1647877244.929699
/54321/drone001/attrs,TS2,1647877244.937631
/54321/drone001/attrs,TS2,1647877244.944888
/54321/drone001/attrs,TS2,1647877244.952483
/54321/drone001/attrs,TS2,1647877244.960035
/54321/drone001/attrs,TS2,1647877244.967582
/54321/drone001/attrs,TS2,1647877244.975100
/54321/drone001/attrs,TS2,1647877244.982691
/54321/drone001/attrs,TS2,1647877244.990234
/54321/drone001/attrs,TS2,1647877244.997737
/54321/drone001/attrs,TS2,1647877245.5358
/54321/drone001/attrs,TS2,1647877245.12919
/54321/drone001/attrs,TS2,1647877245.20401
/54321/drone001/attrs,TS2,1647877245.27986
/54321/drone001/attrs,TS2,1647877245.35515
/54321/drone001/attrs,TS2,1647877245.43113
/54321/drone001/attrs,TS2,1647877245.50665
/54321/drone001/attrs,TS2,1647877245.58249
/54321/drone001/attrs,TS2,1647877245.65779
/54321/drone001/attrs,TS2,1647877245.73351
/54321/drone001/attrs,TS2,1647877245.80998
/54321/drone001/attrs,TS2,1647877245.88491
/54321/drone001/attrs,TS2,1647877245.96037
/54321/drone001/attrs,TS2,1647877245.103614
/54321/drone001/attrs,TS2,1647877245.111083
/54321/drone001/attrs,TS2,1647877245.118739
/54321/drone001/attrs,TS2,1647877245.126227
/54321/drone001/attrs,TS2,1647877245.133718
/54321/drone001/attrs,TS2,1647877245.141517
/54321/drone001/attrs,TS2,1647877245.148984
/54321/drone001/attrs,TS2,1647877245.156597
/54321/drone001/attrs,TS2,1647877245.164073
/54321/drone001/attrs,TS2,1647877245.171669
/54321/drone001/attrs,TS2,1647877245.179084
/54321/drone001/attrs,TS2,1647877245.186624
/54321/drone001/attrs,TS2,1647877245.194217
/54321/drone001/attrs,TS2,1647877245.201708
/54321/drone001/attrs,TS2,1647877245.209304
/54321/drone001/attrs,TS2,1647877245.216922
/54321/drone001/attrs,TS2,1647877245.224413
/54321/drone001/attrs,TS2,1647877245.231967
/54321/drone001/attrs,TS2,1647877245.239575
/54321/drone001/attrs,TS2,1647877245.247121
/54321/drone001/attrs,TS2,1647877245.254813
/54321/drone001/attrs,TS2,1647877245.262989
/54321/drone001/attrs,TS2,1647877245.270062
/54321/drone001/attrs,TS2,1647877245.277602
/54321/drone001/attrs,TS2,1647877245.285157
/54321/drone001/attrs,TS2,1647877245.292824
/54321/drone001/attrs,TS2,1647877245.300298
/54321/drone001/attrs,TS2,1647877245.307991
/54321/drone001/attrs,TS2,1647877245.315525
/54321/drone001/attrs,TS2,1647877245.322990
/54321/drone001/attrs,TS2,1647877245.330391
/54321/drone001/attrs,TS2,1647877245.338066
/54321/drone001/attrs,TS2,1647877245.345698
/54321/drone001/attrs,TS2,1647877245.353255
/54321/drone001/attrs,TS2,1647877245.360883
/54321/drone001/attrs,TS2,1647877245.368403
/54321/drone001/attrs,TS2,1647877245.375922
/54321/drone001/attrs,TS2,1647877245.383567
/54321/drone001/attrs,TS2,1647877245.391104
/54321/drone001/attrs,TS2,1647877245.398655
/54321/drone001/attrs,TS2,1647877245.406124
/54321/drone001/attrs,TS2,1647877245.413742
/54321/drone001/attrs,TS2,1647877245.421271
/54321/drone001/attrs,TS2,1647877245.428995
/54321/drone001/attrs,TS2,1647877245.436489
/54321/drone001/attrs,TS2,1647877245.444013
/54321/drone001/attrs,TS2,1647877245.451472
/54321/drone001/attrs,TS2,1647877245.458991
/54321/drone001/attrs,TS2,1647877245.466639
/54321/drone001/attrs,TS2,1647877245.474190
/54321/drone001/attrs,TS2,1647877245.481705
/54321/drone001/attrs,TS2,1647877245.489384
/54321/drone001/attrs,TS2,1647877245.496981
/54321/drone001/attrs,TS2,1647877245.504528
/54321/drone001/attrs,TS2,1647877245.511979
/54321/drone001/attrs,TS2,1647877245.519704
/54321/drone001/attrs,TS2,1647877245.527188
/54321/drone001/attrs,TS2,1647877245.534826
/54321/drone001/attrs,TS2,1647877245.542279
/54321/drone001/attrs,TS2,1647877245.549931
/54321/drone001/attrs,TS2,1647877245.557599
/54321/drone001/attrs,TS2,1647877245.565031
/54321/drone001/attrs,TS2,1647877245.572718
/54321/drone001/attrs,TS2,1647877245.580355
/54321/drone001/attrs,TS2,1647877245.588554
/54321/drone001/attrs,TS2,1647877245.595576
/54321/drone001/attrs,TS2,1647877245.603123
/54321/drone001/attrs,TS2,1647877245.610807
/54321/drone001/attrs,TS2,1647877245.618303
/54321/drone001/attrs,TS2,1647877245.626028
/54321/drone001/attrs,TS2,1647877245.633622
/54321/drone001/attrs,TS2,1647877245.641108
/54321/drone001/attrs,TS2,1647877245.648825
/54321/drone001/attrs,TS2,1647877245.656366
/54321/drone001/attrs,TS2,1647877245.663970
/54321/drone001/attrs,TS2,1647877245.671593
/54321/drone001/attrs,TS2,1647877245.679151
/54321/drone001/attrs,TS2,1647877245.686698
/54321/drone001/attrs,TS2,1647877245.694178
/54321/drone001/attrs,TS2,1647877245.701847
/54321/drone001/attrs,TS2,1647877245.709527
/54321/drone001/attrs,TS2,1647877245.717093
/54321/drone001/attrs,TS2,1647877245.724670
/54321/drone001/attrs,TS2,1647877245.732196
/54321/drone001/attrs,TS2,1647877245.739703
/54321/drone001/attrs,TS2,1647877245.747374
/54321/drone001/attrs,TS2,1647877245.754978
/54321/drone001/attrs,TS2,1647877245.762557
/54321/drone001/attrs,TS2,1647877245.770170
/54321/drone001/attrs,TS2,1647877245.777632
/54321/drone001/attrs,TS2,1647877245.785219
/54321/drone001/attrs,TS2,1647877245.792824
/54321/drone001/attrs,TS2,1647877245.800501
/54321/drone001/attrs,TS2,1647877245.808176
/54321/drone001/attrs,TS2,1647877245.815818
/54321/drone001/attrs,TS2,1647877245.823369
/54321/drone001/attrs,TS2,1647877245.830961
/54321/drone001/attrs,TS2,1647877245.838575
/54321/drone001/attrs,TS2,1647877245.846134
/54321/drone001/attrs,TS2,1647877245.853539
/54321/drone001/attrs,TS2,1647877245.861369
/54321/drone001/attrs,TS2,1647877245.869055
/54321/drone001/attrs,TS2,1647877245.876667
/54321/drone001/attrs,TS2,1647877245.884198
/54321/drone001/attrs,TS2,1647877245.891875
/54321/drone001/attrs,TS2,1647877245.899504
/54321/drone001/attrs,TS2,1647877245.907711
/54321/drone001/attrs,TS2,1647877245.915136
/54321/drone001/attrs,TS2,1647877245.922782
/54321/drone001/attrs,TS2,1647877245.930539
/54321/drone001/attrs,TS2,1647877245.938169
/54321/drone001/attrs,TS2,1647877245.945817
/54321/drone001/attrs,TS2,1647877245.953402
/54321/drone001/attrs,TS2,1647877245.961103
/54321/drone001/attrs,TS2,1647877245.968695
/54321/drone001/attrs,TS2,1647877245.976228
/54321/drone001/attrs,TS2,1647877245.983846
/54321/drone001/attrs,TS2,1647877245.991413
/54321/drone001/attrs,TS2,1647877245.999073
/54321/drone001/attrs,TS2,1647877246.6728
/54321/drone001/attrs,TS2,1647877246.14323
/54321/drone001/attrs,TS2,1647877246.21870
/54321/drone001/attrs,TS2,1647877246.29651
/54321/drone001/attrs,TS2,1647877246.37221
/54321/drone001/attrs,TS2,1647877246.44797
/54321/drone001/attrs,TS2,1647877246.52395
/54321/drone001/attrs,TS2,1647877246.60142
/54321/drone001/attrs,TS2,1647877246.67727
/54321/drone001/attrs,TS2,1647877246.75358
/54321/drone001/attrs,TS2,1647877246.82977
/54321/drone001/attrs,TS2,1647877246.90539
/54321/drone001/attrs,TS2,1647877246.98192
/54321/drone001/attrs,TS2,1647877246.105809
/54321/drone001/attrs,TS2,1647877246.113427
/54321/drone001/attrs,TS2,1647877246.120856
/54321/drone001/attrs,TS2,1647877246.128633
/54321/drone001/attrs,TS2,1647877246.136270
/54321/drone001/attrs,TS2,1647877246.143923
/54321/drone001/attrs,TS2,1647877246.151526
/54321/drone001/attrs,TS2,1647877246.159011
/54321/drone001/attrs,TS2,1647877246.166652
/54321/drone001/attrs,TS2,1647877246.174699
/54321/drone001/attrs,TS2,1647877246.181705
/54321/drone001/attrs,TS2,1647877246.189432
/54321/drone001/attrs,TS2,1647877246.197011
/54321/drone001/attrs,TS2,1647877246.204515
/54321/drone001/attrs,TS2,1647877246.211910
/54321/drone001/attrs,TS2,1647877246.219645
/54321/drone001/attrs,TS2,1647877246.227210
/54321/drone001/attrs,TS2,1647877246.234541
/54321/drone001/attrs,TS2,1647877246.242170
/54321/drone001/attrs,TS2,1647877246.250007
/54321/drone001/attrs,TS2,1647877246.257532
/54321/drone001/attrs,TS2,1647877246.264944
/54321/drone001/attrs,TS2,1647877246.272664
/54321/drone001/attrs,TS2,1647877246.280368
/54321/drone001/attrs,TS2,1647877246.287843
/54321/drone001/attrs,TS2,1647877246.295207
/54321/drone001/attrs,TS2,1647877246.302949
/54321/drone001/attrs,TS2,1647877246.310628
/54321/drone001/attrs,TS2,1647877246.318150
/54321/drone001/attrs,TS2,1647877246.325647
/54321/drone001/attrs,TS2,1647877246.333323
/54321/drone001/attrs,TS2,1647877246.340885
/54321/drone001/attrs,TS2,1647877246.348369
/54321/drone001/attrs,TS2,1647877246.355864
/54321/drone001/attrs,TS2,1647877246.363381
/54321/drone001/attrs,TS2,1647877246.371001
/54321/drone001/attrs,TS2,1647877246.378671
/54321/drone001/attrs,TS2,1647877246.386136
/54321/drone001/attrs,TS2,1647877246.400849
/54321/drone001/attrs,TS2,1647877246.401723
/54321/drone001/attrs,TS2,1647877246.408759
/54321/drone001/attrs,TS2,1647877246.416431
/54321/drone001/attrs,TS2,1647877246.424010
/54321/drone001/attrs,TS2,1647877246.431521
/54321/drone001/attrs,TS2,1647877246.439139
/54321/drone001/attrs,TS2,1647877246.446565
/54321/drone001/attrs,TS2,1647877246.454184
/54321/drone001/attrs,TS2,1647877246.461717
/54321/drone001/attrs,TS2,1647877246.469390
/54321/drone001/attrs,TS2,1647877246.476986
/54321/drone001/attrs,TS2,1647877246.484641
/54321/drone001/attrs,TS2,1647877246.492177
/54321/drone001/attrs,TS2,1647877246.500352
/54321/drone001/attrs,TS2,1647877246.507263
/54321/drone001/attrs,TS2,1647877246.514838
/54321/drone001/attrs,TS2,1647877246.522318
/54321/drone001/attrs,TS2,1647877246.529897
/54321/drone001/attrs,TS2,1647877246.537521
/54321/drone001/attrs,TS2,1647877246.545089
/54321/drone001/attrs,TS2,1647877246.560203
/54321/drone001/attrs,TS2,1647877246.567812
/54321/drone001/attrs,TS2,1647877246.575279
/54321/drone001/attrs,TS2,1647877246.582946
/54321/drone001/attrs,TS2,1647877246.590448
/54321/drone001/attrs,TS2,1647877246.598062
/54321/drone001/attrs,TS2,1647877246.605635
/54321/drone001/attrs,TS2,1647877246.613266
/54321/drone001/attrs,TS2,1647877246.620742
/54321/drone001/attrs,TS2,1647877246.628340
/54321/drone001/attrs,TS2,1647877246.635809
/54321/drone001/attrs,TS2,1647877246.643420
/54321/drone001/attrs,TS2,1647877246.651093
/54321/drone001/attrs,TS2,1647877246.658627
/54321/drone001/attrs,TS2,1647877246.666184
/54321/drone001/attrs,TS2,1647877246.673846
/54321/drone001/attrs,TS2,1647877246.681323
/54321/drone001/attrs,TS2,1647877246.689130
/54321/drone001/attrs,TS2,1647877246.696581
/54321/drone001/attrs,TS2,1647877246.704182
/54321/drone001/attrs,TS2,1647877246.711875
/54321/drone001/attrs,TS2,1647877246.719492
/54321/drone001/attrs,TS2,1647877246.726989
/54321/drone001/attrs,TS2,1647877246.734569
/54321/drone001/attrs,TS2,1647877246.741948
/54321/drone001/attrs,TS2,1647877246.749712
/54321/drone001/attrs,TS2,1647877246.757089
/54321/drone001/attrs,TS2,1647877246.764843
/54321/drone001/attrs,TS2,1647877246.772377
/54321/drone001/attrs,TS2,1647877246.779933
/54321/drone001/attrs,TS2,1647877246.787520
/54321/drone001/attrs,TS2,1647877246.795016
/54321/drone001/attrs,TS2,1647877246.802444
/54321/drone001/attrs,TS2,1647877246.810104
/54321/drone001/attrs,TS2,1647877246.817681
/54321/drone001/attrs,TS2,1647877246.825626
/54321/drone001/attrs,TS2,1647877246.832955
/54321/drone001/attrs,TS2,1647877246.840552
/54321/drone001/attrs,TS2,1647877246.848125
/54321/drone001/attrs,TS2,1647877246.855785
/54321/drone001/attrs,TS2,1647877246.863208
/54321/drone001/attrs,TS2,1647877246.870844
/54321/drone001/attrs,TS2,1647877246.878548
/54321/drone001/attrs,TS2,1647877246.886054
/54321/drone001/attrs,TS2,1647877246.893697
/54321/drone001/attrs,TS2,1647877246.901178
/54321/drone001/attrs,TS2,1647877246.908824
/54321/drone001/attrs,TS2,1647877246.916346
/54321/drone001/attrs,TS2,1647877246.923858
/54321/drone001/attrs,TS2,1647877246.931485
/54321/drone001/attrs,TS2,1647877246.938999
/54321/drone001/attrs,TS2,1647877246.946625
/54321/drone001/attrs,TS2,1647877246.953994
/54321/drone001/attrs,TS2,1647877246.961657
/54321/drone001/attrs,TS2,1647877246.969343
/54321/drone001/attrs,TS2,1647877246.977004
/54321/drone001/attrs,TS2,1647877246.984524
/54321/drone001/attrs,TS2,1647877246.992105
/54321/drone001/attrs,TS2,1647877246.999635
/54321/drone001/attrs,TS2,1647877247.7198
/54321/drone001/attrs,TS2,1647877247.14888
/54321/drone001/attrs,TS2,1647877247.22402
/54321/drone001/attrs,TS2,1647877247.30065
/54321/drone001/attrs,TS2,1647877247.37655
/54321/drone001/attrs,TS2,1647877247.45182
/54321/drone001/attrs,TS2,1647877247.52778
/54321/drone001/attrs,TS2,1647877247.60348
