1647878915: Warning: Unable to drop privileges to 'mosquitto' because this user does not exist. Trying 'nobody' instead.
1647878915: mosquitto version 2.0.14 starting
1647878915: Config loaded from /etc/mosquitto/mosquitto.conf.
1647878915: Opening ipv4 listen socket on port 1883.
1647878915: Opening ipv6 listen socket on port 1883.
1647878915: mosquitto version 2.0.14 running
1647878966: New connection from 130.188.160.11:52334 on port 1883.
1647878966: New client connected from 130.188.160.11:52334 as iotaul_ddd6de40 (p2, c1, k60, u'px4').
1647878995: New connection from 130.188.160.13:40929 on port 1883.
1647878995: New client connected from 130.188.160.13:40929 as tester-pub (p2, c1, k60, u'px4').
TS2.1,1647878966.501823
/54321/drone001/attrs,TS2,1647878995.204763
/54321/drone001/attrs,TS2,1647878995.229585
/54321/drone001/attrs,TS2,1647878995.255279
/54321/drone001/attrs,TS2,1647878995.281061
/54321/drone001/attrs,TS2,1647878995.306654
/54321/drone001/attrs,TS2,1647878995.332231
/54321/drone001/attrs,TS2,1647878995.357813
/54321/drone001/attrs,TS2,1647878995.383260
/54321/drone001/attrs,TS2,1647878995.408824
/54321/drone001/attrs,TS2,1647878995.434427
/54321/drone001/attrs,TS2,1647878995.459940
/54321/drone001/attrs,TS2,1647878995.485621
/54321/drone001/attrs,TS2,1647878995.511206
/54321/drone001/attrs,TS2,1647878995.536829
/54321/drone001/attrs,TS2,1647878995.562385
/54321/drone001/attrs,TS2,1647878995.588022
/54321/drone001/attrs,TS2,1647878995.613574
/54321/drone001/attrs,TS2,1647878995.639004
/54321/drone001/attrs,TS2,1647878995.664759
/54321/drone001/attrs,TS2,1647878995.690273
/54321/drone001/attrs,TS2,1647878995.715819
/54321/drone001/attrs,TS2,1647878995.741421
/54321/drone001/attrs,TS2,1647878995.766997
/54321/drone001/attrs,TS2,1647878995.792567
/54321/drone001/attrs,TS2,1647878995.818193
/54321/drone001/attrs,TS2,1647878995.843692
/54321/drone001/attrs,TS2,1647878995.869196
/54321/drone001/attrs,TS2,1647878995.894928
/54321/drone001/attrs,TS2,1647878995.920427
/54321/drone001/attrs,TS2,1647878995.946125
/54321/drone001/attrs,TS2,1647878995.971687
/54321/drone001/attrs,TS2,1647878995.997318
/54321/drone001/attrs,TS2,1647878996.22864
/54321/drone001/attrs,TS2,1647878996.48524
/54321/drone001/attrs,TS2,1647878996.74116
/54321/drone001/attrs,TS2,1647878996.99749
/54321/drone001/attrs,TS2,1647878996.125358
/54321/drone001/attrs,TS2,1647878996.150949
/54321/drone001/attrs,TS2,1647878996.176393
/54321/drone001/attrs,TS2,1647878996.202023
/54321/drone001/attrs,TS2,1647878996.227605
/54321/drone001/attrs,TS2,1647878996.253105
/54321/drone001/attrs,TS2,1647878996.278675
/54321/drone001/attrs,TS2,1647878996.304374
/54321/drone001/attrs,TS2,1647878996.329986
/54321/drone001/attrs,TS2,1647878996.355708
/54321/drone001/attrs,TS2,1647878996.381142
/54321/drone001/attrs,TS2,1647878996.406717
/54321/drone001/attrs,TS2,1647878996.432277
/54321/drone001/attrs,TS2,1647878996.457904
/54321/drone001/attrs,TS2,1647878996.483551
/54321/drone001/attrs,TS2,1647878996.509149
/54321/drone001/attrs,TS2,1647878996.534745
/54321/drone001/attrs,TS2,1647878996.560429
/54321/drone001/attrs,TS2,1647878996.585933
/54321/drone001/attrs,TS2,1647878996.611532
/54321/drone001/attrs,TS2,1647878996.637151
/54321/drone001/attrs,TS2,1647878996.662730
/54321/drone001/attrs,TS2,1647878996.688440
/54321/drone001/attrs,TS2,1647878996.714104
/54321/drone001/attrs,TS2,1647878996.739600
/54321/drone001/attrs,TS2,1647878996.765383
/54321/drone001/attrs,TS2,1647878996.790953
/54321/drone001/attrs,TS2,1647878996.816613
/54321/drone001/attrs,TS2,1647878996.842117
/54321/drone001/attrs,TS2,1647878996.867815
/54321/drone001/attrs,TS2,1647878996.893364
/54321/drone001/attrs,TS2,1647878996.918943
/54321/drone001/attrs,TS2,1647878996.944571
/54321/drone001/attrs,TS2,1647878996.970155
/54321/drone001/attrs,TS2,1647878996.995674
/54321/drone001/attrs,TS2,1647878997.21254
/54321/drone001/attrs,TS2,1647878997.46935
/54321/drone001/attrs,TS2,1647878997.72456
/54321/drone001/attrs,TS2,1647878997.98083
/54321/drone001/attrs,TS2,1647878997.123705
/54321/drone001/attrs,TS2,1647878997.149225
/54321/drone001/attrs,TS2,1647878997.174784
/54321/drone001/attrs,TS2,1647878997.200426
/54321/drone001/attrs,TS2,1647878997.225923
/54321/drone001/attrs,TS2,1647878997.251732
/54321/drone001/attrs,TS2,1647878997.277394
/54321/drone001/attrs,TS2,1647878997.302967
/54321/drone001/attrs,TS2,1647878997.328523
/54321/drone001/attrs,TS2,1647878997.354132
/54321/drone001/attrs,TS2,1647878997.379681
/54321/drone001/attrs,TS2,1647878997.405273
/54321/drone001/attrs,TS2,1647878997.430863
/54321/drone001/attrs,TS2,1647878997.456380
/54321/drone001/attrs,TS2,1647878997.481928
/54321/drone001/attrs,TS2,1647878997.507627
/54321/drone001/attrs,TS2,1647878997.533205
/54321/drone001/attrs,TS2,1647878997.558740
/54321/drone001/attrs,TS2,1647878997.584817
/54321/drone001/attrs,TS2,1647878997.610391
/54321/drone001/attrs,TS2,1647878997.635989
/54321/drone001/attrs,TS2,1647878997.661537
/54321/drone001/attrs,TS2,1647878997.687133
/54321/drone001/attrs,TS2,1647878997.712694
/54321/drone001/attrs,TS2,1647878997.738157
/54321/drone001/attrs,TS2,1647878997.763769
/54321/drone001/attrs,TS2,1647878997.789220
/54321/drone001/attrs,TS2,1647878997.814924
/54321/drone001/attrs,TS2,1647878997.840620
/54321/drone001/attrs,TS2,1647878997.866152
/54321/drone001/attrs,TS2,1647878997.891756
/54321/drone001/attrs,TS2,1647878997.917351
/54321/drone001/attrs,TS2,1647878997.948959
/54321/drone001/attrs,TS2,1647878997.968522
/54321/drone001/attrs,TS2,1647878997.994079
/54321/drone001/attrs,TS2,1647878998.19733
/54321/drone001/attrs,TS2,1647878998.45259
/54321/drone001/attrs,TS2,1647878998.70905
/54321/drone001/attrs,TS2,1647878998.96523
/54321/drone001/attrs,TS2,1647878998.122140
/54321/drone001/attrs,TS2,1647878998.147758
/54321/drone001/attrs,TS2,1647878998.173223
/54321/drone001/attrs,TS2,1647878998.198872
/54321/drone001/attrs,TS2,1647878998.224492
/54321/drone001/attrs,TS2,1647878998.250090
/54321/drone001/attrs,TS2,1647878998.275904
/54321/drone001/attrs,TS2,1647878998.301386
/54321/drone001/attrs,TS2,1647878998.327042
/54321/drone001/attrs,TS2,1647878998.352556
/54321/drone001/attrs,TS2,1647878998.378114
/54321/drone001/attrs,TS2,1647878998.403678
/54321/drone001/attrs,TS2,1647878998.429234
/54321/drone001/attrs,TS2,1647878998.454835
/54321/drone001/attrs,TS2,1647878998.480372
/54321/drone001/attrs,TS2,1647878998.505924
/54321/drone001/attrs,TS2,1647878998.531684
/54321/drone001/attrs,TS2,1647878998.557286
/54321/drone001/attrs,TS2,1647878998.582840
/54321/drone001/attrs,TS2,1647878998.608406
/54321/drone001/attrs,TS2,1647878998.634130
/54321/drone001/attrs,TS2,1647878998.659707
/54321/drone001/attrs,TS2,1647878998.685329
/54321/drone001/attrs,TS2,1647878998.710889
/54321/drone001/attrs,TS2,1647878998.736539
/54321/drone001/attrs,TS2,1647878998.762112
/54321/drone001/attrs,TS2,1647878998.787740
/54321/drone001/attrs,TS2,1647878998.813383
/54321/drone001/attrs,TS2,1647878998.838948
/54321/drone001/attrs,TS2,1647878998.864592
/54321/drone001/attrs,TS2,1647878998.890088
/54321/drone001/attrs,TS2,1647878998.915782
/54321/drone001/attrs,TS2,1647878998.941327
/54321/drone001/attrs,TS2,1647878998.966894
/54321/drone001/attrs,TS2,1647878998.992423
/54321/drone001/attrs,TS2,1647878999.18080
/54321/drone001/attrs,TS2,1647878999.43798
/54321/drone001/attrs,TS2,1647878999.69403
/54321/drone001/attrs,TS2,1647878999.94887
/54321/drone001/attrs,TS2,1647878999.120453
/54321/drone001/attrs,TS2,1647878999.146137
/54321/drone001/attrs,TS2,1647878999.171790
/54321/drone001/attrs,TS2,1647878999.197378
/54321/drone001/attrs,TS2,1647878999.222905
/54321/drone001/attrs,TS2,1647878999.248588
/54321/drone001/attrs,TS2,1647878999.274164
/54321/drone001/attrs,TS2,1647878999.299756
/54321/drone001/attrs,TS2,1647878999.325349
/54321/drone001/attrs,TS2,1647878999.351699
/54321/drone001/attrs,TS2,1647878999.376686
/54321/drone001/attrs,TS2,1647878999.402219
/54321/drone001/attrs,TS2,1647878999.427893
/54321/drone001/attrs,TS2,1647878999.453406
/54321/drone001/attrs,TS2,1647878999.478917
/54321/drone001/attrs,TS2,1647878999.504678
/54321/drone001/attrs,TS2,1647878999.530245
/54321/drone001/attrs,TS2,1647878999.555843
/54321/drone001/attrs,TS2,1647878999.581501
/54321/drone001/attrs,TS2,1647878999.606986
/54321/drone001/attrs,TS2,1647878999.632617
/54321/drone001/attrs,TS2,1647878999.658227
/54321/drone001/attrs,TS2,1647878999.683833
/54321/drone001/attrs,TS2,1647878999.709404
/54321/drone001/attrs,TS2,1647878999.734952
/54321/drone001/attrs,TS2,1647878999.760617
/54321/drone001/attrs,TS2,1647878999.786205
/54321/drone001/attrs,TS2,1647878999.811833
/54321/drone001/attrs,TS2,1647878999.837430
/54321/drone001/attrs,TS2,1647878999.862981
/54321/drone001/attrs,TS2,1647878999.888611
/54321/drone001/attrs,TS2,1647878999.914146
/54321/drone001/attrs,TS2,1647878999.939857
/54321/drone001/attrs,TS2,1647878999.965410
/54321/drone001/attrs,TS2,1647878999.990995
/54321/drone001/attrs,TS2,1647879000.16512
/54321/drone001/attrs,TS2,1647879000.41978
/54321/drone001/attrs,TS2,1647879000.68259
/54321/drone001/attrs,TS2,1647879000.93192
/54321/drone001/attrs,TS2,1647879000.118799
/54321/drone001/attrs,TS2,1647879000.144308
/54321/drone001/attrs,TS2,1647879000.169972
/54321/drone001/attrs,TS2,1647879000.195532
/54321/drone001/attrs,TS2,1647879000.221102
/54321/drone001/attrs,TS2,1647879000.246643
/54321/drone001/attrs,TS2,1647879000.272220
/54321/drone001/attrs,TS2,1647879000.297730
/54321/drone001/attrs,TS2,1647879000.323426
/54321/drone001/attrs,TS2,1647879000.349101
/54321/drone001/attrs,TS2,1647879000.374730
/54321/drone001/attrs,TS2,1647879000.400294
/54321/drone001/attrs,TS2,1647879000.425906
/54321/drone001/attrs,TS2,1647879000.451514
/54321/drone001/attrs,TS2,1647879000.477158
/54321/drone001/attrs,TS2,1647879000.502659
/54321/drone001/attrs,TS2,1647879000.528236
/54321/drone001/attrs,TS2,1647879000.553959
/54321/drone001/attrs,TS2,1647879000.579476
/54321/drone001/attrs,TS2,1647879000.605221
/54321/drone001/attrs,TS2,1647879000.630722
/54321/drone001/attrs,TS2,1647879000.656399
/54321/drone001/attrs,TS2,1647879000.682019
/54321/drone001/attrs,TS2,1647879000.707511
/54321/drone001/attrs,TS2,1647879000.733084
/54321/drone001/attrs,TS2,1647879000.758641
/54321/drone001/attrs,TS2,1647879000.784986
/54321/drone001/attrs,TS2,1647879000.809936
/54321/drone001/attrs,TS2,1647879000.835554
/54321/drone001/attrs,TS2,1647879000.861114
/54321/drone001/attrs,TS2,1647879000.886810
/54321/drone001/attrs,TS2,1647879000.912268
/54321/drone001/attrs,TS2,1647879000.937997
/54321/drone001/attrs,TS2,1647879000.963601
/54321/drone001/attrs,TS2,1647879000.989195
/54321/drone001/attrs,TS2,1647879001.14850
/54321/drone001/attrs,TS2,1647879001.40386
/54321/drone001/attrs,TS2,1647879001.66116
/54321/drone001/attrs,TS2,1647879001.91671
/54321/drone001/attrs,TS2,1647879001.117329
/54321/drone001/attrs,TS2,1647879001.142936
/54321/drone001/attrs,TS2,1647879001.168576
/54321/drone001/attrs,TS2,1647879001.194173
/54321/drone001/attrs,TS2,1647879001.219787
/54321/drone001/attrs,TS2,1647879001.245394
/54321/drone001/attrs,TS2,1647879001.271112
/54321/drone001/attrs,TS2,1647879001.296685
/54321/drone001/attrs,TS2,1647879001.322379
/54321/drone001/attrs,TS2,1647879001.347879
/54321/drone001/attrs,TS2,1647879001.373421
/54321/drone001/attrs,TS2,1647879001.399092
/54321/drone001/attrs,TS2,1647879001.424724
/54321/drone001/attrs,TS2,1647879001.450424
/54321/drone001/attrs,TS2,1647879001.475993
/54321/drone001/attrs,TS2,1647879001.502164
/54321/drone001/attrs,TS2,1647879001.527373
/54321/drone001/attrs,TS2,1647879001.552796
/54321/drone001/attrs,TS2,1647879001.578184
/54321/drone001/attrs,TS2,1647879001.603850
/54321/drone001/attrs,TS2,1647879001.629139
/54321/drone001/attrs,TS2,1647879001.654872
/54321/drone001/attrs,TS2,1647879001.680503
/54321/drone001/attrs,TS2,1647879001.706244
/54321/drone001/attrs,TS2,1647879001.731701
/54321/drone001/attrs,TS2,1647879001.757489
/54321/drone001/attrs,TS2,1647879001.782985
/54321/drone001/attrs,TS2,1647879001.808609
/54321/drone001/attrs,TS2,1647879001.834060
/54321/drone001/attrs,TS2,1647879001.859673
/54321/drone001/attrs,TS2,1647879001.885679
/54321/drone001/attrs,TS2,1647879001.911245
/54321/drone001/attrs,TS2,1647879001.936975
/54321/drone001/attrs,TS2,1647879001.962535
/54321/drone001/attrs,TS2,1647879001.988092
/54321/drone001/attrs,TS2,1647879002.13568
/54321/drone001/attrs,TS2,1647879002.39056
/54321/drone001/attrs,TS2,1647879002.64720
/54321/drone001/attrs,TS2,1647879002.90283
/54321/drone001/attrs,TS2,1647879002.115918
/54321/drone001/attrs,TS2,1647879002.141521
/54321/drone001/attrs,TS2,1647879002.167082
/54321/drone001/attrs,TS2,1647879002.192710
/54321/drone001/attrs,TS2,1647879002.218157
/54321/drone001/attrs,TS2,1647879002.243641
/54321/drone001/attrs,TS2,1647879002.269115
/54321/drone001/attrs,TS2,1647879002.294641
/54321/drone001/attrs,TS2,1647879002.320027
/54321/drone001/attrs,TS2,1647879002.345607
/54321/drone001/attrs,TS2,1647879002.371142
/54321/drone001/attrs,TS2,1647879002.396877
/54321/drone001/attrs,TS2,1647879002.422498
/54321/drone001/attrs,TS2,1647879002.448137
/54321/drone001/attrs,TS2,1647879002.473661
/54321/drone001/attrs,TS2,1647879002.499187
/54321/drone001/attrs,TS2,1647879002.524781
/54321/drone001/attrs,TS2,1647879002.550368
/54321/drone001/attrs,TS2,1647879002.575940
/54321/drone001/attrs,TS2,1647879002.602111
/54321/drone001/attrs,TS2,1647879002.627827
/54321/drone001/attrs,TS2,1647879002.653227
/54321/drone001/attrs,TS2,1647879002.678926
/54321/drone001/attrs,TS2,1647879002.704563
/54321/drone001/attrs,TS2,1647879002.730024
/54321/drone001/attrs,TS2,1647879002.755658
/54321/drone001/attrs,TS2,1647879002.781173
/54321/drone001/attrs,TS2,1647879002.806686
/54321/drone001/attrs,TS2,1647879002.832368
/54321/drone001/attrs,TS2,1647879002.857925
/54321/drone001/attrs,TS2,1647879002.883442
/54321/drone001/attrs,TS2,1647879002.909004
/54321/drone001/attrs,TS2,1647879002.934656
/54321/drone001/attrs,TS2,1647879002.960048
/54321/drone001/attrs,TS2,1647879002.985712
/54321/drone001/attrs,TS2,1647879003.11260
/54321/drone001/attrs,TS2,1647879003.36854
/54321/drone001/attrs,TS2,1647879003.62437
/54321/drone001/attrs,TS2,1647879003.87983
/54321/drone001/attrs,TS2,1647879003.113622
/54321/drone001/attrs,TS2,1647879003.139263
/54321/drone001/attrs,TS2,1647879003.164962
/54321/drone001/attrs,TS2,1647879003.190441
/54321/drone001/attrs,TS2,1647879003.216023
/54321/drone001/attrs,TS2,1647879003.241638
/54321/drone001/attrs,TS2,1647879003.267191
/54321/drone001/attrs,TS2,1647879003.292855
/54321/drone001/attrs,TS2,1647879003.318749
/54321/drone001/attrs,TS2,1647879003.344431
/54321/drone001/attrs,TS2,1647879003.370024
/54321/drone001/attrs,TS2,1647879003.395644
/54321/drone001/attrs,TS2,1647879003.421244
/54321/drone001/attrs,TS2,1647879003.446883
/54321/drone001/attrs,TS2,1647879003.472272
/54321/drone001/attrs,TS2,1647879003.497869
/54321/drone001/attrs,TS2,1647879003.523522
/54321/drone001/attrs,TS2,1647879003.549135
/54321/drone001/attrs,TS2,1647879003.574663
/54321/drone001/attrs,TS2,1647879003.600235
/54321/drone001/attrs,TS2,1647879003.625827
/54321/drone001/attrs,TS2,1647879003.651405
/54321/drone001/attrs,TS2,1647879003.677092
/54321/drone001/attrs,TS2,1647879003.702586
/54321/drone001/attrs,TS2,1647879003.728145
/54321/drone001/attrs,TS2,1647879003.753697
/54321/drone001/attrs,TS2,1647879003.779178
/54321/drone001/attrs,TS2,1647879003.804782
/54321/drone001/attrs,TS2,1647879003.830415
/54321/drone001/attrs,TS2,1647879003.855962
/54321/drone001/attrs,TS2,1647879003.881583
/54321/drone001/attrs,TS2,1647879003.907102
/54321/drone001/attrs,TS2,1647879003.932722
/54321/drone001/attrs,TS2,1647879003.958375
/54321/drone001/attrs,TS2,1647879003.983927
/54321/drone001/attrs,TS2,1647879004.9486
/54321/drone001/attrs,TS2,1647879004.35272
/54321/drone001/attrs,TS2,1647879004.60954
/54321/drone001/attrs,TS2,1647879004.86546
/54321/drone001/attrs,TS2,1647879004.112139
/54321/drone001/attrs,TS2,1647879004.137763
/54321/drone001/attrs,TS2,1647879004.163406
/54321/drone001/attrs,TS2,1647879004.188941
/54321/drone001/attrs,TS2,1647879004.214449
/54321/drone001/attrs,TS2,1647879004.240048
/54321/drone001/attrs,TS2,1647879004.265713
/54321/drone001/attrs,TS2,1647879004.291299
/54321/drone001/attrs,TS2,1647879004.316923
/54321/drone001/attrs,TS2,1647879004.342513
/54321/drone001/attrs,TS2,1647879004.368182
/54321/drone001/attrs,TS2,1647879004.393827
/54321/drone001/attrs,TS2,1647879004.419354
/54321/drone001/attrs,TS2,1647879004.445096
/54321/drone001/attrs,TS2,1647879004.470542
/54321/drone001/attrs,TS2,1647879004.496096
/54321/drone001/attrs,TS2,1647879004.521713
/54321/drone001/attrs,TS2,1647879004.547380
/54321/drone001/attrs,TS2,1647879004.572810
/54321/drone001/attrs,TS2,1647879004.598434
/54321/drone001/attrs,TS2,1647879004.623994
/54321/drone001/attrs,TS2,1647879004.649569
/54321/drone001/attrs,TS2,1647879004.675247
/54321/drone001/attrs,TS2,1647879004.700774
/54321/drone001/attrs,TS2,1647879004.726347
/54321/drone001/attrs,TS2,1647879004.751996
/54321/drone001/attrs,TS2,1647879004.777636
/54321/drone001/attrs,TS2,1647879004.803200
/54321/drone001/attrs,TS2,1647879004.828938
/54321/drone001/attrs,TS2,1647879004.854437
/54321/drone001/attrs,TS2,1647879004.880017
/54321/drone001/attrs,TS2,1647879004.905670
/54321/drone001/attrs,TS2,1647879004.931190
/54321/drone001/attrs,TS2,1647879004.956835
/54321/drone001/attrs,TS2,1647879004.982402
/54321/drone001/attrs,TS2,1647879005.7930
/54321/drone001/attrs,TS2,1647879005.33518
/54321/drone001/attrs,TS2,1647879005.59036
/54321/drone001/attrs,TS2,1647879005.84698
/54321/drone001/attrs,TS2,1647879005.110313
/54321/drone001/attrs,TS2,1647879005.135977
/54321/drone001/attrs,TS2,1647879005.161600
/54321/drone001/attrs,TS2,1647879005.187159
/54321/drone001/attrs,TS2,1647879005.212758
/54321/drone001/attrs,TS2,1647879005.238367
/54321/drone001/attrs,TS2,1647879005.263968
/54321/drone001/attrs,TS2,1647879005.289637
/54321/drone001/attrs,TS2,1647879005.315164
/54321/drone001/attrs,TS2,1647879005.340826
/54321/drone001/attrs,TS2,1647879005.366331
/54321/drone001/attrs,TS2,1647879005.391999
/54321/drone001/attrs,TS2,1647879005.417573
/54321/drone001/attrs,TS2,1647879005.443144
/54321/drone001/attrs,TS2,1647879005.468689
/54321/drone001/attrs,TS2,1647879005.494276
/54321/drone001/attrs,TS2,1647879005.519867
/54321/drone001/attrs,TS2,1647879005.545415
/54321/drone001/attrs,TS2,1647879005.571020
/54321/drone001/attrs,TS2,1647879005.596570
/54321/drone001/attrs,TS2,1647879005.622090
/54321/drone001/attrs,TS2,1647879005.647739
/54321/drone001/attrs,TS2,1647879005.673255
/54321/drone001/attrs,TS2,1647879005.698906
/54321/drone001/attrs,TS2,1647879005.724486
/54321/drone001/attrs,TS2,1647879005.750086
/54321/drone001/attrs,TS2,1647879005.775710
/54321/drone001/attrs,TS2,1647879005.801246
/54321/drone001/attrs,TS2,1647879005.826927
/54321/drone001/attrs,TS2,1647879005.852491
/54321/drone001/attrs,TS2,1647879005.878054
/54321/drone001/attrs,TS2,1647879005.903700
/54321/drone001/attrs,TS2,1647879005.929244
/54321/drone001/attrs,TS2,1647879005.954909
/54321/drone001/attrs,TS2,1647879005.980438
/54321/drone001/attrs,TS2,1647879006.6081
/54321/drone001/attrs,TS2,1647879006.31623
/54321/drone001/attrs,TS2,1647879006.57240
/54321/drone001/attrs,TS2,1647879006.82916
/54321/drone001/attrs,TS2,1647879006.108425
/54321/drone001/attrs,TS2,1647879006.134080
/54321/drone001/attrs,TS2,1647879006.159704
/54321/drone001/attrs,TS2,1647879006.185322
/54321/drone001/attrs,TS2,1647879006.210928
/54321/drone001/attrs,TS2,1647879006.236514
/54321/drone001/attrs,TS2,1647879006.262095
/54321/drone001/attrs,TS2,1647879006.287739
/54321/drone001/attrs,TS2,1647879006.313322
/54321/drone001/attrs,TS2,1647879006.338919
/54321/drone001/attrs,TS2,1647879006.364446
/54321/drone001/attrs,TS2,1647879006.390004
/54321/drone001/attrs,TS2,1647879006.415594
/54321/drone001/attrs,TS2,1647879006.441183
/54321/drone001/attrs,TS2,1647879006.466680
/54321/drone001/attrs,TS2,1647879006.492251
/54321/drone001/attrs,TS2,1647879006.517787
/54321/drone001/attrs,TS2,1647879006.543551
/54321/drone001/attrs,TS2,1647879006.569111
/54321/drone001/attrs,TS2,1647879006.594760
/54321/drone001/attrs,TS2,1647879006.620301
/54321/drone001/attrs,TS2,1647879006.645953
/54321/drone001/attrs,TS2,1647879006.671587
/54321/drone001/attrs,TS2,1647879006.697068
/54321/drone001/attrs,TS2,1647879006.722748
/54321/drone001/attrs,TS2,1647879006.748336
/54321/drone001/attrs,TS2,1647879006.773958
/54321/drone001/attrs,TS2,1647879006.799482
/54321/drone001/attrs,TS2,1647879006.825136
/54321/drone001/attrs,TS2,1647879006.850708
/54321/drone001/attrs,TS2,1647879006.876290
/54321/drone001/attrs,TS2,1647879006.901879
/54321/drone001/attrs,TS2,1647879006.927499
/54321/drone001/attrs,TS2,1647879006.953064
/54321/drone001/attrs,TS2,1647879006.978546
/54321/drone001/attrs,TS2,1647879007.4167
/54321/drone001/attrs,TS2,1647879007.29827
/54321/drone001/attrs,TS2,1647879007.55412
/54321/drone001/attrs,TS2,1647879007.81040
/54321/drone001/attrs,TS2,1647879007.106486
/54321/drone001/attrs,TS2,1647879007.132099
/54321/drone001/attrs,TS2,1647879007.157674
/54321/drone001/attrs,TS2,1647879007.183312
/54321/drone001/attrs,TS2,1647879007.208985
/54321/drone001/attrs,TS2,1647879007.234448
/54321/drone001/attrs,TS2,1647879007.260062
/54321/drone001/attrs,TS2,1647879007.285676
/54321/drone001/attrs,TS2,1647879007.311168
/54321/drone001/attrs,TS2,1647879007.336697
/54321/drone001/attrs,TS2,1647879007.362339
/54321/drone001/attrs,TS2,1647879007.387921
/54321/drone001/attrs,TS2,1647879007.413677
/54321/drone001/attrs,TS2,1647879007.439260
/54321/drone001/attrs,TS2,1647879007.464812
/54321/drone001/attrs,TS2,1647879007.490402
/54321/drone001/attrs,TS2,1647879007.516036
/54321/drone001/attrs,TS2,1647879007.541649
/54321/drone001/attrs,TS2,1647879007.567235
/54321/drone001/attrs,TS2,1647879007.592943
/54321/drone001/attrs,TS2,1647879007.618497
/54321/drone001/attrs,TS2,1647879007.644025
/54321/drone001/attrs,TS2,1647879007.669627
/54321/drone001/attrs,TS2,1647879007.695280
/54321/drone001/attrs,TS2,1647879007.720854
/54321/drone001/attrs,TS2,1647879007.746433
/54321/drone001/attrs,TS2,1647879007.772007
/54321/drone001/attrs,TS2,1647879007.797634
/54321/drone001/attrs,TS2,1647879007.823237
/54321/drone001/attrs,TS2,1647879007.848702
/54321/drone001/attrs,TS2,1647879007.874414
/54321/drone001/attrs,TS2,1647879007.900056
/54321/drone001/attrs,TS2,1647879007.925612
/54321/drone001/attrs,TS2,1647879007.951097
/54321/drone001/attrs,TS2,1647879007.976787
/54321/drone001/attrs,TS2,1647879008.2373
/54321/drone001/attrs,TS2,1647879008.28063
/54321/drone001/attrs,TS2,1647879008.53600
/54321/drone001/attrs,TS2,1647879008.79198
/54321/drone001/attrs,TS2,1647879008.104937
/54321/drone001/attrs,TS2,1647879008.130496
/54321/drone001/attrs,TS2,1647879008.156041
/54321/drone001/attrs,TS2,1647879008.181699
/54321/drone001/attrs,TS2,1647879008.207313
/54321/drone001/attrs,TS2,1647879008.232754
/54321/drone001/attrs,TS2,1647879008.258541
/54321/drone001/attrs,TS2,1647879008.284195
/54321/drone001/attrs,TS2,1647879008.309784
/54321/drone001/attrs,TS2,1647879008.335489
/54321/drone001/attrs,TS2,1647879008.361082
/54321/drone001/attrs,TS2,1647879008.386703
/54321/drone001/attrs,TS2,1647879008.412286
/54321/drone001/attrs,TS2,1647879008.437837
/54321/drone001/attrs,TS2,1647879008.463562
/54321/drone001/attrs,TS2,1647879008.489166
/54321/drone001/attrs,TS2,1647879008.514715
/54321/drone001/attrs,TS2,1647879008.540321
/54321/drone001/attrs,TS2,1647879008.565988
/54321/drone001/attrs,TS2,1647879008.591608
/54321/drone001/attrs,TS2,1647879008.617188
/54321/drone001/attrs,TS2,1647879008.642825
/54321/drone001/attrs,TS2,1647879008.668269
/54321/drone001/attrs,TS2,1647879008.693989
/54321/drone001/attrs,TS2,1647879008.719606
/54321/drone001/attrs,TS2,1647879008.745228
/54321/drone001/attrs,TS2,1647879008.770837
/54321/drone001/attrs,TS2,1647879008.797046
/54321/drone001/attrs,TS2,1647879008.822139
/54321/drone001/attrs,TS2,1647879008.847703
/54321/drone001/attrs,TS2,1647879008.873257
/54321/drone001/attrs,TS2,1647879008.898867
/54321/drone001/attrs,TS2,1647879008.924560
/54321/drone001/attrs,TS2,1647879008.950132
/54321/drone001/attrs,TS2,1647879008.975710
/54321/drone001/attrs,TS2,1647879009.1362
/54321/drone001/attrs,TS2,1647879009.27029
/54321/drone001/attrs,TS2,1647879009.52639
/54321/drone001/attrs,TS2,1647879009.78225
/54321/drone001/attrs,TS2,1647879009.103819
/54321/drone001/attrs,TS2,1647879009.129440
/54321/drone001/attrs,TS2,1647879009.155041
/54321/drone001/attrs,TS2,1647879009.180647
/54321/drone001/attrs,TS2,1647879009.206187
/54321/drone001/attrs,TS2,1647879009.231799
/54321/drone001/attrs,TS2,1647879009.257390
/54321/drone001/attrs,TS2,1647879009.283028
/54321/drone001/attrs,TS2,1647879009.308554
/54321/drone001/attrs,TS2,1647879009.334177
/54321/drone001/attrs,TS2,1647879009.359852
/54321/drone001/attrs,TS2,1647879009.385356
/54321/drone001/attrs,TS2,1647879009.411005
/54321/drone001/attrs,TS2,1647879009.436655
/54321/drone001/attrs,TS2,1647879009.462194
/54321/drone001/attrs,TS2,1647879009.487845
/54321/drone001/attrs,TS2,1647879009.514062
/54321/drone001/attrs,TS2,1647879009.539022
/54321/drone001/attrs,TS2,1647879009.564632
/54321/drone001/attrs,TS2,1647879009.590212
/54321/drone001/attrs,TS2,1647879009.615860
/54321/drone001/attrs,TS2,1647879009.641429
/54321/drone001/attrs,TS2,1647879009.667107
/54321/drone001/attrs,TS2,1647879009.692631
/54321/drone001/attrs,TS2,1647879009.718200
/54321/drone001/attrs,TS2,1647879009.743861
/54321/drone001/attrs,TS2,1647879009.769377
/54321/drone001/attrs,TS2,1647879009.795030
/54321/drone001/attrs,TS2,1647879009.820681
/54321/drone001/attrs,TS2,1647879009.846246
/54321/drone001/attrs,TS2,1647879009.871845
/54321/drone001/attrs,TS2,1647879009.897483
/54321/drone001/attrs,TS2,1647879009.923072
/54321/drone001/attrs,TS2,1647879009.948630
/54321/drone001/attrs,TS2,1647879009.974271
/54321/drone001/attrs,TS2,1647879009.999967
/54321/drone001/attrs,TS2,1647879010.25610
/54321/drone001/attrs,TS2,1647879010.51192
/54321/drone001/attrs,TS2,1647879010.76724
/54321/drone001/attrs,TS2,1647879010.102374
/54321/drone001/attrs,TS2,1647879010.128056
/54321/drone001/attrs,TS2,1647879010.153534
/54321/drone001/attrs,TS2,1647879010.179156
/54321/drone001/attrs,TS2,1647879010.204637
/54321/drone001/attrs,TS2,1647879010.230806
/54321/drone001/attrs,TS2,1647879010.255831
/54321/drone001/attrs,TS2,1647879010.281406
/54321/drone001/attrs,TS2,1647879010.307081
/54321/drone001/attrs,TS2,1647879010.332606
/54321/drone001/attrs,TS2,1647879010.358163
/54321/drone001/attrs,TS2,1647879010.383828
/54321/drone001/attrs,TS2,1647879010.409382
/54321/drone001/attrs,TS2,1647879010.434982
/54321/drone001/attrs,TS2,1647879010.460692
/54321/drone001/attrs,TS2,1647879010.486231
/54321/drone001/attrs,TS2,1647879010.511762
/54321/drone001/attrs,TS2,1647879010.537489
/54321/drone001/attrs,TS2,1647879010.563077
/54321/drone001/attrs,TS2,1647879010.588687
/54321/drone001/attrs,TS2,1647879010.614963
/54321/drone001/attrs,TS2,1647879010.640796
/54321/drone001/attrs,TS2,1647879010.666529
/54321/drone001/attrs,TS2,1647879010.692140
/54321/drone001/attrs,TS2,1647879010.717678
/54321/drone001/attrs,TS2,1647879010.743299
/54321/drone001/attrs,TS2,1647879010.768881
/54321/drone001/attrs,TS2,1647879010.794546
/54321/drone001/attrs,TS2,1647879010.820142
/54321/drone001/attrs,TS2,1647879010.845717
/54321/drone001/attrs,TS2,1647879010.871297
/54321/drone001/attrs,TS2,1647879010.896932
/54321/drone001/attrs,TS2,1647879010.922434
/54321/drone001/attrs,TS2,1647879010.948039
/54321/drone001/attrs,TS2,1647879010.973699
/54321/drone001/attrs,TS2,1647879010.999211
/54321/drone001/attrs,TS2,1647879011.24941
/54321/drone001/attrs,TS2,1647879011.50534
/54321/drone001/attrs,TS2,1647879011.76138
/54321/drone001/attrs,TS2,1647879011.101775
/54321/drone001/attrs,TS2,1647879011.127384
/54321/drone001/attrs,TS2,1647879011.153034
/54321/drone001/attrs,TS2,1647879011.178512
/54321/drone001/attrs,TS2,1647879011.204132
/54321/drone001/attrs,TS2,1647879011.229764
/54321/drone001/attrs,TS2,1647879011.255344
/54321/drone001/attrs,TS2,1647879011.281009
/54321/drone001/attrs,TS2,1647879011.306502
/54321/drone001/attrs,TS2,1647879011.332087
/54321/drone001/attrs,TS2,1647879011.357708
/54321/drone001/attrs,TS2,1647879011.383251
/54321/drone001/attrs,TS2,1647879011.408944
/54321/drone001/attrs,TS2,1647879011.434551
/54321/drone001/attrs,TS2,1647879011.460133
/54321/drone001/attrs,TS2,1647879011.485669
/54321/drone001/attrs,TS2,1647879011.511215
/54321/drone001/attrs,TS2,1647879011.536959
/54321/drone001/attrs,TS2,1647879011.562533
/54321/drone001/attrs,TS2,1647879011.588081
/54321/drone001/attrs,TS2,1647879011.613719
/54321/drone001/attrs,TS2,1647879011.639311
/54321/drone001/attrs,TS2,1647879011.664857
/54321/drone001/attrs,TS2,1647879011.690532
/54321/drone001/attrs,TS2,1647879011.716170
/54321/drone001/attrs,TS2,1647879011.741772
/54321/drone001/attrs,TS2,1647879011.767360
/54321/drone001/attrs,TS2,1647879011.792957
/54321/drone001/attrs,TS2,1647879011.818545
/54321/drone001/attrs,TS2,1647879011.844042
/54321/drone001/attrs,TS2,1647879011.869631
/54321/drone001/attrs,TS2,1647879011.895304
/54321/drone001/attrs,TS2,1647879011.920881
/54321/drone001/attrs,TS2,1647879011.946515
/54321/drone001/attrs,TS2,1647879011.972116
/54321/drone001/attrs,TS2,1647879011.997683
/54321/drone001/attrs,TS2,1647879012.23289
/54321/drone001/attrs,TS2,1647879012.48820
/54321/drone001/attrs,TS2,1647879012.74519
/54321/drone001/attrs,TS2,1647879012.100113
/54321/drone001/attrs,TS2,1647879012.125709
/54321/drone001/attrs,TS2,1647879012.151345
/54321/drone001/attrs,TS2,1647879012.176974
/54321/drone001/attrs,TS2,1647879012.202557
/54321/drone001/attrs,TS2,1647879012.228282
/54321/drone001/attrs,TS2,1647879012.253846
/54321/drone001/attrs,TS2,1647879012.279445
/54321/drone001/attrs,TS2,1647879012.305113
/54321/drone001/attrs,TS2,1647879012.330704
/54321/drone001/attrs,TS2,1647879012.356276
/54321/drone001/attrs,TS2,1647879012.381838
/54321/drone001/attrs,TS2,1647879012.407569
/54321/drone001/attrs,TS2,1647879012.433114
/54321/drone001/attrs,TS2,1647879012.458650
/54321/drone001/attrs,TS2,1647879012.484181
/54321/drone001/attrs,TS2,1647879012.510402
/54321/drone001/attrs,TS2,1647879012.535490
/54321/drone001/attrs,TS2,1647879012.561083
/54321/drone001/attrs,TS2,1647879012.586666
/54321/drone001/attrs,TS2,1647879012.612282
/54321/drone001/attrs,TS2,1647879012.637841
/54321/drone001/attrs,TS2,1647879012.663360
/54321/drone001/attrs,TS2,1647879012.688952
/54321/drone001/attrs,TS2,1647879012.714528
/54321/drone001/attrs,TS2,1647879012.739981
/54321/drone001/attrs,TS2,1647879012.765553
/54321/drone001/attrs,TS2,1647879012.791185
/54321/drone001/attrs,TS2,1647879012.816843
/54321/drone001/attrs,TS2,1647879012.842363
/54321/drone001/attrs,TS2,1647879012.867965
/54321/drone001/attrs,TS2,1647879012.893559
/54321/drone001/attrs,TS2,1647879012.919016
/54321/drone001/attrs,TS2,1647879012.944619
/54321/drone001/attrs,TS2,1647879012.970155
/54321/drone001/attrs,TS2,1647879012.995707
/54321/drone001/attrs,TS2,1647879013.21350
/54321/drone001/attrs,TS2,1647879013.46952
/54321/drone001/attrs,TS2,1647879013.72540
/54321/drone001/attrs,TS2,1647879013.98097
/54321/drone001/attrs,TS2,1647879013.123560
/54321/drone001/attrs,TS2,1647879013.149142
/54321/drone001/attrs,TS2,1647879013.174758
/54321/drone001/attrs,TS2,1647879013.200367
/54321/drone001/attrs,TS2,1647879013.225999
/54321/drone001/attrs,TS2,1647879013.251673
/54321/drone001/attrs,TS2,1647879013.277170
/54321/drone001/attrs,TS2,1647879013.302713
/54321/drone001/attrs,TS2,1647879013.328263
/54321/drone001/attrs,TS2,1647879013.353921
/54321/drone001/attrs,TS2,1647879013.379697
/54321/drone001/attrs,TS2,1647879013.405241
/54321/drone001/attrs,TS2,1647879013.430909
/54321/drone001/attrs,TS2,1647879013.456548
/54321/drone001/attrs,TS2,1647879013.482180
/54321/drone001/attrs,TS2,1647879013.507864
/54321/drone001/attrs,TS2,1647879013.533492
/54321/drone001/attrs,TS2,1647879013.559055
/54321/drone001/attrs,TS2,1647879013.584683
/54321/drone001/attrs,TS2,1647879013.610318
/54321/drone001/attrs,TS2,1647879013.635969
/54321/drone001/attrs,TS2,1647879013.661574
/54321/drone001/attrs,TS2,1647879013.687179
/54321/drone001/attrs,TS2,1647879013.712782
/54321/drone001/attrs,TS2,1647879013.738312
/54321/drone001/attrs,TS2,1647879013.763894
/54321/drone001/attrs,TS2,1647879013.789431
/54321/drone001/attrs,TS2,1647879013.815066
/54321/drone001/attrs,TS2,1647879013.840710
/54321/drone001/attrs,TS2,1647879013.866334
/54321/drone001/attrs,TS2,1647879013.891975
/54321/drone001/attrs,TS2,1647879013.917564
/54321/drone001/attrs,TS2,1647879013.943878
/54321/drone001/attrs,TS2,1647879013.968744
/54321/drone001/attrs,TS2,1647879013.994423
/54321/drone001/attrs,TS2,1647879014.20046
/54321/drone001/attrs,TS2,1647879014.45654
/54321/drone001/attrs,TS2,1647879014.71217
/54321/drone001/attrs,TS2,1647879014.96862
/54321/drone001/attrs,TS2,1647879014.122512
/54321/drone001/attrs,TS2,1647879014.148123
/54321/drone001/attrs,TS2,1647879014.173695
/54321/drone001/attrs,TS2,1647879014.199254
/54321/drone001/attrs,TS2,1647879014.224941
/54321/drone001/attrs,TS2,1647879014.250566
/54321/drone001/attrs,TS2,1647879014.276140
/54321/drone001/attrs,TS2,1647879014.301633
/54321/drone001/attrs,TS2,1647879014.327286
/54321/drone001/attrs,TS2,1647879014.353010
/54321/drone001/attrs,TS2,1647879014.378529
/54321/drone001/attrs,TS2,1647879014.404071
/54321/drone001/attrs,TS2,1647879014.429433
/54321/drone001/attrs,TS2,1647879014.455133
/54321/drone001/attrs,TS2,1647879014.480691
/54321/drone001/attrs,TS2,1647879014.506265
/54321/drone001/attrs,TS2,1647879014.531775
/54321/drone001/attrs,TS2,1647879014.557407
/54321/drone001/attrs,TS2,1647879014.582986
/54321/drone001/attrs,TS2,1647879014.608577
/54321/drone001/attrs,TS2,1647879014.634194
/54321/drone001/attrs,TS2,1647879014.660317
/54321/drone001/attrs,TS2,1647879014.685182
/54321/drone001/attrs,TS2,1647879014.710819
/54321/drone001/attrs,TS2,1647879014.736371
/54321/drone001/attrs,TS2,1647879014.762007
/54321/drone001/attrs,TS2,1647879014.787641
/54321/drone001/attrs,TS2,1647879014.813142
/54321/drone001/attrs,TS2,1647879014.838638
/54321/drone001/attrs,TS2,1647879014.864292
/54321/drone001/attrs,TS2,1647879014.889928
/54321/drone001/attrs,TS2,1647879014.915562
/54321/drone001/attrs,TS2,1647879014.941129
/54321/drone001/attrs,TS2,1647879014.966713
/54321/drone001/attrs,TS2,1647879014.992285
/54321/drone001/attrs,TS2,1647879015.17922
/54321/drone001/attrs,TS2,1647879015.43499
/54321/drone001/attrs,TS2,1647879015.69142
/54321/drone001/attrs,TS2,1647879015.94727
/54321/drone001/attrs,TS2,1647879015.120379
/54321/drone001/attrs,TS2,1647879015.145898
/54321/drone001/attrs,TS2,1647879015.171383
/54321/drone001/attrs,TS2,1647879015.197081
/54321/drone001/attrs,TS2,1647879015.222693
/54321/drone001/attrs,TS2,1647879015.248277
/54321/drone001/attrs,TS2,1647879015.273911
/54321/drone001/attrs,TS2,1647879015.299532
/54321/drone001/attrs,TS2,1647879015.324985
/54321/drone001/attrs,TS2,1647879015.350567
/54321/drone001/attrs,TS2,1647879015.376855
/54321/drone001/attrs,TS2,1647879015.401855
/54321/drone001/attrs,TS2,1647879015.427633
/54321/drone001/attrs,TS2,1647879015.453041
/54321/drone001/attrs,TS2,1647879015.478842
/54321/drone001/attrs,TS2,1647879015.504393
/54321/drone001/attrs,TS2,1647879015.530095
/54321/drone001/attrs,TS2,1647879015.555681
/54321/drone001/attrs,TS2,1647879015.581230
/54321/drone001/attrs,TS2,1647879015.606879
/54321/drone001/attrs,TS2,1647879015.632495
/54321/drone001/attrs,TS2,1647879015.658149
/54321/drone001/attrs,TS2,1647879015.683780
/54321/drone001/attrs,TS2,1647879015.709315
/54321/drone001/attrs,TS2,1647879015.734867
/54321/drone001/attrs,TS2,1647879015.760546
/54321/drone001/attrs,TS2,1647879015.786169
/54321/drone001/attrs,TS2,1647879015.811740
/54321/drone001/attrs,TS2,1647879015.837295
/54321/drone001/attrs,TS2,1647879015.862926
/54321/drone001/attrs,TS2,1647879015.888397
/54321/drone001/attrs,TS2,1647879015.913968
/54321/drone001/attrs,TS2,1647879015.939743
/54321/drone001/attrs,TS2,1647879015.965133
/54321/drone001/attrs,TS2,1647879015.990749
/54321/drone001/attrs,TS2,1647879016.16322
/54321/drone001/attrs,TS2,1647879016.42097
/54321/drone001/attrs,TS2,1647879016.67790
/54321/drone001/attrs,TS2,1647879016.93958
/54321/drone001/attrs,TS2,1647879016.118993
/54321/drone001/attrs,TS2,1647879016.144578
/54321/drone001/attrs,TS2,1647879016.170272
/54321/drone001/attrs,TS2,1647879016.195912
/54321/drone001/attrs,TS2,1647879016.221341
/54321/drone001/attrs,TS2,1647879016.246961
/54321/drone001/attrs,TS2,1647879016.272529
/54321/drone001/attrs,TS2,1647879016.298124
/54321/drone001/attrs,TS2,1647879016.323671
/54321/drone001/attrs,TS2,1647879016.349373
/54321/drone001/attrs,TS2,1647879016.374900
/54321/drone001/attrs,TS2,1647879016.400288
/54321/drone001/attrs,TS2,1647879016.426147
/54321/drone001/attrs,TS2,1647879016.451685
/54321/drone001/attrs,TS2,1647879016.477148
/54321/drone001/attrs,TS2,1647879016.502800
/54321/drone001/attrs,TS2,1647879016.528342
/54321/drone001/attrs,TS2,1647879016.554133
/54321/drone001/attrs,TS2,1647879016.579985
/54321/drone001/attrs,TS2,1647879016.605556
/54321/drone001/attrs,TS2,1647879016.631144
/54321/drone001/attrs,TS2,1647879016.656497
/54321/drone001/attrs,TS2,1647879016.682173
/54321/drone001/attrs,TS2,1647879016.707798
/54321/drone001/attrs,TS2,1647879016.733553
/54321/drone001/attrs,TS2,1647879016.758860
/54321/drone001/attrs,TS2,1647879016.784567
/54321/drone001/attrs,TS2,1647879016.810701
/54321/drone001/attrs,TS2,1647879016.836039
/54321/drone001/attrs,TS2,1647879016.861326
/54321/drone001/attrs,TS2,1647879016.887171
/54321/drone001/attrs,TS2,1647879016.912779
/54321/drone001/attrs,TS2,1647879016.938395
/54321/drone001/attrs,TS2,1647879016.963936
/54321/drone001/attrs,TS2,1647879016.989540
/54321/drone001/attrs,TS2,1647879017.15140
/54321/drone001/attrs,TS2,1647879017.40734
/54321/drone001/attrs,TS2,1647879017.66227
/54321/drone001/attrs,TS2,1647879017.91880
/54321/drone001/attrs,TS2,1647879017.117588
/54321/drone001/attrs,TS2,1647879017.143045
/54321/drone001/attrs,TS2,1647879017.168671
/54321/drone001/attrs,TS2,1647879017.194448
/54321/drone001/attrs,TS2,1647879017.219856
/54321/drone001/attrs,TS2,1647879017.245409
/54321/drone001/attrs,TS2,1647879017.270928
/54321/drone001/attrs,TS2,1647879017.296549
/54321/drone001/attrs,TS2,1647879017.322387
/54321/drone001/attrs,TS2,1647879017.347773
/54321/drone001/attrs,TS2,1647879017.373349
/54321/drone001/attrs,TS2,1647879017.398817
/54321/drone001/attrs,TS2,1647879017.424506
/54321/drone001/attrs,TS2,1647879017.450183
/54321/drone001/attrs,TS2,1647879017.475901
/54321/drone001/attrs,TS2,1647879017.501334
/54321/drone001/attrs,TS2,1647879017.527632
/54321/drone001/attrs,TS2,1647879017.552636
/54321/drone001/attrs,TS2,1647879017.578085
/54321/drone001/attrs,TS2,1647879017.603872
/54321/drone001/attrs,TS2,1647879017.629357
/54321/drone001/attrs,TS2,1647879017.655090
/54321/drone001/attrs,TS2,1647879017.680498
/54321/drone001/attrs,TS2,1647879017.706252
/54321/drone001/attrs,TS2,1647879017.731872
/54321/drone001/attrs,TS2,1647879017.757289
/54321/drone001/attrs,TS2,1647879017.783015
/54321/drone001/attrs,TS2,1647879017.808415
/54321/drone001/attrs,TS2,1647879017.834129
/54321/drone001/attrs,TS2,1647879017.859932
/54321/drone001/attrs,TS2,1647879017.885525
/54321/drone001/attrs,TS2,1647879017.910942
/54321/drone001/attrs,TS2,1647879017.936742
/54321/drone001/attrs,TS2,1647879017.962200
/54321/drone001/attrs,TS2,1647879017.987952
/54321/drone001/attrs,TS2,1647879018.13445
/54321/drone001/attrs,TS2,1647879018.39101
/54321/drone001/attrs,TS2,1647879018.64630
/54321/drone001/attrs,TS2,1647879018.90197
/54321/drone001/attrs,TS2,1647879018.115905
/54321/drone001/attrs,TS2,1647879018.141441
/54321/drone001/attrs,TS2,1647879018.167053
/54321/drone001/attrs,TS2,1647879018.192664
/54321/drone001/attrs,TS2,1647879018.218076
/54321/drone001/attrs,TS2,1647879018.244286
/54321/drone001/attrs,TS2,1647879018.269385
/54321/drone001/attrs,TS2,1647879018.294885
/54321/drone001/attrs,TS2,1647879018.320690
/54321/drone001/attrs,TS2,1647879018.346277
/54321/drone001/attrs,TS2,1647879018.371890
/54321/drone001/attrs,TS2,1647879018.397431
/54321/drone001/attrs,TS2,1647879018.423042
/54321/drone001/attrs,TS2,1647879018.448620
/54321/drone001/attrs,TS2,1647879018.474275
/54321/drone001/attrs,TS2,1647879018.499857
/54321/drone001/attrs,TS2,1647879018.525438
/54321/drone001/attrs,TS2,1647879018.551077
/54321/drone001/attrs,TS2,1647879018.576686
/54321/drone001/attrs,TS2,1647879018.602262
/54321/drone001/attrs,TS2,1647879018.627885
/54321/drone001/attrs,TS2,1647879018.653520
/54321/drone001/attrs,TS2,1647879018.679003
/54321/drone001/attrs,TS2,1647879018.704680
/54321/drone001/attrs,TS2,1647879018.730259
/54321/drone001/attrs,TS2,1647879018.755847
/54321/drone001/attrs,TS2,1647879018.781524
/54321/drone001/attrs,TS2,1647879018.807050
/54321/drone001/attrs,TS2,1647879018.832642
/54321/drone001/attrs,TS2,1647879018.858318
/54321/drone001/attrs,TS2,1647879018.883935
/54321/drone001/attrs,TS2,1647879018.909548
/54321/drone001/attrs,TS2,1647879018.935107
/54321/drone001/attrs,TS2,1647879018.961246
/54321/drone001/attrs,TS2,1647879018.986265
/54321/drone001/attrs,TS2,1647879019.11760
/54321/drone001/attrs,TS2,1647879019.37498
/54321/drone001/attrs,TS21647879020: Client tester-pub closed its connection.
1647879058: Client iotaul_ddd6de40 closed its connection.
1647879060: mosquitto version 2.0.14 terminating
,1647879019.63077
/54321/drone001/attrs,TS2,1647879019.88585
/54321/drone001/attrs,TS2,1647879019.114284
/54321/drone001/attrs,TS2,1647879019.139909
/54321/drone001/attrs,TS2,1647879019.165447
/54321/drone001/attrs,TS2,1647879019.191137
/54321/drone001/attrs,TS2,1647879019.216697
/54321/drone001/attrs,TS2,1647879019.242204
/54321/drone001/attrs,TS2,1647879019.267762
/54321/drone001/attrs,TS2,1647879019.293366
/54321/drone001/attrs,TS2,1647879019.318963
/54321/drone001/attrs,TS2,1647879019.344637
/54321/drone001/attrs,TS2,1647879019.370197
/54321/drone001/attrs,TS2,1647879019.395750
/54321/drone001/attrs,TS2,1647879019.421291
/54321/drone001/attrs,TS2,1647879019.446961
/54321/drone001/attrs,TS2,1647879019.472493
/54321/drone001/attrs,TS2,1647879019.498020
/54321/drone001/attrs,TS2,1647879019.523688
/54321/drone001/attrs,TS2,1647879019.549181
/54321/drone001/attrs,TS2,1647879019.574944
/54321/drone001/attrs,TS2,1647879019.600596
/54321/drone001/attrs,TS2,1647879019.626175
/54321/drone001/attrs,TS2,1647879019.651857
/54321/drone001/attrs,TS2,1647879019.677939
/54321/drone001/attrs,TS2,1647879019.703091
/54321/drone001/attrs,TS2,1647879019.728609
/54321/drone001/attrs,TS2,1647879019.754181
/54321/drone001/attrs,TS2,1647879019.779773
/54321/drone001/attrs,TS2,1647879019.805388
/54321/drone001/attrs,TS2,1647879019.830971
/54321/drone001/attrs,TS2,1647879019.856578
/54321/drone001/attrs,TS2,1647879019.882202
/54321/drone001/attrs,TS2,1647879019.907845
/54321/drone001/attrs,TS2,1647879019.933401
/54321/drone001/attrs,TS2,1647879019.958973
/54321/drone001/attrs,TS2,1647879019.984635
/54321/drone001/attrs,TS2,1647879020.10216
/54321/drone001/attrs,TS2,1647879020.35723
/54321/drone001/attrs,TS2,1647879020.61261
/54321/drone001/attrs,TS2,1647879020.87010
/54321/drone001/attrs,TS2,1647879020.112668
/54321/drone001/attrs,TS2,1647879020.138229
/54321/drone001/attrs,TS2,1647879020.163895
/54321/drone001/attrs,TS2,1647879020.189554
/54321/drone001/attrs,TS2,1647879020.215164
/54321/drone001/attrs,TS2,1647879020.240739
/54321/drone001/attrs,TS2,1647879020.266291
/54321/drone001/attrs,TS2,1647879020.291876
/54321/drone001/attrs,TS2,1647879020.317569
/54321/drone001/attrs,TS2,1647879020.343131
/54321/drone001/attrs,TS2,1647879020.368737
/54321/drone001/attrs,TS2,1647879020.394746
/54321/drone001/attrs,TS2,1647879020.419917
/54321/drone001/attrs,TS2,1647879020.445517
/54321/drone001/attrs,TS2,1647879020.471043
/54321/drone001/attrs,TS2,1647879020.496598
/54321/drone001/attrs,TS2,1647879020.522182
/54321/drone001/attrs,TS2,1647879020.547786
/54321/drone001/attrs,TS2,1647879020.573436
/54321/drone001/attrs,TS2,1647879020.599024
/54321/drone001/attrs,TS2,1647879020.624675
/54321/drone001/attrs,TS2,1647879020.650279
/54321/drone001/attrs,TS2,1647879020.675768
/54321/drone001/attrs,TS2,1647879020.701419
/54321/drone001/attrs,TS2,1647879020.726996
/54321/drone001/attrs,TS2,1647879020.752600
/54321/drone001/attrs,TS2,1647879020.778656
