1647876252.863472,2022-03-21T15:24:13.267343755Z
1647876252.8991868,2022-03-21T15:24:13.411732533Z
1647876252.872239,2022-03-21T15:24:13.418238104Z
1647876252.876901,2022-03-21T15:24:13.423041495Z
1647876252.867764,2022-03-21T15:24:13.427028264Z
1647876252.8859358,2022-03-21T15:24:13.43038438Z
1647876252.8903828,2022-03-21T15:24:13.433872424Z
1647876252.9723415,2022-03-21T15:24:13.569735892Z
1647876253.0332458,2022-03-21T15:24:13.576131152Z
1647876252.9124746,2022-03-21T15:24:13.584273654Z
1647876253.0238721,2022-03-21T15:24:13.588949074Z
1647876252.8948257,2022-03-21T15:24:13.598562972Z
1647876252.944225,2022-03-21T15:24:13.605931773Z
1647876252.9817786,2022-03-21T15:24:13.60948364Z
1647876252.977001,2022-03-21T15:24:13.612648485Z
1647876252.926112,2022-03-21T15:24:13.616814717Z
1647876252.963013,2022-03-21T15:24:13.620034183Z
1647876252.9957957,2022-03-21T15:24:13.62273421Z
1647876252.9215655,2022-03-21T15:24:13.625354806Z
1647876253.0097718,2022-03-21T15:24:13.62872981Z
1647876252.9583213,2022-03-21T15:24:13.632339837Z
1647876253.0144823,2022-03-21T15:24:13.635232963Z
1647876252.948953,2022-03-21T15:24:13.638429029Z
1647876252.9864776,2022-03-21T15:24:13.650519902Z
1647876253.019167,2022-03-21T15:24:13.652790756Z
1647876253.0051224,2022-03-21T15:24:13.653662382Z
1647876252.9911485,2022-03-21T15:24:13.65778835Z
1647876252.9395833,2022-03-21T15:24:13.658055347Z
1647876252.881489,2022-03-21T15:24:13.658364805Z
1647876252.907964,2022-03-21T15:24:13.665358011Z
1647876252.9351437,2022-03-21T15:24:13.666827099Z
1647876252.9035246,2022-03-21T15:24:13.66942477Z
1647876253.0657668,2022-03-21T15:24:13.831181926Z
1647876253.0426445,2022-03-21T15:24:13.833733919Z
1647876253.0379443,2022-03-21T15:24:13.835951736Z
1647876253.04733,2022-03-21T15:24:13.840287284Z
1647876252.917005,2022-03-21T15:24:13.847067927Z
1647876253.0285604,2022-03-21T15:24:13.847704759Z
1647876253.0565555,2022-03-21T15:24:13.848524794Z
1647876253.0703256,2022-03-21T15:24:13.851820697Z
1647876252.930665,2022-03-21T15:24:13.855366141Z
1647876253.0519795,2022-03-21T15:24:13.857488312Z
1647876252.9677217,2022-03-21T15:24:13.860775742Z
1647876253.0611126,2022-03-21T15:24:13.862858442Z
1647876253.074914,2022-03-21T15:24:13.865889802Z
1647876253.0004838,2022-03-21T15:24:13.868333091Z
1647876252.9536364,2022-03-21T15:24:13.871386156Z
1647876253.1357846,2022-03-21T15:24:14.134515648Z
1647876253.0842814,2022-03-21T15:24:14.136748219Z
1647876253.1264482,2022-03-21T15:24:14.138863374Z
1647876253.0889802,2022-03-21T15:24:14.14608227Z
1647876253.1587634,2022-03-21T15:24:14.153065541Z
1647876253.1451037,2022-03-21T15:24:14.157793354Z
1647876253.1820428,2022-03-21T15:24:14.164113373Z
1647876253.1727233,2022-03-21T15:24:14.173295194Z
1647876253.079599,2022-03-21T15:24:14.181262261Z
1647876253.1124496,2022-03-21T15:24:14.187288917Z
1647876253.1866841,2022-03-21T15:24:14.190032701Z
1647876253.1913571,2022-03-21T15:24:14.193269924Z
1647876253.1681128,2022-03-21T15:24:14.204031471Z
1647876253.1541135,2022-03-21T15:24:14.209317252Z
1647876253.098408,2022-03-21T15:24:14.212194101Z
1647876253.1773431,2022-03-21T15:24:14.216696712Z
1647876253.0937142,2022-03-21T15:24:14.219542398Z
1647876253.1218038,2022-03-21T15:24:14.223748882Z
1647876253.1171556,2022-03-21T15:24:14.227810716Z
1647876253.107772,2022-03-21T15:24:14.235760646Z
1647876253.131153,2022-03-21T15:24:14.241091405Z
1647876253.103067,2022-03-21T15:24:14.250548189Z
1647876253.140419,2022-03-21T15:24:14.254579281Z
1647876253.1496115,2022-03-21T15:24:14.258323754Z
1647876253.1634445,2022-03-21T15:24:14.262064142Z
1647876253.3063862,2022-03-21T15:24:14.406827385Z
1647876253.1960263,2022-03-21T15:24:14.413331051Z
1647876253.2421627,2022-03-21T15:24:14.415068546Z
1647876253.2833126,2022-03-21T15:24:14.418935685Z
1647876253.2142477,2022-03-21T15:24:14.42385608Z
1647876253.278766,2022-03-21T15:24:14.446059982Z
1647876253.205133,2022-03-21T15:24:14.446389224Z
1647876253.2698164,2022-03-21T15:24:14.500320514Z
1647876253.287853,2022-03-21T15:24:14.506268278Z
1647876253.2189422,2022-03-21T15:24:14.511527214Z
1647876253.2282069,2022-03-21T15:24:14.512546468Z
1647876253.3109484,2022-03-21T15:24:14.513588503Z
1647876253.2653558,2022-03-21T15:24:14.513980709Z
1647876253.232804,2022-03-21T15:24:14.514445081Z
1647876253.2607303,2022-03-21T15:24:14.515141759Z
1647876253.2235842,2022-03-21T15:24:14.51554443Z
1647876253.2373192,2022-03-21T15:24:14.516434882Z
1647876253.209661,2022-03-21T15:24:14.51762839Z
1647876253.2514148,2022-03-21T15:24:14.518064294Z
1647876253.2742457,2022-03-21T15:24:14.521247458Z
1647876253.3246613,2022-03-21T15:24:14.5216485Z
1647876253.3200316,2022-03-21T15:24:14.521768768Z
1647876253.2006478,2022-03-21T15:24:14.522082026Z
1647876253.2467673,2022-03-21T15:24:14.522822688Z
1647876253.3154244,2022-03-21T15:24:14.523286917Z
1647876253.3017719,2022-03-21T15:24:14.523535165Z
1647876253.2971148,2022-03-21T15:24:14.523787683Z
1647876253.2924283,2022-03-21T15:24:14.523977703Z
1647876253.2561007,2022-03-21T15:24:14.52495419Z
1647876253.3840628,2022-03-21T15:24:14.743977483Z
1647876253.433821,2022-03-21T15:24:14.750151755Z
1647876253.3475876,2022-03-21T15:24:14.752558097Z
1647876253.3931167,2022-03-21T15:24:14.758512309Z
1647876253.4067538,2022-03-21T15:24:14.759253706Z
1647876253.338538,2022-03-21T15:24:14.760633644Z
1647876253.3976867,2022-03-21T15:24:14.762664533Z
1647876253.3748488,2022-03-21T15:24:14.764368201Z
1647876253.3292935,2022-03-21T15:24:14.766346025Z
1647876253.4474485,2022-03-21T15:24:14.767923042Z
1647876253.3521268,2022-03-21T15:24:14.769307074Z
1647876253.3657117,2022-03-21T15:24:14.771154623Z
1647876253.456683,2022-03-21T15:24:14.773690405Z
1647876253.4111567,2022-03-21T15:24:14.775176154Z
1647876253.3885896,2022-03-21T15:24:14.778548241Z
1647876253.4428813,2022-03-21T15:24:14.783004021Z
1647876253.4247754,2022-03-21T15:24:14.784484579Z
1647876253.3431027,2022-03-21T15:24:14.785588122Z
1647876253.4293096,2022-03-21T15:24:14.788504613Z
1647876253.4383135,2022-03-21T15:24:14.792579954Z
1647876253.4202602,2022-03-21T15:24:14.794269249Z
1647876253.415619,2022-03-21T15:24:14.795647Z
1647876253.3565993,2022-03-21T15:24:14.797144502Z
1647876253.3338895,2022-03-21T15:24:14.808597056Z
1647876253.370238,2022-03-21T15:24:14.814244433Z
1647876253.3795092,2022-03-21T15:24:14.814423266Z
1647876253.4022365,2022-03-21T15:24:14.814686204Z
1647876253.4521446,2022-03-21T15:24:14.818463896Z
1647876253.3611705,2022-03-21T15:24:14.82150749Z
1647876253.5487936,2022-03-21T15:24:15.094950885Z
1647876253.5678627,2022-03-21T15:24:15.103178562Z
1647876253.65163,2022-03-21T15:24:15.111388757Z
1647876253.4795604,2022-03-21T15:24:15.114686369Z
1647876253.5300806,2022-03-21T15:24:15.116253551Z
1647876253.600273,2022-03-21T15:24:15.120119836Z
1647876253.5115736,2022-03-21T15:24:15.126248559Z
1647876253.5724862,2022-03-21T15:24:15.12731136Z
1647876253.6141531,2022-03-21T15:24:15.131135689Z
1647876253.544095,2022-03-21T15:24:15.134066034Z
1647876253.534735,2022-03-21T15:24:15.136019417Z
1647876253.6701324,2022-03-21T15:24:15.137575703Z
1647876253.6377053,2022-03-21T15:24:15.139939523Z
1647876253.6048617,2022-03-21T15:24:15.144722477Z
1647876253.6095076,2022-03-21T15:24:15.147180692Z
1647876253.5864093,2022-03-21T15:24:15.149802306Z
1647876253.558192,2022-03-21T15:24:15.15197293Z
1647876253.577123,2022-03-21T15:24:15.155386904Z
1647876253.4841704,2022-03-21T15:24:15.157704528Z
1647876253.5910327,2022-03-21T15:24:15.160158487Z
1647876253.628158,2022-03-21T15:24:15.162607515Z
1647876253.5070674,2022-03-21T15:24:15.164525478Z
1647876253.4612737,2022-03-21T15:24:15.16617208Z
1647876253.6563432,2022-03-21T15:24:15.169698143Z
1647876253.581784,2022-03-21T15:24:15.172081799Z
1647876253.5207493,2022-03-21T15:24:15.17443954Z
1647876253.6655223,2022-03-21T15:24:15.184433582Z
1647876253.6609318,2022-03-21T15:24:15.186886702Z
1647876253.6747482,2022-03-21T15:24:15.189079134Z
1647876253.562838,2022-03-21T15:24:15.191965942Z
1647876253.4979243,2022-03-21T15:24:15.194583193Z
1647876253.553505,2022-03-21T15:24:15.197101Z
1647876253.6469827,2022-03-21T15:24:15.201224427Z
1647876253.4705353,2022-03-21T15:24:15.203546197Z
1647876253.6330442,2022-03-21T15:24:15.206623931Z
1647876253.5254436,2022-03-21T15:24:15.208820358Z
1647876253.5956933,2022-03-21T15:24:15.211093162Z
1647876253.64233,2022-03-21T15:24:15.213731933Z
1647876253.4887545,2022-03-21T15:24:15.217518853Z
1647876253.6235154,2022-03-21T15:24:15.221141648Z
1647876253.5394132,2022-03-21T15:24:15.223404071Z
1647876253.4750366,2022-03-21T15:24:15.223802551Z
1647876253.4659278,2022-03-21T15:24:15.225963898Z
1647876253.502573,2022-03-21T15:24:15.22803401Z
1647876253.6188304,2022-03-21T15:24:15.231767393Z
1647876253.5161448,2022-03-21T15:24:15.232889432Z
1647876253.4933782,2022-03-21T15:24:15.235293869Z
1647876253.996539,2022-03-21T15:24:15.437197257Z
1647876254.0058665,2022-03-21T15:24:15.4447056Z
1647876253.8378732,2022-03-21T15:24:15.456215116Z
1647876253.9872322,2022-03-21T15:24:15.462429264Z
1647876253.7393506,2022-03-21T15:24:15.465110754Z
1647876253.8285604,2022-03-21T15:24:15.465558999Z
1647876253.7071602,2022-03-21T15:24:15.467431372Z
1647876253.7911184,2022-03-21T15:24:15.469514348Z
1647876253.7164245,2022-03-21T15:24:15.473681873Z
1647876253.963863,2022-03-21T15:24:15.476545721Z
1647876253.8425636,2022-03-21T15:24:15.479387559Z
1647876253.8051991,2022-03-21T15:24:15.480929822Z
1647876253.949923,2022-03-21T15:24:15.48333323Z
1647876253.8845718,2022-03-21T15:24:15.491207569Z
1647876253.898481,2022-03-21T15:24:15.492598387Z
1647876253.7957764,2022-03-21T15:24:15.493311177Z
1647876253.6932151,2022-03-21T15:24:15.494905633Z
1647876253.819222,2022-03-21T15:24:15.498138452Z
1647876253.9405332,2022-03-21T15:24:15.498162376Z
1647876253.6979966,2022-03-21T15:24:15.498328751Z
1647876253.8004532,2022-03-21T15:24:15.498617852Z
1647876253.8612075,2022-03-21T15:24:15.500106184Z
1647876253.9732518,2022-03-21T15:24:15.502930944Z
1647876253.7208855,2022-03-21T15:24:15.503353154Z
1647876253.7771502,2022-03-21T15:24:15.506829458Z
1647876253.7347069,2022-03-21T15:24:15.508423604Z
1647876253.8938248,2022-03-21T15:24:15.511535015Z
1647876253.9592106,2022-03-21T15:24:15.513072074Z
1647876253.7631655,2022-03-21T15:24:15.514728149Z
1647876253.8472092,2022-03-21T15:24:15.520347492Z
1647876253.6886182,2022-03-21T15:24:15.522542073Z
1647876253.856543,2022-03-21T15:24:15.522985813Z
1647876253.9311495,2022-03-21T15:24:15.525988765Z
1647876253.9918773,2022-03-21T15:24:15.526144081Z
1647876253.702569,2022-03-21T15:24:15.532528107Z
1647876253.7864957,2022-03-21T15:24:15.533391037Z
1647876253.7486594,2022-03-21T15:24:15.535307598Z
1647876253.8891551,2022-03-21T15:24:15.544146998Z
1647876253.9452286,2022-03-21T15:24:15.545167318Z
1647876253.9264405,2022-03-21T15:24:15.54979157Z
1647876253.7118082,2022-03-21T15:24:15.558431478Z
1647876253.907748,2022-03-21T15:24:15.561321863Z
1647876253.8705764,2022-03-21T15:24:15.562598812Z
1647876253.9545634,2022-03-21T15:24:15.564220272Z
1647876253.8239183,2022-03-21T15:24:15.567124815Z
1647876253.9685106,2022-03-21T15:24:15.571044591Z
1647876253.725313,2022-03-21T15:24:15.571194973Z
1647876253.7818182,2022-03-21T15:24:15.576831802Z
1647876253.9030812,2022-03-21T15:24:15.57745174Z
1647876253.865925,2022-03-21T15:24:15.583039396Z
1647876253.879909,2022-03-21T15:24:15.583159264Z
1647876253.758068,2022-03-21T15:24:15.583183227Z
1647876253.767863,2022-03-21T15:24:15.588205786Z
1647876253.6840487,2022-03-21T15:24:15.590167809Z
1647876253.982587,2022-03-21T15:24:15.591791093Z
1647876253.7533622,2022-03-21T15:24:15.594151238Z
1647876253.9358222,2022-03-21T15:24:15.596545102Z
1647876253.8099115,2022-03-21T15:24:15.598352649Z
1647876253.772526,2022-03-21T15:24:15.600713422Z
1647876254.0011892,2022-03-21T15:24:15.603761584Z
1647876253.9170396,2022-03-21T15:24:15.606050404Z
1647876253.8752422,2022-03-21T15:24:15.608799372Z
1647876253.8145838,2022-03-21T15:24:15.614482884Z
1647876253.7298043,2022-03-21T15:24:15.617027268Z
1647876253.9123714,2022-03-21T15:24:15.617664899Z
1647876253.8518827,2022-03-21T15:24:15.619970184Z
1647876254.010538,2022-03-21T15:24:15.622637565Z
1647876253.9217985,2022-03-21T15:24:15.624446011Z
1647876253.6794062,2022-03-21T15:24:15.628546118Z
1647876253.833247,2022-03-21T15:24:15.630151173Z
1647876253.9779527,2022-03-21T15:24:15.631965641Z
1647876253.744032,2022-03-21T15:24:15.634289161Z
1647876254.0618901,2022-03-21T15:24:15.815772195Z
1647876254.266816,2022-03-21T15:24:15.820515715Z
1647876254.3041527,2022-03-21T15:24:15.823731901Z
1647876254.1411982,2022-03-21T15:24:15.829913948Z
1647876254.2434313,2022-03-21T15:24:15.837673242Z
1647876254.1970217,2022-03-21T15:24:15.837960696Z
1647876254.1178389,2022-03-21T15:24:15.838242015Z
1647876254.1738338,2022-03-21T15:24:15.83838946Z
1647876254.164489,2022-03-21T15:24:15.84034948Z
1647876254.2109764,2022-03-21T15:24:15.840860081Z
1647876254.1038494,2022-03-21T15:24:15.84126762Z
1647876254.1505198,2022-03-21T15:24:15.842317861Z
1647876254.1878066,2022-03-21T15:24:15.845477679Z
1647876254.1271436,2022-03-21T15:24:15.849436922Z
1647876254.024539,2022-03-21T15:24:15.851405406Z
1647876254.080519,2022-03-21T15:24:15.853324866Z
1647876254.285573,2022-03-21T15:24:15.855042899Z
1647876254.0572243,2022-03-21T15:24:15.862828943Z
1647876254.0665512,2022-03-21T15:24:15.864397465Z
1647876254.047911,2022-03-21T15:24:15.864653144Z
1647876254.2761767,2022-03-21T15:24:15.865524451Z
1647876254.0385587,2022-03-21T15:24:15.866029045Z
1647876254.0291805,2022-03-21T15:24:15.867396665Z
1647876254.0198805,2022-03-21T15:24:15.87323229Z
1647876254.1691232,2022-03-21T15:24:15.873373328Z
1647876254.2902107,2022-03-21T15:24:15.877856362Z
1647876254.2341876,2022-03-21T15:24:15.88062055Z
1647876254.1224985,2022-03-21T15:24:15.883094864Z
1647876254.2808578,2022-03-21T15:24:15.884737721Z
1647876254.2016797,2022-03-21T15:24:15.886279091Z
1647876254.2155976,2022-03-21T15:24:15.891081153Z
1647876254.15982,2022-03-21T15:24:15.893293169Z
1647876254.1131475,2022-03-21T15:24:15.895642964Z
1647876254.0712006,2022-03-21T15:24:15.901072613Z
1647876254.224887,2022-03-21T15:24:15.902192822Z
1647876254.1784952,2022-03-21T15:24:15.904629402Z
1647876254.1551642,2022-03-21T15:24:15.918204896Z
1647876254.2527492,2022-03-21T15:24:15.918476453Z
1647876254.0338497,2022-03-21T15:24:15.918710499Z
1647876254.1924295,2022-03-21T15:24:15.91934078Z
1647876254.1318324,2022-03-21T15:24:15.938120276Z
1647876254.0945163,2022-03-21T15:24:15.939298783Z
1647876254.27149,2022-03-21T15:24:15.939870949Z
1647876254.2202132,2022-03-21T15:24:15.94175803Z
1647876254.1365445,2022-03-21T15:24:15.947855027Z
1647876254.1831286,2022-03-21T15:24:15.951510186Z
1647876254.2062762,2022-03-21T15:24:15.95356983Z
1647876254.0151956,2022-03-21T15:24:15.956974744Z
1647876254.0432327,2022-03-21T15:24:15.959620623Z
1647876254.2621412,2022-03-21T15:24:15.962773586Z
1647876254.2949169,2022-03-21T15:24:15.964190619Z
1647876254.229589,2022-03-21T15:24:15.968930007Z
1647876254.238805,2022-03-21T15:24:15.970784753Z
1647876254.0898619,2022-03-21T15:24:15.973965906Z
1647876254.0851822,2022-03-21T15:24:15.975359784Z
1647876254.2574475,2022-03-21T15:24:15.979272247Z
1647876254.1458619,2022-03-21T15:24:15.981866727Z
1647876254.1085093,2022-03-21T15:24:15.983935009Z
1647876254.0758598,2022-03-21T15:24:15.991437591Z
1647876254.052588,2022-03-21T15:24:15.997968181Z
1647876254.0991862,2022-03-21T15:24:16.003918086Z
1647876254.2481375,2022-03-21T15:24:16.007303311Z
1647876254.2995281,2022-03-21T15:24:16.008389688Z
1647876254.5822046,2022-03-21T15:24:16.237325486Z
1647876254.3602164,2022-03-21T15:24:16.243055362Z
1647876254.3321676,2022-03-21T15:24:16.244660879Z
1647876254.4298754,2022-03-21T15:24:16.246095828Z
1647876254.5635931,2022-03-21T15:24:16.249536185Z
1647876254.55465,2022-03-21T15:24:16.251401549Z
1647876254.501161,2022-03-21T15:24:16.25317705Z
1647876254.5962512,2022-03-21T15:24:16.254476787Z
1647876254.4022996,2022-03-21T15:24:16.257479347Z
1647876254.4880743,2022-03-21T15:24:16.259603375Z
1647876254.5728774,2022-03-21T15:24:16.261165239Z
1647876254.5189013,2022-03-21T15:24:16.263791137Z
1647876254.4208243,2022-03-21T15:24:16.264774428Z
1647876254.3555472,2022-03-21T15:24:16.266356514Z
1647876254.5775223,2022-03-21T15:24:16.268515876Z
1647876254.4519384,2022-03-21T15:24:16.270227112Z
1647876254.4431536,2022-03-21T15:24:16.272730125Z
1647876254.3135126,2022-03-21T15:24:16.275061782Z
1647876254.4836469,2022-03-21T15:24:16.276687867Z
1647876254.3882527,2022-03-21T15:24:16.27804779Z
1647876254.5410628,2022-03-21T15:24:16.280621999Z
1647876254.568195,2022-03-21T15:24:16.282184243Z
1647876254.438741,2022-03-21T15:24:16.284279173Z
1647876254.514435,2022-03-21T15:24:16.286621248Z
1647876254.6009328,2022-03-21T15:24:16.293306369Z
1647876254.3835754,2022-03-21T15:24:16.297928616Z
1647876254.3088043,2022-03-21T15:24:16.304270465Z
1647876254.4740913,2022-03-21T15:24:16.306536309Z
1647876254.4475605,2022-03-21T15:24:16.30803021Z
1647876254.5324945,2022-03-21T15:24:16.309205549Z
1647876254.3929167,2022-03-21T15:24:16.311516798Z
1647876254.3181803,2022-03-21T15:24:16.314550555Z
1647876254.4650745,2022-03-21T15:24:16.316570913Z
1647876254.3368516,2022-03-21T15:24:16.317057847Z
1647876254.3415492,2022-03-21T15:24:16.324434522Z
1647876254.5500355,2022-03-21T15:24:16.325983358Z
1647876254.3275077,2022-03-21T15:24:16.327001642Z
1647876254.5454998,2022-03-21T15:24:16.330905502Z
1647876254.527994,2022-03-21T15:24:16.332571528Z
1647876254.510047,2022-03-21T15:24:16.334396925Z
1647876254.3696122,2022-03-21T15:24:16.336197271Z
1647876254.4924383,2022-03-21T15:24:16.338125105Z
1647876254.4791474,2022-03-21T15:24:16.339943982Z
1647876254.3461847,2022-03-21T15:24:16.341704985Z
1647876254.4253993,2022-03-21T15:24:16.343010239Z
1647876254.5235338,2022-03-21T15:24:16.344625929Z
1647876254.4116945,2022-03-21T15:24:16.346432783Z
1647876254.5055766,2022-03-21T15:24:16.353440955Z
1647876254.5367477,2022-03-21T15:24:16.355074728Z
1647876254.3508813,2022-03-21T15:24:16.358506697Z
1647876254.4069858,2022-03-21T15:24:16.360263828Z
1647876254.4563138,2022-03-21T15:24:16.364482921Z
1647876254.460719,2022-03-21T15:24:16.365753461Z
1647876254.5915601,2022-03-21T15:24:16.36757506Z
1647876254.322856,2022-03-21T15:24:16.370908402Z
1647876254.5591,2022-03-21T15:24:16.376523765Z
1647876254.374292,2022-03-21T15:24:16.378192578Z
1647876254.4967563,2022-03-21T15:24:16.380185872Z
1647876254.3649185,2022-03-21T15:24:16.381621192Z
1647876254.3789349,2022-03-21T15:24:16.383619414Z
1647876254.586904,2022-03-21T15:24:16.385080608Z
1647876254.4695415,2022-03-21T15:24:16.386280891Z
1647876254.4343028,2022-03-21T15:24:16.387539108Z
1647876254.3976214,2022-03-21T15:24:16.38927331Z
1647876254.416288,2022-03-21T15:24:16.391351239Z
1647876254.638497,2022-03-21T15:24:16.62638506Z
1647876254.8064847,2022-03-21T15:24:16.631992872Z
1647876254.6150239,2022-03-21T15:24:16.634192552Z
1647876254.8298118,2022-03-21T15:24:16.639426087Z
1647876254.927829,2022-03-21T15:24:16.644580628Z
1647876254.727273,2022-03-21T15:24:16.649510543Z
1647876254.7459445,2022-03-21T15:24:16.651620247Z
1647876254.6992562,2022-03-21T15:24:16.654482079Z
1647876254.8951924,2022-03-21T15:24:16.661148425Z
1647876254.85313,2022-03-21T15:24:16.663489086Z
1647876254.918493,2022-03-21T15:24:16.664912138Z
1647876254.7085507,2022-03-21T15:24:16.667875849Z
1647876254.9371257,2022-03-21T15:24:16.671407523Z
1647876254.7645836,2022-03-21T15:24:16.673184563Z
1647876254.783161,2022-03-21T15:24:16.677258668Z
1647876254.7412522,2022-03-21T15:24:16.679113371Z
1647876254.9557986,2022-03-21T15:24:16.680702175Z
1647876254.7505777,2022-03-21T15:24:16.684122259Z
1647876254.713229,2022-03-21T15:24:16.687528635Z
1647876254.8858457,2022-03-21T15:24:16.690333593Z
1647876254.6103263,2022-03-21T15:24:16.693357499Z
1647876254.8111272,2022-03-21T15:24:16.695288293Z
1647876254.6291158,2022-03-21T15:24:16.697515786Z
1647876254.8018486,2022-03-21T15:24:16.69999426Z
1647876254.6478295,2022-03-21T15:24:16.702039334Z
1647876254.8765306,2022-03-21T15:24:16.705925086Z
1647876254.7785306,2022-03-21T15:24:16.706747841Z
1647876254.6243782,2022-03-21T15:24:16.710441807Z
1647876254.7366152,2022-03-21T15:24:16.712687156Z
1647876254.9091885,2022-03-21T15:24:16.716536085Z
1647876254.8204782,2022-03-21T15:24:16.719509106Z
1647876254.6665382,2022-03-21T15:24:16.722153476Z
1647876254.8391829,2022-03-21T15:24:16.723770976Z
1647876254.871836,2022-03-21T15:24:16.726474309Z
1647876254.834496,2022-03-21T15:24:16.729843638Z
1647876254.6524816,2022-03-21T15:24:16.73155333Z
1647876254.9698727,2022-03-21T15:24:16.734006653Z
1647876254.825139,2022-03-21T15:24:16.735267416Z
1647876254.857838,2022-03-21T15:24:16.736815544Z
1647876254.9231274,2022-03-21T15:24:16.738619909Z
1647876254.6712167,2022-03-21T15:24:16.741107511Z
1647876254.913837,2022-03-21T15:24:16.743510624Z
1647876254.75526,2022-03-21T15:24:16.746541365Z
1647876254.8905008,2022-03-21T15:24:16.748910174Z
1647876254.9511073,2022-03-21T15:24:16.751738883Z
1647876254.6197283,2022-03-21T15:24:16.753731758Z
1647876254.7692204,2022-03-21T15:24:16.756287605Z
1647876254.7925394,2022-03-21T15:24:16.757477215Z
1647876254.9604313,2022-03-21T15:24:16.758923647Z
1647876254.9045348,2022-03-21T15:24:16.762845187Z
1647876254.7225783,2022-03-21T15:24:16.76354992Z
1647876254.7972288,2022-03-21T15:24:16.766722415Z
1647876254.643163,2022-03-21T15:24:16.77211105Z
1647876254.7739115,2022-03-21T15:24:16.773645129Z
1647876254.9792023,2022-03-21T15:24:16.775102168Z
1647876254.9324954,2022-03-21T15:24:16.777199852Z
1647876254.6945672,2022-03-21T15:24:16.777806874Z
1647876254.6618848,2022-03-21T15:24:16.780514767Z
1647876254.7038682,2022-03-21T15:24:16.782155442Z
1647876254.8998456,2022-03-21T15:24:16.784916209Z
1647876254.8671658,2022-03-21T15:24:16.786864161Z
1647876254.605653,2022-03-21T15:24:16.797387637Z
1647876254.7319295,2022-03-21T15:24:16.800104683Z
1647876254.9651806,2022-03-21T15:24:16.80043103Z
1647876254.946452,2022-03-21T15:24:16.800851451Z
1647876254.7179306,2022-03-21T15:24:16.801129941Z
1647876254.633795,2022-03-21T15:24:16.801544775Z
1647876254.6571658,2022-03-21T15:24:16.802883906Z
1647876254.8157978,2022-03-21T15:24:16.805450061Z
1647876254.7599437,2022-03-21T15:24:16.807939337Z
1647876254.843836,2022-03-21T15:24:16.809358187Z
1647876254.8811994,2022-03-21T15:24:16.81187834Z
1647876254.6852016,2022-03-21T15:24:16.823112876Z
1647876254.7878702,2022-03-21T15:24:16.824507317Z
1647876254.6899297,2022-03-21T15:24:16.825426055Z
1647876254.675878,2022-03-21T15:24:16.825987718Z
1647876254.6805344,2022-03-21T15:24:16.826532936Z
1647876254.8624952,2022-03-21T15:24:16.831916079Z
1647876254.974551,2022-03-21T15:24:16.83238534Z
1647876254.8484945,2022-03-21T15:24:16.83287965Z
1647876254.9418123,2022-03-21T15:24:16.833520757Z
1647876255.283893,2022-03-21T15:24:17.002444568Z
1647876254.9838824,2022-03-21T15:24:17.007180981Z
1647876255.1056507,2022-03-21T15:24:17.010164832Z
1647876255.1291258,2022-03-21T15:24:17.012294914Z
1647876255.067984,2022-03-21T15:24:17.015649383Z
1647876255.0962307,2022-03-21T15:24:17.019810431Z
1647876255.3212125,2022-03-21T15:24:17.021795467Z
1647876255.1384933,2022-03-21T15:24:17.024934149Z
1647876255.190031,2022-03-21T15:24:17.027890709Z
1647876255.0118926,2022-03-21T15:24:17.032486877Z
1647876255.232444,2022-03-21T15:24:17.034437993Z
1647876255.0539289,2022-03-21T15:24:17.042243651Z
1647876255.237154,2022-03-21T15:24:17.042275302Z
1647876255.1759372,2022-03-21T15:24:17.045168819Z
1647876255.100938,2022-03-21T15:24:17.04688025Z
1647876254.9885604,2022-03-21T15:24:17.05228397Z
1647876255.3119245,2022-03-21T15:24:17.053761203Z
1647876255.3165493,2022-03-21T15:24:17.05624432Z
1647876255.2045295,2022-03-21T15:24:17.057740883Z
1647876255.072666,2022-03-21T15:24:17.059524072Z
1647876255.1951616,2022-03-21T15:24:17.062669373Z
1647876255.0212424,2022-03-21T15:24:17.063311889Z
1647876255.3258731,2022-03-21T15:24:17.067202262Z
1647876255.01659,2022-03-21T15:24:17.067814904Z
1647876255.2745652,2022-03-21T15:24:17.071039983Z
1647876255.119731,2022-03-21T15:24:17.076023555Z
1647876255.1150444,2022-03-21T15:24:17.076366056Z
1647876255.2978737,2022-03-21T15:24:17.076624363Z
1647876255.0586035,2022-03-21T15:24:17.077573291Z
1647876255.279199,2022-03-21T15:24:17.079290996Z
1647876255.157167,2022-03-21T15:24:17.085727225Z
1647876255.1665654,2022-03-21T15:24:17.086429562Z
1647876255.143161,2022-03-21T15:24:17.088397931Z
1647876255.0915463,2022-03-21T15:24:17.089545873Z
1647876255.0822008,2022-03-21T15:24:17.101441572Z
1647876255.302545,2022-03-21T15:24:17.102032985Z
1647876255.0352638,2022-03-21T15:24:17.102598277Z
1647876255.0305767,2022-03-21T15:24:17.103561208Z
1647876255.0071838,2022-03-21T15:24:17.111674565Z
1647876255.330534,2022-03-21T15:24:17.112182295Z
1647876255.255895,2022-03-21T15:24:17.115596659Z
1647876255.2137935,2022-03-21T15:24:17.117662562Z
1647876255.1525328,2022-03-21T15:24:17.119658959Z
1647876255.1244144,2022-03-21T15:24:17.122934659Z
1647876255.0632923,2022-03-21T15:24:17.125543195Z
1647876255.24656,2022-03-21T15:24:17.128997313Z
1647876255.288557,2022-03-21T15:24:17.130041022Z
1647876255.1103342,2022-03-21T15:24:17.136507648Z
1647876255.1853404,2022-03-21T15:24:17.13925711Z
1647876255.251197,2022-03-21T15:24:17.143581764Z
1647876255.0259404,2022-03-21T15:24:17.146481299Z
1647876255.161867,2022-03-21T15:24:17.155145487Z
1647876255.2231054,2022-03-21T15:24:17.156727225Z
1647876255.0446038,2022-03-21T15:24:17.162702719Z
1647876255.0399199,2022-03-21T15:24:17.167816116Z
1647876255.049241,2022-03-21T15:24:17.17903683Z
1647876255.2651973,2022-03-21T15:24:17.182533243Z
1647876255.2184262,2022-03-21T15:24:17.18472622Z
1647876255.002548,2022-03-21T15:24:17.193632197Z
1647876254.997886,2022-03-21T15:24:17.205741344Z
1647876255.1998377,2022-03-21T15:24:17.210527019Z
1647876255.2699077,2022-03-21T15:24:17.213473289Z
1647876255.2091641,2022-03-21T15:24:17.219467398Z
1647876255.0868762,2022-03-21T15:24:17.2226784Z
1647876255.2277634,2022-03-21T15:24:17.229711243Z
1647876255.0775151,2022-03-21T15:24:17.23726408Z
1647876255.2418466,2022-03-21T15:24:17.24437653Z
1647876255.1806192,2022-03-21T15:24:17.246176313Z
1647876255.2605498,2022-03-21T15:24:17.252061599Z
1647876255.1478436,2022-03-21T15:24:17.254790007Z
1647876255.1712272,2022-03-21T15:24:17.257800344Z
1647876255.307218,2022-03-21T15:24:17.261233173Z
1647876254.9931943,2022-03-21T15:24:17.264573952Z
1647876255.2932146,2022-03-21T15:24:17.266941399Z
1647876255.13384,2022-03-21T15:24:17.269386758Z
1647876255.5265496,2022-03-21T15:24:17.381476634Z
1647876255.3445525,2022-03-21T15:24:17.383215969Z
1647876255.3818805,2022-03-21T15:24:17.392485865Z
1647876255.5639327,2022-03-21T15:24:17.408412876Z
1647876255.386558,2022-03-21T15:24:17.413184921Z
1647876255.400581,2022-03-21T15:24:17.415675692Z
1647876255.5218933,2022-03-21T15:24:17.421497904Z
1647876255.559267,2022-03-21T15:24:17.427468797Z
1647876255.5079165,2022-03-21T15:24:17.437986019Z
1647876255.358515,2022-03-21T15:24:17.43894539Z
1647876255.6105733,2022-03-21T15:24:17.445019126Z
1647876255.568574,2022-03-21T15:24:17.449379283Z
1647876255.4332235,2022-03-21T15:24:17.458831221Z
1647876255.629263,2022-03-21T15:24:17.465921283Z
1647876255.395933,2022-03-21T15:24:17.467143552Z
1647876255.5312188,2022-03-21T15:24:17.475021105Z
1647876255.5825784,2022-03-21T15:24:17.481380843Z
1647876255.4239502,2022-03-21T15:24:17.489377905Z
1647876255.470581,2022-03-21T15:24:17.492620788Z
1647876255.4285717,2022-03-21T15:24:17.499661954Z
1647876255.5779347,2022-03-21T15:24:17.505001653Z
1647876255.489229,2022-03-21T15:24:17.514985972Z
1647876255.6199415,2022-03-21T15:24:17.518402013Z
1647876255.4378765,2022-03-21T15:24:17.523954083Z
1647876255.6340437,2022-03-21T15:24:17.526128003Z
1647876255.4565656,2022-03-21T15:24:17.529606438Z
1647876255.5919094,2022-03-21T15:24:17.534014034Z
1647876255.3772278,2022-03-21T15:24:17.537073296Z
1647876255.5358946,2022-03-21T15:24:17.539235355Z
1647876255.335213,2022-03-21T15:24:17.541879263Z
1647876255.4845736,2022-03-21T15:24:17.544898872Z
1647876255.349186,2022-03-21T15:24:17.549805527Z
1647876255.4798813,2022-03-21T15:24:17.557730506Z
1647876255.6152608,2022-03-21T15:24:17.562564024Z
1647876255.353861,2022-03-21T15:24:17.564705477Z
1647876255.5125952,2022-03-21T15:24:17.569135748Z
1647876255.6433837,2022-03-21T15:24:17.575812256Z
1647876255.461257,2022-03-21T15:24:17.579238849Z
1647876255.339905,2022-03-21T15:24:17.583951532Z
1647876255.47523,2022-03-21T15:24:17.587129816Z
1647876255.6246347,2022-03-21T15:24:17.591127181Z
1647876255.4192889,2022-03-21T15:24:17.593466402Z
1647876255.447193,2022-03-21T15:24:17.596359431Z
1647876255.6059172,2022-03-21T15:24:17.599266377Z
1647876255.3912416,2022-03-21T15:24:17.602149715Z
1647876255.6527693,2022-03-21T15:24:17.605434019Z
1647876255.451896,2022-03-21T15:24:17.60883264Z
1647876255.4146526,2022-03-21T15:24:17.612516543Z
1647876255.4939368,2022-03-21T15:24:17.614992913Z
1647876255.372547,2022-03-21T15:24:17.616770512Z
1647876255.3678734,2022-03-21T15:24:17.621104145Z
1647876255.4659083,2022-03-21T15:24:17.623589795Z
1647876255.6480565,2022-03-21T15:24:17.629069955Z
1647876255.587217,2022-03-21T15:24:17.62944773Z
1647876255.540548,2022-03-21T15:24:17.635569258Z
1647876255.6387162,2022-03-21T15:24:17.637764563Z
1647876255.5452437,2022-03-21T15:24:17.640711909Z
1647876255.5498955,2022-03-21T15:24:17.643034056Z
1647876255.5545788,2022-03-21T15:24:17.646240182Z
1647876255.601211,2022-03-21T15:24:17.649254332Z
1647876255.5732532,2022-03-21T15:24:17.655536161Z
1647876255.4099538,2022-03-21T15:24:17.658099189Z
1647876255.5965593,2022-03-21T15:24:17.660752816Z
1647876255.4052665,2022-03-21T15:24:17.663655827Z
1647876255.5032353,2022-03-21T15:24:17.666186375Z
1647876255.442566,2022-03-21T15:24:17.668289181Z
1647876255.498601,2022-03-21T15:24:17.675997491Z
1647876255.5172334,2022-03-21T15:24:17.678096945Z
1647876255.3631718,2022-03-21T15:24:17.680118395Z
1647876255.8956108,2022-03-21T15:24:17.727030339Z
1647876255.815775,2022-03-21T15:24:17.737216805Z
1647876255.7783844,2022-03-21T15:24:17.749665675Z
1647876255.806431,2022-03-21T15:24:17.751005688Z
1647876256.009004,2022-03-21T15:24:17.764238837Z
1647876255.8862252,2022-03-21T15:24:17.76568154Z
1647876255.8442261,2022-03-21T15:24:17.770654497Z
1647876255.7505946,2022-03-21T15:24:17.78124718Z
1647876255.7228267,2022-03-21T15:24:17.783360599Z
1647876256.0978875,2022-03-21T15:24:17.787068402Z
1647876255.8676004,2022-03-21T15:24:17.78754494Z
1647876255.95187,2022-03-21T15:24:17.791319724Z
1647876255.914362,2022-03-21T15:24:17.791838695Z
1647876255.830109,2022-03-21T15:24:17.796320042Z
1647876255.7413464,2022-03-21T15:24:17.799795825Z
1647876255.7877462,2022-03-21T15:24:17.800500708Z
1647876255.685453,2022-03-21T15:24:17.802501471Z
1647876256.0605133,2022-03-21T15:24:17.80519153Z
1647876255.6715062,2022-03-21T15:24:17.809232858Z
1647876256.0464451,2022-03-21T15:24:17.810198132Z
1647876255.8629398,2022-03-21T15:24:17.81302833Z
1647876255.9996445,2022-03-21T15:24:17.815528154Z
1647876255.8815901,2022-03-21T15:24:17.821435739Z
1647876256.0838294,2022-03-21T15:24:17.827951276Z
1647876255.7970421,2022-03-21T15:24:17.829384036Z
1647876255.8536994,2022-03-21T15:24:17.831453676Z
1647876255.7088275,2022-03-21T15:24:17.831782862Z
1647876255.9190814,2022-03-21T15:24:17.832043234Z
1647876255.9611957,2022-03-21T15:24:17.832235277Z
1647876255.9050314,2022-03-21T15:24:17.836564032Z
1647876255.7598543,2022-03-21T15:24:17.841122961Z
1647876255.9902003,2022-03-21T15:24:17.849439927Z
1647876255.8251293,2022-03-21T15:24:17.851565881Z
1647876255.9425251,2022-03-21T15:24:17.853573878Z
1647876255.9237702,2022-03-21T15:24:17.855319026Z
1647876255.657435,2022-03-21T15:24:17.860619213Z
1647876256.0043252,2022-03-21T15:24:17.862860467Z
1647876255.7459776,2022-03-21T15:24:17.868172465Z
1647876255.77375,2022-03-21T15:24:17.873854548Z
1647876255.9284234,2022-03-21T15:24:17.875553728Z
1647876256.0371137,2022-03-21T15:24:17.8774781Z
1647876256.0651567,2022-03-21T15:24:17.882228856Z
1647876255.9002593,2022-03-21T15:24:17.886374313Z
1647876255.8722315,2022-03-21T15:24:17.890731468Z
1647876255.9378104,2022-03-21T15:24:17.89373613Z
1647876255.8348286,2022-03-21T15:24:17.898737458Z
1647876255.7041144,2022-03-21T15:24:17.900207367Z
1647876255.858273,2022-03-21T15:24:17.905021431Z
1647876256.0791676,2022-03-21T15:24:17.905441157Z
1647876255.7923956,2022-03-21T15:24:17.90710532Z
1647876256.051122,2022-03-21T15:24:17.914849078Z
1647876255.676156,2022-03-21T15:24:17.914889302Z
1647876256.0230558,2022-03-21T15:24:17.916869393Z
1647876255.876885,2022-03-21T15:24:17.918649862Z
1647876255.736688,2022-03-21T15:24:17.920587489Z
1647876255.7552583,2022-03-21T15:24:17.921859592Z
1647876255.7135057,2022-03-21T15:24:17.924549967Z
1647876256.0885327,2022-03-21T15:24:17.926128284Z
1647876255.6948044,2022-03-21T15:24:17.928663578Z
1647876255.6668017,2022-03-21T15:24:17.931308473Z
1647876255.8489265,2022-03-21T15:24:17.933515942Z
1647876255.7320917,2022-03-21T15:24:17.935519457Z
1647876255.8395467,2022-03-21T15:24:17.935585172Z
1647876255.9855387,2022-03-21T15:24:17.935957461Z
1647876256.0323703,2022-03-21T15:24:17.937176734Z
1647876255.9705646,2022-03-21T15:24:17.938437004Z
1647876256.102563,2022-03-21T15:24:17.940200243Z
1647876256.069809,2022-03-21T15:24:17.945180572Z
1647876255.8909202,2022-03-21T15:24:17.945920988Z
1647876255.7274947,2022-03-21T15:24:17.946083499Z
1647876255.8110814,2022-03-21T15:24:17.94718185Z
1647876255.9949684,2022-03-21T15:24:17.948699629Z
1647876255.662152,2022-03-21T15:24:17.951381094Z
1647876255.9331415,2022-03-21T15:24:17.952957548Z
1647876255.7830913,2022-03-21T15:24:17.954256866Z
1647876255.956534,2022-03-21T15:24:17.956032133Z
1647876255.9808476,2022-03-21T15:24:17.957978168Z
1647876256.0744858,2022-03-21T15:24:17.959875295Z
1647876255.6901097,2022-03-21T15:24:17.961978543Z
1647876255.8204818,2022-03-21T15:24:17.963716956Z
1647876255.9097295,2022-03-21T15:24:17.967017829Z
1647876256.0137172,2022-03-21T15:24:17.967475474Z
1647876255.7691176,2022-03-21T15:24:17.969836819Z
1647876255.6808078,2022-03-21T15:24:17.971075938Z
1647876256.0558064,2022-03-21T15:24:17.972662707Z
1647876256.041761,2022-03-21T15:24:17.977302372Z
1647876255.8017702,2022-03-21T15:24:17.978152348Z
1647876256.0277138,2022-03-21T15:24:17.98057872Z
1647876255.6994233,2022-03-21T15:24:17.982396979Z
1647876255.9659119,2022-03-21T15:24:17.984596968Z
1647876255.7644303,2022-03-21T15:24:17.986324485Z
1647876255.7181737,2022-03-21T15:24:17.993548683Z
1647876256.0931814,2022-03-21T15:24:17.997614115Z
1647876255.9761696,2022-03-21T15:24:18.000392643Z
1647876255.9471831,2022-03-21T15:24:18.0055359Z
1647876256.0183818,2022-03-21T15:24:18.007544968Z
1647876256.2946334,2022-03-21T15:24:18.108326111Z
1647876256.177508,2022-03-21T15:24:18.119002747Z
1647876256.383543,2022-03-21T15:24:18.126711713Z
1647876256.392909,2022-03-21T15:24:18.127598911Z
1647876256.4862401,2022-03-21T15:24:18.13301869Z
1647876256.4675763,2022-03-21T15:24:18.135404683Z
1647876256.453517,2022-03-21T15:24:18.142165511Z
1647876256.1587007,2022-03-21T15:24:18.146118447Z
1647876256.243215,2022-03-21T15:24:18.148511842Z
1647876256.247882,2022-03-21T15:24:18.153654094Z
1647876256.3320625,2022-03-21T15:24:18.156536488Z
1647876256.420732,2022-03-21T15:24:18.158375472Z
1647876256.4722097,2022-03-21T15:24:18.161183493Z
1647876256.261926,2022-03-21T15:24:18.168997102Z
1647876256.4909134,2022-03-21T15:24:18.171622374Z
1647876256.4768903,2022-03-21T15:24:18.174542113Z
1647876256.388208,2022-03-21T15:24:18.177487135Z
1647876256.125957,2022-03-21T15:24:18.17931163Z
1647876256.1212492,2022-03-21T15:24:18.182707675Z
1647876256.4581995,2022-03-21T15:24:18.184071386Z
1647876256.3040116,2022-03-21T15:24:18.186801997Z
1647876256.135294,2022-03-21T15:24:18.18984806Z
1647876256.3695097,2022-03-21T15:24:18.192022104Z
1647876256.4816072,2022-03-21T15:24:18.196160718Z
1647876256.2852762,2022-03-21T15:24:18.200413638Z
1647876256.5049746,2022-03-21T15:24:18.211124506Z
1647876256.4160774,2022-03-21T15:24:18.217322124Z
1647876256.355407,2022-03-21T15:24:18.220389762Z
1647876256.2525673,2022-03-21T15:24:18.227312284Z
1647876256.182191,2022-03-21T15:24:18.230643875Z
1647876256.280627,2022-03-21T15:24:18.234222571Z
1647876256.31338,2022-03-21T15:24:18.239128543Z
1647876256.3087,2022-03-21T15:24:18.24369763Z
1647876256.1119072,2022-03-21T15:24:18.245825238Z
1647876256.2291317,2022-03-21T15:24:18.249298437Z
1647876256.1633866,2022-03-21T15:24:18.252489155Z
1647876256.3367167,2022-03-21T15:24:18.255407522Z
1647876256.1306398,2022-03-21T15:24:18.260488074Z
1647876256.350774,2022-03-21T15:24:18.26139848Z
1647876256.425414,2022-03-21T15:24:18.265735639Z
1647876256.4394805,2022-03-21T15:24:18.270222169Z
1647876256.3414438,2022-03-21T15:24:18.271487459Z
1647876256.2712657,2022-03-21T15:24:18.274379307Z
1647876256.3180318,2022-03-21T15:24:18.280031676Z
1647876256.2338336,2022-03-21T15:24:18.288132343Z
1647876256.2666104,2022-03-21T15:24:18.28815203Z
1647876256.1165657,2022-03-21T15:24:18.288587648Z
1647876256.1072018,2022-03-21T15:24:18.289968743Z
1647876256.1963232,2022-03-21T15:24:18.292294617Z
1647876256.500257,2022-03-21T15:24:18.300066385Z
1647876256.2993274,2022-03-21T15:24:18.30022683Z
1647876256.1446664,2022-03-21T15:24:18.30327071Z
1647876256.2572467,2022-03-21T15:24:18.306823676Z
1647876256.3972616,2022-03-21T15:24:18.310421868Z
1647876256.1680572,2022-03-21T15:24:18.312891509Z
1647876256.2056994,2022-03-21T15:24:18.316161309Z
1647876256.495566,2022-03-21T15:24:18.318508015Z
1647876256.1868703,2022-03-21T15:24:18.320698706Z
1647876256.2103887,2022-03-21T15:24:18.322997376Z
1647876256.3741937,2022-03-21T15:24:18.328751704Z
1647876256.4629107,2022-03-21T15:24:18.331155741Z
1647876256.4114347,2022-03-21T15:24:18.333582091Z
1647876256.444162,2022-03-21T15:24:18.335839973Z
1647876256.4347978,2022-03-21T15:24:18.338314307Z
1647876256.219755,2022-03-21T15:24:18.340703737Z
1647876256.2150593,2022-03-21T15:24:18.342872905Z
1647876256.4300966,2022-03-21T15:24:18.345490015Z
1647876256.2385337,2022-03-21T15:24:18.347493891Z
1647876256.4020762,2022-03-21T15:24:18.349642245Z
1647876256.1727762,2022-03-21T15:24:18.351647543Z
1647876256.2759693,2022-03-21T15:24:18.353940905Z
1647876256.3788905,2022-03-21T15:24:18.357638088Z
1647876256.1916397,2022-03-21T15:24:18.370404137Z
1647876256.6504817,2022-03-21T15:24:18.377090569Z
1647876256.3460898,2022-03-21T15:24:18.388817939Z
1647876256.1400023,2022-03-21T15:24:18.392214339Z
1647876256.1493347,2022-03-21T15:24:18.405806234Z
1647876256.3600855,2022-03-21T15:24:18.405856877Z
1647876256.2244244,2022-03-21T15:24:18.411341301Z
1647876256.4488108,2022-03-21T15:24:18.411656467Z
1647876256.201,2022-03-21T15:24:18.411897654Z
1647876256.2899585,2022-03-21T15:24:18.413180564Z
1647876256.3273654,2022-03-21T15:24:18.414237775Z
1647876256.4067793,2022-03-21T15:24:18.414444058Z
1647876256.3647776,2022-03-21T15:24:18.414637693Z
1647876256.3227365,2022-03-21T15:24:18.41491739Z
1647876256.7345748,2022-03-21T15:24:18.417442425Z
1647876256.7954264,2022-03-21T15:24:18.423397072Z
1647876256.622424,2022-03-21T15:24:18.425090123Z
1647876256.870295,2022-03-21T15:24:18.429178311Z
1647876256.6317914,2022-03-21T15:24:18.433756913Z
1647876256.6598735,2022-03-21T15:24:18.436335734Z
1647876256.6738474,2022-03-21T15:24:18.437674706Z
1647876256.786064,2022-03-21T15:24:18.439627129Z
1647876256.7159019,2022-03-21T15:24:18.502758647Z
1647876256.8188736,2022-03-21T15:24:18.503520948Z
1647876256.6037476,2022-03-21T15:24:18.503794397Z
1647876256.8282113,2022-03-21T15:24:18.504597977Z
1647876256.664566,2022-03-21T15:24:18.50620911Z
1647876256.5236554,2022-03-21T15:24:18.507018097Z
1647876256.6972036,2022-03-21T15:24:18.507445274Z
1647876256.8796246,2022-03-21T15:24:18.508658457Z
1647876256.5663576,2022-03-21T15:24:18.509525392Z
1647876256.8048375,2022-03-21T15:24:18.511848052Z
1647876256.6084094,2022-03-21T15:24:18.51560125Z
1647876256.7065597,2022-03-21T15:24:18.516656864Z
1647876256.533001,2022-03-21T15:24:18.516888335Z
1647876256.5563817,2022-03-21T15:24:18.518055707Z
1647876256.6130412,2022-03-21T15:24:18.520127539Z
1647876256.6364827,2022-03-21T15:24:18.521381123Z
1647876256.8235264,2022-03-21T15:24:18.522635999Z
1647876256.7486556,2022-03-21T15:24:18.523217773Z
1647876256.5282867,2022-03-21T15:24:18.523551823Z
1647876256.7533405,2022-03-21T15:24:18.525259883Z
1647876256.7579913,2022-03-21T15:24:18.525574688Z
1647876256.575739,2022-03-21T15:24:18.525955478Z
1647876256.6270983,2022-03-21T15:24:18.526488828Z
1647876256.8095388,2022-03-21T15:24:18.526918273Z
1647876256.814219,2022-03-21T15:24:18.534738106Z
1647876256.6411328,2022-03-21T15:24:18.534979192Z
1647876256.6831622,2022-03-21T15:24:18.535328874Z
1647876256.589806,2022-03-21T15:24:18.535660061Z
1647876256.7205613,2022-03-21T15:24:18.536173471Z
1647876256.8001335,2022-03-21T15:24:18.536189173Z
1647876256.7767005,2022-03-21T15:24:18.536648677Z
1647876256.8656046,2022-03-21T15:24:18.539807624Z
1647876256.8375876,2022-03-21T15:24:18.54050469Z
1647876256.6785312,2022-03-21T15:24:18.541218691Z
1647876256.7626786,2022-03-21T15:24:18.541778197Z
1647876256.7392292,2022-03-21T15:24:18.544011689Z
1647876256.701866,2022-03-21T15:24:18.544311266Z
1647876256.5850654,2022-03-21T15:24:18.544492868Z
1647876256.5096674,2022-03-21T15:24:18.544750386Z
1647876256.69255,2022-03-21T15:24:18.544797146Z
1647876256.5470347,2022-03-21T15:24:18.544944768Z
1647876256.1539984,2022-03-21T15:24:18.545046769Z
1647876256.8469455,2022-03-21T15:24:18.545338474Z
1647876256.8515754,2022-03-21T15:24:18.545497193Z
1647876256.767311,2022-03-21T15:24:18.545821233Z
1647876256.7112062,2022-03-21T15:24:18.546047819Z
1647876256.8328862,2022-03-21T15:24:18.546226904Z
1647876256.5616884,2022-03-21T15:24:18.546731735Z
1647876256.5517323,2022-03-21T15:24:18.577010932Z
1647876256.5189855,2022-03-21T15:24:18.579087029Z
1647876256.5944393,2022-03-21T15:24:18.582064694Z
1647876256.8749423,2022-03-21T15:24:18.583139091Z
1647876256.5143292,2022-03-21T15:24:18.585435349Z
1647876256.7299423,2022-03-21T15:24:18.587647909Z
1647876256.6551852,2022-03-21T15:24:18.588008949Z
1647876257.4411986,2022-03-21T15:24:18.58959304Z
1647876257.346555,2022-03-21T15:24:18.594308116Z
1647876256.860931,2022-03-21T15:24:18.596122455Z
1647876257.5112047,2022-03-21T15:24:18.60122936Z
1647876256.6878502,2022-03-21T15:24:18.601959791Z
1647876256.5423403,2022-03-21T15:24:18.603919485Z
1647876256.842268,2022-03-21T15:24:18.605722226Z
1647876256.617751,2022-03-21T15:24:18.607609803Z
1647876256.7907417,2022-03-21T15:24:18.609929458Z
1647876256.580413,2022-03-21T15:24:18.610924111Z
1647876256.8562548,2022-03-21T15:24:18.615123495Z
1647876256.7252378,2022-03-21T15:24:18.616712048Z
1647876256.66925,2022-03-21T15:24:18.619918046Z
1647876256.5377076,2022-03-21T15:24:18.621395765Z
1647876256.5990949,2022-03-21T15:24:18.623028648Z
1647876256.5710323,2022-03-21T15:24:18.625432357Z
1647876256.8936665,2022-03-21T15:24:18.62700011Z
1647876256.74388,2022-03-21T15:24:18.627803611Z
1647876257.0665329,2022-03-21T15:24:18.630849887Z
1647876256.884266,2022-03-21T15:24:18.633768664Z
1647876257.253142,2022-03-21T15:24:18.637165456Z
1647876257.0056918,2022-03-21T15:24:18.639923025Z
1647876257.1131754,2022-03-21T15:24:18.642519604Z
1647876257.08056,2022-03-21T15:24:18.649775974Z
1647876257.0618799,2022-03-21T15:24:18.649882089Z
1647876257.1505518,2022-03-21T15:24:18.650200962Z
1647876257.0338542,2022-03-21T15:24:18.653492268Z
1647876256.9310095,2022-03-21T15:24:18.654217976Z
1647876257.0103397,2022-03-21T15:24:18.655155781Z
1647876256.9076676,2022-03-21T15:24:18.65889458Z
1647876256.9449542,2022-03-21T15:24:18.660696179Z
1647876257.075909,2022-03-21T15:24:18.661513341Z
1647876256.926305,2022-03-21T15:24:18.663008185Z
1647876257.0991716,2022-03-21T15:24:18.665131286Z
1647876257.1551895,2022-03-21T15:24:18.666076054Z
1647876257.2158856,2022-03-21T15:24:18.669296759Z
1647876256.8889396,2022-03-21T15:24:18.670055023Z
1647876257.141255,2022-03-21T15:24:18.672948274Z
1647876257.1832268,2022-03-21T15:24:18.67396288Z
1647876256.9683185,2022-03-21T15:24:18.67589702Z
1647876257.0245004,2022-03-21T15:24:18.677245098Z
1647876256.9963555,2022-03-21T15:24:18.680521446Z
1647876257.2298667,2022-03-21T15:24:18.681863283Z
1647876257.0945594,2022-03-21T15:24:18.6835689Z
1647876257.2437994,2022-03-21T15:24:18.684425131Z
1647876257.1319072,2022-03-21T15:24:18.687511061Z
1647876257.0431614,2022-03-21T15:24:18.688830812Z
1647876257.1272206,2022-03-21T15:24:18.689274692Z
1647876257.1178768,2022-03-21T15:24:18.691056175Z
1647876256.977702,2022-03-21T15:24:18.693862096Z
1647876257.122545,2022-03-21T15:24:18.695667816Z
1647876257.187867,2022-03-21T15:24:18.696800126Z
1647876257.1085436,2022-03-21T15:24:18.698649923Z
1647876256.9122992,2022-03-21T15:24:18.699726286Z
1647876257.2205293,2022-03-21T15:24:18.702380186Z
1647876257.2251682,2022-03-21T15:24:18.703921769Z
1647876257.1972027,2022-03-21T15:24:18.704868246Z
1647876257.239158,2022-03-21T15:24:18.706965256Z
1647876256.9356558,2022-03-21T15:24:18.707802025Z
1647876257.057179,2022-03-21T15:24:18.709266408Z
1647876257.103864,2022-03-21T15:24:18.711618918Z
1647876257.1925159,2022-03-21T15:24:18.712403361Z
1647876257.0291572,2022-03-21T15:24:18.714771689Z
1647876256.9169655,2022-03-21T15:24:18.716441392Z
1647876257.1785607,2022-03-21T15:24:18.717344404Z
1647876256.898297,2022-03-21T15:24:18.721085127Z
1647876257.0851917,2022-03-21T15:24:18.721931394Z
1647876256.9870603,2022-03-21T15:24:18.725262221Z
1647876257.248434,2022-03-21T15:24:18.726567955Z
1647876257.2065625,2022-03-21T15:24:18.728371768Z
1647876256.99174,2022-03-21T15:24:18.729429631Z
1647876256.9543266,2022-03-21T15:24:18.732838086Z
1647876256.902982,2022-03-21T15:24:18.7340462Z
1647876256.9496624,2022-03-21T15:24:18.735866069Z
1647876257.0151696,2022-03-21T15:24:18.739409767Z
1647876257.2018745,2022-03-21T15:24:18.741514178Z
1647876257.0525436,2022-03-21T15:24:18.745656532Z
1647876256.9402862,2022-03-21T15:24:18.745811795Z
1647876257.2577496,2022-03-21T15:24:18.749054824Z
1647876256.92166,2022-03-21T15:24:18.749237912Z
1647876257.2345362,2022-03-21T15:24:18.749704479Z
1647876257.0478594,2022-03-21T15:24:18.7504034Z
1647876257.071218,2022-03-21T15:24:18.753777456Z
1647876257.1459045,2022-03-21T15:24:18.754012689Z
1647876257.2111943,2022-03-21T15:24:18.756151236Z
1647876257.0010092,2022-03-21T15:24:18.758047882Z
1647876256.9729702,2022-03-21T15:24:18.759251974Z
1647876257.038533,2022-03-21T15:24:18.761360704Z
1647876257.16456,2022-03-21T15:24:18.763348312Z
1647876257.1692035,2022-03-21T15:24:18.764242374Z
1647876257.089876,2022-03-21T15:24:18.766575249Z
1647876257.0198197,2022-03-21T15:24:18.767547301Z
1647876256.963658,2022-03-21T15:24:18.770157153Z
1647876256.9823601,2022-03-21T15:24:18.771114031Z
1647876257.1598592,2022-03-21T15:24:18.773669232Z
1647876257.1738603,2022-03-21T15:24:18.77468376Z
1647876256.9590266,2022-03-21T15:24:18.77676235Z
1647876257.1365921,2022-03-21T15:24:18.780873946Z
1647876257.3885934,2022-03-21T15:24:18.781983703Z
1647876257.422391,2022-03-21T15:24:18.78217823Z
1647876257.4878883,2022-03-21T15:24:18.783620036Z
1647876257.318547,2022-03-21T15:24:18.785964812Z
1647876256.6458054,2022-03-21T15:24:18.787646741Z
1647876257.341842,2022-03-21T15:24:18.78853386Z
1647876257.3932307,2022-03-21T15:24:18.790339566Z
1647876257.4025757,2022-03-21T15:24:18.792138591Z
1647876257.46922,2022-03-21T15:24:18.793549912Z
1647876257.501884,2022-03-21T15:24:18.795041486Z
1647876257.3838997,2022-03-21T15:24:18.79659582Z
1647876257.4551876,2022-03-21T15:24:18.798276662Z
1647876257.2764015,2022-03-21T15:24:18.79999281Z
1647876257.4129493,2022-03-21T15:24:18.801165888Z
1647876257.42709,2022-03-21T15:24:18.802606679Z
1647876257.355927,2022-03-21T15:24:18.804235358Z
1647876257.4972284,2022-03-21T15:24:18.805927114Z
1647876257.45986,2022-03-21T15:24:18.80750299Z
1647876257.4082346,2022-03-21T15:24:18.809850602Z
1647876257.365252,2022-03-21T15:24:18.811138076Z
1647876257.4177065,2022-03-21T15:24:18.81270853Z
1647876257.2951343,2022-03-21T15:24:18.814331864Z
1647876257.3092172,2022-03-21T15:24:18.816348903Z
1647876256.7720075,2022-03-21T15:24:18.817755771Z
1647876257.332517,2022-03-21T15:24:18.819439696Z
1647876257.3792253,2022-03-21T15:24:18.821343172Z
1647876257.450553,2022-03-21T15:24:18.822998906Z
1647876257.3512127,2022-03-21T15:24:18.826296602Z
1647876257.4317856,2022-03-21T15:24:18.827822469Z
1647876257.2998335,2022-03-21T15:24:18.832577595Z
1647876257.436504,2022-03-21T15:24:18.834706334Z
1647876257.3371618,2022-03-21T15:24:18.835727008Z
1647876257.4459178,2022-03-21T15:24:18.837970887Z
1647876257.3231747,2022-03-21T15:24:18.83944761Z
1647876257.4645333,2022-03-21T15:24:18.841519336Z
1647876257.4785464,2022-03-21T15:24:18.844491733Z
1647876257.3139133,2022-03-21T15:24:18.845045102Z
1647876257.4925709,2022-03-21T15:24:18.846263631Z
1647876257.3045852,2022-03-21T15:24:18.852108946Z
1647876257.3698866,2022-03-21T15:24:18.853019842Z
1647876257.360564,2022-03-21T15:24:18.859707706Z
1647876257.473881,2022-03-21T15:24:18.861722958Z
1647876257.3745465,2022-03-21T15:24:18.863739661Z
1647876257.2905016,2022-03-21T15:24:18.865234132Z
1647876257.483179,2022-03-21T15:24:18.866667133Z
1647876257.2670834,2022-03-21T15:24:18.870832019Z
1647876256.7814116,2022-03-21T15:24:18.871719295Z
1647876257.2624252,2022-03-21T15:24:18.878216585Z
1647876257.2811155,2022-03-21T15:24:18.879085468Z
1647876257.5065749,2022-03-21T15:24:18.88141332Z
1647876257.3979332,2022-03-21T15:24:18.881762393Z
1647876257.3278294,2022-03-21T15:24:18.882056017Z
1647876257.2717538,2022-03-21T15:24:18.882326818Z
1647876257.285769,2022-03-21T15:24:18.884006313Z
1647876257.5158885,2022-03-21T15:24:18.889245555Z
