1647873525.1358225,2022-03-21T14:38:48.204401456Z
1647873525.1404347,2022-03-21T14:38:48.221357009Z
1647873525.1392417,2022-03-21T14:38:48.248336042Z
1647873525.1417253,2022-03-21T14:38:48.275797036Z
1647873525.1429095,2022-03-21T14:38:48.27904072Z
1647873525.1454864,2022-03-21T14:38:48.285026182Z
1647873525.137,2022-03-21T14:38:48.287838989Z
1647873525.1467419,2022-03-21T14:38:48.288449284Z
1647873525.1441965,2022-03-21T14:38:48.29181348Z
1647873525.1381245,2022-03-21T14:38:48.293269876Z
1647873525.302333,2022-03-21T14:38:49.242362914Z
1647873525.3308244,2022-03-21T14:38:49.245250479Z
1647873525.2085886,2022-03-21T14:38:49.248838285Z
1647873525.3710961,2022-03-21T14:38:49.253026739Z
1647873525.2449138,2022-03-21T14:38:49.255796817Z
1647873525.235811,2022-03-21T14:38:49.260485141Z
1647873525.531264,2022-03-21T14:38:49.265416577Z
1647873525.356885,2022-03-21T14:38:49.272004818Z
1647873525.1989558,2022-03-21T14:38:49.275139063Z
1647873525.1639569,2022-03-21T14:38:49.277133225Z
1647873525.4803941,2022-03-21T14:38:49.280613472Z
1647873525.3178773,2022-03-21T14:38:49.284180384Z
1647873525.4076395,2022-03-21T14:38:49.28923387Z
1647873525.3917348,2022-03-21T14:38:49.293761241Z
1647873525.156492,2022-03-21T14:38:49.297114793Z
1647873525.4790983,2022-03-21T14:38:49.300001737Z
1647873525.4997177,2022-03-21T14:38:49.305178925Z
1647873525.2293184,2022-03-21T14:38:49.308154121Z
1647873525.3866024,2022-03-21T14:38:49.310483787Z
1647873525.5584018,2022-03-21T14:38:49.312619822Z
1647873525.1704404,2022-03-21T14:38:49.315836532Z
1647873525.224142,2022-03-21T14:38:49.317558475Z
1647873525.5165856,2022-03-21T14:38:49.320639063Z
1647873525.2397194,2022-03-21T14:38:49.322625716Z
1647873525.3985884,2022-03-21T14:38:49.324087821Z
1647873525.5217652,2022-03-21T14:38:49.326487622Z
1647873525.155297,2022-03-21T14:38:49.328912988Z
1647873525.50363,2022-03-21T14:38:49.331175295Z
1647873525.3256576,2022-03-21T14:38:49.334673067Z
1647873525.5023255,2022-03-21T14:38:49.336768741Z
1647873525.4024768,2022-03-21T14:38:49.339700933Z
1647873525.2501056,2022-03-21T14:38:49.342668546Z
1647873525.4205217,2022-03-21T14:38:49.34536946Z
1647873525.4128125,2022-03-21T14:38:49.347707873Z
1647873525.3191736,2022-03-21T14:38:49.349873516Z
1647873525.4817019,2022-03-21T14:38:49.352486598Z
1647873525.1577284,2022-03-21T14:38:49.354882993Z
1647873525.4437423,2022-03-21T14:38:49.356711075Z
1647873525.4295065,2022-03-21T14:38:49.359314895Z
1647873525.2578683,2022-03-21T14:38:49.361090153Z
1647873525.1795235,2022-03-21T14:38:49.363628212Z
1647873525.4880865,2022-03-21T14:38:49.364684777Z
1647873525.4153767,2022-03-21T14:38:49.366931071Z
1647873525.3166046,2022-03-21T14:38:49.368448964Z
1647873525.5545256,2022-03-21T14:38:49.37034475Z
1647873525.2015371,2022-03-21T14:38:49.372387681Z
1647873525.1602144,2022-03-21T14:38:49.373976738Z
1647873525.308834,2022-03-21T14:38:49.376225446Z
1647873525.3036442,2022-03-21T14:38:49.378473426Z
1647873525.2526803,2022-03-21T14:38:49.380201783Z
1647873525.2984068,2022-03-21T14:38:49.381977819Z
1647873525.1769068,2022-03-21T14:38:49.384824752Z
1647873525.5480604,2022-03-21T14:38:49.386131937Z
1647873525.3373818,2022-03-21T14:38:49.388833325Z
1647873525.2813637,2022-03-21T14:38:49.39061945Z
1647873525.535122,2022-03-21T14:38:49.392397729Z
1647873525.495847,2022-03-21T14:38:49.395522991Z
1647873525.4688048,2022-03-21T14:38:49.397566505Z
1647873525.5688176,2022-03-21T14:38:49.399419183Z
1647873525.460798,2022-03-21T14:38:49.401476983Z
1647873525.55582,2022-03-21T14:38:49.402935222Z
1647873525.342543,2022-03-21T14:38:49.406136971Z
1647873525.3062491,2022-03-21T14:38:49.4081937Z
1647873525.2604485,2022-03-21T14:38:49.410311058Z
1647873525.5714033,2022-03-21T14:38:49.413562848Z
1647873525.3269503,2022-03-21T14:38:49.414494923Z
1647873525.4230375,2022-03-21T14:38:49.416705666Z
1647873525.4714012,2022-03-21T14:38:49.41783778Z
1647873525.4102302,2022-03-21T14:38:49.420814868Z
1647873525.573996,2022-03-21T14:38:49.424881102Z
1647873525.238401,2022-03-21T14:38:49.43291933Z
1647873525.2997193,2022-03-21T14:38:49.436280033Z
1647873525.4893863,2022-03-21T14:38:49.438423669Z
1647873525.243622,2022-03-21T14:38:49.442664792Z
1647873525.452986,2022-03-21T14:38:49.44426463Z
1647873525.186013,2022-03-21T14:38:49.448610181Z
1647873525.581704,2022-03-21T14:38:49.45049915Z
1647873525.4765432,2022-03-21T14:38:49.45317626Z
1647873525.3517048,2022-03-21T14:38:49.455669385Z
1647873525.2267394,2022-03-21T14:38:49.457475737Z
1647873525.5114124,2022-03-21T14:38:49.458943278Z
1647873525.1515098,2022-03-21T14:38:49.462674647Z
1647873525.459514,2022-03-21T14:38:49.464584326Z
1647873525.2306507,2022-03-21T14:38:49.466658352Z
1647873525.193812,2022-03-21T14:38:49.469885514Z
1647873525.399865,2022-03-21T14:38:49.47153792Z
1647873525.3620548,2022-03-21T14:38:49.475091563Z
1647873525.1847143,2022-03-21T14:38:49.478602526Z
1647873525.5204554,2022-03-21T14:38:49.480180087Z
1647873525.321772,2022-03-21T14:38:49.483421167Z
1647873525.2098808,2022-03-21T14:38:49.485416946Z
1647873525.178226,2022-03-21T14:38:49.492820618Z
1647873525.339977,2022-03-21T14:38:49.497660885Z
1647873525.3852935,2022-03-21T14:38:49.498572462Z
1647873525.3335185,2022-03-21T14:38:49.500263094Z
1647873525.297115,2022-03-21T14:38:49.502765491Z
1647873525.549352,2022-03-21T14:38:49.509444999Z
1647873525.1976807,2022-03-21T14:38:49.510375168Z
1647873525.360765,2022-03-21T14:38:49.512830697Z
1647873525.5803952,2022-03-21T14:38:49.527163197Z
1647873525.3646414,2022-03-21T14:38:49.528847053Z
1647873525.4842868,2022-03-21T14:38:49.531003916Z
1647873525.4424767,2022-03-21T14:38:49.548610514Z
1647873525.559712,2022-03-21T14:38:49.552839493Z
1647873525.3956041,2022-03-21T14:38:49.553979152Z
1647873525.2332132,2022-03-21T14:38:49.556715798Z
1647873525.2475255,2022-03-21T14:38:49.565490613Z
1647873525.180816,2022-03-21T14:38:49.569373784Z
1647873525.2775269,2022-03-21T14:38:49.57197864Z
1647873525.403753,2022-03-21T14:38:49.572443277Z
1647873525.240992,2022-03-21T14:38:49.575294541Z
1647873525.4192402,2022-03-21T14:38:49.577104761Z
1647873525.2800746,2022-03-21T14:38:49.579545388Z
1647873525.5325496,2022-03-21T14:38:49.581846104Z
1647873525.4320946,2022-03-21T14:38:49.583831161Z
1647873525.1756327,2022-03-21T14:38:49.586108167Z
1647873525.187304,2022-03-21T14:38:49.588042949Z
1647873525.5075445,2022-03-21T14:38:49.5907406Z
1647873525.4477658,2022-03-21T14:38:49.593081733Z
1647873525.1963758,2022-03-21T14:38:49.595084607Z
1647873525.310123,2022-03-21T14:38:49.598260307Z
1647873525.1665027,2022-03-21T14:38:49.600931687Z
1647873525.5010087,2022-03-21T14:38:49.602698128Z
1647873525.2488148,2022-03-21T14:38:49.605802823Z
1647873525.4115393,2022-03-21T14:38:49.608603281Z
1647873525.276242,2022-03-21T14:38:49.611330568Z
1647873525.2539513,2022-03-21T14:38:49.614651251Z
1647873525.4398887,2022-03-21T14:38:49.616652212Z
1647873525.4385912,2022-03-21T14:38:49.619236679Z
1647873525.5101275,2022-03-21T14:38:49.622396642Z
1647873525.347782,2022-03-21T14:38:49.635164784Z
1647873525.3503957,2022-03-21T14:38:49.644088294Z
1647873525.2228463,2022-03-21T14:38:49.649770496Z
1647873525.504924,2022-03-21T14:38:49.652309251Z
1647873525.1886146,2022-03-21T14:38:49.65454844Z
1647873525.182109,2022-03-21T14:38:49.65749114Z
1647873525.216393,2022-03-21T14:38:49.662709723Z
1647873525.406338,2022-03-21T14:38:49.670330571Z
1647873525.3438349,2022-03-21T14:38:49.672999472Z
1647873525.4166777,2022-03-21T14:38:49.681065888Z
1647873525.4662325,2022-03-21T14:38:49.688368983Z
1647873525.5088365,2022-03-21T14:38:49.690873274Z
1647873525.3749933,2022-03-21T14:38:49.692064317Z
1647873525.5191662,2022-03-21T14:38:49.696623351Z
1647873525.493289,2022-03-21T14:38:49.701728034Z
1647873525.4620614,2022-03-21T14:38:49.706851423Z
1647873525.2723575,2022-03-21T14:38:49.709609745Z
1647873525.5519457,2022-03-21T14:38:49.711480101Z
1647873525.4011571,2022-03-21T14:38:49.717802155Z
1647873525.5752738,2022-03-21T14:38:49.719724018Z
1647873525.355613,2022-03-21T14:38:49.721167862Z
1647873525.5139925,2022-03-21T14:38:49.724566859Z
1647873525.3361099,2022-03-21T14:38:49.726597707Z
1647873525.312721,2022-03-21T14:38:49.728313178Z
1647873525.1730146,2022-03-21T14:38:49.730330508Z
1647873525.3451223,2022-03-21T14:38:49.738537384Z
1647873525.5152996,2022-03-21T14:38:49.740847336Z
1647873525.4242973,2022-03-21T14:38:49.744691585Z
1647873525.1717365,2022-03-21T14:38:49.747374404Z
1647873525.4582171,2022-03-21T14:38:49.750230483Z
1647873525.5338247,2022-03-21T14:38:49.751879327Z
1647873525.3891628,2022-03-21T14:38:49.756530814Z
1647873525.2189713,2022-03-21T14:38:49.760101918Z
1647873525.4359903,2022-03-21T14:38:49.762627558Z
1647873525.2904155,2022-03-21T14:38:49.763834118Z
1647873525.2565675,2022-03-21T14:38:49.765880697Z
1647873525.174338,2022-03-21T14:38:49.776197203Z
1647873525.5364127,2022-03-21T14:38:49.780538627Z
1647873525.3140094,2022-03-21T14:38:49.783982876Z
1647873525.2736778,2022-03-21T14:38:49.787802743Z
1647873525.369805,2022-03-21T14:38:49.789192533Z
1647873525.434694,2022-03-21T14:38:49.796132017Z
1647873525.5243528,2022-03-21T14:38:49.797544131Z
1647873525.4411805,2022-03-21T14:38:49.798719364Z
1647873525.4543018,2022-03-21T14:38:49.799480069Z
1647873525.4269001,2022-03-21T14:38:49.801819698Z
1647873525.3672032,2022-03-21T14:38:49.807538674Z
1647873525.2371068,2022-03-21T14:38:49.809797428Z
1647873525.2919102,2022-03-21T14:38:49.812763693Z
1647873525.3581731,2022-03-21T14:38:49.819665815Z
1647873525.3010073,2022-03-21T14:38:49.822662808Z
1647873525.1651907,2022-03-21T14:38:49.825604073Z
1647873525.3775914,2022-03-21T14:38:49.830111149Z
1647873525.5178766,2022-03-21T14:38:49.832603858Z
1647873525.3153026,2022-03-21T14:38:49.837821311Z
1647873525.2059913,2022-03-21T14:38:49.845302527Z
1647873525.4450116,2022-03-21T14:38:49.85005921Z
1647873525.334831,2022-03-21T14:38:49.854454237Z
1647873525.3736937,2022-03-21T14:38:49.857904177Z
1647873525.1479192,2022-03-21T14:38:49.859320164Z
1647873525.220261,2022-03-21T14:38:49.866513825Z
1647873525.2669466,2022-03-21T14:38:49.87227855Z
1647873525.4140973,2022-03-21T14:38:49.87596585Z
1647873525.3386862,2022-03-21T14:38:49.88496771Z
1647873525.5727115,2022-03-21T14:38:49.886878921Z
1647873525.285258,2022-03-21T14:38:49.890194687Z
1647873525.1678472,2022-03-21T14:38:49.894825104Z
1647873525.4984229,2022-03-21T14:38:49.897378196Z
1647873525.5269456,2022-03-21T14:38:49.899909335Z
1647873525.497139,2022-03-21T14:38:49.90589446Z
1647873525.4636645,2022-03-21T14:38:49.910124687Z
1647873525.456902,2022-03-21T14:38:49.913342801Z
1647873525.4179506,2022-03-21T14:38:49.918725941Z
1647873525.2945144,2022-03-21T14:38:49.922000673Z
1647873525.4217865,2022-03-21T14:38:49.925495586Z
1647873525.4503834,2022-03-21T14:38:49.932947157Z
1647873525.1491065,2022-03-21T14:38:49.951901172Z
1647873525.4752567,2022-03-21T14:38:49.956509877Z
1647873525.4308016,2022-03-21T14:38:49.958822983Z
1647873525.2423072,2022-03-21T14:38:49.960030152Z
1647873525.3464122,2022-03-21T14:38:49.964250402Z
1647873525.2788055,2022-03-21T14:38:49.967003736Z
1647873525.311413,2022-03-21T14:38:49.970926181Z
1647873525.5506527,2022-03-21T14:38:49.972095578Z
1647873525.2345135,2022-03-21T14:38:49.973938838Z
1647873525.354314,2022-03-21T14:38:49.977031935Z
1647873525.2002466,2022-03-21T14:38:49.981130062Z
1647873525.3049374,2022-03-21T14:38:49.981257382Z
1647873525.5571115,2022-03-21T14:38:49.990450506Z
1647873525.1627429,2022-03-21T14:38:49.993692633Z
1647873525.4050379,2022-03-21T14:38:50.003708092Z
1647873525.1912098,2022-03-21T14:38:50.00498056Z
1647873525.5415885,2022-03-21T14:38:50.005315562Z
1647873525.3075404,2022-03-21T14:38:50.006087951Z
1647873525.192513,2022-03-21T14:38:50.008919491Z
1647873525.2124848,2022-03-21T14:38:50.010298253Z
1647873525.2617602,2022-03-21T14:38:50.01624327Z
1647873525.3827283,2022-03-21T14:38:50.018740959Z
1647873525.567529,2022-03-21T14:38:50.020897319Z
1647873525.2891307,2022-03-21T14:38:50.022962577Z
1647873525.152814,2022-03-21T14:38:50.02543231Z
1647873525.4675105,2022-03-21T14:38:50.026598892Z
1647873525.2643378,2022-03-21T14:38:50.028100536Z
1647873525.4739847,2022-03-21T14:38:50.032063053Z
1647873525.5127,2022-03-21T14:38:50.034748681Z
1647873525.2072818,2022-03-21T14:38:50.037621525Z
1647873525.2591584,2022-03-21T14:38:50.041439139Z
1647873525.542882,2022-03-21T14:38:50.045431457Z
1647873525.324352,2022-03-21T14:38:50.049083226Z
1647873525.341252,2022-03-21T14:38:50.052583692Z
1647873525.2826707,2022-03-21T14:38:50.054593737Z
1647873525.3930051,2022-03-21T14:38:50.056422098Z
1647873525.4920042,2022-03-21T14:38:50.06009778Z
1647873525.4281938,2022-03-21T14:38:50.062986951Z
1647873525.1899385,2022-03-21T14:38:50.065593399Z
1647873525.2111726,2022-03-21T14:38:50.066681865Z
1647873525.1950848,2022-03-21T14:38:50.068378589Z
1647873525.2878404,2022-03-21T14:38:50.072733752Z
1647873525.1834028,2022-03-21T14:38:50.077202499Z
1647873525.5441718,2022-03-21T14:38:50.078679714Z
1647873525.5390081,2022-03-21T14:38:50.081346894Z
1647873525.2215533,2022-03-21T14:38:50.085165152Z
1647873525.5610032,2022-03-21T14:38:50.088994762Z
1647873525.4464822,2022-03-21T14:38:50.098879591Z
1647873525.4727032,2022-03-21T14:38:50.099437614Z
1647873525.159004,2022-03-21T14:38:50.099748979Z
1647873525.3490746,2022-03-21T14:38:50.100808166Z
1647873525.2137804,2022-03-21T14:38:50.101263041Z
1647873525.3594785,2022-03-21T14:38:50.104203281Z
1647873525.2697752,2022-03-21T14:38:50.109410016Z
1647873525.4778273,2022-03-21T14:38:50.113094115Z
1647873525.4372802,2022-03-21T14:38:50.120000609Z
1647873525.2932143,2022-03-21T14:38:50.12233733Z
1647873525.16145,2022-03-21T14:38:50.125961688Z
1647873525.5977526,2022-03-21T14:38:50.132207623Z
1647873525.9463525,2022-03-21T14:38:50.141191452Z
1647873525.88511,2022-03-21T14:38:50.143554214Z
1647873525.8357158,2022-03-21T14:38:50.148680579Z
1647873525.5467713,2022-03-21T14:38:50.15243605Z
1647873525.5299728,2022-03-21T14:38:50.153821472Z
1647873525.4516935,2022-03-21T14:38:50.162006299Z
1647873525.378878,2022-03-21T14:38:50.163407475Z
1647873525.2176776,2022-03-21T14:38:50.165626942Z
1647873525.2033832,2022-03-21T14:38:50.16941071Z
1647873525.4867995,2022-03-21T14:38:50.171738833Z
1647873525.5778298,2022-03-21T14:38:50.17756685Z
1647873525.3204775,2022-03-21T14:38:50.181535709Z
1647873525.5532355,2022-03-21T14:38:50.183427039Z
1647873525.2552757,2022-03-21T14:38:50.185353843Z
1647873525.2684784,2022-03-21T14:38:50.187271563Z
1647873525.2513893,2022-03-21T14:38:50.189560754Z
1647873525.494563,2022-03-21T14:38:50.191085691Z
1647873525.3762827,2022-03-21T14:38:50.193485722Z
1647873525.1540287,2022-03-21T14:38:50.195450539Z
1647873525.4701087,2022-03-21T14:38:50.202811475Z
1647873525.3723857,2022-03-21T14:38:50.208363542Z
1647873525.2046967,2022-03-21T14:38:50.210221936Z
1647873525.5062497,2022-03-21T14:38:50.213070269Z
1647873525.5636272,2022-03-21T14:38:50.217075494Z
1647873525.1502945,2022-03-21T14:38:50.219392866Z
1647873525.2254288,2022-03-21T14:38:50.221814914Z
1647873525.4490595,2022-03-21T14:38:50.224981674Z
1647873525.523061,2022-03-21T14:38:50.229920248Z
1647873525.4255984,2022-03-21T14:38:50.232634009Z
1647873525.525653,2022-03-21T14:38:50.236790794Z
1647873525.5402803,2022-03-21T14:38:50.240636138Z
1647873525.3904345,2022-03-21T14:38:50.244908091Z
1647873525.283968,2022-03-21T14:38:50.248994179Z
1647873525.2749505,2022-03-21T14:38:50.253439089Z
1647873525.3801508,2022-03-21T14:38:50.256635751Z
1647873525.5377235,2022-03-21T14:38:50.259058227Z
1647873525.3529978,2022-03-21T14:38:50.262155579Z
1647873525.2151084,2022-03-21T14:38:50.264974161Z
1647873525.271067,2022-03-21T14:38:50.268490119Z
1647873525.3814418,2022-03-21T14:38:50.272252457Z
1647873525.4089127,2022-03-21T14:38:50.277945667Z
1647873525.3943152,2022-03-21T14:38:50.283386282Z
1647873525.3659139,2022-03-21T14:38:50.285130738Z
1647873525.3282397,2022-03-21T14:38:50.288403394Z
1647873525.2280288,2022-03-21T14:38:50.292322261Z
1647873525.545477,2022-03-21T14:38:50.297201049Z
1647873525.4855917,2022-03-21T14:38:50.300870196Z
1647873526.198776,2022-03-21T14:38:50.302779036Z
1647873525.3685088,2022-03-21T14:38:50.305181312Z
1647873525.332114,2022-03-21T14:38:50.309144707Z
1647873525.384021,2022-03-21T14:38:50.313564413Z
1647873526.3838887,2022-03-21T14:38:50.317141612Z
1647873526.3524811,2022-03-21T14:38:50.321228295Z
1647873525.9825454,2022-03-21T14:38:50.333726877Z
1647873526.0702338,2022-03-21T14:38:50.335273657Z
1647873526.1089718,2022-03-21T14:38:50.338255092Z
1647873526.1948826,2022-03-21T14:38:50.341506386Z
1647873525.9709418,2022-03-21T14:38:50.345476805Z
1647873526.325309,2022-03-21T14:38:50.348295766Z
1647873526.0754206,2022-03-21T14:38:50.350511611Z
1647873525.39689,2022-03-21T14:38:50.353283383Z
1647873525.2462325,2022-03-21T14:38:50.35754177Z
1647873525.2319248,2022-03-21T14:38:50.361438817Z
1647873525.579102,2022-03-21T14:38:50.363123551Z
1647873525.4649305,2022-03-21T14:38:50.366247535Z
1647873525.56492,2022-03-21T14:38:50.368733027Z
1647873525.6731577,2022-03-21T14:38:50.370540252Z
1647873525.8686981,2022-03-21T14:38:50.372894979Z
1647873525.6575131,2022-03-21T14:38:50.374808085Z
1647873525.8201902,2022-03-21T14:38:50.376668333Z
1647873525.641884,2022-03-21T14:38:50.378918977Z
1647873525.8047068,2022-03-21T14:38:50.38112737Z
1647873525.7604814,2022-03-21T14:38:50.382769232Z
1647873525.923072,2022-03-21T14:38:50.384785558Z
1647873525.8799438,2022-03-21T14:38:50.386967319Z
1647873525.774747,2022-03-21T14:38:50.389341337Z
1647873525.790394,2022-03-21T14:38:50.391969127Z
1647873525.937339,2022-03-21T14:38:50.394082006Z
1647873525.7264721,2022-03-21T14:38:50.396519168Z
1647873525.8890173,2022-03-21T14:38:50.398041888Z
1647873525.6276813,2022-03-21T14:38:50.399745138Z
1647873525.6121402,2022-03-21T14:38:50.401624173Z
1647873525.5623364,2022-03-21T14:38:50.404043163Z
1647873525.744736,2022-03-21T14:38:50.406147822Z
1647873525.7174046,2022-03-21T14:38:50.408215539Z
1647873525.6965227,2022-03-21T14:38:50.410738749Z
1647873525.8597114,2022-03-21T14:38:50.413186433Z
1647873525.6393347,2022-03-21T14:38:50.415359659Z
1647873525.8446605,2022-03-21T14:38:50.418011476Z
1647873525.1691449,2022-03-21T14:38:50.420066532Z
1647873525.6822999,2022-03-21T14:38:50.422062623Z
1647873525.8485126,2022-03-21T14:38:50.423289572Z
1647873525.8433757,2022-03-21T14:38:50.42516434Z
1647873525.6809857,2022-03-21T14:38:50.427389721Z
1647873525.6861415,2022-03-21T14:38:50.428588521Z
1647873525.8020997,2022-03-21T14:38:50.430302238Z
1647873525.5894985,2022-03-21T14:38:50.43311462Z
1647873525.9032748,2022-03-21T14:38:50.438249085Z
1647873525.861015,2022-03-21T14:38:50.440115847Z
1647873525.6978135,2022-03-21T14:38:50.441925257Z
1647873525.6341872,2022-03-21T14:38:50.443872395Z
1647873525.7969294,2022-03-21T14:38:50.445565738Z
1647873525.5856068,2022-03-21T14:38:50.447611436Z
1647873525.7486215,2022-03-21T14:38:50.449288332Z
1647873525.9111595,2022-03-21T14:38:50.451625882Z
1647873525.7003958,2022-03-21T14:38:50.453201343Z
1647873525.863708,2022-03-21T14:38:50.454641748Z
1647873525.6562216,2022-03-21T14:38:50.457445717Z
1647873525.818918,2022-03-21T14:38:50.459883807Z
1647873525.6457484,2022-03-21T14:38:50.462801843Z
1647873525.8086042,2022-03-21T14:38:50.464887124Z
1647873525.608257,2022-03-21T14:38:50.467880263Z
1647873525.6523106,2022-03-21T14:38:50.470066395Z
1647873525.815055,2022-03-21T14:38:50.472120479Z
1647873525.5701122,2022-03-21T14:38:50.474651507Z
1647873525.7251656,2022-03-21T14:38:50.475900466Z
1647873525.887721,2022-03-21T14:38:50.478485968Z
1647873525.7096045,2022-03-21T14:38:50.480913733Z
1647873525.8240733,2022-03-21T14:38:50.482605096Z
1647873525.8722482,2022-03-21T14:38:50.48481408Z
1647873525.6173267,2022-03-21T14:38:50.48663701Z
1647873525.7550995,2022-03-21T14:38:50.48899444Z
1647873525.7799277,2022-03-21T14:38:50.490795034Z
1647873525.7395363,2022-03-21T14:38:50.493713477Z
1647873525.942494,2022-03-21T14:38:50.495892112Z
1647873525.736943,2022-03-21T14:38:50.498000769Z
1647873525.9176693,2022-03-21T14:38:50.50000775Z
1647873525.899392,2022-03-21T14:38:50.502130502Z
1647873525.9019918,2022-03-21T14:38:50.503984486Z
1647873525.679693,2022-03-21T14:38:50.505861044Z
1647873525.5920846,2022-03-21T14:38:50.50763951Z
1647873525.8420916,2022-03-21T14:38:50.50954883Z
1647873525.6952329,2022-03-21T14:38:50.511986944Z
1647873525.6316047,2022-03-21T14:38:50.515252392Z
1647873525.8033915,2022-03-21T14:38:50.517248632Z
1647873525.7943125,2022-03-21T14:38:50.518926266Z
1647873525.8583906,2022-03-21T14:38:50.521355048Z
1647873525.616037,2022-03-21T14:38:50.522898266Z
1647873525.915066,2022-03-21T14:38:50.524861545Z
1647873525.7786353,2022-03-21T14:38:50.527301484Z
1647873525.7525132,2022-03-21T14:38:50.530529976Z
1647873525.9412,2022-03-21T14:38:50.531967038Z
1647873525.7343419,2022-03-21T14:38:50.535652226Z
1647873525.8968368,2022-03-21T14:38:50.537814473Z
1647873525.8008082,2022-03-21T14:38:50.539163101Z
1647873525.6614962,2022-03-21T14:38:50.541761783Z
1647873525.7995174,2022-03-21T14:38:50.544412257Z
1647873525.6913288,2022-03-21T14:38:50.54536127Z
1647873525.75659,2022-03-21T14:38:50.549543409Z
1647873525.9192019,2022-03-21T14:38:50.551698256Z
1647873525.6367812,2022-03-21T14:38:50.553801889Z
1647873525.8542204,2022-03-21T14:38:50.554942533Z
1647873525.7408395,2022-03-21T14:38:50.558140361Z
1647873525.593858,2022-03-21T14:38:50.560583716Z
1647873525.907073,2022-03-21T14:38:50.562755123Z
1647873525.621192,2022-03-21T14:38:50.564168293Z
1647873525.638051,2022-03-21T14:38:50.567220184Z
1647873525.783809,2022-03-21T14:38:50.568405305Z
1647873525.4333856,2022-03-21T14:38:50.571277231Z
1647873525.735653,2022-03-21T14:38:50.572563215Z
1647873525.8981187,2022-03-21T14:38:50.574535757Z
1647873525.6874335,2022-03-21T14:38:50.576595032Z
1647873525.8498,2022-03-21T14:38:50.578694079Z
1647873525.675768,2022-03-21T14:38:50.580691369Z
1647873525.7956555,2022-03-21T14:38:50.58290664Z
1647873525.5765455,2022-03-21T14:38:50.584315866Z
1647873525.7317407,2022-03-21T14:38:50.58670168Z
1647873525.894251,2022-03-21T14:38:50.588794073Z
1647873525.6836023,2022-03-21T14:38:50.590951732Z
1647873525.845951,2022-03-21T14:38:50.593100392Z
1647873525.9058034,2022-03-21T14:38:50.597650588Z
1647873525.6900396,2022-03-21T14:38:50.604655031Z
1647873525.7382405,2022-03-21T14:38:50.605237407Z
1647873525.6354954,2022-03-21T14:38:50.605707773Z
1647873525.566236,2022-03-21T14:38:50.606256216Z
1647873525.8523607,2022-03-21T14:38:50.608697873Z
1647873525.9006996,2022-03-21T14:38:50.609134764Z
1647873525.8369868,2022-03-21T14:38:50.609551448Z
1647873525.6744528,2022-03-21T14:38:50.609941772Z
1647873525.630291,2022-03-21T14:38:50.612269252Z
1647873525.5869012,2022-03-21T14:38:50.612679159Z
1647873525.74992,2022-03-21T14:38:50.614549458Z
1647873525.7929976,2022-03-21T14:38:50.615016111Z
1647873525.9124753,2022-03-21T14:38:50.616513198Z
1647873525.8227854,2022-03-21T14:38:50.619048991Z
1647873525.6444426,2022-03-21T14:38:50.622817262Z
1647873525.5964472,2022-03-21T14:38:50.624302063Z
1647873525.671868,2022-03-21T14:38:50.630780975Z
1647873525.7591727,2022-03-21T14:38:50.632064343Z
1647873525.8072934,2022-03-21T14:38:50.632247244Z
1647873525.92178,2022-03-21T14:38:50.632486403Z
1647873525.8773634,2022-03-21T14:38:50.632686349Z
1647873525.6601837,2022-03-21T14:38:50.633567166Z
1647873525.7148147,2022-03-21T14:38:50.633918049Z
1647873525.8344128,2022-03-21T14:38:50.634231653Z
1647873525.9399374,2022-03-21T14:38:50.641969423Z
1647873525.7290452,2022-03-21T14:38:50.642601211Z
1647873525.7773304,2022-03-21T14:38:50.643591786Z
1647873525.7187173,2022-03-21T14:38:50.644003799Z
1647873525.6147478,2022-03-21T14:38:50.644267605Z
1647873525.7890682,2022-03-21T14:38:50.644449169Z
1647873525.8812177,2022-03-21T14:38:50.645001254Z
1647873525.6263747,2022-03-21T14:38:50.6488124Z
1647873525.582996,2022-03-21T14:38:50.651374833Z
1647873525.8318298,2022-03-21T14:38:50.653037201Z
1647873525.670568,2022-03-21T14:38:50.655448064Z
1647873525.6692753,2022-03-21T14:38:50.656893174Z
1647873525.8331223,2022-03-21T14:38:50.659478175Z
1647873525.8760684,2022-03-21T14:38:50.661203752Z
1647873525.6224985,2022-03-21T14:38:50.664070846Z
1647873525.713505,2022-03-21T14:38:50.665189055Z
1647873525.7851057,2022-03-21T14:38:50.667995653Z
1647873525.8916464,2022-03-21T14:38:50.669799587Z
1647873525.743422,2022-03-21T14:38:50.671042872Z
1647873525.6108496,2022-03-21T14:38:50.673120802Z
1647873525.7734306,2022-03-21T14:38:50.677484462Z
1647873525.5907953,2022-03-21T14:38:50.678456421Z
1647873525.632898,2022-03-21T14:38:50.681930583Z
1647873525.916362,2022-03-21T14:38:50.684153003Z
1647873525.936046,2022-03-21T14:38:50.68439688Z
1647873525.753807,2022-03-21T14:38:50.688719432Z
1647873525.8382838,2022-03-21T14:38:50.689894337Z
1647873525.7982392,2022-03-21T14:38:50.691455856Z
1647873525.7303662,2022-03-21T14:38:50.693201193Z
1647873525.8929377,2022-03-21T14:38:50.694714213Z
1647873525.6666937,2022-03-21T14:38:50.696563343Z
1647873525.8292494,2022-03-21T14:38:50.697896412Z
1647873525.6186333,2022-03-21T14:38:50.6996027Z
1647873525.7812176,2022-03-21T14:38:50.701786001Z
1647873525.9437687,2022-03-21T14:38:50.70347191Z
1647873525.7330384,2022-03-21T14:38:50.704840661Z
1647873525.8955438,2022-03-21T14:38:50.706170852Z
1647873525.6887443,2022-03-21T14:38:50.708127652Z
1647873525.85107,2022-03-21T14:38:50.710064024Z
1647873525.8408113,2022-03-21T14:38:50.711783689Z
1647873525.6783829,2022-03-21T14:38:50.714104Z
1647873525.7708452,2022-03-21T14:38:50.715109716Z
1647873525.7057111,2022-03-21T14:38:50.716760851Z
1647873525.9334376,2022-03-21T14:38:50.71815341Z
1647873525.8698807,2022-03-21T14:38:50.720393343Z
1647873525.7225978,2022-03-21T14:38:50.721836672Z
1647873525.7069914,2022-03-21T14:38:50.723793766Z
1647873525.6628108,2022-03-21T14:38:50.72522092Z
1647873525.825364,2022-03-21T14:38:50.726934454Z
1647873525.6199205,2022-03-21T14:38:50.728828114Z
1647873525.7825108,2022-03-21T14:38:50.731113865Z
1647873525.9450521,2022-03-21T14:38:50.732094439Z
1647873525.8555083,2022-03-21T14:38:50.733703973Z
1647873525.6770592,2022-03-21T14:38:50.735571231Z
1647873525.839552,2022-03-21T14:38:50.736752066Z
1647873525.6926374,2022-03-21T14:38:50.739302155Z
1647873525.9096653,2022-03-21T14:38:50.741541928Z
1647873525.286548,2022-03-21T14:38:50.744502357Z
1647873525.867515,2022-03-21T14:38:50.745025843Z
1647873525.747318,2022-03-21T14:38:50.747045775Z
1647873525.7043793,2022-03-21T14:38:50.748732174Z
1647873525.924364,2022-03-21T14:38:50.751123695Z
1647873525.6470387,2022-03-21T14:38:50.752629038Z
1647873525.7617867,2022-03-21T14:38:50.754606541Z
1647873525.8098962,2022-03-21T14:38:50.756435423Z
1647873525.9083622,2022-03-21T14:38:50.758424366Z
1647873525.7017272,2022-03-21T14:38:50.760396737Z
1647873525.7460256,2022-03-21T14:38:50.762255307Z
1647873525.8650064,2022-03-21T14:38:50.764207669Z
1647873525.599025,2022-03-21T14:38:50.765882048Z
1647873525.6589031,2022-03-21T14:38:50.76708783Z
1647873525.628975,2022-03-21T14:38:50.769381151Z
1647873525.821491,2022-03-21T14:38:50.770398723Z
1647873525.5881917,2022-03-21T14:38:50.77258684Z
1647873525.7512124,2022-03-21T14:38:50.778044177Z
1647873525.703075,2022-03-21T14:38:50.780667622Z
1647873525.6549284,2022-03-21T14:38:50.782489935Z
1647873525.6431704,2022-03-21T14:38:50.784734966Z
1647873525.8663223,2022-03-21T14:38:50.786842116Z
1647873525.817631,2022-03-21T14:38:50.788433434Z
1647873525.9137719,2022-03-21T14:38:50.790861748Z
1647873525.8060038,2022-03-21T14:38:50.79206893Z
1647873525.6003158,2022-03-21T14:38:50.79440916Z
1647873525.9256742,2022-03-21T14:38:50.796052322Z
1647873525.7917058,2022-03-21T14:38:50.798117284Z
1647873525.7630801,2022-03-21T14:38:50.799723292Z
1647873525.5842986,2022-03-21T14:38:50.802575863Z
1647873525.765677,2022-03-21T14:38:50.803538014Z
1647873525.9282422,2022-03-21T14:38:50.805629277Z
1647873525.651005,2022-03-21T14:38:50.807755778Z
1647873525.8137734,2022-03-21T14:38:50.809867366Z
1647873525.710901,2022-03-21T14:38:50.811229465Z
1647873525.7212944,2022-03-21T14:38:50.81303169Z
1647873525.873622,2022-03-21T14:38:50.814698374Z
1647873525.883804,2022-03-21T14:38:50.816760409Z
1647873525.6406121,2022-03-21T14:38:50.818324663Z
1647873525.60955,2022-03-21T14:38:50.820601582Z
1647873525.7877114,2022-03-21T14:38:50.822512572Z
1647873525.8903399,2022-03-21T14:38:50.825211757Z
1647873525.7721384,2022-03-21T14:38:50.826520536Z
1647873525.9347546,2022-03-21T14:38:50.828591396Z
1647873525.847233,2022-03-21T14:38:50.830358965Z
1647873525.7277594,2022-03-21T14:38:50.832581612Z
1647873525.5951507,2022-03-21T14:38:50.834265326Z
1647873525.7578733,2022-03-21T14:38:50.836687162Z
1647873525.2958214,2022-03-21T14:38:50.83821864Z
1647873525.9205036,2022-03-21T14:38:50.839650692Z
1647873525.68487,2022-03-21T14:38:50.842107015Z
1647873525.9045396,2022-03-21T14:38:50.8434203Z
1647873525.7421303,2022-03-21T14:38:50.84538297Z
1647873525.6939423,2022-03-21T14:38:50.846702284Z
1647873525.7121928,2022-03-21T14:38:50.848964406Z
1647873525.7695525,2022-03-21T14:38:50.850347238Z
1647873525.606965,2022-03-21T14:38:50.852655318Z
1647873525.9321384,2022-03-21T14:38:50.85455774Z
1647873525.874802,2022-03-21T14:38:50.856264907Z
1647873525.6640844,2022-03-21T14:38:50.858004076Z
1647873525.826671,2022-03-21T14:38:50.859831516Z
1647873525.6483295,2022-03-21T14:38:50.861922552Z
1647873525.8111832,2022-03-21T14:38:50.863415453Z
1647873525.6043797,2022-03-21T14:38:50.865559844Z
1647873525.7669697,2022-03-21T14:38:50.866779047Z
1647873525.9295504,2022-03-21T14:38:50.86881545Z
1647873525.7238894,2022-03-21T14:38:50.870716293Z
1647873525.886403,2022-03-21T14:38:50.872364817Z
1647873525.6536272,2022-03-21T14:38:50.874615457Z
1647873525.8163257,2022-03-21T14:38:50.875963824Z
1647873525.6056702,2022-03-21T14:38:50.877494947Z
1647873525.768261,2022-03-21T14:38:50.879307261Z
1647873525.9308465,2022-03-21T14:38:50.881454464Z
1647873525.7200184,2022-03-21T14:38:50.882747719Z
1647873525.8825138,2022-03-21T14:38:50.884881423Z
1647873525.7082877,2022-03-21T14:38:50.886363997Z
1647873525.871066,2022-03-21T14:38:50.888496273Z
1647873525.6653762,2022-03-21T14:38:50.890233601Z
1647873525.6017625,2022-03-21T14:38:50.892244287Z
1647873525.7643714,2022-03-21T14:38:50.894817877Z
1647873525.9269493,2022-03-21T14:38:50.896306897Z
1647873525.7161088,2022-03-21T14:38:50.898394886Z
1647873525.8305395,2022-03-21T14:38:50.900097512Z
1647873525.8786619,2022-03-21T14:38:50.902332957Z
1647873525.6679823,2022-03-21T14:38:50.90443507Z
1647873525.786398,2022-03-21T14:38:50.906284848Z
1647873525.6134317,2022-03-21T14:38:50.907473002Z
1647873525.7760396,2022-03-21T14:38:50.90866713Z
1647873525.9386508,2022-03-21T14:38:50.910124037Z
1647873525.8124862,2022-03-21T14:38:50.912044487Z
1647873525.6496475,2022-03-21T14:38:50.913586108Z
1647873525.6251018,2022-03-21T14:38:50.914838404Z
1647873525.6991038,2022-03-21T14:38:50.916678714Z
1647873525.862381,2022-03-21T14:38:50.91769048Z
1647873525.8569844,2022-03-21T14:38:50.919440348Z
1647873525.603064,2022-03-21T14:38:50.920817195Z
1647873525.6238034,2022-03-21T14:38:50.923321272Z
1647873525.8279593,2022-03-21T14:38:50.924204008Z
1647873525.998433,2022-03-21T14:38:50.92603474Z
1647873526.160821,2022-03-21T14:38:50.927176496Z
1647873526.2956583,2022-03-21T14:38:50.92966953Z
1647873526.0476048,2022-03-21T14:38:50.93053736Z
1647873526.1776133,2022-03-21T14:38:50.932429327Z
1647873526.1037967,2022-03-21T14:38:50.933980815Z
1647873526.3124416,2022-03-21T14:38:50.935357063Z
1647873525.9735105,2022-03-21T14:38:50.939728297Z
1647873526.2385898,2022-03-21T14:38:50.942042222Z
1647873526.259364,2022-03-21T14:38:50.943650636Z
1647873526.389111,2022-03-21T14:38:50.945635007Z
1647873526.016593,2022-03-21T14:38:50.94797543Z
1647873526.1465187,2022-03-21T14:38:50.948798449Z
1647873526.2813468,2022-03-21T14:38:50.95071085Z
1647873526.4111805,2022-03-21T14:38:50.952211268Z
1647873526.0506299,2022-03-21T14:38:50.954045551Z
1647873526.315035,2022-03-21T14:38:50.956362849Z
1647873525.9945648,2022-03-21T14:38:50.95721206Z
1647873526.3679736,2022-03-21T14:38:50.958903011Z
1647873525.9696374,2022-03-21T14:38:50.96029699Z
1647873526.4254386,2022-03-21T14:38:50.961491032Z
1647873526.124697,2022-03-21T14:38:50.963043548Z
1647873526.0999038,2022-03-21T14:38:50.964581396Z
1647873526.2346888,2022-03-21T14:38:50.966202332Z
1647873526.1806924,2022-03-21T14:38:50.968134648Z
1647873526.3666832,2022-03-21T14:38:50.969700138Z
1647873525.9893866,2022-03-21T14:38:50.97135532Z
1647873526.1025016,2022-03-21T14:38:50.973087362Z
1647873526.1195362,2022-03-21T14:38:50.974691245Z
1647873526.0140202,2022-03-21T14:38:50.976689646Z
1647873526.1439552,2022-03-21T14:38:50.978050665Z
1647873526.408595,2022-03-21T14:38:50.9795655Z
1647873526.2542412,2022-03-21T14:38:50.981076698Z
1647873525.9932723,2022-03-21T14:38:50.983005819Z
1647873526.2787647,2022-03-21T14:38:50.984813728Z
1647873525.9722111,2022-03-21T14:38:50.986162438Z
1647873526.3330994,2022-03-21T14:38:50.990217262Z
1647873526.2372797,2022-03-21T14:38:50.991914052Z
1647873526.068912,2022-03-21T14:38:50.993846356Z
1647873526.3641102,2022-03-21T14:38:50.995318864Z
1647873526.387803,2022-03-21T14:38:50.997144504Z
1647873526.1233928,2022-03-21T14:38:50.998804045Z
1647873526.2580752,2022-03-21T14:38:51.005992131Z
1647873525.3878975,2022-03-21T14:38:51.007915992Z
1647873525.4556103,2022-03-21T14:38:51.009794896Z
1647873526.0127244,2022-03-21T14:38:51.011307867Z
1647873526.4073021,2022-03-21T14:38:51.014111191Z
1647873526.27749,2022-03-21T14:38:51.016938671Z
1647873526.0662978,2022-03-21T14:38:51.017473265Z
1647873526.142671,2022-03-21T14:38:51.019390286Z
1647873526.1961763,2022-03-21T14:38:51.021419082Z
1647873525.957986,2022-03-21T14:38:51.023159961Z
1647873526.3305142,2022-03-21T14:38:51.024539443Z
1647873526.0882518,2022-03-21T14:38:51.025924228Z
1647873526.222516,2022-03-21T14:38:51.027717625Z
1647873526.0114076,2022-03-21T14:38:51.029027858Z
1647873526.1413653,2022-03-21T14:38:51.030561473Z
1647873526.0243294,2022-03-21T14:38:51.032774319Z
1647873526.1543224,2022-03-21T14:38:51.03426974Z
1647873526.2891154,2022-03-21T14:38:51.036124001Z
1647873526.4189956,2022-03-21T14:38:51.037530013Z
1647873526.0741088,2022-03-21T14:38:51.039386808Z
1647873526.0519123,2022-03-21T14:38:51.040983799Z
1647873526.3382773,2022-03-21T14:38:51.042900205Z
1647873526.3692746,2022-03-21T14:38:51.044769107Z
1647873526.2619364,2022-03-21T14:38:51.046609598Z
1647873525.9670422,2022-03-21T14:38:51.047854933Z
1647873525.9971418,2022-03-21T14:38:51.049425546Z
1647873526.1051033,2022-03-21T14:38:51.054036025Z
1647873526.0972943,2022-03-21T14:38:51.055711577Z
1647873526.2321036,2022-03-21T14:38:51.059258269Z
1647873526.1272337,2022-03-21T14:38:51.059938157Z
1647873526.3615215,2022-03-21T14:38:51.06143962Z
1647873525.988096,2022-03-21T14:38:51.064289866Z
1647873526.239885,2022-03-21T14:38:51.06543285Z
1647873525.9747987,2022-03-21T14:38:51.067599565Z
1647873526.1182244,2022-03-21T14:38:51.071432136Z
1647873526.391724,2022-03-21T14:38:51.072724257Z
1647873526.4228914,2022-03-21T14:38:51.074424122Z
1647873526.3163056,2022-03-21T14:38:51.077076656Z
1647873526.18198,2022-03-21T14:38:51.077947788Z
1647873526.4060173,2022-03-21T14:38:51.07925972Z
1647873526.3825943,2022-03-21T14:38:51.082749733Z
1647873526.0281904,2022-03-21T14:38:51.083312024Z
1647873526.2037866,2022-03-21T14:38:51.085163745Z
1647873526.29301,2022-03-21T14:38:51.086505657Z
1647873526.2529502,2022-03-21T14:38:51.090654565Z
1647873526.1582386,2022-03-21T14:38:51.092084013Z
1647873526.2761686,2022-03-21T14:38:51.093321855Z
1647873526.0424268,2022-03-21T14:38:51.096440736Z
1647873526.1724007,2022-03-21T14:38:51.098241197Z
1647873526.30727,2022-03-21T14:38:51.100990771Z
1647873526.4371126,2022-03-21T14:38:51.104376329Z
1647873525.9657505,2022-03-21T14:38:51.107535805Z
1647873526.0960028,2022-03-21T14:38:51.110342564Z
1647873526.2308152,2022-03-21T14:38:51.113128918Z
1647873526.3602166,2022-03-21T14:38:51.116254266Z
1647873525.2656555,2022-03-21T14:38:51.117340615Z
1647873525.2630482,2022-03-21T14:38:51.119360123Z
1647873526.1128817,2022-03-21T14:38:51.122209895Z
1647873526.2477214,2022-03-21T14:38:51.124772839Z
1647873526.3772023,2022-03-21T14:38:51.127660128Z
1647873526.0385447,2022-03-21T14:38:51.130782062Z
1647873526.3033965,2022-03-21T14:38:51.133944334Z
1647873525.9515343,2022-03-21T14:38:51.136428962Z
1647873526.324036,2022-03-21T14:38:51.139523708Z
1647873526.0818083,2022-03-21T14:38:51.142678901Z
1647873526.215713,2022-03-21T14:38:51.145841415Z
1647873526.3459873,2022-03-21T14:38:51.148311357Z
1647873525.9855123,2022-03-21T14:38:51.151530558Z
1647873526.1156313,2022-03-21T14:38:51.154067077Z
1647873526.2503371,2022-03-21T14:38:51.156916324Z
1647873526.3799706,2022-03-21T14:38:51.161353759Z
1647873526.1646712,2022-03-21T14:38:51.162991214Z
1647873526.1685236,2022-03-21T14:38:51.166494434Z
1647873526.0346699,2022-03-21T14:38:51.169516805Z
1647873526.2995312,2022-03-21T14:38:51.171095901Z
1647873526.4292905,2022-03-21T14:38:51.174587448Z
1647873525.9489467,2022-03-21T14:38:51.177645465Z
1647873526.208976,2022-03-21T14:38:51.180690602Z
1647873526.3434114,2022-03-21T14:38:51.183448379Z
1647873526.079263,2022-03-21T14:38:51.186487491Z
1647873526.0036457,2022-03-21T14:38:51.189614784Z
1647873526.2683918,2022-03-21T14:38:51.192964622Z
1647873526.1883862,2022-03-21T14:38:51.196251907Z
1647873526.133706,2022-03-21T14:38:51.199239611Z
1647873526.3982575,2022-03-21T14:38:51.202863853Z
1647873526.0372536,2022-03-21T14:38:51.205926915Z
1647873526.0596724,2022-03-21T14:38:51.209363163Z
1647873526.1672318,2022-03-21T14:38:51.212392542Z
1647873526.3021076,2022-03-21T14:38:51.21508038Z
1647873526.4318955,2022-03-21T14:38:51.218259071Z
1647873526.0544927,2022-03-21T14:38:51.220923554Z
1647873526.184544,2022-03-21T14:38:51.223886375Z
1647873526.3188813,2022-03-21T14:38:51.226887606Z
1647873525.9476607,2022-03-21T14:38:51.229523363Z
1647873526.0779772,2022-03-21T14:38:51.232795113Z
1647873526.207684,2022-03-21T14:38:51.235389666Z
1647873526.3421392,2022-03-21T14:38:51.238255386Z
1647873526.0010366,2022-03-21T14:38:51.240972869Z
1647873526.1311042,2022-03-21T14:38:51.244072663Z
1647873526.2658117,2022-03-21T14:38:51.246430951Z
1647873526.1896973,2022-03-21T14:38:51.249248043Z
1647873526.395649,2022-03-21T14:38:51.252808384Z
1647873526.0230381,2022-03-21T14:38:51.255848429Z
1647873526.1529915,2022-03-21T14:38:51.258770777Z
1647873526.2878246,2022-03-21T14:38:51.261407599Z
1647873526.4177015,2022-03-21T14:38:51.264248248Z
1647873526.076705,2022-03-21T14:38:51.267581032Z
1647873526.2063775,2022-03-21T14:38:51.271153463Z
1647873526.3408546,2022-03-21T14:38:51.273253298Z
1647873525.9631407,2022-03-21T14:38:51.275914265Z
1647873526.0934277,2022-03-21T14:38:51.277936966Z
1647873526.2282476,2022-03-21T14:38:51.280290222Z
1647873526.3576627,2022-03-21T14:38:51.283308067Z
1647873525.9868062,2022-03-21T14:38:51.286245225Z
1647873526.1169057,2022-03-21T14:38:51.288881101Z
1647873526.251643,2022-03-21T14:38:51.291604324Z
1647873526.381273,2022-03-21T14:38:51.294745653Z
1647873526.0398376,2022-03-21T14:38:51.297512456Z
1647873526.169816,2022-03-21T14:38:51.299807175Z
1647873526.304686,2022-03-21T14:38:51.30230697Z
1647873526.434494,2022-03-21T14:38:51.30519032Z
1647873526.0622518,2022-03-21T14:38:51.307672655Z
1647873526.1922822,2022-03-21T14:38:51.310383806Z
1647873526.3266177,2022-03-21T14:38:51.312924029Z
1647873525.9592597,2022-03-21T14:38:51.315326765Z
1647873526.0895433,2022-03-21T14:38:51.317899693Z
1647873526.2238135,2022-03-21T14:38:51.320609207Z
1647873526.3537753,2022-03-21T14:38:51.322107939Z
1647873526.0088263,2022-03-21T14:38:51.32448981Z
1647873526.138797,2022-03-21T14:38:51.326778234Z
1647873526.3227491,2022-03-21T14:38:51.329534976Z
1647873526.2736297,2022-03-21T14:38:51.332164025Z
1647873526.4034317,2022-03-21T14:38:51.334727819Z
1647873526.0320742,2022-03-21T14:38:51.338127821Z
1647873526.162124,2022-03-21T14:38:51.339920883Z
1647873526.296943,2022-03-21T14:38:51.342796978Z
1647873526.4267218,2022-03-21T14:38:51.344985061Z
1647873526.053186,2022-03-21T14:38:51.347318919Z
1647873526.1832523,2022-03-21T14:38:51.349983092Z
1647873526.0583732,2022-03-21T14:38:51.352939658Z
1647873526.3176074,2022-03-21T14:38:51.355948156Z
1647873526.1076999,2022-03-21T14:38:51.358512475Z
1647873525.977385,2022-03-21T14:38:51.361430159Z
1647873526.2424438,2022-03-21T14:38:51.36446949Z
1647873526.37186,2022-03-21T14:38:51.36778775Z
1647873526.0308034,2022-03-21T14:38:51.370258964Z
1647873526.1285253,2022-03-21T14:38:51.372936063Z
1647873526.263228,2022-03-21T14:38:51.375892907Z
1647873526.3930159,2022-03-21T14:38:51.378447688Z
1647873526.0152922,2022-03-21T14:38:51.381589538Z
1647873526.145226,2022-03-21T14:38:51.384586223Z
1647873526.2800555,2022-03-21T14:38:51.387424766Z
1647873526.4098887,2022-03-21T14:38:51.390321777Z
1647873526.0715241,2022-03-21T14:38:51.393041837Z
1647873526.201326,2022-03-21T14:38:51.395877439Z
1647873526.3357,2022-03-21T14:38:51.398605776Z
1647873525.9618497,2022-03-21T14:38:51.401320157Z
1647873526.2269578,2022-03-21T14:38:51.404170506Z
1647873526.0921562,2022-03-21T14:38:51.406855169Z
1647873526.356357,2022-03-21T14:38:51.410686335Z
1647873525.9842105,2022-03-21T14:38:51.41307413Z
1647873526.1142876,2022-03-21T14:38:51.415851945Z
1647873526.249018,2022-03-21T14:38:51.418884493Z
1647873526.3785098,2022-03-21T14:38:51.421863985Z
1647873526.1478097,2022-03-21T14:38:51.424672013Z
1647873526.017876,2022-03-21T14:38:51.427174111Z
1647873526.282649,2022-03-21T14:38:51.430197234Z
1647873526.4124925,2022-03-21T14:38:51.433362871Z
1647873526.0676177,2022-03-21T14:38:51.436590256Z
1647873526.1974797,2022-03-21T14:38:51.439963696Z
1647873526.331806,2022-03-21T14:38:51.442914901Z
1647873525.9605494,2022-03-21T14:38:51.44590424Z
1647873526.0908487,2022-03-21T14:38:51.448545298Z
1647873526.4331865,2022-03-21T14:38:51.450872628Z
1647873526.2256687,2022-03-21T14:38:51.453582339Z
1647873526.3550649,2022-03-21T14:38:51.456825261Z
1647873526.111597,2022-03-21T14:38:51.459809426Z
1647873525.981255,2022-03-21T14:38:51.46286132Z
1647873526.2464044,2022-03-21T14:38:51.466303923Z
1647873526.3759086,2022-03-21T14:38:51.469968737Z
1647873526.0359628,2022-03-21T14:38:51.472259363Z
1647873526.3008223,2022-03-21T14:38:51.474890071Z
1647873526.1659606,2022-03-21T14:38:51.478314428Z
1647873526.2000623,2022-03-21T14:38:51.479654625Z
1647873526.2212107,2022-03-21T14:38:51.48160103Z
1647873526.3343935,2022-03-21T14:38:51.483975237Z
1647873526.3511763,2022-03-21T14:38:51.485890677Z
1647873526.4306002,2022-03-21T14:38:51.487928654Z
1647873525.9566913,2022-03-21T14:38:51.490186497Z
1647873525.9799626,2022-03-21T14:38:51.492011081Z
1647873526.0869806,2022-03-21T14:38:51.494260326Z
1647873525.4907024,2022-03-21T14:38:51.497154651Z
1647873526.0333662,2022-03-21T14:38:51.498893157Z
1647873526.1633885,2022-03-21T14:38:51.500750548Z
1647873526.2982364,2022-03-21T14:38:51.502620703Z
1647873526.4279983,2022-03-21T14:38:51.504706056Z
1647873526.0557814,2022-03-21T14:38:51.506379776Z
1647873526.1858323,2022-03-21T14:38:51.508619329Z
1647873526.320165,2022-03-21T14:38:51.511434335Z
1647873525.9786701,2022-03-21T14:38:51.514052166Z
1647873526.2437508,2022-03-21T14:38:51.515613265Z
1647873526.3731515,2022-03-21T14:38:51.517831793Z
1647873525.9958508,2022-03-21T14:38:51.520090164Z
1647873526.125962,2022-03-21T14:38:51.521678495Z
1647873526.283951,2022-03-21T14:38:51.523482362Z
1647873526.3904083,2022-03-21T14:38:51.525519404Z
1647873526.4137886,2022-03-21T14:38:51.526648658Z
1647873526.149102,2022-03-21T14:38:51.528961053Z
1647873526.0728173,2022-03-21T14:38:51.530325616Z
1647873526.2606633,2022-03-21T14:38:51.531810712Z
1647873526.0947297,2022-03-21T14:38:51.53348975Z
1647873525.9919832,2022-03-21T14:38:51.53514901Z
1647873526.2025151,2022-03-21T14:38:51.536643965Z
1647873526.3589506,2022-03-21T14:38:51.538063127Z
1647873526.2295277,2022-03-21T14:38:51.539871848Z
1647873526.122099,2022-03-21T14:38:51.541057701Z
1647873526.3746076,2022-03-21T14:38:51.543085633Z
1647873526.2568045,2022-03-21T14:38:51.544372797Z
1647873525.9644299,2022-03-21T14:38:51.546800061Z
1647873526.3865128,2022-03-21T14:38:51.548299882Z
1647873526.2450433,2022-03-21T14:38:51.549705569Z
1647873526.0411286,2022-03-21T14:38:51.550779997Z
1647873526.0191472,2022-03-21T14:38:51.552314473Z
1647873526.1711078,2022-03-21T14:38:51.555015074Z
1647873526.3059778,2022-03-21T14:38:51.555856532Z
1647873526.4357889,2022-03-21T14:38:51.557875862Z
1647873525.955384,2022-03-21T14:38:51.559104125Z
1647873526.219915,2022-03-21T14:38:51.567171542Z
1647873526.3498862,2022-03-21T14:38:51.569165766Z
1647873526.0101182,2022-03-21T14:38:51.569506541Z
1647873526.0856822,2022-03-21T14:38:51.571882401Z
1647873526.1400928,2022-03-21T14:38:51.572913181Z
1647873526.1103077,2022-03-21T14:38:51.574627808Z
1647873526.3369827,2022-03-21T14:38:51.576000887Z
1647873525.5286777,2022-03-21T14:38:51.578492Z
1647873525.3633454,2022-03-21T14:38:51.580683606Z
1647873526.0805438,2022-03-21T14:38:51.582334631Z
1647873526.2103121,2022-03-21T14:38:51.583816454Z
1647873526.0062454,2022-03-21T14:38:51.586293866Z
1647873526.193584,2022-03-21T14:38:51.588599766Z
1647873526.0635417,2022-03-21T14:38:51.589598469Z
1647873526.0648444,2022-03-21T14:38:51.592375519Z
1647873526.3137515,2022-03-21T14:38:51.59366477Z
1647873526.4047263,2022-03-21T14:38:51.597241121Z
1647873526.3292112,2022-03-21T14:38:51.599234839Z
1647873526.0493486,2022-03-21T14:38:51.601051134Z
1647873526.1569226,2022-03-21T14:38:51.602358746Z
1647873526.396941,2022-03-21T14:38:51.604490613Z
1647873526.0256271,2022-03-21T14:38:51.606322169Z
1647873526.2904112,2022-03-21T14:38:51.607795635Z
1647873526.046313,2022-03-21T14:38:51.609625363Z
1647873526.1763048,2022-03-21T14:38:51.611134734Z
1647873526.420305,2022-03-21T14:38:51.612813821Z
1647873526.3653955,2022-03-21T14:38:51.614541214Z
1647873526.2671003,2022-03-21T14:38:51.619937781Z
1647873526.0830827,2022-03-21T14:38:51.622338344Z
1647873526.0023396,2022-03-21T14:38:51.62397017Z
1647873526.1750145,2022-03-21T14:38:51.626768143Z
1647873526.132393,2022-03-21T14:38:51.628192451Z
1647873526.4163888,2022-03-21T14:38:51.630516333Z
1647873526.3472843,2022-03-21T14:38:51.631893919Z
1647873525.9502413,2022-03-21T14:38:51.637409634Z
1647873526.344715,2022-03-21T14:38:51.638867175Z
1647873526.2710316,2022-03-21T14:38:51.639088243Z
1647873526.0269005,2022-03-21T14:38:51.647958914Z
1647873526.2173278,2022-03-21T14:38:51.651258767Z
1647873525.9528263,2022-03-21T14:38:51.651923992Z
1647873525.3295305,2022-03-21T14:38:51.655706157Z
1647873526.1794024,2022-03-21T14:38:51.656032422Z
1647873526.269736,2022-03-21T14:38:51.656492Z
1647873526.3628166,2022-03-21T14:38:51.657508211Z
1647873526.3851874,2022-03-21T14:38:51.658081027Z
1647873526.2865336,2022-03-21T14:38:51.658763564Z
1647873526.021767,2022-03-21T14:38:51.658907116Z
1647873526.3279176,2022-03-21T14:38:51.659160412Z
1647873526.1350002,2022-03-21T14:38:51.661494835Z
1647873526.3098543,2022-03-21T14:38:51.667956542Z
1647873525.968331,2022-03-21T14:38:51.671853908Z
1647873526.3995807,2022-03-21T14:38:51.675973328Z
1647873526.0049362,2022-03-21T14:38:51.679995606Z
1647873526.2360032,2022-03-21T14:38:51.68311624Z
1647873526.291718,2022-03-21T14:38:51.686446327Z
1647873526.043737,2022-03-21T14:38:51.690441705Z
1647873526.4215972,2022-03-21T14:38:51.69323841Z
1647873526.2748966,2022-03-21T14:38:51.696284729Z
1647873526.3111515,2022-03-21T14:38:51.697808063Z
1647873526.1556299,2022-03-21T14:38:51.701111022Z
1647873526.1011958,2022-03-21T14:38:51.703269604Z
1647873525.990694,2022-03-21T14:38:51.704533961Z
1647873526.4008563,2022-03-21T14:38:51.711223763Z
1647873526.1737201,2022-03-21T14:38:51.713012088Z
1647873526.1208081,2022-03-21T14:38:51.714540879Z
1647873526.045003,2022-03-21T14:38:51.715496326Z
1647873526.1362877,2022-03-21T14:38:51.719169192Z
1647873526.0986109,2022-03-21T14:38:51.719770695Z
1647873526.2555256,2022-03-21T14:38:51.719948532Z
1647873526.151701,2022-03-21T14:38:51.721767305Z
1647873526.3085613,2022-03-21T14:38:51.724170318Z
1647873526.23338,2022-03-21T14:38:51.72613989Z
1647873526.4384089,2022-03-21T14:38:51.730207932Z
1647873526.1909924,2022-03-21T14:38:51.731396521Z
1647873525.954094,2022-03-21T14:38:51.732000201Z
1647873526.060942,2022-03-21T14:38:51.734945259Z
1647873526.0843754,2022-03-21T14:38:51.735623637Z
1647873525.482995,2022-03-21T14:38:51.737536346Z
1647873526.2186337,2022-03-21T14:38:51.739858792Z
1647873526.3485932,2022-03-21T14:38:51.740982628Z
1647873526.1375062,2022-03-21T14:38:51.743071999Z
1647873526.0075374,2022-03-21T14:38:51.74332236Z
1647873526.057053,2022-03-21T14:38:51.744855102Z
1647873526.1871154,2022-03-21T14:38:51.746724739Z
1647873525.976068,2022-03-21T14:38:51.749694515Z
1647873526.3214371,2022-03-21T14:38:51.75049137Z
1647873526.1063943,2022-03-21T14:38:51.751466878Z
1647873526.241171,2022-03-21T14:38:51.753067112Z
1647873526.3705652,2022-03-21T14:38:51.754400737Z
1647873526.2723207,2022-03-21T14:38:51.756139945Z
1647873526.2943482,2022-03-21T14:38:51.757426663Z
1647873525.9997432,2022-03-21T14:38:51.761183901Z
1647873526.0294924,2022-03-21T14:38:51.762910468Z
1647873526.2645233,2022-03-21T14:38:51.764164336Z
1647873526.129816,2022-03-21T14:38:51.766254697Z
1647873526.4021406,2022-03-21T14:38:51.767707365Z
1647873526.1595314,2022-03-21T14:38:51.769175938Z
1647873526.4241767,2022-03-21T14:38:51.77062391Z
1647873526.39434,2022-03-21T14:38:51.773216437Z
1647873526.1503925,2022-03-21T14:38:51.779750723Z
1647873526.2852418,2022-03-21T14:38:51.784099484Z
1647873526.415093,2022-03-21T14:38:51.784911592Z
1647873526.3395793,2022-03-21T14:38:51.789752736Z
1647873525.323064,2022-03-21T14:38:51.791635424Z
1647873526.020436,2022-03-21T14:38:51.795564047Z
1647873526.205102,2022-03-21T14:38:51.797776185Z
