1647878125.6808605,2022-03-21T15:55:25.934589641Z
1647878125.7221327,2022-03-21T15:55:25.974632826Z
1647878125.732569,2022-03-21T15:55:25.981552889Z
1647878125.7429962,2022-03-21T15:55:25.982559888Z
1647878125.7535524,2022-03-21T15:55:25.985613823Z
1647878125.7013931,2022-03-21T15:55:25.992026367Z
1647878125.6910777,2022-03-21T15:55:25.996181714Z
1647878125.7852437,2022-03-21T15:55:26.012672918Z
1647878125.7957838,2022-03-21T15:55:26.019212017Z
1647878125.7117531,2022-03-21T15:55:26.020574934Z
1647878125.7747147,2022-03-21T15:55:26.026212809Z
1647878125.8063092,2022-03-21T15:55:26.045145449Z
1647878125.8168998,2022-03-21T15:55:26.047799408Z
1647878125.7641075,2022-03-21T15:55:26.056423241Z
1647878125.8275664,2022-03-21T15:55:26.056794894Z
1647878125.8487425,2022-03-21T15:55:26.077856311Z
1647878125.8381593,2022-03-21T15:55:26.085193219Z
1647878125.859281,2022-03-21T15:55:26.116031915Z
1647878125.9121132,2022-03-21T15:55:26.121365215Z
1647878125.8698444,2022-03-21T15:55:26.127489773Z
1647878125.901522,2022-03-21T15:55:26.144173737Z
1647878125.9227448,2022-03-21T15:55:26.150112798Z
1647878125.8803434,2022-03-21T15:55:26.152057463Z
1647878125.8908877,2022-03-21T15:55:26.159089917Z
1647878125.9333017,2022-03-21T15:55:26.176424571Z
1647878125.9545174,2022-03-21T15:55:26.17963002Z
1647878125.943897,2022-03-21T15:55:26.184858537Z
1647878125.965131,2022-03-21T15:55:26.205321103Z
1647878125.9760046,2022-03-21T15:55:26.21229915Z
1647878125.9865768,2022-03-21T15:55:26.213757575Z
1647878126.0076227,2022-03-21T15:55:26.233365464Z
1647878126.018214,2022-03-21T15:55:26.23478739Z
1647878125.9970694,2022-03-21T15:55:26.23756998Z
1647878126.0606523,2022-03-21T15:55:26.239229234Z
1647878126.050058,2022-03-21T15:55:26.25893674Z
1647878126.039501,2022-03-21T15:55:26.260072304Z
1647878126.0288327,2022-03-21T15:55:26.26268342Z
1647878126.0817862,2022-03-21T15:55:26.281424104Z
1647878126.071202,2022-03-21T15:55:26.284810332Z
1647878126.092342,2022-03-21T15:55:26.288291303Z
1647878126.113561,2022-03-21T15:55:26.301588056Z
1647878126.1029632,2022-03-21T15:55:26.308422561Z
1647878126.1240628,2022-03-21T15:55:26.313801163Z
1647878126.1557636,2022-03-21T15:55:26.319246044Z
1647878126.1345723,2022-03-21T15:55:26.320961238Z
1647878126.1451325,2022-03-21T15:55:26.327133071Z
1647878126.176938,2022-03-21T15:55:26.342739735Z
1647878126.1875718,2022-03-21T15:55:26.34393706Z
1647878126.1663198,2022-03-21T15:55:26.349307411Z
1647878126.1981335,2022-03-21T15:55:26.35456966Z
1647878126.2087493,2022-03-21T15:55:26.359594492Z
1647878126.2193775,2022-03-21T15:55:26.375900929Z
1647878126.2300024,2022-03-21T15:55:26.378164101Z
1647878126.2405941,2022-03-21T15:55:26.385463691Z
1647878126.2511892,2022-03-21T15:55:26.388946183Z
1647878126.2617745,2022-03-21T15:55:26.392977998Z
1647878126.2723718,2022-03-21T15:55:26.403505914Z
1647878126.282909,2022-03-21T15:55:26.406116077Z
1647878126.293522,2022-03-21T15:55:26.421367553Z
1647878126.3146737,2022-03-21T15:55:26.429777304Z
1647878126.3252861,2022-03-21T15:55:26.43539722Z
1647878126.3040757,2022-03-21T15:55:26.436977375Z
1647878126.3358607,2022-03-21T15:55:26.441015692Z
1647878126.357117,2022-03-21T15:55:26.450728935Z
1647878126.378319,2022-03-21T15:55:26.461923442Z
1647878126.367727,2022-03-21T15:55:26.464789104Z
1647878126.3464918,2022-03-21T15:55:26.466473079Z
1647878126.3888843,2022-03-21T15:55:26.470421702Z
1647878126.4101408,2022-03-21T15:55:26.476299327Z
1647878126.399549,2022-03-21T15:55:26.483475044Z
1647878126.4207616,2022-03-21T15:55:26.485615066Z
1647878126.431975,2022-03-21T15:55:26.498281753Z
1647878126.442565,2022-03-21T15:55:26.500379078Z
1647878126.4531693,2022-03-21T15:55:26.504745738Z
1647878126.4637885,2022-03-21T15:55:26.510580175Z
1647878126.4743474,2022-03-21T15:55:26.516224211Z
1647878126.4848735,2022-03-21T15:55:26.529268395Z
1647878126.4954927,2022-03-21T15:55:26.537019228Z
1647878126.5060048,2022-03-21T15:55:26.548794883Z
1647878126.5165849,2022-03-21T15:55:26.550207743Z
1647878126.527165,2022-03-21T15:55:26.558807384Z
1647878126.5377524,2022-03-21T15:55:26.561712946Z
1647878126.54833,2022-03-21T15:55:26.569053814Z
1647878126.55893,2022-03-21T15:55:26.573117674Z
1647878126.5695353,2022-03-21T15:55:26.58137404Z
1647878126.5800626,2022-03-21T15:55:26.592237321Z
1647878126.5906706,2022-03-21T15:55:26.607033133Z
1647878126.6012437,2022-03-21T15:55:26.613675707Z
1647878126.6118608,2022-03-21T15:55:26.629677013Z
1647878126.6224184,2022-03-21T15:55:26.632035772Z
1647878126.6330037,2022-03-21T15:55:26.64210215Z
1647878126.6435924,2022-03-21T15:55:26.655046475Z
1647878126.6541855,2022-03-21T15:55:26.665567487Z
1647878126.6647146,2022-03-21T15:55:26.673434049Z
1647878126.6752105,2022-03-21T15:55:26.684063804Z
1647878126.6858323,2022-03-21T15:55:26.694680099Z
1647878126.6964235,2022-03-21T15:55:26.705044269Z
1647878126.7070506,2022-03-21T15:55:26.717046282Z
1647878126.7176454,2022-03-21T15:55:26.727999491Z
1647878126.7282398,2022-03-21T15:55:26.738921346Z
1647878126.738858,2022-03-21T15:55:26.752181255Z
1647878126.7494218,2022-03-21T15:55:26.767386372Z
1647878126.7600243,2022-03-21T15:55:26.783664429Z
1647878126.7706115,2022-03-21T15:55:26.80291955Z
1647878126.7811995,2022-03-21T15:55:26.814238925Z
1647878126.7918055,2022-03-21T15:55:26.822104994Z
1647878126.8023024,2022-03-21T15:55:26.826244232Z
1647878126.8129108,2022-03-21T15:55:26.833551261Z
1647878126.823599,2022-03-21T15:55:26.839840482Z
1647878126.8340583,2022-03-21T15:55:26.846488376Z
1647878126.844608,2022-03-21T15:55:26.858490731Z
1647878126.8551674,2022-03-21T15:55:26.867058071Z
1647878126.8657892,2022-03-21T15:55:26.87582131Z
1647878126.8763618,2022-03-21T15:55:26.885002179Z
1647878126.8869815,2022-03-21T15:55:26.896621604Z
1647878126.897577,2022-03-21T15:55:26.905941896Z
1647878126.9081295,2022-03-21T15:55:26.917756676Z
1647878126.9187386,2022-03-21T15:55:26.927062574Z
1647878126.92934,2022-03-21T15:55:26.937862193Z
1647878126.939935,2022-03-21T15:55:26.948559357Z
1647878126.9505472,2022-03-21T15:55:26.959838398Z
1647878126.961305,2022-03-21T15:55:26.970023524Z
1647878126.9719105,2022-03-21T15:55:26.980261329Z
1647878126.982493,2022-03-21T15:55:26.99110823Z
1647878126.993138,2022-03-21T15:55:27.001727763Z
1647878127.003766,2022-03-21T15:55:27.013368736Z
1647878127.0143502,2022-03-21T15:55:27.028025568Z
1647878127.0249357,2022-03-21T15:55:27.034585418Z
1647878127.0355365,2022-03-21T15:55:27.04406911Z
1647878127.0461316,2022-03-21T15:55:27.054486913Z
1647878127.0567615,2022-03-21T15:55:27.065367776Z
1647878127.0673776,2022-03-21T15:55:27.077815583Z
1647878127.0779955,2022-03-21T15:55:27.086685369Z
1647878127.0885992,2022-03-21T15:55:27.098699036Z
1647878127.0991402,2022-03-21T15:55:27.108671203Z
1647878127.1097214,2022-03-21T15:55:27.121601583Z
1647878127.1203012,2022-03-21T15:55:27.132008664Z
1647878127.1309247,2022-03-21T15:55:27.141375081Z
1647878127.1415017,2022-03-21T15:55:27.151248504Z
1647878127.152039,2022-03-21T15:55:27.162797415Z
1647878127.1625862,2022-03-21T15:55:27.172536517Z
1647878127.1731827,2022-03-21T15:55:27.184871412Z
1647878127.1838038,2022-03-21T15:55:27.194894272Z
1647878127.1943674,2022-03-21T15:55:27.2080901Z
1647878127.2049005,2022-03-21T15:55:27.216314835Z
1647878127.215515,2022-03-21T15:55:27.225869949Z
1647878127.2260435,2022-03-21T15:55:27.235474635Z
1647878127.2365663,2022-03-21T15:55:27.24633704Z
1647878127.247155,2022-03-21T15:55:27.256719378Z
1647878127.2578106,2022-03-21T15:55:27.267326748Z
1647878127.2683518,2022-03-21T15:55:27.27872387Z
1647878127.2789373,2022-03-21T15:55:27.290002924Z
1647878127.2894876,2022-03-21T15:55:27.300290383Z
1647878127.300077,2022-03-21T15:55:27.311129259Z
1647878127.3106663,2022-03-21T15:55:27.320770306Z
1647878127.3212607,2022-03-21T15:55:27.333755529Z
1647878127.3318653,2022-03-21T15:55:27.343521613Z
1647878127.342418,2022-03-21T15:55:27.356014101Z
1647878127.3530319,2022-03-21T15:55:27.36963845Z
1647878127.363656,2022-03-21T15:55:27.375026018Z
1647878127.374235,2022-03-21T15:55:27.385515042Z
1647878127.3848038,2022-03-21T15:55:27.393688998Z
1647878127.3954074,2022-03-21T15:55:27.40333723Z
1647878127.4060283,2022-03-21T15:55:27.417450263Z
1647878127.4166126,2022-03-21T15:55:27.42739024Z
1647878127.427205,2022-03-21T15:55:27.43762171Z
1647878127.4378254,2022-03-21T15:55:27.447047658Z
1647878127.448417,2022-03-21T15:55:27.458086677Z
1647878127.4590168,2022-03-21T15:55:27.469811616Z
1647878127.469607,2022-03-21T15:55:27.480232718Z
1647878127.4801588,2022-03-21T15:55:27.490468646Z
1647878127.4907439,2022-03-21T15:55:27.501501664Z
1647878127.5012984,2022-03-21T15:55:27.511107271Z
1647878127.5119107,2022-03-21T15:55:27.521646994Z
1647878127.5225232,2022-03-21T15:55:27.532155495Z
1647878127.5331125,2022-03-21T15:55:27.542595725Z
1647878127.5436661,2022-03-21T15:55:27.553467602Z
1647878127.5542135,2022-03-21T15:55:27.565445769Z
1647878127.5647752,2022-03-21T15:55:27.573579736Z
1647878127.5754037,2022-03-21T15:55:27.586693157Z
1647878127.5860212,2022-03-21T15:55:27.596248914Z
1647878127.5966303,2022-03-21T15:55:27.604930418Z
1647878127.6071742,2022-03-21T15:55:27.615280087Z
1647878127.6177757,2022-03-21T15:55:27.627320251Z
1647878127.6283677,2022-03-21T15:55:27.639109974Z
1647878127.638947,2022-03-21T15:55:27.64804462Z
1647878127.6495564,2022-03-21T15:55:27.659654721Z
1647878127.6601412,2022-03-21T15:55:27.672188189Z
1647878127.6707609,2022-03-21T15:55:27.682940685Z
1647878127.681356,2022-03-21T15:55:27.68993412Z
1647878127.6919374,2022-03-21T15:55:27.709186165Z
1647878127.702514,2022-03-21T15:55:27.725745505Z
1647878127.713145,2022-03-21T15:55:27.733156069Z
1647878127.7237651,2022-03-21T15:55:27.747434744Z
1647878127.7414968,2022-03-21T15:55:27.755149715Z
1647878127.7520554,2022-03-21T15:55:27.766161038Z
1647878127.7625742,2022-03-21T15:55:27.775423752Z
1647878127.773176,2022-03-21T15:55:27.783445602Z
1647878127.7837374,2022-03-21T15:55:27.794010498Z
1647878127.7942748,2022-03-21T15:55:27.803523093Z
1647878127.804796,2022-03-21T15:55:27.814004843Z
1647878127.8153753,2022-03-21T15:55:27.828453982Z
1647878127.8259845,2022-03-21T15:55:27.835918925Z
1647878127.8365695,2022-03-21T15:55:27.847864272Z
1647878127.8471477,2022-03-21T15:55:27.858502071Z
1647878127.8577626,2022-03-21T15:55:27.869065163Z
1647878127.8682861,2022-03-21T15:55:27.879467827Z
1647878127.8788517,2022-03-21T15:55:27.891530596Z
1647878127.889362,2022-03-21T15:55:27.901630423Z
1647878127.8999076,2022-03-21T15:55:27.909773208Z
1647878127.9104402,2022-03-21T15:55:27.921347234Z
1647878127.9209886,2022-03-21T15:55:27.93000371Z
1647878127.931582,2022-03-21T15:55:27.942687519Z
1647878127.9421296,2022-03-21T15:55:27.959046873Z
1647878127.9527528,2022-03-21T15:55:27.965530465Z
1647878127.9632819,2022-03-21T15:55:27.972570497Z
1647878127.973858,2022-03-21T15:55:27.983828567Z
1647878127.9843574,2022-03-21T15:55:27.993074466Z
1647878127.9951057,2022-03-21T15:55:28.004239929Z
1647878128.0056703,2022-03-21T15:55:28.016425636Z
1647878128.0162084,2022-03-21T15:55:28.025851945Z
1647878128.0267956,2022-03-21T15:55:28.03641662Z
1647878128.0373874,2022-03-21T15:55:28.047207773Z
1647878128.0480056,2022-03-21T15:55:28.062882216Z
1647878128.0586,2022-03-21T15:55:28.072203986Z
1647878128.069191,2022-03-21T15:55:28.080986885Z
1647878128.0798128,2022-03-21T15:55:28.090732704Z
1647878128.0904047,2022-03-21T15:55:28.098679858Z
1647878128.1009831,2022-03-21T15:55:28.110359147Z
1647878128.111611,2022-03-21T15:55:28.12083063Z
1647878128.122154,2022-03-21T15:55:28.132435245Z
1647878128.1327424,2022-03-21T15:55:28.149826119Z
1647878128.1433415,2022-03-21T15:55:28.173445757Z
1647878128.1539404,2022-03-21T15:55:28.183617961Z
1647878128.1645179,2022-03-21T15:55:28.185422965Z
1647878128.1751037,2022-03-21T15:55:28.196664353Z
1647878128.1857283,2022-03-21T15:55:28.207503372Z
1647878128.1962814,2022-03-21T15:55:28.215965414Z
1647878128.206901,2022-03-21T15:55:28.223443827Z
1647878128.2175226,2022-03-21T15:55:28.230983802Z
1647878128.228184,2022-03-21T15:55:28.238811895Z
1647878128.2388072,2022-03-21T15:55:28.248882882Z
1647878128.2493992,2022-03-21T15:55:28.259330977Z
1647878128.2600174,2022-03-21T15:55:28.268785586Z
1647878128.2706182,2022-03-21T15:55:28.280365644Z
1647878128.281195,2022-03-21T15:55:28.290213098Z
1647878128.2917614,2022-03-21T15:55:28.300802284Z
1647878128.3023183,2022-03-21T15:55:28.311749604Z
1647878128.3129451,2022-03-21T15:55:28.322861162Z
1647878128.3235474,2022-03-21T15:55:28.333341038Z
1647878128.3341293,2022-03-21T15:55:28.344321832Z
1647878128.3447096,2022-03-21T15:55:28.362258586Z
1647878128.3552392,2022-03-21T15:55:28.378845685Z
1647878128.365811,2022-03-21T15:55:28.38659666Z
1647878128.376297,2022-03-21T15:55:28.392316912Z
1647878128.3868122,2022-03-21T15:55:28.402639523Z
1647878128.3973114,2022-03-21T15:55:28.409484494Z
1647878128.4079142,2022-03-21T15:55:28.420533342Z
1647878128.4185333,2022-03-21T15:55:28.428851273Z
1647878128.4291303,2022-03-21T15:55:28.439777395Z
1647878128.4397566,2022-03-21T15:55:28.450372465Z
1647878128.4503496,2022-03-21T15:55:28.461499771Z
1647878128.4609246,2022-03-21T15:55:28.470582031Z
1647878128.4715514,2022-03-21T15:55:28.481133893Z
1647878128.4821515,2022-03-21T15:55:28.491716912Z
1647878128.4927723,2022-03-21T15:55:28.502137335Z
1647878128.503403,2022-03-21T15:55:28.51332352Z
1647878128.5140207,2022-03-21T15:55:28.523845401Z
1647878128.5245636,2022-03-21T15:55:28.538180583Z
1647878128.5351353,2022-03-21T15:55:28.547186568Z
1647878128.5457132,2022-03-21T15:55:28.554887229Z
1647878128.5562978,2022-03-21T15:55:28.575952337Z
1647878128.566915,2022-03-21T15:55:28.582234525Z
1647878128.5775082,2022-03-21T15:55:28.589483298Z
1647878128.5880942,2022-03-21T15:55:28.597807529Z
1647878128.598641,2022-03-21T15:55:28.608916779Z
1647878128.6091857,2022-03-21T15:55:28.617670765Z
1647878128.619788,2022-03-21T15:55:28.631733012Z
1647878128.6303685,2022-03-21T15:55:28.641328989Z
1647878128.6411371,2022-03-21T15:55:28.653221132Z
1647878128.6517246,2022-03-21T15:55:28.661068913Z
1647878128.66229,2022-03-21T15:55:28.678193397Z
1647878128.6729019,2022-03-21T15:55:28.68435825Z
1647878128.6835063,2022-03-21T15:55:28.695972225Z
1647878128.6940074,2022-03-21T15:55:28.703042395Z
1647878128.7045386,2022-03-21T15:55:28.713901089Z
1647878128.7149508,2022-03-21T15:55:28.724676756Z
1647878128.7254438,2022-03-21T15:55:28.735420797Z
1647878128.7360597,2022-03-21T15:55:28.746184533Z
1647878128.7466586,2022-03-21T15:55:28.756002475Z
1647878128.7571945,2022-03-21T15:55:28.766518136Z
1647878128.767795,2022-03-21T15:55:28.776767444Z
1647878128.778361,2022-03-21T15:55:28.787915289Z
1647878128.7890148,2022-03-21T15:55:28.79889217Z
1647878128.799648,2022-03-21T15:55:28.808975541Z
1647878128.8102024,2022-03-21T15:55:28.819589545Z
1647878128.8207812,2022-03-21T15:55:28.829129952Z
1647878128.8314319,2022-03-21T15:55:28.839580708Z
1647878128.8420572,2022-03-21T15:55:28.851667497Z
1647878128.852561,2022-03-21T15:55:28.8661981Z
1647878128.8630335,2022-03-21T15:55:28.874082837Z
1647878128.8735106,2022-03-21T15:55:28.88380413Z
1647878128.8839517,2022-03-21T15:55:28.893629346Z
1647878128.8944228,2022-03-21T15:55:28.904968567Z
1647878128.9049127,2022-03-21T15:55:28.91425424Z
1647878128.9154315,2022-03-21T15:55:28.924556812Z
1647878128.9260437,2022-03-21T15:55:28.934244522Z
1647878128.9366364,2022-03-21T15:55:28.946025882Z
1647878128.947185,2022-03-21T15:55:28.959294146Z
1647878128.9577918,2022-03-21T15:55:28.968496868Z
1647878128.9683867,2022-03-21T15:55:28.984613225Z
1647878128.978999,2022-03-21T15:55:28.992802027Z
1647878128.989588,2022-03-21T15:55:29.003112748Z
1647878129.000138,2022-03-21T15:55:29.012043679Z
1647878129.010752,2022-03-21T15:55:29.021970312Z
1647878129.0213373,2022-03-21T15:55:29.031759312Z
1647878129.031901,2022-03-21T15:55:29.042867326Z
1647878129.0423777,2022-03-21T15:55:29.053177266Z
1647878129.052988,2022-03-21T15:55:29.065045231Z
1647878129.0636432,2022-03-21T15:55:29.074890776Z
1647878129.0742245,2022-03-21T15:55:29.085441291Z
1647878129.0848086,2022-03-21T15:55:29.100240986Z
1647878129.0953674,2022-03-21T15:55:29.10919388Z
1647878129.1059058,2022-03-21T15:55:29.130925971Z
1647878129.1165173,2022-03-21T15:55:29.135218443Z
1647878129.1271024,2022-03-21T15:55:29.141026247Z
1647878129.1377184,2022-03-21T15:55:29.148019952Z
1647878129.1483083,2022-03-21T15:55:29.157620168Z
1647878129.1589298,2022-03-21T15:55:29.169299335Z
1647878129.1695068,2022-03-21T15:55:29.183127455Z
1647878129.1800694,2022-03-21T15:55:29.19371764Z
1647878129.1906786,2022-03-21T15:55:29.200770629Z
1647878129.2011836,2022-03-21T15:55:29.210287235Z
1647878129.2117078,2022-03-21T15:55:29.219361161Z
1647878129.2221725,2022-03-21T15:55:29.230675973Z
1647878129.232613,2022-03-21T15:55:29.248017856Z
1647878129.2430515,2022-03-21T15:55:29.262236582Z
1647878129.253445,2022-03-21T15:55:29.278315624Z
1647878129.2638419,2022-03-21T15:55:29.284645545Z
1647878129.274216,2022-03-21T15:55:29.292374549Z
1647878129.2846496,2022-03-21T15:55:29.299074928Z
1647878129.2951415,2022-03-21T15:55:29.319277633Z
1647878129.3056288,2022-03-21T15:55:29.332913081Z
1647878129.3160274,2022-03-21T15:55:29.334090114Z
1647878129.3264215,2022-03-21T15:55:29.34100742Z
1647878129.3368266,2022-03-21T15:55:29.347497198Z
1647878129.3473132,2022-03-21T15:55:29.358046842Z
1647878129.357648,2022-03-21T15:55:29.370715788Z
1647878129.367968,2022-03-21T15:55:29.381125238Z
1647878129.378284,2022-03-21T15:55:29.390751799Z
1647878129.3886008,2022-03-21T15:55:29.402413805Z
1647878129.3989666,2022-03-21T15:55:29.413520755Z
1647878129.4095368,2022-03-21T15:55:29.424797981Z
1647878129.419919,2022-03-21T15:55:29.434932005Z
1647878129.4303432,2022-03-21T15:55:29.447336103Z
1647878129.4407432,2022-03-21T15:55:29.452190958Z
1647878129.4510841,2022-03-21T15:55:29.462996315Z
1647878129.461529,2022-03-21T15:55:29.472511183Z
1647878129.472023,2022-03-21T15:55:29.482987579Z
1647878129.4825108,2022-03-21T15:55:29.49277041Z
1647878129.4931743,2022-03-21T15:55:29.506378916Z
1647878129.5036745,2022-03-21T15:55:29.515856431Z
1647878129.514092,2022-03-21T15:55:29.527571835Z
1647878129.5245154,2022-03-21T15:55:29.535744939Z
1647878129.5350838,2022-03-21T15:55:29.546694713Z
1647878129.5456553,2022-03-21T15:55:29.556574363Z
1647878129.5561411,2022-03-21T15:55:29.570049477Z
1647878129.5666103,2022-03-21T15:55:29.579341965Z
1647878129.5770555,2022-03-21T15:55:29.590236719Z
1647878129.5875208,2022-03-21T15:55:29.599750883Z
1647878129.5979304,2022-03-21T15:55:29.619592239Z
1647878129.6083202,2022-03-21T15:55:29.633549439Z
1647878129.6186745,2022-03-21T15:55:29.642278096Z
1647878129.628986,2022-03-21T15:55:29.646264013Z
1647878129.63931,2022-03-21T15:55:29.659000087Z
1647878129.6496413,2022-03-21T15:55:29.660756879Z
1647878129.6599631,2022-03-21T15:55:29.672029038Z
1647878129.6702807,2022-03-21T15:55:29.681361847Z
1647878129.6805902,2022-03-21T15:55:29.69223011Z
1647878129.6908953,2022-03-21T15:55:29.702412401Z
1647878129.7012014,2022-03-21T15:55:29.714085672Z
1647878129.711577,2022-03-21T15:55:29.726009801Z
1647878129.7220614,2022-03-21T15:55:29.735956118Z
1647878129.7324467,2022-03-21T15:55:29.746328244Z
1647878129.7427707,2022-03-21T15:55:29.755321946Z
1647878129.7534535,2022-03-21T15:55:29.763389838Z
1647878129.763778,2022-03-21T15:55:29.77403265Z
1647878129.7741048,2022-03-21T15:55:29.786536158Z
1647878129.7844384,2022-03-21T15:55:29.796723316Z
1647878129.7949321,2022-03-21T15:55:29.806780524Z
1647878129.8052607,2022-03-21T15:55:29.816770695Z
1647878129.8155842,2022-03-21T15:55:29.82786376Z
1647878129.8258994,2022-03-21T15:55:29.837934056Z
1647878129.8362236,2022-03-21T15:55:29.845049286Z
1647878129.846549,2022-03-21T15:55:29.858247202Z
1647878129.856874,2022-03-21T15:55:29.870548385Z
1647878129.867184,2022-03-21T15:55:29.880089394Z
1647878129.8775034,2022-03-21T15:55:29.887845066Z
1647878129.8878126,2022-03-21T15:55:29.899999978Z
1647878129.898116,2022-03-21T15:55:29.908208533Z
1647878129.9084203,2022-03-21T15:55:29.917813262Z
1647878129.9187434,2022-03-21T15:55:29.927319974Z
1647878129.9290426,2022-03-21T15:55:29.937372964Z
1647878129.9393551,2022-03-21T15:55:29.946950595Z
1647878129.949732,2022-03-21T15:55:29.9580426Z
1647878129.960029,2022-03-21T15:55:29.967957248Z
1647878129.9704018,2022-03-21T15:55:29.978514558Z
1647878129.9809868,2022-03-21T15:55:29.991757585Z
1647878129.9915237,2022-03-21T15:55:30.000207943Z
1647878130.0018554,2022-03-21T15:55:30.009672715Z
1647878130.0120914,2022-03-21T15:55:30.020105739Z
1647878130.0224104,2022-03-21T15:55:30.030714879Z
1647878130.033005,2022-03-21T15:55:30.041203305Z
1647878130.0435646,2022-03-21T15:55:30.051323154Z
1647878130.054125,2022-03-21T15:55:30.06544072Z
1647878130.0647485,2022-03-21T15:55:30.073475654Z
1647878130.0752935,2022-03-21T15:55:30.084037119Z
1647878130.0859017,2022-03-21T15:55:30.103261196Z
1647878130.0964355,2022-03-21T15:55:30.111205901Z
1647878130.1069849,2022-03-21T15:55:30.120218013Z
1647878130.1173835,2022-03-21T15:55:30.129212211Z
1647878130.1278098,2022-03-21T15:55:30.136739202Z
1647878130.1381927,2022-03-21T15:55:30.150662641Z
1647878130.148603,2022-03-21T15:55:30.15989728Z
1647878130.1589704,2022-03-21T15:55:30.167275727Z
1647878130.1693983,2022-03-21T15:55:30.181497469Z
1647878130.1799805,2022-03-21T15:55:30.192274216Z
1647878130.1905804,2022-03-21T15:55:30.203566198Z
1647878130.2010722,2022-03-21T15:55:30.233915383Z
1647878130.2115638,2022-03-21T15:55:30.245969654Z
1647878130.2220502,2022-03-21T15:55:30.273563756Z
1647878130.2325134,2022-03-21T15:55:30.284114129Z
1647878130.2536175,2022-03-21T15:55:30.305595487Z
1647878130.2430859,2022-03-21T15:55:30.308641907Z
1647878130.2641149,2022-03-21T15:55:30.324181347Z
1647878130.274725,2022-03-21T15:55:30.33171238Z
1647878130.285171,2022-03-21T15:55:30.337478858Z
1647878130.2956433,2022-03-21T15:55:30.349866877Z
1647878130.306096,2022-03-21T15:55:30.356428356Z
1647878130.3165863,2022-03-21T15:55:30.357376127Z
1647878130.3271663,2022-03-21T15:55:30.369824229Z
1647878130.337747,2022-03-21T15:55:30.373652916Z
1647878130.3482625,2022-03-21T15:55:30.378417975Z
1647878130.3587315,2022-03-21T15:55:30.385223472Z
1647878130.3691554,2022-03-21T15:55:30.385765751Z
1647878130.3795588,2022-03-21T15:55:30.390960549Z
1647878130.389976,2022-03-21T15:55:30.401828037Z
1647878130.4003737,2022-03-21T15:55:30.410488049Z
1647878130.4107783,2022-03-21T15:55:30.421875293Z
1647878130.421185,2022-03-21T15:55:30.432238014Z
1647878130.43154,2022-03-21T15:55:30.441145702Z
1647878130.4418836,2022-03-21T15:55:30.451929897Z
1647878130.4522169,2022-03-21T15:55:30.462010298Z
1647878130.4625444,2022-03-21T15:55:30.471997312Z
1647878130.4728706,2022-03-21T15:55:30.482627608Z
1647878130.4831975,2022-03-21T15:55:30.493590846Z
1647878130.4935913,2022-03-21T15:55:30.503437438Z
1647878130.5039473,2022-03-21T15:55:30.51394773Z
1647878130.5142837,2022-03-21T15:55:30.531817596Z
1647878130.524616,2022-03-21T15:55:30.548257614Z
1647878130.5352118,2022-03-21T15:55:30.548821651Z
1647878130.5455427,2022-03-21T15:55:30.560147736Z
1647878130.5558755,2022-03-21T15:55:30.568010912Z
1647878130.566209,2022-03-21T15:55:30.578487509Z
1647878130.5765288,2022-03-21T15:55:30.585795747Z
1647878130.586841,2022-03-21T15:55:30.599770947Z
1647878130.5971503,2022-03-21T15:55:30.607410866Z
1647878130.6075585,2022-03-21T15:55:30.620135925Z
1647878130.6181557,2022-03-21T15:55:30.631606702Z
1647878130.6287324,2022-03-21T15:55:30.641597657Z
1647878130.6391504,2022-03-21T15:55:30.655377165Z
1647878130.649603,2022-03-21T15:55:30.66019534Z
1647878130.6601334,2022-03-21T15:55:30.670424507Z
1647878130.6706994,2022-03-21T15:55:30.679414899Z
1647878130.6811805,2022-03-21T15:55:30.692861847Z
1647878130.6916208,2022-03-21T15:55:30.701753671Z
1647878130.7020826,2022-03-21T15:55:30.714089914Z
1647878130.7124527,2022-03-21T15:55:30.727314199Z
1647878130.7232068,2022-03-21T15:55:30.735589086Z
1647878130.7337968,2022-03-21T15:55:30.747343583Z
1647878130.74426,2022-03-21T15:55:30.75518154Z
1647878130.7546756,2022-03-21T15:55:30.764972812Z
1647878130.7651076,2022-03-21T15:55:30.774928895Z
1647878130.7755053,2022-03-21T15:55:30.785715412Z
1647878130.7859,2022-03-21T15:55:30.795091655Z
1647878130.7963347,2022-03-21T15:55:30.805736493Z
1647878130.8067691,2022-03-21T15:55:30.815920946Z
1647878130.8171403,2022-03-21T15:55:30.82601196Z
1647878130.827516,2022-03-21T15:55:30.837277416Z
1647878130.8378432,2022-03-21T15:55:30.846891076Z
1647878130.848186,2022-03-21T15:55:30.856836841Z
1647878130.8584883,2022-03-21T15:55:30.869084351Z
1647878130.8688605,2022-03-21T15:55:30.878588408Z
1647878130.879393,2022-03-21T15:55:30.889024953Z
1647878130.8897436,2022-03-21T15:55:30.90042821Z
1647878130.9001408,2022-03-21T15:55:30.909663627Z
1647878130.9106407,2022-03-21T15:55:30.920657899Z
1647878130.9210994,2022-03-21T15:55:30.930816083Z
1647878130.9314885,2022-03-21T15:55:30.941727679Z
1647878130.942052,2022-03-21T15:55:30.952304738Z
1647878130.952597,2022-03-21T15:55:30.964042077Z
1647878130.9630804,2022-03-21T15:55:30.973674475Z
1647878130.9736016,2022-03-21T15:55:30.98327744Z
1647878130.984098,2022-03-21T15:55:31.001961764Z
1647878130.9946077,2022-03-21T15:55:31.006342438Z
1647878131.0051274,2022-03-21T15:55:31.017316403Z
1647878131.0156462,2022-03-21T15:55:31.026633195Z
1647878131.0261972,2022-03-21T15:55:31.035994609Z
1647878131.0367122,2022-03-21T15:55:31.045948046Z
1647878131.0471556,2022-03-21T15:55:31.055918522Z
1647878131.057576,2022-03-21T15:55:31.066883601Z
1647878131.0679922,2022-03-21T15:55:31.085629251Z
1647878131.0783846,2022-03-21T15:55:31.097144095Z
1647878131.0888033,2022-03-21T15:55:31.109885692Z
1647878131.099182,2022-03-21T15:55:31.120015036Z
1647878131.1095643,2022-03-21T15:55:31.129478016Z
1647878131.1199338,2022-03-21T15:55:31.141931298Z
1647878131.1303082,2022-03-21T15:55:31.152285858Z
1647878131.140687,2022-03-21T15:55:31.163843533Z
1647878131.1511164,2022-03-21T15:55:31.173636017Z
1647878131.1616085,2022-03-21T15:55:31.182953209Z
1647878131.1720903,2022-03-21T15:55:31.186164407Z
1647878131.1824818,2022-03-21T15:55:31.193956946Z
1647878131.1929266,2022-03-21T15:55:31.202483051Z
1647878131.2035258,2022-03-21T15:55:31.212168192Z
1647878131.213912,2022-03-21T15:55:31.224916195Z
1647878131.224264,2022-03-21T15:55:31.233793969Z
1647878131.234572,2022-03-21T15:55:31.244113456Z
1647878131.2448683,2022-03-21T15:55:31.253952094Z
1647878131.2551634,2022-03-21T15:55:31.263119352Z
1647878131.265482,2022-03-21T15:55:31.27381337Z
1647878131.2757804,2022-03-21T15:55:31.284223132Z
1647878131.2860868,2022-03-21T15:55:31.29407823Z
1647878131.296392,2022-03-21T15:55:31.305059505Z
1647878131.3067064,2022-03-21T15:55:31.315894562Z
1647878131.317016,2022-03-21T15:55:31.325630481Z
1647878131.3273346,2022-03-21T15:55:31.339381728Z
1647878131.3376446,2022-03-21T15:55:31.346415433Z
1647878131.347927,2022-03-21T15:55:31.358426355Z
1647878131.3582995,2022-03-21T15:55:31.367506566Z
1647878131.3687282,2022-03-21T15:55:31.377612319Z
1647878131.3790133,2022-03-21T15:55:31.390269515Z
1647878131.3893259,2022-03-21T15:55:31.397384039Z
1647878131.399711,2022-03-21T15:55:31.40824456Z
1647878131.4102814,2022-03-21T15:55:31.422022602Z
1647878131.4206781,2022-03-21T15:55:31.432521895Z
1647878131.4310715,2022-03-21T15:55:31.443068374Z
1647878131.4415617,2022-03-21T15:55:31.457419156Z
1647878131.451885,2022-03-21T15:55:31.464080333Z
1647878131.4622023,2022-03-21T15:55:31.474287883Z
1647878131.4725142,2022-03-21T15:55:31.484183937Z
1647878131.4828207,2022-03-21T15:55:31.493516479Z
1647878131.4931586,2022-03-21T15:55:31.502957797Z
1647878131.503475,2022-03-21T15:55:31.516005038Z
1647878131.5137815,2022-03-21T15:55:31.525505095Z
1647878131.5240784,2022-03-21T15:55:31.534568774Z
1647878131.5343766,2022-03-21T15:55:31.543672238Z
1647878131.5446784,2022-03-21T15:55:31.553504656Z
1647878131.5549662,2022-03-21T15:55:31.564661175Z
1647878131.5652564,2022-03-21T15:55:31.573864165Z
1647878131.5755022,2022-03-21T15:55:31.584802733Z
1647878131.5858092,2022-03-21T15:55:31.596153596Z
1647878131.596106,2022-03-21T15:55:31.60693245Z
1647878131.6063933,2022-03-21T15:55:31.618843149Z
1647878131.616717,2022-03-21T15:55:31.629823347Z
1647878131.627021,2022-03-21T15:55:31.640701291Z
1647878131.6373227,2022-03-21T15:55:31.651117956Z
1647878131.6476915,2022-03-21T15:55:31.660725339Z
1647878131.6580563,2022-03-21T15:55:31.675327482Z
1647878131.6683712,2022-03-21T15:55:31.686766133Z
1647878131.678718,2022-03-21T15:55:31.694103131Z
1647878131.689125,2022-03-21T15:55:31.703565383Z
1647878131.69947,2022-03-21T15:55:31.712098734Z
1647878131.70984,2022-03-21T15:55:31.728042893Z
1647878131.720412,2022-03-21T15:55:31.745841353Z
1647878131.7307558,2022-03-21T15:55:31.753075993Z
1647878131.7411366,2022-03-21T15:55:31.755408594Z
1647878131.7516062,2022-03-21T15:55:31.763979435Z
1647878131.7618847,2022-03-21T15:55:31.77337521Z
1647878131.7725937,2022-03-21T15:55:31.783304054Z
1647878131.782898,2022-03-21T15:55:31.792816782Z
1647878131.7931979,2022-03-21T15:55:31.803674821Z
1647878131.8035624,2022-03-21T15:55:31.814617234Z
1647878131.8140206,2022-03-21T15:55:31.824379976Z
1647878131.8243845,2022-03-21T15:55:31.83628371Z
1647878131.83482,2022-03-21T15:55:31.84871078Z
1647878131.8452787,2022-03-21T15:55:31.856991592Z
1647878131.855569,2022-03-21T15:55:31.870197294Z
1647878131.8658798,2022-03-21T15:55:31.877485915Z
1647878131.8762274,2022-03-21T15:55:31.887939934Z
1647878131.886623,2022-03-21T15:55:31.897051365Z
1647878131.8970125,2022-03-21T15:55:31.908519434Z
1647878131.90756,2022-03-21T15:55:31.933452094Z
1647878131.918121,2022-03-21T15:55:31.93497051Z
1647878131.9286866,2022-03-21T15:55:31.945516516Z
1647878131.9392395,2022-03-21T15:55:31.970456735Z
1647878131.9498377,2022-03-21T15:55:31.978713435Z
1647878131.9605207,2022-03-21T15:55:31.980523057Z
1647878131.9710433,2022-03-21T15:55:31.986273649Z
1647878131.9816322,2022-03-21T15:55:31.991549196Z
1647878131.9921362,2022-03-21T15:55:32.007996278Z
1647878132.0027184,2022-03-21T15:55:32.018083601Z
1647878132.0132856,2022-03-21T15:55:32.029080806Z
1647878132.023874,2022-03-21T15:55:32.03925732Z
1647878132.0344405,2022-03-21T15:55:32.048947728Z
1647878132.045037,2022-03-21T15:55:32.058782626Z
1647878132.0556414,2022-03-21T15:55:32.065893922Z
1647878132.0661952,2022-03-21T15:55:32.076762964Z
1647878132.076794,2022-03-21T15:55:32.085361201Z
1647878132.0874062,2022-03-21T15:55:32.096926118Z
1647878132.0984454,2022-03-21T15:55:32.106232058Z
1647878132.1090262,2022-03-21T15:55:32.117018913Z
1647878132.1195781,2022-03-21T15:55:32.127593589Z
1647878132.1301453,2022-03-21T15:55:32.139889901Z
1647878132.1407487,2022-03-21T15:55:32.150457854Z
1647878132.1512833,2022-03-21T15:55:32.160364318Z
1647878132.1618376,2022-03-21T15:55:32.174524578Z
1647878132.1723669,2022-03-21T15:55:32.18277769Z
1647878132.1829634,2022-03-21T15:55:32.19282375Z
1647878132.1935499,2022-03-21T15:55:32.203820385Z
1647878132.2041152,2022-03-21T15:55:32.215242568Z
1647878132.2146902,2022-03-21T15:55:32.225777425Z
1647878132.2252328,2022-03-21T15:55:32.234441643Z
1647878132.235785,2022-03-21T15:55:32.245284963Z
1647878132.2463477,2022-03-21T15:55:32.25621509Z
1647878132.2569404,2022-03-21T15:55:32.267316761Z
1647878132.2675633,2022-03-21T15:55:32.282851956Z
1647878132.2781317,2022-03-21T15:55:32.291194284Z
1647878132.2887304,2022-03-21T15:55:32.299884917Z
1647878132.299292,2022-03-21T15:55:32.308729492Z
1647878132.3098972,2022-03-21T15:55:32.319036155Z
1647878132.3204296,2022-03-21T15:55:32.330439312Z
1647878132.3310282,2022-03-21T15:55:32.340020042Z
1647878132.341599,2022-03-21T15:55:32.353451325Z
1647878132.35214,2022-03-21T15:55:32.363052969Z
1647878132.362736,2022-03-21T15:55:32.372760557Z
1647878132.3733003,2022-03-21T15:55:32.383965356Z
1647878132.3838937,2022-03-21T15:55:32.392477197Z
1647878132.3944826,2022-03-21T15:55:32.403818494Z
1647878132.4050527,2022-03-21T15:55:32.4150694Z
1647878132.415655,2022-03-21T15:55:32.427159613Z
1647878132.4261806,2022-03-21T15:55:32.437034291Z
1647878132.4367206,2022-03-21T15:55:32.447220636Z
1647878132.4471838,2022-03-21T15:55:32.460875775Z
1647878132.4577737,2022-03-21T15:55:32.468566925Z
1647878132.4683425,2022-03-21T15:55:32.477053859Z
1647878132.4788837,2022-03-21T15:55:32.48858773Z
1647878132.4894156,2022-03-21T15:55:32.498618361Z
1647878132.4999642,2022-03-21T15:55:32.509906629Z
1647878132.5105503,2022-03-21T15:55:32.519335897Z
1647878132.5211184,2022-03-21T15:55:32.5335771Z
1647878132.5317194,2022-03-21T15:55:32.542130855Z
1647878132.5422547,2022-03-21T15:55:32.550959941Z
1647878132.552808,2022-03-21T15:55:32.561860071Z
1647878132.5634024,2022-03-21T15:55:32.574538177Z
1647878132.5739434,2022-03-21T15:55:32.585362652Z
1647878132.584506,2022-03-21T15:55:32.599544705Z
1647878132.5950718,2022-03-21T15:55:32.607130891Z
1647878132.6056366,2022-03-21T15:55:32.617012889Z
1647878132.6161916,2022-03-21T15:55:32.625087848Z
1647878132.626752,2022-03-21T15:55:32.635732514Z
1647878132.637322,2022-03-21T15:55:32.64779751Z
1647878132.6478677,2022-03-21T15:55:32.65753459Z
1647878132.6583197,2022-03-21T15:55:32.667931333Z
1647878132.6689157,2022-03-21T15:55:32.680102184Z
1647878132.6795382,2022-03-21T15:55:32.69066637Z
1647878132.690104,2022-03-21T15:55:32.700429324Z
1647878132.700683,2022-03-21T15:55:32.709600887Z
1647878132.7112138,2022-03-21T15:55:32.720628144Z
1647878132.7217956,2022-03-21T15:55:32.731346337Z
1647878132.732363,2022-03-21T15:55:32.741829937Z
1647878132.742942,2022-03-21T15:55:32.751702342Z
1647878132.7535284,2022-03-21T15:55:32.762880004Z
1647878132.7640288,2022-03-21T15:55:32.776135119Z
1647878132.7745817,2022-03-21T15:55:32.783430519Z
1647878132.7850647,2022-03-21T15:55:32.794017707Z
1647878132.7956417,2022-03-21T15:55:32.803734134Z
1647878132.8062072,2022-03-21T15:55:32.813940207Z
1647878132.816763,2022-03-21T15:55:32.829161173Z
1647878132.8272955,2022-03-21T15:55:32.837295167Z
1647878132.837777,2022-03-21T15:55:32.852993819Z
1647878132.8483505,2022-03-21T15:55:32.85859228Z
1647878132.8589382,2022-03-21T15:55:32.868406763Z
1647878132.8694544,2022-03-21T15:55:32.880658231Z
1647878132.8800282,2022-03-21T15:55:32.892521203Z
1647878132.8905036,2022-03-21T15:55:32.90356367Z
1647878132.9010751,2022-03-21T15:55:32.913487238Z
1647878132.9116547,2022-03-21T15:55:32.922843686Z
1647878132.9221184,2022-03-21T15:55:32.935324959Z
1647878132.9325643,2022-03-21T15:55:32.943190879Z
1647878132.9430933,2022-03-21T15:55:32.954777612Z
1647878132.9536698,2022-03-21T15:55:32.964908053Z
1647878132.9642024,2022-03-21T15:55:32.975368804Z
1647878132.9748044,2022-03-21T15:55:32.988756341Z
1647878132.9853702,2022-03-21T15:55:33.000449495Z
1647878132.9959424,2022-03-21T15:55:33.011573635Z
1647878133.0065334,2022-03-21T15:55:33.018028651Z
1647878133.0170352,2022-03-21T15:55:33.027830565Z
1647878133.0276415,2022-03-21T15:55:33.038224177Z
1647878133.038213,2022-03-21T15:55:33.050374832Z
1647878133.0488052,2022-03-21T15:55:33.059316529Z
1647878133.0594146,2022-03-21T15:55:33.069172124Z
1647878133.0700092,2022-03-21T15:55:33.080465483Z
1647878133.080559,2022-03-21T15:55:33.10345398Z
1647878133.0911245,2022-03-21T15:55:33.111146153Z
1647878133.101729,2022-03-21T15:55:33.113224475Z
1647878133.1122596,2022-03-21T15:55:33.131809652Z
1647878133.122832,2022-03-21T15:55:33.140068982Z
1647878133.1340783,2022-03-21T15:55:33.148739213Z
1647878133.1450627,2022-03-21T15:55:33.158827635Z
1647878133.155723,2022-03-21T15:55:33.166125142Z
1647878133.1662533,2022-03-21T15:55:33.175963578Z
1647878133.1768448,2022-03-21T15:55:33.190610299Z
1647878133.187478,2022-03-21T15:55:33.198511029Z
1647878133.198003,2022-03-21T15:55:33.207432751Z
1647878133.2085679,2022-03-21T15:55:33.21820983Z
1647878133.2195795,2022-03-21T15:55:33.228232034Z
1647878133.2301443,2022-03-21T15:55:33.245754246Z
1647878133.2406743,2022-03-21T15:55:33.253335094Z
1647878133.2512312,2022-03-21T15:55:33.262618149Z
1647878133.2618368,2022-03-21T15:55:33.271316234Z
1647878133.27239,2022-03-21T15:55:33.281635305Z
1647878133.2829413,2022-03-21T15:55:33.292074515Z
1647878133.2935135,2022-03-21T15:55:33.303039881Z
1647878133.3040776,2022-03-21T15:55:33.313384187Z
1647878133.314645,2022-03-21T15:55:33.323068457Z
1647878133.3252017,2022-03-21T15:55:33.334451159Z
1647878133.335757,2022-03-21T15:55:33.344338442Z
1647878133.3463044,2022-03-21T15:55:33.355675807Z
1647878133.3568754,2022-03-21T15:55:33.365337516Z
1647878133.3674972,2022-03-21T15:55:33.376820056Z
1647878133.3780556,2022-03-21T15:55:33.38774158Z
1647878133.388619,2022-03-21T15:55:33.397185095Z
1647878133.3991773,2022-03-21T15:55:33.410689638Z
1647878133.4097037,2022-03-21T15:55:33.418722403Z
1647878133.4202385,2022-03-21T15:55:33.429976646Z
1647878133.4308083,2022-03-21T15:55:33.439581604Z
1647878133.441374,2022-03-21T15:55:33.451023416Z
1647878133.451926,2022-03-21T15:55:33.461423297Z
1647878133.4625082,2022-03-21T15:55:33.471382578Z
1647878133.4730282,2022-03-21T15:55:33.481788715Z
1647878133.483586,2022-03-21T15:55:33.492554324Z
1647878133.4941583,2022-03-21T15:55:33.502443282Z
1647878133.5047617,2022-03-21T15:55:33.513491749Z
1647878133.515293,2022-03-21T15:55:33.524789387Z
1647878133.5258584,2022-03-21T15:55:33.534680318Z
1647878133.5364165,2022-03-21T15:55:33.54529097Z
1647878133.5469897,2022-03-21T15:55:33.555440723Z
1647878133.5575511,2022-03-21T15:55:33.566139596Z
1647878133.568046,2022-03-21T15:55:33.576481212Z
1647878133.5785604,2022-03-21T15:55:33.588082101Z
1647878133.5890338,2022-03-21T15:55:33.598533216Z
1647878133.5995636,2022-03-21T15:55:33.60965402Z
1647878133.610155,2022-03-21T15:55:33.620520932Z
1647878133.620752,2022-03-21T15:55:33.631786229Z
1647878133.6312828,2022-03-21T15:55:33.647542041Z
1647878133.6418557,2022-03-21T15:55:33.655803364Z
1647878133.6524131,2022-03-21T15:55:33.67777279Z
1647878133.67341,2022-03-21T15:55:33.734329471Z
1647878133.6629405,2022-03-21T15:55:33.736039329Z
1647878133.694328,2022-03-21T15:55:33.756185684Z
1647878133.68391,2022-03-21T15:55:33.7574994Z
1647878133.7048495,2022-03-21T15:55:33.792446197Z
1647878133.7260425,2022-03-21T15:55:33.804495837Z
1647878133.7154467,2022-03-21T15:55:33.806156803Z
1647878133.7366087,2022-03-21T15:55:33.814726071Z
1647878133.7471128,2022-03-21T15:55:33.826591832Z
1647878133.7576017,2022-03-21T15:55:33.83537522Z
1647878133.7680132,2022-03-21T15:55:33.857647966Z
1647878133.7783816,2022-03-21T15:55:33.867426759Z
1647878133.788846,2022-03-21T15:55:33.870991775Z
1647878133.7993188,2022-03-21T15:55:33.895400357Z
1647878133.8097134,2022-03-21T15:55:33.903030834Z
1647878133.8200564,2022-03-21T15:55:33.905675254Z
1647878133.8511481,2022-03-21T15:55:33.908146257Z
1647878133.8303928,2022-03-21T15:55:33.913750411Z
1647878133.8407686,2022-03-21T15:55:33.915996742Z
1647878133.8615308,2022-03-21T15:55:33.930312895Z
1647878133.8822606,2022-03-21T15:55:33.935539195Z
1647878133.8719037,2022-03-21T15:55:33.937239708Z
1647878133.8926065,2022-03-21T15:55:33.941592543Z
1647878133.9029102,2022-03-21T15:55:33.945870133Z
1647878133.9236147,2022-03-21T15:55:33.949995476Z
1647878133.913263,2022-03-21T15:55:33.953823574Z
1647878133.9339547,2022-03-21T15:55:33.961021465Z
1647878133.9442976,2022-03-21T15:55:33.963328951Z
1647878133.9546604,2022-03-21T15:55:33.965670611Z
1647878133.9650722,2022-03-21T15:55:33.973694151Z
1647878133.9755921,2022-03-21T15:55:33.985001876Z
1647878133.986064,2022-03-21T15:55:33.996066002Z
1647878133.996488,2022-03-21T15:55:34.00613759Z
1647878134.0068383,2022-03-21T15:55:34.015992571Z
1647878134.0174046,2022-03-21T15:55:34.027880306Z
1647878134.0279064,2022-03-21T15:55:34.036833306Z
1647878134.0383005,2022-03-21T15:55:34.051635966Z
1647878134.0488648,2022-03-21T15:55:34.059563067Z
1647878134.0593207,2022-03-21T15:55:34.069084295Z
1647878134.0697205,2022-03-21T15:55:34.07992037Z
1647878134.0801055,2022-03-21T15:55:34.092318424Z
1647878134.0905678,2022-03-21T15:55:34.101618133Z
1647878134.1011853,2022-03-21T15:55:34.111111615Z
1647878134.111768,2022-03-21T15:55:34.121886884Z
1647878134.1222572,2022-03-21T15:55:34.132634681Z
1647878134.1326954,2022-03-21T15:55:34.144890468Z
1647878134.143198,2022-03-21T15:55:34.154209718Z
1647878134.153692,2022-03-21T15:55:34.165270538Z
1647878134.1640704,2022-03-21T15:55:34.175185506Z
1647878134.1744058,2022-03-21T15:55:34.185106877Z
1647878134.1847894,2022-03-21T15:55:34.196270262Z
1647878134.1951327,2022-03-21T15:55:34.207255405Z
1647878134.2055619,2022-03-21T15:55:34.216725082Z
1647878134.216156,2022-03-21T15:55:34.22734568Z
1647878134.226747,2022-03-21T15:55:34.237478927Z
1647878134.2372637,2022-03-21T15:55:34.248165585Z
1647878134.2477322,2022-03-21T15:55:34.258840249Z
1647878134.258129,2022-03-21T15:55:34.269230765Z
1647878134.268533,2022-03-21T15:55:34.279198844Z
1647878134.2789264,2022-03-21T15:55:34.289387731Z
1647878134.2892606,2022-03-21T15:55:34.303106012Z
1647878134.2996264,2022-03-21T15:55:34.317778594Z
1647878134.310055,2022-03-21T15:55:34.323821274Z
1647878134.320513,2022-03-21T15:55:34.332516581Z
1647878134.3311248,2022-03-21T15:55:34.341678727Z
1647878134.3416815,2022-03-21T15:55:34.358483498Z
1647878134.352054,2022-03-21T15:55:34.364827586Z
1647878134.3624098,2022-03-21T15:55:34.3730792Z
1647878134.3728385,2022-03-21T15:55:34.382305213Z
1647878134.3831363,2022-03-21T15:55:34.391799587Z
1647878134.393511,2022-03-21T15:55:34.409020821Z
1647878134.4039383,2022-03-21T15:55:34.417392252Z
1647878134.4145124,2022-03-21T15:55:34.425554367Z
1647878134.4249547,2022-03-21T15:55:34.435043096Z
1647878134.4355595,2022-03-21T15:55:34.450231992Z
1647878134.4462104,2022-03-21T15:55:34.460793434Z
1647878134.456636,2022-03-21T15:55:34.470436806Z
1647878134.4670384,2022-03-21T15:55:34.477668356Z
1647878134.477428,2022-03-21T15:55:34.492091123Z
1647878134.4879436,2022-03-21T15:55:34.501080449Z
1647878134.4984417,2022-03-21T15:55:34.509796009Z
1647878134.5089898,2022-03-21T15:55:34.522134138Z
1647878134.519485,2022-03-21T15:55:34.532889842Z
1647878134.529929,2022-03-21T15:55:34.54193516Z
1647878134.5404215,2022-03-21T15:55:34.554492036Z
1647878134.55081,2022-03-21T15:55:34.563965693Z
1647878134.5611427,2022-03-21T15:55:34.578708613Z
1647878134.5715616,2022-03-21T15:55:34.586546974Z
1647878134.5820851,2022-03-21T15:55:34.595403514Z
1647878134.5925856,2022-03-21T15:55:34.612883122Z
1647878134.6030855,2022-03-21T15:55:34.618008969Z
1647878134.6135485,2022-03-21T15:55:34.624806166Z
1647878134.623979,2022-03-21T15:55:34.633429145Z
1647878134.634301,2022-03-21T15:55:34.644791666Z
1647878134.6446428,2022-03-21T15:55:34.654710945Z
1647878134.6549487,2022-03-21T15:55:34.663341396Z
1647878134.6652594,2022-03-21T15:55:34.675554713Z
1647878134.67554,2022-03-21T15:55:34.686742019Z
1647878134.6858509,2022-03-21T15:55:34.697361153Z
1647878134.6961477,2022-03-21T15:55:34.707933888Z
1647878134.7067568,2022-03-21T15:55:34.718386844Z
1647878134.7172663,2022-03-21T15:55:34.728515151Z
1647878134.7275615,2022-03-21T15:55:34.742266459Z
1647878134.7378478,2022-03-21T15:55:34.754571547Z
1647878134.7482035,2022-03-21T15:55:34.765289256Z
1647878134.7588122,2022-03-21T15:55:34.773470244Z
1647878134.7691557,2022-03-21T15:55:34.779086513Z
1647878134.7795103,2022-03-21T15:55:34.787913925Z
1647878134.7899935,2022-03-21T15:55:34.798672175Z
1647878134.8004794,2022-03-21T15:55:34.809274313Z
1647878134.8109102,2022-03-21T15:55:34.822034992Z
1647878134.8213902,2022-03-21T15:55:34.858046029Z
1647878134.8319476,2022-03-21T15:55:34.865551161Z
1647878134.842389,2022-03-21T15:55:34.886636658Z
1647878134.8528337,2022-03-21T15:55:34.893660852Z
1647878134.863295,2022-03-21T15:55:34.900451779Z
1647878134.8841517,2022-03-21T15:55:34.903770695Z
1647878134.8737504,2022-03-21T15:55:34.90563107Z
1647878134.8945553,2022-03-21T15:55:34.91242444Z
1647878134.9050417,2022-03-21T15:55:34.916484026Z
1647878134.915675,2022-03-21T15:55:34.927971435Z
1647878134.9262142,2022-03-21T15:55:34.934102326Z
1647878134.9367204,2022-03-21T15:55:34.953729432Z
1647878134.9514513,2022-03-21T15:55:34.964346859Z
1647878134.9619312,2022-03-21T15:55:34.970984546Z
1647878134.9723115,2022-03-21T15:55:34.980909918Z
1647878134.9826853,2022-03-21T15:55:34.992314042Z
1647878134.9930162,2022-03-21T15:55:35.00384936Z
1647878135.003453,2022-03-21T15:55:35.014482244Z
1647878135.0140631,2022-03-21T15:55:35.023438927Z
1647878135.0245993,2022-03-21T15:55:35.033164947Z
1647878135.0351102,2022-03-21T15:55:35.055699249Z
1647878135.045644,2022-03-21T15:55:35.062605632Z
1647878135.0561547,2022-03-21T15:55:35.069778282Z
1647878135.066563,2022-03-21T15:55:35.077957822Z
1647878135.0768976,2022-03-21T15:55:35.089512457Z
1647878135.0872314,2022-03-21T15:55:35.100388497Z
1647878135.0976434,2022-03-21T15:55:35.111424361Z
1647878135.1082153,2022-03-21T15:55:35.121898985Z
1647878135.1188188,2022-03-21T15:55:35.130671525Z
1647878135.1294026,2022-03-21T15:55:35.144077848Z
1647878135.1400218,2022-03-21T15:55:35.15209629Z
1647878135.15058,2022-03-21T15:55:35.16211016Z
1647878135.1611524,2022-03-21T15:55:35.170345582Z
1647878135.1716766,2022-03-21T15:55:35.183913433Z
1647878135.1821876,2022-03-21T15:55:35.196154682Z
1647878135.1926918,2022-03-21T15:55:35.203327931Z
1647878135.2032022,2022-03-21T15:55:35.214977576Z
1647878135.213761,2022-03-21T15:55:35.233784114Z
1647878135.2243218,2022-03-21T15:55:35.236195669Z
1647878135.2348287,2022-03-21T15:55:35.247635101Z
1647878135.2453249,2022-03-21T15:55:35.256588622Z
1647878135.255799,2022-03-21T15:55:35.266829161Z
1647878135.2661958,2022-03-21T15:55:35.27605602Z
1647878135.2765996,2022-03-21T15:55:35.28694294Z
1647878135.2870774,2022-03-21T15:55:35.297867675Z
1647878135.2975643,2022-03-21T15:55:35.308318251Z
1647878135.3081393,2022-03-21T15:55:35.31926274Z
1647878135.3187006,2022-03-21T15:55:35.330485353Z
1647878135.3291218,2022-03-21T15:55:35.340395732Z
1647878135.3395252,2022-03-21T15:55:35.351872756Z
1647878135.3499165,2022-03-21T15:55:35.359225502Z
1647878135.3602977,2022-03-21T15:55:35.37224558Z
1647878135.3707132,2022-03-21T15:55:35.380821561Z
1647878135.3810594,2022-03-21T15:55:35.39037243Z
1647878135.3914356,2022-03-21T15:55:35.400938083Z
1647878135.4017954,2022-03-21T15:55:35.415470581Z
1647878135.4120948,2022-03-21T15:55:35.42665921Z
1647878135.4224153,2022-03-21T15:55:35.432239989Z
1647878135.4327652,2022-03-21T15:55:35.441477265Z
1647878135.4431527,2022-03-21T15:55:35.452105455Z
1647878135.4537508,2022-03-21T15:55:35.461613211Z
1647878135.4643097,2022-03-21T15:55:35.474551654Z
1647878135.4749174,2022-03-21T15:55:35.482796312Z
1647878135.4854505,2022-03-21T15:55:35.496979601Z
1647878135.4960418,2022-03-21T15:55:35.506032821Z
1647878135.5066097,2022-03-21T15:55:35.51754006Z
1647878135.517177,2022-03-21T15:55:35.527398326Z
1647878135.5277846,2022-03-21T15:55:35.538393499Z
1647878135.538342,2022-03-21T15:55:35.549700487Z
1647878135.5489001,2022-03-21T15:55:35.559919957Z
1647878135.5595248,2022-03-21T15:55:35.571000107Z
1647878135.5700903,2022-03-21T15:55:35.579852067Z
1647878135.580656,2022-03-21T15:55:35.591335421Z
1647878135.5911884,2022-03-21T15:55:35.613241216Z
1647878135.6017675,2022-03-21T15:55:35.615467336Z
1647878135.6123211,2022-03-21T15:55:35.622638284Z
1647878135.6228766,2022-03-21T15:55:35.630563997Z
1647878135.6334417,2022-03-21T15:55:35.641686605Z
1647878135.644039,2022-03-21T15:55:35.65377527Z
1647878135.6546156,2022-03-21T15:55:35.664196874Z
1647878135.6651897,2022-03-21T15:55:35.67381684Z
1647878135.6756861,2022-03-21T15:55:35.69062118Z
1647878135.686161,2022-03-21T15:55:35.696415893Z
1647878135.6967156,2022-03-21T15:55:35.707591835Z
1647878135.7072756,2022-03-21T15:55:35.71812299Z
1647878135.7180257,2022-03-21T15:55:35.73160396Z
1647878135.7285867,2022-03-21T15:55:35.739463837Z
1647878135.7391465,2022-03-21T15:55:35.748705099Z
1647878135.7497277,2022-03-21T15:55:35.758113432Z
1647878135.7602293,2022-03-21T15:55:35.768212859Z
1647878135.770731,2022-03-21T15:55:35.777736718Z
1647878135.7812316,2022-03-21T15:55:35.791180412Z
1647878135.791791,2022-03-21T15:55:35.800564524Z
1647878135.8023221,2022-03-21T15:55:35.811315476Z
1647878135.8128636,2022-03-21T15:55:35.820036612Z
1647878135.823432,2022-03-21T15:55:35.83102092Z
1647878135.8340197,2022-03-21T15:55:35.844828263Z
1647878135.8445702,2022-03-21T15:55:35.852284399Z
1647878135.855159,2022-03-21T15:55:35.863902627Z
1647878135.865757,2022-03-21T15:55:35.873210245Z
1647878135.87631,2022-03-21T15:55:35.884670319Z
1647878135.886868,2022-03-21T15:55:35.895118561Z
1647878135.8974369,2022-03-21T15:55:35.905506668Z
1647878135.9080303,2022-03-21T15:55:35.915369796Z
1647878135.9185991,2022-03-21T15:55:35.925656634Z
1647878135.9291253,2022-03-21T15:55:35.936443182Z
1647878135.9396293,2022-03-21T15:55:35.946612799Z
1647878135.9501545,2022-03-21T15:55:35.957236853Z
1647878135.9606216,2022-03-21T15:55:35.968750744Z
1647878135.9711874,2022-03-21T15:55:35.982098513Z
1647878135.9817772,2022-03-21T15:55:35.990974724Z
1647878135.9923418,2022-03-21T15:55:36.003260478Z
1647878136.0029147,2022-03-21T15:55:36.015847628Z
1647878136.0134428,2022-03-21T15:55:36.026305547Z
1647878136.0240054,2022-03-21T15:55:36.031794357Z
1647878136.0345757,2022-03-21T15:55:36.045863288Z
1647878136.045123,2022-03-21T15:55:36.054776259Z
1647878136.0557182,2022-03-21T15:55:36.06712143Z
1647878136.066284,2022-03-21T15:55:36.074776619Z
1647878136.0768766,2022-03-21T15:55:36.085405958Z
1647878136.087497,2022-03-21T15:55:36.095075308Z
1647878136.0980608,2022-03-21T15:55:36.106051161Z
1647878136.1086338,2022-03-21T15:55:36.116688591Z
1647878136.1192138,2022-03-21T15:55:36.126421253Z
1647878136.129803,2022-03-21T15:55:36.138199662Z
1647878136.1403584,2022-03-21T15:55:36.148449065Z
1647878136.150951,2022-03-21T15:55:36.158469271Z
1647878136.1615214,2022-03-21T15:55:36.170276458Z
1647878136.1720877,2022-03-21T15:55:36.180038236Z
1647878136.1826422,2022-03-21T15:55:36.191054946Z
1647878136.193263,2022-03-21T15:55:36.205425985Z
