1647878736.8276565,2022-03-21T16:05:36.959886012Z
1647878736.8479872,2022-03-21T16:05:36.99631483Z
1647878736.8685398,2022-03-21T16:05:37.065937189Z
1647878736.930306,2022-03-21T16:05:37.070618062Z
1647878736.9097507,2022-03-21T16:05:37.077569924Z
1647878736.8891323,2022-03-21T16:05:37.083838468Z
1647878736.9714937,2022-03-21T16:05:37.088490451Z
1647878736.9509268,2022-03-21T16:05:37.091972702Z
1647878736.9920774,2022-03-21T16:05:37.094295828Z
1647878737.012665,2022-03-21T16:05:37.099611163Z
1647878737.033253,2022-03-21T16:05:37.102836435Z
1647878737.0538657,2022-03-21T16:05:37.115739647Z
1647878737.074362,2022-03-21T16:05:37.120134964Z
1647878737.094968,2022-03-21T16:05:37.127751876Z
1647878737.1155725,2022-03-21T16:05:37.133498232Z
1647878737.1361618,2022-03-21T16:05:37.150597568Z
1647878737.1567783,2022-03-21T16:05:37.17208638Z
1647878737.177404,2022-03-21T16:05:37.192096352Z
1647878737.1980178,2022-03-21T16:05:37.215695219Z
1647878737.2186036,2022-03-21T16:05:37.233930259Z
1647878737.23915,2022-03-21T16:05:37.255541042Z
1647878737.259773,2022-03-21T16:05:37.275478765Z
1647878737.2803671,2022-03-21T16:05:37.293199902Z
1647878737.3009408,2022-03-21T16:05:37.313397548Z
1647878737.3215604,2022-03-21T16:05:37.335964557Z
1647878737.342148,2022-03-21T16:05:37.362331469Z
1647878737.3626537,2022-03-21T16:05:37.375326312Z
1647878737.3832414,2022-03-21T16:05:37.399185017Z
1647878737.4038541,2022-03-21T16:05:37.419617344Z
1647878737.4244258,2022-03-21T16:05:37.448017659Z
1647878737.4450378,2022-03-21T16:05:37.46841423Z
1647878737.4656618,2022-03-21T16:05:37.485752626Z
1647878737.4862137,2022-03-21T16:05:37.504032998Z
1647878737.506818,2022-03-21T16:05:37.522571019Z
1647878737.5273998,2022-03-21T16:05:37.54330103Z
1647878737.548009,2022-03-21T16:05:37.563001035Z
1647878737.5685983,2022-03-21T16:05:37.582477588Z
1647878737.589157,2022-03-21T16:05:37.60374824Z
1647878737.6097846,2022-03-21T16:05:37.623193585Z
1647878737.6303413,2022-03-21T16:05:37.643916275Z
1647878737.650965,2022-03-21T16:05:37.665866573Z
1647878737.6715546,2022-03-21T16:05:37.686631084Z
1647878737.6921432,2022-03-21T16:05:37.708975118Z
1647878737.7127671,2022-03-21T16:05:37.731230013Z
1647878737.7333193,2022-03-21T16:05:37.750264671Z
1647878737.753922,2022-03-21T16:05:37.76897941Z
1647878737.7745392,2022-03-21T16:05:37.790706892Z
1647878737.795095,2022-03-21T16:05:37.811304958Z
1647878737.8156953,2022-03-21T16:05:37.832728316Z
1647878737.83625,2022-03-21T16:05:37.85415301Z
1647878737.8568656,2022-03-21T16:05:37.871764714Z
1647878737.8775184,2022-03-21T16:05:37.892748214Z
1647878737.89804,2022-03-21T16:05:37.924117526Z
1647878737.9185603,2022-03-21T16:05:37.935136105Z
1647878737.9390783,2022-03-21T16:05:37.951954408Z
1647878737.9596713,2022-03-21T16:05:37.972536275Z
1647878737.9802597,2022-03-21T16:05:37.993619356Z
1647878738.0008483,2022-03-21T16:05:38.015107511Z
1647878738.0214288,2022-03-21T16:05:38.03501032Z
1647878738.0420582,2022-03-21T16:05:38.056592008Z
1647878738.0626466,2022-03-21T16:05:38.075813373Z
1647878738.0832436,2022-03-21T16:05:38.096280029Z
1647878738.103763,2022-03-21T16:05:38.116178027Z
1647878738.124315,2022-03-21T16:05:38.140581056Z
1647878738.1449165,2022-03-21T16:05:38.159347164Z
1647878738.1655636,2022-03-21T16:05:38.17830645Z
1647878738.1861866,2022-03-21T16:05:38.201738338Z
1647878738.206776,2022-03-21T16:05:38.220615497Z
1647878738.2273614,2022-03-21T16:05:38.247883281Z
1647878738.2479734,2022-03-21T16:05:38.262764221Z
1647878738.2685697,2022-03-21T16:05:38.290811128Z
1647878738.28915,2022-03-21T16:05:38.312664975Z
1647878738.309759,2022-03-21T16:05:38.32924058Z
1647878738.3302548,2022-03-21T16:05:38.347918204Z
1647878738.350869,2022-03-21T16:05:38.367102724Z
1647878738.3714535,2022-03-21T16:05:38.38624939Z
1647878738.3920736,2022-03-21T16:05:38.408430802Z
1647878738.4126403,2022-03-21T16:05:38.430577473Z
1647878738.4332275,2022-03-21T16:05:38.447381113Z
1647878738.4538467,2022-03-21T16:05:38.470562738Z
1647878738.4744341,2022-03-21T16:05:38.487483435Z
1647878738.495053,2022-03-21T16:05:38.5087529Z
1647878738.5156207,2022-03-21T16:05:38.529171079Z
1647878738.53621,2022-03-21T16:05:38.552455731Z
1647878738.556836,2022-03-21T16:05:38.570173842Z
1647878738.5774357,2022-03-21T16:05:38.596553277Z
1647878738.598016,2022-03-21T16:05:38.617594343Z
1647878738.6185896,2022-03-21T16:05:38.630427035Z
1647878738.639129,2022-03-21T16:05:38.656653532Z
1647878738.6596808,2022-03-21T16:05:38.676746771Z
1647878738.680205,2022-03-21T16:05:38.695554702Z
1647878738.7008193,2022-03-21T16:05:38.719712044Z
1647878738.7214422,2022-03-21T16:05:38.745302716Z
1647878738.7420592,2022-03-21T16:05:38.757901649Z
1647878738.7626407,2022-03-21T16:05:38.778418642Z
1647878738.7832205,2022-03-21T16:05:38.798209906Z
1647878738.8037977,2022-03-21T16:05:38.818494212Z
1647878738.8243597,2022-03-21T16:05:38.83766128Z
1647878738.844946,2022-03-21T16:05:38.860889836Z
1647878738.8655684,2022-03-21T16:05:38.893136285Z
1647878738.8861587,2022-03-21T16:05:38.91099021Z
1647878738.9067612,2022-03-21T16:05:38.934497003Z
1647878738.9273386,2022-03-21T16:05:38.947369008Z
1647878738.947952,2022-03-21T16:05:38.964541269Z
1647878738.9685674,2022-03-21T16:05:38.987991476Z
1647878738.9891574,2022-03-21T16:05:39.002707223Z
1647878739.0097733,2022-03-21T16:05:39.024571421Z
1647878739.0303383,2022-03-21T16:05:39.043830856Z
1647878739.050959,2022-03-21T16:05:39.0686959Z
1647878739.071557,2022-03-21T16:05:39.082405373Z
1647878739.0921433,2022-03-21T16:05:39.103156765Z
1647878739.112742,2022-03-21T16:05:39.126880383Z
1647878739.1333299,2022-03-21T16:05:39.146955815Z
1647878739.1539474,2022-03-21T16:05:39.167036383Z
1647878739.1745217,2022-03-21T16:05:39.187306055Z
1647878739.1951048,2022-03-21T16:05:39.207515546Z
1647878739.2156906,2022-03-21T16:05:39.22888887Z
1647878739.236268,2022-03-21T16:05:39.251393062Z
1647878739.256881,2022-03-21T16:05:39.269756379Z
1647878739.2775342,2022-03-21T16:05:39.28987225Z
1647878739.2981157,2022-03-21T16:05:39.313208499Z
1647878739.3188617,2022-03-21T16:05:39.334700593Z
1647878739.33945,2022-03-21T16:05:39.352495247Z
1647878739.3600533,2022-03-21T16:05:39.371616916Z
1647878739.3806438,2022-03-21T16:05:39.402348671Z
1647878739.4011934,2022-03-21T16:05:39.415749635Z
1647878739.4216883,2022-03-21T16:05:39.442345359Z
1647878739.442245,2022-03-21T16:05:39.457371096Z
1647878739.4627929,2022-03-21T16:05:39.476236382Z
1647878739.4838238,2022-03-21T16:05:39.510112465Z
1647878739.5044081,2022-03-21T16:05:39.520636514Z
1647878739.5249317,2022-03-21T16:05:39.537463439Z
1647878739.545504,2022-03-21T16:05:39.604101158Z
1647878739.5660613,2022-03-21T16:05:39.615331389Z
1647878739.5866065,2022-03-21T16:05:39.622292205Z
1647878739.6071591,2022-03-21T16:05:39.629284428Z
1647878739.6277375,2022-03-21T16:05:39.641876949Z
1647878739.6483266,2022-03-21T16:05:39.661946882Z
1647878739.6689417,2022-03-21T16:05:39.680272104Z
1647878739.6895802,2022-03-21T16:05:39.705820626Z
1647878739.7101643,2022-03-21T16:05:39.722942679Z
1647878739.7307453,2022-03-21T16:05:39.742321138Z
1647878739.75133,2022-03-21T16:05:39.764579248Z
1647878739.7719443,2022-03-21T16:05:39.787705778Z
1647878739.7925472,2022-03-21T16:05:39.809495672Z
1647878739.8131282,2022-03-21T16:05:39.829745618Z
1647878739.8337097,2022-03-21T16:05:39.848627234Z
1647878739.8542566,2022-03-21T16:05:39.86802989Z
1647878739.874843,2022-03-21T16:05:39.887966058Z
1647878739.8954403,2022-03-21T16:05:39.909061808Z
1647878739.9160614,2022-03-21T16:05:39.936160923Z
1647878739.9366546,2022-03-21T16:05:39.950930054Z
1647878739.9572074,2022-03-21T16:05:39.974206193Z
1647878739.9777312,2022-03-21T16:05:39.997691494Z
1647878739.9983037,2022-03-21T16:05:40.020416657Z
1647878740.0188234,2022-03-21T16:05:40.039177655Z
1647878740.0393708,2022-03-21T16:05:40.055263106Z
1647878740.0599527,2022-03-21T16:05:40.075925472Z
1647878740.0804925,2022-03-21T16:05:40.095920868Z
1647878740.1011117,2022-03-21T16:05:40.114750364Z
1647878740.1217062,2022-03-21T16:05:40.13503639Z
1647878740.1422436,2022-03-21T16:05:40.155494334Z
1647878740.162836,2022-03-21T16:05:40.177132476Z
1647878740.1833851,2022-03-21T16:05:40.198101276Z
1647878740.203998,2022-03-21T16:05:40.218069396Z
1647878740.2245886,2022-03-21T16:05:40.238972057Z
1647878740.245139,2022-03-21T16:05:40.258650331Z
1647878740.2658014,2022-03-21T16:05:40.28036682Z
1647878740.2863598,2022-03-21T16:05:40.301378183Z
1647878740.3069994,2022-03-21T16:05:40.326058332Z
1647878740.327579,2022-03-21T16:05:40.341082747Z
1647878740.3481312,2022-03-21T16:05:40.365574208Z
1647878740.3687513,2022-03-21T16:05:40.383928032Z
1647878740.3893943,2022-03-21T16:05:40.403616066Z
1647878740.4099722,2022-03-21T16:05:40.42364002Z
1647878740.430566,2022-03-21T16:05:40.444524109Z
1647878740.4511316,2022-03-21T16:05:40.464541091Z
1647878740.471749,2022-03-21T16:05:40.488659554Z
1647878740.4923306,2022-03-21T16:05:40.505515533Z
1647878740.512944,2022-03-21T16:05:40.528549492Z
1647878740.533566,2022-03-21T16:05:40.546965276Z
1647878740.5541425,2022-03-21T16:05:40.567624638Z
1647878740.574763,2022-03-21T16:05:40.587530012Z
1647878740.5953426,2022-03-21T16:05:40.607525419Z
1647878740.6159751,2022-03-21T16:05:40.628158127Z
1647878740.6365619,2022-03-21T16:05:40.650752998Z
1647878740.6571226,2022-03-21T16:05:40.669133899Z
1647878740.6777208,2022-03-21T16:05:40.691676839Z
1647878740.6982892,2022-03-21T16:05:40.71250173Z
1647878740.718906,2022-03-21T16:05:40.731525005Z
1647878740.739506,2022-03-21T16:05:40.755804448Z
1647878740.7600644,2022-03-21T16:05:40.774633601Z
1647878740.780611,2022-03-21T16:05:40.794404713Z
1647878740.8011808,2022-03-21T16:05:40.814780701Z
1647878740.821769,2022-03-21T16:05:40.83592952Z
1647878740.8423421,2022-03-21T16:05:40.855447861Z
1647878740.8629391,2022-03-21T16:05:40.875960556Z
1647878740.8835216,2022-03-21T16:05:40.89659062Z
1647878740.9041085,2022-03-21T16:05:40.921195398Z
1647878740.9246967,2022-03-21T16:05:40.937927975Z
1647878740.9452858,2022-03-21T16:05:40.959771206Z
1647878740.965902,2022-03-21T16:05:40.978738505Z
1647878740.986489,2022-03-21T16:05:41.000031536Z
1647878741.0070627,2022-03-21T16:05:41.022635276Z
1647878741.0275927,2022-03-21T16:05:41.04102631Z
1647878741.0481818,2022-03-21T16:05:41.06197563Z
1647878741.0687823,2022-03-21T16:05:41.083986644Z
1647878741.0893884,2022-03-21T16:05:41.104891153Z
1647878741.1100042,2022-03-21T16:05:41.123617059Z
1647878741.130492,2022-03-21T16:05:41.142777782Z
1647878741.1510782,2022-03-21T16:05:41.162340054Z
1647878741.1716368,2022-03-21T16:05:41.187094475Z
1647878741.1921628,2022-03-21T16:05:41.206429136Z
1647878741.2127647,2022-03-21T16:05:41.237331799Z
1647878741.2333164,2022-03-21T16:05:41.251849647Z
1647878741.2538788,2022-03-21T16:05:41.267107024Z
1647878741.2744474,2022-03-21T16:05:41.287315325Z
1647878741.295057,2022-03-21T16:05:41.307446433Z
1647878741.315657,2022-03-21T16:05:41.329045455Z
1647878741.3361442,2022-03-21T16:05:41.352665311Z
1647878741.3567061,2022-03-21T16:05:41.370540409Z
1647878741.3771951,2022-03-21T16:05:41.395920335Z
1647878741.3977208,2022-03-21T16:05:41.409093144Z
1647878741.4183056,2022-03-21T16:05:41.428913323Z
1647878741.4388957,2022-03-21T16:05:41.449751764Z
1647878741.4594889,2022-03-21T16:05:41.471833757Z
1647878741.4800725,2022-03-21T16:05:41.494092601Z
1647878741.50067,2022-03-21T16:05:41.512935462Z
1647878741.5212595,2022-03-21T16:05:41.532476104Z
1647878741.5418775,2022-03-21T16:05:41.553449231Z
1647878741.5623722,2022-03-21T16:05:41.573819259Z
1647878741.5830207,2022-03-21T16:05:41.595620894Z
1647878741.6036112,2022-03-21T16:05:41.622054499Z
1647878741.6241212,2022-03-21T16:05:41.63612544Z
1647878741.6446877,2022-03-21T16:05:41.656967575Z
1647878741.6652741,2022-03-21T16:05:41.678018141Z
1647878741.6858919,2022-03-21T16:05:41.701786177Z
1647878741.7064905,2022-03-21T16:05:41.717518454Z
1647878741.726983,2022-03-21T16:05:41.743391513Z
1647878741.7474356,2022-03-21T16:05:41.766437876Z
1647878741.7688994,2022-03-21T16:05:41.786408246Z
1647878741.78953,2022-03-21T16:05:41.80594618Z
1647878741.8101208,2022-03-21T16:05:41.830343704Z
1647878741.8306904,2022-03-21T16:05:41.848413479Z
1647878741.8512018,2022-03-21T16:05:41.871281364Z
1647878741.871779,2022-03-21T16:05:41.888290979Z
1647878741.8923697,2022-03-21T16:05:41.90774355Z
1647878741.91298,2022-03-21T16:05:41.928561445Z
1647878741.9336214,2022-03-21T16:05:41.950472958Z
1647878741.9540968,2022-03-21T16:05:41.969131539Z
1647878741.974658,2022-03-21T16:05:41.99055197Z
1647878741.9952466,2022-03-21T16:05:42.012022311Z
1647878742.015832,2022-03-21T16:05:42.031931042Z
1647878742.0364215,2022-03-21T16:05:42.052198433Z
1647878742.057009,2022-03-21T16:05:42.087503332Z
1647878742.077617,2022-03-21T16:05:42.128166112Z
1647878742.0981565,2022-03-21T16:05:42.131520356Z
1647878742.118717,2022-03-21T16:05:42.141949368Z
1647878742.1392946,2022-03-21T16:05:42.155647123Z
1647878742.1599004,2022-03-21T16:05:42.177393922Z
1647878742.180483,2022-03-21T16:05:42.196005474Z
1647878742.2011104,2022-03-21T16:05:42.215994026Z
1647878742.2216766,2022-03-21T16:05:42.236051126Z
1647878742.2422664,2022-03-21T16:05:42.256561294Z
1647878742.2628708,2022-03-21T16:05:42.278280206Z
1647878742.2833867,2022-03-21T16:05:42.295286741Z
1647878742.3040156,2022-03-21T16:05:42.319249583Z
1647878742.3245609,2022-03-21T16:05:42.345919435Z
1647878742.34514,2022-03-21T16:05:42.362358921Z
1647878742.3657598,2022-03-21T16:05:42.383859903Z
1647878742.3863328,2022-03-21T16:05:42.403182318Z
1647878742.4069607,2022-03-21T16:05:42.423960092Z
1647878742.4275727,2022-03-21T16:05:42.442915283Z
1647878742.44816,2022-03-21T16:05:42.465713582Z
1647878742.468734,2022-03-21T16:05:42.486016508Z
1647878742.489251,2022-03-21T16:05:42.505315295Z
1647878742.5098546,2022-03-21T16:05:42.524832369Z
1647878742.5304344,2022-03-21T16:05:42.542351392Z
1647878742.5510585,2022-03-21T16:05:42.566850387Z
1647878742.5716088,2022-03-21T16:05:42.589389096Z
1647878742.5921118,2022-03-21T16:05:42.610008247Z
1647878742.6126475,2022-03-21T16:05:42.632584858Z
1647878742.6332147,2022-03-21T16:05:42.647630427Z
1647878742.6537054,2022-03-21T16:05:42.666815811Z
1647878742.6741755,2022-03-21T16:05:42.692080696Z
1647878742.6947472,2022-03-21T16:05:42.707755819Z
1647878742.715335,2022-03-21T16:05:42.727631241Z
1647878742.73595,2022-03-21T16:05:42.748843715Z
1647878742.756562,2022-03-21T16:05:42.769342281Z
1647878742.777149,2022-03-21T16:05:42.791850038Z
1647878742.7977493,2022-03-21T16:05:42.81212907Z
1647878742.8183336,2022-03-21T16:05:42.829488045Z
1647878742.838956,2022-03-21T16:05:42.850181661Z
1647878742.8594894,2022-03-21T16:05:42.870915508Z
1647878742.88003,2022-03-21T16:05:42.891166322Z
1647878742.9006019,2022-03-21T16:05:42.913813894Z
1647878742.9211857,2022-03-21T16:05:42.933869651Z
1647878742.9418042,2022-03-21T16:05:42.95413869Z
1647878742.9623687,2022-03-21T16:05:42.97409004Z
1647878742.98298,2022-03-21T16:05:42.994806876Z
1647878743.0035572,2022-03-21T16:05:43.028680323Z
1647878743.0241024,2022-03-21T16:05:43.045345671Z
1647878743.0446892,2022-03-21T16:05:43.063067614Z
1647878743.0652752,2022-03-21T16:05:43.079812804Z
1647878743.0858958,2022-03-21T16:05:43.097512303Z
1647878743.1065319,2022-03-21T16:05:43.119914652Z
1647878743.1270497,2022-03-21T16:05:43.147405408Z
1647878743.1476395,2022-03-21T16:05:43.157499244Z
1647878743.1682136,2022-03-21T16:05:43.181361236Z
1647878743.1888263,2022-03-21T16:05:43.201867636Z
1647878743.2094505,2022-03-21T16:05:43.223171199Z
1647878743.2300675,2022-03-21T16:05:43.24189123Z
1647878743.2506714,2022-03-21T16:05:43.261381143Z
1647878743.2712257,2022-03-21T16:05:43.283882315Z
1647878743.2918344,2022-03-21T16:05:43.303836299Z
1647878743.3124063,2022-03-21T16:05:43.325724025Z
1647878743.333019,2022-03-21T16:05:43.346152164Z
1647878743.3536313,2022-03-21T16:05:43.367975948Z
1647878743.3742187,2022-03-21T16:05:43.388850131Z
1647878743.3948367,2022-03-21T16:05:43.408991914Z
1647878743.4154,2022-03-21T16:05:43.430884933Z
1647878743.436034,2022-03-21T16:05:43.451911406Z
1647878743.4566064,2022-03-21T16:05:43.47794494Z
1647878743.477186,2022-03-21T16:05:43.49766115Z
1647878743.4977615,2022-03-21T16:05:43.511612067Z
1647878743.5183337,2022-03-21T16:05:43.5328424Z
1647878743.538954,2022-03-21T16:05:43.554719541Z
1647878743.559545,2022-03-21T16:05:43.569238946Z
1647878743.5801096,2022-03-21T16:05:43.594333437Z
1647878743.600658,2022-03-21T16:05:43.612148428Z
1647878743.6212404,2022-03-21T16:05:43.636062749Z
1647878743.6418655,2022-03-21T16:05:43.655205814Z
1647878743.6624393,2022-03-21T16:05:43.674511126Z
1647878743.6830552,2022-03-21T16:05:43.703410038Z
1647878743.7036543,2022-03-21T16:05:43.717746155Z
1647878743.724202,2022-03-21T16:05:43.736806027Z
1647878743.744767,2022-03-21T16:05:43.762928794Z
1647878743.7654064,2022-03-21T16:05:43.778211773Z
1647878743.78598,2022-03-21T16:05:43.799959906Z
1647878743.8065627,2022-03-21T16:05:43.821057944Z
1647878743.8271465,2022-03-21T16:05:43.841829479Z
1647878743.8483148,2022-03-21T16:05:43.863173853Z
1647878743.868937,2022-03-21T16:05:43.883074768Z
1647878743.8895695,2022-03-21T16:05:43.904485734Z
1647878743.9101763,2022-03-21T16:05:43.929381059Z
1647878743.9308212,2022-03-21T16:05:43.958259254Z
1647878743.9513626,2022-03-21T16:05:43.963730495Z
1647878743.9719539,2022-03-21T16:05:43.98175253Z
1647878743.9925036,2022-03-21T16:05:44.004426416Z
1647878744.013005,2022-03-21T16:05:44.026336226Z
1647878744.033563,2022-03-21T16:05:44.048213479Z
1647878744.054113,2022-03-21T16:05:44.067409709Z
1647878744.0746603,2022-03-21T16:05:44.089706524Z
1647878744.0952337,2022-03-21T16:05:44.109559487Z
1647878744.1158066,2022-03-21T16:05:44.12989509Z
1647878744.136385,2022-03-21T16:05:44.149584591Z
1647878744.1569695,2022-03-21T16:05:44.171741717Z
1647878744.1775508,2022-03-21T16:05:44.191135615Z
1647878744.1981342,2022-03-21T16:05:44.210921442Z
1647878744.218866,2022-03-21T16:05:44.237683629Z
1647878744.2394521,2022-03-21T16:05:44.25390923Z
1647878744.2600248,2022-03-21T16:05:44.272239682Z
1647878744.2805936,2022-03-21T16:05:44.294302813Z
1647878744.3011298,2022-03-21T16:05:44.314627024Z
1647878744.3215468,2022-03-21T16:05:44.334183852Z
1647878744.3420594,2022-03-21T16:05:44.354890284Z
1647878744.3626459,2022-03-21T16:05:44.37932653Z
1647878744.38323,2022-03-21T16:05:44.395778753Z
1647878744.4037943,2022-03-21T16:05:44.415450633Z
1647878744.4243612,2022-03-21T16:05:44.442377878Z
1647878744.444962,2022-03-21T16:05:44.458843321Z
1647878744.4655793,2022-03-21T16:05:44.482697891Z
1647878744.4861698,2022-03-21T16:05:44.500519283Z
1647878744.5067801,2022-03-21T16:05:44.521179128Z
1647878744.5273643,2022-03-21T16:05:44.542046947Z
1647878744.5479646,2022-03-21T16:05:44.5604553Z
1647878744.5685403,2022-03-21T16:05:44.581072186Z
1647878744.5890489,2022-03-21T16:05:44.602748981Z
1647878744.6095908,2022-03-21T16:05:44.622753518Z
1647878744.630239,2022-03-21T16:05:44.643099508Z
1647878744.6508198,2022-03-21T16:05:44.662612014Z
1647878744.6713953,2022-03-21T16:05:44.691805782Z
1647878744.6920166,2022-03-21T16:05:44.706572626Z
1647878744.7126064,2022-03-21T16:05:44.724869848Z
1647878744.7331824,2022-03-21T16:05:44.747570352Z
1647878744.7537453,2022-03-21T16:05:44.771041963Z
1647878744.774299,2022-03-21T16:05:44.791899237Z
1647878744.7949224,2022-03-21T16:05:44.813750287Z
1647878744.8155286,2022-03-21T16:05:44.831645429Z
1647878744.8360941,2022-03-21T16:05:44.85504183Z
1647878744.8566895,2022-03-21T16:05:44.873294656Z
1647878744.8772776,2022-03-21T16:05:44.907781208Z
1647878744.8978913,2022-03-21T16:05:44.9235276Z
1647878744.9185038,2022-03-21T16:05:44.933510204Z
1647878744.939062,2022-03-21T16:05:44.953676792Z
1647878744.9596531,2022-03-21T16:05:44.973017295Z
1647878744.9802089,2022-03-21T16:05:44.995950706Z
1647878745.0008318,2022-03-21T16:05:45.015932441Z
1647878745.02142,2022-03-21T16:05:45.038208945Z
1647878745.042022,2022-03-21T16:05:45.055231421Z
1647878745.0626156,2022-03-21T16:05:45.075322619Z
1647878745.0831606,2022-03-21T16:05:45.096008012Z
1647878745.1037726,2022-03-21T16:05:45.118600219Z
1647878745.124324,2022-03-21T16:05:45.138120274Z
1647878745.144908,2022-03-21T16:05:45.160276306Z
1647878745.1655526,2022-03-21T16:05:45.177597511Z
1647878745.1861384,2022-03-21T16:05:45.200075788Z
1647878745.206759,2022-03-21T16:05:45.220901845Z
1647878745.2273428,2022-03-21T16:05:45.240033906Z
1647878745.2479446,2022-03-21T16:05:45.26068267Z
1647878745.2685506,2022-03-21T16:05:45.281264918Z
1647878745.2891347,2022-03-21T16:05:45.303085558Z
1647878745.3097587,2022-03-21T16:05:45.328004095Z
1647878745.330331,2022-03-21T16:05:45.347756981Z
1647878745.3508878,2022-03-21T16:05:45.362381581Z
1647878745.3714552,2022-03-21T16:05:45.386929994Z
1647878745.3920608,2022-03-21T16:05:45.417793431Z
1647878745.4126143,2022-03-21T16:05:45.425781367Z
1647878745.4332001,2022-03-21T16:05:45.445216738Z
1647878745.4538038,2022-03-21T16:05:45.467309384Z
1647878745.4743938,2022-03-21T16:05:45.491974483Z
1647878745.495025,2022-03-21T16:05:45.514221739Z
1647878745.5155895,2022-03-21T16:05:45.536079806Z
1647878745.5361488,2022-03-21T16:05:45.549245306Z
1647878745.5567658,2022-03-21T16:05:45.571089838Z
1647878745.5773885,2022-03-21T16:05:45.590865164Z
1647878745.5979674,2022-03-21T16:05:45.61125423Z
1647878745.618414,2022-03-21T16:05:45.630773882Z
1647878745.6390202,2022-03-21T16:05:45.650811302Z
1647878745.659606,2022-03-21T16:05:45.672013377Z
1647878745.6802032,2022-03-21T16:05:45.692416265Z
1647878745.7008202,2022-03-21T16:05:45.713591589Z
1647878745.7215102,2022-03-21T16:05:45.738555951Z
1647878745.7420979,2022-03-21T16:05:45.752810198Z
1647878745.7626925,2022-03-21T16:05:45.774975786Z
1647878745.7832766,2022-03-21T16:05:45.793907597Z
1647878745.8038595,2022-03-21T16:05:45.822202781Z
1647878745.8244476,2022-03-21T16:05:45.839732749Z
1647878745.8449664,2022-03-21T16:05:45.856651573Z
1647878745.8655775,2022-03-21T16:05:45.877774164Z
1647878745.8861597,2022-03-21T16:05:45.901586478Z
1647878745.906744,2022-03-21T16:05:45.922221115Z
1647878745.9273434,2022-03-21T16:05:45.942327584Z
1647878745.947873,2022-03-21T16:05:45.962772446Z
1647878745.9684894,2022-03-21T16:05:45.984068411Z
1647878745.9891381,2022-03-21T16:05:46.005033747Z
1647878746.009731,2022-03-21T16:05:46.024559725Z
1647878746.030287,2022-03-21T16:05:46.045291839Z
1647878746.0508626,2022-03-21T16:05:46.068433284Z
1647878746.0714262,2022-03-21T16:05:46.085108583Z
1647878746.0920117,2022-03-21T16:05:46.106172133Z
1647878746.1125715,2022-03-21T16:05:46.125590224Z
1647878746.1331422,2022-03-21T16:05:46.147613918Z
1647878746.1537404,2022-03-21T16:05:46.1718337Z
1647878746.174269,2022-03-21T16:05:46.194731239Z
1647878746.1948845,2022-03-21T16:05:46.210033434Z
1647878746.2154343,2022-03-21T16:05:46.230656773Z
1647878746.236053,2022-03-21T16:05:46.251113328Z
1647878746.2565978,2022-03-21T16:05:46.271625613Z
1647878746.2771552,2022-03-21T16:05:46.290807631Z
1647878746.2977512,2022-03-21T16:05:46.310367357Z
1647878746.3183146,2022-03-21T16:05:46.330380409Z
1647878746.3389282,2022-03-21T16:05:46.350764087Z
1647878746.3595126,2022-03-21T16:05:46.372499726Z
1647878746.3800435,2022-03-21T16:05:46.402199672Z
1647878746.4006326,2022-03-21T16:05:46.419976605Z
1647878746.421225,2022-03-21T16:05:46.437324697Z
1647878746.4418347,2022-03-21T16:05:46.454725373Z
1647878746.4623926,2022-03-21T16:05:46.47272139Z
1647878746.4830146,2022-03-21T16:05:46.495276016Z
1647878746.503609,2022-03-21T16:05:46.51605091Z
1647878746.5241632,2022-03-21T16:05:46.543952482Z
1647878746.544762,2022-03-21T16:05:46.559139054Z
1647878746.5653605,2022-03-21T16:05:46.578672312Z
1647878746.5860138,2022-03-21T16:05:46.600367441Z
1647878746.6065948,2022-03-21T16:05:46.620404714Z
1647878746.627195,2022-03-21T16:05:46.64340353Z
1647878746.6478126,2022-03-21T16:05:46.666514138Z
1647878746.6684537,2022-03-21T16:05:46.681353083Z
1647878746.6890697,2022-03-21T16:05:46.700121701Z
1647878746.7096837,2022-03-21T16:05:46.719495231Z
1647878746.7302754,2022-03-21T16:05:46.746683048Z
1647878746.7508938,2022-03-21T16:05:46.762824911Z
1647878746.7714868,2022-03-21T16:05:46.783971163Z
1647878746.792077,2022-03-21T16:05:46.803046425Z
1647878746.8126667,2022-03-21T16:05:46.825009091Z
1647878746.833277,2022-03-21T16:05:46.845757811Z
1647878746.8538399,2022-03-21T16:05:46.867301427Z
1647878746.8743906,2022-03-21T16:05:46.888581508Z
1647878746.8950117,2022-03-21T16:05:46.908971501Z
1647878746.915593,2022-03-21T16:05:46.929566326Z
1647878746.9361818,2022-03-21T16:05:46.949508773Z
1647878746.9567935,2022-03-21T16:05:46.976124787Z
1647878746.9774356,2022-03-21T16:05:46.990122975Z
1647878746.9980118,2022-03-21T16:05:47.011941752Z
1647878747.018604,2022-03-21T16:05:47.030416153Z
1647878747.0392017,2022-03-21T16:05:47.051259982Z
1647878747.0598269,2022-03-21T16:05:47.071404214Z
1647878747.080361,2022-03-21T16:05:47.092408355Z
1647878747.1009634,2022-03-21T16:05:47.113906549Z
1647878747.1215785,2022-03-21T16:05:47.134053592Z
1647878747.1421638,2022-03-21T16:05:47.153819136Z
1647878747.1627936,2022-03-21T16:05:47.176214172Z
1647878747.1833348,2022-03-21T16:05:47.195305051Z
1647878747.2039483,2022-03-21T16:05:47.217852656Z
1647878747.2245483,2022-03-21T16:05:47.239741855Z
1647878747.2451315,2022-03-21T16:05:47.258954158Z
1647878747.2657468,2022-03-21T16:05:47.285551636Z
1647878747.286305,2022-03-21T16:05:47.300674701Z
1647878747.3069284,2022-03-21T16:05:47.322055888Z
1647878747.3274422,2022-03-21T16:05:47.336933793Z
1647878747.348057,2022-03-21T16:05:47.359191281Z
1647878747.368616,2022-03-21T16:05:47.380393539Z
1647878747.3891904,2022-03-21T16:05:47.39900079Z
1647878747.40981,2022-03-21T16:05:47.419107829Z
1647878747.4303675,2022-03-21T16:05:47.441823136Z
1647878747.4509826,2022-03-21T16:05:47.461945272Z
1647878747.4715607,2022-03-21T16:05:47.482131045Z
1647878747.4921305,2022-03-21T16:05:47.509186107Z
1647878747.512741,2022-03-21T16:05:47.523137036Z
1647878747.5333207,2022-03-21T16:05:47.543632734Z
1647878747.5538957,2022-03-21T16:05:47.567723986Z
1647878747.5744362,2022-03-21T16:05:47.589600686Z
1647878747.5949504,2022-03-21T16:05:47.607963729Z
1647878747.6155603,2022-03-21T16:05:47.628327403Z
1647878747.6361434,2022-03-21T16:05:47.655777483Z
1647878747.6566975,2022-03-21T16:05:47.668904616Z
1647878747.6772773,2022-03-21T16:05:47.692638937Z
1647878747.697881,2022-03-21T16:05:47.710189185Z
1647878747.7185006,2022-03-21T16:05:47.730041913Z
1647878747.7390652,2022-03-21T16:05:47.751311141Z
1647878747.7595785,2022-03-21T16:05:47.772591894Z
1647878747.7801151,2022-03-21T16:05:47.793963613Z
1647878747.800702,2022-03-21T16:05:47.814267485Z
1647878747.82126,2022-03-21T16:05:47.833891284Z
1647878747.8418262,2022-03-21T16:05:47.85465292Z
1647878747.8623543,2022-03-21T16:05:47.874248329Z
1647878747.8829744,2022-03-21T16:05:47.895454899Z
1647878747.9035652,2022-03-21T16:05:47.917218407Z
1647878747.9241052,2022-03-21T16:05:47.936388487Z
1647878747.9446523,2022-03-21T16:05:47.957882159Z
1647878747.9651823,2022-03-21T16:05:47.981650835Z
1647878747.985582,2022-03-21T16:05:47.999227592Z
1647878748.006112,2022-03-21T16:05:48.018024239Z
1647878748.0266435,2022-03-21T16:05:48.038943526Z
1647878748.047192,2022-03-21T16:05:48.058935749Z
1647878748.0677986,2022-03-21T16:05:48.080242288Z
1647878748.0883868,2022-03-21T16:05:48.099762609Z
1647878748.109018,2022-03-21T16:05:48.121923896Z
1647878748.1296422,2022-03-21T16:05:48.142780057Z
1647878748.1502037,2022-03-21T16:05:48.162624071Z
1647878748.1708138,2022-03-21T16:05:48.183078475Z
1647878748.1914046,2022-03-21T16:05:48.203929627Z
1647878748.211992,2022-03-21T16:05:48.223341515Z
1647878748.2326007,2022-03-21T16:05:48.245366401Z
1647878748.2531397,2022-03-21T16:05:48.264743108Z
1647878748.273628,2022-03-21T16:05:48.290023282Z
1647878748.294097,2022-03-21T16:05:48.307560145Z
1647878748.3146126,2022-03-21T16:05:48.32911963Z
1647878748.3351154,2022-03-21T16:05:48.350561317Z
1647878748.3557012,2022-03-21T16:05:48.370716521Z
1647878748.376293,2022-03-21T16:05:48.390014395Z
1647878748.3968356,2022-03-21T16:05:48.40900711Z
1647878748.4174893,2022-03-21T16:05:48.429395229Z
1647878748.4380429,2022-03-21T16:05:48.45118299Z
1647878748.4586291,2022-03-21T16:05:48.472270653Z
1647878748.4791958,2022-03-21T16:05:48.492550678Z
1647878748.4997663,2022-03-21T16:05:48.512690046Z
1647878748.5203545,2022-03-21T16:05:48.535215353Z
1647878748.5408988,2022-03-21T16:05:48.55834197Z
1647878748.5614336,2022-03-21T16:05:48.581803846Z
1647878748.5820212,2022-03-21T16:05:48.596239623Z
1647878748.602501,2022-03-21T16:05:48.6160481Z
1647878748.623086,2022-03-21T16:05:48.641396435Z
1647878748.6435742,2022-03-21T16:05:48.657928076Z
1647878748.6641388,2022-03-21T16:05:48.679944701Z
1647878748.684765,2022-03-21T16:05:48.700127498Z
1647878748.7053838,2022-03-21T16:05:48.720219764Z
1647878748.7260087,2022-03-21T16:05:48.739914888Z
1647878748.7465727,2022-03-21T16:05:48.75995543Z
1647878748.7671561,2022-03-21T16:05:48.782527939Z
1647878748.7877762,2022-03-21T16:05:48.803530409Z
1647878748.8083231,2022-03-21T16:05:48.822559499Z
1647878748.828941,2022-03-21T16:05:48.84090696Z
1647878748.8495243,2022-03-21T16:05:48.862579697Z
1647878748.8700764,2022-03-21T16:05:48.884383924Z
1647878748.890671,2022-03-21T16:05:48.90587186Z
1647878748.9112022,2022-03-21T16:05:48.925844153Z
1647878748.9318147,2022-03-21T16:05:48.946834454Z
1647878748.9523137,2022-03-21T16:05:48.972889019Z
1647878748.9729207,2022-03-21T16:05:48.987184565Z
1647878748.9935625,2022-03-21T16:05:49.00481042Z
1647878749.0141366,2022-03-21T16:05:49.029818587Z
1647878749.0347571,2022-03-21T16:05:49.045581251Z
1647878749.0553467,2022-03-21T16:05:49.068171037Z
1647878749.0760305,2022-03-21T16:05:49.088560609Z
1647878749.0966232,2022-03-21T16:05:49.107835409Z
1647878749.117231,2022-03-21T16:05:49.12944611Z
1647878749.137829,2022-03-21T16:05:49.152539416Z
1647878749.1584,2022-03-21T16:05:49.17284991Z
1647878749.1789863,2022-03-21T16:05:49.193825242Z
1647878749.1995702,2022-03-21T16:05:49.215018641Z
1647878749.2201269,2022-03-21T16:05:49.23437055Z
1647878749.2406843,2022-03-21T16:05:49.257263678Z
1647878749.261239,2022-03-21T16:05:49.276861536Z
1647878749.281808,2022-03-21T16:05:49.298239607Z
1647878749.302385,2022-03-21T16:05:49.318621198Z
1647878749.3229463,2022-03-21T16:05:49.337892184Z
1647878749.343543,2022-03-21T16:05:49.357795013Z
1647878749.364053,2022-03-21T16:05:49.379367688Z
1647878749.3845983,2022-03-21T16:05:49.398352875Z
1647878749.405182,2022-03-21T16:05:49.422097591Z
1647878749.4257667,2022-03-21T16:05:49.440111823Z
1647878749.4463534,2022-03-21T16:05:49.459904932Z
1647878749.466972,2022-03-21T16:05:49.481296936Z
1647878749.4875543,2022-03-21T16:05:49.537649988Z
1647878749.5081308,2022-03-21T16:05:49.544740249Z
1647878749.5286486,2022-03-21T16:05:49.546705998Z
1647878749.5492284,2022-03-21T16:05:49.557753886Z
1647878749.5698504,2022-03-21T16:05:49.580008638Z
1647878749.5903928,2022-03-21T16:05:49.60483986Z
1647878749.6110058,2022-03-21T16:05:49.62346641Z
1647878749.6315553,2022-03-21T16:05:49.645237121Z
1647878749.652116,2022-03-21T16:05:49.662403425Z
1647878749.6726868,2022-03-21T16:05:49.687750105Z
1647878749.6932762,2022-03-21T16:05:49.70623038Z
1647878749.713889,2022-03-21T16:05:49.729805504Z
1647878749.7344427,2022-03-21T16:05:49.750362715Z
1647878749.7550526,2022-03-21T16:05:49.765034126Z
1647878749.775652,2022-03-21T16:05:49.796490704Z
1647878749.7962394,2022-03-21T16:05:49.810414916Z
1647878749.8168495,2022-03-21T16:05:49.830438591Z
1647878749.837505,2022-03-21T16:05:49.851929164Z
1647878749.8580601,2022-03-21T16:05:49.873998402Z
1647878749.878621,2022-03-21T16:05:49.891626906Z
1647878749.8991876,2022-03-21T16:05:49.911823749Z
1647878749.9197812,2022-03-21T16:05:49.930582004Z
1647878749.9403584,2022-03-21T16:05:49.951148163Z
1647878749.9609787,2022-03-21T16:05:49.975329143Z
1647878749.981619,2022-03-21T16:05:49.995385219Z
1647878750.0022073,2022-03-21T16:05:50.013560652Z
1647878750.0228324,2022-03-21T16:05:50.033848365Z
1647878750.0434031,2022-03-21T16:05:50.055129254Z
1647878750.0640247,2022-03-21T16:05:50.074290275Z
1647878750.0845997,2022-03-21T16:05:50.09642858Z
1647878750.1051662,2022-03-21T16:05:50.116447249Z
1647878750.1257832,2022-03-21T16:05:50.140795489Z
1647878750.1463661,2022-03-21T16:05:50.159331089Z
1647878750.167541,2022-03-21T16:05:50.179336588Z
1647878750.1881087,2022-03-21T16:05:50.200524399Z
1647878750.2086933,2022-03-21T16:05:50.222945737Z
1647878750.2292752,2022-03-21T16:05:50.242236595Z
1647878750.2498734,2022-03-21T16:05:50.262035229Z
1647878750.270454,2022-03-21T16:05:50.283088957Z
1647878750.2910326,2022-03-21T16:05:50.304162881Z
1647878750.3116195,2022-03-21T16:05:50.323021498Z
1647878750.3321624,2022-03-21T16:05:50.343076765Z
1647878750.3527555,2022-03-21T16:05:50.363890546Z
1647878750.373384,2022-03-21T16:05:50.387386862Z
1647878750.3940065,2022-03-21T16:05:50.406711249Z
1647878750.4145625,2022-03-21T16:05:50.43652504Z
1647878750.435151,2022-03-21T16:05:50.450243678Z
1647878750.455764,2022-03-21T16:05:50.467650161Z
1647878750.47632,2022-03-21T16:05:50.4892971Z
1647878750.4969006,2022-03-21T16:05:50.515144603Z
1647878750.5175464,2022-03-21T16:05:50.529439041Z
1647878750.5380945,2022-03-21T16:05:50.550117051Z
1647878750.558679,2022-03-21T16:05:50.569804128Z
1647878750.5792649,2022-03-21T16:05:50.595070493Z
1647878750.5998433,2022-03-21T16:05:50.616049378Z
1647878750.6204126,2022-03-21T16:05:50.6361193Z
1647878750.6409948,2022-03-21T16:05:50.659142504Z
1647878750.6616175,2022-03-21T16:05:50.679224257Z
1647878750.6821811,2022-03-21T16:05:50.696315444Z
1647878750.7028127,2022-03-21T16:05:50.715615399Z
1647878750.723407,2022-03-21T16:05:50.736134474Z
1647878750.7439866,2022-03-21T16:05:50.757815383Z
1647878750.764575,2022-03-21T16:05:50.776833822Z
1647878750.7851615,2022-03-21T16:05:50.800152112Z
1647878750.805742,2022-03-21T16:05:50.818258611Z
1647878750.826328,2022-03-21T16:05:50.83714937Z
1647878750.8469126,2022-03-21T16:05:50.861380288Z
1647878750.8674834,2022-03-21T16:05:50.879173326Z
1647878750.8880699,2022-03-21T16:05:50.899991506Z
1647878750.9086409,2022-03-21T16:05:50.92005124Z
1647878750.929221,2022-03-21T16:05:50.940445401Z
1647878750.9498415,2022-03-21T16:05:50.961001424Z
1647878750.9703987,2022-03-21T16:05:50.98344047Z
1647878750.9909782,2022-03-21T16:05:51.008061344Z
1647878751.0115635,2022-03-21T16:05:51.026943373Z
1647878751.032149,2022-03-21T16:05:51.045119086Z
1647878751.0527623,2022-03-21T16:05:51.063515134Z
1647878751.0733833,2022-03-21T16:05:51.086010402Z
1647878751.0940073,2022-03-21T16:05:51.106591977Z
1647878751.114593,2022-03-21T16:05:51.12680107Z
1647878751.1351495,2022-03-21T16:05:51.147230539Z
1647878751.155748,2022-03-21T16:05:51.167547426Z
1647878751.1762912,2022-03-21T16:05:51.19047115Z
1647878751.1968968,2022-03-21T16:05:51.21147397Z
1647878751.2175364,2022-03-21T16:05:51.230836837Z
1647878751.2381206,2022-03-21T16:05:51.254128059Z
1647878751.2587051,2022-03-21T16:05:51.271519598Z
1647878751.2792962,2022-03-21T16:05:51.297187112Z
1647878751.2999623,2022-03-21T16:05:51.311436999Z
1647878751.3205588,2022-03-21T16:05:51.341098604Z
1647878751.3411438,2022-03-21T16:05:51.354759141Z
1647878751.3617582,2022-03-21T16:05:51.376291438Z
1647878751.3823686,2022-03-21T16:05:51.396399847Z
1647878751.402928,2022-03-21T16:05:51.415876759Z
1647878751.4235132,2022-03-21T16:05:51.439942558Z
1647878751.4440565,2022-03-21T16:05:51.454886044Z
1647878751.4646156,2022-03-21T16:05:51.476660947Z
1647878751.4852192,2022-03-21T16:05:51.496242264Z
1647878751.5058494,2022-03-21T16:05:51.518995591Z
1647878751.5264049,2022-03-21T16:05:51.537876239Z
1647878751.5470326,2022-03-21T16:05:51.562956855Z
1647878751.5677764,2022-03-21T16:05:51.589400141Z
1647878751.5883303,2022-03-21T16:05:51.612718497Z
1647878751.6089232,2022-03-21T16:05:51.629282366Z
1647878751.6295836,2022-03-21T16:05:51.647239692Z
1647878751.6501648,2022-03-21T16:05:51.671816953Z
1647878751.670767,2022-03-21T16:05:51.695207949Z
1647878751.6914003,2022-03-21T16:05:51.715856456Z
1647878751.712054,2022-03-21T16:05:51.733633858Z
1647878751.7326581,2022-03-21T16:05:51.751530141Z
1647878751.753264,2022-03-21T16:05:51.770630889Z
1647878751.7739027,2022-03-21T16:05:51.791210859Z
1647878751.7945392,2022-03-21T16:05:51.811253545Z
1647878751.815154,2022-03-21T16:05:51.833384456Z
1647878751.8357959,2022-03-21T16:05:51.852260661Z
1647878751.8563955,2022-03-21T16:05:51.874789666Z
1647878751.8770094,2022-03-21T16:05:51.895424743Z
1647878751.8975718,2022-03-21T16:05:51.915315611Z
1647878751.918138,2022-03-21T16:05:51.939395569Z
1647878751.9387085,2022-03-21T16:05:51.953549507Z
1647878751.9593194,2022-03-21T16:05:51.975515321Z
1647878751.9799666,2022-03-21T16:05:51.99934624Z
1647878752.0005724,2022-03-21T16:05:52.025568873Z
1647878752.0211265,2022-03-21T16:05:52.042773742Z
1647878752.0417714,2022-03-21T16:05:52.060168101Z
1647878752.0623708,2022-03-21T16:05:52.076649196Z
1647878752.082954,2022-03-21T16:05:52.096672642Z
1647878752.1035533,2022-03-21T16:05:52.119560617Z
1647878752.1241596,2022-03-21T16:05:52.139737519Z
1647878752.144713,2022-03-21T16:05:52.160088692Z
1647878752.1653202,2022-03-21T16:05:52.179759379Z
1647878752.1859295,2022-03-21T16:05:52.201492639Z
1647878752.2065496,2022-03-21T16:05:52.221758587Z
1647878752.2271419,2022-03-21T16:05:52.243450873Z
1647878752.2477286,2022-03-21T16:05:52.262905602Z
1647878752.2683372,2022-03-21T16:05:52.281912137Z
1647878752.2889585,2022-03-21T16:05:52.30173669Z
1647878752.3095875,2022-03-21T16:05:52.323974269Z
1647878752.3302228,2022-03-21T16:05:52.344113071Z
1647878752.350828,2022-03-21T16:05:52.36988559Z
1647878752.3714235,2022-03-21T16:05:52.389656625Z
1647878752.3920503,2022-03-21T16:05:52.407566204Z
1647878752.4126499,2022-03-21T16:05:52.429030102Z
1647878752.433239,2022-03-21T16:05:52.449705693Z
1647878752.4538562,2022-03-21T16:05:52.470210231Z
1647878752.4744434,2022-03-21T16:05:52.49210038Z
1647878752.4950662,2022-03-21T16:05:52.512132682Z
1647878752.5156713,2022-03-21T16:05:52.535051277Z
1647878752.5362477,2022-03-21T16:05:52.552178961Z
1647878752.5568597,2022-03-21T16:05:52.572488407Z
1647878752.5780454,2022-03-21T16:05:52.592943797Z
1647878752.5986001,2022-03-21T16:05:52.615059924Z
1647878752.6191869,2022-03-21T16:05:52.637237312Z
1647878752.6413407,2022-03-21T16:05:52.656840097Z
1647878752.6618683,2022-03-21T16:05:52.680614176Z
1647878752.6823642,2022-03-21T16:05:52.704079055Z
1647878752.702964,2022-03-21T16:05:52.734326459Z
1647878752.7235649,2022-03-21T16:05:52.741274992Z
1647878752.7441978,2022-03-21T16:05:52.758803877Z
1647878752.7648492,2022-03-21T16:05:52.780288184Z
1647878752.7855134,2022-03-21T16:05:52.801747515Z
1647878752.8061447,2022-03-21T16:05:52.822225971Z
1647878752.8268113,2022-03-21T16:05:52.843271517Z
1647878752.847438,2022-03-21T16:05:52.863578074Z
1647878752.8680913,2022-03-21T16:05:52.887817369Z
1647878752.88875,2022-03-21T16:05:52.906239167Z
1647878752.9094217,2022-03-21T16:05:52.92592592Z
1647878752.9300787,2022-03-21T16:05:52.945505889Z
1647878752.9506786,2022-03-21T16:05:52.968371834Z
1647878752.971248,2022-03-21T16:05:52.985068138Z
1647878752.9918709,2022-03-21T16:05:53.006857199Z
1647878753.0124557,2022-03-21T16:05:53.030301422Z
1647878753.0331197,2022-03-21T16:05:53.046510188Z
1647878753.0537589,2022-03-21T16:05:53.070119333Z
1647878753.0743823,2022-03-21T16:05:53.088761316Z
1647878753.0950382,2022-03-21T16:05:53.113934146Z
1647878753.1156557,2022-03-21T16:05:53.136072913Z
1647878753.1362507,2022-03-21T16:05:53.152175329Z
1647878753.1568182,2022-03-21T16:05:53.171600522Z
1647878753.1774151,2022-03-21T16:05:53.203050309Z
1647878753.197928,2022-03-21T16:05:53.217344784Z
1647878753.2185056,2022-03-21T16:05:53.232560409Z
1647878753.2390547,2022-03-21T16:05:53.253590002Z
1647878753.2596402,2022-03-21T16:05:53.277073525Z
1647878753.2802153,2022-03-21T16:05:53.2943703Z
1647878753.3008409,2022-03-21T16:05:53.314141885Z
1647878753.3214955,2022-03-21T16:05:53.33325465Z
1647878753.3420794,2022-03-21T16:05:53.355206Z
1647878753.362662,2022-03-21T16:05:53.374163123Z
1647878753.3832464,2022-03-21T16:05:53.395471277Z
1647878753.4038467,2022-03-21T16:05:53.423717877Z
1647878753.4249563,2022-03-21T16:05:53.441153705Z
1647878753.4455857,2022-03-21T16:05:53.455957788Z
1647878753.4661689,2022-03-21T16:05:53.478062582Z
1647878753.4867876,2022-03-21T16:05:53.496729254Z
1647878753.5073695,2022-03-21T16:05:53.517853548Z
1647878753.5279882,2022-03-21T16:05:53.543978524Z
1647878753.5485709,2022-03-21T16:05:53.563265732Z
1647878753.569152,2022-03-21T16:05:53.585420972Z
1647878753.5897574,2022-03-21T16:05:53.601829894Z
1647878753.6103406,2022-03-21T16:05:53.621658041Z
1647878753.6309557,2022-03-21T16:05:53.642410224Z
1647878753.6514287,2022-03-21T16:05:53.66401539Z
1647878753.672042,2022-03-21T16:05:53.689314912Z
1647878753.6926103,2022-03-21T16:05:53.709345358Z
1647878753.7131813,2022-03-21T16:05:53.722687571Z
1647878753.7337935,2022-03-21T16:05:53.745953371Z
1647878753.7543676,2022-03-21T16:05:53.766001747Z
1647878753.7749798,2022-03-21T16:05:53.788629081Z
1647878753.7955601,2022-03-21T16:05:53.811816491Z
1647878753.816142,2022-03-21T16:05:53.831208902Z
1647878753.8367548,2022-03-21T16:05:53.853001385Z
1647878753.8573954,2022-03-21T16:05:53.871169335Z
1647878753.877967,2022-03-21T16:05:53.897427966Z
1647878753.8985493,2022-03-21T16:05:53.912524377Z
1647878753.9191132,2022-03-21T16:05:53.931796286Z
1647878753.9397004,2022-03-21T16:05:53.951212205Z
1647878753.960282,2022-03-21T16:05:53.972036273Z
1647878753.9808562,2022-03-21T16:05:53.993888448Z
1647878754.0013885,2022-03-21T16:05:54.013687653Z
1647878754.0221202,2022-03-21T16:05:54.034409764Z
1647878754.042661,2022-03-21T16:05:54.056503638Z
1647878754.0632472,2022-03-21T16:05:54.078726507Z
1647878754.0837169,2022-03-21T16:05:54.097440234Z
1647878754.1042907,2022-03-21T16:05:54.119650015Z
1647878754.1248064,2022-03-21T16:05:54.140686706Z
1647878754.145385,2022-03-21T16:05:54.16007664Z
1647878754.1659262,2022-03-21T16:05:54.180006489Z
1647878754.1865232,2022-03-21T16:05:54.20175986Z
1647878754.207098,2022-03-21T16:05:54.22108404Z
1647878754.2276983,2022-03-21T16:05:54.248800399Z
1647878754.248252,2022-03-21T16:05:54.262233057Z
1647878754.2688258,2022-03-21T16:05:54.281518731Z
1647878754.2894084,2022-03-21T16:05:54.302258265Z
1647878754.310032,2022-03-21T16:05:54.322740777Z
1647878754.3307745,2022-03-21T16:05:54.341589251Z
1647878754.3511791,2022-03-21T16:05:54.365035583Z
1647878754.371774,2022-03-21T16:05:54.384270055Z
1647878754.392615,2022-03-21T16:05:54.404008677Z
1647878754.4131854,2022-03-21T16:05:54.427962849Z
1647878754.4336703,2022-03-21T16:05:54.453025473Z
1647878754.4542453,2022-03-21T16:05:54.470811018Z
1647878754.474809,2022-03-21T16:05:54.489087042Z
1647878754.4953942,2022-03-21T16:05:54.508249888Z
1647878754.5160189,2022-03-21T16:05:54.52880546Z
1647878754.5366113,2022-03-21T16:05:54.549126607Z
1647878754.5571706,2022-03-21T16:05:54.569901205Z
1647878754.5777504,2022-03-21T16:05:54.592326418Z
1647878754.5983398,2022-03-21T16:05:54.613215035Z
1647878754.6189651,2022-03-21T16:05:54.632921377Z
1647878754.6395695,2022-03-21T16:05:54.651885042Z
1647878754.6601322,2022-03-21T16:05:54.678159937Z
1647878754.6807182,2022-03-21T16:05:54.697027914Z
1647878754.7013152,2022-03-21T16:05:54.724125153Z
1647878754.7218459,2022-03-21T16:05:54.737009942Z
1647878754.7424276,2022-03-21T16:05:54.754036017Z
1647878754.7630188,2022-03-21T16:05:54.77365318Z
1647878754.7835567,2022-03-21T16:05:54.819715415Z
1647878754.8041425,2022-03-21T16:05:54.827754969Z
1647878754.82477,2022-03-21T16:05:54.838453899Z
1647878754.8453152,2022-03-21T16:05:54.857061483Z
1647878754.8658814,2022-03-21T16:05:54.878645034Z
1647878754.886492,2022-03-21T16:05:54.896398381Z
1647878754.9070494,2022-03-21T16:05:54.917719162Z
1647878754.9276047,2022-03-21T16:05:54.939922247Z
1647878754.9481838,2022-03-21T16:05:54.964050379Z
1647878754.9687812,2022-03-21T16:05:54.983370248Z
1647878754.9894166,2022-03-21T16:05:55.003069319Z
1647878755.010037,2022-03-21T16:05:55.026046551Z
1647878755.0306215,2022-03-21T16:05:55.046208277Z
1647878755.051199,2022-03-21T16:05:55.065835998Z
1647878755.0718064,2022-03-21T16:05:55.088564809Z
1647878755.0923839,2022-03-21T16:05:55.107452256Z
1647878755.1130004,2022-03-21T16:05:55.128811923Z
1647878755.1335979,2022-03-21T16:05:55.148295713Z
1647878755.1540816,2022-03-21T16:05:55.167889606Z
1647878755.1746597,2022-03-21T16:05:55.187128329Z
1647878755.1952317,2022-03-21T16:05:55.208755404Z
1647878755.2158086,2022-03-21T16:05:55.229766516Z
1647878755.2364912,2022-03-21T16:05:55.246842044Z
1647878755.2571204,2022-03-21T16:05:55.269469381Z
1647878755.2777057,2022-03-21T16:05:55.290248493Z
1647878755.2982519,2022-03-21T16:05:55.315169088Z
1647878755.3188663,2022-03-21T16:05:55.330430568Z
1647878755.3394501,2022-03-21T16:05:55.354605311Z
1647878755.3600519,2022-03-21T16:05:55.373247257Z
1647878755.3806448,2022-03-21T16:05:55.399100871Z
1647878755.4011612,2022-03-21T16:05:55.412498255Z
1647878755.4217024,2022-03-21T16:05:55.436018009Z
1647878755.4422772,2022-03-21T16:05:55.456383789Z
1647878755.462874,2022-03-21T16:05:55.478449986Z
1647878755.4834871,2022-03-21T16:05:55.494885223Z
1647878755.5040777,2022-03-21T16:05:55.515308424Z
1647878755.5246723,2022-03-21T16:05:55.537709899Z
1647878755.545186,2022-03-21T16:05:55.555745897Z
1647878755.5658212,2022-03-21T16:05:55.58041553Z
1647878755.5863974,2022-03-21T16:05:55.600306054Z
1647878755.6069758,2022-03-21T16:05:55.620887626Z
1647878755.6275697,2022-03-21T16:05:55.646129246Z
1647878755.648049,2022-03-21T16:05:55.660594571Z
1647878755.6686268,2022-03-21T16:05:55.680257096Z
1647878755.689226,2022-03-21T16:05:55.702862843Z
1647878755.7097867,2022-03-21T16:05:55.723352163Z
1647878755.7302327,2022-03-21T16:05:55.743647011Z
1647878755.7508,2022-03-21T16:05:55.763810272Z
1647878755.771398,2022-03-21T16:05:55.783572301Z
1647878755.791975,2022-03-21T16:05:55.805227528Z
1647878755.8125677,2022-03-21T16:05:55.828222389Z
1647878755.8331175,2022-03-21T16:05:55.843820375Z
1647878755.8536813,2022-03-21T16:05:55.870427026Z
1647878755.8742647,2022-03-21T16:05:55.88693191Z
1647878755.8948586,2022-03-21T16:05:55.906404471Z
1647878755.9154375,2022-03-21T16:05:55.927873763Z
1647878755.936018,2022-03-21T16:05:55.947592294Z
1647878755.956572,2022-03-21T16:05:55.972385052Z
1647878755.977154,2022-03-21T16:05:55.98784366Z
1647878755.9977503,2022-03-21T16:05:56.010627382Z
1647878756.0183313,2022-03-21T16:05:56.032850032Z
1647878756.0389922,2022-03-21T16:05:56.051818783Z
1647878756.059579,2022-03-21T16:05:56.070788224Z
1647878756.0801687,2022-03-21T16:05:56.094368586Z
1647878756.1007743,2022-03-21T16:05:56.112254437Z
1647878756.1213913,2022-03-21T16:05:56.135730481Z
1647878756.1420002,2022-03-21T16:05:56.156159338Z
1647878756.162562,2022-03-21T16:05:56.17693593Z
1647878756.1831527,2022-03-21T16:05:56.198528026Z
1647878756.203774,2022-03-21T16:05:56.218805917Z
1647878756.2243588,2022-03-21T16:05:56.248281449Z
1647878756.2449403,2022-03-21T16:05:56.263623169Z
1647878756.2655501,2022-03-21T16:05:56.279579069Z
1647878756.2861376,2022-03-21T16:05:56.29958694Z
1647878756.3066676,2022-03-21T16:05:56.322137716Z
1647878756.3272328,2022-03-21T16:05:56.34295635Z
1647878756.3478067,2022-03-21T16:05:56.368758897Z
1647878756.3683953,2022-03-21T16:05:56.384711296Z
1647878756.3890462,2022-03-21T16:05:56.403494353Z
1647878756.4096694,2022-03-21T16:05:56.424290839Z
1647878756.430277,2022-03-21T16:05:56.445071031Z
1647878756.4508934,2022-03-21T16:05:56.468287232Z
1647878756.4716258,2022-03-21T16:05:56.495654142Z
1647878756.4922118,2022-03-21T16:05:56.512170224Z
1647878756.5128453,2022-03-21T16:05:56.531296985Z
1647878756.5335271,2022-03-21T16:05:56.54922501Z
1647878756.5541193,2022-03-21T16:05:56.569745468Z
1647878756.5747156,2022-03-21T16:05:56.590145876Z
1647878756.5953052,2022-03-21T16:05:56.609232644Z
1647878756.6159306,2022-03-21T16:05:56.632150679Z
1647878756.6365476,2022-03-21T16:05:56.65335502Z
1647878756.6570234,2022-03-21T16:05:56.681578255Z
1647878756.677597,2022-03-21T16:05:56.694914612Z
1647878756.6981606,2022-03-21T16:05:56.711587589Z
1647878756.7187908,2022-03-21T16:05:56.73126256Z
1647878756.739393,2022-03-21T16:05:56.770258975Z
1647878756.7599707,2022-03-21T16:05:56.781106519Z
1647878756.7805738,2022-03-21T16:05:56.796863025Z
1647878756.8012142,2022-03-21T16:05:56.818134354Z
1647878756.8218465,2022-03-21T16:05:56.837702512Z
1647878756.8424914,2022-03-21T16:05:56.857928182Z
1647878756.8630755,2022-03-21T16:05:56.88875356Z
1647878756.8836696,2022-03-21T16:05:56.903104148Z
1647878756.904332,2022-03-21T16:05:56.922681436Z
1647878756.925038,2022-03-21T16:05:56.945318898Z
1647878756.9457111,2022-03-21T16:05:56.961166933Z
1647878756.9663732,2022-03-21T16:05:56.984303287Z
1647878756.9870589,2022-03-21T16:05:57.00824458Z
1647878757.0077693,2022-03-21T16:05:57.026879544Z
1647878757.0284145,2022-03-21T16:05:57.047849898Z
1647878757.049132,2022-03-21T16:05:57.067176069Z
1647878757.0698068,2022-03-21T16:05:57.086349688Z
1647878757.0904422,2022-03-21T16:05:57.111270044Z
1647878757.1111238,2022-03-21T16:05:57.138385225Z
1647878757.1318204,2022-03-21T16:05:57.152452489Z
1647878757.1525004,2022-03-21T16:05:57.171623859Z
1647878757.1731446,2022-03-21T16:05:57.19729207Z
1647878757.1937852,2022-03-21T16:05:57.218593399Z
1647878757.2144115,2022-03-21T16:05:57.233792529Z
1647878757.2350585,2022-03-21T16:05:57.255786146Z
1647878757.2556877,2022-03-21T16:05:57.283425391Z
1647878757.2762494,2022-03-21T16:05:57.298150762Z
1647878757.2969248,2022-03-21T16:05:57.314793201Z
1647878757.3176396,2022-03-21T16:05:57.339411003Z
1647878757.3382835,2022-03-21T16:05:57.357669617Z
1647878757.3589349,2022-03-21T16:05:57.385384673Z
1647878757.3795571,2022-03-21T16:05:57.404016386Z
1647878757.40016,2022-03-21T16:05:57.42448038Z
