1647876611.3337119,2022-03-21T15:30:11.735159778Z
1647876611.3442502,2022-03-21T15:30:11.862908575Z
1647876611.3602004,2022-03-21T15:30:11.865914937Z
1647876611.3709698,2022-03-21T15:30:11.878081322Z
1647876611.365567,2022-03-21T15:30:11.879676298Z
1647876611.3389406,2022-03-21T15:30:11.88480999Z
1647876611.3763974,2022-03-21T15:30:11.887993127Z
1647876611.354891,2022-03-21T15:30:11.896425517Z
1647876611.4150739,2022-03-21T15:30:11.972203108Z
1647876611.4928966,2022-03-21T15:30:11.9773393Z
1647876611.4595294,2022-03-21T15:30:11.98219535Z
1647876611.4040349,2022-03-21T15:30:11.985009155Z
1647876611.4428296,2022-03-21T15:30:11.987822214Z
1647876611.4873145,2022-03-21T15:30:11.992522728Z
1647876611.4261384,2022-03-21T15:30:11.995412923Z
1647876611.4095557,2022-03-21T15:30:11.997482628Z
1647876611.381933,2022-03-21T15:30:12.000451139Z
1647876611.3929715,2022-03-21T15:30:12.003096825Z
1647876611.4651146,2022-03-21T15:30:12.005795862Z
1647876611.3875024,2022-03-21T15:30:12.007984239Z
1647876611.3495252,2022-03-21T15:30:12.013449895Z
1647876611.3985698,2022-03-21T15:30:12.014408813Z
1647876611.4985185,2022-03-21T15:30:12.017070417Z
1647876611.4706776,2022-03-21T15:30:12.018773927Z
1647876611.4317281,2022-03-21T15:30:12.021950507Z
1647876611.453991,2022-03-21T15:30:12.025739777Z
1647876611.4483857,2022-03-21T15:30:12.030076275Z
1647876611.481764,2022-03-21T15:30:12.154478603Z
1647876611.5877972,2022-03-21T15:30:12.163503082Z
1647876611.5595622,2022-03-21T15:30:12.166282614Z
1647876611.4372482,2022-03-21T15:30:12.168097269Z
1647876611.531724,2022-03-21T15:30:12.171085831Z
1647876611.5040424,2022-03-21T15:30:12.175525011Z
1647876611.4205713,2022-03-21T15:30:12.179519777Z
1647876611.4762225,2022-03-21T15:30:12.183818203Z
1647876611.6601298,2022-03-21T15:30:12.319056962Z
1647876611.5540056,2022-03-21T15:30:12.32000939Z
1647876611.5651257,2022-03-21T15:30:12.325001381Z
1647876611.5706472,2022-03-21T15:30:12.329171424Z
1647876611.5261345,2022-03-21T15:30:12.330603886Z
1647876611.5817587,2022-03-21T15:30:12.332755211Z
1647876611.598895,2022-03-21T15:30:12.335635412Z
1647876611.515066,2022-03-21T15:30:12.337353355Z
1647876611.5933192,2022-03-21T15:30:12.340030588Z
1647876611.5428731,2022-03-21T15:30:12.342633749Z
1647876611.5762212,2022-03-21T15:30:12.345534873Z
1647876611.5484347,2022-03-21T15:30:12.347287586Z
1647876611.5206134,2022-03-21T15:30:12.350317346Z
1647876611.5372884,2022-03-21T15:30:12.353369637Z
1647876611.6322093,2022-03-21T15:30:12.354496085Z
1647876611.5095503,2022-03-21T15:30:12.357852695Z
1647876611.6879647,2022-03-21T15:30:12.521701361Z
1647876611.6099873,2022-03-21T15:30:12.523719939Z
1647876611.6823852,2022-03-21T15:30:12.526394271Z
1647876611.749072,2022-03-21T15:30:12.528426916Z
1647876611.637792,2022-03-21T15:30:12.529981138Z
1647876611.626665,2022-03-21T15:30:12.531881723Z
1647876611.6712346,2022-03-21T15:30:12.533399702Z
1647876611.6545467,2022-03-21T15:30:12.534674644Z
1647876611.7213047,2022-03-21T15:30:12.536956939Z
1647876611.6489453,2022-03-21T15:30:12.538386801Z
1647876611.621068,2022-03-21T15:30:12.540438502Z
1647876611.665664,2022-03-21T15:30:12.542335273Z
1647876611.6768003,2022-03-21T15:30:12.544683697Z
1647876611.604443,2022-03-21T15:30:12.553518444Z
1647876611.6433477,2022-03-21T15:30:12.554512349Z
1647876611.6155474,2022-03-21T15:30:12.560996249Z
1647876611.7323904,2022-03-21T15:30:12.717155343Z
1647876611.699097,2022-03-21T15:30:12.719114375Z
1647876611.7546246,2022-03-21T15:30:12.725170849Z
1647876611.73793,2022-03-21T15:30:12.728203668Z
1647876611.7831738,2022-03-21T15:30:12.740282118Z
1647876611.71019,2022-03-21T15:30:12.746010963Z
1647876611.765766,2022-03-21T15:30:12.748106544Z
1647876611.8994496,2022-03-21T15:30:12.752172929Z
1647876611.7046392,2022-03-21T15:30:12.757602307Z
1647876611.794355,2022-03-21T15:30:12.76043902Z
1647876611.7157779,2022-03-21T15:30:12.764274509Z
1647876611.7887616,2022-03-21T15:30:12.771443491Z
1647876611.7268434,2022-03-21T15:30:12.773403381Z
1647876611.8717818,2022-03-21T15:30:12.776858905Z
1647876611.816566,2022-03-21T15:30:12.781096681Z
1647876611.7601836,2022-03-21T15:30:12.784102499Z
1647876611.776873,2022-03-21T15:30:12.79127684Z
1647876611.7434995,2022-03-21T15:30:12.797901574Z
1647876611.6935444,2022-03-21T15:30:12.801191122Z
1647876611.7713196,2022-03-21T15:30:12.810200398Z
1647876611.8442225,2022-03-21T15:30:12.812116974Z
1647876611.849673,2022-03-21T15:30:12.920335029Z
1647876611.8662498,2022-03-21T15:30:12.922646992Z
1647876611.8828738,2022-03-21T15:30:12.925787217Z
1647876611.833171,2022-03-21T15:30:12.928564517Z
1647876611.860736,2022-03-21T15:30:12.930566246Z
1647876611.9487288,2022-03-21T15:30:12.933661216Z
1647876611.8220422,2022-03-21T15:30:12.936616521Z
1647876611.9763308,2022-03-21T15:30:12.937930347Z
1647876611.905039,2022-03-21T15:30:12.939877358Z
1647876611.877301,2022-03-21T15:30:12.941166859Z
1647876611.921446,2022-03-21T15:30:12.945802001Z
1647876611.8110218,2022-03-21T15:30:12.946534508Z
1647876611.8054833,2022-03-21T15:30:12.948670277Z
1647876611.9105294,2022-03-21T15:30:12.951366124Z
1647876611.8939197,2022-03-21T15:30:12.953199401Z
1647876611.799916,2022-03-21T15:30:12.956376215Z
1647876611.8883812,2022-03-21T15:30:12.957667628Z
1647876612.0042636,2022-03-21T15:30:12.960745506Z
1647876612.031992,2022-03-21T15:30:12.967074492Z
1647876611.916027,2022-03-21T15:30:12.967364986Z
1647876611.8275628,2022-03-21T15:30:12.972305348Z
1647876611.838702,2022-03-21T15:30:12.976042887Z
1647876611.8551872,2022-03-21T15:30:12.979043934Z
1647876611.932339,2022-03-21T15:30:13.159524821Z
1647876611.9377344,2022-03-21T15:30:13.172124655Z
1647876612.020923,2022-03-21T15:30:13.174488072Z
1647876612.2046685,2022-03-21T15:30:13.174669121Z
1647876612.054695,2022-03-21T15:30:13.175165417Z
1647876612.14916,2022-03-21T15:30:13.177367096Z
1647876612.0490763,2022-03-21T15:30:13.179573772Z
1647876612.1768453,2022-03-21T15:30:13.17975264Z
1647876611.987403,2022-03-21T15:30:13.181599241Z
1647876612.026499,2022-03-21T15:30:13.182207669Z
1647876612.1213622,2022-03-21T15:30:13.183561742Z
1647876611.9597683,2022-03-21T15:30:13.186322754Z
1647876611.9541905,2022-03-21T15:30:13.18892867Z
1647876612.0153587,2022-03-21T15:30:13.189928885Z
1647876612.0935636,2022-03-21T15:30:13.191431843Z
1647876612.037569,2022-03-21T15:30:13.193385802Z
1647876611.9268932,2022-03-21T15:30:13.193499832Z
1647876612.009838,2022-03-21T15:30:13.194704347Z
1647876612.232439,2022-03-21T15:30:13.196780254Z
1647876611.9819112,2022-03-21T15:30:13.200484976Z
1647876611.9432049,2022-03-21T15:30:13.20321258Z
1647876611.998572,2022-03-21T15:30:13.205571481Z
1647876612.0435617,2022-03-21T15:30:13.20708162Z
1647876611.9929826,2022-03-21T15:30:13.209003107Z
1647876611.9707732,2022-03-21T15:30:13.210106328Z
1647876611.9652913,2022-03-21T15:30:13.211568112Z
1647876612.2213547,2022-03-21T15:30:13.468376618Z
1647876612.3211882,2022-03-21T15:30:13.470300179Z
1647876612.2379942,2022-03-21T15:30:13.474656606Z
1647876612.265633,2022-03-21T15:30:13.480680614Z
1647876612.0991158,2022-03-21T15:30:13.48593864Z
1647876612.4321592,2022-03-21T15:30:13.487705801Z
1647876612.3489037,2022-03-21T15:30:13.495987802Z
1647876612.2102237,2022-03-21T15:30:13.496866754Z
1647876612.071261,2022-03-21T15:30:13.50094859Z
1647876612.0880053,2022-03-21T15:30:13.50164288Z
1647876612.4043627,2022-03-21T15:30:13.503020859Z
1647876612.1991143,2022-03-21T15:30:13.506915944Z
1647876612.0657558,2022-03-21T15:30:13.511384177Z
1647876612.1380658,2022-03-21T15:30:13.516221541Z
1647876612.1879816,2022-03-21T15:30:13.519588069Z
1647876612.1325445,2022-03-21T15:30:13.529188582Z
1647876612.1046655,2022-03-21T15:30:13.530247798Z
1647876612.1546938,2022-03-21T15:30:13.535180367Z
1647876612.076835,2022-03-21T15:30:13.537972505Z
1647876612.0602055,2022-03-21T15:30:13.542396659Z
1647876612.1823933,2022-03-21T15:30:13.543917171Z
1647876612.1436176,2022-03-21T15:30:13.55304904Z
1647876612.1935594,2022-03-21T15:30:13.554225772Z
1647876612.0824208,2022-03-21T15:30:13.555023446Z
1647876612.1602159,2022-03-21T15:30:13.555365492Z
1647876612.115801,2022-03-21T15:30:13.560313816Z
1647876612.2269282,2022-03-21T15:30:13.561276101Z
1647876612.2935412,2022-03-21T15:30:13.565482674Z
1647876612.171275,2022-03-21T15:30:13.568136507Z
1647876612.2158008,2022-03-21T15:30:13.571144668Z
1647876612.3767025,2022-03-21T15:30:13.575429841Z
1647876612.1269517,2022-03-21T15:30:13.580621563Z
1647876612.1657367,2022-03-21T15:30:13.583306359Z
1647876612.110222,2022-03-21T15:30:13.585334062Z
1647876612.3656306,2022-03-21T15:30:13.814013058Z
1647876612.33221,2022-03-21T15:30:13.822741098Z
1647876612.437739,2022-03-21T15:30:13.828796808Z
1647876612.543155,2022-03-21T15:30:13.83591373Z
1647876612.254564,2022-03-21T15:30:13.839769161Z
1647876612.2600775,2022-03-21T15:30:13.847517847Z
1647876612.304556,2022-03-21T15:30:13.851918003Z
1647876612.3545086,2022-03-21T15:30:13.85431355Z
1647876612.3433216,2022-03-21T15:30:13.858049299Z
1647876612.276744,2022-03-21T15:30:13.861323736Z
1647876612.2435076,2022-03-21T15:30:13.866587504Z
1647876612.2490082,2022-03-21T15:30:13.873294844Z
1647876612.4210377,2022-03-21T15:30:13.877561997Z
1647876612.360065,2022-03-21T15:30:13.884623289Z
1647876612.3156383,2022-03-21T15:30:13.887456269Z
1647876612.3822055,2022-03-21T15:30:13.890970968Z
1647876612.4876275,2022-03-21T15:30:13.893583434Z
1647876612.3377666,2022-03-21T15:30:13.896278545Z
1647876612.460023,2022-03-21T15:30:13.898494Z
1647876612.2879317,2022-03-21T15:30:13.904199968Z
1647876612.3988204,2022-03-21T15:30:13.906694826Z
1647876612.448871,2022-03-21T15:30:13.911969385Z
1647876612.5709352,2022-03-21T15:30:13.915980351Z
1647876612.4099588,2022-03-21T15:30:13.91817601Z
1647876612.443295,2022-03-21T15:30:13.920642029Z
1647876612.3267338,2022-03-21T15:30:13.925084671Z
1647876612.5153525,2022-03-21T15:30:13.928362653Z
1647876612.426603,2022-03-21T15:30:13.931471502Z
1647876612.2823415,2022-03-21T15:30:13.934401926Z
1647876612.3711812,2022-03-21T15:30:13.937079256Z
1647876612.2711663,2022-03-21T15:30:13.944813497Z
1647876612.4154966,2022-03-21T15:30:13.947126093Z
1647876612.4544787,2022-03-21T15:30:13.95058638Z
1647876612.3877594,2022-03-21T15:30:13.953919453Z
1647876612.3100972,2022-03-21T15:30:13.956183397Z
1647876612.3932843,2022-03-21T15:30:13.959522548Z
1647876612.5986874,2022-03-21T15:30:13.962448332Z
1647876612.299045,2022-03-21T15:30:13.965830239Z
1647876612.6324048,2022-03-21T15:30:13.968772404Z
1647876612.5876215,2022-03-21T15:30:14.089411474Z
1647876612.5320716,2022-03-21T15:30:14.104791414Z
1647876612.5487273,2022-03-21T15:30:14.10639677Z
1647876612.5375938,2022-03-21T15:30:14.110019267Z
1647876612.509829,2022-03-21T15:30:14.110951809Z
1647876612.6379628,2022-03-21T15:30:14.111569435Z
1647876612.4820983,2022-03-21T15:30:14.112044236Z
1647876612.582057,2022-03-21T15:30:14.113381874Z
1647876612.465533,2022-03-21T15:30:14.115827078Z
1647876612.698729,2022-03-21T15:30:14.118225138Z
1647876612.5208926,2022-03-21T15:30:14.122629582Z
1647876612.5598671,2022-03-21T15:30:14.129390536Z
1647876612.4710236,2022-03-21T15:30:14.132036298Z
1647876612.6711736,2022-03-21T15:30:14.135439996Z
1647876612.4765768,2022-03-21T15:30:14.13938313Z
1647876612.7543688,2022-03-21T15:30:14.150131842Z
1647876612.5931432,2022-03-21T15:30:14.153604316Z
1647876612.5653946,2022-03-21T15:30:14.157088649Z
1647876612.5042534,2022-03-21T15:30:14.159333588Z
1647876612.4987326,2022-03-21T15:30:14.164956763Z
1647876612.6103642,2022-03-21T15:30:14.167618483Z
1647876612.8099287,2022-03-21T15:30:14.170832348Z
1647876612.5265093,2022-03-21T15:30:14.176229559Z
1647876612.6158874,2022-03-21T15:30:14.179390969Z
1647876612.7821548,2022-03-21T15:30:14.182565484Z
1647876612.6213524,2022-03-21T15:30:14.186422067Z
1647876612.4931214,2022-03-21T15:30:14.189259408Z
1647876612.5765102,2022-03-21T15:30:14.189992286Z
1647876612.554281,2022-03-21T15:30:14.192123644Z
1647876612.726565,2022-03-21T15:30:14.193498137Z
1647876612.6268604,2022-03-21T15:30:14.195426429Z
1647876612.6435022,2022-03-21T15:30:14.196962029Z
1647876612.7710583,2022-03-21T15:30:14.391478474Z
1647876612.6821632,2022-03-21T15:30:14.392298779Z
1647876612.7487986,2022-03-21T15:30:14.396740761Z
1647876613.053858,2022-03-21T15:30:14.400796618Z
1647876612.8266594,2022-03-21T15:30:14.402269683Z
1647876612.7321167,2022-03-21T15:30:14.405701416Z
1647876612.8322144,2022-03-21T15:30:14.408676322Z
1647876612.7932892,2022-03-21T15:30:14.413875834Z
1647876612.7877324,2022-03-21T15:30:14.416823978Z
1647876612.7988417,2022-03-21T15:30:14.422067386Z
1647876612.9984875,2022-03-21T15:30:14.423906769Z
1647876612.8377979,2022-03-21T15:30:14.428245828Z
1647876612.6766942,2022-03-21T15:30:14.430276291Z
1647876612.648996,2022-03-21T15:30:14.436254721Z
1647876612.8877704,2022-03-21T15:30:14.437983452Z
1647876612.7209947,2022-03-21T15:30:14.440400323Z
1647876612.8210757,2022-03-21T15:30:14.443065464Z
1647876612.7655084,2022-03-21T15:30:14.44633651Z
1647876612.7766325,2022-03-21T15:30:14.46173797Z
1647876612.943214,2022-03-21T15:30:14.46411891Z
1647876612.7098517,2022-03-21T15:30:14.466630354Z
1647876612.8155184,2022-03-21T15:30:14.479197324Z
1647876613.0262074,2022-03-21T15:30:14.47952589Z
1647876612.7599468,2022-03-21T15:30:14.48093195Z
1647876612.665568,2022-03-21T15:30:14.482972072Z
1647876612.6600232,2022-03-21T15:30:14.484306177Z
1647876612.7154062,2022-03-21T15:30:14.484691968Z
1647876612.6876583,2022-03-21T15:30:14.485321854Z
1647876612.6931627,2022-03-21T15:30:14.487868555Z
1647876612.7042787,2022-03-21T15:30:14.49052255Z
1647876612.9706945,2022-03-21T15:30:14.494211592Z
1647876612.7432168,2022-03-21T15:30:14.497736735Z
1647876612.6545572,2022-03-21T15:30:14.503187728Z
1647876612.9155538,2022-03-21T15:30:14.510497658Z
1647876612.7376976,2022-03-21T15:30:14.513430296Z
1647876612.804388,2022-03-21T15:30:14.516238312Z
1647876612.8433182,2022-03-21T15:30:14.685024525Z
1647876612.9321156,2022-03-21T15:30:14.694515936Z
1647876612.8655703,2022-03-21T15:30:14.697416654Z
1647876612.8488758,2022-03-21T15:30:14.699790907Z
1647876612.882198,2022-03-21T15:30:14.709692962Z
1647876613.2009065,2022-03-21T15:30:14.70973569Z
1647876612.9652035,2022-03-21T15:30:14.710307079Z
1647876612.9099739,2022-03-21T15:30:14.71500558Z
1647876612.9210744,2022-03-21T15:30:14.784682529Z
1647876613.146919,2022-03-21T15:30:14.785499453Z
1647876612.9928758,2022-03-21T15:30:14.785737115Z
1647876613.2277007,2022-03-21T15:30:14.787483254Z
1647876612.8710902,2022-03-21T15:30:14.7878912Z
1647876613.0317752,2022-03-21T15:30:14.788644808Z
1647876612.876649,2022-03-21T15:30:14.78941547Z
1647876612.9817605,2022-03-21T15:30:14.791919813Z
1647876612.8933256,2022-03-21T15:30:14.793106553Z
1647876613.004042,2022-03-21T15:30:14.794249385Z
1647876612.937658,2022-03-21T15:30:14.794614659Z
1647876612.9873013,2022-03-21T15:30:14.795789947Z
1647876612.898894,2022-03-21T15:30:14.796519679Z
1647876613.3355196,2022-03-21T15:30:14.798440069Z
1647876613.3080568,2022-03-21T15:30:14.799310878Z
1647876612.9597309,2022-03-21T15:30:14.799596651Z
1647876613.0428033,2022-03-21T15:30:14.800221755Z
1647876613.2812846,2022-03-21T15:30:14.801925545Z
1647876613.0095944,2022-03-21T15:30:14.80275216Z
1647876612.9043791,2022-03-21T15:30:14.804852062Z
1647876613.0372727,2022-03-21T15:30:14.805576596Z
1647876612.9541593,2022-03-21T15:30:14.806014179Z
1647876612.860015,2022-03-21T15:30:14.806417498Z
1647876613.174005,2022-03-21T15:30:14.806756845Z
1647876613.0206568,2022-03-21T15:30:14.807025185Z
1647876612.9486856,2022-03-21T15:30:14.807818439Z
1647876613.1196117,2022-03-21T15:30:14.808456709Z
1647876613.0758288,2022-03-21T15:30:14.808896633Z
1647876612.854445,2022-03-21T15:30:14.809157916Z
1647876612.9266264,2022-03-21T15:30:14.809530359Z
1647876613.0593545,2022-03-21T15:30:14.809847088Z
1647876613.015136,2022-03-21T15:30:14.811831376Z
1647876613.0483615,2022-03-21T15:30:14.812491395Z
1647876613.0648315,2022-03-21T15:30:14.815025414Z
1647876613.2545354,2022-03-21T15:30:14.815862608Z
1647876612.976219,2022-03-21T15:30:14.817794039Z
1647876613.0702865,2022-03-21T15:30:14.820337471Z
1647876613.6033485,2022-03-21T15:30:15.012053715Z
1647876613.2866352,2022-03-21T15:30:15.014140171Z
1647876613.1305368,2022-03-21T15:30:15.01748108Z
1647876613.6299362,2022-03-21T15:30:15.018826901Z
1647876613.259881,2022-03-21T15:30:15.021423199Z
1647876613.163201,2022-03-21T15:30:15.025626516Z
1647876613.0867612,2022-03-21T15:30:15.027363908Z
1647876613.0922651,2022-03-21T15:30:15.029998365Z
1647876613.1032403,2022-03-21T15:30:15.03323017Z
1647876613.2438242,2022-03-21T15:30:15.034275889Z
1647876613.5499692,2022-03-21T15:30:15.037416492Z
1647876613.1848001,2022-03-21T15:30:15.038039076Z
1647876613.190182,2022-03-21T15:30:15.041355964Z
1647876613.1141732,2022-03-21T15:30:15.046057637Z
1647876613.0812569,2022-03-21T15:30:15.046839016Z
1647876613.1414745,2022-03-21T15:30:15.047530586Z
1647876613.3245091,2022-03-21T15:30:15.050102167Z
1647876613.2973406,2022-03-21T15:30:15.052201438Z
1647876613.1794026,2022-03-21T15:30:15.054327294Z
1647876613.2116785,2022-03-21T15:30:15.056698542Z
1647876613.1686053,2022-03-21T15:30:15.060310701Z
1647876613.5766916,2022-03-21T15:30:15.061508125Z
1647876613.1087198,2022-03-21T15:30:15.063965187Z
1647876613.2330723,2022-03-21T15:30:15.065695335Z
1647876613.2384748,2022-03-21T15:30:15.069495301Z
1647876613.4131787,2022-03-21T15:30:15.071082119Z
1647876613.1359878,2022-03-21T15:30:15.074595132Z
1647876613.3852713,2022-03-21T15:30:15.078684836Z
1647876613.206298,2022-03-21T15:30:15.08230219Z
1647876613.2224026,2022-03-21T15:30:15.088654587Z
1647876613.4687302,2022-03-21T15:30:15.089023554Z
1647876613.3133945,2022-03-21T15:30:15.089160601Z
1647876613.3465495,2022-03-21T15:30:15.089331489Z
1647876613.0977771,2022-03-21T15:30:15.096214207Z
1647876613.152347,2022-03-21T15:30:15.110069562Z
1647876613.3188148,2022-03-21T15:30:15.119799358Z
1647876613.2491705,2022-03-21T15:30:15.128650623Z
1647876613.1955547,2022-03-21T15:30:15.134527158Z
1647876613.4959388,2022-03-21T15:30:15.136465308Z
1647876613.125066,2022-03-21T15:30:15.141090334Z
1647876613.6564438,2022-03-21T15:30:15.145731743Z
1647876613.522992,2022-03-21T15:30:15.153838445Z
1647876613.2919958,2022-03-21T15:30:15.156692198Z
1647876613.3300288,2022-03-21T15:30:15.167151439Z
1647876613.2170281,2022-03-21T15:30:15.170394191Z
1647876613.3027117,2022-03-21T15:30:15.173003463Z
1647876613.3409705,2022-03-21T15:30:15.177139761Z
1647876613.265237,2022-03-21T15:30:15.179961193Z
1647876613.2705808,2022-03-21T15:30:15.183854041Z
1647876613.2759287,2022-03-21T15:30:15.186384639Z
1647876613.441074,2022-03-21T15:30:15.189728183Z
1647876613.1577914,2022-03-21T15:30:15.192998614Z
1647876613.592678,2022-03-21T15:30:15.305680901Z
1647876613.501365,2022-03-21T15:30:15.318554627Z
1647876613.35209,2022-03-21T15:30:15.321019342Z
1647876613.368662,2022-03-21T15:30:15.324173193Z
1647876613.5122254,2022-03-21T15:30:15.326679388Z
1647876613.3630831,2022-03-21T15:30:15.331074468Z
1647876613.3908684,2022-03-21T15:30:15.334452955Z
1647876613.778395,2022-03-21T15:30:15.341627787Z
1647876613.4794366,2022-03-21T15:30:15.342404914Z
1647876613.6670058,2022-03-21T15:30:15.342631266Z
1647876613.6881855,2022-03-21T15:30:15.344487868Z
1647876613.9370909,2022-03-21T15:30:15.346731537Z
1647876613.7519755,2022-03-21T15:30:15.352615759Z
1647876613.5980144,2022-03-21T15:30:15.353276855Z
1647876613.5445974,2022-03-21T15:30:15.360541983Z
1647876613.4298973,2022-03-21T15:30:15.362895317Z
1647876613.435496,2022-03-21T15:30:15.366059731Z
1647876613.418758,2022-03-21T15:30:15.369255745Z
1647876613.3964407,2022-03-21T15:30:15.372391163Z
1647876613.6828942,2022-03-21T15:30:15.373869239Z
1647876613.5873404,2022-03-21T15:30:15.378253607Z
1647876613.6352422,2022-03-21T15:30:15.379609193Z
1647876613.613998,2022-03-21T15:30:15.385987523Z
1647876613.8841724,2022-03-21T15:30:15.386446082Z
1647876613.857684,2022-03-21T15:30:15.387252606Z
1647876613.4905076,2022-03-21T15:30:15.391783839Z
1647876613.6086838,2022-03-21T15:30:15.395503533Z
1647876613.4848738,2022-03-21T15:30:15.395665801Z
1647876613.65115,2022-03-21T15:30:15.40184524Z
1647876613.8313034,2022-03-21T15:30:15.405938118Z
1647876613.5283682,2022-03-21T15:30:15.407494778Z
1647876613.5068111,2022-03-21T15:30:15.409695274Z
1647876613.4242895,2022-03-21T15:30:15.414642465Z
1647876613.9106688,2022-03-21T15:30:15.417924512Z
1647876613.555327,2022-03-21T15:30:15.420289206Z
1647876613.4467046,2022-03-21T15:30:15.423631516Z
1647876613.533789,2022-03-21T15:30:15.425056784Z
1647876613.804841,2022-03-21T15:30:15.430282173Z
1647876613.539208,2022-03-21T15:30:15.431932121Z
1647876613.4076211,2022-03-21T15:30:15.43241472Z
1647876613.5176227,2022-03-21T15:30:15.43476859Z
1647876613.4020817,2022-03-21T15:30:15.436610978Z
1647876613.5660372,2022-03-21T15:30:15.441984565Z
1647876613.357586,2022-03-21T15:30:15.452343136Z
1647876613.3742204,2022-03-21T15:30:15.45570467Z
1647876613.3796592,2022-03-21T15:30:15.457759409Z
1647876613.9636762,2022-03-21T15:30:15.460035866Z
1647876613.5713785,2022-03-21T15:30:15.464145063Z
1647876613.5606942,2022-03-21T15:30:15.466378451Z
1647876613.463283,2022-03-21T15:30:15.469607557Z
1647876613.6617582,2022-03-21T15:30:15.474053755Z
1647876613.725257,2022-03-21T15:30:15.476830569Z
1647876613.4740925,2022-03-21T15:30:15.481967747Z
1647876613.5820196,2022-03-21T15:30:15.485663556Z
1647876613.6458526,2022-03-21T15:30:15.488793078Z
1647876613.6246324,2022-03-21T15:30:15.491859886Z
1647876613.6723056,2022-03-21T15:30:15.49481752Z
1647876613.457849,2022-03-21T15:30:15.498032274Z
1647876613.4522705,2022-03-21T15:30:15.501667249Z
1647876613.6405525,2022-03-21T15:30:15.504695077Z
1647876613.6776037,2022-03-21T15:30:15.509117285Z
1647876613.6193016,2022-03-21T15:30:15.513465143Z
1647876613.852364,2022-03-21T15:30:15.598581246Z
1647876613.953006,2022-03-21T15:30:15.607606261Z
1647876613.868277,2022-03-21T15:30:15.61051735Z
1647876613.7837,2022-03-21T15:30:15.612394481Z
1647876613.878878,2022-03-21T15:30:15.614764626Z
1647876613.9795668,2022-03-21T15:30:15.616908112Z
1647876613.7572215,2022-03-21T15:30:15.618876906Z
1647876613.8418138,2022-03-21T15:30:15.622111338Z
1647876614.1540496,2022-03-21T15:30:15.62409458Z
1647876613.826021,2022-03-21T15:30:15.626820086Z
1647876613.9265354,2022-03-21T15:30:15.628446572Z
1647876613.9689622,2022-03-21T15:30:15.630352115Z
1647876613.7040706,2022-03-21T15:30:15.6325615Z
1647876613.931829,2022-03-21T15:30:15.634342704Z
1647876614.0483048,2022-03-21T15:30:15.636997173Z
1647876613.8629777,2022-03-21T15:30:15.63980731Z
1647876613.7146683,2022-03-21T15:30:15.640864467Z
1647876613.905349,2022-03-21T15:30:15.643524713Z
1647876613.8735826,2022-03-21T15:30:15.647112077Z
1647876613.942394,2022-03-21T15:30:15.6496473Z
1647876613.8947732,2022-03-21T15:30:15.652056265Z
1647876613.7093673,2022-03-21T15:30:15.654659538Z
1647876613.7889864,2022-03-21T15:30:15.656888086Z
1647876614.1011708,2022-03-21T15:30:15.659036942Z
1647876613.9159746,2022-03-21T15:30:15.661584101Z
1647876614.2599902,2022-03-21T15:30:15.663997972Z
1647876613.7678132,2022-03-21T15:30:15.66638212Z
1647876613.8101268,2022-03-21T15:30:15.668683088Z
1647876613.8154395,2022-03-21T15:30:15.673087032Z
1647876614.1275775,2022-03-21T15:30:15.676054374Z
1647876613.8894753,2022-03-21T15:30:15.679337544Z
1647876613.9742706,2022-03-21T15:30:15.682542731Z
1647876613.9583154,2022-03-21T15:30:15.692719374Z
1647876613.820737,2022-03-21T15:30:15.694378781Z
1647876614.0747416,2022-03-21T15:30:15.69469984Z
1647876614.1805387,2022-03-21T15:30:15.700718533Z
1647876613.6987774,2022-03-21T15:30:15.709512716Z
1647876613.7466784,2022-03-21T15:30:15.712248382Z
1647876613.7199647,2022-03-21T15:30:15.714579932Z
1647876614.2069862,2022-03-21T15:30:15.717144096Z
1647876613.8365932,2022-03-21T15:30:15.718402326Z
1647876613.7995627,2022-03-21T15:30:15.720241032Z
1647876613.9000618,2022-03-21T15:30:15.727395606Z
1647876613.7360816,2022-03-21T15:30:15.732976731Z
1647876613.8470678,2022-03-21T15:30:15.734673698Z
1647876614.0219219,2022-03-21T15:30:15.737734993Z
1647876613.7731016,2022-03-21T15:30:15.747424062Z
1647876613.9212687,2022-03-21T15:30:15.748272577Z
1647876613.9477081,2022-03-21T15:30:15.752855531Z
1647876613.7305515,2022-03-21T15:30:15.755158776Z
1647876613.7942817,2022-03-21T15:30:15.757891007Z
1647876614.2335103,2022-03-21T15:30:15.760532518Z
1647876613.741388,2022-03-21T15:30:15.763207489Z
1647876613.6934888,2022-03-21T15:30:15.766902307Z
1647876613.7625144,2022-03-21T15:30:15.769632208Z
1647876614.037738,2022-03-21T15:30:15.884411478Z
1647876614.5141764,2022-03-21T15:30:15.891243356Z
1647876614.4877481,2022-03-21T15:30:15.893856166Z
1647876614.0588758,2022-03-21T15:30:15.896025329Z
1647876614.3287582,2022-03-21T15:30:15.898416427Z
1647876614.0694492,2022-03-21T15:30:15.902437195Z
1647876614.1117659,2022-03-21T15:30:15.920522146Z
1647876614.2811496,2022-03-21T15:30:15.920915422Z
1647876614.032442,2022-03-21T15:30:15.921567255Z
1647876614.275858,2022-03-21T15:30:15.922158872Z
1647876614.0641673,2022-03-21T15:30:15.923119887Z
1647876614.2175903,2022-03-21T15:30:15.927158994Z
1647876614.117014,2022-03-21T15:30:15.944606901Z
1647876614.212283,2022-03-21T15:30:15.951121511Z
1647876614.0113323,2022-03-21T15:30:15.952033813Z
1647876614.138168,2022-03-21T15:30:15.956749072Z
1647876614.4079993,2022-03-21T15:30:15.957080611Z
1647876614.0535884,2022-03-21T15:30:15.958905264Z
1647876614.1646554,2022-03-21T15:30:15.9599389Z
1647876614.4344752,2022-03-21T15:30:15.960338855Z
1647876614.095882,2022-03-21T15:30:15.964416346Z
1647876614.0166361,2022-03-21T15:30:15.96468785Z
1647876614.196407,2022-03-21T15:30:15.965144905Z
1647876614.1593456,2022-03-21T15:30:15.965940451Z
1647876614.0007532,2022-03-21T15:30:15.968129197Z
1647876614.0853076,2022-03-21T15:30:15.968861221Z
1647876614.3551621,2022-03-21T15:30:15.969773424Z
1647876614.1064725,2022-03-21T15:30:15.970935718Z
1647876614.169945,2022-03-21T15:30:15.971261219Z
1647876614.2229285,2022-03-21T15:30:15.971643572Z
1647876614.1752331,2022-03-21T15:30:15.972162627Z
1647876613.984863,2022-03-21T15:30:15.97232254Z
1647876614.1434724,2022-03-21T15:30:15.973064074Z
1647876614.3815384,2022-03-21T15:30:15.973932811Z
1647876613.995469,2022-03-21T15:30:15.981407696Z
1647876614.2864408,2022-03-21T15:30:15.986201491Z
1647876614.1328714,2022-03-21T15:30:15.987571337Z
1647876613.9901612,2022-03-21T15:30:15.988488854Z
1647876614.0060377,2022-03-21T15:30:15.988985061Z
1647876614.0430236,2022-03-21T15:30:15.990264153Z
1647876614.0905955,2022-03-21T15:30:15.992485378Z
1647876614.2387984,2022-03-21T15:30:15.994755271Z
1647876614.0271595,2022-03-21T15:30:15.997194994Z
1647876614.1222847,2022-03-21T15:30:16.001081969Z
1647876614.2547,2022-03-21T15:30:16.003208152Z
1647876614.1911173,2022-03-21T15:30:16.005293634Z
1647876614.2493868,2022-03-21T15:30:16.010062789Z
1647876614.4609926,2022-03-21T15:30:16.011324843Z
1647876614.2017329,2022-03-21T15:30:16.013436522Z
1647876614.2282152,2022-03-21T15:30:16.015592057Z
1647876614.1487598,2022-03-21T15:30:16.024846432Z
1647876614.2440858,2022-03-21T15:30:16.025763098Z
1647876614.1858273,2022-03-21T15:30:16.026339984Z
1647876614.2652798,2022-03-21T15:30:16.028252403Z
1647876614.0800254,2022-03-21T15:30:16.03715019Z
1647876614.5406535,2022-03-21T15:30:16.037573611Z
1647876614.270571,2022-03-21T15:30:16.037758664Z
1647876614.3657396,2022-03-21T15:30:16.360173492Z
1647876614.3393188,2022-03-21T15:30:16.362825397Z
1647876614.5565333,2022-03-21T15:30:16.366178437Z
1647876614.5353622,2022-03-21T15:30:16.369558564Z
1647876614.5036032,2022-03-21T15:30:16.372763039Z
1647876614.349879,2022-03-21T15:30:16.374566097Z
1647876614.3181849,2022-03-21T15:30:16.378835626Z
1647876614.3023417,2022-03-21T15:30:16.381525153Z
1647876614.4769433,2022-03-21T15:30:16.38489612Z
1647876614.360443,2022-03-21T15:30:16.392369367Z
1647876614.5618265,2022-03-21T15:30:16.394386423Z
1647876614.5300653,2022-03-21T15:30:16.396332449Z
1647876614.3234751,2022-03-21T15:30:16.398228284Z
1647876614.307604,2022-03-21T15:30:16.400125363Z
1647876614.662206,2022-03-21T15:30:16.402049009Z
1647876614.4450977,2022-03-21T15:30:16.403844579Z
1647876614.466315,2022-03-21T15:30:16.406598535Z
1647876614.741662,2022-03-21T15:30:16.407317643Z
1647876614.4132845,2022-03-21T15:30:16.409134295Z
1647876614.3920832,2022-03-21T15:30:16.411016733Z
1647876614.6886637,2022-03-21T15:30:16.417500215Z
1647876614.3763006,2022-03-21T15:30:16.421508755Z
1647876614.5512452,2022-03-21T15:30:16.423654406Z
1647876614.8481855,2022-03-21T15:30:16.425894004Z
1647876614.2917492,2022-03-21T15:30:16.428412548Z
1647876614.471619,2022-03-21T15:30:16.43206143Z
1647876614.7681117,2022-03-21T15:30:16.434075354Z
1647876614.4556959,2022-03-21T15:30:16.435619813Z
1647876614.4238653,2022-03-21T15:30:16.437794309Z
1647876614.7945755,2022-03-21T15:30:16.440512224Z
1647876614.4026809,2022-03-21T15:30:16.442875733Z
1647876614.3710272,2022-03-21T15:30:16.445988143Z
1647876614.5088873,2022-03-21T15:30:16.451336061Z
1647876614.5459466,2022-03-21T15:30:16.454590502Z
1647876614.8759258,2022-03-21T15:30:16.454880782Z
1647876614.2970264,2022-03-21T15:30:16.45930395Z
1647876614.5247731,2022-03-21T15:30:16.461063423Z
1647876614.519483,2022-03-21T15:30:16.466439286Z
1647876614.8211243,2022-03-21T15:30:16.469474251Z
1647876614.4291723,2022-03-21T15:30:16.472504466Z
1647876614.9033651,2022-03-21T15:30:16.474288555Z
1647876614.334039,2022-03-21T15:30:16.476428768Z
1647876614.6093786,2022-03-21T15:30:16.47883763Z
1647876614.3128936,2022-03-21T15:30:16.479124203Z
1647876614.3445983,2022-03-21T15:30:16.48510766Z
1647876614.4983165,2022-03-21T15:30:16.487380567Z
1647876614.4930263,2022-03-21T15:30:16.490011468Z
1647876614.4824116,2022-03-21T15:30:16.490313228Z
1647876614.5670855,2022-03-21T15:30:16.505878273Z
1647876614.450382,2022-03-21T15:30:16.510066196Z
1647876614.3973813,2022-03-21T15:30:16.513239365Z
1647876614.4397826,2022-03-21T15:30:16.517895316Z
1647876614.4185739,2022-03-21T15:30:16.521235665Z
1647876614.7151794,2022-03-21T15:30:16.524340648Z
1647876614.6358383,2022-03-21T15:30:16.526868688Z
1647876614.386797,2022-03-21T15:30:16.529881026Z
1647876614.7786663,2022-03-21T15:30:16.68628687Z
1647876614.6833584,2022-03-21T15:30:16.69059439Z
1647876614.8925538,2022-03-21T15:30:16.700209767Z
1647876614.7575262,2022-03-21T15:30:16.700299405Z
1647876614.8703494,2022-03-21T15:30:16.707629138Z
1647876614.842727,2022-03-21T15:30:16.715965686Z
1647876614.7098835,2022-03-21T15:30:16.717442559Z
1647876614.9142437,2022-03-21T15:30:16.721318326Z
1647876614.6939673,2022-03-21T15:30:16.727346366Z
1647876615.0515623,2022-03-21T15:30:16.72983818Z
1647876614.8266077,2022-03-21T15:30:16.734273165Z
1647876614.588214,2022-03-21T15:30:16.739618498Z
1647876614.731071,2022-03-21T15:30:16.743744041Z
1647876614.6780524,2022-03-21T15:30:16.745611446Z
1647876615.118308,2022-03-21T15:30:16.747977507Z
1647876614.667492,2022-03-21T15:30:16.751852968Z
1647876614.630559,2022-03-21T15:30:16.755731147Z
1647876614.8320909,2022-03-21T15:30:16.758936744Z
1647876615.073827,2022-03-21T15:30:16.763292765Z
1647876614.6569335,2022-03-21T15:30:16.766567529Z
1647876614.8591743,2022-03-21T15:30:16.769540377Z
1647876615.0961223,2022-03-21T15:30:16.773349017Z
1647876614.8536692,2022-03-21T15:30:16.776808063Z
1647876614.6992953,2022-03-21T15:30:16.786844553Z
1647876614.8104556,2022-03-21T15:30:16.790931175Z
1647876614.6146863,2022-03-21T15:30:16.79992926Z
1647876614.7892683,2022-03-21T15:30:16.80159298Z
1647876614.815745,2022-03-21T15:30:16.804689601Z
1647876614.8870199,2022-03-21T15:30:16.808369764Z
1647876614.9414227,2022-03-21T15:30:16.81125924Z
1647876614.7733526,2022-03-21T15:30:16.814869436Z
1647876614.6199741,2022-03-21T15:30:16.818178766Z
1647876614.8373375,2022-03-21T15:30:16.8243462Z
1647876614.7998698,2022-03-21T15:30:16.825588053Z
1647876614.6464021,2022-03-21T15:30:16.828029986Z
1647876614.641122,2022-03-21T15:30:16.832715029Z
1647876614.864755,2022-03-21T15:30:16.835621847Z
1647876614.5988033,2022-03-21T15:30:16.838227531Z
1647876615.1396894,2022-03-21T15:30:16.841204332Z
1647876614.7204928,2022-03-21T15:30:16.842888163Z
1647876614.8979568,2022-03-21T15:30:16.846799587Z
1647876614.5829275,2022-03-21T15:30:16.849495055Z
1647876615.0295508,2022-03-21T15:30:16.851331967Z
1647876614.8814225,2022-03-21T15:30:16.858637875Z
1647876614.7257786,2022-03-21T15:30:16.861827238Z
1647876614.9855013,2022-03-21T15:30:16.864181574Z
1647876614.9088337,2022-03-21T15:30:16.866511866Z
1647876614.7522306,2022-03-21T15:30:16.869241375Z
1647876615.0076764,2022-03-21T15:30:16.872398201Z
1647876614.7469318,2022-03-21T15:30:16.874554679Z
1647876615.183508,2022-03-21T15:30:16.878254947Z
1647876614.5935626,2022-03-21T15:30:16.881711094Z
1647876614.7045834,2022-03-21T15:30:16.886162579Z
1647876614.5776317,2022-03-21T15:30:16.886876542Z
1647876614.6040914,2022-03-21T15:30:16.89079852Z
1647876614.6727674,2022-03-21T15:30:16.894730732Z
1647876614.9632452,2022-03-21T15:30:16.896555532Z
1647876614.6517081,2022-03-21T15:30:16.900377331Z
1647876614.7628176,2022-03-21T15:30:16.903269883Z
1647876614.5723758,2022-03-21T15:30:16.906807855Z
1647876615.1611753,2022-03-21T15:30:16.9102064Z
1647876614.6252723,2022-03-21T15:30:16.920601405Z
1647876614.73636,2022-03-21T15:30:16.92456094Z
1647876615.2059002,2022-03-21T15:30:16.928350839Z
1647876614.7839582,2022-03-21T15:30:16.932553351Z
1647876614.8051674,2022-03-21T15:30:16.938437048Z
1647876615.222637,2022-03-21T15:30:17.109860136Z
1647876615.0405145,2022-03-21T15:30:17.113727147Z
1647876615.306173,2022-03-21T15:30:17.120108776Z
1647876615.1667747,2022-03-21T15:30:17.137156455Z
1647876615.445593,2022-03-21T15:30:17.139486772Z
1647876615.2114847,2022-03-21T15:30:17.14184Z
1647876615.0905664,2022-03-21T15:30:17.14489788Z
1647876615.1947405,2022-03-21T15:30:17.156413383Z
1647876614.9687867,2022-03-21T15:30:17.161686545Z
1647876615.1723468,2022-03-21T15:30:17.168040569Z
1647876614.946829,2022-03-21T15:30:17.172366318Z
1647876615.0186539,2022-03-21T15:30:17.181694578Z
1647876614.9252038,2022-03-21T15:30:17.188515845Z
1647876615.2170484,2022-03-21T15:30:17.198928775Z
1647876615.1502314,2022-03-21T15:30:17.202885529Z
1647876615.068238,2022-03-21T15:30:17.207298298Z
1647876614.9910653,2022-03-21T15:30:17.209673883Z
1647876614.9966257,2022-03-21T15:30:17.212691703Z
1647876615.0240748,2022-03-21T15:30:17.215571631Z
1647876615.3618088,2022-03-21T15:30:17.221846932Z
1647876614.9522665,2022-03-21T15:30:17.224621817Z
1647876615.0460107,2022-03-21T15:30:17.228529885Z
1647876615.1449525,2022-03-21T15:30:17.237634462Z
1647876614.9743733,2022-03-21T15:30:17.240599053Z
1647876614.9306226,2022-03-21T15:30:17.246710059Z
1647876615.1237087,2022-03-21T15:30:17.247565798Z
1647876615.002151,2022-03-21T15:30:17.251334386Z
1647876615.0350428,2022-03-21T15:30:17.253195459Z
1647876615.3339586,2022-03-21T15:30:17.256095296Z
1647876615.2281926,2022-03-21T15:30:17.258207371Z
1647876615.1343837,2022-03-21T15:30:17.260577604Z
1647876615.4175618,2022-03-21T15:30:17.263367719Z
1647876615.062711,2022-03-21T15:30:17.27364142Z
1647876615.155598,2022-03-21T15:30:17.27829896Z
1647876615.1072676,2022-03-21T15:30:17.280964702Z
1647876615.1891227,2022-03-21T15:30:17.286740886Z
1647876615.0849502,2022-03-21T15:30:17.288466797Z
1647876615.47343,2022-03-21T15:30:17.291816311Z
1647876614.97996,2022-03-21T15:30:17.294092046Z
1647876615.1778986,2022-03-21T15:30:17.297383127Z
1647876614.9360263,2022-03-21T15:30:17.299852315Z
1647876615.2337697,2022-03-21T15:30:17.308469387Z
1647876615.013076,2022-03-21T15:30:17.309573643Z
1647876615.112835,2022-03-21T15:30:17.311422972Z
1647876614.9197764,2022-03-21T15:30:17.316198318Z
1647876615.5011137,2022-03-21T15:30:17.318220927Z
1647876615.101708,2022-03-21T15:30:17.322107555Z
1647876615.3897202,2022-03-21T15:30:17.326335051Z
1647876615.0793533,2022-03-21T15:30:17.327150069Z
1647876615.2003083,2022-03-21T15:30:17.330243129Z
1647876614.9577997,2022-03-21T15:30:17.333693492Z
1647876615.2783394,2022-03-21T15:30:17.335419125Z
1647876615.129063,2022-03-21T15:30:17.337019428Z
1647876615.0571766,2022-03-21T15:30:17.342938682Z
1647876615.4511507,2022-03-21T15:30:17.385718379Z
1647876615.2504935,2022-03-21T15:30:17.39003949Z
1647876615.4622922,2022-03-21T15:30:17.397492881Z
1647876615.2671728,2022-03-21T15:30:17.402126209Z
1647876615.4789789,2022-03-21T15:30:17.432546391Z
1647876615.5066135,2022-03-21T15:30:17.433142788Z
1647876615.2839365,2022-03-21T15:30:17.43416708Z
1647876615.3284245,2022-03-21T15:30:17.436842747Z
1647876615.2950563,2022-03-21T15:30:17.437631948Z
1647876615.4567323,2022-03-21T15:30:17.438008945Z
1647876615.4845438,2022-03-21T15:30:17.439324533Z
1647876615.779332,2022-03-21T15:30:17.439898648Z
1647876615.3952658,2022-03-21T15:30:17.443118726Z
1647876615.3450768,2022-03-21T15:30:17.443628795Z
1647876615.3117414,2022-03-21T15:30:17.45296473Z
1647876615.4900727,2022-03-21T15:30:17.454578988Z
1647876615.5565808,2022-03-21T15:30:17.459638627Z
1647876615.4400327,2022-03-21T15:30:17.46624904Z
1647876615.667934,2022-03-21T15:30:17.470159336Z
1647876615.6400523,2022-03-21T15:30:17.480125516Z
1647876615.3562272,2022-03-21T15:30:17.481362054Z
1647876615.3729444,2022-03-21T15:30:17.485244292Z
1647876615.3395092,2022-03-21T15:30:17.489052281Z
1647876615.4008458,2022-03-21T15:30:17.494239535Z
1647876615.7236085,2022-03-21T15:30:17.499927065Z
1647876615.3506672,2022-03-21T15:30:17.504427924Z
1647876615.4344382,2022-03-21T15:30:17.507327103Z
1647876615.3006132,2022-03-21T15:30:17.51349195Z
1647876615.4230974,2022-03-21T15:30:17.516321382Z
1647876615.2394297,2022-03-21T15:30:17.517801089Z
1647876615.3785634,2022-03-21T15:30:17.520307093Z
1647876615.4120278,2022-03-21T15:30:17.521447197Z
1647876615.3841166,2022-03-21T15:30:17.524070134Z
1647876615.7514002,2022-03-21T15:30:17.526210535Z
1647876615.289536,2022-03-21T15:30:17.527635671Z
1647876615.5843766,2022-03-21T15:30:17.531079961Z
1647876615.428833,2022-03-21T15:30:17.533757687Z
1647876615.495608,2022-03-21T15:30:17.534971686Z
1647876615.406439,2022-03-21T15:30:17.536469608Z
1647876615.6957233,2022-03-21T15:30:17.537630378Z
1647876615.612213,2022-03-21T15:30:17.539069532Z
1647876615.2727463,2022-03-21T15:30:17.54817585Z
1647876615.3172703,2022-03-21T15:30:17.548728892Z
1647876615.3228514,2022-03-21T15:30:17.551557482Z
1647876615.2449923,2022-03-21T15:30:17.551843693Z
1647876615.261614,2022-03-21T15:30:17.552092578Z
1647876615.6901734,2022-03-21T15:30:17.555592048Z
1647876615.7458541,2022-03-21T15:30:17.559772213Z
1647876615.467883,2022-03-21T15:30:17.561274763Z
1647876615.7068977,2022-03-21T15:30:17.563384213Z
1647876615.5621426,2022-03-21T15:30:17.56516171Z
1647876616.1227138,2022-03-21T15:30:17.567160512Z
1647876615.6511881,2022-03-21T15:30:17.570310841Z
1647876615.6456196,2022-03-21T15:30:17.572330878Z
1647876615.9291801,2022-03-21T15:30:17.576735422Z
1647876615.7180517,2022-03-21T15:30:17.578534037Z
1647876615.8737538,2022-03-21T15:30:17.581932292Z
1647876615.606674,2022-03-21T15:30:17.585372048Z
1647876615.7681718,2022-03-21T15:30:17.588358723Z
1647876615.5343704,2022-03-21T15:30:17.590981406Z
1647876615.6790447,2022-03-21T15:30:17.593545369Z
1647876615.7626119,2022-03-21T15:30:17.598048891Z
1647876616.1784322,2022-03-21T15:30:17.600583758Z
1647876615.6623535,2022-03-21T15:30:17.604285799Z
1647876615.3673506,2022-03-21T15:30:17.604339148Z
1647876615.7737598,2022-03-21T15:30:17.606619278Z
1647876615.9569218,2022-03-21T15:30:17.608647031Z
1647876615.656758,2022-03-21T15:30:17.610372414Z
1647876615.729163,2022-03-21T15:30:17.612143788Z
1647876615.701299,2022-03-21T15:30:17.613589231Z
1647876615.6011434,2022-03-21T15:30:17.616657071Z
1647876615.617793,2022-03-21T15:30:17.618906684Z
1647876615.8460076,2022-03-21T15:30:17.621622499Z
1647876615.5732472,2022-03-21T15:30:17.625805526Z
1647876615.7905304,2022-03-21T15:30:17.628033284Z
1647876616.0671954,2022-03-21T15:30:17.630970185Z
1647876616.0120506,2022-03-21T15:30:17.63317378Z
1647876615.9013767,2022-03-21T15:30:17.635073367Z
1647876615.6735208,2022-03-21T15:30:17.637051299Z
1647876615.5455077,2022-03-21T15:30:17.639787447Z
1647876615.5510533,2022-03-21T15:30:17.641578196Z
1647876615.712486,2022-03-21T15:30:17.643638365Z
1647876615.6344898,2022-03-21T15:30:17.64550246Z
1647876615.2560503,2022-03-21T15:30:17.647495505Z
1647876615.5176501,2022-03-21T15:30:17.65027963Z
1647876615.5899594,2022-03-21T15:30:17.653011314Z
1647876615.7347538,2022-03-21T15:30:17.65518886Z
1647876616.150662,2022-03-21T15:30:17.659470831Z
1647876615.623354,2022-03-21T15:30:17.664174394Z
1647876616.0394807,2022-03-21T15:30:17.667509997Z
1647876615.6846085,2022-03-21T15:30:17.670664625Z
1647876615.5232139,2022-03-21T15:30:17.67326458Z
1647876615.567669,2022-03-21T15:30:17.675207473Z
1647876615.5121505,2022-03-21T15:30:17.678133693Z
1647876615.7960546,2022-03-21T15:30:17.685260562Z
1647876615.5788243,2022-03-21T15:30:17.687786287Z
1647876615.7403002,2022-03-21T15:30:17.690519318Z
1647876615.7569911,2022-03-21T15:30:17.696385172Z
1647876615.6289508,2022-03-21T15:30:17.698932829Z
1647876615.5287964,2022-03-21T15:30:17.700930777Z
1647876615.5399244,2022-03-21T15:30:17.70332283Z
1647876616.0950146,2022-03-21T15:30:17.708446447Z
1647876615.9844506,2022-03-21T15:30:17.71113007Z
1647876615.5955408,2022-03-21T15:30:17.71368951Z
1647876615.7849169,2022-03-21T15:30:17.715323792Z
1647876615.9236147,2022-03-21T15:30:17.776243263Z
1647876616.0839143,2022-03-21T15:30:17.799451057Z
1647876615.8237953,2022-03-21T15:30:17.808760713Z
1647876616.089438,2022-03-21T15:30:17.809714829Z
1647876616.0285392,2022-03-21T15:30:17.809905113Z
1647876615.8404984,2022-03-21T15:30:17.810042883Z
1647876615.8626554,2022-03-21T15:30:17.810940833Z
1647876616.0783508,2022-03-21T15:30:17.811146797Z
1647876616.0174952,2022-03-21T15:30:17.811468639Z
1647876615.8293455,2022-03-21T15:30:17.811631509Z
1647876616.5122297,2022-03-21T15:30:17.81183538Z
1647876615.895704,2022-03-21T15:30:17.836583399Z
1647876616.4287152,2022-03-21T15:30:17.842816197Z
1647876616.4843533,2022-03-21T15:30:17.860421409Z
1647876615.9347584,2022-03-21T15:30:17.860906583Z
1647876616.6732883,2022-03-21T15:30:17.866196065Z
1647876616.2339091,2022-03-21T15:30:17.869944571Z
1647876616.006536,2022-03-21T15:30:17.872354743Z
1647876616.5401022,2022-03-21T15:30:17.872755176Z
1647876615.807143,2022-03-21T15:30:17.874927905Z
1647876616.1895318,2022-03-21T15:30:17.876735357Z
1647876616.5679696,2022-03-21T15:30:17.881371473Z
1647876615.9899151,2022-03-21T15:30:17.88216311Z
1647876615.8182528,2022-03-21T15:30:17.885155947Z
1647876616.195071,2022-03-21T15:30:17.886589411Z
1647876616.0449953,2022-03-21T15:30:17.889233803Z
1647876616.111576,2022-03-21T15:30:17.891416078Z
1647876616.0616286,2022-03-21T15:30:17.893979472Z
1647876616.0010135,2022-03-21T15:30:17.896676148Z
1647876616.1562111,2022-03-21T15:30:17.899672079Z
1647876615.9680777,2022-03-21T15:30:17.901941168Z
1647876616.3173783,2022-03-21T15:30:17.905200315Z
1647876615.9625306,2022-03-21T15:30:17.906814773Z
1647876615.912563,2022-03-21T15:30:17.909961012Z
1647876616.1672692,2022-03-21T15:30:17.910763541Z
1647876615.978945,2022-03-21T15:30:17.913112562Z
1647876615.9180794,2022-03-21T15:30:17.91479468Z
1647876616.0339756,2022-03-21T15:30:17.917889091Z
1647876615.8349242,2022-03-21T15:30:17.919028916Z
1647876615.8015835,2022-03-21T15:30:17.921158597Z
1647876616.1393425,2022-03-21T15:30:17.923801778Z
1647876615.8682003,2022-03-21T15:30:17.925976576Z
1647876616.4565804,2022-03-21T15:30:17.927867045Z
1647876616.0505664,2022-03-21T15:30:17.929644658Z
1647876616.1005425,2022-03-21T15:30:17.931818104Z
1647876616.2617414,2022-03-21T15:30:17.934312358Z
1647876615.85157,2022-03-21T15:30:17.936391491Z
1647876616.1171248,2022-03-21T15:30:17.938586407Z
1647876616.0560935,2022-03-21T15:30:17.940563781Z
1647876615.9069674,2022-03-21T15:30:17.942796151Z
1647876616.17284,2022-03-21T15:30:17.945086473Z
1647876615.9736016,2022-03-21T15:30:17.946960899Z
1647876616.07276,2022-03-21T15:30:17.949433501Z
1647876616.373063,2022-03-21T15:30:17.951316081Z
1647876616.1617496,2022-03-21T15:30:17.953526023Z
1647876615.8792663,2022-03-21T15:30:17.95551351Z
1647876615.8901846,2022-03-21T15:30:17.957956477Z
1647876616.1282368,2022-03-21T15:30:17.960055459Z
1647876615.940282,2022-03-21T15:30:17.96778252Z
1647876616.1839752,2022-03-21T15:30:17.970176647Z
1647876616.2895994,2022-03-21T15:30:17.9713999Z
1647876615.9954524,2022-03-21T15:30:17.973549742Z
1647876616.133792,2022-03-21T15:30:17.975574417Z
1647876615.8571286,2022-03-21T15:30:17.977534453Z
1647876616.145141,2022-03-21T15:30:17.980422352Z
1647876616.3452082,2022-03-21T15:30:17.982216001Z
1647876616.1060534,2022-03-21T15:30:17.984334058Z
1647876615.8847835,2022-03-21T15:30:17.98903109Z
1647876615.9457767,2022-03-21T15:30:17.993711863Z
1647876615.9513392,2022-03-21T15:30:17.995949189Z
1647876616.412102,2022-03-21T15:30:18.000929775Z
1647876616.2005932,2022-03-21T15:30:18.003255103Z
1647876616.2951217,2022-03-21T15:30:18.004983182Z
1647876616.2172205,2022-03-21T15:30:18.006894259Z
1647876616.2506459,2022-03-21T15:30:18.008955433Z
1647876616.7288163,2022-03-21T15:30:18.011164959Z
1647876616.384227,2022-03-21T15:30:18.013694616Z
1647876616.0230055,2022-03-21T15:30:18.017004986Z
1647876616.4899333,2022-03-21T15:30:18.020321151Z
1647876616.2227995,2022-03-21T15:30:18.024719612Z
1647876616.4342716,2022-03-21T15:30:18.028680566Z
1647876616.3563523,2022-03-21T15:30:18.032764506Z
1647876616.7845163,2022-03-21T15:30:18.035670239Z
1647876616.3396444,2022-03-21T15:30:18.038526088Z
1647876616.3897996,2022-03-21T15:30:18.042001046Z
1647876616.2673082,2022-03-21T15:30:18.045293559Z
1647876616.3285267,2022-03-21T15:30:18.048786129Z
1647876616.7566717,2022-03-21T15:30:18.052141376Z
1647876616.423172,2022-03-21T15:30:18.056336621Z
1647876616.3340893,2022-03-21T15:30:18.058713146Z
1647876616.311823,2022-03-21T15:30:18.063727838Z
1647876616.3619273,2022-03-21T15:30:18.065279164Z
1647876616.256184,2022-03-21T15:30:18.067156052Z
1647876616.4955192,2022-03-21T15:30:18.070090407Z
1647876616.2394998,2022-03-21T15:30:18.072756354Z
1647876616.4788308,2022-03-21T15:30:18.075565993Z
1647876616.4065588,2022-03-21T15:30:18.080672955Z
1647876616.4732745,2022-03-21T15:30:18.085438512Z
1647876616.5178409,2022-03-21T15:30:18.090079007Z
1647876616.367505,2022-03-21T15:30:18.092644828Z
1647876616.2283542,2022-03-21T15:30:18.097686674Z
1647876616.5010757,2022-03-21T15:30:18.100123248Z
1647876616.2784505,2022-03-21T15:30:18.10420083Z
1647876616.5233972,2022-03-21T15:30:18.10598016Z
1647876616.467715,2022-03-21T15:30:18.106444343Z
1647876616.7010546,2022-03-21T15:30:18.106763953Z
1647876616.5289457,2022-03-21T15:30:18.107206415Z
1647876616.39537,2022-03-21T15:30:18.110587262Z
1647876616.7232313,2022-03-21T15:30:18.113755488Z
1647876616.7900438,2022-03-21T15:30:18.116726969Z
1647876616.322972,2022-03-21T15:30:18.121443225Z
1647876616.606887,2022-03-21T15:30:18.12319331Z
1647876616.7789268,2022-03-21T15:30:18.127802811Z
1647876616.4510157,2022-03-21T15:30:18.132867703Z
1647876616.5957499,2022-03-21T15:30:18.137618775Z
1647876616.3786628,2022-03-21T15:30:18.13960546Z
1647876616.6955307,2022-03-21T15:30:18.143606561Z
1647876616.306248,2022-03-21T15:30:18.145970888Z
1647876616.6511405,2022-03-21T15:30:18.154289247Z
1647876616.8011246,2022-03-21T15:30:18.158039408Z
1647876616.6290493,2022-03-21T15:30:18.163005652Z
1647876616.6788487,2022-03-21T15:30:18.167537375Z
1647876616.211662,2022-03-21T15:30:18.16973926Z
1647876616.634577,2022-03-21T15:30:18.177096921Z
1647876616.6179883,2022-03-21T15:30:18.178713835Z
1647876616.5735292,2022-03-21T15:30:18.182890025Z
1647876616.7344122,2022-03-21T15:30:18.189921387Z
1647876616.7066145,2022-03-21T15:30:18.190277813Z
1647876616.556713,2022-03-21T15:30:18.195933181Z
1647876616.662203,2022-03-21T15:30:18.19780586Z
1647876616.7511156,2022-03-21T15:30:18.2045584Z
1647876616.7176743,2022-03-21T15:30:18.205066712Z
1647876616.350791,2022-03-21T15:30:18.211543727Z
1647876616.3007052,2022-03-21T15:30:18.216276304Z
1647876616.8066592,2022-03-21T15:30:18.217490717Z
1647876616.6843703,2022-03-21T15:30:18.220600144Z
1647876616.5066693,2022-03-21T15:30:18.227180422Z
1647876616.7121491,2022-03-21T15:30:18.228568999Z
1647876616.284031,2022-03-21T15:30:18.235005623Z
1647876616.6456385,2022-03-21T15:30:18.239565461Z
1647876616.4176378,2022-03-21T15:30:18.242040597Z
1647876616.2450545,2022-03-21T15:30:18.245683321Z
1647876616.5511675,2022-03-21T15:30:18.247362334Z
1647876616.2728548,2022-03-21T15:30:18.250781805Z
1647876616.4398613,2022-03-21T15:30:18.25500758Z
1647876616.2061155,2022-03-21T15:30:18.258167386Z
1647876615.8127005,2022-03-21T15:30:18.260307786Z
1647876616.5345597,2022-03-21T15:30:18.263198554Z
1647876616.5901694,2022-03-21T15:30:18.266787468Z
1647876616.4621363,2022-03-21T15:30:18.270206702Z
1647876616.4454205,2022-03-21T15:30:18.274190009Z
1647876616.6013036,2022-03-21T15:30:18.279076063Z
1647876616.8122249,2022-03-21T15:30:18.282921335Z
1647876616.6235642,2022-03-21T15:30:18.286686501Z
1647876616.7955728,2022-03-21T15:30:18.2906449Z
1647876616.6899533,2022-03-21T15:30:18.291004972Z
1647876616.6124253,2022-03-21T15:30:18.293299547Z
1647876616.545636,2022-03-21T15:30:18.294381628Z
1647876616.5846481,2022-03-21T15:30:18.300378779Z
1647876616.7400045,2022-03-21T15:30:18.302999053Z
1647876616.6401002,2022-03-21T15:30:18.306181988Z
1647876616.5623944,2022-03-21T15:30:18.307140246Z
1647876616.7677796,2022-03-21T15:30:18.310416334Z
1647876616.745554,2022-03-21T15:30:18.310640049Z
1647876616.6566563,2022-03-21T15:30:18.311161628Z
1647876616.579084,2022-03-21T15:30:18.314534855Z
1647876616.773344,2022-03-21T15:30:18.31763059Z
1647876616.762239,2022-03-21T15:30:18.317800319Z
1647876616.4009514,2022-03-21T15:30:18.319434319Z
1647876616.6677675,2022-03-21T15:30:18.319903794Z
