1647876977.3906124,2022-03-21T15:36:17.692520692Z
1647876977.4227164,2022-03-21T15:36:17.758918238Z
1647876977.4097204,2022-03-21T15:36:17.76228082Z
1647876977.4033275,2022-03-21T15:36:17.765954316Z
1647876977.442187,2022-03-21T15:36:17.767788028Z
1647876977.4291828,2022-03-21T15:36:17.770195095Z
1647876977.4356935,2022-03-21T15:36:17.772712027Z
1647876977.3969057,2022-03-21T15:36:17.806856448Z
1647876977.5536456,2022-03-21T15:36:17.810731869Z
1647876977.455255,2022-03-21T15:36:17.81478292Z
1647876977.474911,2022-03-21T15:36:17.81809762Z
1647876977.5142632,2022-03-21T15:36:17.822448339Z
1647876977.5077124,2022-03-21T15:36:17.824808801Z
1647876977.547096,2022-03-21T15:36:17.827632344Z
1647876977.4683452,2022-03-21T15:36:17.830883309Z
1647876977.494576,2022-03-21T15:36:17.833315708Z
1647876977.448715,2022-03-21T15:36:17.835630279Z
1647876977.416267,2022-03-21T15:36:17.839776543Z
1647876977.4618137,2022-03-21T15:36:17.842422227Z
1647876977.501139,2022-03-21T15:36:17.845017184Z
1647876977.4880295,2022-03-21T15:36:17.847402696Z
1647876977.5208354,2022-03-21T15:36:17.849875651Z
1647876977.481445,2022-03-21T15:36:17.852722414Z
1647876977.5339797,2022-03-21T15:36:17.855238299Z
1647876977.5405474,2022-03-21T15:36:17.868675557Z
1647876977.527404,2022-03-21T15:36:17.872167283Z
1647876977.5667658,2022-03-21T15:36:17.932526514Z
1647876977.5601938,2022-03-21T15:36:17.935891655Z
1647876977.586448,2022-03-21T15:36:17.93868833Z
1647876977.573321,2022-03-21T15:36:17.940760111Z
1647876977.5798955,2022-03-21T15:36:17.943715051Z
1647876977.6386988,2022-03-21T15:36:17.978600071Z
1647876977.5930197,2022-03-21T15:36:17.981889436Z
1647876977.6256244,2022-03-21T15:36:17.988061587Z
1647876977.6190727,2022-03-21T15:36:17.990557356Z
1647876977.6060128,2022-03-21T15:36:17.99302198Z
1647876977.632155,2022-03-21T15:36:17.998998519Z
1647876977.612523,2022-03-21T15:36:18.003980211Z
1647876977.6517982,2022-03-21T15:36:18.005358424Z
1647876977.658351,2022-03-21T15:36:18.007376587Z
1647876977.645245,2022-03-21T15:36:18.009539591Z
1647876977.599582,2022-03-21T15:36:18.011092584Z
1647876977.6911824,2022-03-21T15:36:18.041407168Z
1647876977.710877,2022-03-21T15:36:18.046278204Z
1647876977.7043111,2022-03-21T15:36:18.048607384Z
1647876977.6715395,2022-03-21T15:36:18.050058502Z
1647876977.6977603,2022-03-21T15:36:18.051552377Z
1647876977.664935,2022-03-21T15:36:18.053516472Z
1647876977.684633,2022-03-21T15:36:18.056801044Z
1647876977.6780763,2022-03-21T15:36:18.058543014Z
1647876977.7501264,2022-03-21T15:36:18.094183672Z
1647876977.7762647,2022-03-21T15:36:18.09810395Z
1647876977.7828324,2022-03-21T15:36:18.099822258Z
1647876977.7239845,2022-03-21T15:36:18.103035675Z
1647876977.7370596,2022-03-21T15:36:18.105378878Z
1647876977.7305377,2022-03-21T15:36:18.106984196Z
1647876977.7631903,2022-03-21T15:36:18.109882108Z
1647876977.717425,2022-03-21T15:36:18.111510914Z
1647876977.7435842,2022-03-21T15:36:18.114996444Z
1647876977.7566438,2022-03-21T15:36:18.117208036Z
1647876977.7697475,2022-03-21T15:36:18.119895388Z
1647876977.7959685,2022-03-21T15:36:18.137946239Z
1647876977.822218,2022-03-21T15:36:18.138741787Z
1647876977.828759,2022-03-21T15:36:18.141518017Z
1647876977.7894006,2022-03-21T15:36:18.142898147Z
1647876977.802536,2022-03-21T15:36:18.145354419Z
1647876977.8156636,2022-03-21T15:36:18.147214548Z
1647876977.8091147,2022-03-21T15:36:18.152371212Z
1647876977.848487,2022-03-21T15:36:18.221179196Z
1647876977.8811398,2022-03-21T15:36:18.223511682Z
1647876977.8681355,2022-03-21T15:36:18.224867252Z
1647876977.8419313,2022-03-21T15:36:18.22716733Z
1647876977.835344,2022-03-21T15:36:18.229781375Z
1647876977.8745892,2022-03-21T15:36:18.230002918Z
1647876977.8550372,2022-03-21T15:36:18.23079239Z
1647876977.887719,2022-03-21T15:36:18.238032636Z
1647876977.861586,2022-03-21T15:36:18.241368659Z
1647876977.9073687,2022-03-21T15:36:18.28169131Z
1647876977.933584,2022-03-21T15:36:18.283598435Z
1647876977.940127,2022-03-21T15:36:18.287467754Z
1647876977.9466655,2022-03-21T15:36:18.289494784Z
1647876977.9008176,2022-03-21T15:36:18.292604857Z
1647876977.913951,2022-03-21T15:36:18.295309541Z
1647876977.9270384,2022-03-21T15:36:18.298908418Z
1647876977.8942742,2022-03-21T15:36:18.302050604Z
1647876977.9532158,2022-03-21T15:36:18.303671909Z
1647876977.9204865,2022-03-21T15:36:18.307223057Z
1647876977.9860585,2022-03-21T15:36:18.328669004Z
1647876977.9663346,2022-03-21T15:36:18.331933585Z
1647876977.9729168,2022-03-21T15:36:18.335535528Z
1647876977.9926023,2022-03-21T15:36:18.339539106Z
1647876978.0057244,2022-03-21T15:36:18.342185859Z
1647876977.999152,2022-03-21T15:36:18.34373505Z
1647876977.979521,2022-03-21T15:36:18.345478688Z
1647876977.9597874,2022-03-21T15:36:18.349329389Z
1647876978.0456595,2022-03-21T15:36:18.367154087Z
1647876978.026026,2022-03-21T15:36:18.370922094Z
1647876978.0325763,2022-03-21T15:36:18.374143227Z
1647876978.0391262,2022-03-21T15:36:18.37752177Z
1647876978.056062,2022-03-21T15:36:18.382839655Z
1647876978.0122733,2022-03-21T15:36:18.386417127Z
1647876978.0194452,2022-03-21T15:36:18.389329157Z
1647876978.062626,2022-03-21T15:36:18.392491923Z
1647876978.069171,2022-03-21T15:36:18.432339962Z
1647876978.0757449,2022-03-21T15:36:18.43310063Z
1647876978.1085596,2022-03-21T15:36:18.482363638Z
1647876978.0954485,2022-03-21T15:36:18.485731042Z
1647876978.0822923,2022-03-21T15:36:18.490195326Z
1647876978.1347895,2022-03-21T15:36:18.494266561Z
1647876978.1413424,2022-03-21T15:36:18.499799513Z
1647876978.1282074,2022-03-21T15:36:18.50827537Z
1647876978.1544473,2022-03-21T15:36:18.514192113Z
1647876978.0888643,2022-03-21T15:36:18.516286162Z
1647876978.1479256,2022-03-21T15:36:18.51933829Z
1647876978.160989,2022-03-21T15:36:18.52266903Z
1647876978.226643,2022-03-21T15:36:18.527962804Z
1647876978.1020184,2022-03-21T15:36:18.529919917Z
1647876978.115109,2022-03-21T15:36:18.53660654Z
1647876978.1675596,2022-03-21T15:36:18.538533561Z
1647876978.2070343,2022-03-21T15:36:18.54156831Z
1647876978.193917,2022-03-21T15:36:18.544383325Z
1647876978.2201128,2022-03-21T15:36:18.546527366Z
1647876978.1741118,2022-03-21T15:36:18.548438664Z
1647876978.1216528,2022-03-21T15:36:18.550965836Z
1647876978.180661,2022-03-21T15:36:18.551802384Z
1647876978.213566,2022-03-21T15:36:18.554032823Z
1647876978.2004938,2022-03-21T15:36:18.557346109Z
1647876978.1873412,2022-03-21T15:36:18.560403054Z
1647876978.2331913,2022-03-21T15:36:18.595453059Z
1647876978.2397454,2022-03-21T15:36:18.596879831Z
1647876978.265922,2022-03-21T15:36:18.599718974Z
1647876978.2528164,2022-03-21T15:36:18.604111472Z
1647876978.2462623,2022-03-21T15:36:18.611572976Z
1647876978.2593815,2022-03-21T15:36:18.617853082Z
1647876978.2724998,2022-03-21T15:36:18.656081667Z
1647876978.2790496,2022-03-21T15:36:18.656372725Z
1647876978.298711,2022-03-21T15:36:18.662057Z
1647876978.285606,2022-03-21T15:36:18.662270084Z
1647876978.2921593,2022-03-21T15:36:18.667612524Z
1647876978.3052516,2022-03-21T15:36:18.669249217Z
1647876978.3449965,2022-03-21T15:36:18.696686161Z
1647876978.3712878,2022-03-21T15:36:18.698743757Z
1647876978.3974493,2022-03-21T15:36:18.700765904Z
1647876978.3380656,2022-03-21T15:36:18.706928135Z
1647876978.3248937,2022-03-21T15:36:18.708283069Z
1647876978.3315122,2022-03-21T15:36:18.712791486Z
1647876978.3777351,2022-03-21T15:36:18.713905704Z
1647876978.390901,2022-03-21T15:36:18.717004124Z
1647876978.3516078,2022-03-21T15:36:18.719524721Z
1647876978.311782,2022-03-21T15:36:18.721771785Z
1647876978.384321,2022-03-21T15:36:18.724202351Z
1647876978.35817,2022-03-21T15:36:18.726747761Z
1647876978.318318,2022-03-21T15:36:18.729261751Z
1647876978.3647394,2022-03-21T15:36:18.73143273Z
1647876978.4236312,2022-03-21T15:36:18.766107286Z
1647876978.4367063,2022-03-21T15:36:18.766317192Z
1647876978.4105546,2022-03-21T15:36:18.770347198Z
1647876978.4497514,2022-03-21T15:36:18.771318738Z
1647876978.4039905,2022-03-21T15:36:18.778230569Z
1647876978.4301598,2022-03-21T15:36:18.77972345Z
1647876978.4170735,2022-03-21T15:36:18.781516134Z
1647876978.4432328,2022-03-21T15:36:18.782673529Z
1647876978.456265,2022-03-21T15:36:18.832950086Z
1647876978.4628131,2022-03-21T15:36:18.833614026Z
1647876978.515149,2022-03-21T15:36:18.861254566Z
1647876978.4823673,2022-03-21T15:36:18.863630706Z
1647876978.5545006,2022-03-21T15:36:18.865592123Z
1647876978.5282736,2022-03-21T15:36:18.867410931Z
1647876978.4955058,2022-03-21T15:36:18.869059249Z
1647876978.521725,2022-03-21T15:36:18.871411521Z
1647876978.5479205,2022-03-21T15:36:18.872777274Z
1647876978.4888978,2022-03-21T15:36:18.879878273Z
1647876978.534834,2022-03-21T15:36:18.880220311Z
1647876978.5086129,2022-03-21T15:36:18.881044504Z
1647876978.5020592,2022-03-21T15:36:18.884674102Z
1647876978.5413513,2022-03-21T15:36:18.885882013Z
1647876978.4692974,2022-03-21T15:36:18.888307341Z
1647876978.475818,2022-03-21T15:36:18.894919887Z
1647876978.5939221,2022-03-21T15:36:18.933730322Z
1647876978.5741806,2022-03-21T15:36:18.937882102Z
1647876978.5676332,2022-03-21T15:36:18.939503335Z
1647876978.587333,2022-03-21T15:36:18.944613199Z
1647876978.5807474,2022-03-21T15:36:18.945611463Z
1647876978.600497,2022-03-21T15:36:18.955143308Z
1647876978.6070142,2022-03-21T15:36:18.957556856Z
1647876978.5610507,2022-03-21T15:36:18.961164851Z
1647876978.659484,2022-03-21T15:36:18.981390466Z
1647876978.6660373,2022-03-21T15:36:18.98598457Z
1647876978.6201177,2022-03-21T15:36:18.989857562Z
1647876978.6331496,2022-03-21T15:36:18.990904009Z
1647876978.613568,2022-03-21T15:36:18.99316168Z
1647876978.6265938,2022-03-21T15:36:18.995925404Z
1647876978.65287,2022-03-21T15:36:18.999994437Z
1647876978.6397293,2022-03-21T15:36:19.005708072Z
1647876978.646286,2022-03-21T15:36:19.008866797Z
1647876978.7053037,2022-03-21T15:36:19.021006274Z
1647876978.718389,2022-03-21T15:36:19.021708724Z
1647876978.6726046,2022-03-21T15:36:19.022883406Z
1647876978.698742,2022-03-21T15:36:19.025021114Z
1647876978.6791213,2022-03-21T15:36:19.029721074Z
1647876978.7118397,2022-03-21T15:36:19.030160847Z
1647876978.692187,2022-03-21T15:36:19.031508674Z
1647876978.6856713,2022-03-21T15:36:19.033382815Z
1647876978.751171,2022-03-21T15:36:19.091590648Z
1647876978.7249684,2022-03-21T15:36:19.091633992Z
1647876978.7643096,2022-03-21T15:36:19.100431192Z
1647876978.7708843,2022-03-21T15:36:19.106792594Z
1647876978.7577484,2022-03-21T15:36:19.106807362Z
1647876978.777444,2022-03-21T15:36:19.146402776Z
1647876978.7315571,2022-03-21T15:36:19.147845807Z
1647876978.738073,2022-03-21T15:36:19.150322882Z
1647876978.7446215,2022-03-21T15:36:19.156371275Z
1647876978.803631,2022-03-21T15:36:19.174423246Z
1647876978.783984,2022-03-21T15:36:19.17799319Z
1647876978.7905245,2022-03-21T15:36:19.185574606Z
1647876978.7970831,2022-03-21T15:36:19.192203019Z
1647876978.8365273,2022-03-21T15:36:19.219054609Z
1647876978.8561091,2022-03-21T15:36:19.221456892Z
1647876978.888839,2022-03-21T15:36:19.225790527Z
1647876978.875762,2022-03-21T15:36:19.227693475Z
1647876978.8495867,2022-03-21T15:36:19.231387229Z
1647876978.82336,2022-03-21T15:36:19.235847388Z
1647876978.8299491,2022-03-21T15:36:19.240100243Z
1647876978.8430672,2022-03-21T15:36:19.243358681Z
1647876978.8822978,2022-03-21T15:36:19.246772155Z
1647876978.8691735,2022-03-21T15:36:19.248576063Z
1647876978.8167717,2022-03-21T15:36:19.250340676Z
1647876978.810196,2022-03-21T15:36:19.253967089Z
1647876978.8626378,2022-03-21T15:36:19.257737723Z
1647876978.9281673,2022-03-21T15:36:19.291898185Z
1647876978.9347563,2022-03-21T15:36:19.299855283Z
1647876978.9019217,2022-03-21T15:36:19.300943971Z
1647876978.921619,2022-03-21T15:36:19.301909886Z
1647876978.9085052,2022-03-21T15:36:19.302498835Z
1647876978.9412653,2022-03-21T15:36:19.3060743Z
1647876978.895384,2022-03-21T15:36:19.308309203Z
1647876978.9150672,2022-03-21T15:36:19.308754163Z
1647876978.9543452,2022-03-21T15:36:19.345172913Z
1647876978.9675744,2022-03-21T15:36:19.352447782Z
1647876978.9478292,2022-03-21T15:36:19.354005996Z
1647876978.9608843,2022-03-21T15:36:19.35684407Z
1647876979.0199587,2022-03-21T15:36:19.420051298Z
1647876979.0133848,2022-03-21T15:36:19.42250454Z
1647876979.026536,2022-03-21T15:36:19.432204837Z
1647876978.980611,2022-03-21T15:36:19.43302068Z
1647876979.0396352,2022-03-21T15:36:19.433349417Z
1647876978.974096,2022-03-21T15:36:19.43562506Z
1647876978.9871619,2022-03-21T15:36:19.43844266Z
1647876979.0461776,2022-03-21T15:36:19.440674595Z
1647876978.993733,2022-03-21T15:36:19.442630979Z
1647876979.0002465,2022-03-21T15:36:19.445679483Z
1647876979.033047,2022-03-21T15:36:19.449550014Z
1647876979.0068314,2022-03-21T15:36:19.452025688Z
1647876979.105268,2022-03-21T15:36:19.478750716Z
1647876979.0921414,2022-03-21T15:36:19.48087548Z
1647876979.0790389,2022-03-21T15:36:19.483047907Z
1647876979.0659156,2022-03-21T15:36:19.485022406Z
1647876979.0527596,2022-03-21T15:36:19.487848561Z
1647876979.0855973,2022-03-21T15:36:19.488909162Z
1647876979.0724497,2022-03-21T15:36:19.49139083Z
1647876979.0987136,2022-03-21T15:36:19.49205331Z
1647876979.0593383,2022-03-21T15:36:19.494438371Z
1647876979.1118035,2022-03-21T15:36:19.529678957Z
1647876979.1446702,2022-03-21T15:36:19.531783663Z
1647876979.1249456,2022-03-21T15:36:19.534063338Z
1647876979.1183548,2022-03-21T15:36:19.536923579Z
1647876979.1315732,2022-03-21T15:36:19.538404676Z
1647876979.1512167,2022-03-21T15:36:19.542562422Z
1647876979.1381266,2022-03-21T15:36:19.543861861Z
1647876979.2299912,2022-03-21T15:36:19.575768541Z
1647876979.1643462,2022-03-21T15:36:19.57809091Z
1647876979.2168694,2022-03-21T15:36:19.579674689Z
1647876979.1906126,2022-03-21T15:36:19.58248984Z
1647876979.1709287,2022-03-21T15:36:19.584745665Z
1647876979.2430785,2022-03-21T15:36:19.58742695Z
1647876979.2234328,2022-03-21T15:36:19.588561588Z
1647876979.2365654,2022-03-21T15:36:19.591069256Z
1647876979.1840565,2022-03-21T15:36:19.592749043Z
1647876979.2037382,2022-03-21T15:36:19.594447843Z
1647876979.1577888,2022-03-21T15:36:19.597690895Z
1647876979.1971462,2022-03-21T15:36:19.599351687Z
1647876979.1775038,2022-03-21T15:36:19.604166072Z
1647876979.210293,2022-03-21T15:36:19.604567412Z
1647876979.2632358,2022-03-21T15:36:19.628322231Z
1647876979.2828496,2022-03-21T15:36:19.638982488Z
1647876979.2959917,2022-03-21T15:36:19.643359971Z
1647876979.2762616,2022-03-21T15:36:19.644864036Z
1647876979.302564,2022-03-21T15:36:19.647445818Z
1647876979.26974,2022-03-21T15:36:19.650286287Z
1647876979.249582,2022-03-21T15:36:19.658022781Z
1647876979.289411,2022-03-21T15:36:19.65893224Z
1647876979.2566817,2022-03-21T15:36:19.661130121Z
1647876979.361626,2022-03-21T15:36:19.683047226Z
1647876979.3157012,2022-03-21T15:36:19.687976979Z
1647876979.3681815,2022-03-21T15:36:19.691344976Z
1647876979.3747463,2022-03-21T15:36:19.693784364Z
1647876979.3419738,2022-03-21T15:36:19.698913141Z
1647876979.309136,2022-03-21T15:36:19.698930066Z
1647876979.3287876,2022-03-21T15:36:19.703177873Z
1647876979.3222165,2022-03-21T15:36:19.709063339Z
1647876979.3550754,2022-03-21T15:36:19.710011532Z
1647876979.3353853,2022-03-21T15:36:19.710694485Z
1647876979.3485293,2022-03-21T15:36:19.711162428Z
1647876979.3944294,2022-03-21T15:36:19.723616131Z
1647876979.4206443,2022-03-21T15:36:19.727643696Z
1647876979.400971,2022-03-21T15:36:19.730187444Z
1647876979.4141226,2022-03-21T15:36:19.734452298Z
1647876979.4337344,2022-03-21T15:36:19.739429955Z
1647876979.3812962,2022-03-21T15:36:19.740056834Z
1647876979.3878794,2022-03-21T15:36:19.740258971Z
1647876979.4075615,2022-03-21T15:36:19.740473315Z
1647876979.4271646,2022-03-21T15:36:19.740769761Z
1647876979.4796672,2022-03-21T15:36:19.762813306Z
1647876979.505953,2022-03-21T15:36:19.764758172Z
1647876979.459966,2022-03-21T15:36:19.769415968Z
1647876979.4927783,2022-03-21T15:36:19.771313084Z
1647876979.473122,2022-03-21T15:36:19.773289264Z
1647876979.4862072,2022-03-21T15:36:19.776191508Z
1647876979.4402816,2022-03-21T15:36:19.781642567Z
1647876979.4468496,2022-03-21T15:36:19.794381946Z
1647876979.538661,2022-03-21T15:36:19.798620082Z
1647876979.4993715,2022-03-21T15:36:19.80179968Z
1647876979.466546,2022-03-21T15:36:19.804422341Z
1647876979.5321128,2022-03-21T15:36:19.807432381Z
1647876979.519013,2022-03-21T15:36:19.80801381Z
1647876979.4533968,2022-03-21T15:36:19.819607284Z
1647876979.5125005,2022-03-21T15:36:19.820128Z
1647876979.5517359,2022-03-21T15:36:19.820628157Z
1647876979.545175,2022-03-21T15:36:19.82123353Z
1647876979.525561,2022-03-21T15:36:19.821446187Z
1647876979.55827,2022-03-21T15:36:19.821632543Z
1647876979.6041238,2022-03-21T15:36:19.83331798Z
1647876979.5648284,2022-03-21T15:36:19.836110547Z
1647876979.5713987,2022-03-21T15:36:19.83792453Z
1647876979.5779421,2022-03-21T15:36:19.840211921Z
1647876979.591025,2022-03-21T15:36:19.845202712Z
1647876979.5844781,2022-03-21T15:36:19.847345107Z
1647876979.5975788,2022-03-21T15:36:19.847371192Z
1647876979.6172462,2022-03-21T15:36:19.858577233Z
1647876979.6500921,2022-03-21T15:36:19.861017775Z
1647876979.636942,2022-03-21T15:36:19.863143859Z
1647876979.610696,2022-03-21T15:36:19.865443492Z
1647876979.643544,2022-03-21T15:36:19.867790769Z
1647876979.623811,2022-03-21T15:36:19.86992469Z
1647876979.65664,2022-03-21T15:36:19.872085717Z
1647876979.630358,2022-03-21T15:36:19.874581791Z
1647876979.6631892,2022-03-21T15:36:19.893873615Z
1647876979.7025602,2022-03-21T15:36:19.918939899Z
1647876979.7091095,2022-03-21T15:36:19.920662402Z
1647876979.6697524,2022-03-21T15:36:19.92667124Z
1647876979.676316,2022-03-21T15:36:19.929054517Z
1647876979.6960113,2022-03-21T15:36:19.931353996Z
1647876979.6828928,2022-03-21T15:36:19.934227461Z
1647876979.6894422,2022-03-21T15:36:19.936022685Z
1647876979.7156582,2022-03-21T15:36:19.946852544Z
1647876979.7353399,2022-03-21T15:36:19.95010083Z
1647876979.7221897,2022-03-21T15:36:19.951027178Z
1647876979.7419267,2022-03-21T15:36:19.95559141Z
1647876979.7287552,2022-03-21T15:36:19.958147167Z
1647876979.76819,2022-03-21T15:36:19.969015854Z
1647876979.7813077,2022-03-21T15:36:19.972713357Z
1647876979.7485416,2022-03-21T15:36:19.974512656Z
1647876979.761637,2022-03-21T15:36:19.976405034Z
1647876979.77476,2022-03-21T15:36:19.979485543Z
1647876979.7550857,2022-03-21T15:36:19.98348227Z
1647876979.794406,2022-03-21T15:36:19.993804606Z
1647876979.8140996,2022-03-21T15:36:19.996476992Z
1647876979.8009799,2022-03-21T15:36:19.998649504Z
1647876979.8075686,2022-03-21T15:36:20.001661663Z
1647876979.787865,2022-03-21T15:36:20.003212667Z
1647876979.8206248,2022-03-21T15:36:20.016342056Z
1647876979.8271394,2022-03-21T15:36:20.017747212Z
1647876979.8402705,2022-03-21T15:36:20.021610193Z
1647876979.833714,2022-03-21T15:36:20.025864778Z
1647876979.8665333,2022-03-21T15:36:20.048218506Z
1647876979.8533785,2022-03-21T15:36:20.05343319Z
1647876979.8599706,2022-03-21T15:36:20.05407254Z
1647876979.8468244,2022-03-21T15:36:20.056392222Z
1647876979.8731084,2022-03-21T15:36:20.060119262Z
1647876979.8992481,2022-03-21T15:36:20.072229747Z
1647876979.879638,2022-03-21T15:36:20.073768339Z
1647876979.9058163,2022-03-21T15:36:20.077980887Z
1647876979.8927152,2022-03-21T15:36:20.081220899Z
1647876979.8861563,2022-03-21T15:36:20.083755761Z
1647876979.9123635,2022-03-21T15:36:20.090654741Z
1647876979.9255044,2022-03-21T15:36:20.092818569Z
1647876979.9320536,2022-03-21T15:36:20.094308301Z
1647876979.918935,2022-03-21T15:36:20.096169015Z
1647876979.9386034,2022-03-21T15:36:20.107013275Z
1647876979.9517105,2022-03-21T15:36:20.109969047Z
1647876979.9451556,2022-03-21T15:36:20.113997075Z
1647876979.9582636,2022-03-21T15:36:20.116473559Z
1647876979.9713833,2022-03-21T15:36:20.131128321Z
1647876979.9779284,2022-03-21T15:36:20.134963504Z
1647876979.9648356,2022-03-21T15:36:20.135844716Z
1647876979.9844396,2022-03-21T15:36:20.151400573Z
1647876979.9975722,2022-03-21T15:36:20.152949809Z
1647876980.004134,2022-03-21T15:36:20.15926009Z
1647876979.9910123,2022-03-21T15:36:20.161150388Z
1647876980.0303504,2022-03-21T15:36:20.169639246Z
1647876980.0238175,2022-03-21T15:36:20.171363335Z
1647876980.0172563,2022-03-21T15:36:20.174839541Z
1647876980.0107043,2022-03-21T15:36:20.177052715Z
1647876980.0435002,2022-03-21T15:36:20.180394725Z
1647876980.050031,2022-03-21T15:36:20.18309653Z
1647876980.0631275,2022-03-21T15:36:20.184509629Z
1647876980.0565772,2022-03-21T15:36:20.187019883Z
1647876980.0368998,2022-03-21T15:36:20.190439292Z
1647876980.076208,2022-03-21T15:36:20.199232502Z
1647876980.0696595,2022-03-21T15:36:20.202541387Z
1647876980.0957763,2022-03-21T15:36:20.213636466Z
1647876980.0827792,2022-03-21T15:36:20.215365299Z
1647876980.0893033,2022-03-21T15:36:20.217493167Z
1647876980.1155105,2022-03-21T15:36:20.231045394Z
1647876980.1088982,2022-03-21T15:36:20.232716803Z
1647876980.1023257,2022-03-21T15:36:20.235828083Z
1647876980.14164,2022-03-21T15:36:20.25348915Z
1647876980.1285303,2022-03-21T15:36:20.256691884Z
1647876980.1350849,2022-03-21T15:36:20.259764371Z
1647876980.122045,2022-03-21T15:36:20.262293083Z
1647876980.1481965,2022-03-21T15:36:20.274723726Z
1647876980.1547527,2022-03-21T15:36:20.276855376Z
1647876980.1612914,2022-03-21T15:36:20.287337897Z
1647876980.1684546,2022-03-21T15:36:20.287595049Z
1647876980.175034,2022-03-21T15:36:20.301688405Z
1647876980.188133,2022-03-21T15:36:20.306158364Z
1647876980.1815813,2022-03-21T15:36:20.310823488Z
1647876980.2012463,2022-03-21T15:36:20.312989997Z
1647876980.194699,2022-03-21T15:36:20.31961976Z
1647876980.2143745,2022-03-21T15:36:20.327101709Z
1647876980.2078233,2022-03-21T15:36:20.327470233Z
1647876980.220931,2022-03-21T15:36:20.335891077Z
1647876980.2274995,2022-03-21T15:36:20.340468193Z
1647876980.2340102,2022-03-21T15:36:20.345014013Z
1647876980.2405624,2022-03-21T15:36:20.349089199Z
1647876980.2536623,2022-03-21T15:36:20.350402874Z
1647876980.247117,2022-03-21T15:36:20.351893026Z
1647876980.260212,2022-03-21T15:36:20.360859081Z
1647876980.273295,2022-03-21T15:36:20.363946493Z
1647876980.2667706,2022-03-21T15:36:20.365542916Z
1647876980.2863743,2022-03-21T15:36:20.380551515Z
1647876980.2798498,2022-03-21T15:36:20.384623043Z
1647876980.2995684,2022-03-21T15:36:20.390988295Z
1647876980.3060887,2022-03-21T15:36:20.395380501Z
1647876980.2929611,2022-03-21T15:36:20.401952369Z
1647876980.3126328,2022-03-21T15:36:20.408314762Z
1647876980.3257372,2022-03-21T15:36:20.416646393Z
1647876980.3388464,2022-03-21T15:36:20.428216068Z
1647876980.3191586,2022-03-21T15:36:20.434471194Z
1647876980.3322916,2022-03-21T15:36:20.435479718Z
1647876980.3519504,2022-03-21T15:36:20.440952351Z
1647876980.3453655,2022-03-21T15:36:20.444248218Z
1647876980.3651183,2022-03-21T15:36:20.449250375Z
1647876980.371671,2022-03-21T15:36:20.452116823Z
1647876980.358537,2022-03-21T15:36:20.452843932Z
1647876980.3782392,2022-03-21T15:36:20.455773277Z
1647876980.39142,2022-03-21T15:36:20.462758863Z
1647876980.3848283,2022-03-21T15:36:20.465962447Z
1647876980.4045577,2022-03-21T15:36:20.480031146Z
1647876980.4111228,2022-03-21T15:36:20.48171656Z
1647876980.417709,2022-03-21T15:36:20.4837395Z
1647876980.3980145,2022-03-21T15:36:20.486767599Z
1647876980.4242742,2022-03-21T15:36:20.490491829Z
1647876980.437431,2022-03-21T15:36:20.491766695Z
1647876980.4308686,2022-03-21T15:36:20.499068085Z
1647876980.4440124,2022-03-21T15:36:20.503740995Z
1647876980.4505694,2022-03-21T15:36:20.506140033Z
1647876980.4637115,2022-03-21T15:36:20.511709917Z
1647876980.4571185,2022-03-21T15:36:20.517663882Z
1647876980.4702654,2022-03-21T15:36:20.522962761Z
1647876980.4768317,2022-03-21T15:36:20.531917582Z
1647876980.4833963,2022-03-21T15:36:20.532266606Z
1647876980.4899628,2022-03-21T15:36:20.542386996Z
1647876980.49655,2022-03-21T15:36:20.548405598Z
1647876980.5030804,2022-03-21T15:36:20.556860925Z
1647876980.5096378,2022-03-21T15:36:20.558401786Z
1647876980.516159,2022-03-21T15:36:20.562114172Z
1647876980.52275,2022-03-21T15:36:20.567582102Z
1647876980.5294158,2022-03-21T15:36:20.57176993Z
1647876980.536008,2022-03-21T15:36:20.574704595Z
1647876980.5425572,2022-03-21T15:36:20.578167394Z
1647876980.5491123,2022-03-21T15:36:20.581284248Z
1647876980.555714,2022-03-21T15:36:20.585114315Z
1647876980.5622876,2022-03-21T15:36:20.588171064Z
1647876980.568886,2022-03-21T15:36:20.592993082Z
1647876980.5754538,2022-03-21T15:36:20.595637988Z
1647876980.5820127,2022-03-21T15:36:20.600112045Z
1647876980.5885668,2022-03-21T15:36:20.60375443Z
1647876980.5951033,2022-03-21T15:36:20.6168093Z
1647876980.6016378,2022-03-21T15:36:20.62532824Z
1647876980.608175,2022-03-21T15:36:20.633424952Z
1647876980.6147597,2022-03-21T15:36:20.637007086Z
1647876980.6212826,2022-03-21T15:36:20.642695554Z
1647876980.627828,2022-03-21T15:36:20.656712617Z
1647876980.6343803,2022-03-21T15:36:20.667107895Z
1647876980.6409466,2022-03-21T15:36:20.672048695Z
1647876980.6475675,2022-03-21T15:36:20.675979477Z
1647876980.654113,2022-03-21T15:36:20.678996902Z
1647876980.6606421,2022-03-21T15:36:20.684045172Z
1647876980.66719,2022-03-21T15:36:20.687401283Z
1647876980.673774,2022-03-21T15:36:20.695724434Z
1647876980.6803334,2022-03-21T15:36:20.699935842Z
1647876980.6869295,2022-03-21T15:36:20.702225722Z
1647876980.693515,2022-03-21T15:36:20.705514904Z
1647876980.700082,2022-03-21T15:36:20.713702181Z
1647876980.706648,2022-03-21T15:36:20.718087569Z
1647876980.713204,2022-03-21T15:36:20.724087151Z
1647876980.7197607,2022-03-21T15:36:20.728390488Z
1647876980.7263324,2022-03-21T15:36:20.741282276Z
1647876980.7329206,2022-03-21T15:36:20.742840444Z
1647876980.7395427,2022-03-21T15:36:20.751590999Z
1647876980.7461047,2022-03-21T15:36:20.755920351Z
1647876980.7526586,2022-03-21T15:36:20.762360497Z
1647876980.7592218,2022-03-21T15:36:20.768613675Z
1647876980.7657988,2022-03-21T15:36:20.774480232Z
1647876980.7723393,2022-03-21T15:36:20.78319051Z
1647876980.77891,2022-03-21T15:36:20.789648799Z
1647876980.7854395,2022-03-21T15:36:20.799995657Z
1647876980.7919972,2022-03-21T15:36:20.805910127Z
1647876980.798563,2022-03-21T15:36:20.806275481Z
1647876980.8050518,2022-03-21T15:36:20.814242256Z
1647876980.8116312,2022-03-21T15:36:20.819161311Z
1647876980.818156,2022-03-21T15:36:20.833311163Z
1647876980.824658,2022-03-21T15:36:20.837243429Z
1647876980.8312073,2022-03-21T15:36:20.841071198Z
1647876980.8377914,2022-03-21T15:36:20.848713437Z
1647876980.8443263,2022-03-21T15:36:20.855807848Z
1647876980.8509195,2022-03-21T15:36:20.864374425Z
1647876980.8574429,2022-03-21T15:36:20.867218143Z
1647876980.8640075,2022-03-21T15:36:20.875714852Z
1647876980.8705394,2022-03-21T15:36:20.881017703Z
1647876980.8770602,2022-03-21T15:36:20.88923714Z
1647876980.883654,2022-03-21T15:36:20.891983639Z
1647876980.89022,2022-03-21T15:36:20.901102824Z
1647876980.896801,2022-03-21T15:36:20.904716325Z
1647876980.9033897,2022-03-21T15:36:20.91409731Z
1647876980.9099724,2022-03-21T15:36:20.921598247Z
1647876980.9165516,2022-03-21T15:36:20.925423931Z
1647876980.9230938,2022-03-21T15:36:20.938315156Z
1647876980.9296155,2022-03-21T15:36:20.942905549Z
1647876980.9361625,2022-03-21T15:36:20.949028601Z
1647876980.9427056,2022-03-21T15:36:20.954920942Z
1647876980.9492352,2022-03-21T15:36:20.959451349Z
1647876980.955793,2022-03-21T15:36:20.967654859Z
1647876980.9623342,2022-03-21T15:36:20.975437771Z
1647876980.9688993,2022-03-21T15:36:20.979589162Z
1647876980.9755228,2022-03-21T15:36:20.984738132Z
1647876980.9821382,2022-03-21T15:36:20.992003565Z
1647876980.9888415,2022-03-21T15:36:21.003203081Z
1647876980.9955099,2022-03-21T15:36:21.004419365Z
1647876981.0020738,2022-03-21T15:36:21.01721896Z
1647876981.0086336,2022-03-21T15:36:21.021962762Z
1647876981.015179,2022-03-21T15:36:21.031246256Z
1647876981.0217261,2022-03-21T15:36:21.035229776Z
1647876981.0282826,2022-03-21T15:36:21.039483978Z
1647876981.034852,2022-03-21T15:36:21.045283172Z
1647876981.0413883,2022-03-21T15:36:21.052006265Z
1647876981.0479457,2022-03-21T15:36:21.056279842Z
1647876981.0545292,2022-03-21T15:36:21.066955395Z
1647876981.0611126,2022-03-21T15:36:21.073863031Z
1647876981.0676658,2022-03-21T15:36:21.080248293Z
1647876981.0742283,2022-03-21T15:36:21.082834381Z
1647876981.0808067,2022-03-21T15:36:21.09126954Z
1647876981.0873947,2022-03-21T15:36:21.102265354Z
1647876981.0939803,2022-03-21T15:36:21.113703844Z
1647876981.100548,2022-03-21T15:36:21.118167023Z
1647876981.1071084,2022-03-21T15:36:21.12200721Z
1647876981.113631,2022-03-21T15:36:21.12628037Z
1647876981.1201742,2022-03-21T15:36:21.131825187Z
1647876981.1267471,2022-03-21T15:36:21.141514306Z
1647876981.1333117,2022-03-21T15:36:21.151338807Z
1647876981.139907,2022-03-21T15:36:21.151817354Z
1647876981.1464918,2022-03-21T15:36:21.158649161Z
1647876981.153059,2022-03-21T15:36:21.176004068Z
1647876981.1596634,2022-03-21T15:36:21.178491858Z
1647876981.1662283,2022-03-21T15:36:21.180791016Z
1647876981.1728168,2022-03-21T15:36:21.190388044Z
1647876981.1793818,2022-03-21T15:36:21.198169813Z
1647876981.1859293,2022-03-21T15:36:21.204483021Z
1647876981.1925066,2022-03-21T15:36:21.216236945Z
1647876981.1990376,2022-03-21T15:36:21.221632104Z
1647876981.205569,2022-03-21T15:36:21.234134555Z
1647876981.2120965,2022-03-21T15:36:21.236525742Z
1647876981.2252173,2022-03-21T15:36:21.252103693Z
1647876981.2186577,2022-03-21T15:36:21.256242603Z
1647876981.2318044,2022-03-21T15:36:21.270897155Z
1647876981.238365,2022-03-21T15:36:21.275988805Z
1647876981.24497,2022-03-21T15:36:21.2788555Z
1647876981.2515574,2022-03-21T15:36:21.28970945Z
1647876981.2581313,2022-03-21T15:36:21.293435932Z
1647876981.2647161,2022-03-21T15:36:21.298775881Z
1647876981.271247,2022-03-21T15:36:21.307559253Z
1647876981.2778084,2022-03-21T15:36:21.312725866Z
1647876981.284352,2022-03-21T15:36:21.327993351Z
1647876981.2909303,2022-03-21T15:36:21.329422114Z
1647876981.2975156,2022-03-21T15:36:21.331285217Z
1647876981.3040426,2022-03-21T15:36:21.340412421Z
1647876981.310662,2022-03-21T15:36:21.343397445Z
1647876981.3172088,2022-03-21T15:36:21.356530113Z
1647876981.323775,2022-03-21T15:36:21.37236354Z
1647876981.3303418,2022-03-21T15:36:21.372708069Z
1647876981.3368862,2022-03-21T15:36:21.380427092Z
1647876981.3435016,2022-03-21T15:36:21.388111532Z
1647876981.350057,2022-03-21T15:36:21.393621129Z
1647876981.3565967,2022-03-21T15:36:21.400183105Z
1647876981.3631423,2022-03-21T15:36:21.405888822Z
1647876981.3696606,2022-03-21T15:36:21.408857144Z
1647876981.376207,2022-03-21T15:36:21.417561986Z
1647876981.3827739,2022-03-21T15:36:21.423242376Z
1647876981.3893058,2022-03-21T15:36:21.429693737Z
1647876981.3958645,2022-03-21T15:36:21.439209974Z
1647876981.4024227,2022-03-21T15:36:21.442758858Z
1647876981.4090054,2022-03-21T15:36:21.452325858Z
1647876981.4155889,2022-03-21T15:36:21.455243708Z
1647876981.4221194,2022-03-21T15:36:21.461415849Z
1647876981.4286425,2022-03-21T15:36:21.469102566Z
1647876981.4351933,2022-03-21T15:36:21.477843966Z
1647876981.441785,2022-03-21T15:36:21.485270865Z
1647876981.4483492,2022-03-21T15:36:21.492131725Z
1647876981.4549265,2022-03-21T15:36:21.497159127Z
1647876981.4615192,2022-03-21T15:36:21.505131919Z
1647876981.4680378,2022-03-21T15:36:21.516585175Z
1647876981.4746156,2022-03-21T15:36:21.521207299Z
1647876981.4811697,2022-03-21T15:36:21.530796586Z
1647876981.4877603,2022-03-21T15:36:21.546032269Z
1647876981.4942904,2022-03-21T15:36:21.549109953Z
1647876981.5008304,2022-03-21T15:36:21.556309529Z
1647876981.5074189,2022-03-21T15:36:21.565872341Z
1647876981.5140114,2022-03-21T15:36:21.57251676Z
1647876981.5205774,2022-03-21T15:36:21.587487225Z
1647876981.5271451,2022-03-21T15:36:21.590287776Z
1647876981.533702,2022-03-21T15:36:21.599836286Z
1647876981.5402656,2022-03-21T15:36:21.615351543Z
1647876981.5534034,2022-03-21T15:36:21.620563783Z
1647876981.546846,2022-03-21T15:36:21.62121097Z
1647876981.5599968,2022-03-21T15:36:21.624441853Z
1647876981.5731268,2022-03-21T15:36:21.626538867Z
1647876981.579721,2022-03-21T15:36:21.631455094Z
1647876981.566555,2022-03-21T15:36:21.645576533Z
1647876981.5928435,2022-03-21T15:36:21.647265227Z
1647876981.5862846,2022-03-21T15:36:21.653585434Z
1647876981.5994368,2022-03-21T15:36:21.659595403Z
1647876981.6125858,2022-03-21T15:36:21.664662313Z
1647876981.6060312,2022-03-21T15:36:21.667590224Z
1647876981.619136,2022-03-21T15:36:21.676592333Z
1647876981.625707,2022-03-21T15:36:21.680237741Z
1647876981.6322503,2022-03-21T15:36:21.684553636Z
1647876981.645356,2022-03-21T15:36:21.690242347Z
1647876981.651933,2022-03-21T15:36:21.697206668Z
1647876981.6388185,2022-03-21T15:36:21.699740281Z
1647876981.6585095,2022-03-21T15:36:21.710922374Z
1647876981.665053,2022-03-21T15:36:21.715871993Z
1647876981.671639,2022-03-21T15:36:21.720577071Z
1647876981.6781924,2022-03-21T15:36:21.723533543Z
1647876981.6847768,2022-03-21T15:36:21.732770232Z
1647876981.6913333,2022-03-21T15:36:21.738903272Z
1647876981.697877,2022-03-21T15:36:21.742615962Z
1647876981.7044399,2022-03-21T15:36:21.745695135Z
1647876981.7110186,2022-03-21T15:36:21.753867436Z
1647876981.7175694,2022-03-21T15:36:21.757847334Z
1647876981.7241182,2022-03-21T15:36:21.765865714Z
1647876981.730674,2022-03-21T15:36:21.769332827Z
1647876981.737188,2022-03-21T15:36:21.770979561Z
1647876981.7437465,2022-03-21T15:36:21.775662834Z
1647876981.7502875,2022-03-21T15:36:21.787337876Z
1647876981.7568526,2022-03-21T15:36:21.790468436Z
1647876981.7634447,2022-03-21T15:36:21.797710958Z
1647876981.7700021,2022-03-21T15:36:21.800245261Z
1647876981.7765677,2022-03-21T15:36:21.806546895Z
1647876981.7831159,2022-03-21T15:36:21.812256914Z
1647876981.7896671,2022-03-21T15:36:21.823134574Z
1647876981.796749,2022-03-21T15:36:21.833906191Z
1647876981.8033326,2022-03-21T15:36:21.843526184Z
1647876981.8099105,2022-03-21T15:36:21.847845276Z
1647876981.8164818,2022-03-21T15:36:21.85240763Z
1647876981.8230355,2022-03-21T15:36:21.861179651Z
1647876981.8295653,2022-03-21T15:36:21.866345376Z
1647876981.8361173,2022-03-21T15:36:21.869089809Z
1647876981.8426456,2022-03-21T15:36:21.880635969Z
1647876981.8491943,2022-03-21T15:36:21.884615348Z
1647876981.8557708,2022-03-21T15:36:21.886030192Z
1647876981.8623137,2022-03-21T15:36:21.89684608Z
1647876981.8688202,2022-03-21T15:36:21.906730733Z
1647876981.875406,2022-03-21T15:36:21.907934855Z
1647876981.881898,2022-03-21T15:36:21.910562638Z
1647876981.8884146,2022-03-21T15:36:21.919191708Z
1647876981.8949518,2022-03-21T15:36:21.93046736Z
1647876981.9015074,2022-03-21T15:36:21.937024112Z
1647876981.9080234,2022-03-21T15:36:21.939284214Z
1647876981.914583,2022-03-21T15:36:21.944070682Z
1647876981.9211414,2022-03-21T15:36:21.956958737Z
1647876981.9277303,2022-03-21T15:36:21.961117701Z
1647876981.9342833,2022-03-21T15:36:21.966750395Z
1647876981.9408867,2022-03-21T15:36:21.96917074Z
1647876981.9475029,2022-03-21T15:36:21.970769542Z
1647876981.9540682,2022-03-21T15:36:21.978244421Z
1647876981.9606366,2022-03-21T15:36:21.985478148Z
1647876981.9671655,2022-03-21T15:36:21.990836297Z
1647876981.9737182,2022-03-21T15:36:21.993864724Z
1647876981.9802585,2022-03-21T15:36:22.000988019Z
1647876981.986802,2022-03-21T15:36:22.007763553Z
1647876981.9933627,2022-03-21T15:36:22.010315684Z
1647876981.9999044,2022-03-21T15:36:22.01317623Z
1647876982.006455,2022-03-21T15:36:22.020097143Z
1647876982.0130377,2022-03-21T15:36:22.028487815Z
1647876982.0196009,2022-03-21T15:36:22.033484743Z
1647876982.0261543,2022-03-21T15:36:22.038038948Z
1647876982.03274,2022-03-21T15:36:22.042292226Z
1647876982.0393376,2022-03-21T15:36:22.050496488Z
1647876982.0458906,2022-03-21T15:36:22.058587395Z
1647876982.052441,2022-03-21T15:36:22.064732402Z
1647876982.059014,2022-03-21T15:36:22.070355465Z
1647876982.0655692,2022-03-21T15:36:22.074315497Z
1647876982.07212,2022-03-21T15:36:22.081093293Z
1647876982.0787172,2022-03-21T15:36:22.0878474Z
1647876982.0852778,2022-03-21T15:36:22.09493458Z
1647876982.091957,2022-03-21T15:36:22.101634854Z
1647876982.0985332,2022-03-21T15:36:22.108294645Z
1647876982.1051161,2022-03-21T15:36:22.1142359Z
1647876982.111668,2022-03-21T15:36:22.124394732Z
1647876982.1182184,2022-03-21T15:36:22.13098602Z
1647876982.1247928,2022-03-21T15:36:22.134158999Z
1647876982.131353,2022-03-21T15:36:22.13983273Z
1647876982.1379282,2022-03-21T15:36:22.146790713Z
1647876982.1445043,2022-03-21T15:36:22.153095297Z
1647876982.1510525,2022-03-21T15:36:22.160397499Z
1647876982.1575954,2022-03-21T15:36:22.166919395Z
1647876982.1641488,2022-03-21T15:36:22.172983627Z
1647876982.1707242,2022-03-21T15:36:22.179446098Z
1647876982.1772788,2022-03-21T15:36:22.185577797Z
1647876982.1838508,2022-03-21T15:36:22.193349565Z
1647876982.190412,2022-03-21T15:36:22.199757691Z
1647876982.1969519,2022-03-21T15:36:22.206403082Z
1647876982.203565,2022-03-21T15:36:22.212550473Z
1647876982.210128,2022-03-21T15:36:22.218336844Z
1647876982.2167025,2022-03-21T15:36:22.230315296Z
1647876982.2232664,2022-03-21T15:36:22.234034243Z
1647876982.2298326,2022-03-21T15:36:22.238627472Z
1647876982.2363799,2022-03-21T15:36:22.245533057Z
1647876982.2429454,2022-03-21T15:36:22.255499015Z
1647876982.2494988,2022-03-21T15:36:22.259378559Z
1647876982.25602,2022-03-21T15:36:22.267064307Z
1647876982.2625484,2022-03-21T15:36:22.271765545Z
1647876982.269129,2022-03-21T15:36:22.27735011Z
1647876982.2757025,2022-03-21T15:36:22.285629082Z
1647876982.2822533,2022-03-21T15:36:22.290960833Z
1647876982.288834,2022-03-21T15:36:22.298547769Z
1647876982.2954288,2022-03-21T15:36:22.30695342Z
1647876982.3020155,2022-03-21T15:36:22.311813429Z
1647876982.3085663,2022-03-21T15:36:22.332102794Z
1647876982.315115,2022-03-21T15:36:22.334136892Z
1647876982.3216417,2022-03-21T15:36:22.343309911Z
1647876982.3282013,2022-03-21T15:36:22.350289933Z
1647876982.3347719,2022-03-21T15:36:22.352471215Z
1647876982.3413303,2022-03-21T15:36:22.357043333Z
1647876982.3479047,2022-03-21T15:36:22.364664996Z
1647876982.3544831,2022-03-21T15:36:22.36920239Z
1647876982.361033,2022-03-21T15:36:22.373222976Z
1647876982.3676338,2022-03-21T15:36:22.377053123Z
1647876982.374166,2022-03-21T15:36:22.386567602Z
1647876982.3807473,2022-03-21T15:36:22.393221901Z
1647876982.387271,2022-03-21T15:36:22.399614633Z
1647876982.3938303,2022-03-21T15:36:22.405260874Z
1647876982.4003878,2022-03-21T15:36:22.416429129Z
1647876982.4069414,2022-03-21T15:36:22.422065703Z
1647876982.4134843,2022-03-21T15:36:22.436199262Z
1647876982.4200509,2022-03-21T15:36:22.448858395Z
1647876982.4266095,2022-03-21T15:36:22.469795008Z
1647876982.4331765,2022-03-21T15:36:22.478871713Z
1647876982.4397557,2022-03-21T15:36:22.482011425Z
1647876982.4463098,2022-03-21T15:36:22.492625317Z
1647876982.4528909,2022-03-21T15:36:22.495914762Z
1647876982.4595187,2022-03-21T15:36:22.502618048Z
1647876982.4660811,2022-03-21T15:36:22.507568734Z
1647876982.4726365,2022-03-21T15:36:22.516995434Z
1647876982.4792047,2022-03-21T15:36:22.519399843Z
1647876982.4923475,2022-03-21T15:36:22.525445983Z
1647876982.4857929,2022-03-21T15:36:22.52816297Z
1647876982.4989333,2022-03-21T15:36:22.534939601Z
1647876982.5058503,2022-03-21T15:36:22.537019245Z
1647876982.5124102,2022-03-21T15:36:22.540266686Z
1647876982.518985,2022-03-21T15:36:22.548776686Z
1647876982.5255394,2022-03-21T15:36:22.56298445Z
1647876982.532105,2022-03-21T15:36:22.564784874Z
1647876982.5386665,2022-03-21T15:36:22.574692539Z
1647876982.5452445,2022-03-21T15:36:22.578653522Z
1647876982.5518246,2022-03-21T15:36:22.591696876Z
1647876982.5583656,2022-03-21T15:36:22.595258463Z
1647876982.564909,2022-03-21T15:36:22.603971489Z
1647876982.57152,2022-03-21T15:36:22.606312357Z
1647876982.57837,2022-03-21T15:36:22.617032195Z
1647876982.5849516,2022-03-21T15:36:22.6221903Z
1647876982.591561,2022-03-21T15:36:22.632333195Z
1647876982.5981028,2022-03-21T15:36:22.636119936Z
1647876982.6046438,2022-03-21T15:36:22.656599496Z
1647876982.611189,2022-03-21T15:36:22.659253403Z
1647876982.6177614,2022-03-21T15:36:22.663643829Z
1647876982.6243105,2022-03-21T15:36:22.66873309Z
1647876982.6308796,2022-03-21T15:36:22.68360251Z
1647876982.6374278,2022-03-21T15:36:22.693905209Z
1647876982.6445262,2022-03-21T15:36:22.697828847Z
1647876982.6510527,2022-03-21T15:36:22.699239993Z
1647876982.6576118,2022-03-21T15:36:22.706477903Z
1647876982.6641707,2022-03-21T15:36:22.711764702Z
1647876982.6707506,2022-03-21T15:36:22.714832808Z
1647876982.6773064,2022-03-21T15:36:22.720085239Z
1647876982.6838965,2022-03-21T15:36:22.730868573Z
1647876982.690451,2022-03-21T15:36:22.73793187Z
1647876982.7036173,2022-03-21T15:36:22.746902634Z
1647876982.6970277,2022-03-21T15:36:22.748015462Z
1647876982.7101789,2022-03-21T15:36:22.751381486Z
1647876982.716733,2022-03-21T15:36:22.75872874Z
1647876982.7232842,2022-03-21T15:36:22.760339953Z
1647876982.7298565,2022-03-21T15:36:22.76682484Z
1647876982.736377,2022-03-21T15:36:22.782426625Z
1647876982.7495422,2022-03-21T15:36:22.787851407Z
1647876982.7429633,2022-03-21T15:36:22.790213536Z
1647876982.756075,2022-03-21T15:36:22.807004595Z
1647876982.7625926,2022-03-21T15:36:22.809611227Z
1647876982.7691503,2022-03-21T15:36:22.817048769Z
1647876982.7757137,2022-03-21T15:36:22.818947774Z
1647876982.7822673,2022-03-21T15:36:22.821162919Z
1647876982.7888427,2022-03-21T15:36:22.836063949Z
1647876982.7954044,2022-03-21T15:36:22.845226428Z
1647876982.8085399,2022-03-21T15:36:22.850329918Z
1647876982.8019958,2022-03-21T15:36:22.852800096Z
1647876982.8150814,2022-03-21T15:36:22.865068923Z
1647876982.821649,2022-03-21T15:36:22.869788963Z
1647876982.8281813,2022-03-21T15:36:22.871977921Z
1647876982.8347359,2022-03-21T15:36:22.878334564Z
1647876982.8412552,2022-03-21T15:36:22.890866434Z
1647876982.84781,2022-03-21T15:36:22.898073222Z
1647876982.8543282,2022-03-21T15:36:22.905648863Z
1647876982.8609128,2022-03-21T15:36:22.910841879Z
1647876982.8674474,2022-03-21T15:36:22.914071891Z
1647876982.8741276,2022-03-21T15:36:22.918361581Z
1647876982.8807142,2022-03-21T15:36:22.920480807Z
1647876982.8872569,2022-03-21T15:36:22.924457519Z
1647876982.893831,2022-03-21T15:36:22.93613046Z
1647876982.9003797,2022-03-21T15:36:22.943305827Z
1647876982.9134557,2022-03-21T15:36:22.949914441Z
1647876982.9069438,2022-03-21T15:36:22.951565521Z
1647876982.9200294,2022-03-21T15:36:22.959446623Z
1647876982.9265897,2022-03-21T15:36:22.964154984Z
1647876982.9331396,2022-03-21T15:36:22.966080799Z
1647876982.9397147,2022-03-21T15:36:22.969131733Z
1647876982.946259,2022-03-21T15:36:22.979444519Z
1647876982.9528253,2022-03-21T15:36:22.981550728Z
1647876982.9594202,2022-03-21T15:36:22.984449059Z
1647876982.9659698,2022-03-21T15:36:22.990434472Z
1647876982.9725206,2022-03-21T15:36:22.994146413Z
1647876982.9790356,2022-03-21T15:36:22.998596376Z
1647876982.9855945,2022-03-21T15:36:23.003634005Z
1647876982.992155,2022-03-21T15:36:23.013731537Z
1647876983.0053003,2022-03-21T15:36:23.021819824Z
1647876982.9987414,2022-03-21T15:36:23.023803592Z
1647876983.0118828,2022-03-21T15:36:23.030968954Z
1647876983.0184088,2022-03-21T15:36:23.033814425Z
1647876983.0249667,2022-03-21T15:36:23.036752129Z
1647876983.0315385,2022-03-21T15:36:23.042388199Z
1647876983.0380886,2022-03-21T15:36:23.048624441Z
1647876983.0446444,2022-03-21T15:36:23.052780202Z
1647876983.0511944,2022-03-21T15:36:23.065419887Z
1647876983.0577579,2022-03-21T15:36:23.07126168Z
1647876983.0643039,2022-03-21T15:36:23.080223314Z
1647876983.0708709,2022-03-21T15:36:23.083830212Z
1647876983.0773864,2022-03-21T15:36:23.086890678Z
1647876983.0839183,2022-03-21T15:36:23.092415774Z
1647876983.0970545,2022-03-21T15:36:23.110168903Z
1647876983.0904994,2022-03-21T15:36:23.112694956Z
1647876983.1036482,2022-03-21T15:36:23.114769924Z
1647876983.1102047,2022-03-21T15:36:23.121536916Z
1647876983.1167805,2022-03-21T15:36:23.12584046Z
1647876983.1233647,2022-03-21T15:36:23.132194585Z
1647876983.12991,2022-03-21T15:36:23.13854477Z
1647876983.1364849,2022-03-21T15:36:23.148237275Z
1647876983.1430545,2022-03-21T15:36:23.151910214Z
1647876983.1495733,2022-03-21T15:36:23.158085898Z
1647876983.1561317,2022-03-21T15:36:23.164798278Z
1647876983.1626666,2022-03-21T15:36:23.174984236Z
1647876983.169194,2022-03-21T15:36:23.185611881Z
1647876983.1757371,2022-03-21T15:36:23.18749074Z
1647876983.182281,2022-03-21T15:36:23.194870228Z
1647876983.188851,2022-03-21T15:36:23.198360587Z
1647876983.1954358,2022-03-21T15:36:23.204425828Z
1647876983.202023,2022-03-21T15:36:23.211214929Z
1647876983.2085774,2022-03-21T15:36:23.221171614Z
1647876983.2151542,2022-03-21T15:36:23.224555643Z
1647876983.2217085,2022-03-21T15:36:23.231202145Z
1647876983.2282639,2022-03-21T15:36:23.238786626Z
1647876983.2348359,2022-03-21T15:36:23.244148387Z
1647876983.241405,2022-03-21T15:36:23.249344919Z
1647876983.2479928,2022-03-21T15:36:23.257272472Z
1647876983.254573,2022-03-21T15:36:23.26590283Z
1647876983.26112,2022-03-21T15:36:23.269292719Z
1647876983.2677093,2022-03-21T15:36:23.27785293Z
1647876983.2742805,2022-03-21T15:36:23.282937776Z
1647876983.280858,2022-03-21T15:36:23.28975587Z
1647876983.2874525,2022-03-21T15:36:23.297677511Z
1647876983.294001,2022-03-21T15:36:23.302808172Z
1647876983.3005683,2022-03-21T15:36:23.310955963Z
1647876983.3071225,2022-03-21T15:36:23.315882558Z
1647876983.3137047,2022-03-21T15:36:23.321739826Z
1647876983.3202543,2022-03-21T15:36:23.328306405Z
1647876983.326815,2022-03-21T15:36:23.334960752Z
1647876983.3333757,2022-03-21T15:36:23.341727112Z
1647876983.339955,2022-03-21T15:36:23.349758903Z
1647876983.3463893,2022-03-21T15:36:23.354432756Z
1647876983.3529253,2022-03-21T15:36:23.367642864Z
1647876983.3599687,2022-03-21T15:36:23.370787822Z
1647876983.3665032,2022-03-21T15:36:23.378223677Z
1647876983.3730328,2022-03-21T15:36:23.395004555Z
1647876983.3796034,2022-03-21T15:36:23.411877051Z
1647876983.3861554,2022-03-21T15:36:23.416168644Z
1647876983.392745,2022-03-21T15:36:23.417849128Z
1647876983.399329,2022-03-21T15:36:23.420903772Z
1647876983.4059114,2022-03-21T15:36:23.424656957Z
1647876983.4190302,2022-03-21T15:36:23.432074976Z
1647876983.4124534,2022-03-21T15:36:23.434673691Z
1647876983.425587,2022-03-21T15:36:23.437422049Z
1647876983.4321387,2022-03-21T15:36:23.445433018Z
1647876983.4387047,2022-03-21T15:36:23.451893321Z
1647876983.4452536,2022-03-21T15:36:23.45742416Z
1647876983.4518204,2022-03-21T15:36:23.462438539Z
1647876983.4583695,2022-03-21T15:36:23.486164738Z
1647876983.464923,2022-03-21T15:36:23.495968075Z
1647876983.4715354,2022-03-21T15:36:23.499221951Z
1647876983.478093,2022-03-21T15:36:23.50710268Z
1647876983.484642,2022-03-21T15:36:23.519297181Z
1647876983.4911969,2022-03-21T15:36:23.520603144Z
1647876983.497755,2022-03-21T15:36:23.53664904Z
1647876983.5043023,2022-03-21T15:36:23.539598472Z
1647876983.5108786,2022-03-21T15:36:23.542023391Z
1647876983.5174458,2022-03-21T15:36:23.552847279Z
1647876983.5240223,2022-03-21T15:36:23.556729857Z
1647876983.5305717,2022-03-21T15:36:23.55760022Z
1647876983.53712,2022-03-21T15:36:23.568561663Z
1647876983.5437098,2022-03-21T15:36:23.572789456Z
1647876983.5502243,2022-03-21T15:36:23.575843021Z
1647876983.55679,2022-03-21T15:36:23.579892687Z
1647876983.5633783,2022-03-21T15:36:23.591726104Z
1647876983.5699286,2022-03-21T15:36:23.602613913Z
1647876983.5764437,2022-03-21T15:36:23.616974414Z
1647876983.5895686,2022-03-21T15:36:23.624618517Z
1647876983.5830176,2022-03-21T15:36:23.630086326Z
1647876983.5961244,2022-03-21T15:36:23.638166672Z
1647876983.6027043,2022-03-21T15:36:23.639188937Z
1647876983.6157887,2022-03-21T15:36:23.645982848Z
1647876983.6092188,2022-03-21T15:36:23.646623249Z
1647876983.6223056,2022-03-21T15:36:23.65317878Z
1647876983.6288767,2022-03-21T15:36:23.658633822Z
1647876983.635437,2022-03-21T15:36:23.665853688Z
1647876983.6420212,2022-03-21T15:36:23.686291061Z
1647876983.6552029,2022-03-21T15:36:23.695653615Z
1647876983.6485713,2022-03-21T15:36:23.702259443Z
1647876983.6617723,2022-03-21T15:36:23.705612974Z
1647876983.6683204,2022-03-21T15:36:23.711403763Z
1647876983.6814055,2022-03-21T15:36:23.715779362Z
1647876983.6748903,2022-03-21T15:36:23.719656598Z
1647876983.6879773,2022-03-21T15:36:23.725228326Z
1647876983.6945333,2022-03-21T15:36:23.730267017Z
1647876983.707679,2022-03-21T15:36:23.734947335Z
1647876983.7011197,2022-03-21T15:36:23.737474622Z
1647876983.7142327,2022-03-21T15:36:23.74413982Z
1647876983.7207987,2022-03-21T15:36:23.749542088Z
1647876983.727383,2022-03-21T15:36:23.755302793Z
1647876983.7339656,2022-03-21T15:36:23.757856932Z
1647876983.7405236,2022-03-21T15:36:23.761971369Z
1647876983.7470686,2022-03-21T15:36:23.767511761Z
1647876983.7536263,2022-03-21T15:36:23.77308945Z
1647876983.7601748,2022-03-21T15:36:23.777905136Z
1647876983.7667577,2022-03-21T15:36:23.780016026Z
1647876983.773273,2022-03-21T15:36:23.786979224Z
1647876983.7798378,2022-03-21T15:36:23.79668201Z
1647876983.7863977,2022-03-21T15:36:23.800457015Z
1647876983.7929568,2022-03-21T15:36:23.817276849Z
1647876983.8061118,2022-03-21T15:36:23.829678467Z
1647876983.7995539,2022-03-21T15:36:23.833582938Z
1647876983.8126717,2022-03-21T15:36:23.839035632Z
1647876983.8191855,2022-03-21T15:36:23.841912908Z
1647876983.825758,2022-03-21T15:36:23.849074053Z
1647876983.832298,2022-03-21T15:36:23.856227118Z
1647876983.8388824,2022-03-21T15:36:23.883121415Z
1647876983.8453124,2022-03-21T15:36:23.894825321Z
1647876983.8518746,2022-03-21T15:36:23.922412354Z
1647876983.8583865,2022-03-21T15:36:23.931961121Z
1647876983.871547,2022-03-21T15:36:23.944703631Z
1647876983.8649414,2022-03-21T15:36:23.946820077Z
1647876983.8780916,2022-03-21T15:36:23.955511448Z
1647876983.8845553,2022-03-21T15:36:23.966152596Z
1647876983.897617,2022-03-21T15:36:23.970418678Z
1647876983.9041638,2022-03-21T15:36:23.98275859Z
1647876983.9304295,2022-03-21T15:36:23.985981229Z
1647876983.9238825,2022-03-21T15:36:23.99057111Z
1647876983.8911004,2022-03-21T15:36:23.999978004Z
1647876983.9107497,2022-03-21T15:36:24.00295868Z
1647876983.9370003,2022-03-21T15:36:24.006585683Z
1647876983.9173112,2022-03-21T15:36:24.00873427Z
1647876983.9434755,2022-03-21T15:36:24.011191202Z
1647876983.94999,2022-03-21T15:36:24.013920448Z
