1647877239.4872015,2022-03-21T15:40:39.854811136Z
1647877239.5091796,2022-03-21T15:40:39.939204822Z
1647877239.5393586,2022-03-21T15:40:39.943659636Z
1647877239.501764,2022-03-21T15:40:39.94770217Z
1647877239.5242546,2022-03-21T15:40:39.95224697Z
1647877239.4944491,2022-03-21T15:40:39.95699071Z
1647877239.531833,2022-03-21T15:40:39.964354177Z
1647877239.5469286,2022-03-21T15:40:39.969484042Z
1647877239.516735,2022-03-21T15:40:39.978350866Z
1647877239.554513,2022-03-21T15:40:39.999484714Z
1647877239.569627,2022-03-21T15:40:40.009135874Z
1647877239.5998247,2022-03-21T15:40:40.012619257Z
1647877239.5620732,2022-03-21T15:40:40.01971244Z
1647877239.6637223,2022-03-21T15:40:40.028237607Z
1647877239.607358,2022-03-21T15:40:40.035265625Z
1647877239.6225097,2022-03-21T15:40:40.044969272Z
1647877239.6524448,2022-03-21T15:40:40.045664914Z
1647877239.584674,2022-03-21T15:40:40.04944029Z
1647877239.614962,2022-03-21T15:40:40.055008427Z
1647877239.6300716,2022-03-21T15:40:40.058296985Z
1647877239.5771847,2022-03-21T15:40:40.061668037Z
1647877239.6375582,2022-03-21T15:40:40.065124311Z
1647877239.5922565,2022-03-21T15:40:40.06886168Z
1647877239.6450229,2022-03-21T15:40:40.07347935Z
1647877239.6713767,2022-03-21T15:40:40.076353903Z
1647877239.7469358,2022-03-21T15:40:40.146833896Z
1647877239.7393513,2022-03-21T15:40:40.154334126Z
1647877239.7620544,2022-03-21T15:40:40.159375347Z
1647877239.686442,2022-03-21T15:40:40.162013116Z
1647877239.678929,2022-03-21T15:40:40.168637904Z
1647877239.724243,2022-03-21T15:40:40.172105777Z
1647877239.6940298,2022-03-21T15:40:40.176552841Z
1647877239.7015822,2022-03-21T15:40:40.181563022Z
1647877239.7167087,2022-03-21T15:40:40.186372973Z
1647877239.7091386,2022-03-21T15:40:40.1928954Z
1647877239.7317877,2022-03-21T15:40:40.195693339Z
1647877239.754531,2022-03-21T15:40:40.202887471Z
1647877239.7847304,2022-03-21T15:40:40.234167943Z
1647877239.769617,2022-03-21T15:40:40.237451536Z
1647877239.7922864,2022-03-21T15:40:40.24393271Z
1647877239.7998862,2022-03-21T15:40:40.255506618Z
1647877239.7771552,2022-03-21T15:40:40.256701891Z
1647877239.8074358,2022-03-21T15:40:40.257528502Z
1647877239.8676186,2022-03-21T15:40:40.29940514Z
1647877239.8225462,2022-03-21T15:40:40.306827874Z
1647877239.830053,2022-03-21T15:40:40.307199509Z
1647877239.8601258,2022-03-21T15:40:40.310102003Z
1647877239.8526309,2022-03-21T15:40:40.312767772Z
1647877239.8150063,2022-03-21T15:40:40.315446387Z
1647877239.845119,2022-03-21T15:40:40.319014668Z
1647877239.875138,2022-03-21T15:40:40.323443446Z
1647877239.8375742,2022-03-21T15:40:40.328268199Z
1647877239.9578843,2022-03-21T15:40:40.365604368Z
1647877239.890275,2022-03-21T15:40:40.367614854Z
1647877239.905394,2022-03-21T15:40:40.371230887Z
1647877239.9353764,2022-03-21T15:40:40.374672268Z
1647877239.950435,2022-03-21T15:40:40.377907841Z
1647877239.9279318,2022-03-21T15:40:40.379324069Z
1647877239.8978631,2022-03-21T15:40:40.381568717Z
1647877239.8827252,2022-03-21T15:40:40.385228049Z
1647877239.9128973,2022-03-21T15:40:40.386989929Z
1647877239.942836,2022-03-21T15:40:40.389762513Z
1647877239.9204886,2022-03-21T15:40:40.401556954Z
1647877239.9877248,2022-03-21T15:40:40.460517917Z
1647877239.96533,2022-03-21T15:40:40.463666887Z
1647877239.9728107,2022-03-21T15:40:40.466137241Z
1647877240.002817,2022-03-21T15:40:40.47310042Z
1647877239.9802501,2022-03-21T15:40:40.474958118Z
1647877240.0103595,2022-03-21T15:40:40.48409545Z
1647877239.9952712,2022-03-21T15:40:40.486747731Z
1647877240.0405908,2022-03-21T15:40:40.565456572Z
1647877240.0935755,2022-03-21T15:40:40.569524522Z
1647877240.025442,2022-03-21T15:40:40.572444415Z
1647877240.0329893,2022-03-21T15:40:40.575529606Z
1647877240.0481665,2022-03-21T15:40:40.577308365Z
1647877240.017925,2022-03-21T15:40:40.580375256Z
1647877240.0557652,2022-03-21T15:40:40.58280693Z
1647877240.0860248,2022-03-21T15:40:40.58625741Z
1647877240.07849,2022-03-21T15:40:40.589292749Z
1647877240.0633326,2022-03-21T15:40:40.590373996Z
1647877240.0709088,2022-03-21T15:40:40.593856791Z
1647877240.1011398,2022-03-21T15:40:40.646117769Z
1647877240.1167693,2022-03-21T15:40:40.651371031Z
1647877240.1319547,2022-03-21T15:40:40.653189986Z
1647877240.1621819,2022-03-21T15:40:40.660658293Z
1647877240.1470885,2022-03-21T15:40:40.661051098Z
1647877240.1087294,2022-03-21T15:40:40.661529443Z
1647877240.124369,2022-03-21T15:40:40.662072092Z
1647877240.1395428,2022-03-21T15:40:40.662277142Z
1647877240.1546192,2022-03-21T15:40:40.664714628Z
1647877240.207578,2022-03-21T15:40:40.743404589Z
1647877240.1697257,2022-03-21T15:40:40.746877625Z
1647877240.2378535,2022-03-21T15:40:40.751922101Z
1647877240.2151425,2022-03-21T15:40:40.756030199Z
1647877240.1772091,2022-03-21T15:40:40.75760935Z
1647877240.2000432,2022-03-21T15:40:40.760415408Z
1647877240.1924355,2022-03-21T15:40:40.76330822Z
1647877240.2227323,2022-03-21T15:40:40.767553307Z
1647877240.1848304,2022-03-21T15:40:40.769937634Z
1647877240.2302911,2022-03-21T15:40:40.772179038Z
1647877240.298252,2022-03-21T15:40:40.843318162Z
1647877240.268174,2022-03-21T15:40:40.847272818Z
1647877240.313412,2022-03-21T15:40:40.850217308Z
1647877240.3209856,2022-03-21T15:40:40.852562256Z
1647877240.2906785,2022-03-21T15:40:40.855563647Z
1647877240.2831457,2022-03-21T15:40:40.858202692Z
1647877240.2606144,2022-03-21T15:40:40.860220693Z
1647877240.2454154,2022-03-21T15:40:40.862663521Z
1647877240.253008,2022-03-21T15:40:40.86528163Z
1647877240.2756345,2022-03-21T15:40:40.868023114Z
1647877240.3058448,2022-03-21T15:40:40.870049272Z
1647877240.3888857,2022-03-21T15:40:40.933227484Z
1647877240.3663342,2022-03-21T15:40:40.937894509Z
1647877240.3587706,2022-03-21T15:40:40.939923987Z
1647877240.3738787,2022-03-21T15:40:40.942245418Z
1647877240.351196,2022-03-21T15:40:40.944392486Z
1647877240.3361065,2022-03-21T15:40:40.946218975Z
1647877240.343643,2022-03-21T15:40:40.947983477Z
1647877240.32856,2022-03-21T15:40:40.950709353Z
1647877240.3964298,2022-03-21T15:40:40.952220743Z
1647877240.38141,2022-03-21T15:40:40.954600132Z
1647877240.5106053,2022-03-21T15:40:41.001066614Z
1647877240.4727907,2022-03-21T15:40:41.005052125Z
1647877240.4347405,2022-03-21T15:40:41.009347797Z
1647877240.4954534,2022-03-21T15:40:41.011303421Z
1647877240.4576564,2022-03-21T15:40:41.013877425Z
1647877240.4425554,2022-03-21T15:40:41.017026953Z
1647877240.4045775,2022-03-21T15:40:41.02035287Z
1647877240.5030417,2022-03-21T15:40:41.023031547Z
1647877240.4652143,2022-03-21T15:40:41.025613208Z
1647877240.4803877,2022-03-21T15:40:41.029037904Z
1647877240.450094,2022-03-21T15:40:41.032734792Z
1647877240.4271955,2022-03-21T15:40:41.034893914Z
1647877240.4879313,2022-03-21T15:40:41.037612688Z
1647877240.4196339,2022-03-21T15:40:41.039947078Z
1647877240.412139,2022-03-21T15:40:41.043948379Z
1647877240.525711,2022-03-21T15:40:41.087450813Z
1647877240.571058,2022-03-21T15:40:41.088541851Z
1647877240.5483775,2022-03-21T15:40:41.091021991Z
1647877240.5559618,2022-03-21T15:40:41.09359734Z
1647877240.5181606,2022-03-21T15:40:41.096118835Z
1647877240.5635402,2022-03-21T15:40:41.097915824Z
1647877240.5407681,2022-03-21T15:40:41.100614634Z
1647877240.578622,2022-03-21T15:40:41.10310707Z
1647877240.5332284,2022-03-21T15:40:41.106299764Z
1647877240.6087997,2022-03-21T15:40:41.203423698Z
1647877240.6315377,2022-03-21T15:40:41.206109896Z
1647877240.6465313,2022-03-21T15:40:41.209642265Z
1647877240.5936692,2022-03-21T15:40:41.218872059Z
1647877240.6012237,2022-03-21T15:40:41.222197879Z
1647877240.639107,2022-03-21T15:40:41.227448227Z
1647877240.616367,2022-03-21T15:40:41.233844176Z
1647877240.5861185,2022-03-21T15:40:41.243112772Z
1647877240.6614273,2022-03-21T15:40:41.245537989Z
1647877240.6539829,2022-03-21T15:40:41.248227663Z
1647877240.6239529,2022-03-21T15:40:41.251944085Z
1647877240.7596118,2022-03-21T15:40:41.264908109Z
1647877240.7747514,2022-03-21T15:40:41.26823273Z
1647877240.729319,2022-03-21T15:40:41.27244035Z
1647877240.7897792,2022-03-21T15:40:41.274038768Z
1647877240.7217815,2022-03-21T15:40:41.276115479Z
1647877240.6841292,2022-03-21T15:40:41.278142675Z
1647877240.6689577,2022-03-21T15:40:41.279613215Z
1647877240.7445033,2022-03-21T15:40:41.281747769Z
1647877240.7142992,2022-03-21T15:40:41.282868481Z
1647877240.69164,2022-03-21T15:40:41.284867411Z
1647877240.7067356,2022-03-21T15:40:41.287227944Z
1647877240.7822278,2022-03-21T15:40:41.293108462Z
1647877240.6765704,2022-03-21T15:40:41.29795719Z
1647877240.6991603,2022-03-21T15:40:41.300133636Z
1647877240.736887,2022-03-21T15:40:41.304031626Z
1647877240.767168,2022-03-21T15:40:41.306479855Z
1647877240.752058,2022-03-21T15:40:41.306863288Z
1647877240.8729408,2022-03-21T15:40:41.34063029Z
1647877240.812533,2022-03-21T15:40:41.344362274Z
1647877240.8653903,2022-03-21T15:40:41.357405631Z
1647877240.8201005,2022-03-21T15:40:41.358517612Z
1647877240.835209,2022-03-21T15:40:41.360534405Z
1647877240.7973292,2022-03-21T15:40:41.363216215Z
1647877240.8957074,2022-03-21T15:40:41.371563444Z
1647877240.8578389,2022-03-21T15:40:41.373803218Z
1647877240.8049192,2022-03-21T15:40:41.376779763Z
1647877240.8881211,2022-03-21T15:40:41.37829614Z
1647877240.8805604,2022-03-21T15:40:41.380302207Z
1647877240.850276,2022-03-21T15:40:41.383186735Z
1647877240.8276536,2022-03-21T15:40:41.385394614Z
1647877240.842801,2022-03-21T15:40:41.388893591Z
1647877240.903267,2022-03-21T15:40:41.401487708Z
1647877240.94863,2022-03-21T15:40:41.403361402Z
1647877240.9184148,2022-03-21T15:40:41.408283883Z
1647877240.9561918,2022-03-21T15:40:41.412604171Z
1647877240.925993,2022-03-21T15:40:41.413812334Z
1647877240.9335613,2022-03-21T15:40:41.417146739Z
1647877240.9411125,2022-03-21T15:40:41.42072828Z
1647877240.9108646,2022-03-21T15:40:41.427158383Z
1647877240.9789078,2022-03-21T15:40:41.488733854Z
1647877240.9864528,2022-03-21T15:40:41.490471448Z
1647877241.0015628,2022-03-21T15:40:41.494581995Z
1647877240.963778,2022-03-21T15:40:41.496635962Z
1647877241.0166552,2022-03-21T15:40:41.497086957Z
1647877240.9940221,2022-03-21T15:40:41.498111519Z
1647877241.0242128,2022-03-21T15:40:41.499708109Z
1647877241.009134,2022-03-21T15:40:41.501569333Z
1647877240.9713314,2022-03-21T15:40:41.503206577Z
1647877241.069505,2022-03-21T15:40:41.55003334Z
1647877241.14512,2022-03-21T15:40:41.551399556Z
1647877241.13008,2022-03-21T15:40:41.553657339Z
1647877241.1375685,2022-03-21T15:40:41.556028613Z
1647877241.0922203,2022-03-21T15:40:41.55913798Z
1647877241.0619423,2022-03-21T15:40:41.560733016Z
1647877241.0770757,2022-03-21T15:40:41.564013878Z
1647877241.0392485,2022-03-21T15:40:41.56638221Z
1647877241.031693,2022-03-21T15:40:41.5682608Z
1647877241.122522,2022-03-21T15:40:41.56997078Z
1647877241.0846653,2022-03-21T15:40:41.572476162Z
1647877241.1073685,2022-03-21T15:40:41.574158087Z
1647877241.04684,2022-03-21T15:40:41.576677798Z
1647877241.099802,2022-03-21T15:40:41.579780449Z
1647877241.054394,2022-03-21T15:40:41.58197067Z
1647877241.1149518,2022-03-21T15:40:41.583969718Z
1647877241.1602192,2022-03-21T15:40:41.610345368Z
1647877241.1980581,2022-03-21T15:40:41.612547168Z
1647877241.1753561,2022-03-21T15:40:41.614078096Z
1647877241.1677992,2022-03-21T15:40:41.615897859Z
1647877241.2056146,2022-03-21T15:40:41.61808863Z
1647877241.1905298,2022-03-21T15:40:41.620400897Z
1647877241.1526594,2022-03-21T15:40:41.622420698Z
1647877241.2131863,2022-03-21T15:40:41.624565476Z
1647877241.1829429,2022-03-21T15:40:41.626425318Z
1647877241.2207043,2022-03-21T15:40:41.628520526Z
1647877241.2585564,2022-03-21T15:40:41.670799517Z
1647877241.2282643,2022-03-21T15:40:41.673728727Z
1647877241.2358303,2022-03-21T15:40:41.676007024Z
1647877241.2509773,2022-03-21T15:40:41.678092567Z
1647877241.2811496,2022-03-21T15:40:41.680738628Z
1647877241.2433956,2022-03-21T15:40:41.683756258Z
1647877241.2887437,2022-03-21T15:40:41.685961613Z
1647877241.2736316,2022-03-21T15:40:41.688022988Z
1647877241.2660909,2022-03-21T15:40:41.690174853Z
1647877241.356892,2022-03-21T15:40:41.726825837Z
1647877241.3039439,2022-03-21T15:40:41.728611081Z
1647877241.3417735,2022-03-21T15:40:41.731393369Z
1647877241.2962775,2022-03-21T15:40:41.733943993Z
1647877241.3115318,2022-03-21T15:40:41.737897721Z
1647877241.3492994,2022-03-21T15:40:41.74001159Z
1647877241.3190715,2022-03-21T15:40:41.741912256Z
1647877241.3266382,2022-03-21T15:40:41.744131174Z
1647877241.3342044,2022-03-21T15:40:41.746136645Z
1647877241.3644516,2022-03-21T15:40:41.779146344Z
1647877241.4098651,2022-03-21T15:40:41.782338946Z
1647877241.3795986,2022-03-21T15:40:41.785390442Z
1647877241.4022825,2022-03-21T15:40:41.787337811Z
1647877241.394722,2022-03-21T15:40:41.789064467Z
1647877241.3871691,2022-03-21T15:40:41.791308429Z
1647877241.4250767,2022-03-21T15:40:41.792877461Z
1647877241.372037,2022-03-21T15:40:41.795070618Z
1647877241.4174275,2022-03-21T15:40:41.797053562Z
1647877241.5083714,2022-03-21T15:40:41.825922164Z
1647877241.5007627,2022-03-21T15:40:41.828726697Z
1647877241.440233,2022-03-21T15:40:41.830627797Z
1647877241.4780428,2022-03-21T15:40:41.832424752Z
1647877241.462936,2022-03-21T15:40:41.835986044Z
1647877241.4553478,2022-03-21T15:40:41.83973479Z
1647877241.4705172,2022-03-21T15:40:41.842168202Z
1647877241.4931705,2022-03-21T15:40:41.845944289Z
1647877241.4477787,2022-03-21T15:40:41.848094589Z
1647877241.4856095,2022-03-21T15:40:41.851626904Z
1647877241.4326646,2022-03-21T15:40:41.854687311Z
1647877241.5460474,2022-03-21T15:40:41.876836667Z
1647877241.568611,2022-03-21T15:40:41.878905211Z
1647877241.530996,2022-03-21T15:40:41.888238626Z
1647877241.5610616,2022-03-21T15:40:41.889771122Z
1647877241.5159187,2022-03-21T15:40:41.890129312Z
1647877241.553506,2022-03-21T15:40:41.891962834Z
1647877241.5234816,2022-03-21T15:40:41.894201168Z
1647877241.5385199,2022-03-21T15:40:41.895845768Z
1647877241.6140635,2022-03-21T15:40:41.92342842Z
1647877241.629174,2022-03-21T15:40:41.925426155Z
1647877241.591395,2022-03-21T15:40:41.928260363Z
1647877241.5989826,2022-03-21T15:40:41.930032143Z
1647877241.6065469,2022-03-21T15:40:41.932633443Z
1647877241.636758,2022-03-21T15:40:41.936496285Z
1647877241.5838346,2022-03-21T15:40:41.9393261Z
1647877241.6216147,2022-03-21T15:40:41.941931996Z
1647877241.5761495,2022-03-21T15:40:41.943734351Z
1647877241.6594932,2022-03-21T15:40:41.976523171Z
1647877241.6746109,2022-03-21T15:40:41.97842835Z
1647877241.6670494,2022-03-21T15:40:41.981982155Z
1647877241.6443536,2022-03-21T15:40:41.983146314Z
1647877241.6519434,2022-03-21T15:40:41.986296636Z
1647877241.682177,2022-03-21T15:40:41.988320098Z
1647877241.689722,2022-03-21T15:40:41.991439586Z
1647877241.7199638,2022-03-21T15:40:42.009960784Z
1647877241.7275074,2022-03-21T15:40:42.012007785Z
1647877241.7123814,2022-03-21T15:40:42.013641185Z
1647877241.7048059,2022-03-21T15:40:42.016230258Z
1647877241.7350469,2022-03-21T15:40:42.02091215Z
1647877241.7501822,2022-03-21T15:40:42.02268807Z
1647877241.697247,2022-03-21T15:40:42.024730665Z
1647877241.7426336,2022-03-21T15:40:42.03758065Z
1647877241.7577686,2022-03-21T15:40:42.048983641Z
1647877241.7728817,2022-03-21T15:40:42.051447631Z
1647877241.7880163,2022-03-21T15:40:42.053020723Z
1647877241.7804894,2022-03-21T15:40:42.055648637Z
1647877241.7653172,2022-03-21T15:40:42.058247585Z
1647877241.795573,2022-03-21T15:40:42.060436651Z
1647877241.803003,2022-03-21T15:40:42.063139516Z
1647877241.833205,2022-03-21T15:40:42.07755273Z
1647877241.8181322,2022-03-21T15:40:42.079012281Z
1647877241.8256607,2022-03-21T15:40:42.082852227Z
1647877241.8407586,2022-03-21T15:40:42.085390794Z
1647877241.810573,2022-03-21T15:40:42.088097044Z
1647877241.8483315,2022-03-21T15:40:42.09064457Z
1647877241.8861737,2022-03-21T15:40:42.103438921Z
1647877241.8710582,2022-03-21T15:40:42.105209566Z
1647877241.8559191,2022-03-21T15:40:42.111151333Z
1647877241.8635015,2022-03-21T15:40:42.113151598Z
1647877241.9013104,2022-03-21T15:40:42.115618834Z
1647877241.8937552,2022-03-21T15:40:42.117522115Z
1647877241.8786132,2022-03-21T15:40:42.119209004Z
1647877241.9467404,2022-03-21T15:40:42.127861625Z
1647877241.9240515,2022-03-21T15:40:42.131228895Z
1647877241.9316044,2022-03-21T15:40:42.133599506Z
1647877241.9164953,2022-03-21T15:40:42.136288548Z
1647877241.9088924,2022-03-21T15:40:42.139060315Z
1647877241.9391572,2022-03-21T15:40:42.140772832Z
1647877241.9542925,2022-03-21T15:40:42.161335195Z
1647877241.9618676,2022-03-21T15:40:42.16406852Z
1647877241.9769948,2022-03-21T15:40:42.18722347Z
1647877241.9845908,2022-03-21T15:40:42.190342684Z
1647877241.9997253,2022-03-21T15:40:42.19178317Z
1647877241.9694257,2022-03-21T15:40:42.194199953Z
1647877241.9921453,2022-03-21T15:40:42.196674757Z
1647877242.0072763,2022-03-21T15:40:42.211542659Z
1647877242.0299947,2022-03-21T15:40:42.212131686Z
1647877242.0224216,2022-03-21T15:40:42.213934147Z
1647877242.0148644,2022-03-21T15:40:42.216467772Z
1647877242.0451245,2022-03-21T15:40:42.235523093Z
1647877242.0375612,2022-03-21T15:40:42.237743671Z
1647877242.060257,2022-03-21T15:40:42.239589762Z
1647877242.0527108,2022-03-21T15:40:42.24154593Z
1647877242.067816,2022-03-21T15:40:42.263644966Z
1647877242.0905535,2022-03-21T15:40:42.266044144Z
1647877242.0753746,2022-03-21T15:40:42.267989368Z
1647877242.082968,2022-03-21T15:40:42.269978347Z
1647877242.1132355,2022-03-21T15:40:42.285989352Z
1647877242.1056752,2022-03-21T15:40:42.288648605Z
1647877242.0981138,2022-03-21T15:40:42.289990659Z
1647877242.143964,2022-03-21T15:40:42.305338716Z
1647877242.136394,2022-03-21T15:40:42.307810924Z
1647877242.1515193,2022-03-21T15:40:42.310443523Z
1647877242.128393,2022-03-21T15:40:42.312566216Z
1647877242.120806,2022-03-21T15:40:42.314786899Z
1647877242.159078,2022-03-21T15:40:42.325069338Z
1647877242.174169,2022-03-21T15:40:42.327984085Z
1647877242.1666431,2022-03-21T15:40:42.329661828Z
1647877242.1893137,2022-03-21T15:40:42.347104807Z
1647877242.1817517,2022-03-21T15:40:42.350392346Z
1647877242.1969085,2022-03-21T15:40:42.353600105Z
1647877242.219775,2022-03-21T15:40:42.362549531Z
1647877242.2046316,2022-03-21T15:40:42.364465892Z
1647877242.2121909,2022-03-21T15:40:42.366206065Z
1647877242.2349374,2022-03-21T15:40:42.377724434Z
1647877242.2500648,2022-03-21T15:40:42.379594849Z
1647877242.2273436,2022-03-21T15:40:42.381472735Z
1647877242.242522,2022-03-21T15:40:42.383142621Z
1647877242.2651114,2022-03-21T15:40:42.394621997Z
1647877242.2726645,2022-03-21T15:40:42.397180803Z
1647877242.2575293,2022-03-21T15:40:42.399425081Z
1647877242.2802074,2022-03-21T15:40:42.409236938Z
1647877242.2953396,2022-03-21T15:40:42.413632571Z
1647877242.2877836,2022-03-21T15:40:42.415203874Z
1647877242.3105106,2022-03-21T15:40:42.424656651Z
1647877242.3029273,2022-03-21T15:40:42.427049107Z
1647877242.3256342,2022-03-21T15:40:42.435407676Z
1647877242.3180683,2022-03-21T15:40:42.437730356Z
1647877242.3331964,2022-03-21T15:40:42.440166044Z
1647877242.3483446,2022-03-21T15:40:42.449861307Z
1647877242.3407729,2022-03-21T15:40:42.452518852Z
1647877242.355926,2022-03-21T15:40:42.46137718Z
1647877242.3635113,2022-03-21T15:40:42.463673275Z
1647877242.3861554,2022-03-21T15:40:42.467726889Z
1647877242.378582,2022-03-21T15:40:42.471402249Z
1647877242.3710332,2022-03-21T15:40:42.47419199Z
1647877242.3937488,2022-03-21T15:40:42.481791298Z
1647877242.4088945,2022-03-21T15:40:42.494298792Z
1647877242.401308,2022-03-21T15:40:42.496874188Z
1647877242.4165006,2022-03-21T15:40:42.504585924Z
1647877242.4240544,2022-03-21T15:40:42.50692589Z
1647877242.4391756,2022-03-21T15:40:42.51325788Z
1647877242.431617,2022-03-21T15:40:42.515261151Z
1647877242.4467404,2022-03-21T15:40:42.521341143Z
1647877242.4542994,2022-03-21T15:40:42.527912864Z
1647877242.4621143,2022-03-21T15:40:42.530013025Z
1647877242.4696674,2022-03-21T15:40:42.535828695Z
1647877242.4923866,2022-03-21T15:40:42.548743433Z
1647877242.4772158,2022-03-21T15:40:42.551414151Z
1647877242.4847913,2022-03-21T15:40:42.553009338Z
1647877242.4999688,2022-03-21T15:40:42.555909657Z
1647877242.5226197,2022-03-21T15:40:42.569408784Z
1647877242.5150611,2022-03-21T15:40:42.576557888Z
1647877242.5301769,2022-03-21T15:40:42.580324714Z
1647877242.5075402,2022-03-21T15:40:42.582498882Z
1647877242.5377357,2022-03-21T15:40:42.592745167Z
1647877242.5452993,2022-03-21T15:40:42.594603361Z
1647877242.5528717,2022-03-21T15:40:42.60608023Z
1647877242.5604925,2022-03-21T15:40:42.608529554Z
1647877242.5756242,2022-03-21T15:40:42.612662944Z
1647877242.5680616,2022-03-21T15:40:42.614940416Z
1647877242.5831914,2022-03-21T15:40:42.621563297Z
1647877242.5907693,2022-03-21T15:40:42.629994791Z
1647877242.6051316,2022-03-21T15:40:42.632135512Z
1647877242.612723,2022-03-21T15:40:42.634315917Z
1647877242.620251,2022-03-21T15:40:42.643759931Z
1647877242.6278229,2022-03-21T15:40:42.645916753Z
1647877242.6353464,2022-03-21T15:40:42.653666671Z
1647877242.6429274,2022-03-21T15:40:42.657404799Z
1647877242.6505246,2022-03-21T15:40:42.666604141Z
1647877242.6580584,2022-03-21T15:40:42.672420398Z
1647877242.6655815,2022-03-21T15:40:42.678677321Z
1647877242.673174,2022-03-21T15:40:42.683718098Z
1647877242.6807225,2022-03-21T15:40:42.691714525Z
1647877242.688286,2022-03-21T15:40:42.700809564Z
1647877242.6958673,2022-03-21T15:40:42.705637304Z
1647877242.7034316,2022-03-21T15:40:42.71350711Z
1647877242.7110195,2022-03-21T15:40:42.720594205Z
1647877242.7185793,2022-03-21T15:40:42.734629512Z
1647877242.726138,2022-03-21T15:40:42.742144531Z
1647877242.73371,2022-03-21T15:40:42.756523429Z
1647877242.741263,2022-03-21T15:40:42.757962033Z
1647877242.7488496,2022-03-21T15:40:42.768299606Z
1647877242.756441,2022-03-21T15:40:42.779279869Z
1647877242.7640347,2022-03-21T15:40:42.787530175Z
1647877242.7715604,2022-03-21T15:40:42.798197179Z
1647877242.779116,2022-03-21T15:40:42.808021517Z
1647877242.7867005,2022-03-21T15:40:42.817153912Z
1647877242.7942224,2022-03-21T15:40:42.826468664Z
1647877242.8018193,2022-03-21T15:40:42.83209785Z
1647877242.8094091,2022-03-21T15:40:42.838908Z
1647877242.816999,2022-03-21T15:40:42.853308064Z
1647877242.8245888,2022-03-21T15:40:42.862607158Z
1647877242.8321474,2022-03-21T15:40:42.868288098Z
1647877242.83972,2022-03-21T15:40:42.881993012Z
1647877242.8472552,2022-03-21T15:40:42.888665893Z
1647877242.8547857,2022-03-21T15:40:42.895436976Z
1647877242.8623133,2022-03-21T15:40:42.899306606Z
1647877242.8698626,2022-03-21T15:40:42.908267661Z
1647877242.8774273,2022-03-21T15:40:42.921341356Z
1647877242.8849497,2022-03-21T15:40:42.926323969Z
1647877242.8925662,2022-03-21T15:40:42.931710908Z
1647877242.9000654,2022-03-21T15:40:42.943289239Z
1647877242.9076095,2022-03-21T15:40:42.948749115Z
1647877242.9151616,2022-03-21T15:40:42.953232082Z
1647877242.9227433,2022-03-21T15:40:42.955603631Z
1647877242.9301836,2022-03-21T15:40:42.974262364Z
1647877242.937759,2022-03-21T15:40:42.984316819Z
1647877242.945303,2022-03-21T15:40:42.991880765Z
1647877242.9528997,2022-03-21T15:40:42.994185812Z
1647877242.9604547,2022-03-21T15:40:42.998399677Z
1647877242.9755983,2022-03-21T15:40:43.013218294Z
1647877242.968035,2022-03-21T15:40:43.014433233Z
1647877242.983184,2022-03-21T15:40:43.016410434Z
1647877242.9907649,2022-03-21T15:40:43.030655563Z
1647877242.998319,2022-03-21T15:40:43.0479228Z
1647877243.0059006,2022-03-21T15:40:43.050740163Z
1647877243.013494,2022-03-21T15:40:43.051324625Z
1647877243.021038,2022-03-21T15:40:43.09503478Z
1647877243.028577,2022-03-21T15:40:43.11609036Z
1647877243.0360515,2022-03-21T15:40:43.127436612Z
1647877243.0661707,2022-03-21T15:40:43.1401544Z
1647877243.0435836,2022-03-21T15:40:43.144638554Z
1647877243.0737605,2022-03-21T15:40:43.147947034Z
1647877243.0586457,2022-03-21T15:40:43.151089223Z
1647877243.0511124,2022-03-21T15:40:43.155379502Z
1647877243.0813017,2022-03-21T15:40:43.15850397Z
1647877243.0965385,2022-03-21T15:40:43.161913548Z
1647877243.0889182,2022-03-21T15:40:43.164188137Z
1647877243.1040986,2022-03-21T15:40:43.166933731Z
1647877243.1194162,2022-03-21T15:40:43.185377324Z
1647877243.1118531,2022-03-21T15:40:43.192653715Z
1647877243.1270149,2022-03-21T15:40:43.195194324Z
1647877243.142136,2022-03-21T15:40:43.202490655Z
1647877243.1573052,2022-03-21T15:40:43.206071939Z
1647877243.1345713,2022-03-21T15:40:43.20954137Z
1647877243.1497233,2022-03-21T15:40:43.213913576Z
1647877243.16486,2022-03-21T15:40:43.235743935Z
1647877243.1724534,2022-03-21T15:40:43.243488203Z
1647877243.1800466,2022-03-21T15:40:43.244847392Z
1647877243.1876125,2022-03-21T15:40:43.249107018Z
1647877243.195146,2022-03-21T15:40:43.253271015Z
1647877243.2102277,2022-03-21T15:40:43.273230722Z
1647877243.2027016,2022-03-21T15:40:43.275122028Z
1647877243.217798,2022-03-21T15:40:43.278754316Z
1647877243.225347,2022-03-21T15:40:43.280256167Z
1647877243.2329261,2022-03-21T15:40:43.28789135Z
1647877243.2405217,2022-03-21T15:40:43.290262658Z
1647877243.2480824,2022-03-21T15:40:43.301780154Z
1647877243.255649,2022-03-21T15:40:43.307381314Z
1647877243.2631724,2022-03-21T15:40:43.312510675Z
1647877243.270742,2022-03-21T15:40:43.321219947Z
1647877243.2782977,2022-03-21T15:40:43.328797493Z
1647877243.2858257,2022-03-21T15:40:43.334175544Z
1647877243.3009698,2022-03-21T15:40:43.347435699Z
1647877243.2933848,2022-03-21T15:40:43.349338938Z
1647877243.3088887,2022-03-21T15:40:43.369884427Z
1647877243.316506,2022-03-21T15:40:43.376436924Z
1647877243.324064,2022-03-21T15:40:43.383620406Z
1647877243.331636,2022-03-21T15:40:43.386334485Z
1647877243.339196,2022-03-21T15:40:43.388848773Z
1647877243.346765,2022-03-21T15:40:43.394671297Z
1647877243.3543181,2022-03-21T15:40:43.405526263Z
1647877243.3619003,2022-03-21T15:40:43.411264431Z
1647877243.369447,2022-03-21T15:40:43.418649891Z
1647877243.3769908,2022-03-21T15:40:43.42288038Z
1647877243.3845794,2022-03-21T15:40:43.438185227Z
1647877243.3921354,2022-03-21T15:40:43.443195738Z
1647877243.3997269,2022-03-21T15:40:43.45066137Z
1647877243.407287,2022-03-21T15:40:43.458041067Z
1647877243.41474,2022-03-21T15:40:43.469732669Z
1647877243.422294,2022-03-21T15:40:43.475155738Z
1647877243.4298491,2022-03-21T15:40:43.482161647Z
1647877243.4373977,2022-03-21T15:40:43.488576356Z
1647877243.4449716,2022-03-21T15:40:43.494861746Z
1647877243.4525723,2022-03-21T15:40:43.499583921Z
1647877243.460128,2022-03-21T15:40:43.504163979Z
1647877243.4677181,2022-03-21T15:40:43.517545186Z
1647877243.4752555,2022-03-21T15:40:43.520318667Z
1647877243.4828281,2022-03-21T15:40:43.524945284Z
1647877243.4903846,2022-03-21T15:40:43.527078591Z
1647877243.4979484,2022-03-21T15:40:43.541323393Z
1647877243.50549,2022-03-21T15:40:43.544063025Z
1647877243.512999,2022-03-21T15:40:43.55278388Z
1647877243.5205545,2022-03-21T15:40:43.557763598Z
1647877243.5280724,2022-03-21T15:40:43.560202289Z
1647877243.535656,2022-03-21T15:40:43.572608483Z
1647877243.5432045,2022-03-21T15:40:43.579516986Z
1647877243.5507567,2022-03-21T15:40:43.58214498Z
1647877243.5583057,2022-03-21T15:40:43.591847481Z
1647877243.5658517,2022-03-21T15:40:43.604331508Z
1647877243.5733829,2022-03-21T15:40:43.606686895Z
1647877243.5811105,2022-03-21T15:40:43.614637122Z
1647877243.588634,2022-03-21T15:40:43.619667865Z
1647877243.5962057,2022-03-21T15:40:43.622963438Z
1647877243.6037676,2022-03-21T15:40:43.648612976Z
1647877243.611323,2022-03-21T15:40:43.651670141Z
1647877243.6264904,2022-03-21T15:40:43.660528027Z
1647877243.618912,2022-03-21T15:40:43.663730353Z
1647877243.6345835,2022-03-21T15:40:43.673075727Z
1647877243.6421316,2022-03-21T15:40:43.68130823Z
1647877243.6497235,2022-03-21T15:40:43.684015552Z
1647877243.6572459,2022-03-21T15:40:43.687544602Z
1647877243.6648235,2022-03-21T15:40:43.701467645Z
1647877243.6724143,2022-03-21T15:40:43.704603819Z
1647877243.679999,2022-03-21T15:40:43.708421381Z
1647877243.6875646,2022-03-21T15:40:43.71120627Z
1647877243.6951115,2022-03-21T15:40:43.714486727Z
1647877243.7026799,2022-03-21T15:40:43.720295101Z
1647877243.7102346,2022-03-21T15:40:43.72322181Z
1647877243.7177954,2022-03-21T15:40:43.728210259Z
1647877243.7253342,2022-03-21T15:40:43.739815684Z
1647877243.7329032,2022-03-21T15:40:43.743289885Z
1647877243.7405143,2022-03-21T15:40:43.749722748Z
1647877243.7480695,2022-03-21T15:40:43.768715832Z
1647877243.7556264,2022-03-21T15:40:43.776763982Z
1647877243.7631805,2022-03-21T15:40:43.780396969Z
1647877243.7707765,2022-03-21T15:40:43.79240672Z
1647877243.778333,2022-03-21T15:40:43.799607838Z
1647877243.785986,2022-03-21T15:40:43.804557083Z
1647877243.7934132,2022-03-21T15:40:43.80920562Z
1647877243.8009892,2022-03-21T15:40:43.814043849Z
1647877243.8085594,2022-03-21T15:40:43.819577303Z
1647877243.8161156,2022-03-21T15:40:43.825624553Z
1647877243.8236756,2022-03-21T15:40:43.833336298Z
1647877243.83123,2022-03-21T15:40:43.842279183Z
1647877243.8387897,2022-03-21T15:40:43.847241855Z
1647877243.846339,2022-03-21T15:40:43.855425381Z
1647877243.853919,2022-03-21T15:40:43.869217776Z
1647877243.8614967,2022-03-21T15:40:43.872800403Z
1647877243.869049,2022-03-21T15:40:43.878129632Z
1647877243.8766391,2022-03-21T15:40:43.887306413Z
1647877243.8842053,2022-03-21T15:40:43.893996685Z
1647877243.8917549,2022-03-21T15:40:43.902675813Z
1647877243.8993025,2022-03-21T15:40:43.908987146Z
1647877243.906847,2022-03-21T15:40:43.916392282Z
1647877243.9143672,2022-03-21T15:40:43.926557301Z
1647877243.921943,2022-03-21T15:40:43.931875265Z
1647877243.9295194,2022-03-21T15:40:43.940062176Z
1647877243.9371152,2022-03-21T15:40:43.946421142Z
1647877243.944675,2022-03-21T15:40:43.953059435Z
1647877243.9522095,2022-03-21T15:40:43.960787052Z
1647877243.9602942,2022-03-21T15:40:43.969008157Z
1647877243.967871,2022-03-21T15:40:43.979453387Z
1647877243.9754362,2022-03-21T15:40:43.987878099Z
1647877243.9830127,2022-03-21T15:40:43.993826343Z
1647877243.9905767,2022-03-21T15:40:44.005090884Z
1647877243.9980986,2022-03-21T15:40:44.01329814Z
1647877244.0056531,2022-03-21T15:40:44.019379747Z
1647877244.013346,2022-03-21T15:40:44.026283076Z
1647877244.0209365,2022-03-21T15:40:44.033802619Z
1647877244.0285413,2022-03-21T15:40:44.041469195Z
1647877244.0361366,2022-03-21T15:40:44.046965622Z
1647877244.0436778,2022-03-21T15:40:44.056714367Z
1647877244.0512416,2022-03-21T15:40:44.065331452Z
1647877244.0587854,2022-03-21T15:40:44.072125725Z
1647877244.0663476,2022-03-21T15:40:44.088245034Z
1647877244.0815368,2022-03-21T15:40:44.100428519Z
1647877244.0739236,2022-03-21T15:40:44.102613814Z
1647877244.0891244,2022-03-21T15:40:44.106539524Z
1647877244.0966673,2022-03-21T15:40:44.114802282Z
1647877244.1042213,2022-03-21T15:40:44.11915621Z
1647877244.1117964,2022-03-21T15:40:44.122725403Z
1647877244.1193492,2022-03-21T15:40:44.130137665Z
1647877244.1269107,2022-03-21T15:40:44.136540687Z
1647877244.134492,2022-03-21T15:40:44.144960524Z
1647877244.142046,2022-03-21T15:40:44.151265527Z
1647877244.1495967,2022-03-21T15:40:44.158782684Z
1647877244.157159,2022-03-21T15:40:44.171816773Z
1647877244.1647372,2022-03-21T15:40:44.179202269Z
1647877244.1722367,2022-03-21T15:40:44.183553995Z
1647877244.1797853,2022-03-21T15:40:44.191359126Z
1647877244.1873236,2022-03-21T15:40:44.201227068Z
1647877244.1949115,2022-03-21T15:40:44.203391812Z
1647877244.2024431,2022-03-21T15:40:44.210915345Z
1647877244.210024,2022-03-21T15:40:44.21878109Z
1647877244.2175832,2022-03-21T15:40:44.226929435Z
1647877244.2251139,2022-03-21T15:40:44.235346343Z
1647877244.2326646,2022-03-21T15:40:44.248603547Z
1647877244.2402203,2022-03-21T15:40:44.250571462Z
1647877244.2477965,2022-03-21T15:40:44.259912461Z
1647877244.255331,2022-03-21T15:40:44.264719468Z
1647877244.2629025,2022-03-21T15:40:44.273368772Z
1647877244.270481,2022-03-21T15:40:44.279877278Z
1647877244.2780282,2022-03-21T15:40:44.287448971Z
1647877244.2859173,2022-03-21T15:40:44.301928587Z
1647877244.2934904,2022-03-21T15:40:44.305759437Z
1647877244.301045,2022-03-21T15:40:44.310247994Z
1647877244.308625,2022-03-21T15:40:44.317088419Z
1647877244.316185,2022-03-21T15:40:44.324237316Z
1647877244.3237684,2022-03-21T15:40:44.333409164Z
1647877244.3312922,2022-03-21T15:40:44.341233174Z
1647877244.3388786,2022-03-21T15:40:44.347806409Z
1647877244.346385,2022-03-21T15:40:44.355620673Z
1647877244.353933,2022-03-21T15:40:44.362346682Z
1647877244.3615055,2022-03-21T15:40:44.3695977Z
1647877244.369013,2022-03-21T15:40:44.379194616Z
1647877244.3765807,2022-03-21T15:40:44.389597067Z
1647877244.3841305,2022-03-21T15:40:44.394995549Z
1647877244.3916547,2022-03-21T15:40:44.402423561Z
1647877244.399214,2022-03-21T15:40:44.408211722Z
1647877244.4068048,2022-03-21T15:40:44.425367923Z
1647877244.414331,2022-03-21T15:40:44.434640086Z
1647877244.4219193,2022-03-21T15:40:44.438009385Z
1647877244.4295032,2022-03-21T15:40:44.443651093Z
1647877244.4370635,2022-03-21T15:40:44.455236037Z
1647877244.444669,2022-03-21T15:40:44.458906447Z
1647877244.4522262,2022-03-21T15:40:44.462928616Z
1647877244.4598105,2022-03-21T15:40:44.472090837Z
1647877244.467382,2022-03-21T15:40:44.477197015Z
1647877244.4749334,2022-03-21T15:40:44.48594172Z
1647877244.4824853,2022-03-21T15:40:44.492833357Z
1647877244.4900126,2022-03-21T15:40:44.499104833Z
1647877244.4974463,2022-03-21T15:40:44.50786968Z
1647877244.505059,2022-03-21T15:40:44.515480319Z
1647877244.5126286,2022-03-21T15:40:44.524957657Z
1647877244.5201836,2022-03-21T15:40:44.533707547Z
1647877244.5277488,2022-03-21T15:40:44.540436025Z
1647877244.5352616,2022-03-21T15:40:44.547118865Z
1647877244.5428348,2022-03-21T15:40:44.552636943Z
1647877244.5503893,2022-03-21T15:40:44.560951055Z
1647877244.5579681,2022-03-21T15:40:44.568984401Z
1647877244.5655546,2022-03-21T15:40:44.577095048Z
1647877244.5730743,2022-03-21T15:40:44.582629869Z
1647877244.5806699,2022-03-21T15:40:44.596272492Z
1647877244.588221,2022-03-21T15:40:44.602648732Z
1647877244.5957968,2022-03-21T15:40:44.609574884Z
1647877244.60332,2022-03-21T15:40:44.617514647Z
1647877244.611439,2022-03-21T15:40:44.624643126Z
1647877244.619006,2022-03-21T15:40:44.631808946Z
1647877244.6265419,2022-03-21T15:40:44.640618458Z
1647877244.6340983,2022-03-21T15:40:44.647432177Z
1647877244.6418083,2022-03-21T15:40:44.656449501Z
1647877244.649231,2022-03-21T15:40:44.663483154Z
1647877244.6567926,2022-03-21T15:40:44.669392252Z
1647877244.6643586,2022-03-21T15:40:44.674800429Z
1647877244.6719022,2022-03-21T15:40:44.686605631Z
1647877244.6794412,2022-03-21T15:40:44.694859133Z
1647877244.6870306,2022-03-21T15:40:44.698658357Z
1647877244.694574,2022-03-21T15:40:44.704802928Z
1647877244.7020977,2022-03-21T15:40:44.710993721Z
1647877244.70963,2022-03-21T15:40:44.717988979Z
1647877244.7171726,2022-03-21T15:40:44.725367333Z
1647877244.7247298,2022-03-21T15:40:44.733075327Z
1647877244.732278,2022-03-21T15:40:44.740606399Z
1647877244.73982,2022-03-21T15:40:44.747736651Z
1647877244.7473881,2022-03-21T15:40:44.760598334Z
1647877244.755025,2022-03-21T15:40:44.764444463Z
1647877244.762645,2022-03-21T15:40:44.778420138Z
1647877244.7702005,2022-03-21T15:40:44.780320143Z
1647877244.777771,2022-03-21T15:40:44.791018272Z
1647877244.7853115,2022-03-21T15:40:44.794110192Z
1647877244.7928941,2022-03-21T15:40:44.802259745Z
1647877244.800537,2022-03-21T15:40:44.809621145Z
1647877244.8080623,2022-03-21T15:40:44.817309981Z
1647877244.8156345,2022-03-21T15:40:44.824015242Z
1647877244.8231924,2022-03-21T15:40:44.833296027Z
1647877244.8307426,2022-03-21T15:40:44.839605841Z
1647877244.838287,2022-03-21T15:40:44.847315845Z
1647877244.8458693,2022-03-21T15:40:44.855096703Z
1647877244.8533883,2022-03-21T15:40:44.861436693Z
1647877244.8609345,2022-03-21T15:40:44.870113369Z
1647877244.8685248,2022-03-21T15:40:44.878331806Z
1647877244.87604,2022-03-21T15:40:44.884543048Z
1647877244.883582,2022-03-21T15:40:44.891324734Z
1647877244.8910387,2022-03-21T15:40:44.899468485Z
1647877244.8985703,2022-03-21T15:40:44.907894535Z
1647877244.9061356,2022-03-21T15:40:44.913765327Z
1647877244.9137008,2022-03-21T15:40:44.921911131Z
1647877244.9212658,2022-03-21T15:40:44.936971688Z
1647877244.928808,2022-03-21T15:40:44.940714274Z
1647877244.9363985,2022-03-21T15:40:44.947771895Z
1647877244.9439888,2022-03-21T15:40:44.95253099Z
1647877244.9515615,2022-03-21T15:40:44.9589944Z
1647877244.9591174,2022-03-21T15:40:44.966493158Z
1647877244.966655,2022-03-21T15:40:44.974049148Z
1647877244.974219,2022-03-21T15:40:44.98176753Z
1647877244.981761,2022-03-21T15:40:44.98976662Z
1647877244.989294,2022-03-21T15:40:44.998116016Z
1647877244.996878,2022-03-21T15:40:45.006521775Z
1647877245.0044277,2022-03-21T15:40:45.012290855Z
1647877245.011997,2022-03-21T15:40:45.019436341Z
1647877245.019546,2022-03-21T15:40:45.027632295Z
1647877245.027084,2022-03-21T15:40:45.034354551Z
1647877245.0346406,2022-03-21T15:40:45.042638265Z
1647877245.0421937,2022-03-21T15:40:45.049592276Z
1647877245.0497863,2022-03-21T15:40:45.057508113Z
1647877245.0573328,2022-03-21T15:40:45.068715608Z
1647877245.0649116,2022-03-21T15:40:45.07255043Z
1647877245.0725102,2022-03-21T15:40:45.080510912Z
1647877245.0800583,2022-03-21T15:40:45.08969139Z
1647877245.0876176,2022-03-21T15:40:45.099881327Z
1647877245.0951302,2022-03-21T15:40:45.147420903Z
1647877245.1027164,2022-03-21T15:40:45.17217539Z
1647877245.1405609,2022-03-21T15:40:45.174785277Z
1647877245.1556733,2022-03-21T15:40:45.176985553Z
1647877245.1253753,2022-03-21T15:40:45.179193868Z
1647877245.110237,2022-03-21T15:40:45.181111441Z
1647877245.1329741,2022-03-21T15:40:45.182998755Z
1647877245.1481135,2022-03-21T15:40:45.185166279Z
1647877245.1178112,2022-03-21T15:40:45.187006191Z
1647877245.163223,2022-03-21T15:40:45.211513743Z
1647877245.170777,2022-03-21T15:40:45.226434397Z
1647877245.1782212,2022-03-21T15:40:45.237401894Z
1647877245.185757,2022-03-21T15:40:45.246742321Z
1647877245.1933148,2022-03-21T15:40:45.253070113Z
1647877245.2008471,2022-03-21T15:40:45.261367029Z
1647877245.2084162,2022-03-21T15:40:45.262548963Z
1647877245.2160013,2022-03-21T15:40:45.273080615Z
1647877245.223593,2022-03-21T15:40:45.275389239Z
1647877245.2311468,2022-03-21T15:40:45.283055296Z
1647877245.23873,2022-03-21T15:40:45.287273904Z
1647877245.2463043,2022-03-21T15:40:45.292859832Z
1647877245.2538965,2022-03-21T15:40:45.298528687Z
1647877245.2691169,2022-03-21T15:40:45.302988454Z
1647877245.261512,2022-03-21T15:40:45.309097612Z
1647877245.2767024,2022-03-21T15:40:45.30988916Z
1647877245.2842493,2022-03-21T15:40:45.315251538Z
1647877245.2918434,2022-03-21T15:40:45.320901627Z
1647877245.2994394,2022-03-21T15:40:45.32207318Z
1647877245.3070264,2022-03-21T15:40:45.324421205Z
1647877245.314619,2022-03-21T15:40:45.327290127Z
1647877245.322119,2022-03-21T15:40:45.332885936Z
1647877245.329571,2022-03-21T15:40:45.338191767Z
1647877245.3371284,2022-03-21T15:40:45.346817085Z
1647877245.3447301,2022-03-21T15:40:45.355900444Z
1647877245.3523533,2022-03-21T15:40:45.36449372Z
1647877245.3599184,2022-03-21T15:40:45.372269884Z
1647877245.3674498,2022-03-21T15:40:45.376290838Z
1647877245.375023,2022-03-21T15:40:45.386732597Z
1647877245.3825984,2022-03-21T15:40:45.394719776Z
1647877245.3901591,2022-03-21T15:40:45.403498552Z
1647877245.397726,2022-03-21T15:40:45.407873792Z
1647877245.4052122,2022-03-21T15:40:45.414881807Z
1647877245.412771,2022-03-21T15:40:45.422090048Z
1647877245.4203818,2022-03-21T15:40:45.442440019Z
1647877245.4279869,2022-03-21T15:40:45.454987064Z
1647877245.4355862,2022-03-21T15:40:45.461040344Z
1647877245.443119,2022-03-21T15:40:45.464814176Z
1647877245.4505599,2022-03-21T15:40:45.472326789Z
1647877245.4580865,2022-03-21T15:40:45.476612559Z
1647877245.465639,2022-03-21T15:40:45.486579782Z
1647877245.4807546,2022-03-21T15:40:45.506183741Z
1647877245.473191,2022-03-21T15:40:45.507916452Z
1647877245.4883623,2022-03-21T15:40:45.517993179Z
1647877245.495936,2022-03-21T15:40:45.518825518Z
1647877245.5035143,2022-03-21T15:40:45.528779524Z
1647877245.5110712,2022-03-21T15:40:45.537304833Z
1647877245.518683,2022-03-21T15:40:45.539721084Z
1647877245.5262651,2022-03-21T15:40:45.556510132Z
1647877245.5338247,2022-03-21T15:40:45.576015401Z
1647877245.5414035,2022-03-21T15:40:45.578816645Z
1647877245.5490372,2022-03-21T15:40:45.584877274Z
1647877245.5641813,2022-03-21T15:40:45.587854862Z
1647877245.556584,2022-03-21T15:40:45.590131467Z
1647877245.5717063,2022-03-21T15:40:45.597515924Z
1647877245.5792758,2022-03-21T15:40:45.600220417Z
1647877245.5868824,2022-03-21T15:40:45.602183068Z
1647877245.594512,2022-03-21T15:40:45.611422484Z
1647877245.6021066,2022-03-21T15:40:45.615441838Z
1647877245.6097233,2022-03-21T15:40:45.623154038Z
1647877245.6173244,2022-03-21T15:40:45.62837251Z
1647877245.6249495,2022-03-21T15:40:45.637930223Z
1647877245.6325886,2022-03-21T15:40:45.642884695Z
1647877245.640169,2022-03-21T15:40:45.651453574Z
1647877245.6477778,2022-03-21T15:40:45.659760314Z
1647877245.6553524,2022-03-21T15:40:45.6650866Z
1647877245.6629262,2022-03-21T15:40:45.675046952Z
1647877245.6705308,2022-03-21T15:40:45.681783831Z
1647877245.6781158,2022-03-21T15:40:45.687898124Z
1647877245.685677,2022-03-21T15:40:45.694559435Z
1647877245.6932163,2022-03-21T15:40:45.703364677Z
1647877245.7007847,2022-03-21T15:40:45.710084478Z
1647877245.708406,2022-03-21T15:40:45.719083027Z
1647877245.7160373,2022-03-21T15:40:45.725578478Z
1647877245.7236178,2022-03-21T15:40:45.733303608Z
1647877245.731192,2022-03-21T15:40:45.741777499Z
1647877245.738767,2022-03-21T15:40:45.750557239Z
1647877245.7463415,2022-03-21T15:40:45.756657954Z
1647877245.7539492,2022-03-21T15:40:45.764935101Z
1647877245.7615302,2022-03-21T15:40:45.775433542Z
1647877245.7691329,2022-03-21T15:40:45.795213169Z
1647877245.7767313,2022-03-21T15:40:45.815833797Z
1647877245.7843475,2022-03-21T15:40:45.818688259Z
1647877245.7919147,2022-03-21T15:40:45.820755414Z
1647877245.799447,2022-03-21T15:40:45.825664861Z
1647877245.807106,2022-03-21T15:40:45.839346723Z
1647877245.8148253,2022-03-21T15:40:45.850183145Z
1647877245.8224213,2022-03-21T15:40:45.864314898Z
1647877245.8300464,2022-03-21T15:40:45.864755313Z
1647877245.8375955,2022-03-21T15:40:45.869049269Z
1647877245.845178,2022-03-21T15:40:45.87750343Z
1647877245.8528194,2022-03-21T15:40:45.880156145Z
1647877245.8603969,2022-03-21T15:40:45.886014305Z
1647877245.8679934,2022-03-21T15:40:45.888925681Z
1647877245.8755999,2022-03-21T15:40:45.893286566Z
1647877245.8831873,2022-03-21T15:40:45.906163754Z
1647877245.8908103,2022-03-21T15:40:45.917762053Z
1647877245.8984058,2022-03-21T15:40:45.919024621Z
1647877245.9060662,2022-03-21T15:40:45.923875095Z
1647877245.9142563,2022-03-21T15:40:45.929518381Z
1647877245.9218483,2022-03-21T15:40:45.938883534Z
1647877245.929521,2022-03-21T15:40:45.944097332Z
1647877245.9371197,2022-03-21T15:40:45.954256647Z
1647877245.9447532,2022-03-21T15:40:45.956139249Z
1647877245.9523997,2022-03-21T15:40:45.96484798Z
1647877245.9600222,2022-03-21T15:40:45.970938404Z
1647877245.9676237,2022-03-21T15:40:45.977568492Z
1647877245.9752257,2022-03-21T15:40:45.984972154Z
1647877245.9828413,2022-03-21T15:40:45.991990602Z
1647877245.9904406,2022-03-21T15:40:45.9993589Z
1647877245.9980466,2022-03-21T15:40:46.00943363Z
1647877246.00563,2022-03-21T15:40:46.021361205Z
1647877246.013237,2022-03-21T15:40:46.026862969Z
1647877246.020855,2022-03-21T15:40:46.035903383Z
1647877246.028555,2022-03-21T15:40:46.039488233Z
1647877246.036185,2022-03-21T15:40:46.048637445Z
1647877246.0438285,2022-03-21T15:40:46.05590029Z
1647877246.0514545,2022-03-21T15:40:46.064203235Z
1647877246.0590553,2022-03-21T15:40:46.076007581Z
1647877246.0666673,2022-03-21T15:40:46.079483586Z
1647877246.0742736,2022-03-21T15:40:46.08583159Z
1647877246.0818918,2022-03-21T15:40:46.092799345Z
1647877246.0895176,2022-03-21T15:40:46.100270844Z
1647877246.0971272,2022-03-21T15:40:46.10690263Z
1647877246.104743,2022-03-21T15:40:46.114918328Z
1647877246.1123815,2022-03-21T15:40:46.121421082Z
1647877246.1200128,2022-03-21T15:40:46.131193785Z
1647877246.1276054,2022-03-21T15:40:46.138079112Z
1647877246.1352046,2022-03-21T15:40:46.145180773Z
1647877246.142822,2022-03-21T15:40:46.153173837Z
1647877246.1504285,2022-03-21T15:40:46.161151475Z
1647877246.158046,2022-03-21T15:40:46.189877541Z
1647877246.1656394,2022-03-21T15:40:46.215915295Z
1647877246.1732006,2022-03-21T15:40:46.227018712Z
1647877246.1883905,2022-03-21T15:40:46.230256336Z
1647877246.1807783,2022-03-21T15:40:46.232782395Z
1647877246.1959794,2022-03-21T15:40:46.24521936Z
1647877246.20356,2022-03-21T15:40:46.257699238Z
1647877246.2111278,2022-03-21T15:40:46.261234671Z
1647877246.2186706,2022-03-21T15:40:46.266327325Z
1647877246.226224,2022-03-21T15:40:46.274297783Z
1647877246.233799,2022-03-21T15:40:46.281611322Z
1647877246.241359,2022-03-21T15:40:46.285052362Z
1647877246.248949,2022-03-21T15:40:46.287010242Z
1647877246.256566,2022-03-21T15:40:46.293093014Z
1647877246.2716596,2022-03-21T15:40:46.298258375Z
1647877246.264094,2022-03-21T15:40:46.300054769Z
1647877246.279228,2022-03-21T15:40:46.309057218Z
1647877246.2868028,2022-03-21T15:40:46.316980257Z
1647877246.2943676,2022-03-21T15:40:46.31733Z
1647877246.3019614,2022-03-21T15:40:46.327087974Z
1647877246.3095453,2022-03-21T15:40:46.328370466Z
1647877246.3171284,2022-03-21T15:40:46.332095574Z
1647877246.324702,2022-03-21T15:40:46.342273385Z
1647877246.3322775,2022-03-21T15:40:46.349652461Z
1647877246.3398862,2022-03-21T15:40:46.354661356Z
1647877246.3474033,2022-03-21T15:40:46.361096499Z
1647877246.354938,2022-03-21T15:40:46.372423397Z
1647877246.3625395,2022-03-21T15:40:46.380403188Z
1647877246.370075,2022-03-21T15:40:46.38558887Z
1647877246.3776371,2022-03-21T15:40:46.391913834Z
1647877246.3852024,2022-03-21T15:40:46.398977934Z
1647877246.400381,2022-03-21T15:40:46.411432654Z
1647877246.3927875,2022-03-21T15:40:46.416017508Z
1647877246.4078434,2022-03-21T15:40:46.421904981Z
1647877246.4154086,2022-03-21T15:40:46.429313378Z
1647877246.4229825,2022-03-21T15:40:46.437297082Z
1647877246.430531,2022-03-21T15:40:46.45150294Z
1647877246.4380984,2022-03-21T15:40:46.460069067Z
1647877246.4456348,2022-03-21T15:40:46.461731883Z
1647877246.4532032,2022-03-21T15:40:46.467330648Z
1647877246.4607751,2022-03-21T15:40:46.476213905Z
1647877246.4683778,2022-03-21T15:40:46.481274861Z
1647877246.4759834,2022-03-21T15:40:46.490701127Z
1647877246.4835668,2022-03-21T15:40:46.502133014Z
1647877246.4911296,2022-03-21T15:40:46.504434016Z
1647877246.4987156,2022-03-21T15:40:46.509501526Z
1647877246.5062757,2022-03-21T15:40:46.530643838Z
1647877246.5137725,2022-03-21T15:40:46.537661728Z
1647877246.521337,2022-03-21T15:40:46.544134908Z
1647877246.5289242,2022-03-21T15:40:46.547443637Z
1647877246.536534,2022-03-21T15:40:46.552578577Z
1647877246.5440729,2022-03-21T15:40:46.558587741Z
1647877246.551642,2022-03-21T15:40:46.567129591Z
1647877246.5592058,2022-03-21T15:40:46.574479617Z
1647877246.5667746,2022-03-21T15:40:46.578715887Z
1647877246.5743363,2022-03-21T15:40:46.584968006Z
1647877246.5819244,2022-03-21T15:40:46.592268464Z
1647877246.589511,2022-03-21T15:40:46.600157401Z
1647877246.5971146,2022-03-21T15:40:46.608232583Z
1647877246.6046727,2022-03-21T15:40:46.61447185Z
1647877246.6122367,2022-03-21T15:40:46.622319422Z
1647877246.6198442,2022-03-21T15:40:46.629706054Z
1647877246.6273792,2022-03-21T15:40:46.639578784Z
1647877246.634942,2022-03-21T15:40:46.64517262Z
1647877246.642497,2022-03-21T15:40:46.653010851Z
1647877246.6500227,2022-03-21T15:40:46.660853897Z
1647877246.6575966,2022-03-21T15:40:46.667171361Z
1647877246.6651714,2022-03-21T15:40:46.674990992Z
1647877246.6727695,2022-03-21T15:40:46.683044193Z
1647877246.6804044,2022-03-21T15:40:46.7095417Z
1647877246.6879375,2022-03-21T15:40:46.729615554Z
1647877246.6956966,2022-03-21T15:40:46.753214509Z
1647877246.7032077,2022-03-21T15:40:46.756295898Z
1647877246.7107685,2022-03-21T15:40:46.767672165Z
1647877246.718496,2022-03-21T15:40:46.769283293Z
1647877246.7260473,2022-03-21T15:40:46.80009142Z
1647877246.7335882,2022-03-21T15:40:46.801853589Z
1647877246.7411535,2022-03-21T15:40:46.809316021Z
1647877246.7487104,2022-03-21T15:40:46.815302104Z
1647877246.7562566,2022-03-21T15:40:46.81875723Z
1647877246.7638426,2022-03-21T15:40:46.823017554Z
1647877246.7714012,2022-03-21T15:40:46.830485013Z
1647877246.7789788,2022-03-21T15:40:46.83136303Z
1647877246.7941177,2022-03-21T15:40:46.840486571Z
1647877246.7865398,2022-03-21T15:40:46.842980471Z
1647877246.801655,2022-03-21T15:40:46.849829647Z
1647877246.8092034,2022-03-21T15:40:46.853532057Z
1647877246.8243835,2022-03-21T15:40:46.862300602Z
1647877246.8167677,2022-03-21T15:40:46.863251427Z
1647877246.8395765,2022-03-21T15:40:46.871298678Z
1647877246.8319721,2022-03-21T15:40:46.877312139Z
1647877246.8471503,2022-03-21T15:40:46.883747321Z
1647877246.8623037,2022-03-21T15:40:46.896207205Z
1647877246.8547485,2022-03-21T15:40:46.896988212Z
1647877246.877438,2022-03-21T15:40:46.907197258Z
1647877246.8698611,2022-03-21T15:40:46.908680437Z
1647877246.8850625,2022-03-21T15:40:46.915962209Z
1647877246.8926742,2022-03-21T15:40:46.918102279Z
1647877246.9002411,2022-03-21T15:40:46.924499468Z
1647877246.9078276,2022-03-21T15:40:46.927121539Z
1647877246.9153922,2022-03-21T15:40:46.932378844Z
1647877246.9229553,2022-03-21T15:40:46.937984985Z
1647877246.9305124,2022-03-21T15:40:46.945108366Z
1647877246.938058,2022-03-21T15:40:46.952057989Z
1647877246.9455976,2022-03-21T15:40:46.961537367Z
1647877246.953179,2022-03-21T15:40:46.968079049Z
1647877246.9607549,2022-03-21T15:40:46.971895016Z
1647877246.9683897,2022-03-21T15:40:46.979389611Z
1647877246.9759943,2022-03-21T15:40:46.98664607Z
1647877246.983565,2022-03-21T15:40:46.993788888Z
1647877246.9911299,2022-03-21T15:40:47.001411087Z
1647877246.9987113,2022-03-21T15:40:47.011827584Z
1647877247.0062757,2022-03-21T15:40:47.019115695Z
1647877247.0138803,2022-03-21T15:40:47.023265411Z
1647877247.0214841,2022-03-21T15:40:47.033362498Z
1647877247.0290487,2022-03-21T15:40:47.03902415Z
1647877247.0366418,2022-03-21T15:40:47.049868421Z
1647877247.0442007,2022-03-21T15:40:47.05266006Z
1647877247.051791,2022-03-21T15:40:47.063294332Z
1647877247.0593438,2022-03-21T15:40:47.069810518Z
