1647878461.9277558,2022-03-21T16:01:02.06630577Z
1647878461.9588723,2022-03-21T16:01:02.120408303Z
1647878461.9433293,2022-03-21T16:01:02.12597144Z
1647878461.9124541,2022-03-21T16:01:02.130067438Z
1647878461.9744534,2022-03-21T16:01:02.149051049Z
1647878462.0211866,2022-03-21T16:01:02.165152037Z
1647878461.9900563,2022-03-21T16:01:02.167576253Z
1647878462.0056458,2022-03-21T16:01:02.171310076Z
1647878462.0367596,2022-03-21T16:01:02.174124239Z
1647878462.0523005,2022-03-21T16:01:02.186830404Z
1647878462.0676866,2022-03-21T16:01:02.203703068Z
1647878462.0989401,2022-03-21T16:01:02.216601503Z
1647878462.0832741,2022-03-21T16:01:02.220553041Z
1647878462.1300104,2022-03-21T16:01:02.226324804Z
1647878462.1145022,2022-03-21T16:01:02.229686987Z
1647878462.145572,2022-03-21T16:01:02.239092274Z
1647878462.1611698,2022-03-21T16:01:02.258353175Z
1647878462.1767697,2022-03-21T16:01:02.261364183Z
1647878462.192381,2022-03-21T16:01:02.270474447Z
1647878462.2079842,2022-03-21T16:01:02.280341569Z
1647878462.223496,2022-03-21T16:01:02.291511803Z
1647878462.238907,2022-03-21T16:01:02.294774891Z
1647878462.254391,2022-03-21T16:01:02.304226722Z
1647878462.2697349,2022-03-21T16:01:02.308278631Z
1647878462.285214,2022-03-21T16:01:02.318259657Z
1647878462.3007174,2022-03-21T16:01:02.31966585Z
1647878462.3161888,2022-03-21T16:01:02.329331136Z
1647878462.3317883,2022-03-21T16:01:02.34410897Z
1647878462.3473663,2022-03-21T16:01:02.357703977Z
1647878462.3629584,2022-03-21T16:01:02.381016029Z
1647878462.3785448,2022-03-21T16:01:02.394546202Z
1647878462.3940704,2022-03-21T16:01:02.409379445Z
1647878462.409408,2022-03-21T16:01:02.423597109Z
1647878462.4248621,2022-03-21T16:01:02.437376411Z
1647878462.4403877,2022-03-21T16:01:02.452248775Z
1647878462.455881,2022-03-21T16:01:02.473155549Z
1647878462.4714544,2022-03-21T16:01:02.487644447Z
1647878462.4869964,2022-03-21T16:01:02.49824042Z
1647878462.5024965,2022-03-21T16:01:02.514730343Z
1647878462.5180824,2022-03-21T16:01:02.530211822Z
1647878462.533655,2022-03-21T16:01:02.544902717Z
1647878462.5492435,2022-03-21T16:01:02.559906932Z
1647878462.5648153,2022-03-21T16:01:02.57554532Z
1647878462.5803938,2022-03-21T16:01:02.590925013Z
1647878462.596002,2022-03-21T16:01:02.607470662Z
1647878462.6115777,2022-03-21T16:01:02.621703934Z
1647878462.627149,2022-03-21T16:01:02.637936548Z
1647878462.6427314,2022-03-21T16:01:02.653688609Z
1647878462.658278,2022-03-21T16:01:02.673294535Z
1647878462.6738505,2022-03-21T16:01:02.687908932Z
1647878462.6894052,2022-03-21T16:01:02.701795081Z
1647878462.7050064,2022-03-21T16:01:02.719887996Z
1647878462.7206273,2022-03-21T16:01:02.734013731Z
1647878462.7361407,2022-03-21T16:01:02.749140865Z
1647878462.7517474,2022-03-21T16:01:02.764859409Z
1647878462.7673259,2022-03-21T16:01:02.77980779Z
1647878462.782927,2022-03-21T16:01:02.793668143Z
1647878462.7985253,2022-03-21T16:01:02.809957783Z
1647878462.8141012,2022-03-21T16:01:02.825349733Z
1647878462.8296783,2022-03-21T16:01:02.840832538Z
1647878462.8452196,2022-03-21T16:01:02.857085484Z
1647878462.8608477,2022-03-21T16:01:02.871261548Z
1647878462.8764462,2022-03-21T16:01:02.889095361Z
1647878462.8920584,2022-03-21T16:01:02.903902539Z
1647878462.9076278,2022-03-21T16:01:02.920164091Z
1647878462.9232125,2022-03-21T16:01:02.933869249Z
1647878462.9387746,2022-03-21T16:01:02.950024814Z
1647878462.954325,2022-03-21T16:01:02.964955177Z
1647878462.9699435,2022-03-21T16:01:02.981336278Z
1647878462.9855096,2022-03-21T16:01:02.995849145Z
1647878463.001068,2022-03-21T16:01:03.013188513Z
1647878463.016668,2022-03-21T16:01:03.026438539Z
1647878463.0322413,2022-03-21T16:01:03.045619513Z
1647878463.0477848,2022-03-21T16:01:03.064008638Z
1647878463.063342,2022-03-21T16:01:03.07764717Z
1647878463.0789423,2022-03-21T16:01:03.095963252Z
1647878463.0945182,2022-03-21T16:01:03.105728105Z
1647878463.1100733,2022-03-21T16:01:03.124236889Z
1647878463.1256495,2022-03-21T16:01:03.136733411Z
1647878463.141176,2022-03-21T16:01:03.152645426Z
1647878463.1567588,2022-03-21T16:01:03.16861433Z
1647878463.1723084,2022-03-21T16:01:03.187668728Z
1647878463.1878738,2022-03-21T16:01:03.198524412Z
1647878463.203489,2022-03-21T16:01:03.214967288Z
1647878463.2190611,2022-03-21T16:01:03.228586768Z
1647878463.2346346,2022-03-21T16:01:03.246028067Z
1647878463.2502203,2022-03-21T16:01:03.26487055Z
1647878463.2657995,2022-03-21T16:01:03.277841347Z
1647878463.2813408,2022-03-21T16:01:03.293693818Z
1647878463.2968955,2022-03-21T16:01:03.30644874Z
1647878463.3125272,2022-03-21T16:01:03.324716094Z
1647878463.3281024,2022-03-21T16:01:03.338692108Z
1647878463.343696,2022-03-21T16:01:03.35477Z
1647878463.3592508,2022-03-21T16:01:03.37177339Z
1647878463.374852,2022-03-21T16:01:03.389001195Z
1647878463.3904252,2022-03-21T16:01:03.401466385Z
1647878463.4060307,2022-03-21T16:01:03.418835918Z
1647878463.421603,2022-03-21T16:01:03.433285573Z
1647878463.4371607,2022-03-21T16:01:03.448298492Z
1647878463.452723,2022-03-21T16:01:03.467278666Z
1647878463.4682524,2022-03-21T16:01:03.479927443Z
1647878463.483817,2022-03-21T16:01:03.495757729Z
1647878463.4994056,2022-03-21T16:01:03.515880166Z
1647878463.515017,2022-03-21T16:01:03.527547197Z
1647878463.530596,2022-03-21T16:01:03.540931193Z
1647878463.5461705,2022-03-21T16:01:03.55547061Z
1647878463.5617797,2022-03-21T16:01:03.57091805Z
1647878463.5773356,2022-03-21T16:01:03.586484222Z
1647878463.592915,2022-03-21T16:01:03.602104932Z
1647878463.6085236,2022-03-21T16:01:03.617546733Z
1647878463.6240964,2022-03-21T16:01:03.638302319Z
1647878463.6396503,2022-03-21T16:01:03.657936121Z
1647878463.6552203,2022-03-21T16:01:03.668234516Z
1647878463.6707947,2022-03-21T16:01:03.680910383Z
1647878463.6863642,2022-03-21T16:01:03.698352793Z
1647878463.7019527,2022-03-21T16:01:03.713728717Z
1647878463.7175486,2022-03-21T16:01:03.727887868Z
1647878463.7331297,2022-03-21T16:01:03.745314066Z
1647878463.7487314,2022-03-21T16:01:03.759674529Z
1647878463.7642634,2022-03-21T16:01:03.776248719Z
1647878463.779844,2022-03-21T16:01:03.793119547Z
1647878463.7955105,2022-03-21T16:01:03.805577681Z
1647878463.8110497,2022-03-21T16:01:03.835796399Z
1647878463.8266234,2022-03-21T16:01:03.85483856Z
1647878463.8421717,2022-03-21T16:01:03.860619775Z
1647878463.8577695,2022-03-21T16:01:03.86986042Z
1647878463.87333,2022-03-21T16:01:03.883930396Z
1647878463.888944,2022-03-21T16:01:03.899625729Z
1647878463.9045582,2022-03-21T16:01:03.914274109Z
1647878463.9201262,2022-03-21T16:01:03.930503443Z
1647878463.9357288,2022-03-21T16:01:03.947369947Z
1647878463.951191,2022-03-21T16:01:03.962479555Z
1647878463.9666972,2022-03-21T16:01:03.97992651Z
1647878463.9822345,2022-03-21T16:01:03.99240445Z
1647878463.9978209,2022-03-21T16:01:04.00991019Z
1647878464.013359,2022-03-21T16:01:04.023543481Z
1647878464.0289598,2022-03-21T16:01:04.040690503Z
1647878464.0445848,2022-03-21T16:01:04.054592616Z
1647878464.0601265,2022-03-21T16:01:04.070239132Z
1647878464.075724,2022-03-21T16:01:04.085118615Z
1647878464.091298,2022-03-21T16:01:04.100215131Z
1647878464.1069071,2022-03-21T16:01:04.124355625Z
1647878464.122506,2022-03-21T16:01:04.134217178Z
1647878464.1380486,2022-03-21T16:01:04.150249332Z
1647878464.1536322,2022-03-21T16:01:04.169748341Z
1647878464.169109,2022-03-21T16:01:04.184542225Z
1647878464.184615,2022-03-21T16:01:04.198572284Z
1647878464.2001703,2022-03-21T16:01:04.215357258Z
1647878464.21578,2022-03-21T16:01:04.230373463Z
1647878464.231339,2022-03-21T16:01:04.243744841Z
1647878464.2469382,2022-03-21T16:01:04.260683574Z
1647878464.262581,2022-03-21T16:01:04.274517838Z
1647878464.2780657,2022-03-21T16:01:04.291337375Z
1647878464.2936063,2022-03-21T16:01:04.306282492Z
1647878464.3091528,2022-03-21T16:01:04.325832804Z
1647878464.32476,2022-03-21T16:01:04.341084391Z
1647878464.340334,2022-03-21T16:01:04.359024167Z
1647878464.3559322,2022-03-21T16:01:04.372791156Z
1647878464.3714929,2022-03-21T16:01:04.385958804Z
1647878464.3870714,2022-03-21T16:01:04.399920911Z
1647878464.4025517,2022-03-21T16:01:04.414445999Z
1647878464.418107,2022-03-21T16:01:04.430100613Z
1647878464.4336736,2022-03-21T16:01:04.447851039Z
1647878464.449269,2022-03-21T16:01:04.460251102Z
1647878464.4648285,2022-03-21T16:01:04.476873091Z
1647878464.4804213,2022-03-21T16:01:04.49328959Z
1647878464.4959095,2022-03-21T16:01:04.510168436Z
1647878464.5113428,2022-03-21T16:01:04.523775268Z
1647878464.5268962,2022-03-21T16:01:04.537005146Z
1647878464.5424914,2022-03-21T16:01:04.555570037Z
1647878464.5580688,2022-03-21T16:01:04.571841653Z
1647878464.5736074,2022-03-21T16:01:04.586866867Z
1647878464.5891454,2022-03-21T16:01:04.600294323Z
1647878464.6047528,2022-03-21T16:01:04.617826082Z
1647878464.620362,2022-03-21T16:01:04.634075016Z
1647878464.635975,2022-03-21T16:01:04.647987832Z
1647878464.6515338,2022-03-21T16:01:04.663947578Z
1647878464.6670878,2022-03-21T16:01:04.681233151Z
1647878464.6826632,2022-03-21T16:01:04.692260773Z
1647878464.6982334,2022-03-21T16:01:04.710817938Z
1647878464.7138371,2022-03-21T16:01:04.723181319Z
1647878464.7294254,2022-03-21T16:01:04.743150752Z
1647878464.7450678,2022-03-21T16:01:04.760816517Z
1647878464.7606606,2022-03-21T16:01:04.772793069Z
1647878464.7762496,2022-03-21T16:01:04.787610353Z
1647878464.7918174,2022-03-21T16:01:04.803306443Z
1647878464.8073883,2022-03-21T16:01:04.818404795Z
1647878464.8229928,2022-03-21T16:01:04.833854528Z
1647878464.838581,2022-03-21T16:01:04.848952486Z
1647878464.8541348,2022-03-21T16:01:04.869757798Z
1647878464.8697283,2022-03-21T16:01:04.885564775Z
1647878464.8852487,2022-03-21T16:01:04.899030722Z
1647878464.9008105,2022-03-21T16:01:04.91399037Z
1647878464.9163775,2022-03-21T16:01:04.927721226Z
1647878464.9319744,2022-03-21T16:01:04.943158852Z
1647878464.9475653,2022-03-21T16:01:04.962055498Z
1647878464.9631307,2022-03-21T16:01:04.978902117Z
1647878464.9787476,2022-03-21T16:01:04.990534493Z
1647878464.9942791,2022-03-21T16:01:05.007313586Z
1647878465.0098789,2022-03-21T16:01:05.020534162Z
1647878465.0254538,2022-03-21T16:01:05.039740077Z
1647878465.0410607,2022-03-21T16:01:05.05487563Z
1647878465.0566783,2022-03-21T16:01:05.069931663Z
1647878465.0722558,2022-03-21T16:01:05.083146955Z
1647878465.0878282,2022-03-21T16:01:05.100136184Z
1647878465.103386,2022-03-21T16:01:05.114693593Z
1647878465.118985,2022-03-21T16:01:05.129096158Z
1647878465.1345615,2022-03-21T16:01:05.144575687Z
1647878465.1501203,2022-03-21T16:01:05.160452594Z
1647878465.165728,2022-03-21T16:01:05.176248891Z
1647878465.1813054,2022-03-21T16:01:05.193071543Z
1647878465.196898,2022-03-21T16:01:05.206930829Z
1647878465.212536,2022-03-21T16:01:05.224907173Z
1647878465.2281086,2022-03-21T16:01:05.240699522Z
1647878465.2436738,2022-03-21T16:01:05.2580095Z
1647878465.2592094,2022-03-21T16:01:05.274232455Z
1647878465.2747803,2022-03-21T16:01:05.286948978Z
1647878465.2903202,2022-03-21T16:01:05.301068763Z
1647878465.3059156,2022-03-21T16:01:05.317147769Z
1647878465.3215191,2022-03-21T16:01:05.33124898Z
1647878465.3370578,2022-03-21T16:01:05.349024623Z
1647878465.3526707,2022-03-21T16:01:05.366648973Z
1647878465.3682237,2022-03-21T16:01:05.37928345Z
1647878465.3838234,2022-03-21T16:01:05.396060368Z
1647878465.39939,2022-03-21T16:01:05.410943249Z
1647878465.4149685,2022-03-21T16:01:05.428517177Z
1647878465.4305508,2022-03-21T16:01:05.443504966Z
1647878465.4461267,2022-03-21T16:01:05.458453507Z
1647878465.4617128,2022-03-21T16:01:05.474144375Z
1647878465.4772856,2022-03-21T16:01:05.489101651Z
1647878465.4928646,2022-03-21T16:01:05.505358928Z
1647878465.5084984,2022-03-21T16:01:05.518972362Z
1647878465.5240693,2022-03-21T16:01:05.543270316Z
1647878465.5396438,2022-03-21T16:01:05.552127449Z
1647878465.5552163,2022-03-21T16:01:05.567102522Z
1647878465.570815,2022-03-21T16:01:05.581275633Z
1647878465.5863593,2022-03-21T16:01:05.610892904Z
1647878465.601932,2022-03-21T16:01:05.624567118Z
1647878465.6173818,2022-03-21T16:01:05.633778145Z
1647878465.6329992,2022-03-21T16:01:05.647358807Z
1647878465.6487184,2022-03-21T16:01:05.660362242Z
1647878465.6642876,2022-03-21T16:01:05.674703618Z
1647878465.6798522,2022-03-21T16:01:05.690268117Z
1647878465.695418,2022-03-21T16:01:05.709816773Z
1647878465.7110221,2022-03-21T16:01:05.727270458Z
1647878465.7265964,2022-03-21T16:01:05.768301658Z
1647878465.7421694,2022-03-21T16:01:05.77983662Z
1647878465.7577698,2022-03-21T16:01:05.78570181Z
1647878465.773335,2022-03-21T16:01:05.795897875Z
1647878465.7889612,2022-03-21T16:01:05.804106407Z
1647878465.8045752,2022-03-21T16:01:05.814958055Z
1647878465.8201525,2022-03-21T16:01:05.831975909Z
1647878465.8357663,2022-03-21T16:01:05.847031643Z
1647878465.8513541,2022-03-21T16:01:05.861746555Z
1647878465.8669229,2022-03-21T16:01:05.876443825Z
1647878465.882545,2022-03-21T16:01:05.893984286Z
1647878465.8981228,2022-03-21T16:01:05.910465612Z
1647878465.9137313,2022-03-21T16:01:05.924792445Z
1647878465.9293096,2022-03-21T16:01:05.94125191Z
1647878465.9448977,2022-03-21T16:01:05.955105398Z
1647878465.960531,2022-03-21T16:01:05.969764666Z
1647878465.9761128,2022-03-21T16:01:05.988555574Z
1647878465.9917,2022-03-21T16:01:06.00285613Z
1647878466.0072334,2022-03-21T16:01:06.019954972Z
1647878466.022858,2022-03-21T16:01:06.031636101Z
1647878466.038451,2022-03-21T16:01:06.049269289Z
1647878466.0540657,2022-03-21T16:01:06.063468554Z
1647878466.0696533,2022-03-21T16:01:06.080350087Z
1647878466.0852244,2022-03-21T16:01:06.098943098Z
1647878466.1008396,2022-03-21T16:01:06.112938794Z
1647878466.1164865,2022-03-21T16:01:06.128494764Z
1647878466.1320841,2022-03-21T16:01:06.142390633Z
1647878466.1476352,2022-03-21T16:01:06.15756003Z
1647878466.1632197,2022-03-21T16:01:06.178102978Z
1647878466.178801,2022-03-21T16:01:06.189409188Z
1647878466.194385,2022-03-21T16:01:06.207990965Z
1647878466.2099645,2022-03-21T16:01:06.220452759Z
1647878466.2255757,2022-03-21T16:01:06.236197794Z
1647878466.2411687,2022-03-21T16:01:06.252109311Z
1647878466.2567596,2022-03-21T16:01:06.26763423Z
1647878466.2722824,2022-03-21T16:01:06.287056477Z
1647878466.2878444,2022-03-21T16:01:06.303895608Z
1647878466.3033981,2022-03-21T16:01:06.31907536Z
1647878466.319027,2022-03-21T16:01:06.330109042Z
1647878466.3346026,2022-03-21T16:01:06.344874945Z
1647878466.3501964,2022-03-21T16:01:06.360953575Z
1647878466.3658133,2022-03-21T16:01:06.379147845Z
1647878466.3814044,2022-03-21T16:01:06.392384406Z
1647878466.397016,2022-03-21T16:01:06.407996122Z
1647878466.4126022,2022-03-21T16:01:06.427784958Z
1647878466.4281988,2022-03-21T16:01:06.45648407Z
1647878466.4438434,2022-03-21T16:01:06.470400965Z
1647878466.4594293,2022-03-21T16:01:06.482597565Z
1647878466.4750278,2022-03-21T16:01:06.489324608Z
1647878466.4905815,2022-03-21T16:01:06.504514376Z
1647878466.506159,2022-03-21T16:01:06.5176819Z
1647878466.5217578,2022-03-21T16:01:06.534730484Z
1647878466.5373392,2022-03-21T16:01:06.549631315Z
1647878466.552942,2022-03-21T16:01:06.565850355Z
1647878466.5691168,2022-03-21T16:01:06.58374324Z
1647878466.5846798,2022-03-21T16:01:06.596757652Z
1647878466.6002278,2022-03-21T16:01:06.615240143Z
1647878466.615783,2022-03-21T16:01:06.643380132Z
1647878466.6313426,2022-03-21T16:01:06.658915776Z
1647878466.646951,2022-03-21T16:01:06.678196627Z
1647878466.662576,2022-03-21T16:01:06.693103732Z
1647878466.6781688,2022-03-21T16:01:06.701888503Z
1647878466.6937947,2022-03-21T16:01:06.712823971Z
1647878466.7094014,2022-03-21T16:01:06.726657884Z
1647878466.7250123,2022-03-21T16:01:06.74161505Z
1647878466.7406595,2022-03-21T16:01:06.755930223Z
1647878466.7562804,2022-03-21T16:01:06.771564314Z
1647878466.7719345,2022-03-21T16:01:06.794836359Z
1647878466.7875466,2022-03-21T16:01:06.816603147Z
1647878466.8031695,2022-03-21T16:01:06.83759613Z
1647878466.8188195,2022-03-21T16:01:06.848446492Z
1647878466.8343549,2022-03-21T16:01:06.856570289Z
1647878466.8499331,2022-03-21T16:01:06.867190004Z
1647878466.8654277,2022-03-21T16:01:06.8827222Z
1647878466.881041,2022-03-21T16:01:06.898019799Z
1647878466.896658,2022-03-21T16:01:06.913341284Z
1647878466.9122286,2022-03-21T16:01:06.927966445Z
1647878466.927822,2022-03-21T16:01:06.943944388Z
1647878466.9433515,2022-03-21T16:01:06.959528916Z
1647878466.9589057,2022-03-21T16:01:06.974523555Z
1647878466.9744408,2022-03-21T16:01:06.987895856Z
1647878466.9900527,2022-03-21T16:01:07.002855407Z
1647878467.0056338,2022-03-21T16:01:07.018561639Z
1647878467.0212193,2022-03-21T16:01:07.034968716Z
1647878467.0368285,2022-03-21T16:01:07.049070648Z
1647878467.0524096,2022-03-21T16:01:07.066002777Z
1647878467.0680282,2022-03-21T16:01:07.079932418Z
1647878467.0836155,2022-03-21T16:01:07.095614849Z
1647878467.0991535,2022-03-21T16:01:07.109859741Z
1647878467.1147428,2022-03-21T16:01:07.128304072Z
1647878467.130313,2022-03-21T16:01:07.141571931Z
1647878467.1459117,2022-03-21T16:01:07.161862701Z
1647878467.1614451,2022-03-21T16:01:07.172591917Z
1647878467.177051,2022-03-21T16:01:07.1879931Z
1647878467.192681,2022-03-21T16:01:07.206698907Z
1647878467.2082393,2022-03-21T16:01:07.221204891Z
1647878467.2238147,2022-03-21T16:01:07.237224619Z
1647878467.2393873,2022-03-21T16:01:07.253713741Z
1647878467.2549813,2022-03-21T16:01:07.269043579Z
1647878467.2705643,2022-03-21T16:01:07.28213057Z
1647878467.28612,2022-03-21T16:01:07.29725592Z
1647878467.3016684,2022-03-21T16:01:07.314425825Z
1647878467.3172128,2022-03-21T16:01:07.331203156Z
1647878467.3326943,2022-03-21T16:01:07.346101773Z
1647878467.348205,2022-03-21T16:01:07.362966901Z
1647878467.3638022,2022-03-21T16:01:07.377183378Z
1647878467.3793514,2022-03-21T16:01:07.391421894Z
1647878467.3949702,2022-03-21T16:01:07.410528975Z
1647878467.4105628,2022-03-21T16:01:07.437837255Z
1647878467.4261508,2022-03-21T16:01:07.461458193Z
1647878467.4417737,2022-03-21T16:01:07.478153693Z
1647878467.4573567,2022-03-21T16:01:07.506419147Z
1647878467.4730194,2022-03-21T16:01:07.535569847Z
1647878467.4886515,2022-03-21T16:01:07.549504292Z
1647878467.505181,2022-03-21T16:01:07.557783883Z
1647878467.5207455,2022-03-21T16:01:07.569159512Z
1647878467.5364032,2022-03-21T16:01:07.570013987Z
1647878467.5519938,2022-03-21T16:01:07.582515703Z
1647878467.5675857,2022-03-21T16:01:07.598025138Z
1647878467.5832162,2022-03-21T16:01:07.601362492Z
1647878467.5986981,2022-03-21T16:01:07.610897396Z
1647878467.614249,2022-03-21T16:01:07.625662867Z
1647878467.629857,2022-03-21T16:01:07.641954956Z
1647878467.6454346,2022-03-21T16:01:07.656003833Z
1647878467.6609988,2022-03-21T16:01:07.676720748Z
1647878467.676623,2022-03-21T16:01:07.692282356Z
1647878467.6921902,2022-03-21T16:01:07.709322542Z
1647878467.7077482,2022-03-21T16:01:07.723464036Z
1647878467.7232454,2022-03-21T16:01:07.739985837Z
1647878467.7388234,2022-03-21T16:01:07.753769092Z
1647878467.7543676,2022-03-21T16:01:07.768844553Z
1647878467.7699769,2022-03-21T16:01:07.785155304Z
1647878467.785559,2022-03-21T16:01:07.799255219Z
1647878467.8011107,2022-03-21T16:01:07.814368316Z
1647878467.8166857,2022-03-21T16:01:07.832264392Z
1647878467.8322608,2022-03-21T16:01:07.844974656Z
1647878467.8478343,2022-03-21T16:01:07.861466368Z
1647878467.863422,2022-03-21T16:01:07.877532456Z
1647878467.8790147,2022-03-21T16:01:07.892053236Z
1647878467.8945892,2022-03-21T16:01:07.911249147Z
1647878467.9101322,2022-03-21T16:01:07.926740314Z
1647878467.9257455,2022-03-21T16:01:07.938183134Z
1647878467.9413242,2022-03-21T16:01:07.95399206Z
1647878467.9568865,2022-03-21T16:01:07.969680522Z
1647878467.9725425,2022-03-21T16:01:07.985590312Z
1647878467.9880881,2022-03-21T16:01:07.999673179Z
1647878468.0036373,2022-03-21T16:01:08.028264947Z
1647878468.019194,2022-03-21T16:01:08.048781905Z
1647878468.034814,2022-03-21T16:01:08.06489971Z
1647878468.0504222,2022-03-21T16:01:08.078575161Z
1647878468.066028,2022-03-21T16:01:08.09689675Z
1647878468.0815842,2022-03-21T16:01:08.107636049Z
1647878468.097135,2022-03-21T16:01:08.115745643Z
1647878468.11264,2022-03-21T16:01:08.128525009Z
1647878468.128216,2022-03-21T16:01:08.139826615Z
1647878468.1437967,2022-03-21T16:01:08.156588484Z
1647878468.1593773,2022-03-21T16:01:08.173094637Z
1647878468.174992,2022-03-21T16:01:08.187370671Z
1647878468.1905577,2022-03-21T16:01:08.201650596Z
1647878468.2061474,2022-03-21T16:01:08.217290563Z
1647878468.2217562,2022-03-21T16:01:08.232420281Z
1647878468.2373421,2022-03-21T16:01:08.247940219Z
1647878468.2529662,2022-03-21T16:01:08.264321833Z
1647878468.2685683,2022-03-21T16:01:08.28004904Z
1647878468.2841494,2022-03-21T16:01:08.29681991Z
1647878468.2997577,2022-03-21T16:01:08.309976562Z
1647878468.315327,2022-03-21T16:01:08.327189949Z
1647878468.3309243,2022-03-21T16:01:08.346378297Z
1647878468.3464878,2022-03-21T16:01:08.356645812Z
1647878468.3620315,2022-03-21T16:01:08.374658674Z
1647878468.3775914,2022-03-21T16:01:08.393687974Z
1647878468.39315,2022-03-21T16:01:08.408798054Z
1647878468.408752,2022-03-21T16:01:08.42341162Z
1647878468.4243734,2022-03-21T16:01:08.439904196Z
1647878468.4399545,2022-03-21T16:01:08.451636302Z
1647878468.455564,2022-03-21T16:01:08.465482862Z
1647878468.4711404,2022-03-21T16:01:08.480795748Z
1647878468.4867458,2022-03-21T16:01:08.49608442Z
1647878468.5022595,2022-03-21T16:01:08.512344412Z
1647878468.51786,2022-03-21T16:01:08.527312961Z
1647878468.53343,2022-03-21T16:01:08.543223Z
1647878468.549038,2022-03-21T16:01:08.560515946Z
1647878468.5646415,2022-03-21T16:01:08.575736128Z
1647878468.5801759,2022-03-21T16:01:08.58941674Z
1647878468.5957692,2022-03-21T16:01:08.606349293Z
1647878468.6113408,2022-03-21T16:01:08.620720841Z
1647878468.626931,2022-03-21T16:01:08.640027176Z
1647878468.6426132,2022-03-21T16:01:08.651933104Z
1647878468.6581502,2022-03-21T16:01:08.669106694Z
1647878468.6736927,2022-03-21T16:01:08.685529916Z
1647878468.689266,2022-03-21T16:01:08.699761066Z
1647878468.7048092,2022-03-21T16:01:08.716250197Z
1647878468.7203538,2022-03-21T16:01:08.731951791Z
1647878468.73593,2022-03-21T16:01:08.747249167Z
1647878468.751496,2022-03-21T16:01:08.763033977Z
1647878468.7670789,2022-03-21T16:01:08.778306919Z
1647878468.782653,2022-03-21T16:01:08.795983007Z
1647878468.7982256,2022-03-21T16:01:08.809951148Z
1647878468.8138094,2022-03-21T16:01:08.827267782Z
1647878468.8293633,2022-03-21T16:01:08.843340429Z
1647878468.8449397,2022-03-21T16:01:08.866223887Z
1647878468.8605537,2022-03-21T16:01:08.876237283Z
1647878468.8761282,2022-03-21T16:01:08.889533155Z
1647878468.8917248,2022-03-21T16:01:08.903531098Z
1647878468.907263,2022-03-21T16:01:08.925748945Z
1647878468.9228616,2022-03-21T16:01:08.937100696Z
1647878468.9384327,2022-03-21T16:01:08.949607349Z
1647878468.954003,2022-03-21T16:01:08.967173221Z
1647878468.969552,2022-03-21T16:01:08.982647309Z
1647878468.985068,2022-03-21T16:01:08.997225346Z
1647878469.0006492,2022-03-21T16:01:09.01208859Z
1647878469.0161214,2022-03-21T16:01:09.025518625Z
1647878469.0316403,2022-03-21T16:01:09.041812263Z
1647878469.047198,2022-03-21T16:01:09.058806476Z
1647878469.062789,2022-03-21T16:01:09.078804979Z
1647878469.0783124,2022-03-21T16:01:09.090340296Z
1647878469.0939164,2022-03-21T16:01:09.110108954Z
1647878469.1094878,2022-03-21T16:01:09.120497066Z
1647878469.1250367,2022-03-21T16:01:09.133922623Z
1647878469.1406639,2022-03-21T16:01:09.150067465Z
1647878469.1561844,2022-03-21T16:01:09.165007353Z
1647878469.1717346,2022-03-21T16:01:09.180807843Z
1647878469.187232,2022-03-21T16:01:09.196131139Z
1647878469.2027686,2022-03-21T16:01:09.211633254Z
1647878469.2182739,2022-03-21T16:01:09.227386688Z
1647878469.2338097,2022-03-21T16:01:09.242187731Z
1647878469.249373,2022-03-21T16:01:09.260571712Z
1647878469.2649028,2022-03-21T16:01:09.275196537Z
1647878469.2804267,2022-03-21T16:01:09.292495391Z
1647878469.2959611,2022-03-21T16:01:09.305795786Z
1647878469.3115063,2022-03-21T16:01:09.326037167Z
1647878469.327101,2022-03-21T16:01:09.339653722Z
1647878469.3426523,2022-03-21T16:01:09.354815775Z
1647878469.358349,2022-03-21T16:01:09.3707219Z
1647878469.3739576,2022-03-21T16:01:09.385804952Z
1647878469.3895628,2022-03-21T16:01:09.400759334Z
1647878469.405136,2022-03-21T16:01:09.416414507Z
1647878469.4207506,2022-03-21T16:01:09.430316097Z
1647878469.4363675,2022-03-21T16:01:09.446290703Z
1647878469.4519775,2022-03-21T16:01:09.462703428Z
1647878469.4675682,2022-03-21T16:01:09.478317864Z
1647878469.4831367,2022-03-21T16:01:09.49282641Z
1647878469.4987674,2022-03-21T16:01:09.507735074Z
1647878469.5143113,2022-03-21T16:01:09.525395504Z
1647878469.5299118,2022-03-21T16:01:09.54014894Z
1647878469.5455208,2022-03-21T16:01:09.556906169Z
1647878469.5611193,2022-03-21T16:01:09.572880017Z
1647878469.5767248,2022-03-21T16:01:09.587751883Z
1647878469.5922875,2022-03-21T16:01:09.603236663Z
1647878469.6078894,2022-03-21T16:01:09.623305268Z
1647878469.6234138,2022-03-21T16:01:09.63570626Z
1647878469.6390014,2022-03-21T16:01:09.650018901Z
1647878469.6545815,2022-03-21T16:01:09.667761591Z
1647878469.6701584,2022-03-21T16:01:09.701197692Z
1647878469.6857674,2022-03-21T16:01:09.714707025Z
1647878469.7013538,2022-03-21T16:01:09.729684673Z
1647878469.7169766,2022-03-21T16:01:09.743079295Z
1647878469.7326458,2022-03-21T16:01:09.749777331Z
1647878469.7482147,2022-03-21T16:01:09.766313362Z
1647878469.7638345,2022-03-21T16:01:09.78206881Z
1647878469.7794313,2022-03-21T16:01:09.795976935Z
1647878469.795066,2022-03-21T16:01:09.805439361Z
1647878469.8106706,2022-03-21T16:01:09.821474925Z
1647878469.8262415,2022-03-21T16:01:09.846501342Z
1647878469.8417723,2022-03-21T16:01:09.86060122Z
1647878469.857361,2022-03-21T16:01:09.874439803Z
1647878469.873012,2022-03-21T16:01:09.9017056Z
1647878469.8886693,2022-03-21T16:01:09.909284996Z
1647878469.9042397,2022-03-21T16:01:09.922247474Z
1647878469.9198596,2022-03-21T16:01:09.934224044Z
1647878469.9354215,2022-03-21T16:01:09.949949613Z
1647878469.951061,2022-03-21T16:01:09.966404578Z
1647878469.9666977,2022-03-21T16:01:09.982169264Z
1647878469.982351,2022-03-21T16:01:10.036373709Z
1647878469.9979682,2022-03-21T16:01:10.038625017Z
1647878470.0135658,2022-03-21T16:01:10.043388211Z
1647878470.0292296,2022-03-21T16:01:10.044938257Z
1647878470.0448747,2022-03-21T16:01:10.057209505Z
1647878470.0605676,2022-03-21T16:01:10.072041436Z
1647878470.0762048,2022-03-21T16:01:10.09009525Z
1647878470.0918567,2022-03-21T16:01:10.117822796Z
1647878470.1074274,2022-03-21T16:01:10.141816289Z
1647878470.1230254,2022-03-21T16:01:10.15390112Z
1647878470.1386366,2022-03-21T16:01:10.160799397Z
1647878470.1542354,2022-03-21T16:01:10.168605271Z
1647878470.1698058,2022-03-21T16:01:10.188488095Z
1647878470.1853728,2022-03-21T16:01:10.197572019Z
1647878470.2009232,2022-03-21T16:01:10.213636915Z
1647878470.2165625,2022-03-21T16:01:10.227677547Z
1647878470.2321134,2022-03-21T16:01:10.250329273Z
1647878470.247705,2022-03-21T16:01:10.262204782Z
1647878470.2632966,2022-03-21T16:01:10.275212734Z
1647878470.278918,2022-03-21T16:01:10.290726893Z
1647878470.2945926,2022-03-21T16:01:10.307117704Z
1647878470.310143,2022-03-21T16:01:10.328738883Z
1647878470.3256972,2022-03-21T16:01:10.339854638Z
1647878470.34129,2022-03-21T16:01:10.35210251Z
1647878470.356854,2022-03-21T16:01:10.366814335Z
1647878470.372493,2022-03-21T16:01:10.383103603Z
1647878470.38807,2022-03-21T16:01:10.399224638Z
1647878470.403646,2022-03-21T16:01:10.413785796Z
1647878470.419219,2022-03-21T16:01:10.429967758Z
1647878470.4348342,2022-03-21T16:01:10.44965288Z
1647878470.4504004,2022-03-21T16:01:10.463093837Z
1647878470.466004,2022-03-21T16:01:10.478079857Z
1647878470.4815633,2022-03-21T16:01:10.493217856Z
1647878470.497139,2022-03-21T16:01:10.509586893Z
1647878470.5126934,2022-03-21T16:01:10.524838405Z
1647878470.528279,2022-03-21T16:01:10.538854352Z
1647878470.5438814,2022-03-21T16:01:10.555715977Z
1647878470.559432,2022-03-21T16:01:10.5736663Z
1647878470.5750146,2022-03-21T16:01:10.586239867Z
1647878470.5905607,2022-03-21T16:01:10.601144422Z
1647878470.6061358,2022-03-21T16:01:10.620510381Z
1647878470.6217399,2022-03-21T16:01:10.639361854Z
1647878470.6373239,2022-03-21T16:01:10.657718196Z
1647878470.6529362,2022-03-21T16:01:10.670264665Z
1647878470.6685483,2022-03-21T16:01:10.683013388Z
1647878470.6841147,2022-03-21T16:01:10.696870937Z
1647878470.699641,2022-03-21T16:01:10.712982026Z
1647878470.715191,2022-03-21T16:01:10.726112454Z
1647878470.7308004,2022-03-21T16:01:10.741438414Z
1647878470.7463627,2022-03-21T16:01:10.757580071Z
1647878470.761972,2022-03-21T16:01:10.77484294Z
1647878470.7775626,2022-03-21T16:01:10.794137746Z
1647878470.7931345,2022-03-21T16:01:10.805625383Z
1647878470.8086586,2022-03-21T16:01:10.821140413Z
1647878470.8242288,2022-03-21T16:01:10.835981247Z
1647878470.8398294,2022-03-21T16:01:10.854501382Z
1647878470.8553922,2022-03-21T16:01:10.871096334Z
1647878470.870997,2022-03-21T16:01:10.883448932Z
1647878470.886559,2022-03-21T16:01:10.905223225Z
1647878470.9021394,2022-03-21T16:01:10.923088555Z
1647878470.9177725,2022-03-21T16:01:10.945442106Z
1647878470.9333842,2022-03-21T16:01:10.956172506Z
1647878470.949014,2022-03-21T16:01:10.962545552Z
1647878470.9645991,2022-03-21T16:01:10.975760543Z
1647878470.9801848,2022-03-21T16:01:10.992181256Z
1647878470.9958,2022-03-21T16:01:11.013552307Z
1647878471.0113633,2022-03-21T16:01:11.024916845Z
1647878471.026977,2022-03-21T16:01:11.03788914Z
1647878471.0425887,2022-03-21T16:01:11.054083924Z
1647878471.058056,2022-03-21T16:01:11.073513349Z
1647878471.0736358,2022-03-21T16:01:11.096203713Z
1647878471.0892487,2022-03-21T16:01:11.10364072Z
1647878471.104882,2022-03-21T16:01:11.11555199Z
1647878471.1205406,2022-03-21T16:01:11.131497412Z
1647878471.1361194,2022-03-21T16:01:11.157152055Z
1647878471.1517518,2022-03-21T16:01:11.17478643Z
1647878471.1673667,2022-03-21T16:01:11.188564448Z
1647878471.1830137,2022-03-21T16:01:11.20135847Z
1647878471.1986232,2022-03-21T16:01:11.21794908Z
1647878471.2143424,2022-03-21T16:01:11.248230906Z
1647878471.2299712,2022-03-21T16:01:11.255728738Z
1647878471.2455769,2022-03-21T16:01:11.261942024Z
1647878471.2611392,2022-03-21T16:01:11.274012579Z
1647878471.2767885,2022-03-21T16:01:11.292569329Z
1647878471.2924416,2022-03-21T16:01:11.305725908Z
1647878471.3081586,2022-03-21T16:01:11.323213531Z
1647878471.32381,2022-03-21T16:01:11.337541474Z
1647878471.3394387,2022-03-21T16:01:11.355116145Z
1647878471.3550818,2022-03-21T16:01:11.369165124Z
1647878471.3706992,2022-03-21T16:01:11.387896381Z
1647878471.3862908,2022-03-21T16:01:11.399306262Z
1647878471.4019098,2022-03-21T16:01:11.414190916Z
1647878471.417526,2022-03-21T16:01:11.430750081Z
1647878471.4331753,2022-03-21T16:01:11.445421372Z
1647878471.44882,2022-03-21T16:01:11.463322545Z
1647878471.464512,2022-03-21T16:01:11.479878286Z
1647878471.4800656,2022-03-21T16:01:11.493753732Z
1647878471.495675,2022-03-21T16:01:11.51053733Z
1647878471.5112493,2022-03-21T16:01:11.524979866Z
1647878471.5268672,2022-03-21T16:01:11.554046193Z
1647878471.5424495,2022-03-21T16:01:11.567969227Z
1647878471.5580754,2022-03-21T16:01:11.580208006Z
1647878471.573619,2022-03-21T16:01:11.594924393Z
1647878471.5891738,2022-03-21T16:01:11.606494469Z
1647878471.604749,2022-03-21T16:01:11.62099723Z
1647878471.6203828,2022-03-21T16:01:11.636173195Z
1647878471.6359663,2022-03-21T16:01:11.652189706Z
1647878471.6515663,2022-03-21T16:01:11.668760981Z
1647878471.6671894,2022-03-21T16:01:11.682476836Z
1647878471.682826,2022-03-21T16:01:11.696161051Z
1647878471.6984377,2022-03-21T16:01:11.757943695Z
1647878471.7301753,2022-03-21T16:01:11.781916458Z
1647878471.7145674,2022-03-21T16:01:11.786120318Z
1647878471.745812,2022-03-21T16:01:11.790205868Z
1647878471.7614963,2022-03-21T16:01:11.803441366Z
1647878471.7771347,2022-03-21T16:01:11.827006144Z
1647878471.792793,2022-03-21T16:01:11.832208427Z
1647878471.808447,2022-03-21T16:01:11.839740505Z
1647878471.8240578,2022-03-21T16:01:11.84876665Z
1647878471.8397799,2022-03-21T16:01:11.855172172Z
1647878471.855554,2022-03-21T16:01:11.869786289Z
1647878471.8711333,2022-03-21T16:01:11.883554089Z
1647878471.886742,2022-03-21T16:01:11.898924965Z
1647878471.9023073,2022-03-21T16:01:11.915247016Z
1647878471.9178805,2022-03-21T16:01:11.931667065Z
1647878471.9334295,2022-03-21T16:01:11.946882222Z
1647878471.9489944,2022-03-21T16:01:11.963637862Z
1647878471.9646008,2022-03-21T16:01:11.980023883Z
1647878471.9801595,2022-03-21T16:01:11.995739402Z
1647878471.9957633,2022-03-21T16:01:12.012404252Z
1647878472.0112536,2022-03-21T16:01:12.028945723Z
1647878472.0268576,2022-03-21T16:01:12.054666032Z
1647878472.042454,2022-03-21T16:01:12.085201414Z
1647878472.05806,2022-03-21T16:01:12.091921638Z
1647878472.0736296,2022-03-21T16:01:12.105471572Z
1647878472.0891724,2022-03-21T16:01:12.116376606Z
1647878472.1052845,2022-03-21T16:01:12.127847481Z
1647878472.1208742,2022-03-21T16:01:12.137675752Z
1647878472.1364384,2022-03-21T16:01:12.151890907Z
1647878472.1520152,2022-03-21T16:01:12.167231836Z
1647878472.1675997,2022-03-21T16:01:12.181760739Z
1647878472.1831374,2022-03-21T16:01:12.199882345Z
1647878472.1986723,2022-03-21T16:01:12.214850408Z
1647878472.2142198,2022-03-21T16:01:12.230636881Z
1647878472.2297838,2022-03-21T16:01:12.245238154Z
1647878472.2453005,2022-03-21T16:01:12.258572633Z
1647878472.2609046,2022-03-21T16:01:12.274534953Z
1647878472.2764854,2022-03-21T16:01:12.290894286Z
1647878472.2920308,2022-03-21T16:01:12.303960502Z
1647878472.307586,2022-03-21T16:01:12.319550845Z
1647878472.3231266,2022-03-21T16:01:12.334908044Z
1647878472.3386402,2022-03-21T16:01:12.34894074Z
1647878472.3542306,2022-03-21T16:01:12.364559537Z
1647878472.3697112,2022-03-21T16:01:12.378326629Z
1647878472.3853002,2022-03-21T16:01:12.397125158Z
1647878472.4008684,2022-03-21T16:01:12.409894687Z
1647878472.4164472,2022-03-21T16:01:12.42711513Z
1647878472.4320514,2022-03-21T16:01:12.44079305Z
1647878472.4476364,2022-03-21T16:01:12.458257739Z
1647878472.463206,2022-03-21T16:01:12.472369896Z
1647878472.4787807,2022-03-21T16:01:12.494864687Z
1647878472.494322,2022-03-21T16:01:12.508719005Z
1647878472.5099206,2022-03-21T16:01:12.521329579Z
1647878472.5255258,2022-03-21T16:01:12.537791052Z
1647878472.5411165,2022-03-21T16:01:12.558683134Z
1647878472.5566597,2022-03-21T16:01:12.569134609Z
1647878472.5722432,2022-03-21T16:01:12.585276317Z
1647878472.58785,2022-03-21T16:01:12.602834258Z
1647878472.6033974,2022-03-21T16:01:12.614908717Z
1647878472.6190035,2022-03-21T16:01:12.629743271Z
1647878472.6345663,2022-03-21T16:01:12.64412771Z
1647878472.6500623,2022-03-21T16:01:12.661384997Z
1647878472.6656237,2022-03-21T16:01:12.674927624Z
1647878472.6811838,2022-03-21T16:01:12.691292059Z
1647878472.6967814,2022-03-21T16:01:12.707732973Z
1647878472.7123764,2022-03-21T16:01:12.723011169Z
1647878472.7279906,2022-03-21T16:01:12.738919761Z
1647878472.743576,2022-03-21T16:01:12.754306014Z
1647878472.7591617,2022-03-21T16:01:12.77027079Z
1647878472.7747605,2022-03-21T16:01:12.784956619Z
1647878472.7903078,2022-03-21T16:01:12.800717422Z
1647878472.8058903,2022-03-21T16:01:12.815755228Z
1647878472.8218575,2022-03-21T16:01:12.831045648Z
1647878472.8374095,2022-03-21T16:01:12.845902739Z
1647878472.8530166,2022-03-21T16:01:12.861912283Z
1647878472.868618,2022-03-21T16:01:12.879923103Z
1647878472.8841784,2022-03-21T16:01:12.898663415Z
1647878472.8997614,2022-03-21T16:01:12.912725606Z
1647878472.915296,2022-03-21T16:01:12.927389334Z
1647878472.9308884,2022-03-21T16:01:12.943300103Z
1647878472.9464848,2022-03-21T16:01:12.959947685Z
1647878472.9619606,2022-03-21T16:01:12.973724311Z
1647878472.9775243,2022-03-21T16:01:12.993506173Z
1647878472.9931278,2022-03-21T16:01:13.006974675Z
1647878473.0087438,2022-03-21T16:01:13.020621407Z
1647878473.0243673,2022-03-21T16:01:13.035807654Z
1647878473.0399358,2022-03-21T16:01:13.056517214Z
1647878473.0555465,2022-03-21T16:01:13.071551813Z
1647878473.0713155,2022-03-21T16:01:13.083748486Z
1647878473.0869212,2022-03-21T16:01:13.099273327Z
1647878473.1025016,2022-03-21T16:01:13.11372752Z
1647878473.1180706,2022-03-21T16:01:13.130206269Z
1647878473.1336439,2022-03-21T16:01:13.143666446Z
1647878473.1492348,2022-03-21T16:01:13.1583755Z
1647878473.1648407,2022-03-21T16:01:13.182569254Z
1647878473.1804454,2022-03-21T16:01:13.198074813Z
1647878473.1960626,2022-03-21T16:01:13.211821684Z
1647878473.2116408,2022-03-21T16:01:13.224541621Z
1647878473.2271888,2022-03-21T16:01:13.237489712Z
1647878473.2427726,2022-03-21T16:01:13.255157868Z
1647878473.258291,2022-03-21T16:01:13.269625245Z
1647878473.2739048,2022-03-21T16:01:13.285905586Z
1647878473.2894435,2022-03-21T16:01:13.300237803Z
1647878473.3050325,2022-03-21T16:01:13.31717414Z
1647878473.320604,2022-03-21T16:01:13.331725323Z
1647878473.3361914,2022-03-21T16:01:13.348012674Z
1647878473.3517885,2022-03-21T16:01:13.36765391Z
1647878473.367312,2022-03-21T16:01:13.382632043Z
1647878473.3829138,2022-03-21T16:01:13.400293183Z
1647878473.398496,2022-03-21T16:01:13.410223111Z
1647878473.4139621,2022-03-21T16:01:13.42526831Z
1647878473.4295452,2022-03-21T16:01:13.442292829Z
1647878473.4451156,2022-03-21T16:01:13.456352798Z
1647878473.4607043,2022-03-21T16:01:13.472135555Z
1647878473.4762478,2022-03-21T16:01:13.489616187Z
1647878473.4918034,2022-03-21T16:01:13.503586081Z
1647878473.5073438,2022-03-21T16:01:13.526664631Z
1647878473.522884,2022-03-21T16:01:13.543995902Z
1647878473.5385559,2022-03-21T16:01:13.555202849Z
1647878473.5540102,2022-03-21T16:01:13.56837924Z
1647878473.569558,2022-03-21T16:01:13.584475248Z
1647878473.5849922,2022-03-21T16:01:13.600453634Z
1647878473.6005855,2022-03-21T16:01:13.617829642Z
1647878473.6161387,2022-03-21T16:01:13.631770559Z
1647878473.6317515,2022-03-21T16:01:13.646840578Z
1647878473.6473365,2022-03-21T16:01:13.659816537Z
1647878473.662945,2022-03-21T16:01:13.67761486Z
1647878473.6785562,2022-03-21T16:01:13.69268913Z
1647878473.6940324,2022-03-21T16:01:13.706935232Z
1647878473.7095723,2022-03-21T16:01:13.719395401Z
1647878473.7251513,2022-03-21T16:01:13.734822679Z
1647878473.740697,2022-03-21T16:01:13.750922632Z
1647878473.7562532,2022-03-21T16:01:13.772637052Z
1647878473.7718592,2022-03-21T16:01:13.784652701Z
1647878473.7874527,2022-03-21T16:01:13.803666715Z
1647878473.8030434,2022-03-21T16:01:13.823871825Z
1647878473.818639,2022-03-21T16:01:13.834037532Z
1647878473.8341997,2022-03-21T16:01:13.847869729Z
1647878473.8498302,2022-03-21T16:01:13.863775498Z
1647878473.8654258,2022-03-21T16:01:13.87979631Z
1647878473.8810472,2022-03-21T16:01:13.914086783Z
1647878473.8967116,2022-03-21T16:01:13.917372571Z
1647878473.9279792,2022-03-21T16:01:13.950832031Z
1647878473.912366,2022-03-21T16:01:13.957214394Z
1647878473.9435554,2022-03-21T16:01:13.959441439Z
1647878473.9591308,2022-03-21T16:01:13.972528076Z
1647878473.9747293,2022-03-21T16:01:13.991099083Z
1647878473.9903147,2022-03-21T16:01:14.007789227Z
1647878474.0059152,2022-03-21T16:01:14.026011113Z
1647878474.0215292,2022-03-21T16:01:14.040181132Z
1647878474.0371265,2022-03-21T16:01:14.054365613Z
1647878474.0527372,2022-03-21T16:01:14.072689599Z
1647878474.068339,2022-03-21T16:01:14.083968597Z
1647878474.0839312,2022-03-21T16:01:14.099448199Z
1647878474.0994444,2022-03-21T16:01:14.115401559Z
1647878474.1150544,2022-03-21T16:01:14.129061368Z
1647878474.1305456,2022-03-21T16:01:14.145681714Z
1647878474.146127,2022-03-21T16:01:14.159983066Z
1647878474.1617355,2022-03-21T16:01:14.176582086Z
1647878474.1773002,2022-03-21T16:01:14.19182318Z
1647878474.1929002,2022-03-21T16:01:14.208446199Z
1647878474.2085268,2022-03-21T16:01:14.224426388Z
1647878474.2241228,2022-03-21T16:01:14.238224346Z
1647878474.2397249,2022-03-21T16:01:14.252980702Z
1647878474.25527,2022-03-21T16:01:14.269962505Z
1647878474.2708466,2022-03-21T16:01:14.284622957Z
1647878474.2863832,2022-03-21T16:01:14.302223771Z
1647878474.3019557,2022-03-21T16:01:14.317482502Z
1647878474.3175318,2022-03-21T16:01:14.331401391Z
1647878474.3331265,2022-03-21T16:01:14.347852243Z
1647878474.3487394,2022-03-21T16:01:14.366029698Z
1647878474.364283,2022-03-21T16:01:14.379830238Z
1647878474.379858,2022-03-21T16:01:14.400813836Z
1647878474.3953974,2022-03-21T16:01:14.411056382Z
1647878474.4109921,2022-03-21T16:01:14.425174916Z
1647878474.4265578,2022-03-21T16:01:14.440505572Z
1647878474.4421313,2022-03-21T16:01:14.452909437Z
1647878474.4577477,2022-03-21T16:01:14.470215101Z
1647878474.4733233,2022-03-21T16:01:14.483179126Z
1647878474.488933,2022-03-21T16:01:14.499361081Z
1647878474.5045667,2022-03-21T16:01:14.514243313Z
1647878474.520133,2022-03-21T16:01:14.53018377Z
1647878474.5357547,2022-03-21T16:01:14.545432218Z
1647878474.5513008,2022-03-21T16:01:14.561206066Z
1647878474.5668728,2022-03-21T16:01:14.576722437Z
1647878474.5824428,2022-03-21T16:01:14.597304518Z
1647878474.5980513,2022-03-21T16:01:14.610958733Z
1647878474.6136417,2022-03-21T16:01:14.624012842Z
1647878474.6291842,2022-03-21T16:01:14.638369774Z
1647878474.644755,2022-03-21T16:01:14.653841376Z
1647878474.6603649,2022-03-21T16:01:14.669384591Z
1647878474.6759512,2022-03-21T16:01:14.686302023Z
1647878474.6915338,2022-03-21T16:01:14.703514146Z
1647878474.7070758,2022-03-21T16:01:14.719289984Z
1647878474.7226257,2022-03-21T16:01:14.734823524Z
1647878474.7382054,2022-03-21T16:01:14.749002028Z
1647878474.753816,2022-03-21T16:01:14.76464941Z
1647878474.7693937,2022-03-21T16:01:14.78305388Z
1647878474.7849975,2022-03-21T16:01:14.797443173Z
1647878474.8005831,2022-03-21T16:01:14.811983378Z
1647878474.8161242,2022-03-21T16:01:14.830920024Z
1647878474.8316917,2022-03-21T16:01:14.842546966Z
1647878474.8472528,2022-03-21T16:01:14.859046516Z
1647878474.862852,2022-03-21T16:01:14.873873883Z
1647878474.878427,2022-03-21T16:01:14.890432133Z
1647878474.8940432,2022-03-21T16:01:14.906230647Z
1647878474.9096146,2022-03-21T16:01:14.925815999Z
1647878474.9252837,2022-03-21T16:01:14.939355933Z
1647878474.940885,2022-03-21T16:01:14.955027213Z
1647878474.9565063,2022-03-21T16:01:14.96825343Z
1647878474.9720685,2022-03-21T16:01:14.981763813Z
1647878474.9876454,2022-03-21T16:01:14.999946793Z
1647878475.003222,2022-03-21T16:01:15.012786253Z
1647878475.0187383,2022-03-21T16:01:15.029686981Z
1647878475.0342965,2022-03-21T16:01:15.044419566Z
1647878475.0498233,2022-03-21T16:01:15.061860968Z
1647878475.0653243,2022-03-21T16:01:15.082094283Z
1647878475.0808914,2022-03-21T16:01:15.097181425Z
1647878475.096507,2022-03-21T16:01:15.107974316Z
1647878475.1120856,2022-03-21T16:01:15.12383265Z
1647878475.1276455,2022-03-21T16:01:15.140373507Z
1647878475.1432338,2022-03-21T16:01:15.156107938Z
1647878475.1588125,2022-03-21T16:01:15.169180712Z
1647878475.1743543,2022-03-21T16:01:15.186411715Z
1647878475.1899664,2022-03-21T16:01:15.201376729Z
1647878475.205537,2022-03-21T16:01:15.214203486Z
1647878475.2211168,2022-03-21T16:01:15.23011854Z
1647878475.236691,2022-03-21T16:01:15.245174297Z
1647878475.2522514,2022-03-21T16:01:15.261224716Z
1647878475.2678485,2022-03-21T16:01:15.277691528Z
1647878475.2834232,2022-03-21T16:01:15.299043398Z
1647878475.2990336,2022-03-21T16:01:15.312654876Z
1647878475.3146272,2022-03-21T16:01:15.327335505Z
1647878475.330167,2022-03-21T16:01:15.341077096Z
1647878475.3456585,2022-03-21T16:01:15.355403911Z
1647878475.3612194,2022-03-21T16:01:15.372813097Z
1647878475.3768005,2022-03-21T16:01:15.390025407Z
1647878475.3923874,2022-03-21T16:01:15.409920957Z
1647878475.4079227,2022-03-21T16:01:15.423007325Z
1647878475.4235144,2022-03-21T16:01:15.435066345Z
1647878475.4390638,2022-03-21T16:01:15.450501863Z
1647878475.454637,2022-03-21T16:01:15.465103319Z
1647878475.4701831,2022-03-21T16:01:15.481114805Z
1647878475.4857838,2022-03-21T16:01:15.497325231Z
1647878475.501354,2022-03-21T16:01:15.511245146Z
1647878475.516946,2022-03-21T16:01:15.527927802Z
1647878475.5325675,2022-03-21T16:01:15.543632232Z
1647878475.5481353,2022-03-21T16:01:15.559120753Z
1647878475.5637417,2022-03-21T16:01:15.574394624Z
1647878475.5793185,2022-03-21T16:01:15.588590102Z
1647878475.594916,2022-03-21T16:01:15.6069163Z
1647878475.610452,2022-03-21T16:01:15.618918164Z
1647878475.6260612,2022-03-21T16:01:15.63506562Z
1647878475.6416442,2022-03-21T16:01:15.652161211Z
1647878475.6572192,2022-03-21T16:01:15.669278513Z
1647878475.672797,2022-03-21T16:01:15.681600227Z
1647878475.6884065,2022-03-21T16:01:15.705161415Z
1647878475.7040064,2022-03-21T16:01:15.715149648Z
1647878475.7195904,2022-03-21T16:01:15.73016496Z
1647878475.7351236,2022-03-21T16:01:15.743824992Z
1647878475.7506876,2022-03-21T16:01:15.761784299Z
1647878475.766266,2022-03-21T16:01:15.777639609Z
1647878475.7818336,2022-03-21T16:01:15.791524308Z
1647878475.7973707,2022-03-21T16:01:15.806777691Z
1647878475.81298,2022-03-21T16:01:15.823393639Z
1647878475.8285854,2022-03-21T16:01:15.840444968Z
1647878475.8441546,2022-03-21T16:01:15.855496331Z
1647878475.8597522,2022-03-21T16:01:15.870646741Z
1647878475.8753092,2022-03-21T16:01:15.886729635Z
1647878475.8908997,2022-03-21T16:01:15.902367514Z
1647878475.9064975,2022-03-21T16:01:15.918027379Z
1647878475.9220679,2022-03-21T16:01:15.934129524Z
1647878475.937637,2022-03-21T16:01:15.949273976Z
1647878475.9532142,2022-03-21T16:01:15.963468277Z
1647878475.9687905,2022-03-21T16:01:15.97922625Z
1647878475.9844067,2022-03-21T16:01:15.99482641Z
1647878476.000012,2022-03-21T16:01:16.014172749Z
1647878476.01558,2022-03-21T16:01:16.037664706Z
1647878476.0311513,2022-03-21T16:01:16.044716232Z
1647878476.0467374,2022-03-21T16:01:16.055078048Z
1647878476.0623136,2022-03-21T16:01:16.071318657Z
1647878476.077913,2022-03-21T16:01:16.086870375Z
1647878476.0935023,2022-03-21T16:01:16.102249665Z
1647878476.1091151,2022-03-21T16:01:16.117920252Z
1647878476.1246884,2022-03-21T16:01:16.133340915Z
1647878476.1402557,2022-03-21T16:01:16.149693493Z
1647878476.155861,2022-03-21T16:01:16.16928691Z
1647878476.171448,2022-03-21T16:01:16.181862636Z
1647878476.1870344,2022-03-21T16:01:16.197533167Z
1647878476.2026231,2022-03-21T16:01:16.213189076Z
1647878476.2181838,2022-03-21T16:01:16.227204256Z
1647878476.2337615,2022-03-21T16:01:16.244210774Z
1647878476.2492967,2022-03-21T16:01:16.258655763Z
1647878476.264895,2022-03-21T16:01:16.273926409Z
1647878476.2805283,2022-03-21T16:01:16.292299225Z
1647878476.2961016,2022-03-21T16:01:16.305796939Z
1647878476.3116832,2022-03-21T16:01:16.323608482Z
1647878476.3272219,2022-03-21T16:01:16.337530247Z
1647878476.342759,2022-03-21T16:01:16.353188671Z
1647878476.3583264,2022-03-21T16:01:16.369246518Z
1647878476.3739297,2022-03-21T16:01:16.383637718Z
1647878476.3895361,2022-03-21T16:01:16.400455265Z
1647878476.4051323,2022-03-21T16:01:16.415604097Z
1647878476.4207473,2022-03-21T16:01:16.439474891Z
1647878476.4363556,2022-03-21T16:01:16.454323611Z
1647878476.4519322,2022-03-21T16:01:16.4647789Z
1647878476.4675257,2022-03-21T16:01:16.477141414Z
1647878476.4831107,2022-03-21T16:01:16.492580879Z
1647878476.4986956,2022-03-21T16:01:16.509053186Z
1647878476.5142725,2022-03-21T16:01:16.523330574Z
1647878476.529877,2022-03-21T16:01:16.540964157Z
1647878476.545452,2022-03-21T16:01:16.556440643Z
1647878476.5610332,2022-03-21T16:01:16.57106409Z
1647878476.5766377,2022-03-21T16:01:16.587888036Z
1647878476.592225,2022-03-21T16:01:16.604020593Z
1647878476.6078389,2022-03-21T16:01:16.619394888Z
1647878476.6233954,2022-03-21T16:01:16.635348797Z
1647878476.6390052,2022-03-21T16:01:16.648733841Z
1647878476.6544943,2022-03-21T16:01:16.667087725Z
1647878476.6700442,2022-03-21T16:01:16.68110137Z
1647878476.6856296,2022-03-21T16:01:16.694689784Z
1647878476.701204,2022-03-21T16:01:16.713947784Z
1647878476.7168224,2022-03-21T16:01:16.730706874Z
1647878476.7324934,2022-03-21T16:01:16.745992141Z
1647878476.748104,2022-03-21T16:01:16.763503817Z
1647878476.7637186,2022-03-21T16:01:16.787438643Z
1647878476.7794065,2022-03-21T16:01:16.800965073Z
1647878476.7955325,2022-03-21T16:01:16.811255382Z
1647878476.8111637,2022-03-21T16:01:16.824775307Z
1647878476.8267896,2022-03-21T16:01:16.839591164Z
1647878476.842407,2022-03-21T16:01:16.855242613Z
1647878476.857949,2022-03-21T16:01:16.871110111Z
1647878476.8735447,2022-03-21T16:01:16.88801852Z
1647878476.8891292,2022-03-21T16:01:16.902938009Z
1647878476.9047568,2022-03-21T16:01:16.918763808Z
1647878476.9204013,2022-03-21T16:01:16.935134134Z
1647878476.9360251,2022-03-21T16:01:16.950342191Z
1647878476.951619,2022-03-21T16:01:16.965646458Z
1647878476.9671135,2022-03-21T16:01:16.982099977Z
1647878476.982749,2022-03-21T16:01:16.996883875Z
1647878476.9983695,2022-03-21T16:01:17.011747839Z
1647878477.01397,2022-03-21T16:01:17.027186073Z
1647878477.029566,2022-03-21T16:01:17.042265333Z
1647878477.0451818,2022-03-21T16:01:17.059642179Z
1647878477.0608068,2022-03-21T16:01:17.073409424Z
1647878477.076409,2022-03-21T16:01:17.089993311Z
1647878477.0920277,2022-03-21T16:01:17.111849382Z
1647878477.1075838,2022-03-21T16:01:17.121699229Z
1647878477.123204,2022-03-21T16:01:17.137210498Z
1647878477.1388295,2022-03-21T16:01:17.154163365Z
1647878477.1544294,2022-03-21T16:01:17.169824281Z
1647878477.1700015,2022-03-21T16:01:17.188727102Z
1647878477.1855862,2022-03-21T16:01:17.200772116Z
1647878477.2012193,2022-03-21T16:01:17.213262564Z
1647878477.2168286,2022-03-21T16:01:17.229258395Z
1647878477.2324421,2022-03-21T16:01:17.243416329Z
1647878477.2480104,2022-03-21T16:01:17.262519384Z
1647878477.2635922,2022-03-21T16:01:17.285367851Z
1647878477.2791777,2022-03-21T16:01:17.293742715Z
1647878477.2947938,2022-03-21T16:01:17.304158493Z
1647878477.3103344,2022-03-21T16:01:17.319965626Z
1647878477.325924,2022-03-21T16:01:17.341493754Z
1647878477.341523,2022-03-21T16:01:17.352877306Z
1647878477.3571298,2022-03-21T16:01:17.368410217Z
1647878477.3727226,2022-03-21T16:01:17.387969236Z
1647878477.3882604,2022-03-21T16:01:17.407639387Z
1647878477.4038465,2022-03-21T16:01:17.420994199Z
1647878477.4194224,2022-03-21T16:01:17.43514199Z
1647878477.435031,2022-03-21T16:01:17.447430096Z
1647878477.4506087,2022-03-21T16:01:17.462665822Z
1647878477.4661674,2022-03-21T16:01:17.479114041Z
1647878477.4817736,2022-03-21T16:01:17.502490645Z
