1647879267.3723145,2022-03-21T16:14:27.48591492Z
1647879267.402641,2022-03-21T16:14:27.530102732Z
1647879267.4637003,2022-03-21T16:14:27.540407918Z
1647879267.4330297,2022-03-21T16:14:27.544811554Z
1647879267.494262,2022-03-21T16:14:27.555022472Z
1647879267.5248191,2022-03-21T16:14:27.562389262Z
1647879267.5554209,2022-03-21T16:14:27.570457814Z
1647879267.5860646,2022-03-21T16:14:27.609758146Z
1647879267.6166334,2022-03-21T16:14:27.641066882Z
1647879267.6472254,2022-03-21T16:14:27.669959361Z
1647879267.677873,2022-03-21T16:14:27.699658863Z
1647879267.7084298,2022-03-21T16:14:27.729604438Z
1647879267.7390206,2022-03-21T16:14:27.760126599Z
1647879267.7696328,2022-03-21T16:14:27.788313891Z
1647879267.800262,2022-03-21T16:14:27.823005366Z
1647879267.8308446,2022-03-21T16:14:27.847258221Z
1647879267.8613648,2022-03-21T16:14:27.888400936Z
1647879267.891938,2022-03-21T16:14:27.910609672Z
1647879267.9225676,2022-03-21T16:14:27.941897Z
1647879267.9531431,2022-03-21T16:14:27.978572592Z
1647879267.9837353,2022-03-21T16:14:28.016439334Z
1647879268.01424,2022-03-21T16:14:28.047826067Z
1647879268.0449028,2022-03-21T16:14:28.077163376Z
1647879268.0755928,2022-03-21T16:14:28.111568611Z
1647879268.1062417,2022-03-21T16:14:28.135013737Z
1647879268.1368575,2022-03-21T16:14:28.158763377Z
1647879268.1675158,2022-03-21T16:14:28.188247552Z
1647879268.1981373,2022-03-21T16:14:28.22277437Z
1647879268.2287223,2022-03-21T16:14:28.252694826Z
1647879268.2593133,2022-03-21T16:14:28.288258779Z
1647879268.289953,2022-03-21T16:14:28.333122216Z
1647879268.3205922,2022-03-21T16:14:28.357985072Z
1647879268.35125,2022-03-21T16:14:28.377736546Z
1647879268.3819413,2022-03-21T16:14:28.409993523Z
1647879268.4125595,2022-03-21T16:14:28.435577353Z
1647879268.4431636,2022-03-21T16:14:28.472667725Z
1647879268.473822,2022-03-21T16:14:28.496336277Z
1647879268.5044417,2022-03-21T16:14:28.527721849Z
1647879268.5351112,2022-03-21T16:14:28.555369958Z
1647879268.5657184,2022-03-21T16:14:28.587128094Z
1647879268.596308,2022-03-21T16:14:28.624233502Z
1647879268.6269639,2022-03-21T16:14:28.648110212Z
1647879268.6576133,2022-03-21T16:14:28.686538333Z
1647879268.6882503,2022-03-21T16:14:28.71564196Z
1647879268.7189348,2022-03-21T16:14:28.752211836Z
1647879268.7495968,2022-03-21T16:14:28.779862412Z
1647879268.7802541,2022-03-21T16:14:28.804956208Z
1647879268.81097,2022-03-21T16:14:28.836136869Z
1647879268.8416576,2022-03-21T16:14:28.872136634Z
1647879268.8723404,2022-03-21T16:14:28.896395709Z
1647879268.90301,2022-03-21T16:14:28.923868566Z
1647879268.9336436,2022-03-21T16:14:28.954233275Z
1647879268.9642777,2022-03-21T16:14:28.99785025Z
1647879268.9949236,2022-03-21T16:14:29.031916756Z
1647879269.025572,2022-03-21T16:14:29.050998171Z
1647879269.056179,2022-03-21T16:14:29.07471874Z
1647879269.0868506,2022-03-21T16:14:29.110743246Z
1647879269.1174347,2022-03-21T16:14:29.13929328Z
1647879269.1480582,2022-03-21T16:14:29.169969646Z
1647879269.178692,2022-03-21T16:14:29.198682174Z
1647879269.209221,2022-03-21T16:14:29.227355475Z
1647879269.2398968,2022-03-21T16:14:29.265206259Z
1647879269.2704852,2022-03-21T16:14:29.293186351Z
1647879269.3010414,2022-03-21T16:14:29.325348601Z
1647879269.3316507,2022-03-21T16:14:29.355478336Z
1647879269.3621466,2022-03-21T16:14:29.387198066Z
1647879269.3928475,2022-03-21T16:14:29.422414557Z
1647879269.4235616,2022-03-21T16:14:29.450749199Z
1647879269.45423,2022-03-21T16:14:29.479979425Z
1647879269.484909,2022-03-21T16:14:29.505975903Z
1647879269.5156362,2022-03-21T16:14:29.553299984Z
1647879269.5462902,2022-03-21T16:14:29.580044738Z
1647879269.576993,2022-03-21T16:14:29.607198251Z
1647879269.6076875,2022-03-21T16:14:29.629511084Z
1647879269.638349,2022-03-21T16:14:29.671849994Z
1647879269.6690202,2022-03-21T16:14:29.69375333Z
1647879269.6997797,2022-03-21T16:14:29.721203039Z
1647879269.7304873,2022-03-21T16:14:29.752708151Z
1647879269.7611682,2022-03-21T16:14:29.778914998Z
1647879269.7918103,2022-03-21T16:14:29.815310913Z
1647879269.8223972,2022-03-21T16:14:29.850096896Z
1647879269.8530073,2022-03-21T16:14:29.873855735Z
1647879269.8836803,2022-03-21T16:14:29.905242988Z
1647879269.9143,2022-03-21T16:14:29.936413847Z
1647879269.9449508,2022-03-21T16:14:29.964648119Z
1647879269.9756062,2022-03-21T16:14:29.994614664Z
1647879270.0062318,2022-03-21T16:14:30.027740014Z
1647879270.0368772,2022-03-21T16:14:30.058175898Z
1647879270.0675611,2022-03-21T16:14:30.094142519Z
1647879270.0981827,2022-03-21T16:14:30.120396476Z
1647879270.128843,2022-03-21T16:14:30.14586899Z
1647879270.1595352,2022-03-21T16:14:30.180829713Z
1647879270.190199,2022-03-21T16:14:30.212008354Z
1647879270.2208622,2022-03-21T16:14:30.241665529Z
1647879270.2515504,2022-03-21T16:14:30.270982081Z
1647879270.2821834,2022-03-21T16:14:30.304089988Z
1647879270.3128448,2022-03-21T16:14:30.331736888Z
1647879270.3435962,2022-03-21T16:14:30.363774286Z
1647879270.3742168,2022-03-21T16:14:30.396301715Z
1647879270.4048476,2022-03-21T16:14:30.425002015Z
1647879270.4355094,2022-03-21T16:14:30.454335946Z
1647879270.4661314,2022-03-21T16:14:30.490885589Z
1647879270.4967892,2022-03-21T16:14:30.527079752Z
1647879270.5273917,2022-03-21T16:14:30.547322608Z
1647879270.558048,2022-03-21T16:14:30.578784614Z
1647879270.5886748,2022-03-21T16:14:30.610671182Z
1647879270.6193428,2022-03-21T16:14:30.64839684Z
1647879270.6500483,2022-03-21T16:14:30.671612758Z
1647879270.6807227,2022-03-21T16:14:30.702534652Z
1647879270.7113943,2022-03-21T16:14:30.731726878Z
1647879270.7420623,2022-03-21T16:14:30.761604292Z
1647879270.7726884,2022-03-21T16:14:30.800930712Z
1647879270.803241,2022-03-21T16:14:30.821746119Z
1647879270.8338895,2022-03-21T16:14:30.852275595Z
1647879270.864545,2022-03-21T16:14:30.886214861Z
1647879270.8952048,2022-03-21T16:14:30.916054051Z
1647879270.9258685,2022-03-21T16:14:30.950129923Z
1647879270.9565194,2022-03-21T16:14:30.975895548Z
1647879270.9871469,2022-03-21T16:14:31.009147251Z
1647879271.0178046,2022-03-21T16:14:31.043533124Z
1647879271.0484495,2022-03-21T16:14:31.074001578Z
1647879271.0792902,2022-03-21T16:14:31.105949484Z
1647879271.1100082,2022-03-21T16:14:31.126948187Z
1647879271.1406724,2022-03-21T16:14:31.164525256Z
1647879271.171316,2022-03-21T16:14:31.191772014Z
1647879271.2019703,2022-03-21T16:14:31.224665494Z
1647879271.2326024,2022-03-21T16:14:31.256950778Z
1647879271.2632294,2022-03-21T16:14:31.293251843Z
1647879271.2938979,2022-03-21T16:14:31.339398274Z
1647879271.3246279,2022-03-21T16:14:31.350433069Z
1647879271.355255,2022-03-21T16:14:31.371738639Z
1647879271.3859105,2022-03-21T16:14:31.412101594Z
1647879271.4165611,2022-03-21T16:14:31.443290806Z
1647879271.4471905,2022-03-21T16:14:31.469570603Z
1647879271.4778624,2022-03-21T16:14:31.502314614Z
1647879271.508556,2022-03-21T16:14:31.530825526Z
1647879271.539215,2022-03-21T16:14:31.561115138Z
1647879271.569897,2022-03-21T16:14:31.592607714Z
1647879271.6005795,2022-03-21T16:14:31.624375607Z
1647879271.6312385,2022-03-21T16:14:31.656197429Z
1647879271.6619134,2022-03-21T16:14:31.683052425Z
1647879271.692567,2022-03-21T16:14:31.716383933Z
1647879271.7232077,2022-03-21T16:14:31.742350791Z
1647879271.753856,2022-03-21T16:14:31.774176324Z
1647879271.7845087,2022-03-21T16:14:31.805449248Z
1647879271.815103,2022-03-21T16:14:31.83451068Z
1647879271.8456957,2022-03-21T16:14:31.864539693Z
1647879271.8762894,2022-03-21T16:14:31.894620506Z
1647879271.906951,2022-03-21T16:14:31.929630038Z
1647879271.937577,2022-03-21T16:14:31.965575537Z
1647879271.968204,2022-03-21T16:14:31.992566744Z
1647879271.9988487,2022-03-21T16:14:32.019638815Z
1647879272.0293036,2022-03-21T16:14:32.046987774Z
1647879272.059917,2022-03-21T16:14:32.080976707Z
1647879272.0905607,2022-03-21T16:14:32.108690499Z
1647879272.1211748,2022-03-21T16:14:32.140682623Z
1647879272.1518195,2022-03-21T16:14:32.174634715Z
1647879272.1824336,2022-03-21T16:14:32.200730721Z
1647879272.2134283,2022-03-21T16:14:32.233984482Z
1647879272.2440689,2022-03-21T16:14:32.263967089Z
1647879272.2746942,2022-03-21T16:14:32.29381267Z
1647879272.3053071,2022-03-21T16:14:32.336015452Z
1647879272.3360302,2022-03-21T16:14:32.354601931Z
1647879272.366644,2022-03-21T16:14:32.385891091Z
1647879272.3972583,2022-03-21T16:14:32.41893696Z
1647879272.4279025,2022-03-21T16:14:32.447025788Z
1647879272.4585366,2022-03-21T16:14:32.478626372Z
1647879272.4891798,2022-03-21T16:14:32.511872497Z
1647879272.5198226,2022-03-21T16:14:32.538826755Z
1647879272.5504036,2022-03-21T16:14:32.569628158Z
1647879272.581072,2022-03-21T16:14:32.598330304Z
1647879272.6116521,2022-03-21T16:14:32.629343266Z
1647879272.6422682,2022-03-21T16:14:32.661213921Z
1647879272.6729088,2022-03-21T16:14:32.693620805Z
1647879272.7035904,2022-03-21T16:14:32.724784115Z
1647879272.734615,2022-03-21T16:14:32.75514037Z
1647879272.7652285,2022-03-21T16:14:32.786339355Z
1647879272.7958694,2022-03-21T16:14:32.813256025Z
1647879272.826511,2022-03-21T16:14:32.841732678Z
1647879272.8570662,2022-03-21T16:14:32.883299226Z
1647879272.8877115,2022-03-21T16:14:32.918334212Z
1647879272.918313,2022-03-21T16:14:32.935424724Z
1647879272.9488912,2022-03-21T16:14:32.964628115Z
1647879272.979571,2022-03-21T16:14:33.000361009Z
1647879273.0101845,2022-03-21T16:14:33.027799655Z
1647879273.04083,2022-03-21T16:14:33.057991893Z
1647879273.0715108,2022-03-21T16:14:33.09978399Z
1647879273.1021228,2022-03-21T16:14:33.123764903Z
1647879273.1327584,2022-03-21T16:14:33.148790426Z
1647879273.1633964,2022-03-21T16:14:33.177073371Z
1647879273.1940408,2022-03-21T16:14:33.207281516Z
1647879273.224657,2022-03-21T16:14:33.251246988Z
1647879273.2559264,2022-03-21T16:14:33.270568184Z
1647879273.2865682,2022-03-21T16:14:33.301838656Z
1647879273.3171804,2022-03-21T16:14:33.336347626Z
1647879273.3478446,2022-03-21T16:14:33.365412922Z
1647879273.3784225,2022-03-21T16:14:33.395403044Z
1647879273.4090626,2022-03-21T16:14:33.427576555Z
1647879273.4397216,2022-03-21T16:14:33.458138616Z
1647879273.4703317,2022-03-21T16:14:33.490495281Z
1647879273.5009718,2022-03-21T16:14:33.518038915Z
1647879273.5315719,2022-03-21T16:14:33.554184859Z
1647879273.5621176,2022-03-21T16:14:33.58092948Z
1647879273.5926802,2022-03-21T16:14:33.612301984Z
1647879273.6232944,2022-03-21T16:14:33.642660796Z
1647879273.6538937,2022-03-21T16:14:33.675117364Z
1647879273.6845374,2022-03-21T16:14:33.698972371Z
1647879273.7151573,2022-03-21T16:14:33.739975792Z
1647879273.7456498,2022-03-21T16:14:33.765124827Z
1647879273.7762623,2022-03-21T16:14:33.792573474Z
1647879273.8069034,2022-03-21T16:14:33.82474335Z
1647879273.8375406,2022-03-21T16:14:33.855705178Z
1647879273.8681443,2022-03-21T16:14:33.896402Z
1647879273.8987772,2022-03-21T16:14:33.936036712Z
1647879273.9293897,2022-03-21T16:14:33.949270163Z
1647879273.9600277,2022-03-21T16:14:33.976730921Z
1647879273.9906435,2022-03-21T16:14:34.009417559Z
1647879274.0212545,2022-03-21T16:14:34.042240051Z
1647879274.051899,2022-03-21T16:14:34.069724501Z
1647879274.0825462,2022-03-21T16:14:34.098635222Z
1647879274.1131582,2022-03-21T16:14:34.132188282Z
1647879274.1438084,2022-03-21T16:14:34.162082494Z
1647879274.1744235,2022-03-21T16:14:34.196510777Z
1647879274.2050054,2022-03-21T16:14:34.221564063Z
1647879274.2356465,2022-03-21T16:14:34.254716816Z
1647879274.266261,2022-03-21T16:14:34.285334187Z
1647879274.2968512,2022-03-21T16:14:34.316629074Z
1647879274.3274076,2022-03-21T16:14:34.350813849Z
1647879274.358133,2022-03-21T16:14:34.376553591Z
1647879274.3887112,2022-03-21T16:14:34.408771533Z
1647879274.419324,2022-03-21T16:14:34.439230708Z
1647879274.4499667,2022-03-21T16:14:34.470739571Z
1647879274.4805598,2022-03-21T16:14:34.506996825Z
1647879274.511178,2022-03-21T16:14:34.531785602Z
1647879274.5418282,2022-03-21T16:14:34.558601378Z
1647879274.5724885,2022-03-21T16:14:34.600536846Z
1647879274.60306,2022-03-21T16:14:34.626374122Z
1647879274.6337261,2022-03-21T16:14:34.65519899Z
1647879274.6643178,2022-03-21T16:14:34.681155915Z
1647879274.6950037,2022-03-21T16:14:34.711947666Z
1647879274.7258332,2022-03-21T16:14:34.749064579Z
1647879274.7565095,2022-03-21T16:14:34.778419312Z
1647879274.7871404,2022-03-21T16:14:34.80945175Z
1647879274.8177946,2022-03-21T16:14:34.840662733Z
1647879274.8483968,2022-03-21T16:14:34.876578593Z
1647879274.8790333,2022-03-21T16:14:34.898213152Z
1647879274.9096172,2022-03-21T16:14:34.929215622Z
1647879274.9401815,2022-03-21T16:14:34.962529107Z
1647879274.9708374,2022-03-21T16:14:34.993605404Z
1647879275.0014386,2022-03-21T16:14:35.047865172Z
1647879275.03212,2022-03-21T16:14:35.078671563Z
1647879275.062764,2022-03-21T16:14:35.092834326Z
1647879275.0934026,2022-03-21T16:14:35.111256383Z
1647879275.1240234,2022-03-21T16:14:35.143975421Z
1647879275.1546118,2022-03-21T16:14:35.173999882Z
1647879275.1851864,2022-03-21T16:14:35.208051694Z
1647879275.2158704,2022-03-21T16:14:35.233039617Z
1647879275.2465055,2022-03-21T16:14:35.27734461Z
1647879275.2771363,2022-03-21T16:14:35.304607492Z
1647879275.307789,2022-03-21T16:14:35.321158648Z
1647879275.3384192,2022-03-21T16:14:35.363620525Z
1647879275.3691754,2022-03-21T16:14:35.385892439Z
1647879275.399812,2022-03-21T16:14:35.419277194Z
1647879275.4304073,2022-03-21T16:14:35.446063465Z
1647879275.4610558,2022-03-21T16:14:35.472824777Z
1647879275.4916968,2022-03-21T16:14:35.506723125Z
1647879275.5223157,2022-03-21T16:14:35.53728954Z
1647879275.5529723,2022-03-21T16:14:35.571565549Z
1647879275.583633,2022-03-21T16:14:35.602107003Z
1647879275.614208,2022-03-21T16:14:35.630941688Z
1647879275.644832,2022-03-21T16:14:35.669948304Z
1647879275.6755295,2022-03-21T16:14:35.706094343Z
1647879275.7062042,2022-03-21T16:14:35.721870596Z
1647879275.736842,2022-03-21T16:14:35.759306604Z
1647879275.7675183,2022-03-21T16:14:35.7847211Z
1647879275.7981591,2022-03-21T16:14:35.813824776Z
1647879275.8288379,2022-03-21T16:14:35.8456834Z
1647879275.8594496,2022-03-21T16:14:35.879026135Z
1647879275.890115,2022-03-21T16:14:35.9152355Z
1647879275.9207225,2022-03-21T16:14:35.938361657Z
1647879275.9513497,2022-03-21T16:14:35.975570595Z
1647879275.9820166,2022-03-21T16:14:36.024642281Z
1647879276.0126743,2022-03-21T16:14:36.038707265Z
1647879276.043345,2022-03-21T16:14:36.063384605Z
1647879276.0740201,2022-03-21T16:14:36.094295889Z
1647879276.104652,2022-03-21T16:14:36.127875345Z
1647879276.13529,2022-03-21T16:14:36.169415332Z
1647879276.1659493,2022-03-21T16:14:36.187236395Z
1647879276.1965756,2022-03-21T16:14:36.218997577Z
1647879276.2272096,2022-03-21T16:14:36.247885333Z
1647879276.257885,2022-03-21T16:14:36.277555669Z
1647879276.2885382,2022-03-21T16:14:36.307579667Z
1647879276.3191583,2022-03-21T16:14:36.338567411Z
1647879276.3498886,2022-03-21T16:14:36.368653634Z
1647879276.3805437,2022-03-21T16:14:36.401950783Z
1647879276.4111063,2022-03-21T16:14:36.437117237Z
1647879276.4415958,2022-03-21T16:14:36.465592411Z
1647879276.4721646,2022-03-21T16:14:36.489972409Z
1647879276.5028152,2022-03-21T16:14:36.525028169Z
1647879276.5334334,2022-03-21T16:14:36.555574998Z
1647879276.5640085,2022-03-21T16:14:36.584106048Z
1647879276.5945208,2022-03-21T16:14:36.613187737Z
1647879276.6253586,2022-03-21T16:14:36.645235925Z
1647879276.656257,2022-03-21T16:14:36.674906784Z
1647879276.6869555,2022-03-21T16:14:36.705524345Z
1647879276.7176237,2022-03-21T16:14:36.735062912Z
1647879276.7482867,2022-03-21T16:14:36.767073865Z
1647879276.7790072,2022-03-21T16:14:36.800195131Z
1647879276.809672,2022-03-21T16:14:36.82814617Z
1647879276.8402934,2022-03-21T16:14:36.862377129Z
1647879276.870977,2022-03-21T16:14:36.899265622Z
1647879276.9016352,2022-03-21T16:14:36.924072009Z
1647879276.9323328,2022-03-21T16:14:36.965968529Z
1647879276.963014,2022-03-21T16:14:36.989070139Z
1647879276.9935558,2022-03-21T16:14:37.018096972Z
1647879277.024158,2022-03-21T16:14:37.046728464Z
1647879277.0548096,2022-03-21T16:14:37.076419442Z
1647879277.0853777,2022-03-21T16:14:37.115582532Z
1647879277.1159968,2022-03-21T16:14:37.137374882Z
1647879277.1465266,2022-03-21T16:14:37.168540085Z
1647879277.1771173,2022-03-21T16:14:37.197502337Z
1647879277.2076807,2022-03-21T16:14:37.225622566Z
1647879277.2382298,2022-03-21T16:14:37.259025778Z
1647879277.2688215,2022-03-21T16:14:37.289991936Z
1647879277.2994494,2022-03-21T16:14:37.316402734Z
1647879277.3300374,2022-03-21T16:14:37.348845944Z
1647879277.3606162,2022-03-21T16:14:37.381622977Z
1647879277.3911855,2022-03-21T16:14:37.410518215Z
1647879277.4218085,2022-03-21T16:14:37.441534695Z
1647879277.4523797,2022-03-21T16:14:37.472101778Z
1647879277.4829776,2022-03-21T16:14:37.503920559Z
1647879277.5135717,2022-03-21T16:14:37.532390296Z
1647879277.5441344,2022-03-21T16:14:37.563898933Z
1647879277.5747483,2022-03-21T16:14:37.594954553Z
1647879277.6052485,2022-03-21T16:14:37.621930848Z
1647879277.6358693,2022-03-21T16:14:37.660321312Z
1647879277.6663792,2022-03-21T16:14:37.718707404Z
1647879277.6970043,2022-03-21T16:14:37.728174638Z
1647879277.7276442,2022-03-21T16:14:37.744733155Z
1647879277.7582703,2022-03-21T16:14:37.791996613Z
1647879277.7889385,2022-03-21T16:14:37.811797837Z
1647879277.819659,2022-03-21T16:14:37.838863266Z
1647879277.8503168,2022-03-21T16:14:37.868711858Z
1647879277.8815963,2022-03-21T16:14:37.89844747Z
1647879277.912029,2022-03-21T16:14:37.932785155Z
1647879277.9424942,2022-03-21T16:14:37.962216139Z
1647879277.97295,2022-03-21T16:14:37.99321938Z
1647879278.003421,2022-03-21T16:14:38.023283407Z
1647879278.0339308,2022-03-21T16:14:38.05121574Z
1647879278.0643497,2022-03-21T16:14:38.083190783Z
1647879278.0947387,2022-03-21T16:14:38.115052634Z
1647879278.1250901,2022-03-21T16:14:38.146577185Z
1647879278.1554189,2022-03-21T16:14:38.175826885Z
1647879278.1858242,2022-03-21T16:14:38.223252334Z
1647879278.2161608,2022-03-21T16:14:38.238394085Z
1647879278.246543,2022-03-21T16:14:38.263187011Z
1647879278.276905,2022-03-21T16:14:38.295279004Z
1647879278.3072834,2022-03-21T16:14:38.325062613Z
1647879278.3376617,2022-03-21T16:14:38.358404851Z
1647879278.3681443,2022-03-21T16:14:38.388476691Z
1647879278.398506,2022-03-21T16:14:38.418899298Z
1647879278.4289103,2022-03-21T16:14:38.449849913Z
1647879278.459279,2022-03-21T16:14:38.481057536Z
1647879278.4897003,2022-03-21T16:14:38.512386192Z
1647879278.5200334,2022-03-21T16:14:38.54150222Z
1647879278.5503893,2022-03-21T16:14:38.579435449Z
1647879278.5807464,2022-03-21T16:14:38.601382413Z
1647879278.6111007,2022-03-21T16:14:38.634352622Z
1647879278.6414492,2022-03-21T16:14:38.662364748Z
1647879278.6718402,2022-03-21T16:14:38.701419564Z
1647879278.7021866,2022-03-21T16:14:38.721820381Z
1647879278.7326388,2022-03-21T16:14:38.754130118Z
1647879278.763071,2022-03-21T16:14:38.78389674Z
1647879278.7935448,2022-03-21T16:14:38.820653561Z
1647879278.8239095,2022-03-21T16:14:38.849795513Z
1647879278.854254,2022-03-21T16:14:38.875137733Z
1647879278.8845985,2022-03-21T16:14:38.90103935Z
1647879278.9149685,2022-03-21T16:14:38.931570486Z
1647879278.945315,2022-03-21T16:14:38.963152976Z
1647879278.9756649,2022-03-21T16:14:38.995751883Z
1647879279.0060265,2022-03-21T16:14:39.025073161Z
1647879279.0363832,2022-03-21T16:14:39.060679505Z
1647879279.066745,2022-03-21T16:14:39.087320198Z
1647879279.097144,2022-03-21T16:14:39.11707144Z
1647879279.127513,2022-03-21T16:14:39.14745007Z
1647879279.1578803,2022-03-21T16:14:39.176137903Z
1647879279.1882284,2022-03-21T16:14:39.208196974Z
1647879279.2185965,2022-03-21T16:14:39.241986961Z
1647879279.2489986,2022-03-21T16:14:39.279257666Z
1647879279.2795658,2022-03-21T16:14:39.3047292Z
1647879279.3102067,2022-03-21T16:14:39.329660549Z
1647879279.3409758,2022-03-21T16:14:39.359737267Z
1647879279.3716178,2022-03-21T16:14:39.389541315Z
1647879279.402246,2022-03-21T16:14:39.421933426Z
1647879279.432906,2022-03-21T16:14:39.453890654Z
1647879279.4635725,2022-03-21T16:14:39.484199961Z
1647879279.4942062,2022-03-21T16:14:39.511350167Z
1647879279.5248497,2022-03-21T16:14:39.545401688Z
1647879279.5554206,2022-03-21T16:14:39.573568826Z
1647879279.5860713,2022-03-21T16:14:39.604142351Z
1647879279.6166806,2022-03-21T16:14:39.637433853Z
1647879279.6473227,2022-03-21T16:14:39.668181776Z
1647879279.6779802,2022-03-21T16:14:39.698506304Z
1647879279.7085755,2022-03-21T16:14:39.728740275Z
1647879279.7392585,2022-03-21T16:14:39.760149852Z
1647879279.7699935,2022-03-21T16:14:39.788824651Z
1647879279.800666,2022-03-21T16:14:39.820279894Z
1647879279.8313303,2022-03-21T16:14:39.850935471Z
1647879279.8619475,2022-03-21T16:14:39.883832685Z
1647879279.892601,2022-03-21T16:14:39.923102768Z
1647879279.9232304,2022-03-21T16:14:39.943352524Z
1647879279.9539187,2022-03-21T16:14:39.976285482Z
1647879279.984593,2022-03-21T16:14:40.010833555Z
1647879280.0152018,2022-03-21T16:14:40.040577757Z
1647879280.0458941,2022-03-21T16:14:40.068008045Z
1647879280.0765703,2022-03-21T16:14:40.100295609Z
1647879280.1072702,2022-03-21T16:14:40.133129626Z
1647879280.1379704,2022-03-21T16:14:40.161060869Z
1647879280.1686285,2022-03-21T16:14:40.186373622Z
1647879280.1993537,2022-03-21T16:14:40.217584502Z
1647879280.230078,2022-03-21T16:14:40.247502173Z
1647879280.2608387,2022-03-21T16:14:40.277150989Z
1647879280.2915838,2022-03-21T16:14:40.308961649Z
1647879280.3221745,2022-03-21T16:14:40.338666031Z
1647879280.3530023,2022-03-21T16:14:40.370868255Z
1647879280.3837721,2022-03-21T16:14:40.404517073Z
1647879280.414518,2022-03-21T16:14:40.438513251Z
1647879280.4452324,2022-03-21T16:14:40.474241104Z
1647879280.4759016,2022-03-21T16:14:40.501547552Z
1647879280.5065858,2022-03-21T16:14:40.526923128Z
1647879280.5372264,2022-03-21T16:14:40.557279658Z
1647879280.5679698,2022-03-21T16:14:40.591656349Z
1647879280.5986292,2022-03-21T16:14:40.617520915Z
1647879280.6293645,2022-03-21T16:14:40.65676683Z
1647879280.660038,2022-03-21T16:14:40.675595394Z
1647879280.690784,2022-03-21T16:14:40.709834878Z
1647879280.7214317,2022-03-21T16:14:40.740542973Z
1647879280.7521076,2022-03-21T16:14:40.78269681Z
1647879280.7826972,2022-03-21T16:14:40.802643831Z
1647879280.8137271,2022-03-21T16:14:40.835206648Z
1647879280.8443558,2022-03-21T16:14:40.860710913Z
1647879280.8750122,2022-03-21T16:14:40.893597061Z
1647879280.9056742,2022-03-21T16:14:40.924866307Z
1647879280.9362862,2022-03-21T16:14:40.952319602Z
1647879280.9669194,2022-03-21T16:14:40.987176017Z
1647879280.997563,2022-03-21T16:14:41.017947695Z
1647879281.0281663,2022-03-21T16:14:41.045202793Z
1647879281.0588078,2022-03-21T16:14:41.073694398Z
1647879281.089416,2022-03-21T16:14:41.1094416Z
1647879281.120035,2022-03-21T16:14:41.138168533Z
1647879281.1505609,2022-03-21T16:14:41.172551663Z
1647879281.1811273,2022-03-21T16:14:41.202227837Z
1647879281.211687,2022-03-21T16:14:41.23240335Z
1647879281.2423582,2022-03-21T16:14:41.267199009Z
1647879281.2729223,2022-03-21T16:14:41.29256486Z
1647879281.3034782,2022-03-21T16:14:41.328157272Z
1647879281.3341553,2022-03-21T16:14:41.356080888Z
1647879281.3647985,2022-03-21T16:14:41.383779417Z
1647879281.395518,2022-03-21T16:14:41.414947992Z
1647879281.4261444,2022-03-21T16:14:41.450014369Z
1647879281.4568098,2022-03-21T16:14:41.473095194Z
1647879281.487495,2022-03-21T16:14:41.512729595Z
1647879281.5181074,2022-03-21T16:14:41.538122038Z
1647879281.5487335,2022-03-21T16:14:41.5660711Z
1647879281.5793922,2022-03-21T16:14:41.597798463Z
1647879281.6100454,2022-03-21T16:14:41.636784519Z
1647879281.6406736,2022-03-21T16:14:41.658977236Z
1647879281.6713066,2022-03-21T16:14:41.692762022Z
1647879281.7019637,2022-03-21T16:14:41.722599576Z
1647879281.7326055,2022-03-21T16:14:41.75112693Z
1647879281.7632627,2022-03-21T16:14:41.786958803Z
1647879281.793933,2022-03-21T16:14:41.815197305Z
1647879281.8244472,2022-03-21T16:14:41.845073925Z
1647879281.855074,2022-03-21T16:14:41.875564877Z
1647879281.8856533,2022-03-21T16:14:41.904242249Z
1647879281.9162352,2022-03-21T16:14:41.936273119Z
1647879281.9468153,2022-03-21T16:14:41.966669885Z
1647879281.977392,2022-03-21T16:14:41.996435557Z
1647879282.0088031,2022-03-21T16:14:42.031830227Z
1647879282.0394545,2022-03-21T16:14:42.054453495Z
1647879282.070079,2022-03-21T16:14:42.087955119Z
1647879282.1006668,2022-03-21T16:14:42.11929846Z
1647879282.1312537,2022-03-21T16:14:42.15064353Z
1647879282.1618388,2022-03-21T16:14:42.181011536Z
1647879282.1923985,2022-03-21T16:14:42.21298886Z
1647879282.2229965,2022-03-21T16:14:42.24252543Z
1647879282.2535913,2022-03-21T16:14:42.273967445Z
1647879282.2841473,2022-03-21T16:14:42.303932338Z
1647879282.3147807,2022-03-21T16:14:42.332386984Z
1647879282.3453548,2022-03-21T16:14:42.362667579Z
1647879282.37597,2022-03-21T16:14:42.397591152Z
1647879282.4065673,2022-03-21T16:14:42.426814624Z
1647879282.4371376,2022-03-21T16:14:42.456327579Z
1647879282.4677775,2022-03-21T16:14:42.495252725Z
1647879282.4982533,2022-03-21T16:14:42.521453842Z
1647879282.5288916,2022-03-21T16:14:42.54735009Z
1647879282.559555,2022-03-21T16:14:42.578344333Z
1647879282.5901334,2022-03-21T16:14:42.612259011Z
1647879282.6206717,2022-03-21T16:14:42.640067545Z
1647879282.651164,2022-03-21T16:14:42.669807647Z
1647879282.6817446,2022-03-21T16:14:42.703456052Z
1647879282.7123346,2022-03-21T16:14:42.729325348Z
1647879282.7429342,2022-03-21T16:14:42.760829823Z
1647879282.7735786,2022-03-21T16:14:42.792255771Z
1647879282.8040648,2022-03-21T16:14:42.821977571Z
1647879282.8346484,2022-03-21T16:14:42.864129813Z
1647879282.8652413,2022-03-21T16:14:42.885122456Z
1647879282.8958874,2022-03-21T16:14:42.913659641Z
1647879282.9265306,2022-03-21T16:14:42.946386723Z
1647879282.9571476,2022-03-21T16:14:42.975228777Z
1647879282.9877982,2022-03-21T16:14:43.009484648Z
1647879283.0184195,2022-03-21T16:14:43.045894771Z
1647879283.0490289,2022-03-21T16:14:43.067539797Z
1647879283.0796971,2022-03-21T16:14:43.098282418Z
1647879283.1102989,2022-03-21T16:14:43.128010117Z
1647879283.1409478,2022-03-21T16:14:43.157873599Z
1647879283.1716297,2022-03-21T16:14:43.190817968Z
1647879283.2022521,2022-03-21T16:14:43.220350249Z
1647879283.2329018,2022-03-21T16:14:43.252322443Z
1647879283.2635655,2022-03-21T16:14:43.282031536Z
1647879283.2941847,2022-03-21T16:14:43.313045523Z
1647879283.3248603,2022-03-21T16:14:43.350502709Z
1647879283.355493,2022-03-21T16:14:43.382637036Z
1647879283.3860629,2022-03-21T16:14:43.403201729Z
1647879283.4166331,2022-03-21T16:14:43.43454065Z
1647879283.447256,2022-03-21T16:14:43.464626261Z
1647879283.4779072,2022-03-21T16:14:43.49710368Z
1647879283.5085502,2022-03-21T16:14:43.527816604Z
1647879283.5391672,2022-03-21T16:14:43.565086888Z
1647879283.5698206,2022-03-21T16:14:43.590873129Z
1647879283.6004446,2022-03-21T16:14:43.621781892Z
1647879283.6310976,2022-03-21T16:14:43.648964157Z
1647879283.6616714,2022-03-21T16:14:43.680651979Z
1647879283.6922803,2022-03-21T16:14:43.712147385Z
1647879283.7229216,2022-03-21T16:14:43.746591672Z
1647879283.7535782,2022-03-21T16:14:43.778108608Z
1647879283.7842226,2022-03-21T16:14:43.806379467Z
1647879283.8148928,2022-03-21T16:14:43.836411619Z
1647879283.8455532,2022-03-21T16:14:43.869791778Z
1647879283.8761575,2022-03-21T16:14:43.896648143Z
1647879283.9067576,2022-03-21T16:14:43.92699476Z
1647879283.9374077,2022-03-21T16:14:43.95962643Z
1647879283.9680858,2022-03-21T16:14:43.991013311Z
1647879283.998717,2022-03-21T16:14:44.020997829Z
1647879284.0293543,2022-03-21T16:14:44.052589559Z
1647879284.0600724,2022-03-21T16:14:44.07857132Z
1647879284.0907266,2022-03-21T16:14:44.112085152Z
1647879284.1213253,2022-03-21T16:14:44.145879685Z
1647879284.1520097,2022-03-21T16:14:44.172254739Z
1647879284.1826284,2022-03-21T16:14:44.20506639Z
1647879284.2132492,2022-03-21T16:14:44.232743123Z
1647879284.2439065,2022-03-21T16:14:44.261422719Z
1647879284.2744255,2022-03-21T16:14:44.292711958Z
1647879284.3051536,2022-03-21T16:14:44.324053942Z
1647879284.3358123,2022-03-21T16:14:44.358142247Z
1647879284.366356,2022-03-21T16:14:44.388803964Z
1647879284.3968647,2022-03-21T16:14:44.416334214Z
1647879284.4275577,2022-03-21T16:14:44.445536833Z
1647879284.4581807,2022-03-21T16:14:44.477448037Z
1647879284.488841,2022-03-21T16:14:44.506182052Z
1647879284.51952,2022-03-21T16:14:44.543934288Z
1647879284.550144,2022-03-21T16:14:44.569864148Z
1647879284.580803,2022-03-21T16:14:44.598986657Z
1647879284.6114326,2022-03-21T16:14:44.628941568Z
1647879284.642042,2022-03-21T16:14:44.663134206Z
1647879284.6725833,2022-03-21T16:14:44.691749517Z
1647879284.703147,2022-03-21T16:14:44.724770152Z
1647879284.7337651,2022-03-21T16:14:44.765488472Z
1647879284.7643235,2022-03-21T16:14:44.781422243Z
1647879284.794904,2022-03-21T16:14:44.811656169Z
1647879284.8254972,2022-03-21T16:14:44.844211021Z
1647879284.8560889,2022-03-21T16:14:44.876446758Z
1647879284.8866022,2022-03-21T16:14:44.907615913Z
1647879284.9171727,2022-03-21T16:14:44.943307531Z
1647879284.9478233,2022-03-21T16:14:44.96771466Z
1647879284.9784498,2022-03-21T16:14:44.99522293Z
1647879285.0091412,2022-03-21T16:14:45.028316259Z
1647879285.039797,2022-03-21T16:14:45.060351395Z
1647879285.0703897,2022-03-21T16:14:45.093850785Z
1647879285.1010427,2022-03-21T16:14:45.117825282Z
1647879285.1316602,2022-03-21T16:14:45.159040846Z
1647879285.162235,2022-03-21T16:14:45.179791076Z
1647879285.1928577,2022-03-21T16:14:45.21003728Z
1647879285.2235374,2022-03-21T16:14:45.240045332Z
1647879285.2541482,2022-03-21T16:14:45.274543684Z
1647879285.2847977,2022-03-21T16:14:45.303338706Z
1647879285.315452,2022-03-21T16:14:45.333917647Z
1647879285.3461275,2022-03-21T16:14:45.366359376Z
1647879285.3766477,2022-03-21T16:14:45.397334729Z
1647879285.4071915,2022-03-21T16:14:45.425411384Z
1647879285.4377105,2022-03-21T16:14:45.456050858Z
1647879285.4683242,2022-03-21T16:14:45.488091971Z
1647879285.4989765,2022-03-21T16:14:45.518811152Z
1647879285.5295787,2022-03-21T16:14:45.555541747Z
1647879285.560216,2022-03-21T16:14:45.580088823Z
1647879285.5908349,2022-03-21T16:14:45.613389849Z
1647879285.6214182,2022-03-21T16:14:45.644648515Z
1647879285.6520839,2022-03-21T16:14:45.670240654Z
1647879285.682726,2022-03-21T16:14:45.700065776Z
1647879285.7133594,2022-03-21T16:14:45.730426443Z
1647879285.7440174,2022-03-21T16:14:45.762201635Z
1647879285.774638,2022-03-21T16:14:45.796281341Z
1647879285.8051872,2022-03-21T16:14:45.823715317Z
1647879285.8358366,2022-03-21T16:14:45.852855055Z
1647879285.8664901,2022-03-21T16:14:45.881961462Z
1647879285.8971357,2022-03-21T16:14:45.916336925Z
1647879285.9277902,2022-03-21T16:14:45.945207052Z
1647879285.9583535,2022-03-21T16:14:45.981385566Z
1647879285.98901,2022-03-21T16:14:46.010336763Z
1647879286.0196538,2022-03-21T16:14:46.051867656Z
1647879286.050312,2022-03-21T16:14:46.07650486Z
1647879286.0809624,2022-03-21T16:14:46.102850959Z
1647879286.1115925,2022-03-21T16:14:46.141155389Z
1647879286.1422205,2022-03-21T16:14:46.18244261Z
1647879286.1728363,2022-03-21T16:14:46.19642359Z
1647879286.2035336,2022-03-21T16:14:46.217977317Z
1647879286.2341762,2022-03-21T16:14:46.258163272Z
1647879286.2648609,2022-03-21T16:14:46.286061944Z
1647879286.2955484,2022-03-21T16:14:46.313407661Z
1647879286.3262067,2022-03-21T16:14:46.354507017Z
1647879286.3568985,2022-03-21T16:14:46.385120238Z
1647879286.3876114,2022-03-21T16:14:46.409151101Z
1647879286.418184,2022-03-21T16:14:46.439216881Z
1647879286.4488368,2022-03-21T16:14:46.471017084Z
1647879286.4795196,2022-03-21T16:14:46.504145393Z
1647879286.5101414,2022-03-21T16:14:46.530915421Z
1647879286.5408063,2022-03-21T16:14:46.571159309Z
1647879286.5715036,2022-03-21T16:14:46.594618739Z
1647879286.6021411,2022-03-21T16:14:46.620888865Z
1647879286.634804,2022-03-21T16:14:46.653781516Z
1647879286.6654422,2022-03-21T16:14:46.686277649Z
1647879286.696087,2022-03-21T16:14:46.715945569Z
1647879286.7267,2022-03-21T16:14:46.744960256Z
1647879286.7573202,2022-03-21T16:14:46.776678874Z
1647879286.7879748,2022-03-21T16:14:46.810760553Z
1647879286.8185892,2022-03-21T16:14:46.836333307Z
1647879286.8491583,2022-03-21T16:14:46.875965001Z
1647879286.8797724,2022-03-21T16:14:46.901744758Z
1647879286.9104197,2022-03-21T16:14:46.938423873Z
1647879286.9411166,2022-03-21T16:14:46.963846054Z
1647879286.971745,2022-03-21T16:14:46.991245012Z
1647879287.0030034,2022-03-21T16:14:47.030430923Z
1647879287.0336685,2022-03-21T16:14:47.051748755Z
1647879287.0642774,2022-03-21T16:14:47.082783484Z
1647879287.0949085,2022-03-21T16:14:47.118667555Z
1647879287.1255846,2022-03-21T16:14:47.149524261Z
1647879287.1561065,2022-03-21T16:14:47.180144167Z
1647879287.1867926,2022-03-21T16:14:47.208296671Z
1647879287.2174907,2022-03-21T16:14:47.236313758Z
1647879287.2481167,2022-03-21T16:14:47.267278226Z
1647879287.2787936,2022-03-21T16:14:47.30325532Z
1647879287.3094087,2022-03-21T16:14:47.33263796Z
1647879287.3401668,2022-03-21T16:14:47.357450182Z
1647879287.3708284,2022-03-21T16:14:47.389275035Z
1647879287.4014103,2022-03-21T16:14:47.420074078Z
1647879287.432057,2022-03-21T16:14:47.462884503Z
1647879287.462627,2022-03-21T16:14:47.483175616Z
1647879287.4931417,2022-03-21T16:14:47.514929145Z
1647879287.5241616,2022-03-21T16:14:47.54766293Z
1647879287.5548694,2022-03-21T16:14:47.574966563Z
1647879287.5855584,2022-03-21T16:14:47.606561573Z
1647879287.6162233,2022-03-21T16:14:47.63456686Z
1647879287.6468945,2022-03-21T16:14:47.67271556Z
1647879287.6773882,2022-03-21T16:14:47.693785504Z
1647879287.7079344,2022-03-21T16:14:47.726607439Z
1647879287.7385685,2022-03-21T16:14:47.755914271Z
1647879287.7690675,2022-03-21T16:14:47.786201819Z
1647879287.7995868,2022-03-21T16:14:47.818342878Z
1647879287.8301225,2022-03-21T16:14:47.857105956Z
1647879287.8607497,2022-03-21T16:14:47.881541375Z
1647879287.89141,2022-03-21T16:14:47.908645527Z
1647879287.922097,2022-03-21T16:14:47.942041032Z
1647879287.9527395,2022-03-21T16:14:47.976910296Z
1647879287.9834278,2022-03-21T16:14:48.005674056Z
1647879288.014186,2022-03-21T16:14:48.037015697Z
1647879288.0453694,2022-03-21T16:14:48.068119163Z
1647879288.0761037,2022-03-21T16:14:48.095557627Z
1647879288.1068134,2022-03-21T16:14:48.129138281Z
1647879288.137525,2022-03-21T16:14:48.162006153Z
1647879288.1682234,2022-03-21T16:14:48.19344834Z
1647879288.1989684,2022-03-21T16:14:48.217353742Z
1647879288.2296875,2022-03-21T16:14:48.249616861Z
1647879288.260377,2022-03-21T16:14:48.278149331Z
1647879288.291112,2022-03-21T16:14:48.318781411Z
1647879288.3218327,2022-03-21T16:14:48.347496957Z
1647879288.352542,2022-03-21T16:14:48.377190146Z
1647879288.3832421,2022-03-21T16:14:48.405498461Z
1647879288.4139495,2022-03-21T16:14:48.434624469Z
1647879288.4446042,2022-03-21T16:14:48.464569857Z
1647879288.4753008,2022-03-21T16:14:48.501429298Z
1647879288.5059607,2022-03-21T16:14:48.526145575Z
1647879288.5365925,2022-03-21T16:14:48.556033604Z
1647879288.5672536,2022-03-21T16:14:48.592781Z
1647879288.5979478,2022-03-21T16:14:48.617817416Z
1647879288.6286337,2022-03-21T16:14:48.647779849Z
1647879288.6592731,2022-03-21T16:14:48.67737278Z
1647879288.6900394,2022-03-21T16:14:48.716264293Z
1647879288.7207928,2022-03-21T16:14:48.74111248Z
1647879288.7515743,2022-03-21T16:14:48.771941536Z
1647879288.7822657,2022-03-21T16:14:48.804149824Z
1647879288.8129807,2022-03-21T16:14:48.834945575Z
1647879288.8435388,2022-03-21T16:14:48.864884479Z
1647879288.8741455,2022-03-21T16:14:48.898230935Z
1647879288.904732,2022-03-21T16:14:48.930230265Z
1647879288.9352734,2022-03-21T16:14:48.961386669Z
1647879288.9658673,2022-03-21T16:14:48.993686336Z
1647879288.996555,2022-03-21T16:14:49.017570597Z
1647879289.027226,2022-03-21T16:14:49.054146532Z
1647879289.057829,2022-03-21T16:14:49.07797101Z
1647879289.088444,2022-03-21T16:14:49.108143629Z
1647879289.1190736,2022-03-21T16:14:49.137933189Z
1647879289.1496964,2022-03-21T16:14:49.166945779Z
1647879289.180299,2022-03-21T16:14:49.198051119Z
1647879289.2110138,2022-03-21T16:14:49.229346183Z
1647879289.2416244,2022-03-21T16:14:49.266832146Z
1647879289.2721896,2022-03-21T16:14:49.294691814Z
1647879289.3028915,2022-03-21T16:14:49.323067087Z
1647879289.3334336,2022-03-21T16:14:49.358203404Z
1647879289.3640425,2022-03-21T16:14:49.380804663Z
1647879289.3946025,2022-03-21T16:14:49.411303575Z
1647879289.4251819,2022-03-21T16:14:49.44153853Z
1647879289.4557433,2022-03-21T16:14:49.480313484Z
1647879289.4863074,2022-03-21T16:14:49.512036394Z
1647879289.5169103,2022-03-21T16:14:49.536168733Z
1647879289.5475416,2022-03-21T16:14:49.565912151Z
1647879289.5781353,2022-03-21T16:14:49.597428828Z
1647879289.6089978,2022-03-21T16:14:49.62826351Z
1647879289.6396208,2022-03-21T16:14:49.661323137Z
1647879289.6702144,2022-03-21T16:14:49.688161083Z
1647879289.7008383,2022-03-21T16:14:49.719539425Z
1647879289.731451,2022-03-21T16:14:49.755061612Z
1647879289.762076,2022-03-21T16:14:49.777813838Z
1647879289.7926419,2022-03-21T16:14:49.808158806Z
1647879289.8232124,2022-03-21T16:14:49.838801557Z
1647879289.8537767,2022-03-21T16:14:49.871530021Z
1647879289.8843458,2022-03-21T16:14:49.903309883Z
1647879289.9150395,2022-03-21T16:14:49.939865458Z
1647879289.945684,2022-03-21T16:14:49.963236277Z
1647879289.9762726,2022-03-21T16:14:49.995849007Z
1647879290.0068734,2022-03-21T16:14:50.030625994Z
1647879290.037434,2022-03-21T16:14:50.05487833Z
1647879290.0680847,2022-03-21T16:14:50.087669888Z
1647879290.098658,2022-03-21T16:14:50.115397293Z
1647879290.129299,2022-03-21T16:14:50.154049468Z
1647879290.1599593,2022-03-21T16:14:50.195216281Z
1647879290.1906178,2022-03-21T16:14:50.214650417Z
1647879290.2213833,2022-03-21T16:14:50.2465116Z
1647879290.2521513,2022-03-21T16:14:50.277220555Z
1647879290.2828178,2022-03-21T16:14:50.300546467Z
1647879290.3134205,2022-03-21T16:14:50.332918505Z
1647879290.3440766,2022-03-21T16:14:50.361059029Z
1647879290.3747184,2022-03-21T16:14:50.418119716Z
1647879290.4053483,2022-03-21T16:14:50.446747396Z
1647879290.436002,2022-03-21T16:14:50.460383274Z
1647879290.466639,2022-03-21T16:14:50.482173392Z
1647879290.4971743,2022-03-21T16:14:50.515200419Z
1647879290.5278282,2022-03-21T16:14:50.548286529Z
1647879290.5584896,2022-03-21T16:14:50.580795802Z
1647879290.5891376,2022-03-21T16:14:50.611122978Z
1647879290.619767,2022-03-21T16:14:50.64200622Z
1647879290.650373,2022-03-21T16:14:50.671172407Z
1647879290.6809733,2022-03-21T16:14:50.699886188Z
1647879290.711575,2022-03-21T16:14:50.735012925Z
1647879290.7422378,2022-03-21T16:14:50.758921012Z
1647879290.772873,2022-03-21T16:14:50.78916241Z
1647879290.8035765,2022-03-21T16:14:50.822982781Z
1647879290.8340707,2022-03-21T16:14:50.84880676Z
1647879290.8646479,2022-03-21T16:14:50.884140027Z
1647879290.895239,2022-03-21T16:14:50.911571694Z
1647879290.9258666,2022-03-21T16:14:50.945958397Z
1647879290.9565256,2022-03-21T16:14:50.975528017Z
1647879290.9871564,2022-03-21T16:14:51.006638895Z
1647879291.0178201,2022-03-21T16:14:51.03854069Z
1647879291.0485022,2022-03-21T16:14:51.066532908Z
1647879291.079192,2022-03-21T16:14:51.100222143Z
1647879291.1098313,2022-03-21T16:14:51.128197917Z
1647879291.1404498,2022-03-21T16:14:51.159648064Z
1647879291.1711545,2022-03-21T16:14:51.189368813Z
1647879291.2018192,2022-03-21T16:14:51.218174392Z
1647879291.2325127,2022-03-21T16:14:51.257789721Z
1647879291.2631686,2022-03-21T16:14:51.283557489Z
1647879291.2937827,2022-03-21T16:14:51.314442388Z
1647879291.324432,2022-03-21T16:14:51.342434198Z
1647879291.3550909,2022-03-21T16:14:51.375288454Z
1647879291.3857133,2022-03-21T16:14:51.405420103Z
1647879291.4162612,2022-03-21T16:14:51.434645485Z
1647879291.4469008,2022-03-21T16:14:51.478153707Z
1647879291.4775188,2022-03-21T16:14:51.495903719Z
1647879291.5081353,2022-03-21T16:14:51.52794185Z
1647879291.5387738,2022-03-21T16:14:51.559118609Z
1647879291.5693698,2022-03-21T16:14:51.590036375Z
1647879291.5999212,2022-03-21T16:14:51.619941019Z
1647879291.630562,2022-03-21T16:14:51.6489877Z
1647879291.6611857,2022-03-21T16:14:51.682574719Z
1647879291.6918423,2022-03-21T16:14:51.720993647Z
1647879291.7224917,2022-03-21T16:14:51.740193899Z
1647879291.7531514,2022-03-21T16:14:51.774766112Z
1647879291.7837982,2022-03-21T16:14:51.803005115Z
1647879291.8144095,2022-03-21T16:14:51.846497346Z
1647879291.844978,2022-03-21T16:14:51.867832388Z
1647879291.8755038,2022-03-21T16:14:51.894411927Z
1647879291.9061038,2022-03-21T16:14:51.922149444Z
1647879291.9366715,2022-03-21T16:14:51.958476396Z
1647879291.967284,2022-03-21T16:14:51.986052703Z
1647879291.9979272,2022-03-21T16:14:52.018834608Z
1647879292.0285678,2022-03-21T16:14:52.052444135Z
1647879292.0591822,2022-03-21T16:14:52.078538949Z
1647879292.089833,2022-03-21T16:14:52.108452181Z
1647879292.1204531,2022-03-21T16:14:52.138080333Z
1647879292.1511822,2022-03-21T16:14:52.171342213Z
1647879292.1819034,2022-03-21T16:14:52.20500825Z
1647879292.212629,2022-03-21T16:14:52.232949561Z
1647879292.243363,2022-03-21T16:14:52.270910057Z
1647879292.274108,2022-03-21T16:14:52.296372202Z
1647879292.304783,2022-03-21T16:14:52.325738507Z
1647879292.3354955,2022-03-21T16:14:52.357204792Z
1647879292.3661282,2022-03-21T16:14:52.391324675Z
1647879292.3968623,2022-03-21T16:14:52.423279371Z
1647879292.4276211,2022-03-21T16:14:52.449688055Z
1647879292.4583335,2022-03-21T16:14:52.480951332Z
1647879292.4890718,2022-03-21T16:14:52.510728681Z
1647879292.5198426,2022-03-21T16:14:52.543384322Z
1647879292.5505836,2022-03-21T16:14:52.573334959Z
1647879292.5812554,2022-03-21T16:14:52.603267558Z
1647879292.6119199,2022-03-21T16:14:52.63353099Z
1647879292.643139,2022-03-21T16:14:52.668373174Z
1647879292.6737878,2022-03-21T16:14:52.694218647Z
1647879292.70444,2022-03-21T16:14:52.720816056Z
1647879292.7351153,2022-03-21T16:14:52.753167141Z
1647879292.765772,2022-03-21T16:14:52.786658473Z
1647879292.796336,2022-03-21T16:14:52.814918606Z
1647879292.8270054,2022-03-21T16:14:52.848088796Z
1647879292.8575733,2022-03-21T16:14:52.879431961Z
1647879292.8881392,2022-03-21T16:14:52.908348549Z
1647879292.918768,2022-03-21T16:14:52.939358717Z
1647879292.9495368,2022-03-21T16:14:52.966933748Z
1647879292.9801815,2022-03-21T16:14:53.006012807Z
1647879293.0107126,2022-03-21T16:14:53.029319789Z
1647879293.0413485,2022-03-21T16:14:53.060302556Z
1647879293.0720112,2022-03-21T16:14:53.091603777Z
1647879293.1025548,2022-03-21T16:14:53.122487689Z
1647879293.1331596,2022-03-21T16:14:53.153705991Z
1647879293.1637492,2022-03-21T16:14:53.184449286Z
1647879293.1943977,2022-03-21T16:14:53.224075559Z
1647879293.2250755,2022-03-21T16:14:53.243505708Z
1647879293.2558022,2022-03-21T16:14:53.280353912Z
1647879293.2863941,2022-03-21T16:14:53.307967153Z
1647879293.3171217,2022-03-21T16:14:53.33787644Z
1647879293.3478472,2022-03-21T16:14:53.370738514Z
1647879293.3785162,2022-03-21T16:14:53.400389954Z
1647879293.4092338,2022-03-21T16:14:53.428843191Z
1647879293.439941,2022-03-21T16:14:53.459313974Z
1647879293.4705722,2022-03-21T16:14:53.493917163Z
1647879293.501138,2022-03-21T16:14:53.52243177Z
1647879293.5318336,2022-03-21T16:14:53.553410505Z
1647879293.5625417,2022-03-21T16:14:53.585298215Z
1647879293.5932114,2022-03-21T16:14:53.6107811Z
1647879293.6238663,2022-03-21T16:14:53.641410769Z
1647879293.6545444,2022-03-21T16:14:53.67514838Z
1647879293.685142,2022-03-21T16:14:53.701982762Z
1647879293.7157834,2022-03-21T16:14:53.735085157Z
1647879293.7464135,2022-03-21T16:14:53.766290741Z
1647879293.7770433,2022-03-21T16:14:53.795486239Z
1647879293.8077724,2022-03-21T16:14:53.828661065Z
1647879293.8383799,2022-03-21T16:14:53.859186581Z
1647879293.8690372,2022-03-21T16:14:53.889248827Z
1647879293.8996887,2022-03-21T16:14:53.921667602Z
1647879293.9303493,2022-03-21T16:14:53.950629434Z
1647879293.9610207,2022-03-21T16:14:53.983203621Z
1647879293.99171,2022-03-21T16:14:54.017863352Z
1647879294.0223749,2022-03-21T16:14:54.041105693Z
1647879294.0530477,2022-03-21T16:14:54.07456498Z
1647879294.0837035,2022-03-21T16:14:54.107152114Z
1647879294.1143239,2022-03-21T16:14:54.136126742Z
1647879294.1449847,2022-03-21T16:14:54.163822194Z
1647879294.1756756,2022-03-21T16:14:54.195176558Z
1647879294.2062283,2022-03-21T16:14:54.228134584Z
1647879294.2368526,2022-03-21T16:14:54.258720577Z
1647879294.26755,2022-03-21T16:14:54.28612514Z
1647879294.29815,2022-03-21T16:14:54.315950986Z
1647879294.3288276,2022-03-21T16:14:54.353626723Z
1647879294.3594484,2022-03-21T16:14:54.381439045Z
1647879294.3901076,2022-03-21T16:14:54.411490686Z
1647879294.4208019,2022-03-21T16:14:54.440955711Z
1647879294.4514,2022-03-21T16:14:54.475344454Z
1647879294.4820223,2022-03-21T16:14:54.503876501Z
1647879294.5126371,2022-03-21T16:14:54.530177889Z
1647879294.543301,2022-03-21T16:14:54.5614081Z
1647879294.5739899,2022-03-21T16:14:54.594504812Z
1647879294.6045198,2022-03-21T16:14:54.637396545Z
1647879294.6351807,2022-03-21T16:14:54.693963146Z
1647879294.6659067,2022-03-21T16:14:54.71329528Z
1647879294.6965687,2022-03-21T16:14:54.7233573Z
1647879294.7272005,2022-03-21T16:14:54.744573108Z
1647879294.757837,2022-03-21T16:14:54.778226856Z
1647879294.7884245,2022-03-21T16:14:54.807078829Z
1647879294.8190444,2022-03-21T16:14:54.839882708Z
1647879294.8496416,2022-03-21T16:14:54.865608918Z
1647879294.8802407,2022-03-21T16:14:54.896439847Z
1647879294.910847,2022-03-21T16:14:54.930822021Z
1647879294.9414043,2022-03-21T16:14:54.957346102Z
1647879294.9720187,2022-03-21T16:14:54.989940868Z
1647879295.0026026,2022-03-21T16:14:55.021758912Z
1647879295.0331953,2022-03-21T16:14:55.054015876Z
1647879295.0637825,2022-03-21T16:14:55.084688517Z
1647879295.0943856,2022-03-21T16:14:55.116135032Z
1647879295.1250143,2022-03-21T16:14:55.142015088Z
1647879295.1557007,2022-03-21T16:14:55.17621668Z
1647879295.1861768,2022-03-21T16:14:55.204563982Z
1647879295.2168224,2022-03-21T16:14:55.236969693Z
1647879295.2475095,2022-03-21T16:14:55.273738513Z
1647879295.2781658,2022-03-21T16:14:55.300480735Z
1647879295.3088102,2022-03-21T16:14:55.333670108Z
1647879295.3395524,2022-03-21T16:14:55.362393786Z
1647879295.3702009,2022-03-21T16:14:55.390400781Z
1647879295.400856,2022-03-21T16:14:55.424279715Z
1647879295.4315698,2022-03-21T16:14:55.454827358Z
1647879295.4622266,2022-03-21T16:14:55.483732805Z
1647879295.4929025,2022-03-21T16:14:55.517612598Z
1647879295.523595,2022-03-21T16:14:55.546124399Z
1647879295.55426,2022-03-21T16:14:55.578836155Z
1647879295.5849483,2022-03-21T16:14:55.606236375Z
1647879295.615611,2022-03-21T16:14:55.636249825Z
1647879295.6462758,2022-03-21T16:14:55.666176506Z
1647879295.6769335,2022-03-21T16:14:55.700116438Z
1647879295.7076724,2022-03-21T16:14:55.726363628Z
1647879295.7383587,2022-03-21T16:14:55.758601238Z
1647879295.7690532,2022-03-21T16:14:55.786222515Z
1647879295.799647,2022-03-21T16:14:55.827261771Z
1647879295.8302646,2022-03-21T16:14:55.856171348Z
1647879295.860862,2022-03-21T16:14:55.878368146Z
1647879295.8915665,2022-03-21T16:14:55.909614994Z
1647879295.922221,2022-03-21T16:14:55.940123919Z
1647879295.952887,2022-03-21T16:14:55.973269319Z
1647879295.9835575,2022-03-21T16:14:56.007315466Z
1647879296.0141222,2022-03-21T16:14:56.033372536Z
1647879296.0447562,2022-03-21T16:14:56.065573339Z
1647879296.0754287,2022-03-21T16:14:56.099352713Z
1647879296.1060257,2022-03-21T16:14:56.127002846Z
1647879296.1366475,2022-03-21T16:14:56.156530098Z
1647879296.1672647,2022-03-21T16:14:56.193194968Z
1647879296.1979067,2022-03-21T16:14:56.217295099Z
1647879296.228523,2022-03-21T16:14:56.252435816Z
1647879296.2591226,2022-03-21T16:14:56.279012172Z
1647879296.2897863,2022-03-21T16:14:56.309379546Z
1647879296.3204453,2022-03-21T16:14:56.345596307Z
1647879296.3511515,2022-03-21T16:14:56.374341918Z
1647879296.3818202,2022-03-21T16:14:56.404453487Z
1647879296.4124482,2022-03-21T16:14:56.43164953Z
1647879296.443094,2022-03-21T16:14:56.463145741Z
1647879296.4737039,2022-03-21T16:14:56.495726158Z
1647879296.5043163,2022-03-21T16:14:56.526900759Z
1647879296.5349634,2022-03-21T16:14:56.555197606Z
1647879296.5655515,2022-03-21T16:14:56.584196369Z
1647879296.5961828,2022-03-21T16:14:56.617269709Z
1647879296.62679,2022-03-21T16:14:56.648100279Z
1647879296.6573322,2022-03-21T16:14:56.678350648Z
1647879296.6880364,2022-03-21T16:14:56.708787486Z
1647879296.7185836,2022-03-21T16:14:56.74037769Z
1647879296.7492256,2022-03-21T16:14:56.779933762Z
1647879296.787271,2022-03-21T16:14:56.807633422Z
1647879296.8178904,2022-03-21T16:14:56.835515088Z
1647879296.848557,2022-03-21T16:14:56.869024458Z
1647879296.879182,2022-03-21T16:14:56.900043177Z
1647879296.9098394,2022-03-21T16:14:56.929428417Z
1647879296.940453,2022-03-21T16:14:56.959248238Z
1647879296.971091,2022-03-21T16:14:56.989179472Z
1647879297.0017076,2022-03-21T16:14:57.019237828Z
1647879297.0323203,2022-03-21T16:14:57.055749807Z
1647879297.0629678,2022-03-21T16:14:57.083255419Z
1647879297.0935829,2022-03-21T16:14:57.113666038Z
1647879297.1241705,2022-03-21T16:14:57.142907989Z
1647879297.154809,2022-03-21T16:14:57.174721676Z
1647879297.1854231,2022-03-21T16:14:57.205403619Z
1647879297.2160711,2022-03-21T16:14:57.238293579Z
1647879297.246647,2022-03-21T16:14:57.266924241Z
1647879297.2772572,2022-03-21T16:14:57.294281901Z
1647879297.3078892,2022-03-21T16:14:57.324941865Z
1647879297.3385339,2022-03-21T16:14:57.356403133Z
1647879297.3691382,2022-03-21T16:14:57.385366488Z
1647879297.3997357,2022-03-21T16:14:57.418428629Z
1647879297.4303224,2022-03-21T16:14:57.449548805Z
1647879297.4609127,2022-03-21T16:14:57.477290269Z
1647879297.4917588,2022-03-21T16:14:57.508851843Z
1647879297.522306,2022-03-21T16:14:57.542624415Z
1647879297.5529404,2022-03-21T16:14:57.580738625Z
1647879297.5835633,2022-03-21T16:14:57.608598919Z
1647879297.6141167,2022-03-21T16:14:57.628412318Z
1647879297.6446695,2022-03-21T16:14:57.664238971Z
1647879297.6752284,2022-03-21T16:14:57.693857617Z
1647879297.705819,2022-03-21T16:14:57.723312267Z
1647879297.7363234,2022-03-21T16:14:57.754171298Z
1647879297.7668812,2022-03-21T16:14:57.783076919Z
1647879297.7974954,2022-03-21T16:14:57.821830268Z
1647879297.8280349,2022-03-21T16:14:57.847866517Z
1647879297.858668,2022-03-21T16:14:57.875494859Z
1647879297.889278,2022-03-21T16:14:57.906547428Z
1647879297.9199364,2022-03-21T16:14:57.939831337Z
1647879297.9505808,2022-03-21T16:14:57.972172683Z
1647879297.981174,2022-03-21T16:14:58.001261946Z
