1647874759.0779846,2022-03-21T14:59:19.958185216Z
1647874759.0757492,2022-03-21T14:59:19.969580054Z
1647874759.0871072,2022-03-21T14:59:19.976648227Z
1647874759.0938807,2022-03-21T14:59:19.978990846Z
1647874759.0892925,2022-03-21T14:59:19.984603659Z
1647874759.0848536,2022-03-21T14:59:19.989235629Z
1647874759.0825653,2022-03-21T14:59:19.99494664Z
1647874759.1480234,2022-03-21T14:59:20.320137545Z
1647874759.118085,2022-03-21T14:59:20.323764901Z
1647874759.120586,2022-03-21T14:59:20.326782474Z
1647874759.155024,2022-03-21T14:59:20.328078758Z
1647874759.1709585,2022-03-21T14:59:20.330610904Z
1647874759.098569,2022-03-21T14:59:20.334634689Z
1647874759.1060283,2022-03-21T14:59:20.337363267Z
1647874759.0961957,2022-03-21T14:59:20.339047037Z
1647874759.1991389,2022-03-21T14:59:20.341263836Z
1647874759.1640575,2022-03-21T14:59:20.343748489Z
1647874759.1389675,2022-03-21T14:59:20.346352527Z
1647874759.1826746,2022-03-21T14:59:20.349339096Z
1647874759.1108706,2022-03-21T14:59:20.353755402Z
1647874759.1779473,2022-03-21T14:59:20.357547028Z
1647874759.184946,2022-03-21T14:59:20.360972075Z
1647874759.12537,2022-03-21T14:59:20.363254483Z
1647874759.1434982,2022-03-21T14:59:20.369169187Z
1647874759.1872625,2022-03-21T14:59:20.373000449Z
1647874759.1036336,2022-03-21T14:59:20.378148108Z
1647874759.1968148,2022-03-21T14:59:20.385825691Z
1647874759.1298459,2022-03-21T14:59:20.388271534Z
1647874759.1595263,2022-03-21T14:59:20.395603525Z
1647874759.1155894,2022-03-21T14:59:20.398171164Z
1647874759.1230116,2022-03-21T14:59:20.401576191Z
1647874759.0802455,2022-03-21T14:59:20.408802135Z
1647874759.1085527,2022-03-21T14:59:20.41129079Z
1647874759.1503391,2022-03-21T14:59:20.411712139Z
1647874759.1617973,2022-03-21T14:59:20.417787767Z
1647874759.1321187,2022-03-21T14:59:20.424980427Z
1647874759.101142,2022-03-21T14:59:20.428845046Z
1647874759.091619,2022-03-21T14:59:20.429340266Z
1647874759.1756072,2022-03-21T14:59:20.431271866Z
1647874759.1527228,2022-03-21T14:59:20.43359356Z
1647874759.1896446,2022-03-21T14:59:20.435729571Z
1647874759.1366959,2022-03-21T14:59:20.439132776Z
1647874759.1344295,2022-03-21T14:59:20.440944053Z
1647874759.194447,2022-03-21T14:59:20.443164619Z
1647874759.1412516,2022-03-21T14:59:20.446492243Z
1647874759.1663485,2022-03-21T14:59:20.455313816Z
1647874759.1131184,2022-03-21T14:59:20.464088031Z
1647874759.1733377,2022-03-21T14:59:20.467721109Z
1647874759.1275985,2022-03-21T14:59:20.46975334Z
1647874759.2412732,2022-03-21T14:59:20.867917993Z
1647874759.215441,2022-03-21T14:59:20.877416453Z
1647874759.2342165,2022-03-21T14:59:20.879341735Z
1647874759.2248194,2022-03-21T14:59:20.882355324Z
1647874759.1803017,2022-03-21T14:59:20.885904635Z
1647874759.2177842,2022-03-21T14:59:20.89187849Z
1647874759.168697,2022-03-21T14:59:20.89615781Z
1647874759.2201235,2022-03-21T14:59:20.900188962Z
1647874759.2365694,2022-03-21T14:59:20.906383615Z
1647874759.238917,2022-03-21T14:59:20.910811605Z
1647874759.2318773,2022-03-21T14:59:20.914355208Z
1647874759.157284,2022-03-21T14:59:20.918292036Z
1647874759.2295308,2022-03-21T14:59:20.922412796Z
1647874759.201484,2022-03-21T14:59:20.926994075Z
1647874759.2108362,2022-03-21T14:59:20.928748795Z
1647874759.2061267,2022-03-21T14:59:20.93021771Z
1647874759.2224863,2022-03-21T14:59:20.9320983Z
1647874759.2271755,2022-03-21T14:59:20.9384127Z
1647874759.1457424,2022-03-21T14:59:20.940669812Z
1647874759.1919215,2022-03-21T14:59:20.943817719Z
1647874759.2131348,2022-03-21T14:59:20.945840716Z
1647874759.2037702,2022-03-21T14:59:20.950118549Z
1647874759.2084987,2022-03-21T14:59:20.950597847Z
1647874759.3235133,2022-03-21T14:59:21.534171566Z
1647874759.3352673,2022-03-21T14:59:21.536800577Z
1647874759.332872,2022-03-21T14:59:21.547952191Z
1647874759.2436442,2022-03-21T14:59:21.554900798Z
1647874759.2907705,2022-03-21T14:59:21.564196785Z
1647874759.2671804,2022-03-21T14:59:21.565648784Z
1647874759.3305492,2022-03-21T14:59:21.577064628Z
1647874759.307162,2022-03-21T14:59:21.582720245Z
1647874759.2765982,2022-03-21T14:59:21.587037916Z
1647874759.2954898,2022-03-21T14:59:21.590540299Z
1647874759.2648368,2022-03-21T14:59:21.595254551Z
1647874759.3165176,2022-03-21T14:59:21.596688676Z
1647874759.3423765,2022-03-21T14:59:21.60093622Z
1647874759.3118637,2022-03-21T14:59:21.605813928Z
1647874759.3188188,2022-03-21T14:59:21.609111436Z
1647874759.2883925,2022-03-21T14:59:21.61273685Z
1647874759.2554169,2022-03-21T14:59:21.615950003Z
1647874759.2931223,2022-03-21T14:59:21.617947295Z
1647874759.2718797,2022-03-21T14:59:21.622266338Z
1647874759.2742376,2022-03-21T14:59:21.624381734Z
1647874759.314205,2022-03-21T14:59:21.629340069Z
1647874759.2860215,2022-03-21T14:59:21.631437352Z
1647874759.30252,2022-03-21T14:59:21.634366867Z
1647874759.3048596,2022-03-21T14:59:21.636741773Z
1647874759.2577853,2022-03-21T14:59:21.638366287Z
1647874759.2789304,2022-03-21T14:59:21.64254078Z
1647874759.2695467,2022-03-21T14:59:21.645040167Z
1647874759.245975,2022-03-21T14:59:21.649448869Z
1647874759.2812953,2022-03-21T14:59:21.650608275Z
1647874759.2978566,2022-03-21T14:59:21.656222528Z
1647874759.3376462,2022-03-21T14:59:21.658184075Z
1647874759.3282197,2022-03-21T14:59:21.660895984Z
1647874759.3095055,2022-03-21T14:59:21.664278038Z
1647874759.2483394,2022-03-21T14:59:21.666598636Z
1647874759.2836723,2022-03-21T14:59:21.668995818Z
1647874759.2624815,2022-03-21T14:59:21.671226538Z
1647874759.2506783,2022-03-21T14:59:21.673622685Z
1647874759.3400183,2022-03-21T14:59:21.684513091Z
1647874759.3258743,2022-03-21T14:59:21.684950401Z
1647874759.3002045,2022-03-21T14:59:21.688499167Z
1647874759.2601156,2022-03-21T14:59:21.695749608Z
1647874759.253031,2022-03-21T14:59:21.704040726Z
1647874759.321151,2022-03-21T14:59:21.717143348Z
1647874759.5189586,2022-03-21T14:59:22.172910649Z
1647874759.533013,2022-03-21T14:59:22.183233965Z
1647874759.4651098,2022-03-21T14:59:22.200532018Z
1647874759.4395285,2022-03-21T14:59:22.208097795Z
1647874759.5118802,2022-03-21T14:59:22.208884368Z
1647874759.4488199,2022-03-21T14:59:22.209352859Z
1647874759.3995798,2022-03-21T14:59:22.209678428Z
1647874759.34486,2022-03-21T14:59:22.209916919Z
1647874759.3616946,2022-03-21T14:59:22.210992537Z
1647874759.4161365,2022-03-21T14:59:22.215364619Z
1647874759.3757815,2022-03-21T14:59:22.216766315Z
1647874759.4840827,2022-03-21T14:59:22.219391143Z
1647874759.3804874,2022-03-21T14:59:22.222060977Z
1647874759.4534209,2022-03-21T14:59:22.224840767Z
1647874759.502516,2022-03-21T14:59:22.227763223Z
1647874759.389933,2022-03-21T14:59:22.230438817Z
1647874759.4349031,2022-03-21T14:59:22.234475983Z
1647874759.5095203,2022-03-21T14:59:22.237084745Z
1647874759.4325552,2022-03-21T14:59:22.239786688Z
1647874759.3473034,2022-03-21T14:59:22.247987318Z
1647874759.3828459,2022-03-21T14:59:22.250574593Z
1647874759.5048745,2022-03-21T14:59:22.252758045Z
1647874759.4138045,2022-03-21T14:59:22.255830658Z
1647874759.3734062,2022-03-21T14:59:22.257423565Z
1647874759.4674885,2022-03-21T14:59:22.260346602Z
1647874759.4090402,2022-03-21T14:59:22.264844882Z
1647874759.4887016,2022-03-21T14:59:22.266052542Z
1647874759.3593118,2022-03-21T14:59:22.268253023Z
1647874759.4511492,2022-03-21T14:59:22.271400778Z
1647874759.3568041,2022-03-21T14:59:22.274181835Z
1647874759.4817333,2022-03-21T14:59:22.27729562Z
1647874759.4604225,2022-03-21T14:59:22.278895818Z
1647874759.3520849,2022-03-21T14:59:22.282339339Z
1647874759.4066658,2022-03-21T14:59:22.285200004Z
1647874759.411429,2022-03-21T14:59:22.288199995Z
1647874759.3664134,2022-03-21T14:59:22.296641961Z
1647874759.47935,2022-03-21T14:59:22.299151567Z
1647874759.3710494,2022-03-21T14:59:22.299601031Z
1647874759.4302015,2022-03-21T14:59:22.302422431Z
1647874759.5377383,2022-03-21T14:59:22.305306385Z
1647874759.3948298,2022-03-21T14:59:22.309542287Z
1647874759.444151,2022-03-21T14:59:22.311025051Z
1647874759.5212526,2022-03-21T14:59:22.313228373Z
1647874759.3544338,2022-03-21T14:59:22.315579002Z
1647874759.401942,2022-03-21T14:59:22.318570311Z
1647874759.5142515,2022-03-21T14:59:22.32104532Z
1647874759.4769974,2022-03-21T14:59:22.323816259Z
1647874759.3640542,2022-03-21T14:59:22.325728438Z
1647874759.530661,2022-03-21T14:59:22.32766166Z
1647874759.4278474,2022-03-21T14:59:22.330950975Z
1647874759.5001497,2022-03-21T14:59:22.332875218Z
1647874759.3875213,2022-03-21T14:59:22.335934279Z
1647874759.4372365,2022-03-21T14:59:22.338705739Z
1647874759.4627905,2022-03-21T14:59:22.34228644Z
1647874759.3852005,2022-03-21T14:59:22.344663394Z
1647874759.528339,2022-03-21T14:59:22.347511097Z
1647874759.4557056,2022-03-21T14:59:22.349304794Z
1647874759.4255364,2022-03-21T14:59:22.35094804Z
1647874759.5166457,2022-03-21T14:59:22.351136174Z
1647874759.49562,2022-03-21T14:59:22.353543247Z
1647874759.4464421,2022-03-21T14:59:22.355380925Z
1647874759.486402,2022-03-21T14:59:22.358581059Z
1647874759.3497024,2022-03-21T14:59:22.360873511Z
1647874759.4231784,2022-03-21T14:59:22.365101165Z
1647874759.5353858,2022-03-21T14:59:22.367257771Z
1647874759.4746718,2022-03-21T14:59:22.369978408Z
1647874759.397195,2022-03-21T14:59:22.371493646Z
1647874759.4698272,2022-03-21T14:59:22.375775456Z
1647874759.5236278,2022-03-21T14:59:22.378096575Z
1647874759.404309,2022-03-21T14:59:22.380592719Z
1647874759.5072348,2022-03-21T14:59:22.383580148Z
1647874759.4580612,2022-03-21T14:59:22.386310374Z
1647874759.4978814,2022-03-21T14:59:22.3878379Z
1647874759.4208376,2022-03-21T14:59:22.392538489Z
1647874759.493314,2022-03-21T14:59:22.393702409Z
1647874759.3780987,2022-03-21T14:59:22.397217356Z
1647874759.4910026,2022-03-21T14:59:22.399040109Z
1647874759.4418623,2022-03-21T14:59:22.40187001Z
1647874759.3687394,2022-03-21T14:59:22.405284988Z
1647874759.472193,2022-03-21T14:59:22.408893596Z
1647874759.5259836,2022-03-21T14:59:22.41060186Z
1647874759.4184885,2022-03-21T14:59:22.41340614Z
1647874759.3923965,2022-03-21T14:59:22.415159488Z
1647874759.648917,2022-03-21T14:59:23.02805024Z
1647874759.7928019,2022-03-21T14:59:23.043618957Z
1647874759.7717679,2022-03-21T14:59:23.048343399Z
1647874759.7858007,2022-03-21T14:59:23.051775523Z
1647874759.8046672,2022-03-21T14:59:23.055566134Z
1647874759.6962273,2022-03-21T14:59:23.058193863Z
1647874759.7411666,2022-03-21T14:59:23.062268645Z
1647874759.7223299,2022-03-21T14:59:23.066566556Z
1647874759.7599905,2022-03-21T14:59:23.068082213Z
1647874759.6656299,2022-03-21T14:59:23.070068764Z
1647874759.6015236,2022-03-21T14:59:23.078195989Z
1647874759.5565143,2022-03-21T14:59:23.08101756Z
1647874759.731754,2022-03-21T14:59:23.08398385Z
1647874759.6465144,2022-03-21T14:59:23.086639877Z
1647874759.717636,2022-03-21T14:59:23.089632393Z
1647874759.6797101,2022-03-21T14:59:23.094197496Z
1647874759.7364535,2022-03-21T14:59:23.097119055Z
1647874759.698575,2022-03-21T14:59:23.100262428Z
1647874759.7505505,2022-03-21T14:59:23.103583442Z
1647874759.7694328,2022-03-21T14:59:23.105492126Z
1647874759.6345234,2022-03-21T14:59:23.107422536Z
1647874759.6844118,2022-03-21T14:59:23.109728542Z
1647874759.7127237,2022-03-21T14:59:23.111641341Z
1647874759.670354,2022-03-21T14:59:23.114452215Z
1647874759.727044,2022-03-21T14:59:23.115889913Z
1647874759.6891115,2022-03-21T14:59:23.117700579Z
1647874759.7033014,2022-03-21T14:59:23.11909872Z
1647874759.7458403,2022-03-21T14:59:23.12163448Z
1647874759.589766,2022-03-21T14:59:23.125162464Z
1647874759.6369019,2022-03-21T14:59:23.127471647Z
1647874759.7009118,2022-03-21T14:59:23.129057652Z
1647874759.69386,2022-03-21T14:59:23.13348212Z
1647874759.6180031,2022-03-21T14:59:23.133846212Z
1647874759.658518,2022-03-21T14:59:23.138544949Z
1647874759.67269,2022-03-21T14:59:23.139420855Z
1647874759.6914966,2022-03-21T14:59:23.140020616Z
1647874759.7103689,2022-03-21T14:59:23.141597101Z
1647874759.572939,2022-03-21T14:59:23.147553491Z
1647874759.5921133,2022-03-21T14:59:23.14984758Z
1647874759.6561575,2022-03-21T14:59:23.151481516Z
1647874759.5517924,2022-03-21T14:59:23.155101135Z
1647874759.802332,2022-03-21T14:59:23.157209775Z
1647874759.5400748,2022-03-21T14:59:23.160113441Z
1647874759.606238,2022-03-21T14:59:23.161876496Z
1647874759.5705569,2022-03-21T14:59:23.173040321Z
1647874759.7199898,2022-03-21T14:59:23.175204939Z
1647874759.5850585,2022-03-21T14:59:23.177079789Z
1647874759.603908,2022-03-21T14:59:23.179770153Z
1647874759.778818,2022-03-21T14:59:23.181640173Z
1647874759.544784,2022-03-21T14:59:23.183429238Z
1647874759.5612342,2022-03-21T14:59:23.185176994Z
1647874759.5800233,2022-03-21T14:59:23.18725373Z
1647874759.7080173,2022-03-21T14:59:23.192599236Z
1647874759.7529194,2022-03-21T14:59:23.197203269Z
1647874759.5471013,2022-03-21T14:59:23.203744832Z
1647874759.7999303,2022-03-21T14:59:23.204070145Z
1647874759.738817,2022-03-21T14:59:23.20589527Z
1647874759.59683,2022-03-21T14:59:23.206337796Z
1647874759.7246933,2022-03-21T14:59:23.208568559Z
1647874759.7056694,2022-03-21T14:59:23.210708544Z
1647874759.660892,2022-03-21T14:59:23.213154538Z
1647874759.7811298,2022-03-21T14:59:23.216323803Z
1647874759.8069687,2022-03-21T14:59:23.218083632Z
1647874759.5424483,2022-03-21T14:59:23.220055495Z
1647874759.5682123,2022-03-21T14:59:23.223000482Z
1647874759.764707,2022-03-21T14:59:23.225743073Z
1647874759.7293918,2022-03-21T14:59:23.230054088Z
1647874759.7834816,2022-03-21T14:59:23.236172161Z
1647874759.5752983,2022-03-21T14:59:23.238260705Z
1647874759.7975202,2022-03-21T14:59:23.239812294Z
1647874759.653813,2022-03-21T14:59:23.242017749Z
1647874759.6679857,2022-03-21T14:59:23.244347226Z
1647874759.5776653,2022-03-21T14:59:23.246173829Z
1647874759.7765007,2022-03-21T14:59:23.248813488Z
1647874759.6867676,2022-03-21T14:59:23.250342882Z
1647874759.7904954,2022-03-21T14:59:23.252910489Z
1647874759.622691,2022-03-21T14:59:23.257250554Z
1647874759.6417797,2022-03-21T14:59:23.258403189Z
1647874759.6109676,2022-03-21T14:59:23.263901673Z
1647874759.6250417,2022-03-21T14:59:23.267139062Z
1647874759.7152703,2022-03-21T14:59:23.269925854Z
1647874759.7481918,2022-03-21T14:59:23.272665517Z
1647874759.7341027,2022-03-21T14:59:23.276294414Z
1647874759.629796,2022-03-21T14:59:23.278520617Z
1647874759.682063,2022-03-21T14:59:23.281062598Z
1647874759.76707,2022-03-21T14:59:23.283356783Z
1647874759.6133142,2022-03-21T14:59:23.28535082Z
1647874759.79515,2022-03-21T14:59:23.287649854Z
1647874759.599158,2022-03-21T14:59:23.290275063Z
1647874759.58742,2022-03-21T14:59:23.292690102Z
1647874759.6750226,2022-03-21T14:59:23.295204167Z
1647874759.594478,2022-03-21T14:59:23.2978219Z
1647874759.757666,2022-03-21T14:59:23.299313598Z
1647874759.6321483,2022-03-21T14:59:23.301203569Z
1647874759.663255,2022-03-21T14:59:23.303289681Z
1647874759.7623363,2022-03-21T14:59:23.305864263Z
1647874759.6773467,2022-03-21T14:59:23.308919015Z
1647874759.6441307,2022-03-21T14:59:23.311265397Z
1647874759.5823872,2022-03-21T14:59:23.313585481Z
1647874759.8092854,2022-03-21T14:59:23.315520167Z
1647874759.554148,2022-03-21T14:59:23.318394976Z
1647874759.74351,2022-03-21T14:59:23.321819428Z
1647874759.7741256,2022-03-21T14:59:23.32377961Z
1647874759.7881267,2022-03-21T14:59:23.325748305Z
1647874759.5494444,2022-03-21T14:59:23.327661588Z
1647874759.5588698,2022-03-21T14:59:23.330265638Z
1647874759.6156652,2022-03-21T14:59:23.332861808Z
1647874759.5635543,2022-03-21T14:59:23.334852567Z
1647874759.7553189,2022-03-21T14:59:23.336985116Z
1647874759.6274307,2022-03-21T14:59:23.340432403Z
1647874759.639401,2022-03-21T14:59:23.344955685Z
1647874759.6086128,2022-03-21T14:59:23.348987514Z
1647874759.6203349,2022-03-21T14:59:23.352064408Z
1647874759.6513898,2022-03-21T14:59:23.357044647Z
1647874759.5658925,2022-03-21T14:59:23.359425873Z
1647874759.927159,2022-03-21T14:59:23.813419981Z
1647874759.8302794,2022-03-21T14:59:23.82117899Z
1647874760.0621512,2022-03-21T14:59:23.834712413Z
1647874759.8490505,2022-03-21T14:59:23.84233899Z
1647874759.865677,2022-03-21T14:59:23.842987513Z
1647874760.0237184,2022-03-21T14:59:23.845255716Z
1647874760.033127,2022-03-21T14:59:23.851068429Z
1647874760.0409153,2022-03-21T14:59:23.857815307Z
1647874760.0307949,2022-03-21T14:59:23.861134856Z
1647874760.0143437,2022-03-21T14:59:23.864440962Z
1647874759.9412677,2022-03-21T14:59:23.86930466Z
1647874759.8915713,2022-03-21T14:59:23.872798407Z
1647874759.8396678,2022-03-21T14:59:23.875357743Z
1647874760.0503666,2022-03-21T14:59:23.880635781Z
1647874759.8680086,2022-03-21T14:59:23.887965028Z
1647874759.8868659,2022-03-21T14:59:23.890970649Z
1647874759.988406,2022-03-21T14:59:23.893221785Z
1647874760.1209533,2022-03-21T14:59:23.895791286Z
1647874759.8162663,2022-03-21T14:59:23.906715627Z
1647874759.990774,2022-03-21T14:59:23.914241314Z
1647874760.0762758,2022-03-21T14:59:23.916800776Z
1647874760.128268,2022-03-21T14:59:23.920270758Z
1647874759.825614,2022-03-21T14:59:23.921999589Z
1647874759.8515074,2022-03-21T14:59:23.922424997Z
1647874759.8419895,2022-03-21T14:59:23.922762211Z
1647874760.0668602,2022-03-21T14:59:23.923077608Z
1647874759.844341,2022-03-21T14:59:23.92334059Z
1647874759.8939257,2022-03-21T14:59:23.924600032Z
1647874759.8326182,2022-03-21T14:59:23.928492026Z
1647874759.8821793,2022-03-21T14:59:23.929131306Z
1647874759.9554136,2022-03-21T14:59:23.932777059Z
1647874759.9719713,2022-03-21T14:59:23.940271129Z
1647874759.93891,2022-03-21T14:59:23.941766778Z
1647874759.903338,2022-03-21T14:59:23.949672144Z
1647874759.9105675,2022-03-21T14:59:23.951891891Z
1647874760.1258883,2022-03-21T14:59:23.955049159Z
1647874759.8609316,2022-03-21T14:59:23.956639644Z
1647874759.8585575,2022-03-21T14:59:23.958280507Z
1647874759.8774507,2022-03-21T14:59:23.963596816Z
1647874759.9530594,2022-03-21T14:59:23.968387231Z
1647874759.9009767,2022-03-21T14:59:23.971910376Z
1647874760.0480201,2022-03-21T14:59:23.975856361Z
1647874759.946003,2022-03-21T14:59:23.980404771Z
1647874759.8845341,2022-03-21T14:59:23.983203502Z
1647874759.997847,2022-03-21T14:59:23.98627056Z
1647874759.9176793,2022-03-21T14:59:23.989561969Z
1647874760.088019,2022-03-21T14:59:23.99146825Z
1647874759.929507,2022-03-21T14:59:23.994452043Z
1647874759.879822,2022-03-21T14:59:23.997211962Z
1647874759.9080482,2022-03-21T14:59:24.001796499Z
1647874760.009694,2022-03-21T14:59:24.003582761Z
1647874760.1233835,2022-03-21T14:59:24.0062226Z
1647874759.872737,2022-03-21T14:59:24.009322482Z
1647874759.8186,2022-03-21T14:59:24.012385278Z
1647874759.976696,2022-03-21T14:59:24.015491267Z
1647874759.9954798,2022-03-21T14:59:24.022399014Z
1647874760.0432777,2022-03-21T14:59:24.02554834Z
1647874759.986049,2022-03-21T14:59:24.027291371Z
1647874760.026077,2022-03-21T14:59:24.030331096Z
1647874759.9342217,2022-03-21T14:59:24.031830446Z
1647874759.9129195,2022-03-21T14:59:24.037171839Z
1647874760.1186292,2022-03-21T14:59:24.038667312Z
1647874759.9248233,2022-03-21T14:59:24.040860446Z
1647874760.0809524,2022-03-21T14:59:24.041952385Z
1647874760.0833325,2022-03-21T14:59:24.043368563Z
1647874759.9601362,2022-03-21T14:59:24.054162932Z
1647874759.9507344,2022-03-21T14:59:24.065197055Z
1647874760.0120075,2022-03-21T14:59:24.066755459Z
1647874759.9436498,2022-03-21T14:59:24.066993263Z
1647874760.0002112,2022-03-21T14:59:24.067392784Z
1647874759.8116608,2022-03-21T14:59:24.067429313Z
1647874760.0574062,2022-03-21T14:59:24.067740301Z
1647874760.0049236,2022-03-21T14:59:24.068546291Z
1647874759.9365776,2022-03-21T14:59:24.069092884Z
1647874759.9837117,2022-03-21T14:59:24.069515514Z
1647874759.9672582,2022-03-21T14:59:24.06970539Z
1647874759.8372934,2022-03-21T14:59:24.070012786Z
1647874760.0354946,2022-03-21T14:59:24.070294687Z
1647874760.090372,2022-03-21T14:59:24.070446296Z
1647874760.113905,2022-03-21T14:59:24.08353949Z
1647874759.9483597,2022-03-21T14:59:24.089502029Z
1647874759.8703609,2022-03-21T14:59:24.092342749Z
1647874759.9790554,2022-03-21T14:59:24.095209591Z
1647874760.0998209,2022-03-21T14:59:24.096726864Z
1647874759.9153073,2022-03-21T14:59:24.099082531Z
1647874760.1162589,2022-03-21T14:59:24.10143485Z
1647874759.9318664,2022-03-21T14:59:24.102661958Z
1647874760.0950658,2022-03-21T14:59:24.105592766Z
1647874760.1045356,2022-03-21T14:59:24.108783579Z
1647874760.0456624,2022-03-21T14:59:24.10915389Z
1647874760.0550733,2022-03-21T14:59:24.11126264Z
1647874760.1092043,2022-03-21T14:59:24.112541013Z
1647874760.0786376,2022-03-21T14:59:24.114132682Z
1647874759.9931061,2022-03-21T14:59:24.116364861Z
1647874760.1306658,2022-03-21T14:59:24.122796072Z
1647874759.8750951,2022-03-21T14:59:24.124589398Z
1647874760.0974367,2022-03-21T14:59:24.124946606Z
1647874760.0715606,2022-03-21T14:59:24.125183662Z
1647874759.8349695,2022-03-21T14:59:24.125600398Z
1647874760.0190444,2022-03-21T14:59:24.130400765Z
1647874760.052698,2022-03-21T14:59:24.133239592Z
1647874760.0284297,2022-03-21T14:59:24.137122186Z
1647874759.9224458,2022-03-21T14:59:24.13987723Z
1647874759.856207,2022-03-21T14:59:24.143670195Z
1647874760.059787,2022-03-21T14:59:24.145733396Z
1647874759.8538687,2022-03-21T14:59:24.146954398Z
1647874759.8467014,2022-03-21T14:59:24.150977531Z
1647874760.021365,2022-03-21T14:59:24.15383035Z
1647874760.1021783,2022-03-21T14:59:24.156879639Z
1647874759.9056997,2022-03-21T14:59:24.16100803Z
1647874760.111559,2022-03-21T14:59:24.164412228Z
1647874760.0166733,2022-03-21T14:59:24.16725361Z
1647874759.9813783,2022-03-21T14:59:24.170344685Z
1647874759.9648674,2022-03-21T14:59:24.179401509Z
1647874759.823287,2022-03-21T14:59:24.183273139Z
1647874759.9577904,2022-03-21T14:59:24.188199292Z
1647874760.0927427,2022-03-21T14:59:24.189690148Z
1647874759.8962793,2022-03-21T14:59:24.192291208Z
1647874759.813976,2022-03-21T14:59:24.19549255Z
1647874760.073919,2022-03-21T14:59:24.198064801Z
1647874760.085687,2022-03-21T14:59:24.200287619Z
1647874760.0073264,2022-03-21T14:59:24.206011946Z
1647874759.8986514,2022-03-21T14:59:24.20762913Z
1647874760.0645018,2022-03-21T14:59:24.213115427Z
1647874759.9743223,2022-03-21T14:59:24.215265434Z
1647874760.002568,2022-03-21T14:59:24.217748851Z
1647874759.88922,2022-03-21T14:59:24.219812801Z
1647874759.9201307,2022-03-21T14:59:24.221858114Z
1647874760.0378616,2022-03-21T14:59:24.225589861Z
1647874760.1068907,2022-03-21T14:59:24.227493611Z
1647874759.9696338,2022-03-21T14:59:24.231142676Z
1647874759.8208957,2022-03-21T14:59:24.2335019Z
1647874759.9625096,2022-03-21T14:59:24.23463981Z
1647874759.8633037,2022-03-21T14:59:24.240214326Z
1647874760.0692036,2022-03-21T14:59:24.247060631Z
1647874759.8279285,2022-03-21T14:59:24.253787751Z
1647874760.171014,2022-03-21T14:59:24.456974276Z
1647874760.6025498,2022-03-21T14:59:24.465621049Z
1647874760.2509556,2022-03-21T14:59:24.470438209Z
1647874760.5528493,2022-03-21T14:59:24.472735688Z
1647874760.3595486,2022-03-21T14:59:24.476659509Z
1647874760.1779811,2022-03-21T14:59:24.480397686Z
1647874760.2558107,2022-03-21T14:59:24.489401177Z
1647874760.2771196,2022-03-21T14:59:24.494029744Z
1647874760.5575337,2022-03-21T14:59:24.495947297Z
1647874760.5786695,2022-03-21T14:59:24.497010969Z
1647874760.4227664,2022-03-21T14:59:24.499484508Z
1647874760.2228541,2022-03-21T14:59:24.501787654Z
1647874760.5246596,2022-03-21T14:59:24.504884469Z
1647874760.3501277,2022-03-21T14:59:24.506723323Z
1647874760.18501,2022-03-21T14:59:24.510973451Z
1647874760.486133,2022-03-21T14:59:24.512668367Z
1647874760.1945117,2022-03-21T14:59:24.514234874Z
1647874760.4963317,2022-03-21T14:59:24.516923513Z
1647874760.2747655,2022-03-21T14:59:24.519204756Z
1647874760.5762932,2022-03-21T14:59:24.521497888Z
1647874760.3829272,2022-03-21T14:59:24.523315715Z
1647874760.1378136,2022-03-21T14:59:24.526196461Z
1647874760.5954227,2022-03-21T14:59:24.534100878Z
1647874760.4436765,2022-03-21T14:59:24.536145957Z
1647874760.5199049,2022-03-21T14:59:24.541291549Z
1647874760.3641994,2022-03-21T14:59:24.542855903Z
1647874760.2181585,2022-03-21T14:59:24.550036962Z
1647874760.498725,2022-03-21T14:59:24.557592646Z
1647874760.1638687,2022-03-21T14:59:24.559627195Z
1647874760.1968908,2022-03-21T14:59:24.570146004Z
1647874760.4650233,2022-03-21T14:59:24.572024148Z
1647874760.4204187,2022-03-21T14:59:24.578502204Z
1647874760.2933815,2022-03-21T14:59:24.581377425Z
1647874760.2841103,2022-03-21T14:59:24.582635493Z
1647874760.4934063,2022-03-21T14:59:24.585738453Z
1647874760.1921172,2022-03-21T14:59:24.587938681Z
1647874760.5859308,2022-03-21T14:59:24.589069854Z
1647874760.4133418,2022-03-21T14:59:24.592181021Z
1647874760.7662332,2022-03-21T14:59:24.595804548Z
1647874760.7517245,2022-03-21T14:59:24.60106172Z
1647874760.7163455,2022-03-21T14:59:24.609208612Z
1647874760.4910388,2022-03-21T14:59:24.611484457Z
1647874760.1354284,2022-03-21T14:59:24.613583685Z
1647874760.1897347,2022-03-21T14:59:24.620423012Z
1647874761.0846064,2022-03-21T14:59:24.623743745Z
1647874760.4366465,2022-03-21T14:59:24.624890923Z
1647874761.4171414,2022-03-21T14:59:24.631815692Z
1647874760.2629735,2022-03-21T14:59:24.632304944Z
1647874761.3001142,2022-03-21T14:59:24.634316881Z
1647874760.182675,2022-03-21T14:59:24.636657382Z
1647874760.5175822,2022-03-21T14:59:24.637883555Z
1647874760.4157095,2022-03-21T14:59:24.64039047Z
1647874760.5739303,2022-03-21T14:59:24.641770755Z
1647874760.3168888,2022-03-21T14:59:24.643470122Z
1647874760.2724252,2022-03-21T14:59:24.646293787Z
1647874760.4531968,2022-03-21T14:59:24.647865765Z
1647874760.6190956,2022-03-21T14:59:24.648978656Z
1647874760.1520274,2022-03-21T14:59:24.65136837Z
1647874760.3852432,2022-03-21T14:59:24.659235294Z
1647874760.2887545,2022-03-21T14:59:24.659911001Z
1647874760.5906641,2022-03-21T14:59:24.66036657Z
1647874760.3759012,2022-03-21T14:59:24.660697508Z
1647874760.175683,2022-03-21T14:59:24.661250552Z
1647874760.476782,2022-03-21T14:59:24.661796046Z
1647874760.161512,2022-03-21T14:59:24.663111894Z
1647874760.6049027,2022-03-21T14:59:24.665220101Z
1647874760.5010214,2022-03-21T14:59:24.666293529Z
1647874760.4790728,2022-03-21T14:59:24.668027198Z
1647874760.2864292,2022-03-21T14:59:24.670902795Z
1647874760.371172,2022-03-21T14:59:24.673084332Z
1647874760.3524463,2022-03-21T14:59:24.674632068Z
1647874760.387557,2022-03-21T14:59:24.676138788Z
1647874760.2653458,2022-03-21T14:59:24.677798676Z
1647874760.5151803,2022-03-21T14:59:24.679355818Z
1647874760.3051763,2022-03-21T14:59:24.681185598Z
1647874760.2064376,2022-03-21T14:59:24.68283316Z
1647874760.4251063,2022-03-21T14:59:24.684576651Z
1647874760.5079756,2022-03-21T14:59:24.68618558Z
1647874760.4626544,2022-03-21T14:59:24.687842225Z
1647874760.3572075,2022-03-21T14:59:24.689735267Z
1647874760.5883007,2022-03-21T14:59:24.690946274Z
1647874760.2040937,2022-03-21T14:59:24.692478779Z
1647874760.5056164,2022-03-21T14:59:24.694010235Z
1647874760.2205274,2022-03-21T14:59:24.695723001Z
1647874760.5669053,2022-03-21T14:59:24.697376125Z
1647874760.2134979,2022-03-21T14:59:24.699091663Z
1647874760.394542,2022-03-21T14:59:24.700798904Z
1647874760.1873758,2022-03-21T14:59:24.701955011Z
1647874760.488683,2022-03-21T14:59:24.704934326Z
1647874760.53409,2022-03-21T14:59:24.706076152Z
1647874760.2957566,2022-03-21T14:59:24.708224769Z
1647874760.5622551,2022-03-21T14:59:24.710172244Z
1647874760.1425273,2022-03-21T14:59:24.711471962Z
1647874760.3898606,2022-03-21T14:59:24.712671338Z
1647874760.522283,2022-03-21T14:59:24.714098497Z
1647874760.3075233,2022-03-21T14:59:24.715830396Z
1647874760.4320045,2022-03-21T14:59:24.717599822Z
1647874760.43894,2022-03-21T14:59:24.72021454Z
1647874760.4015996,2022-03-21T14:59:24.721290595Z
1647874760.5104277,2022-03-21T14:59:24.723362586Z
1647874760.6072986,2022-03-21T14:59:24.727502763Z
1647874760.208769,2022-03-21T14:59:24.729182547Z
1647874760.1591258,2022-03-21T14:59:24.731300399Z
1647874760.3122406,2022-03-21T14:59:24.732691308Z
1647874760.4603288,2022-03-21T14:59:24.733682975Z
1647874760.1543837,2022-03-21T14:59:24.735377922Z
1647874760.455612,2022-03-21T14:59:24.736454774Z
1647874760.3285217,2022-03-21T14:59:24.737868778Z
1647874760.5293255,2022-03-21T14:59:24.740030548Z
1647874760.2910695,2022-03-21T14:59:24.741217394Z
1647874760.227484,2022-03-21T14:59:24.742951749Z
1647874760.541153,2022-03-21T14:59:24.744913545Z
1647874760.5978131,2022-03-21T14:59:24.746785695Z
1647874760.4483318,2022-03-21T14:59:24.748186094Z
1647874760.592972,2022-03-21T14:59:24.74964582Z
1647874760.3477173,2022-03-21T14:59:24.751105696Z
1647874760.147281,2022-03-21T14:59:24.753172784Z
1647874760.1685724,2022-03-21T14:59:24.755342169Z
1647874760.4697928,2022-03-21T14:59:24.756559374Z
1647874760.4038818,2022-03-21T14:59:24.758367883Z
1647874760.3664901,2022-03-21T14:59:24.759581155Z
1647874760.3993258,2022-03-21T14:59:24.761431655Z
1647874760.6214864,2022-03-21T14:59:24.762648951Z
1647874760.3805537,2022-03-21T14:59:24.764525518Z
1647874760.1448925,2022-03-21T14:59:24.765947837Z
1647874760.319195,2022-03-21T14:59:24.77136752Z
1647874760.2321513,2022-03-21T14:59:24.773335639Z
1647874760.4674373,2022-03-21T14:59:24.775549784Z
1647874760.5598953,2022-03-21T14:59:24.77676707Z
1647874760.4459558,2022-03-21T14:59:24.777726213Z
1647874760.166235,2022-03-21T14:59:24.780101023Z
1647874760.4579828,2022-03-21T14:59:24.781778751Z
1647874760.3969085,2022-03-21T14:59:24.783009275Z
1647874760.3004313,2022-03-21T14:59:24.784774905Z
1647874760.246213,2022-03-21T14:59:24.786293117Z
1647874760.156758,2022-03-21T14:59:24.787907316Z
1647874760.6143973,2022-03-21T14:59:24.790046315Z
1647874760.270053,2022-03-21T14:59:24.792200437Z
1647874760.1992898,2022-03-21T14:59:24.79362289Z
1647874760.2606297,2022-03-21T14:59:24.795284513Z
1647874760.3781993,2022-03-21T14:59:24.796501918Z
1647874760.3450286,2022-03-21T14:59:24.798289457Z
1647874760.5715733,2022-03-21T14:59:24.799917075Z
1647874760.2390935,2022-03-21T14:59:24.801280719Z
1647874760.3735447,2022-03-21T14:59:24.802849531Z
1647874760.3688295,2022-03-21T14:59:24.80435267Z
1647874760.3028078,2022-03-21T14:59:24.805820953Z
1647874760.5269642,2022-03-21T14:59:24.807570154Z
1647874760.1496534,2022-03-21T14:59:24.809322027Z
1647874760.2251382,2022-03-21T14:59:24.810506015Z
1647874760.4062288,2022-03-21T14:59:24.812176708Z
1647874760.4507775,2022-03-21T14:59:24.813659937Z
1647874760.6001902,2022-03-21T14:59:24.814767559Z
1647874760.2297761,2022-03-21T14:59:24.816783802Z
1647874760.2980657,2022-03-21T14:59:24.817938598Z
1647874760.361944,2022-03-21T14:59:24.819975917Z
1647874760.5317419,2022-03-21T14:59:24.82267426Z
1647874760.5364165,2022-03-21T14:59:24.823784209Z
1647874760.309879,2022-03-21T14:59:24.825811766Z
1647874760.234441,2022-03-21T14:59:24.82700036Z
1647874760.2533364,2022-03-21T14:59:24.828697879Z
1647874760.4343448,2022-03-21T14:59:24.830096583Z
1647874760.6120365,2022-03-21T14:59:24.831904327Z
1647874760.3921888,2022-03-21T14:59:24.832960698Z
1647874760.4180572,2022-03-21T14:59:24.834725557Z
1647874760.258222,2022-03-21T14:59:24.835898753Z
1647874760.1330345,2022-03-21T14:59:24.837672654Z
1647874760.236737,2022-03-21T14:59:24.839361484Z
1647874760.5387962,2022-03-21T14:59:24.842545621Z
1647874760.6096783,2022-03-21T14:59:24.843223021Z
1647874760.3548496,2022-03-21T14:59:24.844034218Z
1647874760.3238518,2022-03-21T14:59:24.845614935Z
1647874760.5811136,2022-03-21T14:59:24.847449262Z
1647874760.2794974,2022-03-21T14:59:24.848918754Z
1647874760.5033174,2022-03-21T14:59:24.850570717Z
1647874760.441312,2022-03-21T14:59:24.852262233Z
1647874760.314572,2022-03-21T14:59:24.854102893Z
1647874760.2017148,2022-03-21T14:59:24.855303608Z
1647874760.1401813,2022-03-21T14:59:24.856998222Z
1647874760.6265368,2022-03-21T14:59:24.858762509Z
1647874760.333168,2022-03-21T14:59:24.859884496Z
1647874760.410987,2022-03-21T14:59:24.861562106Z
1647874760.5551775,2022-03-21T14:59:24.86400526Z
1647874760.2111304,2022-03-21T14:59:24.864634246Z
1647874760.5457826,2022-03-21T14:59:24.865505088Z
1647874760.5127847,2022-03-21T14:59:24.867344392Z
1647874760.2438323,2022-03-21T14:59:24.868317952Z
1647874760.408615,2022-03-21T14:59:24.870288834Z
1647874760.3308582,2022-03-21T14:59:24.87240214Z
1647874760.5835328,2022-03-21T14:59:24.873770867Z
1647874760.1733625,2022-03-21T14:59:24.87559705Z
1647874760.2818127,2022-03-21T14:59:24.876793058Z
1647874760.4744403,2022-03-21T14:59:24.878286146Z
1647874760.2414455,2022-03-21T14:59:24.879985657Z
1647874760.543479,2022-03-21T14:59:24.881845864Z
1647874760.1802936,2022-03-21T14:59:24.883068176Z
1647874760.6238406,2022-03-21T14:59:24.885011034Z
1647874760.3355234,2022-03-21T14:59:24.886433526Z
1647874760.3215394,2022-03-21T14:59:24.888903895Z
1647874760.6167543,2022-03-21T14:59:24.890004669Z
1647874760.5481122,2022-03-21T14:59:24.891734174Z
1647874760.4813676,2022-03-21T14:59:24.893373647Z
1647874760.4297228,2022-03-21T14:59:24.894958612Z
1647874760.4721036,2022-03-21T14:59:24.896987575Z
1647874760.3261635,2022-03-21T14:59:24.898630761Z
1647874760.5504806,2022-03-21T14:59:24.900839287Z
1647874760.2485876,2022-03-21T14:59:24.902729981Z
1647874760.5692418,2022-03-21T14:59:24.905559571Z
1647874761.0027742,2022-03-21T14:59:24.906572482Z
1647874761.244066,2022-03-21T14:59:24.907968053Z
1647874760.6524818,2022-03-21T14:59:24.909944105Z
1647874760.8896985,2022-03-21T14:59:24.911708798Z
1647874761.1245127,2022-03-21T14:59:24.91349448Z
1647874760.846845,2022-03-21T14:59:24.91682038Z
1647874760.7258127,2022-03-21T14:59:24.918607534Z
1647874761.082316,2022-03-21T14:59:24.920548639Z
1647874760.9628356,2022-03-21T14:59:24.92193363Z
1647874761.1972501,2022-03-21T14:59:24.924343516Z
1647874760.7685876,2022-03-21T14:59:24.926039133Z
1647874761.0050473,2022-03-21T14:59:24.927784365Z
1647874761.2463825,2022-03-21T14:59:24.929495874Z
1647874761.0496829,2022-03-21T14:59:24.931130094Z
1647874760.8134832,2022-03-21T14:59:24.932756037Z
1647874761.2907743,2022-03-21T14:59:24.934400986Z
1647874760.834994,2022-03-21T14:59:24.936174069Z
1647874760.6406753,2022-03-21T14:59:24.937837653Z
1647874760.8778982,2022-03-21T14:59:24.939547424Z
1647874761.1127496,2022-03-21T14:59:24.943162248Z
1647874760.714023,2022-03-21T14:59:24.94566746Z
1647874760.9510105,2022-03-21T14:59:24.94572458Z
1647874761.1855586,2022-03-21T14:59:24.947344707Z
1647874760.7568064,2022-03-21T14:59:24.948953077Z
1647874761.2346458,2022-03-21T14:59:24.952308013Z
1647874760.7305133,2022-03-21T14:59:24.953903961Z
1647874760.9934387,2022-03-21T14:59:24.954297853Z
1647874761.0869627,2022-03-21T14:59:24.957531921Z
1647874760.9675493,2022-03-21T14:59:24.958903829Z
1647874760.9887311,2022-03-21T14:59:24.96282665Z
1647874761.2019427,2022-03-21T14:59:24.962864742Z
1647874761.2298784,2022-03-21T14:59:24.964823174Z
1647874760.427418,2022-03-21T14:59:24.968041043Z
1647874760.79468,2022-03-21T14:59:24.969263239Z
1647874761.070671,2022-03-21T14:59:24.973399989Z
1647874761.2860527,2022-03-21T14:59:24.974077687Z
1647874761.2720985,2022-03-21T14:59:24.975738064Z
1647874761.0311136,2022-03-21T14:59:24.977197643Z
1647874760.8516061,2022-03-21T14:59:24.978590769Z
1647874760.8610673,2022-03-21T14:59:24.980189078Z
1647874760.6453707,2022-03-21T14:59:24.981877272Z
1647874760.8825998,2022-03-21T14:59:24.985264138Z
1647874760.8088124,2022-03-21T14:59:24.987179534Z
1647874761.0449984,2022-03-21T14:59:24.987766621Z
1647874761.1597,2022-03-21T14:59:24.99091092Z
1647874760.9251966,2022-03-21T14:59:24.991366782Z
1647874760.7022598,2022-03-21T14:59:24.993282829Z
1647874761.11744,2022-03-21T14:59:24.995006281Z
1647874761.1738284,2022-03-21T14:59:24.996944362Z
1647874760.9391987,2022-03-21T14:59:24.998556748Z
1647874760.8040597,2022-03-21T14:59:25.001572385Z
1647874761.2814217,2022-03-21T14:59:25.003564713Z
1647874761.0404084,2022-03-21T14:59:25.005161371Z
1647874760.7781029,2022-03-21T14:59:25.006891021Z
1647874761.2556925,2022-03-21T14:59:25.010595367Z
1647874761.0143194,2022-03-21T14:59:25.010617103Z
1647874760.8586998,2022-03-21T14:59:25.012246978Z
1647874761.0939767,2022-03-21T14:59:25.023550652Z
1647874760.664281,2022-03-21T14:59:25.026427587Z
1647874761.2580032,2022-03-21T14:59:25.028205625Z
1647874760.6477618,2022-03-21T14:59:25.029736339Z
1647874760.8849232,2022-03-21T14:59:25.031975253Z
1647874760.7804842,2022-03-21T14:59:25.03273449Z
1647874760.7281442,2022-03-21T14:59:25.034803471Z
1647874761.1198306,2022-03-21T14:59:25.036991228Z
1647874761.1362185,2022-03-21T14:59:25.037216487Z
1647874760.7376337,2022-03-21T14:59:25.037525472Z
1647874760.9746096,2022-03-21T14:59:25.037609402Z
1647874760.901511,2022-03-21T14:59:25.037702026Z
1647874761.2089992,2022-03-21T14:59:25.037802209Z
1647874761.017167,2022-03-21T14:59:25.037941755Z
1647874760.770994,2022-03-21T14:59:25.038666295Z
1647874761.2487147,2022-03-21T14:59:25.040643349Z
1647874760.844477,2022-03-21T14:59:25.042397332Z
1647874760.9651911,2022-03-21T14:59:25.043927427Z
1647874761.0800397,2022-03-21T14:59:25.047376525Z
1647874760.8872955,2022-03-21T14:59:25.049322797Z
1647874761.1221642,2022-03-21T14:59:25.051837977Z
1647874761.007357,2022-03-21T14:59:25.056250874Z
1647874760.6501398,2022-03-21T14:59:25.056722392Z
1647874760.6952987,2022-03-21T14:59:25.056947204Z
1647874760.9321759,2022-03-21T14:59:25.059261579Z
1647874761.1667619,2022-03-21T14:59:25.060729556Z
1647874760.9533648,2022-03-21T14:59:25.061918663Z
1647874760.267697,2022-03-21T14:59:25.069265875Z
1647874761.0962844,2022-03-21T14:59:25.07179005Z
1647874760.6882222,2022-03-21T14:59:25.073209453Z
1647874760.9793282,2022-03-21T14:59:25.076597443Z
1647874761.2204697,2022-03-21T14:59:25.078191981Z
1647874760.7638764,2022-03-21T14:59:25.079527836Z
1647874761.000454,2022-03-21T14:59:25.080315901Z
1647874761.2417176,2022-03-21T14:59:25.082088542Z
1647874760.8064382,2022-03-21T14:59:25.08393225Z
1647874761.0427036,2022-03-21T14:59:25.085297239Z
1647874761.2837567,2022-03-21T14:59:25.086835227Z
1647874760.820599,2022-03-21T14:59:25.088828555Z
1647874761.0568185,2022-03-21T14:59:25.092495887Z
1647874761.1573246,2022-03-21T14:59:25.09344552Z
1647874760.9228377,2022-03-21T14:59:25.093909231Z
1647874760.7328784,2022-03-21T14:59:25.097068215Z
1647874761.1620252,2022-03-21T14:59:25.100578407Z
1647874761.0916576,2022-03-21T14:59:25.10159036Z
1647874760.6619062,2022-03-21T14:59:25.103416235Z
1647874761.1338658,2022-03-21T14:59:25.106653999Z
1647874760.8991284,2022-03-21T14:59:25.10784931Z
1647874760.7069855,2022-03-21T14:59:25.108740342Z
1647874760.9439154,2022-03-21T14:59:25.1105038Z
1647874761.0241733,2022-03-21T14:59:25.113570252Z
1647874761.2650435,2022-03-21T14:59:25.115406969Z
1647874761.1785464,2022-03-21T14:59:25.115789373Z
1647874760.9038672,2022-03-21T14:59:25.119212818Z
1647874761.066005,2022-03-21T14:59:25.120245919Z
1647874760.6666787,2022-03-21T14:59:25.122031653Z
1647874760.7875738,2022-03-21T14:59:25.124443197Z
1647874761.138577,2022-03-21T14:59:25.125907301Z
1647874760.709318,2022-03-21T14:59:25.1269674Z
1647874760.9462748,2022-03-21T14:59:25.128628599Z
1647874760.7540524,2022-03-21T14:59:25.131847777Z
1647874761.1808867,2022-03-21T14:59:25.131961942Z
1647874760.9910862,2022-03-21T14:59:25.133428037Z
1647874761.2322996,2022-03-21T14:59:25.134780123Z
1647874760.7757535,2022-03-21T14:59:25.136516982Z
1647874761.012006,2022-03-21T14:59:25.138225932Z
1647874760.8181937,2022-03-21T14:59:25.141158951Z
1647874761.0544417,2022-03-21T14:59:25.143964021Z
1647874761.2533784,2022-03-21T14:59:25.144281697Z
1647874760.8920708,2022-03-21T14:59:25.145756445Z
1647874761.1268413,2022-03-21T14:59:25.147400518Z
1647874760.6548388,2022-03-21T14:59:25.148320063Z
1647874760.6976745,2022-03-21T14:59:25.149323612Z
1647874760.9345317,2022-03-21T14:59:25.150783624Z
1647874761.169108,2022-03-21T14:59:25.152639725Z
1647874760.6714966,2022-03-21T14:59:25.15432417Z
1647874760.9086888,2022-03-21T14:59:25.156022157Z
1647874761.1432045,2022-03-21T14:59:25.15741482Z
1647874760.6928983,2022-03-21T14:59:25.159210594Z
1647874760.929881,2022-03-21T14:59:25.160549646Z
1647874761.1643794,2022-03-21T14:59:25.162205845Z
1647874760.7352796,2022-03-21T14:59:25.163765948Z
1647874760.9722672,2022-03-21T14:59:25.165413008Z
1647874761.2066474,2022-03-21T14:59:25.167151891Z
1647874760.7493532,2022-03-21T14:59:25.168813436Z
1647874760.9863718,2022-03-21T14:59:25.17047081Z
1647874761.227507,2022-03-21T14:59:25.171988045Z
1647874760.7922902,2022-03-21T14:59:25.173703087Z
1647874761.0288396,2022-03-21T14:59:25.175500267Z
1647874761.269711,2022-03-21T14:59:25.177357285Z
1647874760.8016772,2022-03-21T14:59:25.178862168Z
1647874761.0380588,2022-03-21T14:59:25.180293317Z
1647874760.8230913,2022-03-21T14:59:25.182191187Z
1647874760.6288974,2022-03-21T14:59:25.183667679Z
1647874760.8659384,2022-03-21T14:59:25.185423607Z
1647874761.1009605,2022-03-21T14:59:25.186956159Z
1647874760.6430314,2022-03-21T14:59:25.188546521Z
1647874760.8802307,2022-03-21T14:59:25.189997068Z
1647874761.0356996,2022-03-21T14:59:25.192676376Z
1647874760.8421032,2022-03-21T14:59:25.195814801Z
1647874761.1150827,2022-03-21T14:59:25.205993362Z
1647874760.7446282,2022-03-21T14:59:25.209049066Z
1647874760.9817057,2022-03-21T14:59:25.210359993Z
1647874761.2228076,2022-03-21T14:59:25.212149805Z
1647874760.718714,2022-03-21T14:59:25.21394483Z
1647874760.9557483,2022-03-21T14:59:25.215395008Z
1647874761.190265,2022-03-21T14:59:25.216769725Z
1647874760.7993205,2022-03-21T14:59:25.21829699Z
1647874761.2767699,2022-03-21T14:59:25.220014917Z
1647874761.0777087,2022-03-21T14:59:25.221698423Z
1647874760.67876,2022-03-21T14:59:25.223498813Z
1647874760.9158313,2022-03-21T14:59:25.225351164Z
1647874760.6858654,2022-03-21T14:59:25.227136363Z
1647874761.2790654,2022-03-21T14:59:25.228797244Z
1647874760.8302553,2022-03-21T14:59:25.230577858Z
1647874761.0591536,2022-03-21T14:59:25.232307311Z
1647874760.93687,2022-03-21T14:59:25.23435919Z
1647874761.1714802,2022-03-21T14:59:25.236087837Z
1647874760.7733734,2022-03-21T14:59:25.237383691Z
1647874761.0096524,2022-03-21T14:59:25.239527146Z
1647874761.25106,2022-03-21T14:59:25.24086152Z
1647874760.8158271,2022-03-21T14:59:25.243026475Z
1647874761.0520828,2022-03-21T14:59:25.244387806Z
1647874761.293072,2022-03-21T14:59:25.245941669Z
1647874760.7899117,2022-03-21T14:59:25.2479474Z
1647874761.0264854,2022-03-21T14:59:25.249252751Z
1647874761.2673836,2022-03-21T14:59:25.251242431Z
1647874760.8111105,2022-03-21T14:59:25.252898777Z
1647874761.0473878,2022-03-21T14:59:25.255058106Z
1647874761.2884011,2022-03-21T14:59:25.256512733Z
1647874760.8539608,2022-03-21T14:59:25.258245519Z
1647874761.1879125,2022-03-21T14:59:25.260481062Z
1647874761.2744138,2022-03-21T14:59:25.262066477Z
1647874760.8397658,2022-03-21T14:59:25.263828963Z
1647874761.075391,2022-03-21T14:59:25.265930539Z
1647874760.7234411,2022-03-21T14:59:25.267876817Z
1647874761.1502373,2022-03-21T14:59:25.269936127Z
1647874760.8755121,2022-03-21T14:59:25.271329081Z
1647874761.0893013,2022-03-21T14:59:25.273321496Z
1647874760.8326488,2022-03-21T14:59:25.27590883Z
1647874760.984061,2022-03-21T14:59:25.277043533Z
1647874761.1315358,2022-03-21T14:59:25.278760431Z
1647874760.65952,2022-03-21T14:59:25.28024715Z
1647874760.9981031,2022-03-21T14:59:25.281883993Z
1647874760.8967664,2022-03-21T14:59:25.284371885Z
1647874760.6811514,2022-03-21T14:59:25.285353409Z
1647874760.9486592,2022-03-21T14:59:25.293613977Z
1647874761.0730274,2022-03-21T14:59:25.294801Z
1647874760.8563325,2022-03-21T14:59:25.299820648Z
1647874761.2251759,2022-03-21T14:59:25.302565508Z
1647874760.7116659,2022-03-21T14:59:25.304025597Z
1647874760.8944228,2022-03-21T14:59:25.30548916Z
1647874760.9604807,2022-03-21T14:59:25.307036049Z
1647874761.1526082,2022-03-21T14:59:25.309485835Z
1647874760.9769406,2022-03-21T14:59:25.31312259Z
1647874760.6359951,2022-03-21T14:59:25.313392752Z
1647874761.0986497,2022-03-21T14:59:25.315602628Z
1647874760.8255167,2022-03-21T14:59:25.31982727Z
1647874761.1455283,2022-03-21T14:59:25.32008285Z
1647874760.8278925,2022-03-21T14:59:25.321623985Z
1647874761.1033351,2022-03-21T14:59:25.325524259Z
1647874761.0218077,2022-03-21T14:59:25.327147145Z
1647874761.2113574,2022-03-21T14:59:25.329786989Z
1647874761.2393622,2022-03-21T14:59:25.331266437Z
1647874761.1926422,2022-03-21T14:59:25.334067037Z
1647874760.6739585,2022-03-21T14:59:25.335848923Z
1647874761.0333877,2022-03-21T14:59:25.337209264Z
1647874761.1478853,2022-03-21T14:59:25.341162118Z
1647874760.870719,2022-03-21T14:59:25.341429325Z
1647874761.1761825,2022-03-21T14:59:25.343391292Z
1647874760.9275527,2022-03-21T14:59:25.345243027Z
1647874760.8635728,2022-03-21T14:59:25.346694091Z
1647874761.0195072,2022-03-21T14:59:25.349161846Z
1647874760.8683155,2022-03-21T14:59:25.35334486Z
1647874760.690534,2022-03-21T14:59:25.354765008Z
1647874760.9110515,2022-03-21T14:59:25.357151845Z
1647874761.0614355,2022-03-21T14:59:25.35879041Z
1647874760.7969778,2022-03-21T14:59:25.361299117Z
1647874761.1831923,2022-03-21T14:59:25.36265377Z
1647874760.9581082,2022-03-21T14:59:25.365134802Z
1647874760.6690447,2022-03-21T14:59:25.366754526Z
1647874760.9205387,2022-03-21T14:59:25.368025384Z
1647874761.108059,2022-03-21T14:59:25.372407051Z
1647874761.1995988,2022-03-21T14:59:25.375040075Z
1647874760.6835,2022-03-21T14:59:25.376088127Z
1647874761.1549723,2022-03-21T14:59:25.377798624Z
1647874760.995808,2022-03-21T14:59:25.381629962Z
1647874760.6383495,2022-03-21T14:59:25.383870386Z
1647874761.2369773,2022-03-21T14:59:25.386633176Z
1647874760.7591784,2022-03-21T14:59:25.390083184Z
1647874761.2043035,2022-03-21T14:59:25.391986309Z
1647874760.9133992,2022-03-21T14:59:25.394660253Z
1647874760.849219,2022-03-21T14:59:25.398647951Z
1647874761.194941,2022-03-21T14:59:25.401104524Z
1647874760.6336837,2022-03-21T14:59:25.402669002Z
1647874760.9415581,2022-03-21T14:59:25.405781256Z
1647874760.7399457,2022-03-21T14:59:25.40765592Z
1647874760.9181817,2022-03-21T14:59:25.41016974Z
1647874761.2603598,2022-03-21T14:59:25.411906331Z
1647874760.7615216,2022-03-21T14:59:25.4146048Z
1647874761.1292138,2022-03-21T14:59:25.415870227Z
1647874761.2627435,2022-03-21T14:59:25.418831057Z
1647874761.1408854,2022-03-21T14:59:25.421526713Z
1647874761.0637136,2022-03-21T14:59:25.423891758Z
1647874760.6999552,2022-03-21T14:59:25.427281281Z
1647874760.7852101,2022-03-21T14:59:25.429839325Z
1647874760.7046504,2022-03-21T14:59:25.431159976Z
1647874760.8373702,2022-03-21T14:59:25.434700255Z
1647874760.8731146,2022-03-21T14:59:25.437277394Z
1647874760.9062805,2022-03-21T14:59:25.439862036Z
1647874760.6571627,2022-03-21T14:59:25.442558905Z
1647874760.7422535,2022-03-21T14:59:25.445148389Z
1647874761.1103818,2022-03-21T14:59:25.445551159Z
1647874760.6313422,2022-03-21T14:59:25.449554307Z
1647874761.105689,2022-03-21T14:59:25.451939146Z
1647874760.721116,2022-03-21T14:59:25.454922715Z
1647874761.0682993,2022-03-21T14:59:25.457632676Z
1647874760.9699006,2022-03-21T14:59:25.460118214Z
1647874760.6763747,2022-03-21T14:59:25.46262812Z
1647874760.5645928,2022-03-21T14:59:25.465034958Z
1647874760.7469978,2022-03-21T14:59:25.465294098Z
1647874760.782861,2022-03-21T14:59:25.47162935Z
1647874761.3329854,2022-03-21T14:59:25.473123415Z
1647874761.4009829,2022-03-21T14:59:25.476306813Z
1647874761.3473487,2022-03-21T14:59:25.479717603Z
1647874761.4194453,2022-03-21T14:59:25.481615433Z
1647874761.3661575,2022-03-21T14:59:25.485096108Z
1647874761.430985,2022-03-21T14:59:25.489109157Z
1647874761.3402483,2022-03-21T14:59:25.493042865Z
1647874761.3118181,2022-03-21T14:59:25.496735411Z
1647874760.483755,2022-03-21T14:59:25.497776151Z
1647874761.3427038,2022-03-21T14:59:25.499731448Z
1647874761.361403,2022-03-21T14:59:25.503610494Z
1647874761.4332554,2022-03-21T14:59:25.505978647Z
1647874761.3188784,2022-03-21T14:59:25.507243074Z
1647874761.437917,2022-03-21T14:59:25.509443169Z
1647874761.387074,2022-03-21T14:59:25.513653028Z
1647874761.3708239,2022-03-21T14:59:25.516077806Z
1647874761.4424427,2022-03-21T14:59:25.517371076Z
1647874761.3543267,2022-03-21T14:59:25.527578991Z
1647874761.36853,2022-03-21T14:59:25.532190773Z
1647874761.4355733,2022-03-21T14:59:25.535101691Z
1647874760.215826,2022-03-21T14:59:25.538614193Z
1647874761.382354,2022-03-21T14:59:25.542102902Z
1647874761.2977784,2022-03-21T14:59:25.54384819Z
1647874761.3776991,2022-03-21T14:59:25.546836268Z
1647874761.3235435,2022-03-21T14:59:25.548926055Z
1647874761.3963187,2022-03-21T14:59:25.553182532Z
1647874761.3071601,2022-03-21T14:59:25.555772533Z
1647874761.373181,2022-03-21T14:59:25.557581308Z
1647874761.410129,2022-03-21T14:59:25.560865854Z
1647874761.42172,2022-03-21T14:59:25.563059998Z
1647874761.3258977,2022-03-21T14:59:25.565743947Z
1647874761.3799863,2022-03-21T14:59:25.568328162Z
1647874761.3847458,2022-03-21T14:59:25.570330025Z
1647874761.375509,2022-03-21T14:59:25.573372321Z
1647874761.3165212,2022-03-21T14:59:25.576014781Z
1647874761.3378918,2022-03-21T14:59:25.579118111Z
1647874761.2954,2022-03-21T14:59:25.581371163Z
1647874761.309484,2022-03-21T14:59:25.583528118Z
1647874761.4147732,2022-03-21T14:59:25.586481361Z
1647874761.3519673,2022-03-21T14:59:25.589402494Z
1647874761.4124525,2022-03-21T14:59:25.591509336Z
1647874761.304834,2022-03-21T14:59:25.594039191Z
1647874761.3590431,2022-03-21T14:59:25.597559103Z
1647874761.31418,2022-03-21T14:59:25.599230911Z
1647874761.3450284,2022-03-21T14:59:25.601847622Z
1647874761.3211918,2022-03-21T14:59:25.604668005Z
1647874761.4032857,2022-03-21T14:59:25.608027593Z
1647874761.4287047,2022-03-21T14:59:25.610816514Z
1647874761.3916929,2022-03-21T14:59:25.613374097Z
1647874761.3894033,2022-03-21T14:59:25.615615519Z
1647874761.424055,2022-03-21T14:59:25.618412247Z
1647874761.3306594,2022-03-21T14:59:25.621123365Z
1647874761.335372,2022-03-21T14:59:25.623033995Z
1647874761.3024795,2022-03-21T14:59:25.626022877Z
1647874761.407811,2022-03-21T14:59:25.628693247Z
1647874761.349664,2022-03-21T14:59:25.62889592Z
1647874761.3939867,2022-03-21T14:59:25.632552818Z
1647874761.4264338,2022-03-21T14:59:25.633497909Z
1647874761.3637855,2022-03-21T14:59:25.636190426Z
1647874761.440165,2022-03-21T14:59:25.639871386Z
1647874761.3986378,2022-03-21T14:59:25.643177459Z
1647874761.356714,2022-03-21T14:59:25.643549207Z
1647874761.4055293,2022-03-21T14:59:25.644768916Z
1647874761.3282585,2022-03-21T14:59:25.646683099Z
