1647878995.2034423,2022-03-21T16:09:55.343342255Z
1647878995.228789,2022-03-21T16:09:55.372540369Z
1647878995.254382,2022-03-21T16:09:55.400807598Z
1647878995.2800086,2022-03-21T16:09:55.425868257Z
1647878995.3312218,2022-03-21T16:09:55.428081855Z
1647878995.3056157,2022-03-21T16:09:55.430677704Z
1647878995.3823354,2022-03-21T16:09:55.434178524Z
1647878995.3567646,2022-03-21T16:09:55.437522338Z
1647878995.4079206,2022-03-21T16:09:55.441170537Z
1647878995.4334316,2022-03-21T16:09:55.450445135Z
1647878995.4590304,2022-03-21T16:09:55.47356798Z
1647878995.4846013,2022-03-21T16:09:55.499044655Z
1647878995.510199,2022-03-21T16:09:55.54114924Z
1647878995.5357792,2022-03-21T16:09:55.573608083Z
1647878995.561351,2022-03-21T16:09:55.592837871Z
1647878995.586967,2022-03-21T16:09:55.619508466Z
1647878995.6125455,2022-03-21T16:09:55.637539102Z
1647878995.6381385,2022-03-21T16:09:55.651112618Z
1647878995.6637585,2022-03-21T16:09:55.680115956Z
1647878995.6893191,2022-03-21T16:09:55.754309978Z
1647878995.7148805,2022-03-21T16:09:55.768780208Z
1647878995.7405076,2022-03-21T16:09:55.772716586Z
1647878995.7660232,2022-03-21T16:09:55.782471791Z
1647878995.7916305,2022-03-21T16:09:55.803000417Z
1647878995.8171935,2022-03-21T16:09:55.832577532Z
1647878995.8426816,2022-03-21T16:09:55.860817957Z
1647878995.8682497,2022-03-21T16:09:55.888534727Z
1647878995.8938835,2022-03-21T16:09:55.918809774Z
1647878995.9194486,2022-03-21T16:09:55.939534738Z
1647878995.9450703,2022-03-21T16:09:55.960330646Z
1647878995.970716,2022-03-21T16:09:55.989921312Z
1647878995.9963226,2022-03-21T16:09:56.011084517Z
1647878996.021954,2022-03-21T16:09:56.036120945Z
1647878996.0475564,2022-03-21T16:09:56.068670853Z
1647878996.0731273,2022-03-21T16:09:56.091118107Z
1647878996.0987728,2022-03-21T16:09:56.12055061Z
1647878996.1243832,2022-03-21T16:09:56.147288414Z
1647878996.149931,2022-03-21T16:09:56.173910977Z
1647878996.175522,2022-03-21T16:09:56.195881167Z
1647878996.2010365,2022-03-21T16:09:56.220618573Z
1647878996.2266269,2022-03-21T16:09:56.24811042Z
1647878996.252136,2022-03-21T16:09:56.268280911Z
1647878996.2777574,2022-03-21T16:09:56.294828891Z
1647878996.3033319,2022-03-21T16:09:56.320305026Z
1647878996.3289351,2022-03-21T16:09:56.34628954Z
1647878996.354551,2022-03-21T16:09:56.378670307Z
1647878996.3801103,2022-03-21T16:09:56.395192623Z
1647878996.4057438,2022-03-21T16:09:56.421934132Z
1647878996.4313443,2022-03-21T16:09:56.449875441Z
1647878996.4569025,2022-03-21T16:09:56.472861641Z
1647878996.4825544,2022-03-21T16:09:56.502505528Z
1647878996.5081549,2022-03-21T16:09:56.522978475Z
1647878996.5337892,2022-03-21T16:09:56.557438282Z
1647878996.5593884,2022-03-21T16:09:56.587375762Z
1647878996.5850146,2022-03-21T16:09:56.609390407Z
1647878996.610587,2022-03-21T16:09:56.632609197Z
1647878996.6361947,2022-03-21T16:09:56.653341928Z
1647878996.6618073,2022-03-21T16:09:56.683010228Z
1647878996.6874034,2022-03-21T16:09:56.700647726Z
1647878996.7130146,2022-03-21T16:09:56.727307754Z
1647878996.7386982,2022-03-21T16:09:56.757166134Z
1647878996.764323,2022-03-21T16:09:56.778373213Z
1647878996.7899697,2022-03-21T16:09:56.808188013Z
1647878996.8155699,2022-03-21T16:09:56.835794379Z
1647878996.841171,2022-03-21T16:09:56.85689987Z
1647878996.8667884,2022-03-21T16:09:56.886197389Z
1647878996.8923516,2022-03-21T16:09:56.908433857Z
1647878996.9179647,2022-03-21T16:09:56.933675176Z
1647878996.9435635,2022-03-21T16:09:56.967624762Z
1647878996.96913,2022-03-21T16:09:56.998610253Z
1647878996.9947236,2022-03-21T16:09:57.0202864Z
1647878997.020282,2022-03-21T16:09:57.038475776Z
1647878997.045904,2022-03-21T16:09:57.062860743Z
1647878997.0715191,2022-03-21T16:09:57.094379604Z
1647878997.097076,2022-03-21T16:09:57.115421032Z
1647878997.1227324,2022-03-21T16:09:57.138549242Z
1647878997.1483057,2022-03-21T16:09:57.176019663Z
1647878997.1738856,2022-03-21T16:09:57.198441742Z
1647878997.1995018,2022-03-21T16:09:57.219326361Z
1647878997.2251325,2022-03-21T16:09:57.242144616Z
1647878997.250777,2022-03-21T16:09:57.268360058Z
1647878997.2763433,2022-03-21T16:09:57.293213688Z
1647878997.3019779,2022-03-21T16:09:57.320490484Z
1647878997.327577,2022-03-21T16:09:57.345971383Z
1647878997.3531458,2022-03-21T16:09:57.368898871Z
1647878997.3787832,2022-03-21T16:09:57.40152975Z
1647878997.4043446,2022-03-21T16:09:57.423822962Z
1647878997.429933,2022-03-21T16:09:57.44454756Z
1647878997.4554355,2022-03-21T16:09:57.484509251Z
1647878997.4809911,2022-03-21T16:09:57.504486594Z
1647878997.506596,2022-03-21T16:09:57.53075686Z
1647878997.5321903,2022-03-21T16:09:57.550679106Z
1647878997.5577264,2022-03-21T16:09:57.576669373Z
1647878997.5838451,2022-03-21T16:09:57.599896987Z
1647878997.6093545,2022-03-21T16:09:57.623300277Z
1647878997.6349788,2022-03-21T16:09:57.648470058Z
1647878997.6605506,2022-03-21T16:09:57.677988752Z
1647878997.6861165,2022-03-21T16:09:57.701944207Z
1647878997.7116706,2022-03-21T16:09:57.733696579Z
1647878997.7371762,2022-03-21T16:09:57.753512015Z
1647878997.7627568,2022-03-21T16:09:57.778002651Z
1647878997.7883112,2022-03-21T16:09:57.813541303Z
1647878997.813959,2022-03-21T16:09:57.832923806Z
1647878997.8395648,2022-03-21T16:09:57.863043191Z
1647878997.8651295,2022-03-21T16:09:57.881081819Z
1647878997.890765,2022-03-21T16:09:57.90860017Z
1647878997.9163282,2022-03-21T16:09:57.932236998Z
1647878997.941943,2022-03-21T16:09:57.964741649Z
1647878997.96752,2022-03-21T16:09:57.983493791Z
1647878997.9931264,2022-03-21T16:09:58.013482688Z
1647878998.0187664,2022-03-21T16:09:58.034559731Z
1647878998.0443254,2022-03-21T16:09:58.060087203Z
1647878998.0699134,2022-03-21T16:09:58.084219544Z
1647878998.0955474,2022-03-21T16:09:58.11489836Z
1647878998.1211534,2022-03-21T16:09:58.134643714Z
1647878998.1467948,2022-03-21T16:09:58.160744572Z
1647878998.1723473,2022-03-21T16:09:58.188382382Z
1647878998.1979318,2022-03-21T16:09:58.212268571Z
1647878998.2235584,2022-03-21T16:09:58.239640651Z
1647878998.249162,2022-03-21T16:09:58.265277357Z
1647878998.2747574,2022-03-21T16:09:58.289635106Z
1647878998.3004506,2022-03-21T16:09:58.314079145Z
1647878998.3260653,2022-03-21T16:09:58.340413592Z
1647878998.3516638,2022-03-21T16:09:58.369595428Z
1647878998.3771617,2022-03-21T16:09:58.406805906Z
1647878998.402798,2022-03-21T16:09:58.424333732Z
1647878998.428363,2022-03-21T16:09:58.450365179Z
1647878998.4538636,2022-03-21T16:09:58.467177826Z
1647878998.4794178,2022-03-21T16:09:58.493232611Z
1647878998.505054,2022-03-21T16:09:58.519148029Z
1647878998.5307102,2022-03-21T16:09:58.548155654Z
1647878998.5563154,2022-03-21T16:09:58.573995904Z
1647878998.5819113,2022-03-21T16:09:58.599515738Z
1647878998.607509,2022-03-21T16:09:58.621804951Z
1647878998.6331346,2022-03-21T16:09:58.651719868Z
1647878998.658755,2022-03-21T16:09:58.677381684Z
1647878998.684331,2022-03-21T16:09:58.703389649Z
1647878998.7098851,2022-03-21T16:09:58.727107769Z
1647878998.7355015,2022-03-21T16:09:58.753367924Z
1647878998.761141,2022-03-21T16:09:58.780059234Z
1647878998.7867346,2022-03-21T16:09:58.802956343Z
1647878998.8123384,2022-03-21T16:09:58.832909855Z
1647878998.8379247,2022-03-21T16:09:58.851808945Z
1647878998.863565,2022-03-21T16:09:58.881909431Z
1647878998.8891225,2022-03-21T16:09:58.906750211Z
1647878998.9147618,2022-03-21T16:09:58.929449357Z
1647878998.940309,2022-03-21T16:09:58.954290378Z
1647878998.9658983,2022-03-21T16:09:58.982108117Z
1647878998.9914389,2022-03-21T16:09:59.00965242Z
1647878999.0171247,2022-03-21T16:09:59.03108934Z
1647878999.0427616,2022-03-21T16:09:59.061427985Z
1647878999.0683682,2022-03-21T16:09:59.085978243Z
1647878999.0939622,2022-03-21T16:09:59.115543682Z
1647878999.1195786,2022-03-21T16:09:59.134965833Z
1647878999.145175,2022-03-21T16:09:59.165424526Z
1647878999.1707866,2022-03-21T16:09:59.186583523Z
1647878999.196342,2022-03-21T16:09:59.212833917Z
1647878999.2219605,2022-03-21T16:09:59.238681145Z
1647878999.2475727,2022-03-21T16:09:59.266130006Z
1647878999.273194,2022-03-21T16:09:59.289527459Z
1647878999.2987854,2022-03-21T16:09:59.313022608Z
1647878999.3243916,2022-03-21T16:09:59.339904752Z
1647878999.3500633,2022-03-21T16:09:59.365139642Z
1647878999.3756707,2022-03-21T16:09:59.390157512Z
1647878999.4012272,2022-03-21T16:09:59.415572022Z
1647878999.426858,2022-03-21T16:09:59.440243114Z
1647878999.4524305,2022-03-21T16:09:59.465474931Z
1647878999.4780247,2022-03-21T16:09:59.490986919Z
1647878999.5036361,2022-03-21T16:09:59.517038571Z
1647878999.5292368,2022-03-21T16:09:59.541176695Z
1647878999.554873,2022-03-21T16:09:59.570498183Z
1647878999.5804405,2022-03-21T16:09:59.598172693Z
1647878999.6060271,2022-03-21T16:09:59.620506079Z
1647878999.6315942,2022-03-21T16:09:59.646346349Z
1647878999.6571753,2022-03-21T16:09:59.672221571Z
1647878999.6828065,2022-03-21T16:09:59.69873511Z
1647878999.7083452,2022-03-21T16:09:59.724516939Z
1647878999.7340076,2022-03-21T16:09:59.751305315Z
1647878999.7595847,2022-03-21T16:09:59.775362664Z
1647878999.7851985,2022-03-21T16:09:59.800210968Z
1647878999.8108017,2022-03-21T16:09:59.830455147Z
1647878999.8364,2022-03-21T16:09:59.867268244Z
1647878999.8619835,2022-03-21T16:09:59.878781478Z
1647878999.8875868,2022-03-21T16:09:59.902481688Z
1647878999.9131706,2022-03-21T16:09:59.928129708Z
1647878999.93882,2022-03-21T16:09:59.952082782Z
1647878999.964385,2022-03-21T16:09:59.978234787Z
1647878999.9900277,2022-03-21T16:10:00.006157135Z
1647879000.0155396,2022-03-21T16:10:00.030816343Z
1647879000.0411205,2022-03-21T16:10:00.055797569Z
1647879000.0667164,2022-03-21T16:10:00.083722291Z
1647879000.092313,2022-03-21T16:10:00.105589443Z
1647879000.1178336,2022-03-21T16:10:00.13378477Z
1647879000.1433842,2022-03-21T16:10:00.169738838Z
1647879000.1689894,2022-03-21T16:10:00.189886886Z
1647879000.1946254,2022-03-21T16:10:00.212201758Z
1647879000.2202153,2022-03-21T16:10:00.238440618Z
1647879000.2457688,2022-03-21T16:10:00.266875787Z
1647879000.271335,2022-03-21T16:10:00.297963371Z
1647879000.2969272,2022-03-21T16:10:00.311161973Z
1647879000.3226268,2022-03-21T16:10:00.334912405Z
1647879000.3481252,2022-03-21T16:10:00.360591752Z
1647879000.3737636,2022-03-21T16:10:00.387872073Z
1647879000.3993218,2022-03-21T16:10:00.412423763Z
1647879000.4249196,2022-03-21T16:10:00.449058739Z
1647879000.4505658,2022-03-21T16:10:00.475023123Z
1647879000.4761448,2022-03-21T16:10:00.491031689Z
1647879000.5017667,2022-03-21T16:10:00.515268516Z
1647879000.5273461,2022-03-21T16:10:00.54292081Z
1647879000.5529644,2022-03-21T16:10:00.571431977Z
1647879000.5785966,2022-03-21T16:10:00.593911834Z
1647879000.604204,2022-03-21T16:10:00.620069249Z
1647879000.6297786,2022-03-21T16:10:00.643822039Z
1647879000.6553307,2022-03-21T16:10:00.673184801Z
1647879000.6809804,2022-03-21T16:10:00.696175873Z
1647879000.7065895,2022-03-21T16:10:00.719325252Z
1647879000.732169,2022-03-21T16:10:00.750526266Z
1647879000.757653,2022-03-21T16:10:00.771586565Z
1647879000.7832537,2022-03-21T16:10:00.79652646Z
1647879000.8088903,2022-03-21T16:10:00.820905993Z
1647879000.8345544,2022-03-21T16:10:00.847137729Z
1647879000.8601794,2022-03-21T16:10:00.873755028Z
1647879000.8857937,2022-03-21T16:10:00.899727986Z
1647879000.9113777,2022-03-21T16:10:00.930218504Z
1647879000.9369607,2022-03-21T16:10:00.950504328Z
1647879000.9625754,2022-03-21T16:10:00.975170026Z
1647879000.988147,2022-03-21T16:10:01.005798096Z
1647879001.013787,2022-03-21T16:10:01.032006589Z
1647879001.0394065,2022-03-21T16:10:01.057248765Z
1647879001.0650458,2022-03-21T16:10:01.081665963Z
1647879001.0907109,2022-03-21T16:10:01.10961875Z
1647879001.116291,2022-03-21T16:10:01.132357695Z
1647879001.1418824,2022-03-21T16:10:01.172746907Z
1647879001.167517,2022-03-21T16:10:01.189085169Z
1647879001.1931417,2022-03-21T16:10:01.212893436Z
1647879001.2187655,2022-03-21T16:10:01.233137844Z
1647879001.2443821,2022-03-21T16:10:01.272116214Z
1647879001.2700653,2022-03-21T16:10:01.297033384Z
1647879001.295705,2022-03-21T16:10:01.3163646Z
1647879001.321272,2022-03-21T16:10:01.338269958Z
1647879001.3469868,2022-03-21T16:10:01.364147398Z
1647879001.3725333,2022-03-21T16:10:01.389378769Z
1647879001.3981376,2022-03-21T16:10:01.416184302Z
1647879001.4237702,2022-03-21T16:10:01.438841154Z
1647879001.4493675,2022-03-21T16:10:01.476246801Z
1647879001.4749813,2022-03-21T16:10:01.509137399Z
1647879001.5005236,2022-03-21T16:10:01.541030859Z
1647879001.526562,2022-03-21T16:10:01.554782741Z
1647879001.552048,2022-03-21T16:10:01.570534856Z
1647879001.5775578,2022-03-21T16:10:01.592804896Z
1647879001.6030447,2022-03-21T16:10:01.617470235Z
1647879001.628565,2022-03-21T16:10:01.642003095Z
1647879001.6540573,2022-03-21T16:10:01.667497012Z
1647879001.6796842,2022-03-21T16:10:01.697003651Z
1647879001.7052755,2022-03-21T16:10:01.719781009Z
1647879001.7309022,2022-03-21T16:10:01.748659148Z
1647879001.7565117,2022-03-21T16:10:01.773645305Z
1647879001.7821057,2022-03-21T16:10:01.799497012Z
1647879001.807616,2022-03-21T16:10:01.824270413Z
1647879001.8331707,2022-03-21T16:10:01.85507771Z
1647879001.8587945,2022-03-21T16:10:01.879391973Z
1647879001.8843656,2022-03-21T16:10:01.902901862Z
1647879001.9103274,2022-03-21T16:10:01.927943944Z
1647879001.9359186,2022-03-21T16:10:01.951899078Z
1647879001.9615035,2022-03-21T16:10:01.976782481Z
1647879001.9871054,2022-03-21T16:10:02.011355315Z
1647879002.0126748,2022-03-21T16:10:02.029860127Z
1647879002.0381947,2022-03-21T16:10:02.053680493Z
1647879002.0637882,2022-03-21T16:10:02.078428553Z
1647879002.089392,2022-03-21T16:10:02.10402063Z
1647879002.1150286,2022-03-21T16:10:02.130112054Z
1647879002.1406324,2022-03-21T16:10:02.153949466Z
1647879002.1662214,2022-03-21T16:10:02.177978832Z
1647879002.1918163,2022-03-21T16:10:02.207589199Z
1647879002.2172759,2022-03-21T16:10:02.232917441Z
1647879002.242705,2022-03-21T16:10:02.259803767Z
1647879002.2682197,2022-03-21T16:10:02.281345034Z
1647879002.2938027,2022-03-21T16:10:02.306932634Z
1647879002.3192909,2022-03-21T16:10:02.332861777Z
1647879002.344828,2022-03-21T16:10:02.358767332Z
1647879002.3703005,2022-03-21T16:10:02.383330527Z
1647879002.3959372,2022-03-21T16:10:02.418974265Z
1647879002.4214845,2022-03-21T16:10:02.438780086Z
1647879002.4470792,2022-03-21T16:10:02.466822539Z
1647879002.4726558,2022-03-21T16:10:02.489837865Z
1647879002.498206,2022-03-21T16:10:02.516175529Z
1647879002.523779,2022-03-21T16:10:02.540734544Z
1647879002.549358,2022-03-21T16:10:02.56522759Z
1647879002.5749826,2022-03-21T16:10:02.59037445Z
1647879002.6005778,2022-03-21T16:10:02.620537701Z
1647879002.626819,2022-03-21T16:10:02.640958875Z
1647879002.6523485,2022-03-21T16:10:02.667621967Z
1647879002.677915,2022-03-21T16:10:02.693346054Z
1647879002.7035415,2022-03-21T16:10:02.717445561Z
1647879002.7291296,2022-03-21T16:10:02.746305848Z
1647879002.7546628,2022-03-21T16:10:02.769693586Z
1647879002.780228,2022-03-21T16:10:02.797385474Z
1647879002.8058128,2022-03-21T16:10:02.823430966Z
1647879002.8314128,2022-03-21T16:10:02.862340291Z
1647879002.856928,2022-03-21T16:10:02.887022953Z
1647879002.88253,2022-03-21T16:10:02.90815508Z
1647879002.9080555,2022-03-21T16:10:02.928236056Z
1647879002.9336417,2022-03-21T16:10:02.950427934Z
1647879002.959197,2022-03-21T16:10:02.975422384Z
1647879002.9847853,2022-03-21T16:10:03.000947945Z
1647879003.0104048,2022-03-21T16:10:03.026487621Z
1647879003.0359797,2022-03-21T16:10:03.051769096Z
1647879003.0615633,2022-03-21T16:10:03.077996345Z
1647879003.0871284,2022-03-21T16:10:03.10184081Z
1647879003.1127625,2022-03-21T16:10:03.129196748Z
1647879003.1384065,2022-03-21T16:10:03.158104671Z
1647879003.1639323,2022-03-21T16:10:03.19004712Z
1647879003.1895106,2022-03-21T16:10:03.205643165Z
1647879003.2150624,2022-03-21T16:10:03.234390558Z
1647879003.2406707,2022-03-21T16:10:03.258030186Z
1647879003.2662702,2022-03-21T16:10:03.282222473Z
1647879003.2919147,2022-03-21T16:10:03.307581752Z
1647879003.3174329,2022-03-21T16:10:03.334307825Z
1647879003.3435225,2022-03-21T16:10:03.35886934Z
1647879003.3690667,2022-03-21T16:10:03.382964814Z
1647879003.3946843,2022-03-21T16:10:03.40992966Z
1647879003.4202821,2022-03-21T16:10:03.435028698Z
1647879003.445909,2022-03-21T16:10:03.463101292Z
1647879003.4713898,2022-03-21T16:10:03.487843122Z
1647879003.4968846,2022-03-21T16:10:03.51288578Z
1647879003.5225542,2022-03-21T16:10:03.538171289Z
1647879003.54811,2022-03-21T16:10:03.563932498Z
1647879003.573699,2022-03-21T16:10:03.59221249Z
1647879003.5992699,2022-03-21T16:10:03.616059054Z
1647879003.6248853,2022-03-21T16:10:03.639962424Z
1647879003.650455,2022-03-21T16:10:03.670737837Z
1647879003.6760223,2022-03-21T16:10:03.695309801Z
1647879003.7016296,2022-03-21T16:10:03.723017197Z
1647879003.7271898,2022-03-21T16:10:03.75100878Z
1647879003.7527483,2022-03-21T16:10:03.772484521Z
1647879003.778254,2022-03-21T16:10:03.808225662Z
1647879003.80386,2022-03-21T16:10:03.829259529Z
1647879003.8294067,2022-03-21T16:10:03.859437718Z
1647879003.8549883,2022-03-21T16:10:03.86990219Z
1647879003.8805654,2022-03-21T16:10:03.895524336Z
1647879003.906145,2022-03-21T16:10:03.918312504Z
1647879003.931778,2022-03-21T16:10:03.947615508Z
1647879003.9573758,2022-03-21T16:10:03.972596317Z
1647879003.9829679,2022-03-21T16:10:04.014419414Z
1647879004.0085545,2022-03-21T16:10:04.026891669Z
1647879004.0341532,2022-03-21T16:10:04.049591707Z
1647879004.059934,2022-03-21T16:10:04.079379967Z
1647879004.0855591,2022-03-21T16:10:04.103820318Z
1647879004.111159,2022-03-21T16:10:04.129186377Z
1647879004.1367922,2022-03-21T16:10:04.151017249Z
1647879004.1624355,2022-03-21T16:10:04.177125899Z
1647879004.1880245,2022-03-21T16:10:04.208369962Z
1647879004.2135475,2022-03-21T16:10:04.230581914Z
1647879004.2391486,2022-03-21T16:10:04.256844817Z
1647879004.2647686,2022-03-21T16:10:04.287315838Z
1647879004.2903569,2022-03-21T16:10:04.305862615Z
1647879004.3159866,2022-03-21T16:10:04.333800254Z
1647879004.3415494,2022-03-21T16:10:04.357690141Z
1647879004.3671436,2022-03-21T16:10:04.381904444Z
1647879004.392829,2022-03-21T16:10:04.408940029Z
1647879004.4184914,2022-03-21T16:10:04.434490135Z
1647879004.4440968,2022-03-21T16:10:04.460043019Z
1647879004.469654,2022-03-21T16:10:04.485403872Z
1647879004.495163,2022-03-21T16:10:04.511470103Z
1647879004.520792,2022-03-21T16:10:04.537133241Z
1647879004.5464334,2022-03-21T16:10:04.562832322Z
1647879004.5720189,2022-03-21T16:10:04.59421566Z
1647879004.597561,2022-03-21T16:10:04.61454427Z
1647879004.623101,2022-03-21T16:10:04.641845431Z
1647879004.6486669,2022-03-21T16:10:04.668322882Z
1647879004.674227,2022-03-21T16:10:04.690855977Z
1647879004.6998153,2022-03-21T16:10:04.714828331Z
1647879004.7253878,2022-03-21T16:10:04.740824376Z
1647879004.750992,2022-03-21T16:10:04.767814596Z
1647879004.7766733,2022-03-21T16:10:04.790761742Z
1647879004.802246,2022-03-21T16:10:04.818595345Z
1647879004.8278716,2022-03-21T16:10:04.843419487Z
1647879004.8534176,2022-03-21T16:10:04.870967316Z
1647879004.8790464,2022-03-21T16:10:04.902143491Z
1647879004.904644,2022-03-21T16:10:04.920067947Z
1647879004.9301965,2022-03-21T16:10:04.947126421Z
1647879004.955804,2022-03-21T16:10:04.978640922Z
1647879004.9813888,2022-03-21T16:10:04.997687637Z
1647879005.006982,2022-03-21T16:10:05.024065793Z
1647879005.0325909,2022-03-21T16:10:05.057825614Z
1647879005.0581746,2022-03-21T16:10:05.073058328Z
1647879005.083767,2022-03-21T16:10:05.100329828Z
1647879005.1093202,2022-03-21T16:10:05.128435644Z
1647879005.1349535,2022-03-21T16:10:05.151087251Z
1647879005.1605752,2022-03-21T16:10:05.178603586Z
1647879005.1861541,2022-03-21T16:10:05.209711866Z
1647879005.2117429,2022-03-21T16:10:05.227279555Z
1647879005.237341,2022-03-21T16:10:05.254889683Z
1647879005.2629511,2022-03-21T16:10:05.27992715Z
1647879005.2885618,2022-03-21T16:10:05.304446628Z
1647879005.314141,2022-03-21T16:10:05.333494595Z
1647879005.339798,2022-03-21T16:10:05.363615764Z
1647879005.3653436,2022-03-21T16:10:05.38011837Z
1647879005.3909786,2022-03-21T16:10:05.408887343Z
1647879005.4165766,2022-03-21T16:10:05.434883387Z
1647879005.4421663,2022-03-21T16:10:05.460659539Z
1647879005.4676766,2022-03-21T16:10:05.486172207Z
1647879005.4933014,2022-03-21T16:10:05.509986775Z
1647879005.5188258,2022-03-21T16:10:05.536380668Z
1647879005.5444314,2022-03-21T16:10:05.561870832Z
1647879005.5700681,2022-03-21T16:10:05.587374658Z
1647879005.59563,2022-03-21T16:10:05.615552623Z
1647879005.6211822,2022-03-21T16:10:05.637424854Z
1647879005.6467712,2022-03-21T16:10:05.664173704Z
1647879005.6723585,2022-03-21T16:10:05.692106636Z
1647879005.6979775,2022-03-21T16:10:05.715511878Z
1647879005.7235584,2022-03-21T16:10:05.740127849Z
1647879005.7491803,2022-03-21T16:10:05.762432293Z
1647879005.7747831,2022-03-21T16:10:05.788717705Z
1647879005.8003788,2022-03-21T16:10:05.814504033Z
1647879005.825971,2022-03-21T16:10:05.844103026Z
1647879005.851567,2022-03-21T16:10:05.86811506Z
1647879005.877164,2022-03-21T16:10:05.901229858Z
1647879005.9027765,2022-03-21T16:10:05.919964906Z
1647879005.928368,2022-03-21T16:10:05.947351877Z
1647879005.9540021,2022-03-21T16:10:05.970096485Z
1647879005.979562,2022-03-21T16:10:06.003850848Z
1647879006.0051603,2022-03-21T16:10:06.033645101Z
1647879006.0307612,2022-03-21T16:10:06.056859912Z
1647879006.0563698,2022-03-21T16:10:06.072266442Z
1647879006.0819733,2022-03-21T16:10:06.094497832Z
1647879006.1075735,2022-03-21T16:10:06.122716772Z
1647879006.1331704,2022-03-21T16:10:06.153962419Z
1647879006.1588101,2022-03-21T16:10:06.183728301Z
1647879006.1844108,2022-03-21T16:10:06.199976993Z
1647879006.2099996,2022-03-21T16:10:06.226073578Z
1647879006.2355816,2022-03-21T16:10:06.252860521Z
1647879006.2611752,2022-03-21T16:10:06.277040468Z
1647879006.286853,2022-03-21T16:10:06.30188373Z
1647879006.312407,2022-03-21T16:10:06.324184975Z
1647879006.3379931,2022-03-21T16:10:06.348752784Z
1647879006.3635402,2022-03-21T16:10:06.374125574Z
1647879006.3891296,2022-03-21T16:10:06.400659735Z
1647879006.4146905,2022-03-21T16:10:06.431743021Z
1647879006.4402864,2022-03-21T16:10:06.480266526Z
1647879006.4658828,2022-03-21T16:10:06.494309982Z
1647879006.4914412,2022-03-21T16:10:06.516093667Z
1647879006.5169659,2022-03-21T16:10:06.535049304Z
1647879006.5426064,2022-03-21T16:10:06.562092094Z
1647879006.568212,2022-03-21T16:10:06.583752303Z
1647879006.5938404,2022-03-21T16:10:06.611488114Z
1647879006.6194108,2022-03-21T16:10:06.638187113Z
1647879006.6450393,2022-03-21T16:10:06.661325383Z
1647879006.670674,2022-03-21T16:10:06.688279415Z
1647879006.6962094,2022-03-21T16:10:06.714059753Z
1647879006.721793,2022-03-21T16:10:06.738441602Z
1647879006.7473788,2022-03-21T16:10:06.76327592Z
1647879006.7730112,2022-03-21T16:10:06.787879931Z
1647879006.7986536,2022-03-21T16:10:06.820180118Z
1647879006.8241107,2022-03-21T16:10:06.843754033Z
1647879006.8496797,2022-03-21T16:10:06.867607914Z
1647879006.8752663,2022-03-21T16:10:06.893019725Z
1647879006.9008725,2022-03-21T16:10:06.919205566Z
1647879006.92649,2022-03-21T16:10:06.954055579Z
1647879006.9520435,2022-03-21T16:10:06.974213758Z
1647879006.9776123,2022-03-21T16:10:06.99554916Z
1647879007.0031826,2022-03-21T16:10:07.018321627Z
1647879007.0287828,2022-03-21T16:10:07.04780423Z
1647879007.0543952,2022-03-21T16:10:07.073124553Z
1647879007.080014,2022-03-21T16:10:07.103630701Z
1647879007.1055772,2022-03-21T16:10:07.124348837Z
1647879007.131131,2022-03-21T16:10:07.146799533Z
1647879007.1566854,2022-03-21T16:10:07.173199856Z
1647879007.182286,2022-03-21T16:10:07.199670726Z
1647879007.2079031,2022-03-21T16:10:07.226430612Z
1647879007.2335114,2022-03-21T16:10:07.250989755Z
1647879007.259063,2022-03-21T16:10:07.278079609Z
1647879007.2846217,2022-03-21T16:10:07.302232397Z
1647879007.3101635,2022-03-21T16:10:07.338000022Z
1647879007.3357415,2022-03-21T16:10:07.357180035Z
1647879007.361324,2022-03-21T16:10:07.377697993Z
1647879007.3869386,2022-03-21T16:10:07.403911346Z
1647879007.4125624,2022-03-21T16:10:07.428858859Z
1647879007.4382002,2022-03-21T16:10:07.452415034Z
1647879007.4637992,2022-03-21T16:10:07.479538899Z
1647879007.489393,2022-03-21T16:10:07.504541863Z
1647879007.5150285,2022-03-21T16:10:07.530833943Z
1647879007.5406308,2022-03-21T16:10:07.557418621Z
1647879007.566227,2022-03-21T16:10:07.584081831Z
1647879007.5918612,2022-03-21T16:10:07.607764201Z
1647879007.6175034,2022-03-21T16:10:07.63242598Z
1647879007.6430614,2022-03-21T16:10:07.657118051Z
1647879007.6686933,2022-03-21T16:10:07.68395517Z
1647879007.6942816,2022-03-21T16:10:07.710006777Z
1647879007.7198582,2022-03-21T16:10:07.735441999Z
1647879007.7454145,2022-03-21T16:10:07.762108445Z
1647879007.7710385,2022-03-21T16:10:07.788022832Z
1647879007.7966356,2022-03-21T16:10:07.811856463Z
1647879007.8222368,2022-03-21T16:10:07.838085116Z
1647879007.8477983,2022-03-21T16:10:07.863870131Z
1647879007.8734083,2022-03-21T16:10:07.890452691Z
1647879007.8990166,2022-03-21T16:10:07.913948026Z
1647879007.9245763,2022-03-21T16:10:07.939397383Z
1647879007.9501753,2022-03-21T16:10:07.965676617Z
1647879007.975766,2022-03-21T16:10:07.989605671Z
1647879008.001359,2022-03-21T16:10:08.022106324Z
1647879008.0269797,2022-03-21T16:10:08.048050522Z
1647879008.0526,2022-03-21T16:10:08.073329726Z
1647879008.0781944,2022-03-21T16:10:08.095235092Z
1647879008.1038377,2022-03-21T16:10:08.120250367Z
1647879008.1294506,2022-03-21T16:10:08.148580413Z
1647879008.1550546,2022-03-21T16:10:08.169281716Z
1647879008.1806636,2022-03-21T16:10:08.195620359Z
1647879008.2062736,2022-03-21T16:10:08.226275772Z
1647879008.2318199,2022-03-21T16:10:08.250151067Z
1647879008.2574399,2022-03-21T16:10:08.273103581Z
1647879008.2831533,2022-03-21T16:10:08.300498234Z
1647879008.3088002,2022-03-21T16:10:08.334030964Z
1647879008.3344293,2022-03-21T16:10:08.347588437Z
1647879008.360048,2022-03-21T16:10:08.374905211Z
1647879008.3856647,2022-03-21T16:10:08.407096518Z
1647879008.4112632,2022-03-21T16:10:08.430878236Z
1647879008.4368901,2022-03-21T16:10:08.465351956Z
1647879008.4625401,2022-03-21T16:10:08.484214278Z
1647879008.488117,2022-03-21T16:10:08.507853799Z
1647879008.51376,2022-03-21T16:10:08.533915873Z
1647879008.5393124,2022-03-21T16:10:08.558864668Z
1647879008.56493,2022-03-21T16:10:08.588070633Z
1647879008.5905726,2022-03-21T16:10:08.60615516Z
1647879008.616172,2022-03-21T16:10:08.632175681Z
1647879008.6418104,2022-03-21T16:10:08.657249194Z
1647879008.6673737,2022-03-21T16:10:08.681025815Z
1647879008.6930058,2022-03-21T16:10:08.708133274Z
1647879008.718652,2022-03-21T16:10:08.735604341Z
1647879008.7442405,2022-03-21T16:10:08.761183495Z
1647879008.7698467,2022-03-21T16:10:08.787523891Z
1647879008.7954552,2022-03-21T16:10:08.812789588Z
1647879008.821048,2022-03-21T16:10:08.837152131Z
1647879008.8467104,2022-03-21T16:10:08.862659946Z
1647879008.8722947,2022-03-21T16:10:08.890518874Z
1647879008.8979294,2022-03-21T16:10:08.917878012Z
1647879008.923524,2022-03-21T16:10:08.942234892Z
1647879008.9491248,2022-03-21T16:10:08.967769879Z
1647879008.9747255,2022-03-21T16:10:08.99636514Z
1647879009.00034,2022-03-21T16:10:09.018331296Z
1647879009.0259914,2022-03-21T16:10:09.042319639Z
1647879009.0516076,2022-03-21T16:10:09.068497517Z
1647879009.0772107,2022-03-21T16:10:09.095657381Z
1647879009.1028092,2022-03-21T16:10:09.121507938Z
1647879009.128416,2022-03-21T16:10:09.149047606Z
1647879009.1540623,2022-03-21T16:10:09.172056244Z
1647879009.1796384,2022-03-21T16:10:09.197043708Z
1647879009.205192,2022-03-21T16:10:09.222549135Z
1647879009.230789,2022-03-21T16:10:09.248130781Z
1647879009.2564108,2022-03-21T16:10:09.280161259Z
1647879009.282011,2022-03-21T16:10:09.298369428Z
1647879009.3075945,2022-03-21T16:10:09.32916722Z
1647879009.333182,2022-03-21T16:10:09.354446139Z
1647879009.358808,2022-03-21T16:10:09.37645537Z
1647879009.384396,2022-03-21T16:10:09.399385973Z
1647879009.4100034,2022-03-21T16:10:09.427134633Z
1647879009.435612,2022-03-21T16:10:09.449072421Z
1647879009.4612489,2022-03-21T16:10:09.480681556Z
1647879009.486814,2022-03-21T16:10:09.503820169Z
1647879009.5123975,2022-03-21T16:10:09.530852747Z
1647879009.5380468,2022-03-21T16:10:09.556205222Z
1647879009.563615,2022-03-21T16:10:09.580247582Z
1647879009.5892184,2022-03-21T16:10:09.611153424Z
1647879009.6148372,2022-03-21T16:10:09.630718407Z
1647879009.6404388,2022-03-21T16:10:09.655327069Z
1647879009.6660752,2022-03-21T16:10:09.680189193Z
1647879009.6916354,2022-03-21T16:10:09.705418715Z
1647879009.717246,2022-03-21T16:10:09.730970736Z
1647879009.742827,2022-03-21T16:10:09.755660533Z
1647879009.768422,2022-03-21T16:10:09.78778998Z
1647879009.7940528,2022-03-21T16:10:09.809405477Z
1647879009.8196485,2022-03-21T16:10:09.83541142Z
1647879009.8452346,2022-03-21T16:10:09.864113154Z
1647879009.8708575,2022-03-21T16:10:09.892496115Z
1647879009.8964374,2022-03-21T16:10:09.913447657Z
1647879009.922074,2022-03-21T16:10:09.937768104Z
1647879009.9476807,2022-03-21T16:10:09.963320867Z
1647879009.9732757,2022-03-21T16:10:09.991760693Z
1647879009.9989765,2022-03-21T16:10:10.020173886Z
1647879010.0245771,2022-03-21T16:10:10.038713837Z
1647879010.050181,2022-03-21T16:10:10.074670012Z
1647879010.075775,2022-03-21T16:10:10.093199537Z
1647879010.1013393,2022-03-21T16:10:10.116241127Z
1647879010.1269896,2022-03-21T16:10:10.144568249Z
1647879010.1525602,2022-03-21T16:10:10.173882709Z
1647879010.1781676,2022-03-21T16:10:10.200747273Z
1647879010.2036676,2022-03-21T16:10:10.228719196Z
1647879010.2292023,2022-03-21T16:10:10.249354386Z
1647879010.2548454,2022-03-21T16:10:10.270016761Z
1647879010.2804196,2022-03-21T16:10:10.298737886Z
1647879010.306069,2022-03-21T16:10:10.323911478Z
1647879010.3315947,2022-03-21T16:10:10.350659677Z
1647879010.3571913,2022-03-21T16:10:10.375564856Z
1647879010.3828173,2022-03-21T16:10:10.398789837Z
1647879010.4084203,2022-03-21T16:10:10.421999593Z
1647879010.4339893,2022-03-21T16:10:10.448906821Z
1647879010.4595885,2022-03-21T16:10:10.474477976Z
1647879010.485253,2022-03-21T16:10:10.498110103Z
1647879010.5108497,2022-03-21T16:10:10.523525642Z
1647879010.5364387,2022-03-21T16:10:10.550540143Z
1647879010.5620759,2022-03-21T16:10:10.583773246Z
1647879010.58768,2022-03-21T16:10:10.603807602Z
1647879010.6132646,2022-03-21T16:10:10.628932062Z
1647879010.6397805,2022-03-21T16:10:10.656048034Z
1647879010.6654022,2022-03-21T16:10:10.686193906Z
1647879010.6911077,2022-03-21T16:10:10.70782456Z
1647879010.7166796,2022-03-21T16:10:10.73716672Z
1647879010.742268,2022-03-21T16:10:10.771005673Z
1647879010.7679,2022-03-21T16:10:10.810387093Z
1647879010.7935243,2022-03-21T16:10:10.818368106Z
1647879010.8191283,2022-03-21T16:10:10.831757705Z
1647879010.8447237,2022-03-21T16:10:10.861930938Z
1647879010.8703303,2022-03-21T16:10:10.887173341Z
1647879010.8959253,2022-03-21T16:10:10.916967488Z
1647879010.9215143,2022-03-21T16:10:10.93677133Z
1647879010.947111,2022-03-21T16:10:10.963377455Z
1647879010.9727147,2022-03-21T16:10:10.998762342Z
1647879010.9982853,2022-03-21T16:10:11.024101188Z
1647879011.0238745,2022-03-21T16:10:11.040149793Z
1647879011.0495136,2022-03-21T16:10:11.065302583Z
1647879011.0751173,2022-03-21T16:10:11.092048123Z
1647879011.1007254,2022-03-21T16:10:11.121173358Z
1647879011.1263433,2022-03-21T16:10:11.143175607Z
1647879011.1519904,2022-03-21T16:10:11.168041191Z
1647879011.177594,2022-03-21T16:10:11.195007326Z
1647879011.2031767,2022-03-21T16:10:11.218735525Z
1647879011.2287445,2022-03-21T16:10:11.246067079Z
1647879011.254332,2022-03-21T16:10:11.270475606Z
1647879011.2799582,2022-03-21T16:10:11.296126124Z
1647879011.3055477,2022-03-21T16:10:11.319131012Z
1647879011.3310964,2022-03-21T16:10:11.344015453Z
1647879011.35667,2022-03-21T16:10:11.371298806Z
1647879011.382286,2022-03-21T16:10:11.397384514Z
1647879011.4078968,2022-03-21T16:10:11.427941898Z
1647879011.4335165,2022-03-21T16:10:11.449051975Z
1647879011.4591112,2022-03-21T16:10:11.483835324Z
1647879011.484676,2022-03-21T16:10:11.502863285Z
1647879011.51028,2022-03-21T16:10:11.527417212Z
1647879011.5359085,2022-03-21T16:10:11.560985011Z
1647879011.5615156,2022-03-21T16:10:11.578204459Z
1647879011.5871155,2022-03-21T16:10:11.604070648Z
1647879011.6127164,2022-03-21T16:10:11.631379996Z
1647879011.6383014,2022-03-21T16:10:11.654929622Z
1647879011.66393,2022-03-21T16:10:11.678940746Z
1647879011.6895452,2022-03-21T16:10:11.706173537Z
1647879011.7151434,2022-03-21T16:10:11.731536114Z
1647879011.740747,2022-03-21T16:10:11.759454339Z
1647879011.76633,2022-03-21T16:10:11.782046023Z
1647879011.7919154,2022-03-21T16:10:11.807898128Z
1647879011.817544,2022-03-21T16:10:11.840368212Z
1647879011.8430793,2022-03-21T16:10:11.860731621Z
1647879011.8686845,2022-03-21T16:10:11.88299879Z
1647879011.894285,2022-03-21T16:10:11.91141511Z
1647879011.9199033,2022-03-21T16:10:11.936683381Z
1647879011.9455345,2022-03-21T16:10:11.961775525Z
1647879011.971096,2022-03-21T16:10:11.98883003Z
1647879011.9966912,2022-03-21T16:10:12.012268604Z
1647879012.0222828,2022-03-21T16:10:12.042733087Z
1647879012.0478992,2022-03-21T16:10:12.062904966Z
1647879012.073496,2022-03-21T16:10:12.091380205Z
1647879012.099098,2022-03-21T16:10:12.118306492Z
1647879012.124706,2022-03-21T16:10:12.152134205Z
1647879012.1503067,2022-03-21T16:10:12.168061334Z
1647879012.1759436,2022-03-21T16:10:12.192811831Z
1647879012.2015662,2022-03-21T16:10:12.217279391Z
1647879012.2272382,2022-03-21T16:10:12.242144443Z
1647879012.2528372,2022-03-21T16:10:12.268833633Z
1647879012.278513,2022-03-21T16:10:12.293764693Z
1647879012.3040783,2022-03-21T16:10:12.323546345Z
1647879012.3296776,2022-03-21T16:10:12.353096377Z
1647879012.3552508,2022-03-21T16:10:12.373622901Z
1647879012.3808722,2022-03-21T16:10:12.396510463Z
1647879012.4065313,2022-03-21T16:10:12.437293391Z
1647879012.4320912,2022-03-21T16:10:12.450297449Z
1647879012.4576614,2022-03-21T16:10:12.47576399Z
1647879012.4832017,2022-03-21T16:10:12.499571573Z
1647879012.5088198,2022-03-21T16:10:12.523100078Z
1647879012.534492,2022-03-21T16:10:12.547426381Z
1647879012.5600884,2022-03-21T16:10:12.578246935Z
1647879012.5856967,2022-03-21T16:10:12.605369043Z
1647879012.6112466,2022-03-21T16:10:12.630197043Z
1647879012.6368387,2022-03-21T16:10:12.653358556Z
1647879012.6623223,2022-03-21T16:10:12.674638804Z
1647879012.6879573,2022-03-21T16:10:12.700576393Z
1647879012.713503,2022-03-21T16:10:12.727544914Z
1647879012.7390215,2022-03-21T16:10:12.753178557Z
1647879012.7645905,2022-03-21T16:10:12.780283882Z
1647879012.7901824,2022-03-21T16:10:12.80664718Z
1647879012.8158042,2022-03-21T16:10:12.83143443Z
1647879012.8413618,2022-03-21T16:10:12.855390048Z
1647879012.8669498,2022-03-21T16:10:12.883617857Z
1647879012.8925338,2022-03-21T16:10:12.906930425Z
1647879012.9180164,2022-03-21T16:10:12.934980413Z
1647879012.9435978,2022-03-21T16:10:12.960880478Z
1647879012.96914,2022-03-21T16:10:12.984446778Z
1647879012.994764,2022-03-21T16:10:13.010922772Z
1647879013.020348,2022-03-21T16:10:13.037730462Z
1647879013.045934,2022-03-21T16:10:13.063144691Z
1647879013.0715148,2022-03-21T16:10:13.095444115Z
1647879013.0969996,2022-03-21T16:10:13.113238214Z
1647879013.122579,2022-03-21T16:10:13.138742058Z
1647879013.1481686,2022-03-21T16:10:13.169551821Z
1647879013.1737943,2022-03-21T16:10:13.186956342Z
1647879013.1993973,2022-03-21T16:10:13.217888102Z
1647879013.2249866,2022-03-21T16:10:13.253589662Z
1647879013.2506306,2022-03-21T16:10:13.266486238Z
1647879013.2761972,2022-03-21T16:10:13.289452525Z
1647879013.3017879,2022-03-21T16:10:13.312042322Z
1647879013.3273594,2022-03-21T16:10:13.343013432Z
1647879013.3529882,2022-03-21T16:10:13.366445048Z
1647879013.3786457,2022-03-21T16:10:13.389729358Z
1647879013.404208,2022-03-21T16:10:13.419978811Z
1647879013.4298358,2022-03-21T16:10:13.444635769Z
1647879013.4554334,2022-03-21T16:10:13.472363001Z
1647879013.4810534,2022-03-21T16:10:13.498745126Z
1647879013.5067163,2022-03-21T16:10:13.524745281Z
1647879013.5324068,2022-03-21T16:10:13.5493966Z
1647879013.5580363,2022-03-21T16:10:13.575862357Z
1647879013.5836375,2022-03-21T16:10:13.597455875Z
1647879013.6092389,2022-03-21T16:10:13.629090724Z
1647879013.6348746,2022-03-21T16:10:13.648903454Z
1647879013.6605046,2022-03-21T16:10:13.675655513Z
1647879013.6861012,2022-03-21T16:10:13.700700759Z
1647879013.7117023,2022-03-21T16:10:13.727784594Z
1647879013.7372613,2022-03-21T16:10:13.753386852Z
1647879013.7628825,2022-03-21T16:10:13.777451589Z
1647879013.788417,2022-03-21T16:10:13.804792668Z
1647879013.8140483,2022-03-21T16:10:13.831159821Z
1647879013.8396478,2022-03-21T16:10:13.855959473Z
1647879013.8652554,2022-03-21T16:10:13.884561652Z
1647879013.8908908,2022-03-21T16:10:13.907869843Z
1647879013.9165287,2022-03-21T16:10:13.931324663Z
1647879013.9421234,2022-03-21T16:10:13.958656277Z
1647879013.9677536,2022-03-21T16:10:13.981399714Z
1647879013.9933465,2022-03-21T16:10:14.008039892Z
1647879014.0189815,2022-03-21T16:10:14.046106655Z
1647879014.0445728,2022-03-21T16:10:14.060231053Z
1647879014.0701754,2022-03-21T16:10:14.085066621Z
1647879014.0957763,2022-03-21T16:10:14.112636649Z
1647879014.1213794,2022-03-21T16:10:14.141805051Z
1647879014.147014,2022-03-21T16:10:14.163262872Z
1647879014.1726165,2022-03-21T16:10:14.18861516Z
1647879014.19823,2022-03-21T16:10:14.213956245Z
1647879014.223868,2022-03-21T16:10:14.239453065Z
1647879014.2494533,2022-03-21T16:10:14.264011895Z
1647879014.275085,2022-03-21T16:10:14.289917591Z
1647879014.3006277,2022-03-21T16:10:14.315120986Z
1647879014.3262138,2022-03-21T16:10:14.349585709Z
1647879014.3518054,2022-03-21T16:10:14.373398547Z
1647879014.3773894,2022-03-21T16:10:14.391223922Z
1647879014.402943,2022-03-21T16:10:14.41698544Z
1647879014.4285357,2022-03-21T16:10:14.443139522Z
1647879014.4540498,2022-03-21T16:10:14.470642422Z
1647879014.479579,2022-03-21T16:10:14.494381245Z
1647879014.5051801,2022-03-21T16:10:14.521816293Z
1647879014.5307064,2022-03-21T16:10:14.546958866Z
1647879014.5562832,2022-03-21T16:10:14.57586366Z
1647879014.581888,2022-03-21T16:10:14.596652167Z
1647879014.6074522,2022-03-21T16:10:14.620756694Z
1647879014.6330364,2022-03-21T16:10:14.647991962Z
1647879014.6585836,2022-03-21T16:10:14.67530936Z
1647879014.6841216,2022-03-21T16:10:14.699525109Z
1647879014.709738,2022-03-21T16:10:14.728262447Z
1647879014.7352908,2022-03-21T16:10:14.754248006Z
1647879014.7608654,2022-03-21T16:10:14.776611772Z
1647879014.786499,2022-03-21T16:10:14.807672674Z
1647879014.812058,2022-03-21T16:10:14.824888373Z
1647879014.8376107,2022-03-21T16:10:14.850559294Z
1647879014.8632112,2022-03-21T16:10:14.879736709Z
1647879014.888834,2022-03-21T16:10:14.904211199Z
1647879014.9144473,2022-03-21T16:10:14.931518826Z
1647879014.9400277,2022-03-21T16:10:14.957652495Z
1647879014.9656253,2022-03-21T16:10:14.983233651Z
1647879014.991187,2022-03-21T16:10:15.00679079Z
1647879015.0168188,2022-03-21T16:10:15.033534231Z
1647879015.0424874,2022-03-21T16:10:15.057710219Z
1647879015.0680876,2022-03-21T16:10:15.087668174Z
1647879015.0937016,2022-03-21T16:10:15.110550868Z
1647879015.1192684,2022-03-21T16:10:15.135197252Z
1647879015.1448777,2022-03-21T16:10:15.160704341Z
1647879015.170502,2022-03-21T16:10:15.186821243Z
1647879015.196102,2022-03-21T16:10:15.209714137Z
1647879015.2216494,2022-03-21T16:10:15.240234891Z
1647879015.2472267,2022-03-21T16:10:15.262156233Z
1647879015.2728436,2022-03-21T16:10:15.287796992Z
1647879015.2985353,2022-03-21T16:10:15.313673125Z
1647879015.324095,2022-03-21T16:10:15.341924225Z
1647879015.3496776,2022-03-21T16:10:15.367359896Z
1647879015.3752713,2022-03-21T16:10:15.389741846Z
1647879015.4008756,2022-03-21T16:10:15.414757309Z
1647879015.4265268,2022-03-21T16:10:15.448660123Z
1647879015.4521198,2022-03-21T16:10:15.465684367Z
1647879015.477748,2022-03-21T16:10:15.494247739Z
1647879015.5033412,2022-03-21T16:10:15.524244392Z
1647879015.5289772,2022-03-21T16:10:15.554056609Z
1647879015.5546005,2022-03-21T16:10:15.568448678Z
1647879015.5801992,2022-03-21T16:10:15.596912417Z
1647879015.605792,2022-03-21T16:10:15.620404589Z
1647879015.6313775,2022-03-21T16:10:15.65312223Z
1647879015.6570082,2022-03-21T16:10:15.67005487Z
1647879015.6826704,2022-03-21T16:10:15.698480664Z
1647879015.708267,2022-03-21T16:10:15.726708617Z
1647879015.7338333,2022-03-21T16:10:15.747389846Z
1647879015.7594345,2022-03-21T16:10:15.775282221Z
1647879015.7850766,2022-03-21T16:10:15.805862589Z
1647879015.8106782,2022-03-21T16:10:15.823716982Z
1647879015.8362386,2022-03-21T16:10:15.85307094Z
1647879015.861812,2022-03-21T16:10:15.877417861Z
1647879015.8874216,2022-03-21T16:10:15.90322254Z
1647879015.9130461,2022-03-21T16:10:15.926941918Z
1647879015.9386783,2022-03-21T16:10:15.957411414Z
1647879015.9642718,2022-03-21T16:10:15.978041217Z
1647879015.9898524,2022-03-21T16:10:16.004774761Z
1647879016.0154552,2022-03-21T16:10:16.028539731Z
1647879016.0411227,2022-03-21T16:10:16.054266813Z
1647879016.0667257,2022-03-21T16:10:16.08056331Z
1647879016.0923426,2022-03-21T16:10:16.112038455Z
1647879016.1179779,2022-03-21T16:10:16.130808398Z
1647879016.14358,2022-03-21T16:10:16.159006234Z
1647879016.169176,2022-03-21T16:10:16.186072181Z
1647879016.1948078,2022-03-21T16:10:16.207352036Z
1647879016.2203665,2022-03-21T16:10:16.234807237Z
1647879016.2459655,2022-03-21T16:10:16.259531262Z
1647879016.271569,2022-03-21T16:10:16.288339054Z
1647879016.297119,2022-03-21T16:10:16.311640679Z
1647879016.3227105,2022-03-21T16:10:16.338296107Z
1647879016.3482707,2022-03-21T16:10:16.36098078Z
1647879016.373841,2022-03-21T16:10:16.390630818Z
1647879016.3993866,2022-03-21T16:10:16.413666689Z
1647879016.4250133,2022-03-21T16:10:16.438096264Z
1647879016.450658,2022-03-21T16:10:16.466345577Z
1647879016.4762547,2022-03-21T16:10:16.490379412Z
1647879016.5018692,2022-03-21T16:10:16.516032391Z
1647879016.5274873,2022-03-21T16:10:16.541348952Z
1647879016.5531218,2022-03-21T16:10:16.567275518Z
1647879016.578884,2022-03-21T16:10:16.593087098Z
1647879016.6045146,2022-03-21T16:10:16.621528405Z
1647879016.6300602,2022-03-21T16:10:16.643465345Z
1647879016.6556578,2022-03-21T16:10:16.677288178Z
1647879016.6812384,2022-03-21T16:10:16.693405179Z
1647879016.7068615,2022-03-21T16:10:16.719471376Z
1647879016.7324936,2022-03-21T16:10:16.753267485Z
1647879016.75809,2022-03-21T16:10:16.771379851Z
1647879016.7836974,2022-03-21T16:10:16.797036172Z
1647879016.8093002,2022-03-21T16:10:16.823157938Z
1647879016.834937,2022-03-21T16:10:16.848724221Z
1647879016.860525,2022-03-21T16:10:16.873706294Z
1647879016.8861303,2022-03-21T16:10:16.900339803Z
1647879016.9117584,2022-03-21T16:10:16.926840686Z
1647879016.9373477,2022-03-21T16:10:16.95258612Z
1647879016.9629257,2022-03-21T16:10:16.977355214Z
1647879016.9884953,2022-03-21T16:10:17.005177091Z
1647879017.0140986,2022-03-21T16:10:17.027221422Z
1647879017.039705,2022-03-21T16:10:17.077392938Z
1647879017.065313,2022-03-21T16:10:17.090514683Z
1647879017.0909417,2022-03-21T16:10:17.102545136Z
1647879017.116552,2022-03-21T16:10:17.142644148Z
1647879017.142148,2022-03-21T16:10:17.162568465Z
1647879017.1678193,2022-03-21T16:10:17.184005965Z
1647879017.1933966,2022-03-21T16:10:17.208715285Z
1647879017.2189624,2022-03-21T16:10:17.233750616Z
1647879017.244503,2022-03-21T16:10:17.258583642Z
1647879017.2700493,2022-03-21T16:10:17.284502739Z
1647879017.2956498,2022-03-21T16:10:17.312173918Z
1647879017.3212554,2022-03-21T16:10:17.338177229Z
1647879017.3468683,2022-03-21T16:10:17.363005016Z
1647879017.3723843,2022-03-21T16:10:17.388478056Z
1647879017.3979719,2022-03-21T16:10:17.414269899Z
1647879017.4235644,2022-03-21T16:10:17.43894786Z
1647879017.4491463,2022-03-21T16:10:17.462923266Z
1647879017.4747763,2022-03-21T16:10:17.488013254Z
1647879017.5003567,2022-03-21T16:10:17.513771097Z
1647879017.5259905,2022-03-21T16:10:17.541826236Z
1647879017.5515711,2022-03-21T16:10:17.564426388Z
1647879017.5771704,2022-03-21T16:10:17.590157373Z
1647879017.6027951,2022-03-21T16:10:17.617409005Z
1647879017.6283934,2022-03-21T16:10:17.642713171Z
1647879017.654021,2022-03-21T16:10:17.667899374Z
1647879017.6796155,2022-03-21T16:10:17.6979258Z
1647879017.7052124,2022-03-21T16:10:17.722241565Z
1647879017.7308402,2022-03-21T16:10:17.749563809Z
1647879017.7564108,2022-03-21T16:10:17.771182717Z
1647879017.7820423,2022-03-21T16:10:17.795878106Z
1647879017.807647,2022-03-21T16:10:17.821140805Z
1647879017.833246,2022-03-21T16:10:17.848501234Z
1647879017.8588889,2022-03-21T16:10:17.87355831Z
1647879017.8844182,2022-03-21T16:10:17.902105218Z
1647879017.910031,2022-03-21T16:10:17.923034974Z
1647879017.935626,2022-03-21T16:10:17.948037223Z
1647879017.961225,2022-03-21T16:10:17.972751169Z
1647879017.9867797,2022-03-21T16:10:17.999790644Z
1647879018.0123851,2022-03-21T16:10:18.024803468Z
1647879018.0379536,2022-03-21T16:10:18.050827145Z
1647879018.0635571,2022-03-21T16:10:18.076503534Z
1647879018.0891428,2022-03-21T16:10:18.101931621Z
1647879018.114785,2022-03-21T16:10:18.126759784Z
1647879018.1403797,2022-03-21T16:10:18.159130868Z
1647879018.1660097,2022-03-21T16:10:18.189651284Z
1647879018.1915717,2022-03-21T16:10:18.208123164Z
1647879018.2171788,2022-03-21T16:10:18.233741482Z
1647879018.242777,2022-03-21T16:10:18.259544586Z
1647879018.268339,2022-03-21T16:10:18.2865708Z
1647879018.2939472,2022-03-21T16:10:18.308569887Z
1647879018.319549,2022-03-21T16:10:18.338574462Z
1647879018.3451433,2022-03-21T16:10:18.356667496Z
1647879018.3707566,2022-03-21T16:10:18.392281244Z
1647879018.3963096,2022-03-21T16:10:18.411545337Z
1647879018.4219363,2022-03-21T16:10:18.434771293Z
1647879018.4475482,2022-03-21T16:10:18.463309468Z
1647879018.473143,2022-03-21T16:10:18.492910444Z
1647879018.4987464,2022-03-21T16:10:18.513690027Z
1647879018.5243561,2022-03-21T16:10:18.537025493Z
1647879018.5499895,2022-03-21T16:10:18.56231115Z
1647879018.575589,2022-03-21T16:10:18.587729954Z
1647879018.6011894,2022-03-21T16:10:18.621775948Z
1647879018.6268263,2022-03-21T16:10:18.644251591Z
1647879018.6523938,2022-03-21T16:10:18.669735723Z
1647879018.6779692,2022-03-21T16:10:18.695163521Z
1647879018.7035577,2022-03-21T16:10:18.71977426Z
1647879018.7291584,2022-03-21T16:10:18.747286459Z
1647879018.7547772,2022-03-21T16:10:18.77286091Z
1647879018.7803805,2022-03-21T16:10:18.798549862Z
1647879018.8059263,2022-03-21T16:10:18.839060497Z
1647879018.8315442,2022-03-21T16:10:18.852247956Z
1647879018.8571389,2022-03-21T16:10:18.877781124Z
1647879018.8827775,2022-03-21T16:10:18.900618844Z
1647879018.9083436,2022-03-21T16:10:18.924958764Z
1647879018.933975,2022-03-21T16:10:18.948956468Z
1647879018.9595695,2022-03-21T16:10:18.975960604Z
1647879018.9851544,2022-03-21T16:10:19.002913734Z
1647879019.0107489,2022-03-21T16:10:19.031784195Z
1647879019.036335,2022-03-21T16:10:19.05777495Z
1647879019.0619547,2022-03-21T16:10:19.082788216Z
1647879019.087561,2022-03-21T16:10:19.106882811Z
1647879019.113165,2022-03-21T16:10:19.130667571Z
1647879019.1388013,2022-03-21T16:10:19.153776424Z
1647879019.1643858,2022-03-21T16:10:19.180312449Z
1647879019.1900198,2022-03-21T16:10:19.209885936Z
1647879019.215609,2022-03-21T16:10:19.236276349Z
1647879019.2411175,2022-03-21T16:10:19.259827797Z
1647879019.2666867,2022-03-21T16:10:19.283290119Z
1647879019.2922773,2022-03-21T16:10:19.307657422Z
1647879019.3178723,2022-03-21T16:10:19.337558419Z
1647879019.3434937,2022-03-21T16:10:19.361591095Z
1647879019.3690717,2022-03-21T16:10:19.386393139Z
1647879019.3946483,2022-03-21T16:10:19.412366221Z
1647879019.4202027,2022-03-21T16:10:19.439579536Z
1647879019.445813,2022-03-21T16:10:19.463307261Z
1647879019.4713407,2022-03-21T16:10:19.49368895Z
1647879019.496927,2022-03-21T16:10:19.516991481Z
1647879019.522554,2022-03-21T16:10:19.5398997Z
1647879019.548162,2022-03-21T16:10:19.564235884Z
1647879019.5738022,2022-03-21T16:10:19.593808949Z
1647879019.5993972,2022-03-21T16:10:19.613724479Z
1647879019.6251245,2022-03-21T16:10:19.641959681Z
1647879019.6507516,2022-03-21T16:10:19.66643259Z
1647879019.6763449,2022-03-21T16:10:19.691131988Z
1647879019.7019773,2022-03-21T16:10:19.715917201Z
1647879019.7275603,2022-03-21T16:10:19.741811774Z
1647879019.7531362,2022-03-21T16:10:19.772329092Z
1647879019.778677,2022-03-21T16:10:19.796729149Z
1647879019.804272,2022-03-21T16:10:19.821944604Z
1647879019.829906,2022-03-21T16:10:19.849601384Z
1647879019.8554444,2022-03-21T16:10:19.87355683Z
1647879019.8810756,2022-03-21T16:10:19.896712044Z
1647879019.9067223,2022-03-21T16:10:19.9279621Z
1647879019.9322927,2022-03-21T16:10:19.94943381Z
1647879019.9579222,2022-03-21T16:10:19.971377513Z
1647879019.9835217,2022-03-21T16:10:19.996852642Z
1647879020.0091248,2022-03-21T16:10:20.023306767Z
1647879020.034697,2022-03-21T16:10:20.051277818Z
1647879020.0603075,2022-03-21T16:10:20.072385743Z
1647879020.0859175,2022-03-21T16:10:20.100724919Z
1647879020.111547,2022-03-21T16:10:20.12997529Z
1647879020.1371477,2022-03-21T16:10:20.150447287Z
1647879020.1627765,2022-03-21T16:10:20.177154345Z
1647879020.1883743,2022-03-21T16:10:20.199932254Z
1647879020.2140026,2022-03-21T16:10:20.232280843Z
1647879020.2396088,2022-03-21T16:10:20.254789828Z
1647879020.2652032,2022-03-21T16:10:20.295258018Z
1647879020.2907848,2022-03-21T16:10:20.311971883Z
1647879020.3163855,2022-03-21T16:10:20.332898796Z
1647879020.3420281,2022-03-21T16:10:20.358849734Z
1647879020.3675947,2022-03-21T16:10:20.383137122Z
1647879020.3932006,2022-03-21T16:10:20.409961126Z
1647879020.4188068,2022-03-21T16:10:20.433379675Z
1647879020.4443374,2022-03-21T16:10:20.460074896Z
1647879020.4699347,2022-03-21T16:10:20.486540692Z
1647879020.4954526,2022-03-21T16:10:20.510433001Z
1647879020.521128,2022-03-21T16:10:20.53930885Z
1647879020.546756,2022-03-21T16:10:20.565782841Z
1647879020.5723426,2022-03-21T16:10:20.595798864Z
1647879020.597975,2022-03-21T16:10:20.621910442Z
1647879020.6235623,2022-03-21T16:10:20.636300543Z
1647879020.6491725,2022-03-21T16:10:20.664236794Z
1647879020.674717,2022-03-21T16:10:20.694272503Z
1647879020.70031,2022-03-21T16:10:20.715962227Z
1647879020.7259352,2022-03-21T16:10:20.740877461Z
1647879020.7515168,2022-03-21T16:10:20.76614988Z
1647879020.777117,2022-03-21T16:10:20.796289965Z
