1647877820.1465251,2022-03-21T15:50:20.442906868Z
1647877820.1652856,2022-03-21T15:50:20.477634123Z
1647877820.2033992,2022-03-21T15:50:20.481400447Z
1647877820.2226365,2022-03-21T15:50:20.485923354Z
1647877820.1938121,2022-03-21T15:50:20.488795333Z
1647877820.1748824,2022-03-21T15:50:20.49213254Z
1647877820.1842904,2022-03-21T15:50:20.49441725Z
1647877820.15584,2022-03-21T15:50:20.497682501Z
1647877820.2130084,2022-03-21T15:50:20.500004546Z
1647877820.2418199,2022-03-21T15:50:20.529486935Z
1647877820.2321901,2022-03-21T15:50:20.534356069Z
1647877820.251485,2022-03-21T15:50:20.537141947Z
1647877820.2611256,2022-03-21T15:50:20.601542746Z
1647877820.2707582,2022-03-21T15:50:20.607520954Z
1647877820.280396,2022-03-21T15:50:20.615733362Z
1647877820.2900407,2022-03-21T15:50:20.654096905Z
1647877820.3380604,2022-03-21T15:50:20.656955549Z
1647877820.3189838,2022-03-21T15:50:20.664431582Z
1647877820.2997313,2022-03-21T15:50:20.669802009Z
1647877820.3093424,2022-03-21T15:50:20.670790692Z
1647877820.3668485,2022-03-21T15:50:20.691930213Z
1647877820.328583,2022-03-21T15:50:20.693383097Z
1647877820.3860505,2022-03-21T15:50:20.697962671Z
1647877820.3764513,2022-03-21T15:50:20.703764534Z
1647877820.3476782,2022-03-21T15:50:20.707470284Z
1647877820.357269,2022-03-21T15:50:20.710334375Z
1647877820.4052784,2022-03-21T15:50:20.717815791Z
1647877820.3956473,2022-03-21T15:50:20.721685073Z
1647877820.4149616,2022-03-21T15:50:20.752149944Z
1647877820.4245932,2022-03-21T15:50:20.759373765Z
1647877820.4825826,2022-03-21T15:50:20.785399819Z
1647877820.502104,2022-03-21T15:50:20.787548608Z
1647877820.4728377,2022-03-21T15:50:20.791703649Z
1647877820.453551,2022-03-21T15:50:20.796962338Z
1647877820.434204,2022-03-21T15:50:20.802282792Z
1647877820.4632013,2022-03-21T15:50:20.803220992Z
1647877820.4438312,2022-03-21T15:50:20.805652629Z
1647877820.492324,2022-03-21T15:50:20.811201056Z
1647877820.5409102,2022-03-21T15:50:20.832093614Z
1647877820.5118766,2022-03-21T15:50:20.835091835Z
1647877820.5506036,2022-03-21T15:50:20.837807584Z
1647877820.5311875,2022-03-21T15:50:20.840214431Z
1647877820.52155,2022-03-21T15:50:20.843028591Z
1647877820.5602274,2022-03-21T15:50:20.867961524Z
1647877820.6084836,2022-03-21T15:50:20.872522621Z
1647877820.5891278,2022-03-21T15:50:20.875566383Z
1647877820.5698578,2022-03-21T15:50:20.880236232Z
1647877820.5795023,2022-03-21T15:50:20.884364871Z
1647877820.5987384,2022-03-21T15:50:20.886215609Z
1647877820.6181905,2022-03-21T15:50:20.889037232Z
1647877820.6279025,2022-03-21T15:50:20.911750951Z
1647877820.675824,2022-03-21T15:50:20.940436657Z
1647877820.6854362,2022-03-21T15:50:20.948897055Z
1647877820.7145114,2022-03-21T15:50:20.951524274Z
1647877820.6566782,2022-03-21T15:50:20.956561021Z
1647877820.6470935,2022-03-21T15:50:20.960677845Z
1647877820.6662848,2022-03-21T15:50:20.9634252Z
1647877820.6375375,2022-03-21T15:50:20.966922107Z
1647877820.6950545,2022-03-21T15:50:20.969951801Z
1647877820.724201,2022-03-21T15:50:20.984128013Z
1647877820.7047698,2022-03-21T15:50:20.984671858Z
1647877820.7339287,2022-03-21T15:50:21.001881211Z
1647877820.7436056,2022-03-21T15:50:21.005096346Z
1647877820.7630243,2022-03-21T15:50:21.007722642Z
1647877820.7532687,2022-03-21T15:50:21.009623737Z
1647877820.772746,2022-03-21T15:50:21.02427718Z
1647877820.81163,2022-03-21T15:50:21.02652228Z
1647877820.7921374,2022-03-21T15:50:21.031064365Z
1647877820.8018801,2022-03-21T15:50:21.031873989Z
1647877820.7824073,2022-03-21T15:50:21.034534128Z
1647877820.8213727,2022-03-21T15:50:21.048115398Z
1647877820.8310945,2022-03-21T15:50:21.054870849Z
1647877820.8408015,2022-03-21T15:50:21.05537936Z
1647877820.8505883,2022-03-21T15:50:21.058759992Z
1647877820.860315,2022-03-21T15:50:21.070076488Z
1647877820.8700764,2022-03-21T15:50:21.075159806Z
1647877820.8896258,2022-03-21T15:50:21.081842536Z
1647877820.8798535,2022-03-21T15:50:21.086068605Z
1647877820.9090002,2022-03-21T15:50:21.090001909Z
1647877820.8992813,2022-03-21T15:50:21.095433592Z
1647877820.928482,2022-03-21T15:50:21.100929155Z
1647877820.918754,2022-03-21T15:50:21.104077031Z
1647877820.9478798,2022-03-21T15:50:21.107899633Z
1647877820.957599,2022-03-21T15:50:21.116232134Z
1647877820.9381614,2022-03-21T15:50:21.118713582Z
1647877820.967349,2022-03-21T15:50:21.121724898Z
1647877820.9869494,2022-03-21T15:50:21.129835743Z
1647877820.977155,2022-03-21T15:50:21.134644968Z
1647877820.9967093,2022-03-21T15:50:21.139505785Z
1647877821.0065424,2022-03-21T15:50:21.146082813Z
1647877821.026134,2022-03-21T15:50:21.154017654Z
1647877821.016333,2022-03-21T15:50:21.157362778Z
1647877821.0457559,2022-03-21T15:50:21.171055051Z
1647877821.0751455,2022-03-21T15:50:21.173884793Z
1647877821.055542,2022-03-21T15:50:21.175637644Z
1647877821.0359557,2022-03-21T15:50:21.179478901Z
1647877821.065325,2022-03-21T15:50:21.183721193Z
1647877821.0849385,2022-03-21T15:50:21.188110829Z
1647877821.0947633,2022-03-21T15:50:21.194352838Z
1647877821.104577,2022-03-21T15:50:21.230097827Z
1647877821.1242344,2022-03-21T15:50:21.239777827Z
1647877821.114419,2022-03-21T15:50:21.241936733Z
1647877821.134024,2022-03-21T15:50:21.254024386Z
1647877821.1535995,2022-03-21T15:50:21.264248418Z
1647877821.1438231,2022-03-21T15:50:21.267067001Z
1647877821.1633754,2022-03-21T15:50:21.292505465Z
1647877821.182937,2022-03-21T15:50:21.310390933Z
1647877821.1731467,2022-03-21T15:50:21.313742287Z
1647877821.1926992,2022-03-21T15:50:21.333955289Z
1647877821.2122316,2022-03-21T15:50:21.35027142Z
1647877821.2024858,2022-03-21T15:50:21.35407952Z
1647877821.2219818,2022-03-21T15:50:21.358191153Z
1647877821.2316957,2022-03-21T15:50:21.360120361Z
1647877821.2512019,2022-03-21T15:50:21.371341166Z
1647877821.2414403,2022-03-21T15:50:21.374182671Z
1647877821.2609665,2022-03-21T15:50:21.392437907Z
1647877821.2707672,2022-03-21T15:50:21.408046445Z
1647877821.2805188,2022-03-21T15:50:21.411358958Z
1647877821.290209,2022-03-21T15:50:21.426924379Z
1647877821.2998235,2022-03-21T15:50:21.43037648Z
1647877821.3095875,2022-03-21T15:50:21.453122913Z
1647877821.3194907,2022-03-21T15:50:21.455083101Z
1647877821.3292336,2022-03-21T15:50:21.47925595Z
1647877821.338993,2022-03-21T15:50:21.481669008Z
1647877821.3585536,2022-03-21T15:50:21.495337382Z
1647877821.3781343,2022-03-21T15:50:21.498083161Z
1647877821.348718,2022-03-21T15:50:21.501127238Z
1647877821.3683376,2022-03-21T15:50:21.520979395Z
1647877821.39768,2022-03-21T15:50:21.538802899Z
1647877821.3879342,2022-03-21T15:50:21.549494736Z
1647877821.407433,2022-03-21T15:50:21.559185269Z
1647877821.417167,2022-03-21T15:50:21.567194417Z
1647877821.4269257,2022-03-21T15:50:21.574814896Z
1647877821.4561596,2022-03-21T15:50:21.579658869Z
1647877821.4366739,2022-03-21T15:50:21.581619724Z
1647877821.4659388,2022-03-21T15:50:21.584982273Z
1647877821.4756916,2022-03-21T15:50:21.602042178Z
1647877821.5049076,2022-03-21T15:50:21.605448005Z
1647877821.4853935,2022-03-21T15:50:21.607998379Z
1647877821.4464376,2022-03-21T15:50:21.610580466Z
1647877821.4951725,2022-03-21T15:50:21.621950396Z
1647877821.5146847,2022-03-21T15:50:21.633186565Z
1647877821.5341456,2022-03-21T15:50:21.646960889Z
1647877821.5438735,2022-03-21T15:50:21.652382898Z
1647877821.5243928,2022-03-21T15:50:21.654635512Z
1647877821.5535076,2022-03-21T15:50:21.660001019Z
1647877821.563242,2022-03-21T15:50:21.663232955Z
1647877821.573055,2022-03-21T15:50:21.671770357Z
1647877821.592689,2022-03-21T15:50:21.678185087Z
1647877821.5829067,2022-03-21T15:50:21.682038371Z
1647877821.602558,2022-03-21T15:50:21.697626615Z
1647877821.622029,2022-03-21T15:50:21.703624421Z
1647877821.6318202,2022-03-21T15:50:21.706681928Z
1647877821.612271,2022-03-21T15:50:21.7138775Z
1647877821.6512601,2022-03-21T15:50:21.718422492Z
1647877821.6611404,2022-03-21T15:50:21.726073124Z
1647877821.6415484,2022-03-21T15:50:21.740695719Z
1647877821.6709294,2022-03-21T15:50:21.746291225Z
1647877821.6905122,2022-03-21T15:50:21.748827267Z
1647877821.680693,2022-03-21T15:50:21.753761559Z
1647877821.7002022,2022-03-21T15:50:21.755155095Z
1647877821.7100065,2022-03-21T15:50:21.762101273Z
1647877821.719791,2022-03-21T15:50:21.768907883Z
1647877821.7295704,2022-03-21T15:50:21.772359611Z
1647877821.7393088,2022-03-21T15:50:21.780981785Z
1647877821.7588246,2022-03-21T15:50:21.786510838Z
1647877821.7489865,2022-03-21T15:50:21.788782295Z
1647877821.7685761,2022-03-21T15:50:21.806061738Z
1647877821.7783964,2022-03-21T15:50:21.814945944Z
1647877821.7881825,2022-03-21T15:50:21.827667178Z
1647877821.7979198,2022-03-21T15:50:21.830558594Z
1647877821.807631,2022-03-21T15:50:21.834944822Z
1647877821.8173788,2022-03-21T15:50:21.839130308Z
1647877821.8271341,2022-03-21T15:50:21.844850603Z
1647877821.8368895,2022-03-21T15:50:21.850092882Z
1647877821.84664,2022-03-21T15:50:21.858326534Z
1647877821.8563979,2022-03-21T15:50:21.869109679Z
1647877821.866143,2022-03-21T15:50:21.87948042Z
1647877821.8759031,2022-03-21T15:50:21.885582575Z
1647877821.8856113,2022-03-21T15:50:21.901240254Z
1647877821.895339,2022-03-21T15:50:21.907868563Z
1647877821.905112,2022-03-21T15:50:21.920183247Z
1647877821.9148526,2022-03-21T15:50:21.926242172Z
1647877821.9245787,2022-03-21T15:50:21.939765617Z
1647877821.9343011,2022-03-21T15:50:21.946344074Z
1647877821.9441144,2022-03-21T15:50:21.956900824Z
1647877821.9538803,2022-03-21T15:50:21.966663096Z
1647877821.9635828,2022-03-21T15:50:21.977183788Z
1647877821.9732974,2022-03-21T15:50:21.985016Z
1647877821.983038,2022-03-21T15:50:21.996083241Z
1647877821.9927979,2022-03-21T15:50:22.014751984Z
1647877822.0025864,2022-03-21T15:50:22.027845414Z
1647877822.0123105,2022-03-21T15:50:22.037312271Z
1647877822.022027,2022-03-21T15:50:22.04158337Z
1647877822.0317326,2022-03-21T15:50:22.051916412Z
1647877822.0414376,2022-03-21T15:50:22.056019761Z
1647877822.0511868,2022-03-21T15:50:22.061693932Z
1647877822.0609372,2022-03-21T15:50:22.074242047Z
1647877822.0707169,2022-03-21T15:50:22.082444209Z
1647877822.0803869,2022-03-21T15:50:22.096650427Z
1647877822.090108,2022-03-21T15:50:22.115858834Z
1647877822.0997715,2022-03-21T15:50:22.132376393Z
1647877822.109385,2022-03-21T15:50:22.141409764Z
1647877822.1190047,2022-03-21T15:50:22.157866143Z
1647877822.128602,2022-03-21T15:50:22.168451041Z
1647877822.1381834,2022-03-21T15:50:22.183716481Z
1647877822.1478002,2022-03-21T15:50:22.187971833Z
1647877822.1574025,2022-03-21T15:50:22.197385778Z
1647877822.1670542,2022-03-21T15:50:22.205442544Z
1647877822.1767132,2022-03-21T15:50:22.213283697Z
1647877822.1863089,2022-03-21T15:50:22.217894982Z
1647877822.1959398,2022-03-21T15:50:22.225987304Z
1647877822.2055562,2022-03-21T15:50:22.250349503Z
1647877822.2151692,2022-03-21T15:50:22.281569015Z
1647877822.224847,2022-03-21T15:50:22.287090383Z
1647877822.2345786,2022-03-21T15:50:22.302640328Z
1647877822.2442763,2022-03-21T15:50:22.309223627Z
1647877822.253998,2022-03-21T15:50:22.319775567Z
1647877822.263742,2022-03-21T15:50:22.32471581Z
1647877822.2830932,2022-03-21T15:50:22.330868434Z
1647877822.2734308,2022-03-21T15:50:22.333235169Z
1647877822.2928164,2022-03-21T15:50:22.337685866Z
1647877822.3025565,2022-03-21T15:50:22.343295593Z
1647877822.3122008,2022-03-21T15:50:22.351363195Z
1647877822.3312497,2022-03-21T15:50:22.356128233Z
1647877822.340933,2022-03-21T15:50:22.372736515Z
1647877822.3505557,2022-03-21T15:50:22.398743128Z
1647877822.360065,2022-03-21T15:50:22.40500282Z
1647877822.3695953,2022-03-21T15:50:22.424538652Z
1647877822.3791497,2022-03-21T15:50:22.433338836Z
1647877822.3887267,2022-03-21T15:50:22.444670464Z
1647877822.3982112,2022-03-21T15:50:22.459036982Z
1647877822.40775,2022-03-21T15:50:22.473443683Z
1647877822.4172952,2022-03-21T15:50:22.481436634Z
1647877822.4268126,2022-03-21T15:50:22.486999583Z
1647877822.4363112,2022-03-21T15:50:22.524338467Z
1647877822.4458365,2022-03-21T15:50:22.545571325Z
1647877822.455329,2022-03-21T15:50:22.554938676Z
1647877822.4648497,2022-03-21T15:50:22.564189538Z
1647877822.474514,2022-03-21T15:50:22.572828537Z
1647877822.4844308,2022-03-21T15:50:22.583851723Z
1647877822.5325174,2022-03-21T15:50:22.605738037Z
1647877822.4940534,2022-03-21T15:50:22.610015451Z
1647877822.513253,2022-03-21T15:50:22.613335348Z
1647877822.5036561,2022-03-21T15:50:22.616793322Z
1647877822.522904,2022-03-21T15:50:22.618345884Z
1647877822.5420706,2022-03-21T15:50:22.620587455Z
1647877822.5516405,2022-03-21T15:50:22.632903878Z
1647877822.5708098,2022-03-21T15:50:22.642347545Z
1647877822.5612028,2022-03-21T15:50:22.645604195Z
1647877822.599551,2022-03-21T15:50:22.647788423Z
1647877822.580371,2022-03-21T15:50:22.650323166Z
1647877822.6091146,2022-03-21T15:50:22.6532237Z
1647877822.5899625,2022-03-21T15:50:22.656020941Z
1647877822.6186795,2022-03-21T15:50:22.664244489Z
1647877822.6282508,2022-03-21T15:50:22.675732146Z
1647877822.6378393,2022-03-21T15:50:22.681448813Z
1647877822.6484325,2022-03-21T15:50:22.683532991Z
1647877822.657878,2022-03-21T15:50:22.689938258Z
1647877822.6674335,2022-03-21T15:50:22.692491706Z
1647877822.677016,2022-03-21T15:50:22.697295449Z
1647877822.6866133,2022-03-21T15:50:22.702843523Z
1647877822.696178,2022-03-21T15:50:22.706055039Z
1647877822.7057707,2022-03-21T15:50:22.714183069Z
1647877822.7153347,2022-03-21T15:50:22.724629682Z
1647877822.7249155,2022-03-21T15:50:22.734248754Z
1647877822.7345407,2022-03-21T15:50:22.742933085Z
1647877822.7441046,2022-03-21T15:50:22.75395519Z
1647877822.7536654,2022-03-21T15:50:22.765115768Z
1647877822.7632077,2022-03-21T15:50:22.772754321Z
1647877822.7728066,2022-03-21T15:50:22.782014977Z
1647877822.782396,2022-03-21T15:50:22.800024903Z
1647877822.7919905,2022-03-21T15:50:22.804511232Z
1647877822.8015761,2022-03-21T15:50:22.811426727Z
1647877822.811149,2022-03-21T15:50:22.819123231Z
1647877822.8207467,2022-03-21T15:50:22.829921664Z
1647877822.8303502,2022-03-21T15:50:22.839354653Z
1647877822.8399792,2022-03-21T15:50:22.849646658Z
1647877822.8494473,2022-03-21T15:50:22.861624537Z
1647877822.858994,2022-03-21T15:50:22.873509759Z
1647877822.868558,2022-03-21T15:50:22.891047501Z
1647877822.8781116,2022-03-21T15:50:22.900898647Z
1647877822.8877058,2022-03-21T15:50:22.906122697Z
1647877822.8972664,2022-03-21T15:50:22.909912868Z
1647877822.9068475,2022-03-21T15:50:22.916430253Z
1647877822.9163783,2022-03-21T15:50:22.925899272Z
1647877822.9259424,2022-03-21T15:50:22.93493311Z
1647877822.9355507,2022-03-21T15:50:22.944567342Z
1647877822.9451258,2022-03-21T15:50:22.954862751Z
1647877822.9547212,2022-03-21T15:50:22.964552343Z
1647877822.9642882,2022-03-21T15:50:22.973635629Z
1647877822.973858,2022-03-21T15:50:22.982101097Z
1647877822.983419,2022-03-21T15:50:22.994207017Z
1647877822.993018,2022-03-21T15:50:23.00301957Z
1647877823.0025973,2022-03-21T15:50:23.011452566Z
1647877823.0121658,2022-03-21T15:50:23.021993762Z
1647877823.021754,2022-03-21T15:50:23.030585871Z
1647877823.0313284,2022-03-21T15:50:23.04016523Z
1647877823.040916,2022-03-21T15:50:23.049526325Z
1647877823.050519,2022-03-21T15:50:23.064258351Z
1647877823.0600939,2022-03-21T15:50:23.071336579Z
1647877823.0696402,2022-03-21T15:50:23.078944293Z
1647877823.0792246,2022-03-21T15:50:23.090692906Z
1647877823.0888162,2022-03-21T15:50:23.100375521Z
1647877823.0984154,2022-03-21T15:50:23.111749654Z
1647877823.1080012,2022-03-21T15:50:23.119079056Z
1647877823.117568,2022-03-21T15:50:23.130257532Z
1647877823.1271427,2022-03-21T15:50:23.140102614Z
1647877823.1366801,2022-03-21T15:50:23.14870034Z
1647877823.1462126,2022-03-21T15:50:23.161443328Z
1647877823.1597223,2022-03-21T15:50:23.17163025Z
1647877823.1696143,2022-03-21T15:50:23.181264169Z
1647877823.1791768,2022-03-21T15:50:23.190739205Z
1647877823.1887634,2022-03-21T15:50:23.21193362Z
1647877823.1983528,2022-03-21T15:50:23.216432672Z
1647877823.2079155,2022-03-21T15:50:23.22360244Z
1647877823.2175126,2022-03-21T15:50:23.22934513Z
1647877823.2270865,2022-03-21T15:50:23.23778814Z
1647877823.2366595,2022-03-21T15:50:23.246238232Z
1647877823.2462234,2022-03-21T15:50:23.258029561Z
1647877823.2558155,2022-03-21T15:50:23.267136168Z
1647877823.2653787,2022-03-21T15:50:23.277532908Z
1647877823.274959,2022-03-21T15:50:23.285512425Z
1647877823.284546,2022-03-21T15:50:23.294829543Z
1647877823.2941074,2022-03-21T15:50:23.304144701Z
1647877823.3036656,2022-03-21T15:50:23.314592401Z
1647877823.3132288,2022-03-21T15:50:23.325153748Z
1647877823.3228192,2022-03-21T15:50:23.338245577Z
1647877823.3323786,2022-03-21T15:50:23.347956925Z
1647877823.3419776,2022-03-21T15:50:23.356714156Z
1647877823.351566,2022-03-21T15:50:23.367104479Z
1647877823.3610628,2022-03-21T15:50:23.372935621Z
1647877823.3706582,2022-03-21T15:50:23.380199805Z
1647877823.3802228,2022-03-21T15:50:23.389712998Z
1647877823.389822,2022-03-21T15:50:23.39883391Z
1647877823.399345,2022-03-21T15:50:23.408439438Z
1647877823.40894,2022-03-21T15:50:23.420681476Z
1647877823.4185593,2022-03-21T15:50:23.428142133Z
1647877823.428135,2022-03-21T15:50:23.436733941Z
1647877823.437715,2022-03-21T15:50:23.446326897Z
1647877823.4472573,2022-03-21T15:50:23.455710719Z
1647877823.4568465,2022-03-21T15:50:23.465986465Z
1647877823.4664416,2022-03-21T15:50:23.475430155Z
1647877823.4765105,2022-03-21T15:50:23.485795063Z
1647877823.4860792,2022-03-21T15:50:23.494243739Z
1647877823.4956095,2022-03-21T15:50:23.504052109Z
1647877823.5051694,2022-03-21T15:50:23.513310657Z
1647877823.5147643,2022-03-21T15:50:23.535760367Z
1647877823.5243208,2022-03-21T15:50:23.539645646Z
1647877823.5338755,2022-03-21T15:50:23.549449112Z
1647877823.5434551,2022-03-21T15:50:23.554307499Z
1647877823.5530553,2022-03-21T15:50:23.563265041Z
1647877823.562656,2022-03-21T15:50:23.571911703Z
1647877823.572202,2022-03-21T15:50:23.580757278Z
1647877823.5817804,2022-03-21T15:50:23.590265122Z
1647877823.5913236,2022-03-21T15:50:23.601420198Z
1647877823.6009173,2022-03-21T15:50:23.611356604Z
1647877823.6105196,2022-03-21T15:50:23.621094442Z
1647877823.6200843,2022-03-21T15:50:23.63117508Z
1647877823.629816,2022-03-21T15:50:23.642446461Z
1647877823.6393843,2022-03-21T15:50:23.649482684Z
1647877823.648929,2022-03-21T15:50:23.659707005Z
1647877823.6585195,2022-03-21T15:50:23.668728176Z
1647877823.6679757,2022-03-21T15:50:23.678174507Z
1647877823.6775599,2022-03-21T15:50:23.686556312Z
1647877823.6870878,2022-03-21T15:50:23.697172818Z
1647877823.6966228,2022-03-21T15:50:23.70591992Z
1647877823.7061698,2022-03-21T15:50:23.716411929Z
1647877823.7157464,2022-03-21T15:50:23.725490869Z
1647877823.7253036,2022-03-21T15:50:23.734902022Z
1647877823.734851,2022-03-21T15:50:23.746141448Z
1647877823.7444103,2022-03-21T15:50:23.76754779Z
1647877823.7539957,2022-03-21T15:50:23.779618884Z
1647877823.7635593,2022-03-21T15:50:23.785490883Z
1647877823.7731192,2022-03-21T15:50:23.790352236Z
1647877823.7826278,2022-03-21T15:50:23.798079212Z
1647877823.7921493,2022-03-21T15:50:23.804265446Z
1647877823.8021095,2022-03-21T15:50:23.813397067Z
1647877823.811665,2022-03-21T15:50:23.820408511Z
1647877823.8212216,2022-03-21T15:50:23.831504205Z
1647877823.8308172,2022-03-21T15:50:23.84187672Z
1647877823.8403752,2022-03-21T15:50:23.85419403Z
1647877823.849854,2022-03-21T15:50:23.865231866Z
1647877823.859396,2022-03-21T15:50:23.875391545Z
1647877823.8689842,2022-03-21T15:50:23.882211412Z
1647877823.8785691,2022-03-21T15:50:23.890922568Z
1647877823.8880968,2022-03-21T15:50:23.899745304Z
1647877823.8976707,2022-03-21T15:50:23.906953697Z
1647877823.9072351,2022-03-21T15:50:23.917718715Z
1647877823.9168282,2022-03-21T15:50:23.925313483Z
1647877823.9264061,2022-03-21T15:50:23.934750149Z
1647877823.9360008,2022-03-21T15:50:23.946603366Z
1647877823.9455788,2022-03-21T15:50:23.953799802Z
1647877823.9551315,2022-03-21T15:50:23.965648735Z
1647877823.9647179,2022-03-21T15:50:23.975552166Z
1647877823.9742188,2022-03-21T15:50:23.985527801Z
1647877823.9836688,2022-03-21T15:50:23.995134627Z
1647877823.993141,2022-03-21T15:50:24.005130114Z
1647877824.002641,2022-03-21T15:50:24.025828694Z
1647877824.0122209,2022-03-21T15:50:24.039965909Z
1647877824.0217075,2022-03-21T15:50:24.048962768Z
1647877824.0312154,2022-03-21T15:50:24.061453878Z
1647877824.0408015,2022-03-21T15:50:24.078077753Z
1647877824.050405,2022-03-21T15:50:24.087025807Z
1647877824.0599542,2022-03-21T15:50:24.101906239Z
1647877824.06954,2022-03-21T15:50:24.105926118Z
1647877824.0790894,2022-03-21T15:50:24.107954388Z
1647877824.0886636,2022-03-21T15:50:24.121650302Z
1647877824.0982366,2022-03-21T15:50:24.122329948Z
1647877824.1078336,2022-03-21T15:50:24.135288706Z
1647877824.1174014,2022-03-21T15:50:24.136873707Z
1647877824.1269886,2022-03-21T15:50:24.144845877Z
1647877824.136568,2022-03-21T15:50:24.149623272Z
1647877824.146131,2022-03-21T15:50:24.157933106Z
1647877824.1557245,2022-03-21T15:50:24.167500783Z
1647877824.1652896,2022-03-21T15:50:24.18223719Z
1647877824.1748714,2022-03-21T15:50:24.189607577Z
1647877824.1843984,2022-03-21T15:50:24.201900246Z
1647877824.1939914,2022-03-21T15:50:24.20571452Z
1647877824.2035403,2022-03-21T15:50:24.213500079Z
1647877824.2130682,2022-03-21T15:50:24.222632784Z
1647877824.2226675,2022-03-21T15:50:24.231615769Z
1647877824.23221,2022-03-21T15:50:24.247975382Z
1647877824.2417867,2022-03-21T15:50:24.254813786Z
1647877824.251359,2022-03-21T15:50:24.261217084Z
1647877824.2609105,2022-03-21T15:50:24.271021872Z
1647877824.2705312,2022-03-21T15:50:24.278764599Z
1647877824.280006,2022-03-21T15:50:24.289870982Z
1647877824.289589,2022-03-21T15:50:24.301266488Z
1647877824.299156,2022-03-21T15:50:24.308109921Z
1647877824.3087542,2022-03-21T15:50:24.317592057Z
1647877824.3183668,2022-03-21T15:50:24.327944049Z
1647877824.3279543,2022-03-21T15:50:24.33882072Z
1647877824.337432,2022-03-21T15:50:24.347807125Z
1647877824.3470185,2022-03-21T15:50:24.356898182Z
1647877824.3565938,2022-03-21T15:50:24.365221358Z
1647877824.3661358,2022-03-21T15:50:24.376848107Z
1647877824.3757288,2022-03-21T15:50:24.387293138Z
1647877824.3852656,2022-03-21T15:50:24.396304486Z
1647877824.3948476,2022-03-21T15:50:24.405446081Z
1647877824.4044216,2022-03-21T15:50:24.415706606Z
1647877824.4140112,2022-03-21T15:50:24.42595901Z
1647877824.4235744,2022-03-21T15:50:24.43324951Z
1647877824.4331343,2022-03-21T15:50:24.448532597Z
1647877824.4427302,2022-03-21T15:50:24.460350808Z
1647877824.4523053,2022-03-21T15:50:24.471766681Z
1647877824.461893,2022-03-21T15:50:24.478811345Z
1647877824.471497,2022-03-21T15:50:24.484594225Z
1647877824.4810448,2022-03-21T15:50:24.493510404Z
1647877824.4906507,2022-03-21T15:50:24.516888369Z
1647877824.500207,2022-03-21T15:50:24.518558837Z
1647877824.5098035,2022-03-21T15:50:24.526945409Z
1647877824.519366,2022-03-21T15:50:24.536506183Z
1647877824.5289857,2022-03-21T15:50:24.547520567Z
1647877824.5385768,2022-03-21T15:50:24.554938649Z
1647877824.5481262,2022-03-21T15:50:24.57135845Z
1647877824.5577168,2022-03-21T15:50:24.576802426Z
1647877824.5672812,2022-03-21T15:50:24.582351828Z
1647877824.5768747,2022-03-21T15:50:24.59947761Z
1647877824.586486,2022-03-21T15:50:24.614038074Z
1647877824.5960095,2022-03-21T15:50:24.617435965Z
1647877824.6055753,2022-03-21T15:50:24.624385263Z
1647877824.6151555,2022-03-21T15:50:24.632917779Z
1647877824.6247451,2022-03-21T15:50:24.638131137Z
1647877824.6343496,2022-03-21T15:50:24.647481008Z
1647877824.6439419,2022-03-21T15:50:24.654315591Z
1647877824.6535435,2022-03-21T15:50:24.664815561Z
1647877824.6631045,2022-03-21T15:50:24.674185627Z
1647877824.6726594,2022-03-21T15:50:24.682954342Z
1647877824.6821878,2022-03-21T15:50:24.69219282Z
1647877824.6917126,2022-03-21T15:50:24.701296534Z
1647877824.701268,2022-03-21T15:50:24.710974476Z
1647877824.7108657,2022-03-21T15:50:24.720611315Z
1647877824.720442,2022-03-21T15:50:24.729781703Z
1647877824.730039,2022-03-21T15:50:24.742172028Z
1647877824.739612,2022-03-21T15:50:24.750391395Z
1647877824.7491837,2022-03-21T15:50:24.759856033Z
1647877824.7587752,2022-03-21T15:50:24.76865228Z
1647877824.7684371,2022-03-21T15:50:24.77848313Z
1647877824.778029,2022-03-21T15:50:24.787827608Z
1647877824.7876081,2022-03-21T15:50:24.797412652Z
1647877824.7971542,2022-03-21T15:50:24.806525126Z
1647877824.8067565,2022-03-21T15:50:24.817168042Z
1647877824.8163223,2022-03-21T15:50:24.826774108Z
1647877824.8259053,2022-03-21T15:50:24.83967639Z
1647877824.8354957,2022-03-21T15:50:24.845747606Z
1647877824.8450606,2022-03-21T15:50:24.854801879Z
1647877824.8546636,2022-03-21T15:50:24.864229268Z
1647877824.8642235,2022-03-21T15:50:24.874014953Z
1647877824.873811,2022-03-21T15:50:24.883165554Z
1647877824.883375,2022-03-21T15:50:24.892765626Z
1647877824.892966,2022-03-21T15:50:24.902546221Z
1647877824.902561,2022-03-21T15:50:24.911858266Z
1647877824.9121263,2022-03-21T15:50:24.921597016Z
1647877824.9217215,2022-03-21T15:50:24.932554372Z
1647877824.931285,2022-03-21T15:50:24.941145492Z
1647877824.9408596,2022-03-21T15:50:24.949221895Z
1647877824.950453,2022-03-21T15:50:24.958336707Z
1647877824.9600582,2022-03-21T15:50:24.968043341Z
1647877824.9696374,2022-03-21T15:50:24.978956674Z
1647877824.979198,2022-03-21T15:50:24.993644378Z
1647877824.9887805,2022-03-21T15:50:25.001528166Z
1647877824.9983523,2022-03-21T15:50:25.008684262Z
1647877825.007931,2022-03-21T15:50:25.016983907Z
1647877825.0175197,2022-03-21T15:50:25.025266847Z
1647877825.0270836,2022-03-21T15:50:25.042133948Z
1647877825.036647,2022-03-21T15:50:25.046069671Z
1647877825.0462132,2022-03-21T15:50:25.054309094Z
1647877825.0558085,2022-03-21T15:50:25.067841948Z
1647877825.0653727,2022-03-21T15:50:25.075731956Z
1647877825.074968,2022-03-21T15:50:25.083913699Z
1647877825.0845194,2022-03-21T15:50:25.092301253Z
1647877825.0940812,2022-03-21T15:50:25.102226096Z
1647877825.1036332,2022-03-21T15:50:25.11496332Z
1647877825.1131988,2022-03-21T15:50:25.122270063Z
1647877825.1227908,2022-03-21T15:50:25.130494241Z
1647877825.132321,2022-03-21T15:50:25.140517737Z
1647877825.141915,2022-03-21T15:50:25.152153458Z
1647877825.1515074,2022-03-21T15:50:25.160416326Z
1647877825.1611176,2022-03-21T15:50:25.170821879Z
1647877825.1706483,2022-03-21T15:50:25.18017811Z
1647877825.1802156,2022-03-21T15:50:25.190123443Z
1647877825.1898017,2022-03-21T15:50:25.201424966Z
1647877825.1993666,2022-03-21T15:50:25.209471646Z
1647877825.208956,2022-03-21T15:50:25.221353842Z
1647877825.2185678,2022-03-21T15:50:25.228570673Z
1647877825.228131,2022-03-21T15:50:25.236060731Z
1647877825.2377274,2022-03-21T15:50:25.245768953Z
1647877825.247299,2022-03-21T15:50:25.25544816Z
1647877825.2568927,2022-03-21T15:50:25.265546662Z
1647877825.2665155,2022-03-21T15:50:25.275389678Z
1647877825.276057,2022-03-21T15:50:25.285250795Z
1647877825.285591,2022-03-21T15:50:25.293761689Z
1647877825.2951567,2022-03-21T15:50:25.304706917Z
1647877825.304767,2022-03-21T15:50:25.313612862Z
1647877825.314364,2022-03-21T15:50:25.326078084Z
1647877825.32395,2022-03-21T15:50:25.33229464Z
1647877825.3334994,2022-03-21T15:50:25.345091349Z
1647877825.343046,2022-03-21T15:50:25.351834819Z
1647877825.352612,2022-03-21T15:50:25.361412942Z
1647877825.362094,2022-03-21T15:50:25.370300303Z
1647877825.3716247,2022-03-21T15:50:25.380242327Z
1647877825.3811886,2022-03-21T15:50:25.389755309Z
1647877825.3907437,2022-03-21T15:50:25.39877775Z
1647877825.400324,2022-03-21T15:50:25.409538233Z
1647877825.4098768,2022-03-21T15:50:25.422291163Z
1647877825.4194388,2022-03-21T15:50:25.429806935Z
1647877825.4290318,2022-03-21T15:50:25.438771913Z
1647877825.438634,2022-03-21T15:50:25.448487208Z
1647877825.4481988,2022-03-21T15:50:25.461239176Z
1647877825.4577863,2022-03-21T15:50:25.468824493Z
1647877825.467346,2022-03-21T15:50:25.516541054Z
1647877825.4865584,2022-03-21T15:50:25.520954769Z
1647877825.4769406,2022-03-21T15:50:25.526075598Z
1647877825.4961293,2022-03-21T15:50:25.528884413Z
1647877825.505739,2022-03-21T15:50:25.53899304Z
1647877825.5152714,2022-03-21T15:50:25.548620017Z
1647877825.5248656,2022-03-21T15:50:25.551227774Z
1647877825.5345237,2022-03-21T15:50:25.555261968Z
1647877825.5440712,2022-03-21T15:50:25.560484711Z
1647877825.5536425,2022-03-21T15:50:25.565321519Z
1647877825.5631812,2022-03-21T15:50:25.573574675Z
1647877825.5727668,2022-03-21T15:50:25.582310697Z
1647877825.5823584,2022-03-21T15:50:25.591764787Z
1647877825.5919397,2022-03-21T15:50:25.604869941Z
1647877825.6015222,2022-03-21T15:50:25.613845039Z
1647877825.6110942,2022-03-21T15:50:25.621086206Z
1647877825.6205635,2022-03-21T15:50:25.630123725Z
1647877825.6301234,2022-03-21T15:50:25.640768593Z
1647877825.6397197,2022-03-21T15:50:25.649991563Z
1647877825.6492946,2022-03-21T15:50:25.659710829Z
1647877825.6588414,2022-03-21T15:50:25.668114612Z
1647877825.6684048,2022-03-21T15:50:25.677875353Z
1647877825.677988,2022-03-21T15:50:25.688442466Z
1647877825.687558,2022-03-21T15:50:25.696850504Z
1647877825.6971276,2022-03-21T15:50:25.70492366Z
1647877825.7066684,2022-03-21T15:50:25.715729895Z
1647877825.7162273,2022-03-21T15:50:25.725979204Z
1647877825.7258034,2022-03-21T15:50:25.735087258Z
1647877825.735357,2022-03-21T15:50:25.743643311Z
1647877825.744956,2022-03-21T15:50:25.754056107Z
1647877825.75456,2022-03-21T15:50:25.764266211Z
1647877825.7641215,2022-03-21T15:50:25.774918859Z
1647877825.7736819,2022-03-21T15:50:25.782712343Z
1647877825.783233,2022-03-21T15:50:25.793777872Z
1647877825.792816,2022-03-21T15:50:25.802868006Z
1647877825.802409,2022-03-21T15:50:25.812995888Z
1647877825.8120089,2022-03-21T15:50:25.820926101Z
1647877825.8215206,2022-03-21T15:50:25.829506128Z
1647877825.8310742,2022-03-21T15:50:25.838913449Z
1647877825.8406389,2022-03-21T15:50:25.849413229Z
1647877825.850224,2022-03-21T15:50:25.858962442Z
1647877825.8597784,2022-03-21T15:50:25.869934139Z
1647877825.8693404,2022-03-21T15:50:25.878155359Z
1647877825.8789265,2022-03-21T15:50:25.887378699Z
1647877825.8885117,2022-03-21T15:50:25.896388141Z
1647877825.898075,2022-03-21T15:50:25.907081402Z
1647877825.9077775,2022-03-21T15:50:25.916630769Z
1647877825.9173439,2022-03-21T15:50:25.925710331Z
1647877825.926893,2022-03-21T15:50:25.941707388Z
1647877825.9364212,2022-03-21T15:50:25.948409159Z
1647877825.9460058,2022-03-21T15:50:25.95666677Z
1647877825.955554,2022-03-21T15:50:25.966050792Z
1647877825.9651155,2022-03-21T15:50:25.97312121Z
1647877825.974653,2022-03-21T15:50:25.983589553Z
1647877825.984218,2022-03-21T15:50:25.993018965Z
1647877825.9937782,2022-03-21T15:50:26.003350253Z
1647877826.003304,2022-03-21T15:50:26.010890797Z
1647877826.0128691,2022-03-21T15:50:26.023281497Z
1647877826.0224988,2022-03-21T15:50:26.030213192Z
1647877826.0320585,2022-03-21T15:50:26.040605779Z
1647877826.0416207,2022-03-21T15:50:26.050502706Z
1647877826.0511854,2022-03-21T15:50:26.059559483Z
1647877826.06077,2022-03-21T15:50:26.069621447Z
1647877826.070342,2022-03-21T15:50:26.079211001Z
1647877826.0799232,2022-03-21T15:50:26.088005449Z
1647877826.089497,2022-03-21T15:50:26.102622621Z
1647877826.0990605,2022-03-21T15:50:26.108055162Z
1647877826.1086407,2022-03-21T15:50:26.120617585Z
1647877826.1181686,2022-03-21T15:50:26.126957565Z
1647877826.12769,2022-03-21T15:50:26.137628406Z
1647877826.1372545,2022-03-21T15:50:26.145532051Z
1647877826.1469264,2022-03-21T15:50:26.157121554Z
1647877826.1564822,2022-03-21T15:50:26.163832954Z
1647877826.1660237,2022-03-21T15:50:26.174852516Z
1647877826.1755724,2022-03-21T15:50:26.185316739Z
1647877826.1851335,2022-03-21T15:50:26.197222833Z
1647877826.1947277,2022-03-21T15:50:26.203769653Z
1647877826.2042894,2022-03-21T15:50:26.21347792Z
1647877826.2138822,2022-03-21T15:50:26.22400473Z
1647877826.223448,2022-03-21T15:50:26.23191243Z
1647877826.23295,2022-03-21T15:50:26.240402604Z
1647877826.242576,2022-03-21T15:50:26.259611866Z
1647877826.2521389,2022-03-21T15:50:26.266041091Z
1647877826.2616954,2022-03-21T15:50:26.281944801Z
1647877826.271225,2022-03-21T15:50:26.284522457Z
1647877826.2808115,2022-03-21T15:50:26.294168087Z
1647877826.290406,2022-03-21T15:50:26.301723828Z
1647877826.3000016,2022-03-21T15:50:26.31713756Z
1647877826.309577,2022-03-21T15:50:26.326913035Z
1647877826.3190944,2022-03-21T15:50:26.33702032Z
1647877826.3286064,2022-03-21T15:50:26.341635081Z
1647877826.338111,2022-03-21T15:50:26.348723874Z
1647877826.347626,2022-03-21T15:50:26.357441553Z
1647877826.3571393,2022-03-21T15:50:26.375478782Z
1647877826.3667266,2022-03-21T15:50:26.381424566Z
1647877826.3762877,2022-03-21T15:50:26.387566575Z
1647877826.3858416,2022-03-21T15:50:26.395927577Z
1647877826.3953688,2022-03-21T15:50:26.404443748Z
1647877826.4049163,2022-03-21T15:50:26.413054299Z
1647877826.4145293,2022-03-21T15:50:26.422715104Z
1647877826.4240613,2022-03-21T15:50:26.431932345Z
1647877826.4336262,2022-03-21T15:50:26.441870343Z
1647877826.4431815,2022-03-21T15:50:26.451091578Z
1647877826.4527197,2022-03-21T15:50:26.460381909Z
1647877826.462279,2022-03-21T15:50:26.469704328Z
1647877826.471827,2022-03-21T15:50:26.480099869Z
1647877826.4813502,2022-03-21T15:50:26.489136053Z
1647877826.4908574,2022-03-21T15:50:26.498630374Z
1647877826.500359,2022-03-21T15:50:26.508271877Z
1647877826.509903,2022-03-21T15:50:26.517742518Z
1647877826.519429,2022-03-21T15:50:26.528179275Z
1647877826.5290253,2022-03-21T15:50:26.536860481Z
1647877826.5385706,2022-03-21T15:50:26.54657451Z
1647877826.5480554,2022-03-21T15:50:26.556006557Z
1647877826.5575576,2022-03-21T15:50:26.565118875Z
1647877826.5670743,2022-03-21T15:50:26.574353526Z
1647877826.5766237,2022-03-21T15:50:26.585096464Z
1647877826.5861452,2022-03-21T15:50:26.593353923Z
1647877826.5956974,2022-03-21T15:50:26.603397268Z
1647877826.6052012,2022-03-21T15:50:26.612791677Z
1647877826.6147377,2022-03-21T15:50:26.623164605Z
1647877826.6242416,2022-03-21T15:50:26.63441368Z
1647877826.6337843,2022-03-21T15:50:26.642343926Z
1647877826.6432636,2022-03-21T15:50:26.651505655Z
1647877826.6527724,2022-03-21T15:50:26.672742816Z
1647877826.6623433,2022-03-21T15:50:26.689999876Z
1647877826.6719027,2022-03-21T15:50:26.704671893Z
1647877826.681441,2022-03-21T15:50:26.718928017Z
1647877826.6909845,2022-03-21T15:50:26.734637711Z
1647877826.700561,2022-03-21T15:50:26.743332472Z
1647877826.7101061,2022-03-21T15:50:26.752509182Z
1647877826.7196667,2022-03-21T15:50:26.758564873Z
1647877826.7291958,2022-03-21T15:50:26.7735847Z
1647877826.7386894,2022-03-21T15:50:26.776358185Z
1647877826.7482312,2022-03-21T15:50:26.780562834Z
1647877826.757781,2022-03-21T15:50:26.788748047Z
1647877826.7673008,2022-03-21T15:50:26.791525166Z
1647877826.7768455,2022-03-21T15:50:26.799178525Z
1647877826.786365,2022-03-21T15:50:26.809210942Z
1647877826.7958915,2022-03-21T15:50:26.813584719Z
1647877826.8053777,2022-03-21T15:50:26.817788205Z
1647877826.8148854,2022-03-21T15:50:26.825321632Z
1647877826.824455,2022-03-21T15:50:26.835365799Z
1647877826.8339875,2022-03-21T15:50:26.845140223Z
1647877826.8435755,2022-03-21T15:50:26.855041545Z
1647877826.8531554,2022-03-21T15:50:26.864510281Z
1647877826.8626783,2022-03-21T15:50:26.873516302Z
1647877826.8722157,2022-03-21T15:50:26.883192121Z
1647877826.8817766,2022-03-21T15:50:26.892629905Z
1647877826.8913422,2022-03-21T15:50:26.901698171Z
1647877826.9009516,2022-03-21T15:50:26.921362954Z
1647877826.9105413,2022-03-21T15:50:26.926925837Z
1647877826.9200609,2022-03-21T15:50:26.93744577Z
1647877826.9296126,2022-03-21T15:50:26.956149728Z
1647877826.9392142,2022-03-21T15:50:26.965561815Z
1647877826.9488256,2022-03-21T15:50:26.966938501Z
1647877826.9583957,2022-03-21T15:50:26.976033317Z
1647877826.9679675,2022-03-21T15:50:26.984857233Z
1647877826.9775572,2022-03-21T15:50:26.990860905Z
1647877826.9871135,2022-03-21T15:50:26.998860818Z
1647877826.996663,2022-03-21T15:50:27.01271759Z
1647877827.0062308,2022-03-21T15:50:27.020195658Z
1647877827.015826,2022-03-21T15:50:27.027423967Z
1647877827.0254073,2022-03-21T15:50:27.036288397Z
1647877827.0349722,2022-03-21T15:50:27.046601637Z
1647877827.0445933,2022-03-21T15:50:27.056956483Z
1647877827.0541253,2022-03-21T15:50:27.076559906Z
1647877827.0637345,2022-03-21T15:50:27.082570289Z
1647877827.0732677,2022-03-21T15:50:27.090325436Z
1647877827.0828323,2022-03-21T15:50:27.098031121Z
1647877827.0924006,2022-03-21T15:50:27.105499999Z
1647877827.1019983,2022-03-21T15:50:27.114368475Z
1647877827.1115751,2022-03-21T15:50:27.126073808Z
1647877827.1211498,2022-03-21T15:50:27.134986742Z
1647877827.130669,2022-03-21T15:50:27.143860555Z
1647877827.1401863,2022-03-21T15:50:27.152652055Z
1647877827.1497438,2022-03-21T15:50:27.169319902Z
1647877827.1593106,2022-03-21T15:50:27.18314971Z
1647877827.168974,2022-03-21T15:50:27.205240306Z
1647877827.1785867,2022-03-21T15:50:27.206849837Z
1647877827.1881497,2022-03-21T15:50:27.219373839Z
1647877827.1977715,2022-03-21T15:50:27.237368751Z
1647877827.207363,2022-03-21T15:50:27.251658861Z
1647877827.2169788,2022-03-21T15:50:27.258409259Z
1647877827.226622,2022-03-21T15:50:27.281879504Z
1647877827.2458434,2022-03-21T15:50:27.295591509Z
1647877827.2362256,2022-03-21T15:50:27.308370631Z
1647877827.255415,2022-03-21T15:50:27.318810171Z
1647877827.274716,2022-03-21T15:50:27.323135355Z
1647877827.2650523,2022-03-21T15:50:27.326060991Z
1647877827.293877,2022-03-21T15:50:27.334175883Z
1647877827.2842815,2022-03-21T15:50:27.335850037Z
1647877827.3034556,2022-03-21T15:50:27.340678889Z
1647877827.3131423,2022-03-21T15:50:27.34324401Z
1647877827.322751,2022-03-21T15:50:27.348717792Z
1647877827.3323026,2022-03-21T15:50:27.353283922Z
1647877827.3419101,2022-03-21T15:50:27.359609471Z
1647877827.3515034,2022-03-21T15:50:27.3662585Z
1647877827.3611143,2022-03-21T15:50:27.3748106Z
1647877827.370718,2022-03-21T15:50:27.38319214Z
1647877827.3802588,2022-03-21T15:50:27.393339641Z
1647877827.3898232,2022-03-21T15:50:27.403147275Z
1647877827.399403,2022-03-21T15:50:27.411771317Z
1647877827.4090002,2022-03-21T15:50:27.419485533Z
1647877827.4186044,2022-03-21T15:50:27.428246752Z
1647877827.4281843,2022-03-21T15:50:27.43741475Z
1647877827.4377427,2022-03-21T15:50:27.44736868Z
1647877827.4473016,2022-03-21T15:50:27.456419697Z
1647877827.4568377,2022-03-21T15:50:27.467979389Z
1647877827.4664083,2022-03-21T15:50:27.476767295Z
1647877827.476004,2022-03-21T15:50:27.488441235Z
1647877827.485575,2022-03-21T15:50:27.504564231Z
1647877827.4951482,2022-03-21T15:50:27.507391305Z
1647877827.5047436,2022-03-21T15:50:27.515961382Z
1647877827.5148404,2022-03-21T15:50:27.527030974Z
1647877827.5244005,2022-03-21T15:50:27.535768188Z
1647877827.5339706,2022-03-21T15:50:27.545578765Z
1647877827.5435617,2022-03-21T15:50:27.555147594Z
1647877827.5531275,2022-03-21T15:50:27.564658764Z
1647877827.5626729,2022-03-21T15:50:27.5723249Z
1647877827.5722408,2022-03-21T15:50:27.581142512Z
1647877827.581857,2022-03-21T15:50:27.591822383Z
1647877827.5914385,2022-03-21T15:50:27.601444049Z
1647877827.6010325,2022-03-21T15:50:27.611587111Z
1647877827.6105983,2022-03-21T15:50:27.621062491Z
1647877827.6201513,2022-03-21T15:50:27.629263826Z
1647877827.629756,2022-03-21T15:50:27.63998607Z
1647877827.639319,2022-03-21T15:50:27.649223626Z
1647877827.648913,2022-03-21T15:50:27.658651877Z
1647877827.6585252,2022-03-21T15:50:27.680271555Z
1647877827.6680765,2022-03-21T15:50:27.685471088Z
1647877827.6776502,2022-03-21T15:50:27.690504024Z
1647877827.6871972,2022-03-21T15:50:27.696195476Z
1647877827.6967623,2022-03-21T15:50:27.705590789Z
1647877827.7063417,2022-03-21T15:50:27.71500658Z
1647877827.7159374,2022-03-21T15:50:27.724733828Z
1647877827.7255187,2022-03-21T15:50:27.733705129Z
1647877827.7350795,2022-03-21T15:50:27.74286628Z
1647877827.7446413,2022-03-21T15:50:27.752992953Z
1647877827.7542026,2022-03-21T15:50:27.764685454Z
1647877827.763708,2022-03-21T15:50:27.771956962Z
1647877827.7731972,2022-03-21T15:50:27.781744183Z
1647877827.7827463,2022-03-21T15:50:27.793553034Z
1647877827.7922945,2022-03-21T15:50:27.802895165Z
1647877827.801844,2022-03-21T15:50:27.809629981Z
1647877827.8113852,2022-03-21T15:50:27.820231753Z
1647877827.820912,2022-03-21T15:50:27.829211518Z
1647877827.8305411,2022-03-21T15:50:27.848752654Z
1647877827.8402998,2022-03-21T15:50:27.866940166Z
1647877827.84979,2022-03-21T15:50:27.890343512Z
1647877827.8593564,2022-03-21T15:50:27.895212617Z
1647877827.8689265,2022-03-21T15:50:27.90714797Z
1647877827.8784974,2022-03-21T15:50:27.910326279Z
1647877827.8880408,2022-03-21T15:50:27.916906615Z
1647877827.897612,2022-03-21T15:50:27.930830984Z
1647877827.9071732,2022-03-21T15:50:27.934051847Z
1647877827.9167612,2022-03-21T15:50:27.943540561Z
1647877827.9263027,2022-03-21T15:50:27.948276178Z
1647877827.9358757,2022-03-21T15:50:27.957044952Z
1647877827.9454215,2022-03-21T15:50:27.960330107Z
1647877827.954991,2022-03-21T15:50:27.968328301Z
1647877827.964552,2022-03-21T15:50:27.985163971Z
1647877827.9741564,2022-03-21T15:50:27.988962374Z
1647877827.9836702,2022-03-21T15:50:27.996342049Z
1647877827.9932456,2022-03-21T15:50:28.005973817Z
1647877828.0028424,2022-03-21T15:50:28.013588319Z
1647877828.0124106,2022-03-21T15:50:28.024498549Z
1647877828.0220075,2022-03-21T15:50:28.033809149Z
1647877828.031587,2022-03-21T15:50:28.043138445Z
1647877828.0411344,2022-03-21T15:50:28.053353462Z
1647877828.0506487,2022-03-21T15:50:28.062910183Z
1647877828.0602095,2022-03-21T15:50:28.072106892Z
1647877828.0698059,2022-03-21T15:50:28.081092126Z
1647877828.0793607,2022-03-21T15:50:28.092110005Z
1647877828.0889153,2022-03-21T15:50:28.119612295Z
1647877828.0985448,2022-03-21T15:50:28.159763547Z
1647877828.1080952,2022-03-21T15:50:28.163983454Z
1647877828.1176617,2022-03-21T15:50:28.17913731Z
1647877828.1272376,2022-03-21T15:50:28.195492056Z
1647877828.136848,2022-03-21T15:50:28.198932478Z
1647877828.146396,2022-03-21T15:50:28.20347283Z
1647877828.1559048,2022-03-21T15:50:28.206633302Z
1647877828.1659431,2022-03-21T15:50:28.209965071Z
1647877828.1754043,2022-03-21T15:50:28.217258929Z
1647877828.1849883,2022-03-21T15:50:28.222571587Z
1647877828.1945395,2022-03-21T15:50:28.227673633Z
1647877828.2041118,2022-03-21T15:50:28.236153908Z
1647877828.213669,2022-03-21T15:50:28.240476653Z
1647877828.2231991,2022-03-21T15:50:28.245689874Z
1647877828.2328017,2022-03-21T15:50:28.249072734Z
1647877828.2424028,2022-03-21T15:50:28.25403705Z
1647877828.2519908,2022-03-21T15:50:28.262035263Z
1647877828.2615614,2022-03-21T15:50:28.272947462Z
1647877828.2711277,2022-03-21T15:50:28.280787953Z
1647877828.2806792,2022-03-21T15:50:28.295842504Z
1647877828.290242,2022-03-21T15:50:28.307037747Z
1647877828.2998295,2022-03-21T15:50:28.317093395Z
1647877828.3093965,2022-03-21T15:50:28.327514195Z
1647877828.3189838,2022-03-21T15:50:28.335700116Z
1647877828.328571,2022-03-21T15:50:28.344570356Z
1647877828.3381436,2022-03-21T15:50:28.352661838Z
1647877828.3477292,2022-03-21T15:50:28.360399055Z
1647877828.3572938,2022-03-21T15:50:28.367433941Z
1647877828.3668838,2022-03-21T15:50:28.375864903Z
1647877828.376454,2022-03-21T15:50:28.385957538Z
1647877828.3860457,2022-03-21T15:50:28.395108756Z
1647877828.3956177,2022-03-21T15:50:28.405721701Z
1647877828.405184,2022-03-21T15:50:28.418132049Z
1647877828.4147844,2022-03-21T15:50:28.425400944Z
1647877828.4243488,2022-03-21T15:50:28.435222616Z
1647877828.4339597,2022-03-21T15:50:28.44269905Z
1647877828.443518,2022-03-21T15:50:28.453059354Z
1647877828.4531262,2022-03-21T15:50:28.462254449Z
1647877828.462656,2022-03-21T15:50:28.470650274Z
1647877828.4722092,2022-03-21T15:50:28.480329343Z
1647877828.4817295,2022-03-21T15:50:28.491106989Z
1647877828.4915757,2022-03-21T15:50:28.501382993Z
1647877828.5011322,2022-03-21T15:50:28.511733837Z
1647877828.510749,2022-03-21T15:50:28.521069083Z
1647877828.520326,2022-03-21T15:50:28.528695119Z
1647877828.52998,2022-03-21T15:50:28.539029876Z
1647877828.5395715,2022-03-21T15:50:28.549921676Z
1647877828.549152,2022-03-21T15:50:28.557142723Z
1647877828.5587463,2022-03-21T15:50:28.567380936Z
1647877828.5683284,2022-03-21T15:50:28.577502947Z
1647877828.577881,2022-03-21T15:50:28.593627472Z
1647877828.5874755,2022-03-21T15:50:28.605505843Z
1647877828.5970035,2022-03-21T15:50:28.617843103Z
1647877828.606619,2022-03-21T15:50:28.628867631Z
1647877828.6161106,2022-03-21T15:50:28.643387315Z
1647877828.6256688,2022-03-21T15:50:28.653495609Z
1647877828.6352305,2022-03-21T15:50:28.660532617Z
1647877828.644799,2022-03-21T15:50:28.666184082Z
1647877828.6544147,2022-03-21T15:50:28.673801267Z
1647877828.6640368,2022-03-21T15:50:28.685084055Z
1647877828.6736033,2022-03-21T15:50:28.689576296Z
1647877828.6831484,2022-03-21T15:50:28.693891921Z
1647877828.6926684,2022-03-21T15:50:28.702042304Z
1647877828.702231,2022-03-21T15:50:28.710341794Z
1647877828.711833,2022-03-21T15:50:28.720614139Z
1647877828.721381,2022-03-21T15:50:28.731063537Z
1647877828.730974,2022-03-21T15:50:28.739238629Z
1647877828.7405627,2022-03-21T15:50:28.749358956Z
1647877828.7501175,2022-03-21T15:50:28.758943839Z
1647877828.7596495,2022-03-21T15:50:28.768113549Z
1647877828.7691777,2022-03-21T15:50:28.779733854Z
1647877828.7787693,2022-03-21T15:50:28.801605899Z
1647877828.7956715,2022-03-21T15:50:28.805138358Z
1647877828.8051982,2022-03-21T15:50:28.815530941Z
1647877828.8147826,2022-03-21T15:50:28.824573561Z
1647877828.8243444,2022-03-21T15:50:28.834784504Z
1647877828.833949,2022-03-21T15:50:28.842585171Z
1647877828.8435256,2022-03-21T15:50:28.851821532Z
1647877828.8531163,2022-03-21T15:50:28.863645932Z
1647877828.8626816,2022-03-21T15:50:28.871086724Z
1647877828.8722095,2022-03-21T15:50:28.881596439Z
1647877828.8823383,2022-03-21T15:50:28.890767589Z
1647877828.891934,2022-03-21T15:50:28.900420624Z
1647877828.9014552,2022-03-21T15:50:28.910342456Z
1647877828.911046,2022-03-21T15:50:28.919536959Z
1647877828.9206252,2022-03-21T15:50:28.927861204Z
1647877828.930191,2022-03-21T15:50:28.938768433Z
1647877828.9397733,2022-03-21T15:50:28.949201585Z
1647877828.9493358,2022-03-21T15:50:28.957856466Z
1647877828.9589038,2022-03-21T15:50:28.967556477Z
1647877828.9684818,2022-03-21T15:50:28.976676656Z
1647877828.9780498,2022-03-21T15:50:28.985810587Z
1647877828.9875925,2022-03-21T15:50:28.995404621Z
1647877828.997167,2022-03-21T15:50:29.008575814Z
1647877829.00675,2022-03-21T15:50:29.015781127Z
1647877829.0163124,2022-03-21T15:50:29.026231592Z
1647877829.025899,2022-03-21T15:50:29.035577697Z
1647877829.0354886,2022-03-21T15:50:29.044698379Z
1647877829.045043,2022-03-21T15:50:29.054146467Z
1647877829.054609,2022-03-21T15:50:29.062667132Z
1647877829.0641832,2022-03-21T15:50:29.073432239Z
1647877829.0737903,2022-03-21T15:50:29.081631227Z
1647877829.0833197,2022-03-21T15:50:29.090518894Z
1647877829.0929112,2022-03-21T15:50:29.099967838Z
1647877829.102489,2022-03-21T15:50:29.110293379Z
1647877829.1120555,2022-03-21T15:50:29.119348804Z
1647877829.1216192,2022-03-21T15:50:29.130710937Z
1647877829.131178,2022-03-21T15:50:29.139892221Z
1647877829.1407518,2022-03-21T15:50:29.15076801Z
1647877829.150358,2022-03-21T15:50:29.159922143Z
1647877829.1599402,2022-03-21T15:50:29.169252605Z
1647877829.16954,2022-03-21T15:50:29.177952392Z
1647877829.1790698,2022-03-21T15:50:29.187899808Z
1647877829.1886272,2022-03-21T15:50:29.198072653Z
1647877829.1981897,2022-03-21T15:50:29.205938352Z
1647877829.2079303,2022-03-21T15:50:29.214809771Z
1647877829.2174854,2022-03-21T15:50:29.236146556Z
1647877829.2270486,2022-03-21T15:50:29.24254642Z
1647877829.2365766,2022-03-21T15:50:29.251418307Z
1647877829.2461307,2022-03-21T15:50:29.259961154Z
1647877829.2557266,2022-03-21T15:50:29.272909566Z
1647877829.2652876,2022-03-21T15:50:29.275776337Z
1647877829.274872,2022-03-21T15:50:29.283875098Z
1647877829.284401,2022-03-21T15:50:29.293404879Z
1647877829.2940307,2022-03-21T15:50:29.303269866Z
1647877829.303587,2022-03-21T15:50:29.310782763Z
1647877829.313135,2022-03-21T15:50:29.32059755Z
1647877829.3227098,2022-03-21T15:50:29.331756997Z
1647877829.3323371,2022-03-21T15:50:29.341426482Z
1647877829.3419008,2022-03-21T15:50:29.35130728Z
1647877829.3514311,2022-03-21T15:50:29.358802059Z
1647877829.3610337,2022-03-21T15:50:29.368145444Z
1647877829.3706222,2022-03-21T15:50:29.380905332Z
1647877829.3801851,2022-03-21T15:50:29.389660456Z
1647877829.389771,2022-03-21T15:50:29.401330764Z
1647877829.3993342,2022-03-21T15:50:29.410515998Z
1647877829.4089224,2022-03-21T15:50:29.419983414Z
1647877829.4185078,2022-03-21T15:50:29.428131543Z
1647877829.4280388,2022-03-21T15:50:29.436737792Z
1647877829.4375982,2022-03-21T15:50:29.447379225Z
1647877829.4471607,2022-03-21T15:50:29.456662409Z
1647877829.4567306,2022-03-21T15:50:29.471605225Z
1647877829.466291,2022-03-21T15:50:29.473866855Z
1647877829.4758735,2022-03-21T15:50:29.484254641Z
1647877829.4854403,2022-03-21T15:50:29.49804067Z
1647877829.4950325,2022-03-21T15:50:29.510788296Z
1647877829.5045967,2022-03-21T15:50:29.519549475Z
1647877829.5141547,2022-03-21T15:50:29.522736506Z
1647877829.5237217,2022-03-21T15:50:29.532054026Z
1647877829.5335655,2022-03-21T15:50:29.543433362Z
1647877829.5431275,2022-03-21T15:50:29.552520894Z
1647877829.5527248,2022-03-21T15:50:29.561375766Z
1647877829.5622869,2022-03-21T15:50:29.571264461Z
1647877829.5718813,2022-03-21T15:50:29.579825852Z
1647877829.581429,2022-03-21T15:50:29.589361482Z
1647877829.5910077,2022-03-21T15:50:29.597965925Z
1647877829.6005816,2022-03-21T15:50:29.614729046Z
1647877829.6100955,2022-03-21T15:50:29.621286138Z
1647877829.6196065,2022-03-21T15:50:29.628944668Z
1647877829.629169,2022-03-21T15:50:29.640622556Z
1647877829.6387644,2022-03-21T15:50:29.64855325Z
1647877829.648322,2022-03-21T15:50:29.655423778Z
1647877829.6579013,2022-03-21T15:50:29.666554456Z
1647877829.6674871,2022-03-21T15:50:29.677452958Z
1647877829.6770563,2022-03-21T15:50:29.689346198Z
1647877829.6866374,2022-03-21T15:50:29.698663087Z
1647877829.696207,2022-03-21T15:50:29.707087803Z
1647877829.7057972,2022-03-21T15:50:29.715931499Z
1647877829.7153614,2022-03-21T15:50:29.727104724Z
1647877829.7249336,2022-03-21T15:50:29.737181789Z
1647877829.7345555,2022-03-21T15:50:29.747356402Z
1647877829.7441328,2022-03-21T15:50:29.754180609Z
1647877829.7537222,2022-03-21T15:50:29.763875327Z
1647877829.763291,2022-03-21T15:50:29.775215245Z
