1647877559.9371529,2022-03-21T15:46:00.13022871Z
1647877559.9453304,2022-03-21T15:46:00.134663799Z
1647877559.9876678,2022-03-21T15:46:00.189847545Z
1647877559.9791143,2022-03-21T15:46:00.192670565Z
1647877559.953619,2022-03-21T15:46:00.195206825Z
1647877559.9705565,2022-03-21T15:46:00.196688655Z
1647877559.996223,2022-03-21T15:46:00.217040626Z
1647877560.0133681,2022-03-21T15:46:00.219490851Z
1647877559.9621558,2022-03-21T15:46:00.222063003Z
1647877560.0048046,2022-03-21T15:46:00.225420517Z
1647877560.0219133,2022-03-21T15:46:00.230184233Z
1647877560.0303695,2022-03-21T15:46:00.234063237Z
1647877560.0389044,2022-03-21T15:46:00.235297933Z
1647877560.0474923,2022-03-21T15:46:00.300516128Z
1647877560.0646272,2022-03-21T15:46:00.305355778Z
1647877560.0560675,2022-03-21T15:46:00.306858329Z
1647877560.0731897,2022-03-21T15:46:00.315144543Z
1647877560.0902793,2022-03-21T15:46:00.361085681Z
1647877560.0817447,2022-03-21T15:46:00.368332357Z
1647877560.1330538,2022-03-21T15:46:00.385493061Z
1647877560.1501162,2022-03-21T15:46:00.388758666Z
1647877560.1586294,2022-03-21T15:46:00.398006923Z
1647877560.1245117,2022-03-21T15:46:00.423518031Z
1647877560.1159377,2022-03-21T15:46:00.428242088Z
1647877560.141642,2022-03-21T15:46:00.432642804Z
1647877560.09879,2022-03-21T15:46:00.435791758Z
1647877560.1073508,2022-03-21T15:46:00.439988907Z
1647877560.1671503,2022-03-21T15:46:00.50609063Z
1647877560.1928732,2022-03-21T15:46:00.508938177Z
1647877560.18429,2022-03-21T15:46:00.511493619Z
1647877560.2015028,2022-03-21T15:46:00.515138741Z
1647877560.1757352,2022-03-21T15:46:00.516246975Z
1647877560.2100341,2022-03-21T15:46:00.608348253Z
1647877560.2185907,2022-03-21T15:46:00.610194369Z
1647877560.227149,2022-03-21T15:46:00.615045202Z
1647877560.244294,2022-03-21T15:46:00.616854743Z
1647877560.2357266,2022-03-21T15:46:00.618934553Z
1647877560.3213992,2022-03-21T15:46:00.656616632Z
1647877560.3128119,2022-03-21T15:46:00.659435834Z
1647877560.278738,2022-03-21T15:46:00.662556674Z
1647877560.329986,2022-03-21T15:46:00.668988248Z
1647877560.2872245,2022-03-21T15:46:00.672441958Z
1647877560.2614975,2022-03-21T15:46:00.675841782Z
1647877560.2957418,2022-03-21T15:46:00.679388098Z
1647877560.3043063,2022-03-21T15:46:00.682950189Z
1647877560.2700565,2022-03-21T15:46:00.687864073Z
1647877560.2528808,2022-03-21T15:46:00.693692812Z
1647877560.3385289,2022-03-21T15:46:00.747721404Z
1647877560.4067678,2022-03-21T15:46:00.811268484Z
1647877560.3470175,2022-03-21T15:46:00.818423611Z
1647877560.415215,2022-03-21T15:46:00.825570411Z
1647877560.3897357,2022-03-21T15:46:00.83202811Z
1647877560.355584,2022-03-21T15:46:00.836414176Z
1647877560.3982658,2022-03-21T15:46:00.843249954Z
1647877560.3640685,2022-03-21T15:46:00.849790406Z
1647877560.3726351,2022-03-21T15:46:00.850846668Z
1647877560.3811934,2022-03-21T15:46:00.851421224Z
1647877560.4321582,2022-03-21T15:46:00.868304217Z
1647877560.4237072,2022-03-21T15:46:00.880078404Z
1647877560.4660192,2022-03-21T15:46:00.880992572Z
1647877560.440621,2022-03-21T15:46:00.893489969Z
1647877560.4575346,2022-03-21T15:46:00.894587808Z
1647877560.449111,2022-03-21T15:46:00.89503488Z
1647877560.499972,2022-03-21T15:46:00.922517303Z
1647877560.4829936,2022-03-21T15:46:00.925963933Z
1647877560.4914923,2022-03-21T15:46:00.929573938Z
1647877560.5085232,2022-03-21T15:46:00.937275291Z
1647877560.551094,2022-03-21T15:46:00.941887856Z
1647877560.534109,2022-03-21T15:46:00.945162016Z
1647877560.5680754,2022-03-21T15:46:00.949545082Z
1647877560.559587,2022-03-21T15:46:00.954333987Z
1647877560.525581,2022-03-21T15:46:00.959539479Z
1647877560.4745152,2022-03-21T15:46:00.963940763Z
1647877560.5426059,2022-03-21T15:46:00.988021194Z
1647877560.5765924,2022-03-21T15:46:00.992608321Z
1647877560.6108484,2022-03-21T15:46:00.995284739Z
1647877560.6194556,2022-03-21T15:46:00.998754087Z
1647877560.5936775,2022-03-21T15:46:01.007305248Z
1647877560.5851345,2022-03-21T15:46:01.009491549Z
1647877560.6022463,2022-03-21T15:46:01.013431311Z
1647877560.517031,2022-03-21T15:46:01.016687437Z
1647877560.6795106,2022-03-21T15:46:01.043356032Z
1647877560.653778,2022-03-21T15:46:01.046664917Z
1647877560.6366556,2022-03-21T15:46:01.050891324Z
1647877560.670913,2022-03-21T15:46:01.053617355Z
1647877560.6280289,2022-03-21T15:46:01.056016729Z
1647877560.6622992,2022-03-21T15:46:01.057798585Z
1647877560.6451778,2022-03-21T15:46:01.060134574Z
1647877560.713767,2022-03-21T15:46:01.100645208Z
1647877560.756593,2022-03-21T15:46:01.105342517Z
1647877560.7651727,2022-03-21T15:46:01.107794015Z
1647877560.7309368,2022-03-21T15:46:01.109470514Z
1647877560.7051792,2022-03-21T15:46:01.111877889Z
1647877560.688062,2022-03-21T15:46:01.114680426Z
1647877560.6966362,2022-03-21T15:46:01.117077951Z
1647877560.7480433,2022-03-21T15:46:01.119278587Z
1647877560.7394876,2022-03-21T15:46:01.121633099Z
1647877560.7223437,2022-03-21T15:46:01.123817363Z
1647877560.7737646,2022-03-21T15:46:01.153617178Z
1647877560.7994514,2022-03-21T15:46:01.158480648Z
1647877560.8165963,2022-03-21T15:46:01.162103706Z
1647877560.7909052,2022-03-21T15:46:01.165807937Z
1647877560.8337128,2022-03-21T15:46:01.169147232Z
1647877560.825168,2022-03-21T15:46:01.174166077Z
1647877560.7823226,2022-03-21T15:46:01.175093844Z
1647877560.8080368,2022-03-21T15:46:01.177377061Z
1647877560.8936286,2022-03-21T15:46:01.198742383Z
1647877560.8678901,2022-03-21T15:46:01.201612783Z
1647877560.8593354,2022-03-21T15:46:01.205495849Z
1647877560.885016,2022-03-21T15:46:01.207748422Z
1647877560.8507822,2022-03-21T15:46:01.208774757Z
1647877560.8422387,2022-03-21T15:46:01.213000265Z
1647877560.8764393,2022-03-21T15:46:01.217711436Z
1647877560.9021454,2022-03-21T15:46:01.249196726Z
1647877560.9106634,2022-03-21T15:46:01.254999332Z
1647877560.9363482,2022-03-21T15:46:01.259173505Z
1647877560.9192235,2022-03-21T15:46:01.263216142Z
1647877560.9277852,2022-03-21T15:46:01.266653064Z
1647877560.9449394,2022-03-21T15:46:01.269838305Z
1647877560.9535134,2022-03-21T15:46:01.312319924Z
1647877560.9620285,2022-03-21T15:46:01.327253889Z
1647877561.0135272,2022-03-21T15:46:01.332399981Z
1647877560.9707217,2022-03-21T15:46:01.335644814Z
1647877561.00492,2022-03-21T15:46:01.345054929Z
1647877560.9963233,2022-03-21T15:46:01.345670008Z
1647877560.9878125,2022-03-21T15:46:01.347438162Z
1647877560.9792507,2022-03-21T15:46:01.353666783Z
1647877561.0648897,2022-03-21T15:46:01.359847504Z
1647877561.022077,2022-03-21T15:46:01.362121113Z
1647877561.0392013,2022-03-21T15:46:01.368064558Z
1647877561.0477612,2022-03-21T15:46:01.37191323Z
1647877561.0306401,2022-03-21T15:46:01.378040053Z
1647877561.0563197,2022-03-21T15:46:01.37838009Z
1647877561.0905526,2022-03-21T15:46:01.397980289Z
1647877561.10765,2022-03-21T15:46:01.402618276Z
1647877561.07348,2022-03-21T15:46:01.40587403Z
1647877561.1161637,2022-03-21T15:46:01.40879952Z
1647877561.124745,2022-03-21T15:46:01.412283322Z
1647877561.0991035,2022-03-21T15:46:01.41499041Z
1647877561.081997,2022-03-21T15:46:01.420157419Z
1647877561.159037,2022-03-21T15:46:01.437686474Z
1647877561.150454,2022-03-21T15:46:01.4403837Z
1647877561.16757,2022-03-21T15:46:01.44429416Z
1647877561.133351,2022-03-21T15:46:01.447645967Z
1647877561.1760669,2022-03-21T15:46:01.450994572Z
1647877561.1419282,2022-03-21T15:46:01.452514268Z
1647877561.210167,2022-03-21T15:46:01.474598256Z
1647877561.2187953,2022-03-21T15:46:01.481390753Z
1647877561.1846209,2022-03-21T15:46:01.482582251Z
1647877561.1931293,2022-03-21T15:46:01.486252455Z
1647877561.2016404,2022-03-21T15:46:01.489216044Z
1647877561.2530537,2022-03-21T15:46:01.507935703Z
1647877561.278794,2022-03-21T15:46:01.511818693Z
1647877561.235915,2022-03-21T15:46:01.512264275Z
1647877561.2702105,2022-03-21T15:46:01.512995806Z
1647877561.2444928,2022-03-21T15:46:01.518701735Z
1647877561.2616498,2022-03-21T15:46:01.519011625Z
1647877561.2273686,2022-03-21T15:46:01.519283922Z
1647877561.3046389,2022-03-21T15:46:01.526573433Z
1647877561.313159,2022-03-21T15:46:01.534754043Z
1647877561.287367,2022-03-21T15:46:01.537099192Z
1647877561.3388813,2022-03-21T15:46:01.541388927Z
1647877561.3302956,2022-03-21T15:46:01.543427456Z
1647877561.2959344,2022-03-21T15:46:01.544380562Z
1647877561.3217432,2022-03-21T15:46:01.546225917Z
1647877561.3474364,2022-03-21T15:46:01.557081931Z
1647877561.373111,2022-03-21T15:46:01.5776342Z
1647877561.3816721,2022-03-21T15:46:01.581807299Z
1647877561.3645878,2022-03-21T15:46:01.585490991Z
1647877561.356028,2022-03-21T15:46:01.587408122Z
1647877561.3902225,2022-03-21T15:46:01.601504813Z
1647877561.41593,2022-03-21T15:46:01.605291869Z
1647877561.4244807,2022-03-21T15:46:01.605886395Z
1647877561.398787,2022-03-21T15:46:01.609690552Z
1647877561.4073439,2022-03-21T15:46:01.611901254Z
1647877561.450388,2022-03-21T15:46:01.625725918Z
1647877561.4416327,2022-03-21T15:46:01.628676267Z
1647877561.4330115,2022-03-21T15:46:01.630913715Z
1647877561.4589427,2022-03-21T15:46:01.63263587Z
1647877561.4674852,2022-03-21T15:46:01.648015701Z
1647877561.476042,2022-03-21T15:46:01.65054416Z
1647877561.4846027,2022-03-21T15:46:01.652520184Z
1647877561.5102966,2022-03-21T15:46:01.669861397Z
1647877561.5017414,2022-03-21T15:46:01.67174877Z
1647877561.493159,2022-03-21T15:46:01.675932295Z
1647877561.5359552,2022-03-21T15:46:01.686556582Z
1647877561.5273645,2022-03-21T15:46:01.690128039Z
1647877561.518844,2022-03-21T15:46:01.690583054Z
1647877561.544512,2022-03-21T15:46:01.692894115Z
1647877561.5530663,2022-03-21T15:46:01.703057Z
1647877561.5616593,2022-03-21T15:46:01.705953652Z
1647877561.5872867,2022-03-21T15:46:01.717005525Z
1647877561.578749,2022-03-21T15:46:01.719520712Z
1647877561.5702019,2022-03-21T15:46:01.71966378Z
1647877561.6044245,2022-03-21T15:46:01.7402316Z
1647877561.5958664,2022-03-21T15:46:01.741553137Z
1647877561.6130104,2022-03-21T15:46:01.753561785Z
1647877561.6387105,2022-03-21T15:46:01.755212136Z
1647877561.6216354,2022-03-21T15:46:01.757629738Z
1647877561.6302154,2022-03-21T15:46:01.760269365Z
1647877561.6558254,2022-03-21T15:46:01.766153553Z
1647877561.6472697,2022-03-21T15:46:01.768050591Z
1647877561.664356,2022-03-21T15:46:01.777710156Z
1647877561.672949,2022-03-21T15:46:01.77964045Z
1647877561.6901288,2022-03-21T15:46:01.794101464Z
1647877561.6815314,2022-03-21T15:46:01.800489866Z
1647877561.6987083,2022-03-21T15:46:01.806606202Z
1647877561.7072673,2022-03-21T15:46:01.810870972Z
1647877561.715851,2022-03-21T15:46:01.816671458Z
1647877561.7244163,2022-03-21T15:46:01.820546811Z
1647877561.733004,2022-03-21T15:46:01.82711742Z
1647877561.7501407,2022-03-21T15:46:01.837631269Z
1647877561.7416065,2022-03-21T15:46:01.840862143Z
1647877561.7673006,2022-03-21T15:46:01.8459674Z
1647877561.7587378,2022-03-21T15:46:01.852868956Z
1647877561.7847276,2022-03-21T15:46:01.854951934Z
1647877561.7932804,2022-03-21T15:46:01.860052497Z
1647877561.7761452,2022-03-21T15:46:01.863037056Z
1647877561.8018625,2022-03-21T15:46:01.870658615Z
1647877561.8188715,2022-03-21T15:46:01.877419706Z
1647877561.8103235,2022-03-21T15:46:01.885372057Z
1647877561.8359766,2022-03-21T15:46:01.890446399Z
1647877561.8273973,2022-03-21T15:46:01.892431603Z
1647877561.8445222,2022-03-21T15:46:01.911382059Z
1647877561.8531342,2022-03-21T15:46:01.917056974Z
1647877561.8617334,2022-03-21T15:46:01.920179938Z
1647877561.8702903,2022-03-21T15:46:01.926894357Z
1647877561.8788764,2022-03-21T15:46:01.932623437Z
1647877561.8874145,2022-03-21T15:46:01.938334979Z
1647877561.8960037,2022-03-21T15:46:01.947773856Z
1647877561.904566,2022-03-21T15:46:01.954902909Z
1647877561.9131331,2022-03-21T15:46:01.958221592Z
1647877561.921659,2022-03-21T15:46:01.959703931Z
1647877561.9302227,2022-03-21T15:46:01.971004382Z
1647877561.9388053,2022-03-21T15:46:01.980762366Z
1647877561.9473643,2022-03-21T15:46:01.984649585Z
1647877561.9645228,2022-03-21T15:46:01.991354266Z
1647877561.9559445,2022-03-21T15:46:01.994946227Z
1647877561.9731195,2022-03-21T15:46:01.995951857Z
1647877561.981661,2022-03-21T15:46:02.007022036Z
1647877561.9989169,2022-03-21T15:46:02.011142685Z
1647877561.9903207,2022-03-21T15:46:02.015004947Z
1647877562.007494,2022-03-21T15:46:02.017603489Z
1647877562.016053,2022-03-21T15:46:02.025074929Z
1647877562.0245986,2022-03-21T15:46:02.034385004Z
1647877562.0331633,2022-03-21T15:46:02.048250462Z
1647877562.041745,2022-03-21T15:46:02.053319071Z
1647877562.050301,2022-03-21T15:46:02.07826088Z
1647877562.0588887,2022-03-21T15:46:02.082090393Z
1647877562.0674345,2022-03-21T15:46:02.084900989Z
1647877562.0760198,2022-03-21T15:46:02.090285033Z
1647877562.0845773,2022-03-21T15:46:02.093759152Z
1647877562.0931416,2022-03-21T15:46:02.102271486Z
1647877562.1016655,2022-03-21T15:46:02.109852403Z
1647877562.110214,2022-03-21T15:46:02.118451349Z
1647877562.118807,2022-03-21T15:46:02.12717419Z
1647877562.1273625,2022-03-21T15:46:02.137165129Z
1647877562.1359427,2022-03-21T15:46:02.146448587Z
1647877562.1445255,2022-03-21T15:46:02.15472021Z
1647877562.153114,2022-03-21T15:46:02.162272781Z
1647877562.1616752,2022-03-21T15:46:02.170748142Z
1647877562.1702373,2022-03-21T15:46:02.179774207Z
1647877562.1788127,2022-03-21T15:46:02.188595983Z
1647877562.1873531,2022-03-21T15:46:02.196841248Z
1647877562.1959352,2022-03-21T15:46:02.205386172Z
1647877562.2045193,2022-03-21T15:46:02.214417698Z
1647877562.2130756,2022-03-21T15:46:02.228114482Z
1647877562.2216558,2022-03-21T15:46:02.23312293Z
1647877562.2301788,2022-03-21T15:46:02.240112408Z
1647877562.2387693,2022-03-21T15:46:02.250030275Z
1647877562.2473283,2022-03-21T15:46:02.25810235Z
1647877562.2559009,2022-03-21T15:46:02.275149156Z
1647877562.2644787,2022-03-21T15:46:02.285290536Z
1647877562.27301,2022-03-21T15:46:02.292699943Z
1647877562.2815661,2022-03-21T15:46:02.298897923Z
1647877562.2901034,2022-03-21T15:46:02.304712302Z
1647877562.298655,2022-03-21T15:46:02.310922164Z
1647877562.3072178,2022-03-21T15:46:02.322575468Z
1647877562.3157854,2022-03-21T15:46:02.331143425Z
1647877562.3243268,2022-03-21T15:46:02.335964913Z
1647877562.3329105,2022-03-21T15:46:02.342939348Z
1647877562.3415136,2022-03-21T15:46:02.360948889Z
1647877562.3500826,2022-03-21T15:46:02.370481679Z
1647877562.3586419,2022-03-21T15:46:02.373826068Z
1647877562.3671715,2022-03-21T15:46:02.381981932Z
1647877562.3757782,2022-03-21T15:46:02.389595189Z
1647877562.3843353,2022-03-21T15:46:02.394547166Z
1647877562.3929098,2022-03-21T15:46:02.403162801Z
1647877562.4015472,2022-03-21T15:46:02.412950396Z
1647877562.4101179,2022-03-21T15:46:02.421642434Z
1647877562.41868,2022-03-21T15:46:02.430209723Z
1647877562.4272838,2022-03-21T15:46:02.438390501Z
1647877562.43584,2022-03-21T15:46:02.447077225Z
1647877562.4443743,2022-03-21T15:46:02.455864617Z
1647877562.452947,2022-03-21T15:46:02.468657603Z
1647877562.4615602,2022-03-21T15:46:02.475946284Z
1647877562.4701145,2022-03-21T15:46:02.48174591Z
1647877562.4786701,2022-03-21T15:46:02.489207364Z
1647877562.4872205,2022-03-21T15:46:02.496887598Z
1647877562.495785,2022-03-21T15:46:02.506470205Z
1647877562.504342,2022-03-21T15:46:02.514140303Z
1647877562.5129282,2022-03-21T15:46:02.52207845Z
1647877562.521519,2022-03-21T15:46:02.533207784Z
1647877562.5301282,2022-03-21T15:46:02.539827391Z
1647877562.5387104,2022-03-21T15:46:02.547803886Z
1647877562.547265,2022-03-21T15:46:02.556424383Z
1647877562.5558393,2022-03-21T15:46:02.564195386Z
1647877562.5643928,2022-03-21T15:46:02.572510849Z
1647877562.5729733,2022-03-21T15:46:02.581960294Z
1647877562.5815797,2022-03-21T15:46:02.589900828Z
1647877562.5901666,2022-03-21T15:46:02.601423879Z
1647877562.598723,2022-03-21T15:46:02.610255982Z
1647877562.6072798,2022-03-21T15:46:02.618278499Z
1647877562.615863,2022-03-21T15:46:02.626227578Z
1647877562.6244078,2022-03-21T15:46:02.635580719Z
1647877562.632997,2022-03-21T15:46:02.65009283Z
1647877562.641969,2022-03-21T15:46:02.652762046Z
1647877562.6503932,2022-03-21T15:46:02.662480804Z
1647877562.6589296,2022-03-21T15:46:02.669589811Z
1647877562.6675253,2022-03-21T15:46:02.67661127Z
1647877562.6760414,2022-03-21T15:46:02.686371015Z
1647877562.6846046,2022-03-21T15:46:02.69474449Z
1647877562.693169,2022-03-21T15:46:02.703078178Z
1647877562.7017314,2022-03-21T15:46:02.712454991Z
1647877562.710249,2022-03-21T15:46:02.720196356Z
1647877562.7188096,2022-03-21T15:46:02.728960827Z
1647877562.7273471,2022-03-21T15:46:02.737237348Z
1647877562.735919,2022-03-21T15:46:02.745709296Z
1647877562.7444856,2022-03-21T15:46:02.75418329Z
1647877562.7530324,2022-03-21T15:46:02.761738426Z
1647877562.7616034,2022-03-21T15:46:02.771910501Z
1647877562.7701163,2022-03-21T15:46:02.781017092Z
1647877562.7786376,2022-03-21T15:46:02.790485342Z
1647877562.7871854,2022-03-21T15:46:02.799010239Z
1647877562.7957854,2022-03-21T15:46:02.807698877Z
1647877562.8043096,2022-03-21T15:46:02.815642125Z
1647877562.8128788,2022-03-21T15:46:02.828095678Z
1647877562.8215163,2022-03-21T15:46:02.835810079Z
1647877562.830086,2022-03-21T15:46:02.846271554Z
1647877562.8386376,2022-03-21T15:46:02.858399884Z
1647877562.847198,2022-03-21T15:46:02.86428778Z
1647877562.855793,2022-03-21T15:46:02.870524992Z
1647877562.8643587,2022-03-21T15:46:02.877364869Z
1647877562.872952,2022-03-21T15:46:02.88470693Z
1647877562.8815665,2022-03-21T15:46:02.891178581Z
1647877562.8901324,2022-03-21T15:46:02.902025661Z
1647877562.8988597,2022-03-21T15:46:02.909088281Z
1647877562.907432,2022-03-21T15:46:02.919045746Z
1647877562.9159904,2022-03-21T15:46:02.927172428Z
1647877562.9245682,2022-03-21T15:46:02.933606866Z
1647877562.933134,2022-03-21T15:46:02.943305146Z
1647877562.9417107,2022-03-21T15:46:02.967339502Z
1647877562.9502404,2022-03-21T15:46:03.003938752Z
1647877562.9588444,2022-03-21T15:46:03.01642709Z
1647877562.9674263,2022-03-21T15:46:03.047184168Z
1647877562.9759789,2022-03-21T15:46:03.061343339Z
1647877562.9845698,2022-03-21T15:46:03.064852143Z
1647877562.9931364,2022-03-21T15:46:03.087318849Z
1647877563.0017197,2022-03-21T15:46:03.091662813Z
1647877563.0104363,2022-03-21T15:46:03.098740472Z
1647877563.036188,2022-03-21T15:46:03.125994572Z
1647877563.0190604,2022-03-21T15:46:03.129167162Z
1647877563.0276282,2022-03-21T15:46:03.141849692Z
1647877563.044771,2022-03-21T15:46:03.14943716Z
1647877563.0789442,2022-03-21T15:46:03.157998722Z
1647877563.0618541,2022-03-21T15:46:03.161142573Z
1647877563.0533144,2022-03-21T15:46:03.161447747Z
1647877563.0703802,2022-03-21T15:46:03.164118704Z
1647877563.0960748,2022-03-21T15:46:03.175772211Z
1647877563.0875103,2022-03-21T15:46:03.17934331Z
1647877563.1132064,2022-03-21T15:46:03.185332373Z
1647877563.1217864,2022-03-21T15:46:03.187606167Z
1647877563.1303406,2022-03-21T15:46:03.191347419Z
1647877563.1389222,2022-03-21T15:46:03.195118681Z
1647877563.1046429,2022-03-21T15:46:03.197812186Z
1647877563.1475112,2022-03-21T15:46:03.201035042Z
1647877563.1645968,2022-03-21T15:46:03.204085061Z
1647877563.1560607,2022-03-21T15:46:03.207553208Z
1647877563.1731832,2022-03-21T15:46:03.21782203Z
1647877563.18179,2022-03-21T15:46:03.218450295Z
1647877563.1903603,2022-03-21T15:46:03.244791669Z
1647877563.1989503,2022-03-21T15:46:03.254519815Z
1647877563.2075453,2022-03-21T15:46:03.292050673Z
1647877563.2161202,2022-03-21T15:46:03.294837032Z
1647877563.2246463,2022-03-21T15:46:03.30319803Z
1647877563.2331626,2022-03-21T15:46:03.330967003Z
1647877563.2417219,2022-03-21T15:46:03.34515279Z
1647877563.2588503,2022-03-21T15:46:03.346522969Z
1647877563.2502544,2022-03-21T15:46:03.350521341Z
1647877563.2846055,2022-03-21T15:46:03.35543148Z
1647877563.2674274,2022-03-21T15:46:03.358901405Z
1647877563.2760305,2022-03-21T15:46:03.364705789Z
1647877563.3017793,2022-03-21T15:46:03.369695886Z
1647877563.2931755,2022-03-21T15:46:03.372098541Z
1647877563.3103456,2022-03-21T15:46:03.376553223Z
1647877563.3189535,2022-03-21T15:46:03.379636483Z
1647877563.3361015,2022-03-21T15:46:03.388902035Z
1647877563.3275476,2022-03-21T15:46:03.392091772Z
1647877563.3446856,2022-03-21T15:46:03.396985104Z
1647877563.3532178,2022-03-21T15:46:03.404190242Z
1647877563.3617704,2022-03-21T15:46:03.405045867Z
1647877563.3702958,2022-03-21T15:46:03.410597986Z
1647877563.3788357,2022-03-21T15:46:03.411313161Z
1647877563.387363,2022-03-21T15:46:03.417639817Z
1647877563.3959498,2022-03-21T15:46:03.419258297Z
1647877563.4045608,2022-03-21T15:46:03.424163612Z
1647877563.4131432,2022-03-21T15:46:03.43033535Z
1647877563.4217286,2022-03-21T15:46:03.436390911Z
1647877563.4302735,2022-03-21T15:46:03.439619237Z
1647877563.4388525,2022-03-21T15:46:03.449592005Z
1647877563.447446,2022-03-21T15:46:03.457752889Z
1647877563.4560206,2022-03-21T15:46:03.466401087Z
1647877563.4646163,2022-03-21T15:46:03.47313987Z
1647877563.4731746,2022-03-21T15:46:03.483234383Z
1647877563.4817991,2022-03-21T15:46:03.499053381Z
1647877563.4903529,2022-03-21T15:46:03.508584168Z
1647877563.4989347,2022-03-21T15:46:03.517566361Z
1647877563.5075114,2022-03-21T15:46:03.530177579Z
1647877563.5160854,2022-03-21T15:46:03.534615646Z
1647877563.5246434,2022-03-21T15:46:03.538850071Z
1647877563.5331938,2022-03-21T15:46:03.545824429Z
1647877563.541797,2022-03-21T15:46:03.553211688Z
1647877563.5503933,2022-03-21T15:46:03.561253824Z
1647877563.5590127,2022-03-21T15:46:03.571617429Z
1647877563.5675802,2022-03-21T15:46:03.586053965Z
1647877563.5761597,2022-03-21T15:46:03.590581785Z
1647877563.5846558,2022-03-21T15:46:03.596143723Z
1647877563.593206,2022-03-21T15:46:03.610854084Z
1647877563.6016986,2022-03-21T15:46:03.615991084Z
1647877563.6103036,2022-03-21T15:46:03.620694348Z
1647877563.6189187,2022-03-21T15:46:03.628745463Z
1647877563.6275523,2022-03-21T15:46:03.638955237Z
1647877563.6360993,2022-03-21T15:46:03.647175017Z
1647877563.6446352,2022-03-21T15:46:03.65600999Z
1647877563.6531992,2022-03-21T15:46:03.663084641Z
1647877563.661795,2022-03-21T15:46:03.671837236Z
1647877563.670389,2022-03-21T15:46:03.680054552Z
1647877563.6790056,2022-03-21T15:46:03.687857059Z
1647877563.6875901,2022-03-21T15:46:03.698290367Z
1647877563.6961744,2022-03-21T15:46:03.708393263Z
1647877563.704759,2022-03-21T15:46:03.715984082Z
1647877563.7134297,2022-03-21T15:46:03.724850826Z
1647877563.7220302,2022-03-21T15:46:03.734007943Z
1647877563.730622,2022-03-21T15:46:03.741590954Z
1647877563.739203,2022-03-21T15:46:03.749739443Z
1647877563.7477732,2022-03-21T15:46:03.758668493Z
1647877563.756358,2022-03-21T15:46:03.775535612Z
1647877563.764978,2022-03-21T15:46:03.782946086Z
1647877563.7736273,2022-03-21T15:46:03.786348496Z
1647877563.7822316,2022-03-21T15:46:03.792604395Z
1647877563.790855,2022-03-21T15:46:03.802545877Z
1647877563.7994888,2022-03-21T15:46:03.810703142Z
1647877563.8080816,2022-03-21T15:46:03.818122389Z
1647877563.8166704,2022-03-21T15:46:03.8271017Z
1647877563.8252761,2022-03-21T15:46:03.837051476Z
1647877563.833888,2022-03-21T15:46:03.844753575Z
1647877563.8425016,2022-03-21T15:46:03.853743227Z
1647877563.8510654,2022-03-21T15:46:03.862376511Z
1647877563.8601053,2022-03-21T15:46:03.870892734Z
1647877563.8687112,2022-03-21T15:46:03.880353822Z
1647877563.877284,2022-03-21T15:46:03.888221826Z
1647877563.885893,2022-03-21T15:46:03.895934342Z
1647877563.89449,2022-03-21T15:46:03.913968756Z
1647877563.9098873,2022-03-21T15:46:03.92224862Z
1647877563.9184806,2022-03-21T15:46:03.93384443Z
1647877563.927041,2022-03-21T15:46:03.938763465Z
1647877563.9356396,2022-03-21T15:46:03.946863064Z
1647877563.9442058,2022-03-21T15:46:03.953380672Z
1647877563.9528325,2022-03-21T15:46:03.961879738Z
1647877563.961455,2022-03-21T15:46:03.973047153Z
1647877563.970076,2022-03-21T15:46:03.984150863Z
1647877563.978621,2022-03-21T15:46:03.991332686Z
1647877563.9871948,2022-03-21T15:46:04.017638155Z
1647877563.9957829,2022-03-21T15:46:04.018603902Z
1647877564.0043056,2022-03-21T15:46:04.034951337Z
1647877564.0128956,2022-03-21T15:46:04.049789136Z
1647877564.021541,2022-03-21T15:46:04.054264896Z
1647877564.0301306,2022-03-21T15:46:04.063491513Z
1647877564.0388985,2022-03-21T15:46:04.072147133Z
1647877564.047509,2022-03-21T15:46:04.076779417Z
1647877564.0561047,2022-03-21T15:46:04.082791771Z
1647877564.073293,2022-03-21T15:46:04.099577877Z
1647877564.064721,2022-03-21T15:46:04.099726684Z
1647877564.0818942,2022-03-21T15:46:04.107258778Z
1647877564.0904944,2022-03-21T15:46:04.111635993Z
1647877564.0990522,2022-03-21T15:46:04.117230551Z
1647877564.1076324,2022-03-21T15:46:04.120323658Z
1647877564.1161926,2022-03-21T15:46:04.124914309Z
1647877564.124783,2022-03-21T15:46:04.133908919Z
1647877564.1334014,2022-03-21T15:46:04.142800645Z
1647877564.1419916,2022-03-21T15:46:04.151599533Z
1647877564.15058,2022-03-21T15:46:04.160531078Z
1647877564.1591215,2022-03-21T15:46:04.170784072Z
1647877564.1677444,2022-03-21T15:46:04.176542873Z
1647877564.1763253,2022-03-21T15:46:04.185992707Z
1647877564.184944,2022-03-21T15:46:04.195726782Z
1647877564.1935477,2022-03-21T15:46:04.204217256Z
1647877564.2021248,2022-03-21T15:46:04.217179149Z
1647877564.2107978,2022-03-21T15:46:04.225010446Z
1647877564.2195094,2022-03-21T15:46:04.231007556Z
1647877564.228189,2022-03-21T15:46:04.241824892Z
1647877564.2368362,2022-03-21T15:46:04.248154612Z
1647877564.245509,2022-03-21T15:46:04.253894563Z
1647877564.25411,2022-03-21T15:46:04.27710645Z
1647877564.2627087,2022-03-21T15:46:04.279922765Z
1647877564.2712457,2022-03-21T15:46:04.286487516Z
1647877564.2798848,2022-03-21T15:46:04.291789554Z
1647877564.288523,2022-03-21T15:46:04.29895912Z
1647877564.2971299,2022-03-21T15:46:04.309767046Z
1647877564.3057487,2022-03-21T15:46:04.320904554Z
1647877564.3143477,2022-03-21T15:46:04.325588163Z
1647877564.3229647,2022-03-21T15:46:04.334764359Z
1647877564.3315613,2022-03-21T15:46:04.343226175Z
1647877564.340128,2022-03-21T15:46:04.350139284Z
1647877564.3487654,2022-03-21T15:46:04.357149873Z
1647877564.3574064,2022-03-21T15:46:04.366020151Z
1647877564.3659823,2022-03-21T15:46:04.376342753Z
1647877564.3745666,2022-03-21T15:46:04.391957559Z
1647877564.383154,2022-03-21T15:46:04.40286253Z
1647877564.3917747,2022-03-21T15:46:04.417710409Z
1647877564.4003856,2022-03-21T15:46:04.436265344Z
1647877564.41765,2022-03-21T15:46:04.446241801Z
1647877564.409004,2022-03-21T15:46:04.449168166Z
1647877564.4262354,2022-03-21T15:46:04.453409458Z
1647877564.434861,2022-03-21T15:46:04.456481103Z
1647877564.4435039,2022-03-21T15:46:04.460901028Z
1647877564.4520752,2022-03-21T15:46:04.463274096Z
1647877564.4606338,2022-03-21T15:46:04.469537613Z
1647877564.4692101,2022-03-21T15:46:04.478078827Z
1647877564.4777832,2022-03-21T15:46:04.486744543Z
1647877564.4863024,2022-03-21T15:46:04.495381889Z
1647877564.494907,2022-03-21T15:46:04.50566168Z
1647877564.5035214,2022-03-21T15:46:04.516419124Z
1647877564.5120878,2022-03-21T15:46:04.549603145Z
1647877564.520632,2022-03-21T15:46:04.558538332Z
1647877564.5291965,2022-03-21T15:46:04.574797019Z
1647877564.537791,2022-03-21T15:46:04.57839157Z
1647877564.5463524,2022-03-21T15:46:04.582175071Z
1647877564.5549395,2022-03-21T15:46:04.586107689Z
1647877564.5635123,2022-03-21T15:46:04.598842622Z
1647877564.5720663,2022-03-21T15:46:04.601615721Z
1647877564.5806193,2022-03-21T15:46:04.604947773Z
1647877564.5891814,2022-03-21T15:46:04.609014656Z
1647877564.597756,2022-03-21T15:46:04.613529934Z
1647877564.6063087,2022-03-21T15:46:04.620195778Z
1647877564.6148927,2022-03-21T15:46:04.624547973Z
1647877564.6234498,2022-03-21T15:46:04.633357895Z
1647877564.632042,2022-03-21T15:46:04.642197162Z
1647877564.6405938,2022-03-21T15:46:04.650183543Z
1647877564.6491518,2022-03-21T15:46:04.658226778Z
1647877564.6576607,2022-03-21T15:46:04.66695892Z
1647877564.6662126,2022-03-21T15:46:04.677968091Z
1647877564.6747906,2022-03-21T15:46:04.684198772Z
1647877564.6833508,2022-03-21T15:46:04.692134596Z
1647877564.6919405,2022-03-21T15:46:04.699867749Z
1647877564.7005064,2022-03-21T15:46:04.70825832Z
1647877564.7090628,2022-03-21T15:46:04.720423094Z
1647877564.7176526,2022-03-21T15:46:04.730074494Z
1647877564.7262177,2022-03-21T15:46:04.737690111Z
1647877564.7347968,2022-03-21T15:46:04.746792123Z
1647877564.7433515,2022-03-21T15:46:04.754160298Z
1647877564.7519355,2022-03-21T15:46:04.761905927Z
1647877564.7605128,2022-03-21T15:46:04.770340009Z
1647877564.7690747,2022-03-21T15:46:04.780817545Z
1647877564.7776737,2022-03-21T15:46:04.789097201Z
1647877564.7862291,2022-03-21T15:46:04.796802625Z
1647877564.7948017,2022-03-21T15:46:04.804223193Z
1647877564.8033576,2022-03-21T15:46:04.817809954Z
1647877564.811937,2022-03-21T15:46:04.825390728Z
1647877564.8205094,2022-03-21T15:46:04.830228412Z
1647877564.8290594,2022-03-21T15:46:04.838350885Z
1647877564.8376458,2022-03-21T15:46:04.84719409Z
1647877564.8461998,2022-03-21T15:46:04.854793214Z
1647877564.8547785,2022-03-21T15:46:04.864901033Z
1647877564.8633175,2022-03-21T15:46:04.873353449Z
1647877564.8718982,2022-03-21T15:46:04.88079611Z
1647877564.8804524,2022-03-21T15:46:04.893484336Z
1647877564.8890347,2022-03-21T15:46:04.897894778Z
1647877564.8976166,2022-03-21T15:46:04.906232344Z
1647877564.9061775,2022-03-21T15:46:04.913995477Z
1647877564.9147644,2022-03-21T15:46:04.923328901Z
1647877564.9233363,2022-03-21T15:46:04.931813284Z
1647877564.931884,2022-03-21T15:46:04.941089988Z
1647877564.9404416,2022-03-21T15:46:04.951364939Z
1647877564.9490247,2022-03-21T15:46:04.958985968Z
1647877564.9575794,2022-03-21T15:46:04.967747609Z
1647877564.9661582,2022-03-21T15:46:04.982555236Z
1647877564.9747086,2022-03-21T15:46:04.98601367Z
1647877564.9832685,2022-03-21T15:46:04.991814575Z
1647877564.9918325,2022-03-21T15:46:04.999262306Z
1647877565.0003586,2022-03-21T15:46:05.008850473Z
1647877565.0089178,2022-03-21T15:46:05.017313054Z
1647877565.0175147,2022-03-21T15:46:05.025374154Z
1647877565.02608,2022-03-21T15:46:05.034542948Z
1647877565.03461,2022-03-21T15:46:05.04289163Z
1647877565.0431561,2022-03-21T15:46:05.051629957Z
1647877565.0517197,2022-03-21T15:46:05.059588039Z
1647877565.0603209,2022-03-21T15:46:05.069276582Z
1647877565.068874,2022-03-21T15:46:05.077158612Z
1647877565.0774062,2022-03-21T15:46:05.085437548Z
1647877565.0859182,2022-03-21T15:46:05.093358678Z
1647877565.0944226,2022-03-21T15:46:05.108419366Z
1647877565.102921,2022-03-21T15:46:05.112998608Z
1647877565.111414,2022-03-21T15:46:05.12011535Z
1647877565.1199949,2022-03-21T15:46:05.127602422Z
1647877565.1284854,2022-03-21T15:46:05.13629744Z
1647877565.1370494,2022-03-21T15:46:05.144733496Z
1647877565.1455564,2022-03-21T15:46:05.153205175Z
1647877565.1541154,2022-03-21T15:46:05.161806542Z
1647877565.1626756,2022-03-21T15:46:05.170274622Z
1647877565.1712358,2022-03-21T15:46:05.178806083Z
1647877565.1798193,2022-03-21T15:46:05.187382982Z
1647877565.1883807,2022-03-21T15:46:05.204838635Z
1647877565.196966,2022-03-21T15:46:05.207886235Z
1647877565.2055607,2022-03-21T15:46:05.217305504Z
1647877565.214115,2022-03-21T15:46:05.224265646Z
1647877565.2226677,2022-03-21T15:46:05.236702498Z
1647877565.231225,2022-03-21T15:46:05.242726783Z
1647877565.2398002,2022-03-21T15:46:05.249246098Z
1647877565.2483215,2022-03-21T15:46:05.257383308Z
1647877565.2569127,2022-03-21T15:46:05.265234244Z
1647877565.2655063,2022-03-21T15:46:05.273784912Z
1647877565.2740624,2022-03-21T15:46:05.284855677Z
1647877565.282616,2022-03-21T15:46:05.29089567Z
1647877565.2911713,2022-03-21T15:46:05.299221442Z
1647877565.2997131,2022-03-21T15:46:05.307183822Z
1647877565.308268,2022-03-21T15:46:05.318402882Z
1647877565.3168368,2022-03-21T15:46:05.325560815Z
1647877565.3254309,2022-03-21T15:46:05.33385312Z
1647877565.3340228,2022-03-21T15:46:05.342356236Z
1647877565.3425639,2022-03-21T15:46:05.350179701Z
1647877565.3511107,2022-03-21T15:46:05.359264221Z
1647877565.3596637,2022-03-21T15:46:05.367043615Z
1647877565.3682182,2022-03-21T15:46:05.378859735Z
1647877565.376778,2022-03-21T15:46:05.389084297Z
1647877565.3853607,2022-03-21T15:46:05.395825378Z
1647877565.3939312,2022-03-21T15:46:05.402785932Z
1647877565.4025052,2022-03-21T15:46:05.410976592Z
1647877565.411064,2022-03-21T15:46:05.420989131Z
1647877565.419627,2022-03-21T15:46:05.42936778Z
1647877565.4281874,2022-03-21T15:46:05.438240263Z
1647877565.4367378,2022-03-21T15:46:05.453297617Z
1647877565.4453049,2022-03-21T15:46:05.458689532Z
1647877565.4538927,2022-03-21T15:46:05.472124582Z
1647877565.4624376,2022-03-21T15:46:05.474008939Z
1647877565.470897,2022-03-21T15:46:05.481511171Z
1647877565.479487,2022-03-21T15:46:05.491074789Z
1647877565.488058,2022-03-21T15:46:05.498019529Z
1647877565.4966037,2022-03-21T15:46:05.506076715Z
1647877565.505153,2022-03-21T15:46:05.513988908Z
1647877565.5137286,2022-03-21T15:46:05.5217902Z
1647877565.5221899,2022-03-21T15:46:05.530548231Z
1647877565.5307786,2022-03-21T15:46:05.539206233Z
1647877565.5393422,2022-03-21T15:46:05.548549001Z
1647877565.5478916,2022-03-21T15:46:05.555611559Z
1647877565.5564299,2022-03-21T15:46:05.564738279Z
1647877565.5650284,2022-03-21T15:46:05.573414633Z
1647877565.5735996,2022-03-21T15:46:05.585664639Z
1647877565.5821557,2022-03-21T15:46:05.592305974Z
1647877565.5907502,2022-03-21T15:46:05.599902616Z
1647877565.5993059,2022-03-21T15:46:05.607773985Z
1647877565.607899,2022-03-21T15:46:05.616414398Z
1647877565.6164494,2022-03-21T15:46:05.626767153Z
1647877565.6250226,2022-03-21T15:46:05.634055855Z
1647877565.6335876,2022-03-21T15:46:05.644363717Z
1647877565.642142,2022-03-21T15:46:05.652562467Z
1647877565.6507134,2022-03-21T15:46:05.660749471Z
1647877565.6592765,2022-03-21T15:46:05.669454258Z
1647877565.6678553,2022-03-21T15:46:05.678720038Z
1647877565.6764078,2022-03-21T15:46:05.686845423Z
1647877565.6849947,2022-03-21T15:46:05.694161395Z
1647877565.6935897,2022-03-21T15:46:05.701947191Z
1647877565.702156,2022-03-21T15:46:05.713607878Z
1647877565.7107496,2022-03-21T15:46:05.722199995Z
1647877565.7192776,2022-03-21T15:46:05.729911397Z
1647877565.7278457,2022-03-21T15:46:05.742634151Z
1647877565.736415,2022-03-21T15:46:05.747079406Z
1647877565.7450027,2022-03-21T15:46:05.754663262Z
1647877565.7536056,2022-03-21T15:46:05.767597576Z
1647877565.7621548,2022-03-21T15:46:05.774023592Z
1647877565.7707503,2022-03-21T15:46:05.785333072Z
1647877565.7792974,2022-03-21T15:46:05.793338Z
1647877565.7879763,2022-03-21T15:46:05.800604926Z
1647877565.7967653,2022-03-21T15:46:05.805702607Z
1647877565.8053627,2022-03-21T15:46:05.819779803Z
1647877565.8139224,2022-03-21T15:46:05.824999203Z
1647877565.8225048,2022-03-21T15:46:05.832682071Z
1647877565.831059,2022-03-21T15:46:05.84031127Z
1647877565.8396235,2022-03-21T15:46:05.848290902Z
1647877565.8481848,2022-03-21T15:46:05.857715811Z
1647877565.8567638,2022-03-21T15:46:05.866156193Z
1647877565.865358,2022-03-21T15:46:05.874214841Z
1647877565.8739276,2022-03-21T15:46:05.881887376Z
1647877565.8825095,2022-03-21T15:46:05.89184285Z
1647877565.891051,2022-03-21T15:46:05.899722958Z
1647877565.8995993,2022-03-21T15:46:05.907784654Z
1647877565.9081492,2022-03-21T15:46:05.917611312Z
1647877565.9167275,2022-03-21T15:46:05.926179589Z
1647877565.9252677,2022-03-21T15:46:05.933991674Z
1647877565.9338384,2022-03-21T15:46:05.941784256Z
1647877565.9424055,2022-03-21T15:46:05.951399233Z
1647877565.9510062,2022-03-21T15:46:05.962212818Z
1647877565.9595742,2022-03-21T15:46:05.981818805Z
1647877565.9681363,2022-03-21T15:46:05.995158184Z
1647877565.9767132,2022-03-21T15:46:05.997515498Z
1647877565.985282,2022-03-21T15:46:06.008610105Z
1647877565.9938633,2022-03-21T15:46:06.012530662Z
1647877566.002326,2022-03-21T15:46:06.019071006Z
1647877566.0109062,2022-03-21T15:46:06.024253087Z
1647877566.019484,2022-03-21T15:46:06.028967093Z
1647877566.0280457,2022-03-21T15:46:06.037411483Z
1647877566.0366004,2022-03-21T15:46:06.046416009Z
1647877566.0451553,2022-03-21T15:46:06.056473916Z
1647877566.0537457,2022-03-21T15:46:06.06444135Z
1647877566.0623052,2022-03-21T15:46:06.072209597Z
1647877566.0708897,2022-03-21T15:46:06.081727974Z
1647877566.0795858,2022-03-21T15:46:06.089788036Z
1647877566.0881424,2022-03-21T15:46:06.101554459Z
1647877566.0967221,2022-03-21T15:46:06.107539637Z
1647877566.1052759,2022-03-21T15:46:06.115135839Z
1647877566.1138601,2022-03-21T15:46:06.124039797Z
1647877566.1224165,2022-03-21T15:46:06.131010925Z
1647877566.1310115,2022-03-21T15:46:06.139534638Z
1647877566.1395535,2022-03-21T15:46:06.149028761Z
1647877566.148097,2022-03-21T15:46:06.157874628Z
1647877566.1566615,2022-03-21T15:46:06.166249258Z
1647877566.1652236,2022-03-21T15:46:06.175120904Z
1647877566.1737835,2022-03-21T15:46:06.183599149Z
1647877566.1823328,2022-03-21T15:46:06.192080444Z
1647877566.1909163,2022-03-21T15:46:06.202352776Z
1647877566.199453,2022-03-21T15:46:06.210253274Z
1647877566.2080452,2022-03-21T15:46:06.22274063Z
1647877566.2166078,2022-03-21T15:46:06.232547941Z
1647877566.2251632,2022-03-21T15:46:06.237000514Z
1647877566.233757,2022-03-21T15:46:06.245058693Z
1647877566.2423127,2022-03-21T15:46:06.258398649Z
1647877566.2509146,2022-03-21T15:46:06.262665494Z
1647877566.2594907,2022-03-21T15:46:06.268946344Z
1647877566.2679808,2022-03-21T15:46:06.276953933Z
1647877566.2765691,2022-03-21T15:46:06.284712176Z
1647877566.2851229,2022-03-21T15:46:06.293052142Z
1647877566.2936652,2022-03-21T15:46:06.301353405Z
1647877566.302192,2022-03-21T15:46:06.30956673Z
1647877566.310761,2022-03-21T15:46:06.318210234Z
1647877566.3193262,2022-03-21T15:46:06.326834663Z
1647877566.3279037,2022-03-21T15:46:06.335705805Z
1647877566.336485,2022-03-21T15:46:06.34395539Z
1647877566.3450403,2022-03-21T15:46:06.352988718Z
1647877566.3536417,2022-03-21T15:46:06.367834303Z
1647877566.3621988,2022-03-21T15:46:06.372414612Z
1647877566.3707678,2022-03-21T15:46:06.379525303Z
1647877566.3793252,2022-03-21T15:46:06.387092112Z
1647877566.387912,2022-03-21T15:46:06.39884773Z
1647877566.396532,2022-03-21T15:46:06.405529845Z
1647877566.4051108,2022-03-21T15:46:06.413358352Z
1647877566.413672,2022-03-21T15:46:06.422924545Z
1647877566.422194,2022-03-21T15:46:06.431072946Z
1647877566.4307973,2022-03-21T15:46:06.439504029Z
1647877566.4393218,2022-03-21T15:46:06.448108322Z
1647877566.4479034,2022-03-21T15:46:06.456624416Z
1647877566.4564867,2022-03-21T15:46:06.46565634Z
1647877566.4650269,2022-03-21T15:46:06.476758507Z
1647877566.4736,2022-03-21T15:46:06.483094883Z
1647877566.4821134,2022-03-21T15:46:06.496196054Z
1647877566.490634,2022-03-21T15:46:06.507035504Z
1647877566.4992087,2022-03-21T15:46:06.514531825Z
1647877566.5077536,2022-03-21T15:46:06.520734972Z
1647877566.5162942,2022-03-21T15:46:06.525381267Z
1647877566.5248573,2022-03-21T15:46:06.533301847Z
1647877566.5334353,2022-03-21T15:46:06.543769682Z
1647877566.541995,2022-03-21T15:46:06.551525013Z
1647877566.5505347,2022-03-21T15:46:06.560574174Z
1647877566.559106,2022-03-21T15:46:06.569070831Z
1647877566.5676427,2022-03-21T15:46:06.577328214Z
1647877566.576201,2022-03-21T15:46:06.586429029Z
1647877566.584778,2022-03-21T15:46:06.59349661Z
1647877566.593376,2022-03-21T15:46:06.60193971Z
1647877566.6019573,2022-03-21T15:46:06.610111772Z
1647877566.6105368,2022-03-21T15:46:06.619489313Z
1647877566.6190858,2022-03-21T15:46:06.630403446Z
1647877566.6276255,2022-03-21T15:46:06.638165458Z
1647877566.6361704,2022-03-21T15:46:06.645067359Z
1647877566.644723,2022-03-21T15:46:06.653058913Z
1647877566.6532822,2022-03-21T15:46:06.662278318Z
1647877566.6618588,2022-03-21T15:46:06.670084325Z
1647877566.6704242,2022-03-21T15:46:06.679105782Z
1647877566.6790054,2022-03-21T15:46:06.688405816Z
1647877566.6875834,2022-03-21T15:46:06.697065448Z
1647877566.696118,2022-03-21T15:46:06.706831901Z
1647877566.7046394,2022-03-21T15:46:06.715663309Z
1647877566.713175,2022-03-21T15:46:06.728589146Z
1647877566.721737,2022-03-21T15:46:06.739385497Z
1647877566.7302935,2022-03-21T15:46:06.745573243Z
1647877566.7388763,2022-03-21T15:46:06.765142998Z
1647877566.747443,2022-03-21T15:46:06.796754049Z
1647877566.764594,2022-03-21T15:46:06.798651152Z
1647877566.756035,2022-03-21T15:46:06.800581469Z
1647877566.7731478,2022-03-21T15:46:06.810047362Z
1647877566.7817328,2022-03-21T15:46:06.817380705Z
1647877566.7902894,2022-03-21T15:46:06.819854691Z
1647877566.7988737,2022-03-21T15:46:06.825211025Z
1647877566.8073947,2022-03-21T15:46:06.830971709Z
1647877566.815985,2022-03-21T15:46:06.832270891Z
1647877566.8245285,2022-03-21T15:46:06.83883397Z
1647877566.833123,2022-03-21T15:46:06.843137021Z
1647877566.8417122,2022-03-21T15:46:06.850075767Z
1647877566.8502338,2022-03-21T15:46:06.857428222Z
1647877566.8588097,2022-03-21T15:46:06.866071868Z
1647877566.8673627,2022-03-21T15:46:06.874929822Z
1647877566.875949,2022-03-21T15:46:06.883248898Z
1647877566.88453,2022-03-21T15:46:06.896819435Z
1647877566.893068,2022-03-21T15:46:06.903939281Z
1647877566.9016478,2022-03-21T15:46:06.910561198Z
1647877566.9101999,2022-03-21T15:46:06.91984169Z
1647877566.9187746,2022-03-21T15:46:06.928484828Z
1647877566.9273372,2022-03-21T15:46:06.936552922Z
1647877566.9359353,2022-03-21T15:46:06.94549267Z
1647877566.9445202,2022-03-21T15:46:06.953654015Z
1647877566.9531105,2022-03-21T15:46:06.962492545Z
1647877566.9616709,2022-03-21T15:46:06.97289316Z
1647877566.9702344,2022-03-21T15:46:06.980366638Z
1647877566.9788141,2022-03-21T15:46:06.989796376Z
1647877566.987354,2022-03-21T15:46:06.99678982Z
1647877566.9959543,2022-03-21T15:46:07.016091124Z
1647877567.00455,2022-03-21T15:46:07.021543245Z
1647877567.013133,2022-03-21T15:46:07.027970676Z
1647877567.0217183,2022-03-21T15:46:07.033592701Z
1647877567.0302627,2022-03-21T15:46:07.04040404Z
1647877567.0388415,2022-03-21T15:46:07.047539389Z
1647877567.0473971,2022-03-21T15:46:07.057182778Z
1647877567.0559747,2022-03-21T15:46:07.067088431Z
1647877567.064513,2022-03-21T15:46:07.07618931Z
1647877567.0730727,2022-03-21T15:46:07.082431489Z
1647877567.0816557,2022-03-21T15:46:07.090121085Z
1647877567.090191,2022-03-21T15:46:07.098423114Z
1647877567.0988197,2022-03-21T15:46:07.107617168Z
1647877567.1073494,2022-03-21T15:46:07.116790164Z
1647877567.1158986,2022-03-21T15:46:07.124723001Z
1647877567.1244526,2022-03-21T15:46:07.13278483Z
1647877567.1329985,2022-03-21T15:46:07.141334588Z
1647877567.1415966,2022-03-21T15:46:07.150337956Z
1647877567.1501594,2022-03-21T15:46:07.160647034Z
1647877567.158736,2022-03-21T15:46:07.16824344Z
1647877567.1672935,2022-03-21T15:46:07.177987728Z
1647877567.1758778,2022-03-21T15:46:07.207263423Z
1647877567.1844234,2022-03-21T15:46:07.210576962Z
1647877567.1929867,2022-03-21T15:46:07.21371428Z
1647877567.2015638,2022-03-21T15:46:07.219438527Z
1647877567.2101016,2022-03-21T15:46:07.225532972Z
1647877567.2187283,2022-03-21T15:46:07.230797611Z
1647877567.2272754,2022-03-21T15:46:07.236829981Z
1647877567.2358327,2022-03-21T15:46:07.245727215Z
1647877567.2444124,2022-03-21T15:46:07.254134955Z
1647877567.2529907,2022-03-21T15:46:07.263935425Z
1647877567.2615821,2022-03-21T15:46:07.271343823Z
1647877567.2701259,2022-03-21T15:46:07.281411507Z
1647877567.278706,2022-03-21T15:46:07.289950119Z
1647877567.2872622,2022-03-21T15:46:07.298016663Z
1647877567.2958417,2022-03-21T15:46:07.306291656Z
1647877567.3043582,2022-03-21T15:46:07.313109349Z
1647877567.3129764,2022-03-21T15:46:07.323981049Z
1647877567.3215694,2022-03-21T15:46:07.331916554Z
1647877567.3301365,2022-03-21T15:46:07.339342523Z
1647877567.3386579,2022-03-21T15:46:07.348307951Z
1647877567.3471992,2022-03-21T15:46:07.355889124Z
1647877567.355756,2022-03-21T15:46:07.36438583Z
1647877567.364308,2022-03-21T15:46:07.372786547Z
1647877567.372856,2022-03-21T15:46:07.382049944Z
1647877567.3814266,2022-03-21T15:46:07.390845024Z
1647877567.3900518,2022-03-21T15:46:07.398501578Z
1647877567.3985274,2022-03-21T15:46:07.406756382Z
1647877567.407072,2022-03-21T15:46:07.415495894Z
1647877567.4156353,2022-03-21T15:46:07.424111008Z
1647877567.424196,2022-03-21T15:46:07.433399093Z
1647877567.432783,2022-03-21T15:46:07.441248118Z
1647877567.4413645,2022-03-21T15:46:07.449511752Z
1647877567.4500177,2022-03-21T15:46:07.458205169Z
1647877567.458575,2022-03-21T15:46:07.46694224Z
1647877567.467144,2022-03-21T15:46:07.478660247Z
1647877567.4756718,2022-03-21T15:46:07.484896123Z
1647877567.484228,2022-03-21T15:46:07.494324641Z
1647877567.4928074,2022-03-21T15:46:07.506274558Z
1647877567.501383,2022-03-21T15:46:07.511980793Z
1647877567.510009,2022-03-21T15:46:07.518666037Z
1647877567.518567,2022-03-21T15:46:07.527164774Z
1647877567.5271254,2022-03-21T15:46:07.535595785Z
1647877567.5356474,2022-03-21T15:46:07.543769687Z
1647877567.5442126,2022-03-21T15:46:07.552423972Z
1647877567.5527585,2022-03-21T15:46:07.562374584Z
1647877567.5613506,2022-03-21T15:46:07.574140732Z
1647877567.56991,2022-03-21T15:46:07.57889998Z
1647877567.5784383,2022-03-21T15:46:07.58836907Z
1647877567.5869884,2022-03-21T15:46:07.595869085Z
1647877567.5955286,2022-03-21T15:46:07.604060185Z
1647877567.6040912,2022-03-21T15:46:07.611503041Z
1647877567.612648,2022-03-21T15:46:07.623873561Z
1647877567.62121,2022-03-21T15:46:07.637440053Z
1647877567.629809,2022-03-21T15:46:07.644665198Z
1647877567.638368,2022-03-21T15:46:07.648146739Z
1647877567.646908,2022-03-21T15:46:07.658163272Z
1647877567.655491,2022-03-21T15:46:07.664318529Z
1647877567.6640522,2022-03-21T15:46:07.674885941Z
1647877567.6725938,2022-03-21T15:46:07.681621029Z
1647877567.681156,2022-03-21T15:46:07.689933856Z
1647877567.6897557,2022-03-21T15:46:07.697129138Z
1647877567.6982818,2022-03-21T15:46:07.705828851Z
1647877567.7068477,2022-03-21T15:46:07.71600713Z
1647877567.715409,2022-03-21T15:46:07.72531638Z
1647877567.7239993,2022-03-21T15:46:07.733351749Z
1647877567.7325613,2022-03-21T15:46:07.740898102Z
1647877567.7411315,2022-03-21T15:46:07.749940705Z
1647877567.7497094,2022-03-21T15:46:07.761171408Z
1647877567.7582645,2022-03-21T15:46:07.767430076Z
1647877567.7668483,2022-03-21T15:46:07.775227Z
1647877567.7754097,2022-03-21T15:46:07.782989213Z
1647877567.7839925,2022-03-21T15:46:07.792701964Z
1647877567.7925675,2022-03-21T15:46:07.800811589Z
1647877567.801129,2022-03-21T15:46:07.808491159Z
1647877567.8097174,2022-03-21T15:46:07.817872574Z
1647877567.8182802,2022-03-21T15:46:07.825947366Z
1647877567.8268213,2022-03-21T15:46:07.834447533Z
1647877567.8353746,2022-03-21T15:46:07.843194961Z
1647877567.8439484,2022-03-21T15:46:07.855935222Z
1647877567.8525107,2022-03-21T15:46:07.881265783Z
1647877567.8610554,2022-03-21T15:46:07.888165709Z
1647877567.8696527,2022-03-21T15:46:07.891239871Z
1647877567.8782077,2022-03-21T15:46:07.897483793Z
1647877567.8867836,2022-03-21T15:46:07.901483804Z
1647877567.8953385,2022-03-21T15:46:07.908976087Z
1647877567.9039054,2022-03-21T15:46:07.916490396Z
1647877567.912492,2022-03-21T15:46:07.925949641Z
1647877567.9210627,2022-03-21T15:46:07.934008716Z
1647877567.9296293,2022-03-21T15:46:07.949180123Z
1647877567.9381704,2022-03-21T15:46:07.962210264Z
1647877567.946756,2022-03-21T15:46:07.997759986Z
1647877567.9553149,2022-03-21T15:46:07.998868634Z
1647877567.9638937,2022-03-21T15:46:08.013148445Z
1647877567.9810271,2022-03-21T15:46:08.024030815Z
1647877567.972447,2022-03-21T15:46:08.025300287Z
1647877567.989624,2022-03-21T15:46:08.044093641Z
1647877567.998177,2022-03-21T15:46:08.052606958Z
1647877568.0067582,2022-03-21T15:46:08.058624455Z
1647877568.0153048,2022-03-21T15:46:08.074209235Z
1647877568.0238698,2022-03-21T15:46:08.076104822Z
1647877568.0410085,2022-03-21T15:46:08.082843564Z
1647877568.0324266,2022-03-21T15:46:08.084652238Z
1647877568.0496113,2022-03-21T15:46:08.09231213Z
1647877568.058166,2022-03-21T15:46:08.094689926Z
1647877568.0667498,2022-03-21T15:46:08.107314116Z
1647877568.0753043,2022-03-21T15:46:08.114423853Z
1647877568.083881,2022-03-21T15:46:08.121939528Z
1647877568.092414,2022-03-21T15:46:08.126939282Z
1647877568.100972,2022-03-21T15:46:08.129496086Z
1647877568.1095462,2022-03-21T15:46:08.138087414Z
1647877568.1181638,2022-03-21T15:46:08.141078746Z
1647877568.1267462,2022-03-21T15:46:08.144908729Z
1647877568.1352978,2022-03-21T15:46:08.150358584Z
1647877568.1438792,2022-03-21T15:46:08.155070682Z
1647877568.152424,2022-03-21T15:46:08.161510464Z
1647877568.1609848,2022-03-21T15:46:08.169147315Z
1647877568.1695979,2022-03-21T15:46:08.177717006Z
1647877568.1781623,2022-03-21T15:46:08.186565683Z
1647877568.1867478,2022-03-21T15:46:08.194118263Z
1647877568.1952744,2022-03-21T15:46:08.202879266Z
1647877568.2038202,2022-03-21T15:46:08.211435654Z
1647877568.2123494,2022-03-21T15:46:08.219707567Z
1647877568.2208955,2022-03-21T15:46:08.228386419Z
1647877568.2295017,2022-03-21T15:46:08.237160436Z
1647877568.238027,2022-03-21T15:46:08.246550555Z
1647877568.246554,2022-03-21T15:46:08.254255747Z
1647877568.2551074,2022-03-21T15:46:08.262789197Z
1647877568.2636657,2022-03-21T15:46:08.271167284Z
1647877568.272224,2022-03-21T15:46:08.281807658Z
1647877568.2808087,2022-03-21T15:46:08.290501937Z
1647877568.289402,2022-03-21T15:46:08.298057668Z
1647877568.2979488,2022-03-21T15:46:08.306723208Z
1647877568.3065283,2022-03-21T15:46:08.317353894Z
1647877568.315086,2022-03-21T15:46:08.324780553Z
1647877568.3236065,2022-03-21T15:46:08.33386461Z
1647877568.3321621,2022-03-21T15:46:08.34101774Z
1647877568.3407285,2022-03-21T15:46:08.348658206Z
1647877568.349265,2022-03-21T15:46:08.362655982Z
1647877568.3578355,2022-03-21T15:46:08.372485853Z
1647877568.3663898,2022-03-21T15:46:08.375991766Z
1647877568.374978,2022-03-21T15:46:08.405921126Z
1647877568.3835566,2022-03-21T15:46:08.407754577Z
1647877568.392122,2022-03-21T15:46:08.410151042Z
1647877568.4006186,2022-03-21T15:46:08.429487557Z
1647877568.4091723,2022-03-21T15:46:08.436488715Z
1647877568.4177873,2022-03-21T15:46:08.446411565Z
1647877568.4262738,2022-03-21T15:46:08.448289832Z
1647877568.4348235,2022-03-21T15:46:08.454142529Z
1647877568.4433517,2022-03-21T15:46:08.462055387Z
1647877568.4519298,2022-03-21T15:46:08.467247413Z
1647877568.4605122,2022-03-21T15:46:08.474440395Z
1647877568.4690673,2022-03-21T15:46:08.478707578Z
1647877568.477675,2022-03-21T15:46:08.488315621Z
1647877568.4861944,2022-03-21T15:46:08.497691291Z
1647877568.4947655,2022-03-21T15:46:08.506066459Z
1647877568.5033307,2022-03-21T15:46:08.51410789Z
